########################## FF Fitting Summary ###########################
--------------------------------------------
Program Version: 1.1.0
Short-range Functional Form: born-mayer
Combination Rules: aij = geometric
                   bij = geometric_mean
Electrostatic Damping Type: None
Thole Param: 0.39
Fitting weight: eff_mu = 0.0 Ha
                eff_kt = 0.0025 Ha
Weighted RMSE cutoff: 0.0 Ha
Anisotropic Atomtypes: None
All parameters have been radially corrected to account for Slater overlap
This radial correction is approximate, and is only rigorous for the case where bi = bj.
------------
Exponents (Optimized):
Ar(0)      2.220941
------------
Monomer 1 Multipole File:
ar_ISA-GRID_L0.mom
Monomer 2 Multipole File:
ar_ISA-GRID_L0.mom
--------------------------------------------
Exchange Parameters:
    Functional Form = 
	E(exch)_ij = A*K2(rij)*(1 + a_yml*Y_ml)*exp(-bij*rij)
    where the a coefficient for each spherical harmonic term Y_ml
    is listed in the parameters below and 
	K2(rij) = 1/3*(bij*rij)**2 + bij*rij + 1 
Fitted Atomtypes 
               A        
Ar(0)        6.842610
Constrained Atomtypes 
  None
------------
Exchange RMS Error: 1.59637e-05
Exchange Weighted RMS Error: 1.59637e-05
Exchange Weighted Absolute Error: -1.10532e-06
Exchange Weighted Least-Squares Error: 1.58366e-08
--------------------------------------------
Electrostatic Parameters:
    Functional Form = 
	E(elst)_ij = f_damp*qi*qj/rij - A*K2(rij)*(1 + a_yml*Y_ml)*exp(-bij*rij)
Fitted Atomtypes 
               A        
Ar(0)        3.951206
Constrained Atomtypes 
  None
------------
Electrostatics RMS Error: 3.22949e-05
Electrostatics Weighted RMS Error: 3.22949e-05
Electrostatics Weighted Absolute Error: 1.00661e-05
Electrostatics Weighted Least-Squares Error: 7.20956e-07
--------------------------------------------
Drude oscillator energy has been calculated using the following method: multipole-gradient
Induction Parameters:
    Functional Form = 
	E(ind)_ij = shell_charge - A*K2(rij)*(1 + a_yml*Y_ml)*exp(-bij*rij)
Fitted Atomtypes 
               A        
Ar(0)        0.890557
Constrained Atomtypes 
  None
------------
Induction RMS Error: 1.81778e-05
Induction Weighted RMS Error: 1.81778e-05
Induction Weighted Absolute Error: 3.98156e-06
Induction Weighted Least-Squares Error: 1.71553e-07
--------------------------------------------
DHF Parameters:
    Functional Form = 
	E(dhf)_ij = - A*K2(rij)*(1 + a_yml*Y_ml)*exp(-bij*rij)
Fitted Atomtypes 
               A        
Ar(0)        1.374643
Constrained Atomtypes 
  None
------------
Dhf RMS Error: 7.21199e-06
Dhf Weighted RMS Error: 7.21199e-06
Dhf Weighted Absolute Error: 8.01546e-07
Dhf Weighted Least-Squares Error: 2.86782e-08
--------------------------------------------
Dispersion Parameters:
    Functional Form = 
	E(disp)_ij = sum_(n=6,8,10,12){A*fdamp_n*(Cij_n/r_ij^n)}
               C6              C8             C10             C12       
Ar           8.426582       39.451011      194.132705      842.434187
Fitted Atomtypes 
               A        
Ar(0)        1.007688
Constrained Atomtypes 
  None
------------
Dispersion RMS Error: 1.88375e-05
Dispersion Weighted RMS Error: 1.88375e-05
Dispersion Weighted Absolute Error: -6.86311e-06
Dispersion Weighted Least-Squares Error: 2.57881e-07
--------------------------------------------
Total Energy:
------------
Total Energy RMS Error: 3.02361e-05
Total Energy Weighted RMS Error: 3.02361e-05
Total Energy Weighted Absolute Error: 6.88076e-06
Total Energy Weighted Least-Squares Error: 3.46269e-07
--------------------------------------------
#########################################################################


