########################## FF Fitting Summary ###########################
--------------------------------------------
Program Version: 1.1.0
Short-range Functional Form: born-mayer
Combination Rules: aij = geometric
                   bij = geometric_mean
Electrostatic Damping Type: None
Thole Param: 0.39
Fitting weight: eff_mu = 0.0 Ha
                eff_kt = 0.001 Ha
Weighted RMSE cutoff: 0.0 Ha
Anisotropic Atomtypes: None
All parameters have been radially corrected to account for Slater overlap
This radial correction is approximate, and is only rigorous for the case where bi = bj.
------------
Exponents:
Ar(0)      2.220941
------------
Monomer 1 Multipole File:
ar_ISA-GRID_L0.mom
Monomer 2 Multipole File:
ar_ISA-GRID_L0.mom
--------------------------------------------
Exchange Parameters:
    Functional Form = 
	E(exch)_ij = A*K2(rij)*(1 + a_yml*Y_ml)*exp(-bij*rij)
    where the a coefficient for each spherical harmonic term Y_ml
    is listed in the parameters below and 
	K2(rij) = 1/3*(bij*rij)**2 + bij*rij + 1 
Fitted Atomtypes 
  None
Constrained Atomtypes 
               A        
Ar(0)        6.842610
------------
Exchange RMS Error: 1.59733e-05
Exchange Weighted RMS Error: 1.59733e-05
Exchange Weighted Absolute Error: -1.10397e-06
Exchange Weighted Least-Squares Error: 5.50651e-10
--------------------------------------------
Electrostatic Parameters:
    Functional Form = 
	E(elst)_ij = f_damp*qi*qj/rij - A*K2(rij)*(1 + a_yml*Y_ml)*exp(-bij*rij)
Fitted Atomtypes 
  None
Constrained Atomtypes 
               A        
Ar(0)        3.951206
------------
Electrostatics RMS Error: 3.22943e-05
Electrostatics Weighted RMS Error: 3.22943e-05
Electrostatics Weighted Absolute Error: 1.00657e-05
Electrostatics Weighted Least-Squares Error: 8.48985e-07
--------------------------------------------
Drude oscillator energy has been calculated using the following method: multipole-gradient
Induction Parameters:
    Functional Form = 
	E(ind)_ij = shell_charge - A*K2(rij)*(1 + a_yml*Y_ml)*exp(-bij*rij)
Fitted Atomtypes 
  None
Constrained Atomtypes 
               A        
Ar(0)        0.890557
------------
Induction RMS Error: 1.81778e-05
Induction Weighted RMS Error: 1.81778e-05
Induction Weighted Absolute Error: 3.98153e-06
Induction Weighted Least-Squares Error: 1.80916e-07
--------------------------------------------
DHF Parameters:
    Functional Form = 
	E(dhf)_ij = - A*K2(rij)*(1 + a_yml*Y_ml)*exp(-bij*rij)
Fitted Atomtypes 
  None
Constrained Atomtypes 
               A        
Ar(0)        1.374643
------------
Dhf RMS Error: 7.21202e-06
Dhf Weighted RMS Error: 7.21202e-06
Dhf Weighted Absolute Error: 8.01495e-07
Dhf Weighted Least-Squares Error: 3.25098e-08
--------------------------------------------
Dispersion Parameters:
    Functional Form = 
	E(disp)_ij = sum_(n=6,8,10,12){A*fdamp_n*(Cij_n/r_ij^n)}
               C6              C8             C10             C12       
Ar           8.426582       39.451011      194.132705      842.434187
Fitted Atomtypes 
  None
Constrained Atomtypes 
               A        
Ar(0)        1.007688
------------
Dispersion RMS Error: 1.88377e-05
Dispersion Weighted RMS Error: 1.88377e-05
Dispersion Weighted Absolute Error: -6.86337e-06
Dispersion Weighted Least-Squares Error: 3.10847e-07
--------------------------------------------
Total Energy:
------------
Total Energy RMS Error: 3.02410e-05
Total Energy Weighted RMS Error: 3.02410e-05
Total Energy Weighted Absolute Error: 6.88135e-06
Total Energy Weighted Least-Squares Error: 2.52249e-07
--------------------------------------------
#########################################################################


