########################## FF Fitting Summary ###########################
--------------------------------------------
Program Version: 1.1.0
Short-range Functional Form: born-mayer
Combination Rules: aij = geometric
                   bij = geometric_mean
Electrostatic Damping Type: None
Thole Param: 0.39
Fitting weight: eff_mu = 0.0 Ha
                eff_kt = 0.0018 Ha
Weighted RMSE cutoff: 0.0 Ha
Anisotropic Atomtypes: None
All parameters have been radially corrected to account for Slater overlap
This radial correction is approximate, and is only rigorous for the case where bi = bj.
------------
Exponents:
Ar(0)      2.220941
CCO2(0)    2.033668
OCO(0)     2.440921
------------
Monomer 1 Multipole File:
ar_ISA-GRID_L2.mom
Monomer 2 Multipole File:
co2_ISA-GRID_L2.mom
--------------------------------------------
Exchange Parameters:
    Functional Form = 
	E(exch)_ij = A*K2(rij)*(1 + a_yml*Y_ml)*exp(-bij*rij)
    where the a coefficient for each spherical harmonic term Y_ml
    is listed in the parameters below and 
	K2(rij) = 1/3*(bij*rij)**2 + bij*rij + 1 
Fitted Atomtypes 
  None
Constrained Atomtypes 
               A        
Ar(0)        6.842610
               A        
CCO2(0)        1.413701
               A        
OCO(0)        4.285230
------------
Exchange RMS Error: 2.18378e-04
Exchange Weighted RMS Error: 6.26116e-05
Exchange Weighted Absolute Error: 4.05084e-06
Exchange Weighted Least-Squares Error: 1.07664e-06
--------------------------------------------
Electrostatic Parameters:
    Functional Form = 
	E(elst)_ij = f_damp*qi*qj/rij - A*K2(rij)*(1 + a_yml*Y_ml)*exp(-bij*rij)
Fitted Atomtypes 
  None
Constrained Atomtypes 
               A        
Ar(0)        3.951206
               A        
CCO2(0)        0.772448
               A        
OCO(0)        2.434611
------------
Electrostatics RMS Error: 1.27604e-04
Electrostatics Weighted RMS Error: 4.34782e-05
Electrostatics Weighted Absolute Error: 1.77509e-05
Electrostatics Weighted Least-Squares Error: 1.44050e-05
--------------------------------------------
Drude oscillator energy has been calculated using the following method: multipole-gradient
Induction Parameters:
    Functional Form = 
	E(ind)_ij = shell_charge - A*K2(rij)*(1 + a_yml*Y_ml)*exp(-bij*rij)
Fitted Atomtypes 
  None
Constrained Atomtypes 
               A        
Ar(0)        0.890557
               A        
CCO2(0)        0.558185
               A        
OCO(0)        0.328410
------------
Induction RMS Error: 3.13003e-05
Induction Weighted RMS Error: 4.82645e-06
Induction Weighted Absolute Error: 8.31547e-07
Induction Weighted Least-Squares Error: 5.81534e-07
--------------------------------------------
DHF Parameters:
    Functional Form = 
	E(dhf)_ij = - A*K2(rij)*(1 + a_yml*Y_ml)*exp(-bij*rij)
Fitted Atomtypes 
  None
Constrained Atomtypes 
               A        
Ar(0)        1.374643
               A        
CCO2(0)        0.086491
               A        
OCO(0)        1.010707
------------
Dhf RMS Error: 2.52949e-05
Dhf Weighted RMS Error: 3.43285e-06
Dhf Weighted Absolute Error: 1.10457e-06
Dhf Weighted Least-Squares Error: 3.82708e-07
--------------------------------------------
Dispersion Parameters:
    Functional Form = 
	E(disp)_ij = sum_(n=6,8,10,12){A*fdamp_n*(Cij_n/r_ij^n)}
               C6              C8             C10             C12       
Ar           8.426582       39.451011      194.132705      842.434187
CCO2         4.678946       20.766690       84.950595      399.352721
OCO          4.067865       17.049989       83.654105      339.409882
Fitted Atomtypes 
  None
Constrained Atomtypes 
               A        
Ar(0)        1.000000
               A        
CCO2(0)        1.000000
               A        
OCO(0)        1.000000
------------
Dispersion RMS Error: 2.16820e-04
Dispersion Weighted RMS Error: 7.85981e-05
Dispersion Weighted Absolute Error: 3.35422e-05
Dispersion Weighted Least-Squares Error: 4.34851e-05
--------------------------------------------
Total Energy:
------------
Total Energy RMS Error: 2.94028e-04
Total Energy Weighted RMS Error: 1.02739e-04
Total Energy Weighted Absolute Error: 5.72800e-05
Total Energy Weighted Least-Squares Error: 1.75467e-05
--------------------------------------------
#########################################################################


