########################## FF Fitting Summary ###########################
--------------------------------------------
Program Version: 1.1.0
Short-range Functional Form: born-mayer
Combination Rules: aij = geometric
                   bij = geometric_mean
Electrostatic Damping Type: None
Thole Param: 0.39
Fitting weight: eff_mu = 0.0 Ha
                eff_kt = 0.0045 Ha
Weighted RMSE cutoff: 0.0 Ha
Anisotropic Atomtypes: None
All parameters have been radially corrected to account for Slater overlap
This radial correction is approximate, and is only rigorous for the case where bi = bj.
------------
Exponents (Optimized):
Ar(0)      2.125552
CCO2(0)    2.284836
OCO(0)     2.482054
------------
Monomer 1 Multipole File:
ar_ISA-GRID_L2.mom
Monomer 2 Multipole File:
co2_ISA-GRID_L2.mom
--------------------------------------------
Exchange Parameters:
    Functional Form = 
	E(exch)_ij = A*K2(rij)*(1 + a_yml*Y_ml)*exp(-bij*rij)
    where the a coefficient for each spherical harmonic term Y_ml
    is listed in the parameters below and 
	K2(rij) = 1/3*(bij*rij)**2 + bij*rij + 1 
Fitted Atomtypes 
               A        
Ar(0)        5.411287
               A        
CCO2(0)        2.342919
               A        
OCO(0)        4.890737
Constrained Atomtypes 
  None
------------
Exchange RMS Error: 2.00265e-04
Exchange Weighted RMS Error: 4.30211e-05
Exchange Weighted Absolute Error: -1.25556e-06
Exchange Weighted Least-Squares Error: 2.84051e-06
--------------------------------------------
Electrostatic Parameters:
    Functional Form = 
	E(elst)_ij = f_damp*qi*qj/rij - A*K2(rij)*(1 + a_yml*Y_ml)*exp(-bij*rij)
Fitted Atomtypes 
               A        
Ar(0)        3.078010
               A        
CCO2(0)        1.253467
               A        
OCO(0)        2.839991
Constrained Atomtypes 
  None
------------
Electrostatics RMS Error: 1.24177e-04
Electrostatics Weighted RMS Error: 3.87349e-05
Electrostatics Weighted Absolute Error: 1.93167e-05
Electrostatics Weighted Least-Squares Error: 1.12141e-05
--------------------------------------------
Drude oscillator energy has been calculated using the following method: multipole-gradient
Induction Parameters:
    Functional Form = 
	E(ind)_ij = shell_charge - A*K2(rij)*(1 + a_yml*Y_ml)*exp(-bij*rij)
Fitted Atomtypes 
               A        
Ar(0)        0.649453
               A        
CCO2(0)        1.423544
               A        
OCO(0)        0.290844
Constrained Atomtypes 
  None
------------
Induction RMS Error: 1.99013e-05
Induction Weighted RMS Error: 4.76855e-06
Induction Weighted Absolute Error: 1.42963e-06
Induction Weighted Least-Squares Error: 2.07782e-07
--------------------------------------------
DHF Parameters:
    Functional Form = 
	E(dhf)_ij = - A*K2(rij)*(1 + a_yml*Y_ml)*exp(-bij*rij)
Fitted Atomtypes 
               A        
Ar(0)        0.858162
               A        
CCO2(0)        0.073256
               A        
OCO(0)        1.508630
Constrained Atomtypes 
  None
Warning! Optimizer did not terminate successfully, but rather quit with the following error message:
ABNORMAL_TERMINATION_IN_LNSRCH
------------
Dhf RMS Error: 2.13151e-05
Dhf Weighted RMS Error: 3.57435e-06
Dhf Weighted Absolute Error: 1.99003e-06
Dhf Weighted Least-Squares Error: 2.44700e-07
--------------------------------------------
Dispersion Parameters:
    Functional Form = 
	E(disp)_ij = sum_(n=6,8,10,12){A*fdamp_n*(Cij_n/r_ij^n)}
               C6              C8             C10             C12       
Ar           8.426582       39.451011      194.132705      842.434187
CCO2         4.678946       20.766690       84.950595      399.352721
OCO          4.067865       17.049989       83.654105      339.409882
Fitted Atomtypes 
               A        
Ar(0)        1.000000
               A        
CCO2(0)        1.000000
               A        
OCO(0)        1.000000
Constrained Atomtypes 
  None
------------
Dispersion RMS Error: 2.42439e-04
Dispersion Weighted RMS Error: 8.61755e-05
Dispersion Weighted Absolute Error: 3.49908e-05
Dispersion Weighted Least-Squares Error: 4.45188e-05
--------------------------------------------
Total Energy:
------------
Total Energy RMS Error: 3.21691e-04
Total Energy Weighted RMS Error: 1.15159e-04
Total Energy Weighted Absolute Error: 5.64716e-05
Total Energy Weighted Least-Squares Error: 3.39106e-05
--------------------------------------------
#########################################################################


