########################## FF Fitting Summary ###########################
--------------------------------------------
Program Version: 1.1.0
Short-range Functional Form: born-mayer
Combination Rules: aij = geometric
                   bij = geometric_mean
Electrostatic Damping Type: None
Thole Param: 0.39
Fitting weight: eff_mu = 0.0 Ha
                eff_kt = 0.0045 Ha
Weighted RMSE cutoff: 0.0 Ha
Anisotropic Atomtypes: None
All parameters have been radially corrected to account for Slater overlap
This radial correction is approximate, and is only rigorous for the case where bi = bj.
------------
Exponents (Optimized):
Ar(0)      2.125552
CCO2(0)    2.284836
OCO(0)     2.482054
------------
Monomer 1 Multipole File:
ar_ISA-GRID_L0.mom
Monomer 2 Multipole File:
co2_ISA-GRID_L0.mom
--------------------------------------------
Exchange Parameters:
    Functional Form = 
	E(exch)_ij = A*K2(rij)*(1 + a_yml*Y_ml)*exp(-bij*rij)
    where the a coefficient for each spherical harmonic term Y_ml
    is listed in the parameters below and 
	K2(rij) = 1/3*(bij*rij)**2 + bij*rij + 1 
Fitted Atomtypes 
               A        
Ar(0)        5.411287
               A        
CCO2(0)        2.342919
               A        
OCO(0)        4.890737
Constrained Atomtypes 
  None
------------
Exchange RMS Error: 2.00265e-04
Exchange Weighted RMS Error: 2.00265e-04
Exchange Weighted Absolute Error: -1.25556e-06
Exchange Weighted Least-Squares Error: 2.84051e-06
--------------------------------------------
Electrostatic Parameters:
    Functional Form = 
	E(elst)_ij = f_damp*qi*qj/rij - A*K2(rij)*(1 + a_yml*Y_ml)*exp(-bij*rij)
Fitted Atomtypes 
               A        
Ar(0)        3.075352
               A        
CCO2(0)        1.243870
               A        
OCO(0)        2.845875
Constrained Atomtypes 
  None
------------
Electrostatics RMS Error: 1.23304e-04
Electrostatics Weighted RMS Error: 1.23304e-04
Electrostatics Weighted Absolute Error: 1.99880e-05
Electrostatics Weighted Least-Squares Error: 1.10420e-05
--------------------------------------------
Drude oscillator energy has been calculated using the following method: multipole-gradient
Induction Parameters:
    Functional Form = 
	E(ind)_ij = shell_charge - A*K2(rij)*(1 + a_yml*Y_ml)*exp(-bij*rij)
Fitted Atomtypes 
               A        
Ar(0)        0.577992
               A        
CCO2(0)        1.419230
               A        
OCO(0)        0.191187
Constrained Atomtypes 
  None
------------
Induction RMS Error: 2.55745e-05
Induction Weighted RMS Error: 2.55745e-05
Induction Weighted Absolute Error: 5.55445e-06
Induction Weighted Least-Squares Error: 3.41815e-07
--------------------------------------------
DHF Parameters:
    Functional Form = 
	E(dhf)_ij = - A*K2(rij)*(1 + a_yml*Y_ml)*exp(-bij*rij)
Fitted Atomtypes 
               A        
Ar(0)        0.857586
               A        
CCO2(0)        0.068958
               A        
OCO(0)        1.509289
Constrained Atomtypes 
  None
------------
Dhf RMS Error: 2.12651e-05
Dhf Weighted RMS Error: 2.12651e-05
Dhf Weighted Absolute Error: 1.98273e-06
Dhf Weighted Least-Squares Error: 2.43552e-07
--------------------------------------------
Dispersion Parameters:
    Functional Form = 
	E(disp)_ij = sum_(n=6,8,10,12){A*fdamp_n*(Cij_n/r_ij^n)}
               C6              C8             C10             C12       
Ar           8.426582       39.451011      194.132705      842.434187
CCO2         4.678946       20.766690       84.950595      399.352721
OCO          4.067865       17.049989       83.654105      339.409882
Fitted Atomtypes 
               A        
Ar(0)        0.912113
               A        
CCO2(0)        0.712170
               A        
OCO(0)        1.170858
Constrained Atomtypes 
  None
------------
Dispersion RMS Error: 3.47385e-05
Dispersion Weighted RMS Error: 3.47385e-05
Dispersion Weighted Absolute Error: -1.80787e-05
Dispersion Weighted Least-Squares Error: 7.70623e-07
--------------------------------------------
Total Energy:
------------
Total Energy RMS Error: 1.11120e-04
Total Energy Weighted RMS Error: 1.11120e-04
Total Energy Weighted Absolute Error: 8.19093e-06
Total Energy Weighted Least-Squares Error: 3.87568e-06
--------------------------------------------
#########################################################################


