########################## FF Fitting Summary ###########################
--------------------------------------------
Program Version: 1.1.0
Short-range Functional Form: born-mayer
Combination Rules: aij = geometric
                   bij = geometric_mean
Electrostatic Damping Type: None
Thole Param: 0.39
Fitting weight: eff_mu = 0.0 Ha
                eff_kt = 0.0044 Ha
Weighted RMSE cutoff: 0.0 Ha
Anisotropic Atomtypes: N    HN   CM   HM   
All parameters have been radially corrected to account for Slater overlap
This radial correction is approximate, and is only rigorous for the case where bi = bj.
------------
Exponents:
N(0)       1.935779
HN(0)      2.492792
CM(0)      1.817015
HM(0)      2.464510
------------
Monomer 1 Multipole File:
ethene_ISA-GRID_L2.mom
Monomer 2 Multipole File:
nh3_ISA-GRID_L2.mom
--------------------------------------------
Exchange Parameters:
    Functional Form = 
	E(exch)_ij = A*K2(rij)*(1 + a_yml*Y_ml)*exp(-bij*rij)
    where the a coefficient for each spherical harmonic term Y_ml
    is listed in the parameters below and 
	K2(rij) = 1/3*(bij*rij)**2 + bij*rij + 1 
Fitted Atomtypes 
  None
Constrained Atomtypes 
               A             a_y10           a_y20      
N(0)         2.373201       -0.005339        0.434163
               A             a_y10           a_y20      
HN(0)        0.608786        0.038133       -0.050896
               A             a_y22c     
CM(0)        1.904279       -0.256017
               A             a_y10           a_y20      
HM(0)        0.476418       -1.000000       -0.417119
------------
Exchange RMS Error: 4.62807e-04
Exchange Weighted RMS Error: 1.63964e-04
Exchange Weighted Absolute Error: 1.82044e-05
Exchange Weighted Least-Squares Error: 1.16344e-05
--------------------------------------------
Electrostatic Parameters:
    Functional Form = 
	E(elst)_ij = f_damp*qi*qj/rij - A*K2(rij)*(1 + a_yml*Y_ml)*exp(-bij*rij)
Fitted Atomtypes 
  None
Constrained Atomtypes 
               A             a_y10           a_y20      
N(0)         1.844774        0.120323        0.399345
               A             a_y10           a_y20      
HN(0)        0.185500        0.624195        0.448310
               A             a_y22c     
CM(0)        1.382331       -0.108491
               A             a_y10           a_y20      
HM(0)        0.144313       -1.000000       -0.079034
------------
Electrostatics RMS Error: 2.35504e-04
Electrostatics Weighted RMS Error: 9.23450e-05
Electrostatics Weighted Absolute Error: 2.97489e-05
Electrostatics Weighted Least-Squares Error: 4.14655e-05
--------------------------------------------
Drude oscillator energy has been calculated using the following method: multipole-gradient
Induction Parameters:
    Functional Form = 
	E(ind)_ij = shell_charge - A*K2(rij)*(1 + a_yml*Y_ml)*exp(-bij*rij)
Fitted Atomtypes 
  None
Constrained Atomtypes 
               A             a_y10           a_y20      
N(0)         0.000000        0.497121       -0.604139
               A             a_y10           a_y20      
HN(0)        0.338537        0.808333        0.445368
               A             a_y22c     
CM(0)        0.288313       -0.132974
               A             a_y10           a_y20      
HM(0)        0.217523        1.000000        1.000000
------------
Induction RMS Error: 8.99235e-05
Induction Weighted RMS Error: 1.95849e-05
Induction Weighted Absolute Error: -7.36529e-06
Induction Weighted Least-Squares Error: 5.02247e-06
--------------------------------------------
DHF Parameters:
    Functional Form = 
	E(dhf)_ij = - A*K2(rij)*(1 + a_yml*Y_ml)*exp(-bij*rij)
Fitted Atomtypes 
  None
Constrained Atomtypes 
               A             a_y10           a_y20      
N(0)         0.434665       -0.308669        0.426519
               A             a_y10           a_y20      
HN(0)        0.136424       -1.000000        0.004776
               A             a_y22c     
CM(0)        0.313904       -0.661916
               A             a_y10           a_y20      
HM(0)        0.300836       -0.014590       -0.028413
------------
Dhf RMS Error: 1.56548e-04
Dhf Weighted RMS Error: 3.90193e-05
Dhf Weighted Absolute Error: -7.52435e-06
Dhf Weighted Least-Squares Error: 1.38305e-05
--------------------------------------------
Dispersion Parameters:
    Functional Form = 
	E(disp)_ij = sum_(n=6,8,10,12){A*fdamp_n*(Cij_n/r_ij^n)}
               C6              C8             C10             C12       
HM           1.512843        6.550977       33.561806      144.894964
HN           1.306964        4.117935       31.050725        0.000000
CM           5.544423       23.289281      120.277772      510.393921
N            4.878202       25.576829      142.574149      704.112767
Fitted Atomtypes 
  None
Constrained Atomtypes 
               A             a_y10           a_y20      
N(0)         1.000000       -0.143468        0.247158
               A             a_y10           a_y20      
HN(0)        1.000000        0.291263        0.156676
               A             a_y22c     
CM(0)        1.000000       -0.210567
               A             a_y10           a_y20      
HM(0)        1.000000        0.282113        0.173372
------------
Dispersion RMS Error: 1.12455e-04
Dispersion Weighted RMS Error: 6.62516e-05
Dispersion Weighted Absolute Error: -3.71964e-05
Dispersion Weighted Least-Squares Error: 9.20984e-06
--------------------------------------------
Total Energy:
------------
Total Energy RMS Error: 3.52180e-04
Total Energy Weighted RMS Error: 8.99306e-05
Total Energy Weighted Absolute Error: -4.13277e-06
Total Energy Weighted Least-Squares Error: 2.70784e-05
--------------------------------------------
#########################################################################


