########################## FF Fitting Summary ###########################
--------------------------------------------
Program Version: 1.1.0
Short-range Functional Form: born-mayer
Combination Rules: aij = geometric
                   bij = geometric_mean
Electrostatic Damping Type: None
Thole Param: 0.39
Fitting weight: eff_mu = 0.0 Ha
                eff_kt = 0.011 Ha
Weighted RMSE cutoff: 0.0 Ha
Anisotropic Atomtypes: None
All parameters have been radially corrected to account for Slater overlap
This radial correction is approximate, and is only rigorous for the case where bi = bj.
------------
Exponents (Optimized):
N(0)       1.994390
HN(0)      2.385658
CM(0)      1.661253
HM(0)      2.588818
------------
Monomer 1 Multipole File:
ethene_ISA-GRID_L2.mom
Monomer 2 Multipole File:
nh3_ISA-GRID_L2.mom
--------------------------------------------
Exchange Parameters:
    Functional Form = 
	E(exch)_ij = A*K2(rij)*(1 + a_yml*Y_ml)*exp(-bij*rij)
    where the a coefficient for each spherical harmonic term Y_ml
    is listed in the parameters below and 
	K2(rij) = 1/3*(bij*rij)**2 + bij*rij + 1 
Fitted Atomtypes 
               A        
N(0)         2.298928
               A        
HN(0)        0.314428
               A        
CM(0)        1.796724
               A        
HM(0)        1.070073
Constrained Atomtypes 
  None
------------
Exchange RMS Error: 1.49298e-03
Exchange Weighted RMS Error: 1.49298e-03
Exchange Weighted Absolute Error: -1.82865e-05
Exchange Weighted Least-Squares Error: 2.49050e-04
--------------------------------------------
Electrostatic Parameters:
    Functional Form = 
	E(elst)_ij = f_damp*qi*qj/rij - A*K2(rij)*(1 + a_yml*Y_ml)*exp(-bij*rij)
Fitted Atomtypes 
               A        
N(0)         1.651647
               A        
HN(0)        0.068899
               A        
CM(0)        1.287635
               A        
HM(0)        0.329319
Constrained Atomtypes 
  None
------------
Electrostatics RMS Error: 6.84493e-04
Electrostatics Weighted RMS Error: 6.84493e-04
Electrostatics Weighted Absolute Error: 5.57475e-05
Electrostatics Weighted Least-Squares Error: 3.12722e-04
--------------------------------------------
Drude oscillator energy has been calculated using the following method: multipole-gradient
Induction Parameters:
    Functional Form = 
	E(ind)_ij = shell_charge - A*K2(rij)*(1 + a_yml*Y_ml)*exp(-bij*rij)
Fitted Atomtypes 
               A        
N(0)         0.060472
               A        
HN(0)        0.132383
               A        
CM(0)        0.279912
               A        
HM(0)        0.159118
Constrained Atomtypes 
  None
------------
Induction RMS Error: 9.27589e-05
Induction Weighted RMS Error: 9.27589e-05
Induction Weighted Absolute Error: -3.23285e-06
Induction Weighted Least-Squares Error: 4.64636e-06
--------------------------------------------
DHF Parameters:
    Functional Form = 
	E(dhf)_ij = - A*K2(rij)*(1 + a_yml*Y_ml)*exp(-bij*rij)
Fitted Atomtypes 
               A        
N(0)         0.461763
               A        
HN(0)        0.091854
               A        
CM(0)        0.454315
               A        
HM(0)        0.370703
Constrained Atomtypes 
  None
------------
Dhf RMS Error: 1.95159e-04
Dhf Weighted RMS Error: 1.95159e-04
Dhf Weighted Absolute Error: -7.23032e-06
Dhf Weighted Least-Squares Error: 1.97411e-05
--------------------------------------------
Dispersion Parameters:
    Functional Form = 
	E(disp)_ij = sum_(n=6,8,10,12){A*fdamp_n*(Cij_n/r_ij^n)}
               C6              C8             C10             C12       
N            4.878202       25.576829      142.574149      704.112767
HN           1.306964        4.117935       31.050725        0.000000
CM           5.544423       23.289281      120.277772      510.393921
HM           1.512843        6.550977       33.561806      144.894964
Fitted Atomtypes 
               A        
N(0)         1.293744
               A        
HN(0)        0.700000
               A        
CM(0)        1.300000
               A        
HM(0)        0.700000
Constrained Atomtypes 
  None
------------
Dispersion RMS Error: 2.40726e-04
Dispersion Weighted RMS Error: 2.40726e-04
Dispersion Weighted Absolute Error: 1.48508e-05
Dispersion Weighted Least-Squares Error: 3.66209e-05
--------------------------------------------
Total Energy:
------------
Total Energy RMS Error: 6.97673e-04
Total Energy Weighted RMS Error: 6.97673e-04
Total Energy Weighted Absolute Error: 4.18487e-05
Total Energy Weighted Least-Squares Error: 1.46570e-04
--------------------------------------------
#########################################################################


########################## FF Fitting Summary ###########################
--------------------------------------------
Program Version: 1.1.0
Short-range Functional Form: born-mayer
Combination Rules: aij = geometric
                   bij = geometric_mean
Electrostatic Damping Type: None
Thole Param: 0.39
Fitting weight: eff_mu = 0.0 Ha
                eff_kt = 0.011 Ha
Weighted RMSE cutoff: 0.0 Ha
Anisotropic Atomtypes: None
All parameters have been radially corrected to account for Slater overlap
This radial correction is approximate, and is only rigorous for the case where bi = bj.
------------
Exponents (Optimized):
N(0)       1.994390
HN(0)      2.385658
CM(0)      1.661253
HM(0)      2.588818
------------
Monomer 1 Multipole File:
ethene_ISA-GRID_L2.mom
Monomer 2 Multipole File:
nh3_ISA-GRID_L2.mom
--------------------------------------------
Exchange Parameters:
    Functional Form = 
	E(exch)_ij = A*K2(rij)*(1 + a_yml*Y_ml)*exp(-bij*rij)
    where the a coefficient for each spherical harmonic term Y_ml
    is listed in the parameters below and 
	K2(rij) = 1/3*(bij*rij)**2 + bij*rij + 1 
Fitted Atomtypes 
               A        
N(0)         2.298928
               A        
HN(0)        0.314428
               A        
CM(0)        1.796724
               A        
HM(0)        1.070073
Constrained Atomtypes 
  None
------------
Exchange RMS Error: 1.49298e-03
Exchange Weighted RMS Error: 1.49298e-03
Exchange Weighted Absolute Error: -1.82865e-05
Exchange Weighted Least-Squares Error: 2.49050e-04
--------------------------------------------
Electrostatic Parameters:
    Functional Form = 
	E(elst)_ij = f_damp*qi*qj/rij - A*K2(rij)*(1 + a_yml*Y_ml)*exp(-bij*rij)
Fitted Atomtypes 
               A        
N(0)         1.651647
               A        
HN(0)        0.068899
               A        
CM(0)        1.287635
               A        
HM(0)        0.329319
Constrained Atomtypes 
  None
------------
Electrostatics RMS Error: 6.84493e-04
Electrostatics Weighted RMS Error: 6.84493e-04
Electrostatics Weighted Absolute Error: 5.57475e-05
Electrostatics Weighted Least-Squares Error: 3.12722e-04
--------------------------------------------
Drude oscillator energy has been calculated using the following method: multipole-gradient
Induction Parameters:
    Functional Form = 
	E(ind)_ij = shell_charge - A*K2(rij)*(1 + a_yml*Y_ml)*exp(-bij*rij)
Fitted Atomtypes 
               A        
N(0)         0.060471
               A        
HN(0)        0.132384
               A        
CM(0)        0.279911
               A        
HM(0)        0.159120
Constrained Atomtypes 
  None
------------
Induction RMS Error: 9.27585e-05
Induction Weighted RMS Error: 9.27585e-05
Induction Weighted Absolute Error: -3.23281e-06
Induction Weighted Least-Squares Error: 4.64632e-06
--------------------------------------------
DHF Parameters:
    Functional Form = 
	E(dhf)_ij = - A*K2(rij)*(1 + a_yml*Y_ml)*exp(-bij*rij)
Fitted Atomtypes 
               A        
N(0)         0.461762
               A        
HN(0)        0.091855
               A        
CM(0)        0.454318
               A        
HM(0)        0.370698
Constrained Atomtypes 
  None
------------
Dhf RMS Error: 1.95158e-04
Dhf Weighted RMS Error: 1.95158e-04
Dhf Weighted Absolute Error: -7.22980e-06
Dhf Weighted Least-Squares Error: 1.97407e-05
--------------------------------------------
Dispersion Parameters:
    Functional Form = 
	E(disp)_ij = sum_(n=6,8,10,12){A*fdamp_n*(Cij_n/r_ij^n)}
               C6              C8             C10             C12       
N            4.878202       25.576829      142.574149      704.112767
HN           1.306964        4.117935       31.050725        0.000000
CM           5.544423       23.289281      120.277772      510.393921
HM           1.512843        6.550977       33.561806      144.894964
Fitted Atomtypes 
               A        
N(0)         1.293744
               A        
HN(0)        0.700000
               A        
CM(0)        1.300000
               A        
HM(0)        0.700000
Constrained Atomtypes 
  None
------------
Dispersion RMS Error: 2.40726e-04
Dispersion Weighted RMS Error: 2.40726e-04
Dispersion Weighted Absolute Error: 1.48508e-05
Dispersion Weighted Least-Squares Error: 3.66209e-05
--------------------------------------------
Total Energy:
------------
Total Energy RMS Error: 6.97671e-04
Total Energy Weighted RMS Error: 6.97671e-04
Total Energy Weighted Absolute Error: 4.18493e-05
Total Energy Weighted Least-Squares Error: 1.46570e-04
--------------------------------------------
#########################################################################


