########################## FF Fitting Summary ###########################
--------------------------------------------
Program Version: 1.1.0
Short-range Functional Form: born-mayer
Combination Rules: aij = geometric
                   bij = geometric_mean
Electrostatic Damping Type: None
Thole Param: 0.39
Fitting weight: eff_mu = 0.0 Ha
                eff_kt = 0.011 Ha
Weighted RMSE cutoff: 0.0 Ha
Anisotropic Atomtypes: None
All parameters have been radially corrected to account for Slater overlap
This radial correction is approximate, and is only rigorous for the case where bi = bj.
------------
Exponents (Optimized):
N(0)       1.994390
HN(0)      2.385658
CM(0)      1.661253
HM(0)      2.588818
------------
Monomer 1 Multipole File:
ethene_ISA-GRID_L0.mom
Monomer 2 Multipole File:
nh3_ISA-GRID_L0.mom
--------------------------------------------
Exchange Parameters:
    Functional Form = 
	E(exch)_ij = A*K2(rij)*(1 + a_yml*Y_ml)*exp(-bij*rij)
    where the a coefficient for each spherical harmonic term Y_ml
    is listed in the parameters below and 
	K2(rij) = 1/3*(bij*rij)**2 + bij*rij + 1 
Fitted Atomtypes 
               A        
N(0)         2.298928
               A        
HN(0)        0.314428
               A        
CM(0)        1.796724
               A        
HM(0)        1.070073
Constrained Atomtypes 
  None
------------
Exchange RMS Error: 1.49298e-03
Exchange Weighted RMS Error: 1.49298e-03
Exchange Weighted Absolute Error: -1.82865e-05
Exchange Weighted Least-Squares Error: 2.49050e-04
--------------------------------------------
Electrostatic Parameters:
    Functional Form = 
	E(elst)_ij = f_damp*qi*qj/rij - A*K2(rij)*(1 + a_yml*Y_ml)*exp(-bij*rij)
Fitted Atomtypes 
               A        
N(0)         1.619299
               A        
HN(0)        0.078712
               A        
CM(0)        1.252677
               A        
HM(0)        0.370935
Constrained Atomtypes 
  None
------------
Electrostatics RMS Error: 6.88177e-04
Electrostatics Weighted RMS Error: 6.88177e-04
Electrostatics Weighted Absolute Error: 3.15664e-05
Electrostatics Weighted Least-Squares Error: 3.04624e-04
--------------------------------------------
Drude oscillator energy has been calculated using the following method: multipole-gradient
Induction Parameters:
    Functional Form = 
	E(ind)_ij = shell_charge - A*K2(rij)*(1 + a_yml*Y_ml)*exp(-bij*rij)
Fitted Atomtypes 
               A        
N(0)         0.106146
               A        
HN(0)        0.105374
               A        
CM(0)        0.308070
               A        
HM(0)        0.138589
Constrained Atomtypes 
  None
------------
Induction RMS Error: 9.88724e-05
Induction Weighted RMS Error: 9.88724e-05
Induction Weighted Absolute Error: 4.89061e-06
Induction Weighted Least-Squares Error: 5.19549e-06
--------------------------------------------
DHF Parameters:
    Functional Form = 
	E(dhf)_ij = - A*K2(rij)*(1 + a_yml*Y_ml)*exp(-bij*rij)
Fitted Atomtypes 
               A        
N(0)         0.462094
               A        
HN(0)        0.091523
               A        
CM(0)        0.452970
               A        
HM(0)        0.372694
Constrained Atomtypes 
  None
------------
Dhf RMS Error: 1.96697e-04
Dhf Weighted RMS Error: 1.96697e-04
Dhf Weighted Absolute Error: -7.45941e-06
Dhf Weighted Least-Squares Error: 2.00498e-05
--------------------------------------------
Dispersion Parameters:
    Functional Form = 
	E(disp)_ij = sum_(n=6,8,10,12){A*fdamp_n*(Cij_n/r_ij^n)}
               C6              C8             C10             C12       
N            4.878202       25.576829      142.574149      704.112767
HN           1.306964        4.117935       31.050725        0.000000
CM           5.544423       23.289281      120.277772      510.393921
HM           1.512843        6.550977       33.561806      144.894964
Fitted Atomtypes 
               A        
N(0)         1.293744
               A        
HN(0)        0.700000
               A        
CM(0)        1.300000
               A        
HM(0)        0.700000
Constrained Atomtypes 
  None
------------
Dispersion RMS Error: 2.40726e-04
Dispersion Weighted RMS Error: 2.40726e-04
Dispersion Weighted Absolute Error: 1.48508e-05
Dispersion Weighted Least-Squares Error: 3.66209e-05
--------------------------------------------
Total Energy:
------------
Total Energy RMS Error: 7.63226e-04
Total Energy Weighted RMS Error: 7.63226e-04
Total Energy Weighted Absolute Error: 2.55620e-05
Total Energy Weighted Least-Squares Error: 1.79445e-04
--------------------------------------------
#########################################################################


