########################## FF Fitting Summary ###########################
--------------------------------------------
Program Version: 1.1.0
Short-range Functional Form: born-mayer
Combination Rules: aij = geometric
                   bij = geometric_mean
Electrostatic Damping Type: None
Thole Param: 0.39
Fitting weight: eff_mu = 0.0 Ha
                eff_kt = 0.0251 Ha
Weighted RMSE cutoff: 0.0 Ha
Anisotropic Atomtypes: HN1  N1   O    
All parameters have been radially corrected to account for Slater overlap
This radial correction is approximate, and is only rigorous for the case where bi = bj.
------------
Exponents (Optimized):
HN1(0)     2.382492
CO(0)      2.109042
CN(0)      2.215917
O(0)       2.349029
HT7(0)     2.264268
N1(0)      1.909541
HT9(0)     2.129856
------------
Monomer 1 Multipole File:
dimethyl_ether_ISA-GRID_L2.mom
Monomer 2 Multipole File:
methyl_amine_ISA-GRID_L2.mom
--------------------------------------------
Exchange Parameters:
    Functional Form = 
	E(exch)_ij = A*K2(rij)*(1 + a_yml*Y_ml)*exp(-bij*rij)
    where the a coefficient for each spherical harmonic term Y_ml
    is listed in the parameters below and 
	K2(rij) = 1/3*(bij*rij)**2 + bij*rij + 1 
Fitted Atomtypes 
               A        
HT7(0)        0.660068
               A        
CO(0)        2.528027
               A        
CN(0)        2.687964
               A        
HT9(0)        0.557892
               A             a_y10           a_y20      
HN1(0)        0.358342       -1.000000       -0.568068
               A             a_y10           a_y20           a_y22c     
N1(0)        2.025095       -0.061657        0.565816        0.103764
               A             a_y10           a_y20           a_y22c     
O(0)         1.760967       -1.000000        0.236833       -1.000000
Constrained Atomtypes 
  None
------------
Exchange RMS Error: 7.71584e-04
Exchange Weighted RMS Error: 3.00554e-04
Exchange Weighted Absolute Error: -9.18953e-06
Exchange Weighted Least-Squares Error: 1.49904e-04
--------------------------------------------
Electrostatic Parameters:
    Functional Form = 
	E(elst)_ij = f_damp*qi*qj/rij - A*K2(rij)*(1 + a_yml*Y_ml)*exp(-bij*rij)
Fitted Atomtypes 
               A        
HT7(0)        0.334502
               A        
CO(0)        1.610872
               A        
CN(0)        1.822442
               A        
HT9(0)        0.265744
               A             a_y10           a_y20      
HN1(0)        0.137062       -0.898732       -0.408036
               A             a_y10           a_y20           a_y22c     
N1(0)        1.466105        0.040023        0.556546        0.100447
               A             a_y10           a_y20           a_y22c     
O(0)         1.282735       -1.000000       -0.108346       -0.776682
Constrained Atomtypes 
  None
------------
Electrostatics RMS Error: 3.46808e-04
Electrostatics Weighted RMS Error: 1.53069e-04
Electrostatics Weighted Absolute Error: 7.29644e-06
Electrostatics Weighted Least-Squares Error: 6.38015e-05
--------------------------------------------
Drude oscillator energy has been calculated using the following method: multipole-gradient
Induction Parameters:
    Functional Form = 
	E(ind)_ij = shell_charge - A*K2(rij)*(1 + a_yml*Y_ml)*exp(-bij*rij)
Fitted Atomtypes 
               A        
HT7(0)        0.004960
               A        
CO(0)        0.000079
               A        
CN(0)        0.124046
               A        
HT9(0)        2.821938
               A             a_y10           a_y20      
HN1(0)        2.766562       -1.000000        0.166638
               A             a_y10           a_y20           a_y22c     
N1(0)        5.491473        1.000000       -1.000000       -0.319898
               A             a_y10           a_y20           a_y22c     
O(0)         0.021428        1.000000        0.628026       -0.293283
Constrained Atomtypes 
  None
------------
Induction RMS Error: 1.13486e-04
Induction Weighted RMS Error: 4.52815e-05
Induction Weighted Absolute Error: -1.76813e-06
Induction Weighted Least-Squares Error: 6.06489e-06
--------------------------------------------
DHF Parameters:
    Functional Form = 
	E(dhf)_ij = - A*K2(rij)*(1 + a_yml*Y_ml)*exp(-bij*rij)
Fitted Atomtypes 
               A        
HT7(0)        0.156015
               A        
CO(0)        0.000312
               A        
CN(0)        0.118858
               A        
HT9(0)        0.294323
               A             a_y10           a_y20      
HN1(0)        0.160582       -1.000000        0.210762
               A             a_y10           a_y20           a_y22c     
N1(0)        0.723643       -0.181137        0.457497        0.186582
               A             a_y10           a_y20           a_y22c     
O(0)         0.300901       -1.000000        0.408039       -0.855041
Constrained Atomtypes 
  None
------------
Dhf RMS Error: 8.73415e-05
Dhf Weighted RMS Error: 3.37893e-05
Dhf Weighted Absolute Error: 7.87491e-06
Dhf Weighted Least-Squares Error: 3.60816e-06
--------------------------------------------
Dispersion Parameters:
    Functional Form = 
	E(disp)_ij = sum_(n=6,8,10,12){A*fdamp_n*(Cij_n/r_ij^n)}
               C6              C8             C10             C12       
HN1          1.306964        4.117935       31.050725        0.000000
CO           4.847096       18.798288       63.256519      202.859856
CN           4.966795       19.262513       64.818644      207.869495
O            3.497808       16.327053       81.333632      354.498305
HT7          1.498389        6.488268       33.240608        0.000000
N1           4.878202       25.576829      142.574149      704.112767
HT9          1.535392        6.648497       34.061487        0.000000
Fitted Atomtypes 
               A        
HT7(0)        1.000000
               A        
CO(0)        1.000000
               A        
CN(0)        1.000000
               A        
HT9(0)        1.000000
               A             a_y10           a_y20      
HN1(0)        1.000000        0.209305        0.145514
               A             a_y10           a_y20           a_y22c     
N1(0)        1.000000       -0.113772        0.254519        0.077076
               A             a_y10           a_y20           a_y22c     
O(0)         1.000000        0.099389        0.295947       -0.086491
Constrained Atomtypes 
  None
------------
Dispersion RMS Error: 1.26727e-04
Dispersion Weighted RMS Error: 7.09042e-05
Dispersion Weighted Absolute Error: -4.91765e-06
Dispersion Weighted Least-Squares Error: 8.42507e-06
--------------------------------------------
Total Energy:
------------
Total Energy RMS Error: 4.77199e-04
Total Energy Weighted RMS Error: 1.81563e-04
Total Energy Weighted Absolute Error: -7.03935e-07
Total Energy Weighted Least-Squares Error: 9.23611e-05
--------------------------------------------
#########################################################################


