########################## FF Fitting Summary ###########################
--------------------------------------------
Program Version: 1.1.0
Short-range Functional Form: born-mayer
Combination Rules: aij = geometric
                   bij = geometric_mean
Electrostatic Damping Type: None
Thole Param: 0.39
Fitting weight: eff_mu = 0.0 Ha
                eff_kt = 0.0101 Ha
Weighted RMSE cutoff: 0.0 Ha
Anisotropic Atomtypes: None
All parameters have been radially corrected to account for Slater overlap
This radial correction is approximate, and is only rigorous for the case where bi = bj.
------------
Exponents:
HN1(0)     2.654498
CO(0)      1.933594
CN(0)      2.450399
O(0)       2.319445
HT7(0)     2.236386
N1(0)      1.930449
HT9(0)     2.048156
------------
Monomer 1 Multipole File:
dimethyl_ether_ISA-GRID_L2.mom
Monomer 2 Multipole File:
methyl_amine_ISA-GRID_L2.mom
--------------------------------------------
Exchange Parameters:
    Functional Form = 
	E(exch)_ij = A*K2(rij)*(1 + a_yml*Y_ml)*exp(-bij*rij)
    where the a coefficient for each spherical harmonic term Y_ml
    is listed in the parameters below and 
	K2(rij) = 1/3*(bij*rij)**2 + bij*rij + 1 
Fitted Atomtypes 
  None
Constrained Atomtypes 
               A        
HN1(0)        0.515439
               A        
CO(0)        1.553522
               A        
CN(0)        5.135521
               A        
O(0)         3.388801
               A        
HT7(0)        0.636992
               A        
N1(0)        2.663061
               A        
HT9(0)        0.435917
------------
Exchange RMS Error: 1.40091e-03
Exchange Weighted RMS Error: 4.81999e-04
Exchange Weighted Absolute Error: 4.07276e-05
Exchange Weighted Least-Squares Error: 1.64335e-04
--------------------------------------------
Electrostatic Parameters:
    Functional Form = 
	E(elst)_ij = f_damp*qi*qj/rij - A*K2(rij)*(1 + a_yml*Y_ml)*exp(-bij*rij)
Fitted Atomtypes 
  None
Constrained Atomtypes 
               A        
HN1(0)        0.112216
               A        
CO(0)        1.004880
               A        
CN(0)        3.482835
               A        
O(0)         2.270286
               A        
HT7(0)        0.316388
               A        
N1(0)        1.856790
               A        
HT9(0)        0.209074
------------
Electrostatics RMS Error: 6.03265e-04
Electrostatics Weighted RMS Error: 2.27622e-04
Electrostatics Weighted Absolute Error: -6.25414e-06
Electrostatics Weighted Least-Squares Error: 2.42558e-04
--------------------------------------------
Drude oscillator energy has been calculated using the following method: multipole-gradient
Induction Parameters:
    Functional Form = 
	E(ind)_ij = shell_charge - A*K2(rij)*(1 + a_yml*Y_ml)*exp(-bij*rij)
Fitted Atomtypes 
  None
Constrained Atomtypes 
               A        
HN1(0)        0.271505
               A        
CO(0)        0.128564
               A        
CN(0)        1.036693
               A        
O(0)         0.000000
               A        
HT7(0)        0.129679
               A        
N1(0)        0.085372
               A        
HT9(0)        0.059529
------------
Induction RMS Error: 1.39978e-04
Induction Weighted RMS Error: 7.27843e-05
Induction Weighted Absolute Error: -4.78015e-06
Induction Weighted Least-Squares Error: 9.52263e-06
--------------------------------------------
DHF Parameters:
    Functional Form = 
	E(dhf)_ij = - A*K2(rij)*(1 + a_yml*Y_ml)*exp(-bij*rij)
Fitted Atomtypes 
  None
Constrained Atomtypes 
               A        
HN1(0)        0.178350
               A        
CO(0)        0.000000
               A        
CN(0)        0.000000
               A        
O(0)         0.893574
               A        
HT7(0)        0.223485
               A        
N1(0)        0.562949
               A        
HT9(0)        0.165903
------------
Dhf RMS Error: 1.27942e-04
Dhf Weighted RMS Error: 5.72879e-05
Dhf Weighted Absolute Error: -4.58386e-06
Dhf Weighted Least-Squares Error: 8.12206e-06
--------------------------------------------
Dispersion Parameters:
    Functional Form = 
	E(disp)_ij = sum_(n=6,8,10,12){A*fdamp_n*(Cij_n/r_ij^n)}
               C6              C8             C10             C12       
HT7          1.498389        6.488268       33.240608        0.000000
CO           4.847096       18.798288       63.256519      202.859856
CN           4.966795       19.262513       64.818644      207.869495
O            3.497808       16.327053       81.333632      354.498305
HN1          1.306964        4.117935       31.050725        0.000000
N1           4.878202       25.576829      142.574149      704.112767
HT9          1.535392        6.648497       34.061487        0.000000
Fitted Atomtypes 
  None
Constrained Atomtypes 
               A        
HN1(0)        1.000000
               A        
CO(0)        1.000000
               A        
CN(0)        1.000000
               A        
O(0)         1.000000
               A        
HT7(0)        1.000000
               A        
N1(0)        1.000000
               A        
HT9(0)        1.000000
------------
Dispersion RMS Error: 4.38426e-04
Dispersion Weighted RMS Error: 2.20902e-04
Dispersion Weighted Absolute Error: 2.52692e-05
Dispersion Weighted Least-Squares Error: 1.23328e-04
--------------------------------------------
Total Energy:
------------
Total Energy RMS Error: 7.52398e-04
Total Energy Weighted RMS Error: 2.67387e-04
Total Energy Weighted Absolute Error: 5.03787e-05
Total Energy Weighted Least-Squares Error: 1.73664e-04
--------------------------------------------
#########################################################################


