########################## FF Fitting Summary ###########################
--------------------------------------------
Program Version: 1.1.0
Short-range Functional Form: born-mayer
Combination Rules: aij = geometric
                   bij = geometric_mean
Electrostatic Damping Type: None
Thole Param: 0.39
Fitting weight: eff_mu = 0.0 Ha
                eff_kt = 0.0101 Ha
Weighted RMSE cutoff: 0.0 Ha
Anisotropic Atomtypes: None
All parameters have been radially corrected to account for Slater overlap
This radial correction is approximate, and is only rigorous for the case where bi = bj.
------------
Exponents:
HN1(0)     2.654498
CO(0)      1.933594
CN(0)      2.450399
O(0)       2.319445
HT7(0)     2.236386
N1(0)      1.930449
HT9(0)     2.048156
------------
Monomer 1 Multipole File:
dimethyl_ether_ISA-GRID_L0.mom
Monomer 2 Multipole File:
methyl_amine_ISA-GRID_L0.mom
--------------------------------------------
Exchange Parameters:
    Functional Form = 
	E(exch)_ij = A*K2(rij)*(1 + a_yml*Y_ml)*exp(-bij*rij)
    where the a coefficient for each spherical harmonic term Y_ml
    is listed in the parameters below and 
	K2(rij) = 1/3*(bij*rij)**2 + bij*rij + 1 
Fitted Atomtypes 
  None
Constrained Atomtypes 
               A        
HN1(0)        0.515439
               A        
CO(0)        1.553522
               A        
CN(0)        5.135521
               A        
O(0)         3.388801
               A        
HT7(0)        0.636992
               A        
N1(0)        2.663061
               A        
HT9(0)        0.435917
------------
Exchange RMS Error: 1.40091e-03
Exchange Weighted RMS Error: 1.40091e-03
Exchange Weighted Absolute Error: 4.07276e-05
Exchange Weighted Least-Squares Error: 1.64335e-04
--------------------------------------------
Electrostatic Parameters:
    Functional Form = 
	E(elst)_ij = f_damp*qi*qj/rij - A*K2(rij)*(1 + a_yml*Y_ml)*exp(-bij*rij)
Fitted Atomtypes 
  None
Constrained Atomtypes 
               A        
HN1(0)        0.184070
               A        
CO(0)        0.955147
               A        
CN(0)        3.500352
               A        
O(0)         2.160338
               A        
HT7(0)        0.334068
               A        
N1(0)        1.717506
               A        
HT9(0)        0.216717
------------
Electrostatics RMS Error: 7.95867e-04
Electrostatics Weighted RMS Error: 7.95867e-04
Electrostatics Weighted Absolute Error: -8.13081e-05
Electrostatics Weighted Least-Squares Error: 3.95439e-04
--------------------------------------------
Drude oscillator energy has been calculated using the following method: multipole-gradient
Induction Parameters:
    Functional Form = 
	E(ind)_ij = shell_charge - A*K2(rij)*(1 + a_yml*Y_ml)*exp(-bij*rij)
Fitted Atomtypes 
  None
Constrained Atomtypes 
               A        
HN1(0)        0.241301
               A        
CO(0)        0.010184
               A        
CN(0)        0.718432
               A        
O(0)         0.360545
               A        
HT7(0)        0.148413
               A        
N1(0)        0.286814
               A        
HT9(0)        0.068172
------------
Induction RMS Error: 1.16403e-04
Induction Weighted RMS Error: 1.16403e-04
Induction Weighted Absolute Error: -1.75511e-05
Induction Weighted Least-Squares Error: 6.56587e-06
--------------------------------------------
DHF Parameters:
    Functional Form = 
	E(dhf)_ij = - A*K2(rij)*(1 + a_yml*Y_ml)*exp(-bij*rij)
Fitted Atomtypes 
  None
Constrained Atomtypes 
               A        
HN1(0)        0.179718
               A        
CO(0)        0.000000
               A        
CN(0)        0.000000
               A        
O(0)         0.894831
               A        
HT7(0)        0.223783
               A        
N1(0)        0.562278
               A        
HT9(0)        0.166255
------------
Dhf RMS Error: 1.28046e-04
Dhf Weighted RMS Error: 1.28046e-04
Dhf Weighted Absolute Error: -5.87906e-06
Dhf Weighted Least-Squares Error: 8.13622e-06
--------------------------------------------
Dispersion Parameters:
    Functional Form = 
	E(disp)_ij = sum_(n=6,8,10,12){A*fdamp_n*(Cij_n/r_ij^n)}
               C6              C8             C10             C12       
HT7          1.498389        6.488268       33.240608        0.000000
CO           4.847096       18.798288       63.256519      202.859856
CN           4.966795       19.262513       64.818644      207.869495
O            3.497808       16.327053       81.333632      354.498305
HN1          1.306964        4.117935       31.050725        0.000000
N1           4.878202       25.576829      142.574149      704.112767
HT9          1.535392        6.648497       34.061487        0.000000
Fitted Atomtypes 
  None
Constrained Atomtypes 
               A        
HN1(0)        0.700000
               A        
CO(0)        0.763818
               A        
CN(0)        0.700000
               A        
O(0)         1.145073
               A        
HT7(0)        1.128395
               A        
N1(0)        1.188426
               A        
HT9(0)        1.186782
------------
Dispersion RMS Error: 2.49759e-04
Dispersion Weighted RMS Error: 2.49759e-04
Dispersion Weighted Absolute Error: -4.64447e-06
Dispersion Weighted Least-Squares Error: 3.96784e-05
--------------------------------------------
Total Energy:
------------
Total Energy RMS Error: 1.02066e-03
Total Energy Weighted RMS Error: 1.02066e-03
Total Energy Weighted Absolute Error: -6.86551e-05
Total Energy Weighted Least-Squares Error: 3.31179e-04
--------------------------------------------
#########################################################################


