########################## FF Fitting Summary ###########################
--------------------------------------------
Program Version: 1.1.0
Short-range Functional Form: born-mayer
Combination Rules: aij = geometric
                   bij = geometric_mean
Electrostatic Damping Type: None
Thole Param: 0.39
Fitting weight: eff_mu = 0.0 Ha
                eff_kt = 0.0251 Ha
Weighted RMSE cutoff: 0.0 Ha
Anisotropic Atomtypes: None
All parameters have been radially corrected to account for Slater overlap
This radial correction is approximate, and is only rigorous for the case where bi = bj.
------------
Exponents (Optimized):
HN1(0)     2.308959
CO(0)      1.900549
CN(0)      2.334455
O(0)       2.534671
HT7(0)     2.269011
N1(0)      1.855809
HT9(0)     2.142779
------------
Monomer 1 Multipole File:
dimethyl_ether_ISA-GRID_L0.mom
Monomer 2 Multipole File:
methyl_amine_ISA-GRID_L0.mom
--------------------------------------------
Exchange Parameters:
    Functional Form = 
	E(exch)_ij = A*K2(rij)*(1 + a_yml*Y_ml)*exp(-bij*rij)
    where the a coefficient for each spherical harmonic term Y_ml
    is listed in the parameters below and 
	K2(rij) = 1/3*(bij*rij)**2 + bij*rij + 1 
Fitted Atomtypes 
               A        
HN1(0)        0.395401
               A        
CO(0)        1.194648
               A        
CN(0)        3.826345
               A        
O(0)         3.712631
               A        
HT7(0)        0.505874
               A        
N1(0)        3.016304
               A        
HT9(0)        0.733256
Constrained Atomtypes 
  None
------------
Exchange RMS Error: 1.34900e-03
Exchange Weighted RMS Error: 1.34900e-03
Exchange Weighted Absolute Error: -7.76245e-06
Exchange Weighted Least-Squares Error: 3.83424e-04
--------------------------------------------
Electrostatic Parameters:
    Functional Form = 
	E(elst)_ij = f_damp*qi*qj/rij - A*K2(rij)*(1 + a_yml*Y_ml)*exp(-bij*rij)
Fitted Atomtypes 
               A        
HN1(0)        0.119533
               A        
CO(0)        0.939172
               A        
CN(0)        2.666791
               A        
O(0)         2.309508
               A        
HT7(0)        0.275861
               A        
N1(0)        1.898894
               A        
HT9(0)        0.310596
Constrained Atomtypes 
  None
------------
Electrostatics RMS Error: 7.52950e-04
Electrostatics Weighted RMS Error: 7.52950e-04
Electrostatics Weighted Absolute Error: -5.61876e-05
Electrostatics Weighted Least-Squares Error: 2.95682e-04
--------------------------------------------
Drude oscillator energy has been calculated using the following method: multipole-gradient
Induction Parameters:
    Functional Form = 
	E(ind)_ij = shell_charge - A*K2(rij)*(1 + a_yml*Y_ml)*exp(-bij*rij)
Fitted Atomtypes 
               A        
HN1(0)        0.778282
               A        
CO(0)        0.000000
               A        
CN(0)        0.399372
               A        
O(0)         0.142550
               A        
HT7(0)        0.029975
               A        
N1(0)        0.945096
               A        
HT9(0)        0.514075
Constrained Atomtypes 
  None
------------
Induction RMS Error: 1.06367e-04
Induction Weighted RMS Error: 1.06367e-04
Induction Weighted Absolute Error: -1.60993e-05
Induction Weighted Least-Squares Error: 5.31460e-06
--------------------------------------------
DHF Parameters:
    Functional Form = 
	E(dhf)_ij = - A*K2(rij)*(1 + a_yml*Y_ml)*exp(-bij*rij)
Fitted Atomtypes 
               A        
HN1(0)        0.305742
               A        
CO(0)        0.000000
               A        
CN(0)        0.082896
               A        
O(0)         0.434823
               A        
HT7(0)        0.086977
               A        
N1(0)        1.426384
               A        
HT9(0)        0.515037
Constrained Atomtypes 
  None
------------
Dhf RMS Error: 1.24777e-04
Dhf Weighted RMS Error: 1.24777e-04
Dhf Weighted Absolute Error: -3.93669e-06
Dhf Weighted Least-Squares Error: 7.37900e-06
--------------------------------------------
Dispersion Parameters:
    Functional Form = 
	E(disp)_ij = sum_(n=6,8,10,12){A*fdamp_n*(Cij_n/r_ij^n)}
               C6              C8             C10             C12       
HN1          1.306964        4.117935       31.050725        0.000000
CO           4.847096       18.798288       63.256519      202.859856
CN           4.966795       19.262513       64.818644      207.869495
O            3.497808       16.327053       81.333632      354.498305
HT7          1.498389        6.488268       33.240608        0.000000
N1           4.878202       25.576829      142.574149      704.112767
HT9          1.535392        6.648497       34.061487        0.000000
Fitted Atomtypes 
               A        
HN1(0)        0.700000
               A        
CO(0)        0.815831
               A        
CN(0)        0.700000
               A        
O(0)         1.068532
               A        
HT7(0)        1.165172
               A        
N1(0)        1.300000
               A        
HT9(0)        1.027429
Constrained Atomtypes 
  None
------------
Dispersion RMS Error: 1.96952e-04
Dispersion Weighted RMS Error: 1.96952e-04
Dispersion Weighted Absolute Error: 4.80747e-06
Dispersion Weighted Least-Squares Error: 2.06728e-05
--------------------------------------------
Total Energy:
------------
Total Energy RMS Error: 9.92904e-04
Total Energy Weighted RMS Error: 9.92904e-04
Total Energy Weighted Absolute Error: -7.91785e-05
Total Energy Weighted Least-Squares Error: 3.84132e-04
--------------------------------------------
#########################################################################


