########################## FF Fitting Summary ###########################
--------------------------------------------
Program Version: 1.1.0
Short-range Functional Form: born-mayer
Combination Rules: aij = geometric
                   bij = geometric_mean
Electrostatic Damping Type: None
Thole Param: 0.39
Fitting weight: eff_mu = 0.0 Ha
                eff_kt = 0.0087 Ha
Weighted RMSE cutoff: 0.0 Ha
Anisotropic Atomtypes: None
All parameters have been radially corrected to account for Slater overlap
This radial correction is approximate, and is only rigorous for the case where bi = bj.
------------
Exponents:
CO2(0)     2.055636
CM(0)      1.752710
HM(0)      2.763795
HO1(0)     1.963706
OH1(0)     2.332931
HT8(0)     2.282453
------------
Monomer 1 Multipole File:
ethene_ISA-GRID_L2.mom
Monomer 2 Multipole File:
methanol_ISA-GRID_L2.mom
--------------------------------------------
Exchange Parameters:
    Functional Form = 
	E(exch)_ij = A*K2(rij)*(1 + a_yml*Y_ml)*exp(-bij*rij)
    where the a coefficient for each spherical harmonic term Y_ml
    is listed in the parameters below and 
	K2(rij) = 1/3*(bij*rij)**2 + bij*rij + 1 
Fitted Atomtypes 
  None
Constrained Atomtypes 
               A        
CO2(0)        1.875871
               A        
CM(0)        1.840351
               A        
HM(0)        0.965378
               A        
HO1(0)        0.156397
               A        
OH1(0)        4.063486
               A        
HT8(0)        0.657359
------------
Exchange RMS Error: 9.33522e-04
Exchange Weighted RMS Error: 2.90507e-04
Exchange Weighted Absolute Error: 5.99968e-05
Exchange Weighted Least-Squares Error: 6.93158e-05
--------------------------------------------
Electrostatic Parameters:
    Functional Form = 
	E(elst)_ij = f_damp*qi*qj/rij - A*K2(rij)*(1 + a_yml*Y_ml)*exp(-bij*rij)
Fitted Atomtypes 
  None
Constrained Atomtypes 
               A        
CO2(0)        1.114800
               A        
CM(0)        1.267575
               A        
HM(0)        0.253946
               A        
HO1(0)        0.042578
               A        
OH1(0)        2.681533
               A        
HT8(0)        0.339779
------------
Electrostatics RMS Error: 4.15789e-04
Electrostatics Weighted RMS Error: 1.68697e-04
Electrostatics Weighted Absolute Error: -7.17911e-06
Electrostatics Weighted Least-Squares Error: 1.20926e-04
--------------------------------------------
Drude oscillator energy has been calculated using the following method: multipole-gradient
Induction Parameters:
    Functional Form = 
	E(ind)_ij = shell_charge - A*K2(rij)*(1 + a_yml*Y_ml)*exp(-bij*rij)
Fitted Atomtypes 
  None
Constrained Atomtypes 
               A        
CO2(0)        0.442563
               A        
CM(0)        0.282605
               A        
HM(0)        0.148134
               A        
HO1(0)        0.089763
               A        
OH1(0)        0.000000
               A        
HT8(0)        0.096637
------------
Induction RMS Error: 8.72467e-05
Induction Weighted RMS Error: 3.47133e-05
Induction Weighted Absolute Error: -9.19518e-06
Induction Weighted Least-Squares Error: 4.01462e-06
--------------------------------------------
DHF Parameters:
    Functional Form = 
	E(dhf)_ij = - A*K2(rij)*(1 + a_yml*Y_ml)*exp(-bij*rij)
Fitted Atomtypes 
  None
Constrained Atomtypes 
               A        
CO2(0)        0.000000
               A        
CM(0)        0.413923
               A        
HM(0)        0.352064
               A        
HO1(0)        0.053691
               A        
OH1(0)        0.909228
               A        
HT8(0)        0.230543
------------
Dhf RMS Error: 2.06626e-04
Dhf Weighted RMS Error: 6.48914e-05
Dhf Weighted Absolute Error: -1.53843e-05
Dhf Weighted Least-Squares Error: 2.35911e-05
--------------------------------------------
Dispersion Parameters:
    Functional Form = 
	E(disp)_ij = sum_(n=6,8,10,12){A*fdamp_n*(Cij_n/r_ij^n)}
               C6              C8             C10             C12       
CO2          4.847096       18.798288       63.256519      202.859856
CM           5.544423       23.289281      120.277772      510.393921
HM           1.512843        6.550977       33.561806      144.894964
HO1          1.275466        4.018693       30.302404        0.000000
OH1          3.819955       17.890308       89.856938      392.757676
HT8          1.498389        6.488268       33.240608        0.000000
Fitted Atomtypes 
  None
Constrained Atomtypes 
               A        
CO2(0)        1.000000
               A        
CM(0)        1.000000
               A        
HM(0)        1.000000
               A        
HO1(0)        1.000000
               A        
OH1(0)        1.000000
               A        
HT8(0)        1.000000
------------
Dispersion RMS Error: 5.79619e-04
Dispersion Weighted RMS Error: 2.61062e-04
Dispersion Weighted Absolute Error: 1.03802e-04
Dispersion Weighted Least-Squares Error: 2.25926e-04
--------------------------------------------
Total Energy:
------------
Total Energy RMS Error: 7.00009e-04
Total Energy Weighted RMS Error: 2.86265e-04
Total Energy Weighted Absolute Error: 1.32040e-04
Total Energy Weighted Least-Squares Error: 1.75721e-04
--------------------------------------------
#########################################################################


