########################## FF Fitting Summary ###########################
--------------------------------------------
Program Version: 1.1.0
Short-range Functional Form: born-mayer
Combination Rules: aij = geometric
                   bij = geometric_mean
Electrostatic Damping Type: None
Thole Param: 0.39
Fitting weight: eff_mu = 0.0 Ha
                eff_kt = 0.0217 Ha
Weighted RMSE cutoff: 0.0 Ha
Anisotropic Atomtypes: HO1  OH1  CM   HM   
All parameters have been radially corrected to account for Slater overlap
This radial correction is approximate, and is only rigorous for the case where bi = bj.
------------
Exponents (Optimized):
CO2(0)     2.081013
CM(0)      1.875286
HM(0)      2.513753
HO1(0)     2.251073
OH1(0)     2.219820
HT8(0)     2.115369
------------
Monomer 1 Multipole File:
ethene_ISA-GRID_L2.mom
Monomer 2 Multipole File:
methanol_ISA-GRID_L2.mom
--------------------------------------------
Exchange Parameters:
    Functional Form = 
	E(exch)_ij = A*K2(rij)*(1 + a_yml*Y_ml)*exp(-bij*rij)
    where the a coefficient for each spherical harmonic term Y_ml
    is listed in the parameters below and 
	K2(rij) = 1/3*(bij*rij)**2 + bij*rij + 1 
Fitted Atomtypes 
               A        
CO2(0)        2.253344
               A        
HT8(0)        0.458492
               A             a_y10           a_y20      
HO1(0)        0.506589        0.205220       -0.130836
               A             a_y10           a_y20           a_y22c     
OH1(0)        1.699603       -0.746471        0.008058       -0.725370
               A             a_y22c     
CM(0)        2.450639       -0.207378
               A             a_y10           a_y20      
HM(0)        0.541990       -1.000000       -0.468184
Constrained Atomtypes 
  None
------------
Exchange RMS Error: 4.89974e-04
Exchange Weighted RMS Error: 4.89974e-04
Exchange Weighted Absolute Error: 6.43570e-07
Exchange Weighted Least-Squares Error: 6.44589e-05
--------------------------------------------
Electrostatic Parameters:
    Functional Form = 
	E(elst)_ij = f_damp*qi*qj/rij - A*K2(rij)*(1 + a_yml*Y_ml)*exp(-bij*rij)
Fitted Atomtypes 
               A        
CO2(0)        1.652545
               A        
HT8(0)        0.250310
               A             a_y10           a_y20      
HO1(0)        0.211777       -0.165664       -0.669004
               A             a_y10           a_y20           a_y22c     
OH1(0)        1.433221       -0.570108        0.018062       -0.735614
               A             a_y22c     
CM(0)        1.466182       -0.136544
               A             a_y10           a_y20      
HM(0)        0.168735       -1.000000       -0.051049
Constrained Atomtypes 
  None
------------
Electrostatics RMS Error: 2.17799e-04
Electrostatics Weighted RMS Error: 2.17799e-04
Electrostatics Weighted Absolute Error: 2.08389e-05
Electrostatics Weighted Least-Squares Error: 2.71918e-05
--------------------------------------------
Drude oscillator energy has been calculated using the following method: multipole-gradient
Induction Parameters:
    Functional Form = 
	E(ind)_ij = shell_charge - A*K2(rij)*(1 + a_yml*Y_ml)*exp(-bij*rij)
Fitted Atomtypes 
               A        
CO2(0)        0.000000
               A        
HT8(0)        0.535656
               A             a_y10           a_y20      
HO1(0)        0.500982       -0.040427        0.804144
               A             a_y10           a_y20           a_y22c     
OH1(0)        2.660934        1.000000        0.075052        0.604363
               A             a_y22c     
CM(0)        0.066465        0.181024
               A             a_y10           a_y20      
HM(0)        0.021827       -0.239676        0.044575
Constrained Atomtypes 
  None
------------
Induction RMS Error: 7.39750e-05
Induction Weighted RMS Error: 7.39750e-05
Induction Weighted Absolute Error: -5.96694e-06
Induction Weighted Least-Squares Error: 2.77122e-06
--------------------------------------------
DHF Parameters:
    Functional Form = 
	E(dhf)_ij = - A*K2(rij)*(1 + a_yml*Y_ml)*exp(-bij*rij)
Fitted Atomtypes 
               A        
CO2(0)        0.000000
               A        
HT8(0)        0.775487
               A             a_y10           a_y20      
HO1(0)        0.343977       -1.000000       -0.054886
               A             a_y10           a_y20           a_y22c     
OH1(0)        1.919548       -0.890917       -0.353764       -0.537116
               A             a_y22c     
CM(0)        0.121049       -1.000000
               A             a_y10           a_y20      
HM(0)        0.043810       -1.000000       -0.216469
Constrained Atomtypes 
  None
------------
Dhf RMS Error: 9.59264e-05
Dhf Weighted RMS Error: 9.59264e-05
Dhf Weighted Absolute Error: 3.56316e-06
Dhf Weighted Least-Squares Error: 4.72110e-06
--------------------------------------------
Dispersion Parameters:
    Functional Form = 
	E(disp)_ij = sum_(n=6,8,10,12){A*fdamp_n*(Cij_n/r_ij^n)}
               C6              C8             C10             C12       
CO2          4.847096       18.798288       63.256519      202.859856
CM           5.544423       23.289281      120.277772      510.393921
HM           1.512843        6.550977       33.561806      144.894964
HO1          1.275466        4.018693       30.302404        0.000000
OH1          3.819955       17.890308       89.856938      392.757676
HT8          1.498389        6.488268       33.240608        0.000000
Fitted Atomtypes 
               A        
CO2(0)        0.805279
               A        
HT8(0)        1.251995
               A             a_y10           a_y20      
HO1(0)        0.887177       -0.333628       -0.206970
               A             a_y10           a_y20           a_y22c     
OH1(0)        0.946151       -0.291266        0.052722       -0.231564
               A             a_y22c     
CM(0)        1.094484       -0.093920
               A             a_y10           a_y20      
HM(0)        0.820430        0.260153        0.190789
Constrained Atomtypes 
  None
------------
Dispersion RMS Error: 6.64987e-05
Dispersion Weighted RMS Error: 6.64987e-05
Dispersion Weighted Absolute Error: -1.43433e-07
Dispersion Weighted Least-Squares Error: 2.49258e-06
--------------------------------------------
Total Energy:
------------
Total Energy RMS Error: 3.57990e-04
Total Energy Weighted RMS Error: 3.57990e-04
Total Energy Weighted Absolute Error: 1.89352e-05
Total Energy Weighted Least-Squares Error: 5.36230e-05
--------------------------------------------
#########################################################################


