########################## FF Fitting Summary ###########################
--------------------------------------------
Program Version: 1.1.0
Short-range Functional Form: born-mayer
Combination Rules: aij = geometric
                   bij = geometric_mean
Electrostatic Damping Type: None
Thole Param: 0.39
Fitting weight: eff_mu = 0.0 Ha
                eff_kt = 0.0083 Ha
Weighted RMSE cutoff: 0.0 Ha
Anisotropic Atomtypes: H2O  OH2  
All parameters have been radially corrected to account for Slater overlap
This radial correction is approximate, and is only rigorous for the case where bi = bj.
------------
Exponents (Optimized):
H2O(0)     2.408388
OH2(0)     2.232375
HT2(0)     2.077303
CT2(0)     2.337085
------------
Monomer 1 Multipole File:
ethane_ISA-GRID_L2.mom
Monomer 2 Multipole File:
h2o_ISA-GRID_L2.mom
--------------------------------------------
Exchange Parameters:
    Functional Form = 
	E(exch)_ij = A*K2(rij)*(1 + a_yml*Y_ml)*exp(-bij*rij)
    where the a coefficient for each spherical harmonic term Y_ml
    is listed in the parameters below and 
	K2(rij) = 1/3*(bij*rij)**2 + bij*rij + 1 
Fitted Atomtypes 
               A        
HT2(0)        0.419466
               A        
CT2(0)        3.720646
               A             a_y10           a_y20      
H2O(0)        0.305091       -0.882596       -0.607902
               A             a_y10           a_y20           a_y22c     
OH2(0)        3.977716        0.115258        0.052572       -0.279712
Constrained Atomtypes 
  None
------------
Exchange RMS Error: 5.36508e-04
Exchange Weighted RMS Error: 1.09862e-04
Exchange Weighted Absolute Error: -6.67438e-06
Exchange Weighted Least-Squares Error: 2.45871e-05
--------------------------------------------
Electrostatic Parameters:
    Functional Form = 
	E(elst)_ij = f_damp*qi*qj/rij - A*K2(rij)*(1 + a_yml*Y_ml)*exp(-bij*rij)
Fitted Atomtypes 
               A        
HT2(0)        0.207674
               A        
CT2(0)        2.117129
               A             a_y10           a_y20      
H2O(0)        0.586359        0.958263        0.283731
               A             a_y10           a_y20           a_y22c     
OH2(0)        2.029331       -0.110427        0.056723       -0.525967
Constrained Atomtypes 
  None
------------
Electrostatics RMS Error: 2.10043e-04
Electrostatics Weighted RMS Error: 5.87998e-05
Electrostatics Weighted Absolute Error: 7.94201e-06
Electrostatics Weighted Least-Squares Error: 3.19494e-05
--------------------------------------------
Drude oscillator energy has been calculated using the following method: multipole-gradient
Induction Parameters:
    Functional Form = 
	E(ind)_ij = shell_charge - A*K2(rij)*(1 + a_yml*Y_ml)*exp(-bij*rij)
Fitted Atomtypes 
               A        
HT2(0)        0.010963
               A        
CT2(0)        0.250492
               A             a_y10           a_y20      
H2O(0)        0.718538       -0.143093       -0.050002
               A             a_y10           a_y20           a_y22c     
OH2(0)        0.000000        0.386000       -0.008123        0.158854
Constrained Atomtypes 
  None
------------
Induction RMS Error: 6.01575e-05
Induction Weighted RMS Error: 1.45075e-05
Induction Weighted Absolute Error: -7.23675e-06
Induction Weighted Least-Squares Error: 1.91819e-06
--------------------------------------------
DHF Parameters:
    Functional Form = 
	E(dhf)_ij = - A*K2(rij)*(1 + a_yml*Y_ml)*exp(-bij*rij)
Fitted Atomtypes 
               A        
HT2(0)        0.204851
               A        
CT2(0)        0.000000
               A             a_y10           a_y20      
H2O(0)        0.086848       -1.000000       -0.058319
               A             a_y10           a_y20           a_y22c     
OH2(0)        0.490146       -0.398127       -0.076186       -0.422482
Constrained Atomtypes 
  None
------------
Dhf RMS Error: 6.01801e-05
Dhf Weighted RMS Error: 1.74572e-05
Dhf Weighted Absolute Error: 1.13918e-05
Dhf Weighted Least-Squares Error: 1.92318e-06
--------------------------------------------
Dispersion Parameters:
    Functional Form = 
	E(disp)_ij = sum_(n=6,8,10,12){A*fdamp_n*(Cij_n/r_ij^n)}
               C6              C8             C10             C12       
H2O          0.880629        1.744112       16.442916        0.000000
OH2          5.035664       23.165974      110.758015      470.057253
HT2          1.498389        6.488268       33.240608        0.000000
CT2          4.847096       18.798288       63.256519      202.859856
Fitted Atomtypes 
               A        
HT2(0)        1.000000
               A        
CT2(0)        1.000000
               A             a_y10           a_y20      
H2O(0)        1.000000       -0.211822       -0.023841
               A             a_y10           a_y20           a_y22c     
OH2(0)        1.000000        0.008298        0.009810       -0.126261
Constrained Atomtypes 
  None
------------
Dispersion RMS Error: 1.16589e-04
Dispersion Weighted RMS Error: 3.86436e-05
Dispersion Weighted Absolute Error: -1.56216e-06
Dispersion Weighted Least-Squares Error: 9.02666e-06
--------------------------------------------
Total Energy:
------------
Total Energy RMS Error: 3.18954e-04
Total Energy Weighted RMS Error: 6.32980e-05
Total Energy Weighted Absolute Error: 3.86047e-06
Total Energy Weighted Least-Squares Error: 2.94085e-05
--------------------------------------------
#########################################################################


