########################## FF Fitting Summary ###########################
--------------------------------------------
Program Version: 1.1.0
Short-range Functional Form: born-mayer
Combination Rules: aij = geometric
                   bij = geometric_mean
Electrostatic Damping Type: None
Thole Param: 0.39
Fitting weight: eff_mu = 0.0 Ha
                eff_kt = 0.0033 Ha
Weighted RMSE cutoff: 0.0 Ha
Anisotropic Atomtypes: None
All parameters have been radially corrected to account for Slater overlap
This radial correction is approximate, and is only rigorous for the case where bi = bj.
------------
Exponents:
H2O(0)     1.564809
OH2(0)     2.488426
HT2(0)     2.169519
CT2(0)     2.261214
------------
Monomer 1 Multipole File:
ethane_ISA-GRID_L2.mom
Monomer 2 Multipole File:
h2o_ISA-GRID_L2.mom
--------------------------------------------
Exchange Parameters:
    Functional Form = 
	E(exch)_ij = A*K2(rij)*(1 + a_yml*Y_ml)*exp(-bij*rij)
    where the a coefficient for each spherical harmonic term Y_ml
    is listed in the parameters below and 
	K2(rij) = 1/3*(bij*rij)**2 + bij*rij + 1 
Fitted Atomtypes 
  None
Constrained Atomtypes 
               A        
H2O(0)        0.093056
               A        
OH2(0)        5.570999
               A        
HT2(0)        0.588406
               A        
CT2(0)        3.214042
------------
Exchange RMS Error: 1.12583e-03
Exchange Weighted RMS Error: 2.89741e-04
Exchange Weighted Absolute Error: -7.48412e-05
Exchange Weighted Least-Squares Error: 3.54685e-05
--------------------------------------------
Electrostatic Parameters:
    Functional Form = 
	E(elst)_ij = f_damp*qi*qj/rij - A*K2(rij)*(1 + a_yml*Y_ml)*exp(-bij*rij)
Fitted Atomtypes 
  None
Constrained Atomtypes 
               A        
H2O(0)        0.034153
               A        
OH2(0)        3.716275
               A        
HT2(0)        0.290517
               A        
CT2(0)        2.165359
------------
Electrostatics RMS Error: 5.02803e-04
Electrostatics Weighted RMS Error: 1.15439e-04
Electrostatics Weighted Absolute Error: 1.89272e-05
Electrostatics Weighted Least-Squares Error: 2.19425e-04
--------------------------------------------
Drude oscillator energy has been calculated using the following method: multipole-gradient
Induction Parameters:
    Functional Form = 
	E(ind)_ij = shell_charge - A*K2(rij)*(1 + a_yml*Y_ml)*exp(-bij*rij)
Fitted Atomtypes 
  None
Constrained Atomtypes 
               A        
H2O(0)        0.054241
               A        
OH2(0)        0.000000
               A        
HT2(0)        0.110461
               A        
CT2(0)        0.292336
------------
Induction RMS Error: 9.32456e-05
Induction Weighted RMS Error: 2.65944e-05
Induction Weighted Absolute Error: 1.38453e-05
Induction Weighted Least-Squares Error: 4.90230e-06
--------------------------------------------
DHF Parameters:
    Functional Form = 
	E(dhf)_ij = - A*K2(rij)*(1 + a_yml*Y_ml)*exp(-bij*rij)
Fitted Atomtypes 
  None
Constrained Atomtypes 
               A        
H2O(0)        0.023970
               A        
OH2(0)        1.159151
               A        
HT2(0)        0.200339
               A        
CT2(0)        0.090472
------------
Dhf RMS Error: 9.67792e-05
Dhf Weighted RMS Error: 2.08620e-05
Dhf Weighted Absolute Error: 7.63852e-06
Dhf Weighted Least-Squares Error: 5.60999e-06
--------------------------------------------
Dispersion Parameters:
    Functional Form = 
	E(disp)_ij = sum_(n=6,8,10,12){A*fdamp_n*(Cij_n/r_ij^n)}
               C6              C8             C10             C12       
CT2          4.847096       18.798288       63.256519      202.859856
H2O          0.880629        1.744112       16.442916        0.000000
HT2          1.498389        6.488268       33.240608        0.000000
OH2          5.035664       23.165974      110.758015      470.057253
Fitted Atomtypes 
  None
Constrained Atomtypes 
               A        
H2O(0)        1.000000
               A        
OH2(0)        1.000000
               A        
HT2(0)        1.000000
               A        
CT2(0)        1.000000
------------
Dispersion RMS Error: 3.49144e-04
Dispersion Weighted RMS Error: 1.25710e-04
Dispersion Weighted Absolute Error: -4.12435e-05
Dispersion Weighted Least-Squares Error: 1.00194e-04
--------------------------------------------
Total Energy:
------------
Total Energy RMS Error: 5.47553e-04
Total Energy Weighted RMS Error: 2.11654e-04
Total Energy Weighted Absolute Error: -7.56737e-05
Total Energy Weighted Least-Squares Error: 7.55522e-05
--------------------------------------------
#########################################################################


