########################## FF Fitting Summary ###########################
--------------------------------------------
Program Version: 1.1.0
Short-range Functional Form: born-mayer
Combination Rules: aij = geometric
                   bij = geometric_mean
Electrostatic Damping Type: None
Thole Param: 0.39
Fitting weight: eff_mu = 0.0 Ha
                eff_kt = 0.0033 Ha
Weighted RMSE cutoff: 0.0 Ha
Anisotropic Atomtypes: None
All parameters have been radially corrected to account for Slater overlap
This radial correction is approximate, and is only rigorous for the case where bi = bj.
------------
Exponents:
H2O(0)     1.564809
OH2(0)     2.488426
HT2(0)     2.169519
CT2(0)     2.261214
------------
Monomer 1 Multipole File:
ethane_ISA-GRID_L0.mom
Monomer 2 Multipole File:
h2o_ISA-GRID_L0.mom
--------------------------------------------
Exchange Parameters:
    Functional Form = 
	E(exch)_ij = A*K2(rij)*(1 + a_yml*Y_ml)*exp(-bij*rij)
    where the a coefficient for each spherical harmonic term Y_ml
    is listed in the parameters below and 
	K2(rij) = 1/3*(bij*rij)**2 + bij*rij + 1 
Fitted Atomtypes 
  None
Constrained Atomtypes 
               A        
H2O(0)        0.093056
               A        
OH2(0)        5.570999
               A        
HT2(0)        0.588406
               A        
CT2(0)        3.214042
------------
Exchange RMS Error: 1.12583e-03
Exchange Weighted RMS Error: 1.12583e-03
Exchange Weighted Absolute Error: -7.48412e-05
Exchange Weighted Least-Squares Error: 3.54685e-05
--------------------------------------------
Electrostatic Parameters:
    Functional Form = 
	E(elst)_ij = f_damp*qi*qj/rij - A*K2(rij)*(1 + a_yml*Y_ml)*exp(-bij*rij)
Fitted Atomtypes 
  None
Constrained Atomtypes 
               A        
H2O(0)        0.032756
               A        
OH2(0)        3.741217
               A        
HT2(0)        0.293685
               A        
CT2(0)        2.141939
------------
Electrostatics RMS Error: 6.00113e-04
Electrostatics Weighted RMS Error: 6.00113e-04
Electrostatics Weighted Absolute Error: -5.88525e-06
Electrostatics Weighted Least-Squares Error: 2.85718e-04
--------------------------------------------
Drude oscillator energy has been calculated using the following method: multipole-gradient
Induction Parameters:
    Functional Form = 
	E(ind)_ij = shell_charge - A*K2(rij)*(1 + a_yml*Y_ml)*exp(-bij*rij)
Fitted Atomtypes 
  None
Constrained Atomtypes 
               A        
H2O(0)        0.000000
               A        
OH2(0)        0.000000
               A        
HT2(0)        0.114894
               A        
CT2(0)        0.276524
------------
Induction RMS Error: 1.69510e-04
Induction Weighted RMS Error: 1.69510e-04
Induction Weighted Absolute Error: 4.59363e-06
Induction Weighted Least-Squares Error: 1.66177e-05
--------------------------------------------
DHF Parameters:
    Functional Form = 
	E(dhf)_ij = - A*K2(rij)*(1 + a_yml*Y_ml)*exp(-bij*rij)
Fitted Atomtypes 
  None
Constrained Atomtypes 
               A        
H2O(0)        0.023941
               A        
OH2(0)        1.154057
               A        
HT2(0)        0.200320
               A        
CT2(0)        0.092303
------------
Dhf RMS Error: 1.00794e-04
Dhf Weighted RMS Error: 1.00794e-04
Dhf Weighted Absolute Error: 7.44632e-06
Dhf Weighted Least-Squares Error: 6.09790e-06
--------------------------------------------
Dispersion Parameters:
    Functional Form = 
	E(disp)_ij = sum_(n=6,8,10,12){A*fdamp_n*(Cij_n/r_ij^n)}
               C6              C8             C10             C12       
CT2          4.847096       18.798288       63.256519      202.859856
H2O          0.880629        1.744112       16.442916        0.000000
HT2          1.498389        6.488268       33.240608        0.000000
OH2          5.035664       23.165974      110.758015      470.057253
Fitted Atomtypes 
  None
Constrained Atomtypes 
               A        
H2O(0)        1.300000
               A        
OH2(0)        0.926842
               A        
HT2(0)        1.212991
               A        
CT2(0)        0.700000
------------
Dispersion RMS Error: 2.59359e-04
Dispersion Weighted RMS Error: 2.59359e-04
Dispersion Weighted Absolute Error: -1.89782e-05
Dispersion Weighted Least-Squares Error: 5.50491e-05
--------------------------------------------
Total Energy:
------------
Total Energy RMS Error: 7.57022e-04
Total Energy Weighted RMS Error: 7.57022e-04
Total Energy Weighted Absolute Error: -8.76647e-05
Total Energy Weighted Least-Squares Error: 1.51357e-04
--------------------------------------------
#########################################################################


