########################## FF Fitting Summary ###########################
--------------------------------------------
Program Version: 1.1.0
Short-range Functional Form: born-mayer
Combination Rules: aij = geometric
                   bij = geometric_mean
Electrostatic Damping Type: None
Thole Param: 0.39
Fitting weight: eff_mu = 0.0 Ha
                eff_kt = 0.0033 Ha
Weighted RMSE cutoff: 0.0 Ha
Anisotropic Atomtypes: H2O  OH2  
All parameters have been radially corrected to account for Slater overlap
This radial correction is approximate, and is only rigorous for the case where bi = bj.
------------
Exponents:
H2O(0)     2.333626
OH2(0)     2.182379
HT2(0)     2.169519
CT2(0)     2.261214
------------
Monomer 1 Multipole File:
ethane_ISA-GRID_L2.mom
Monomer 2 Multipole File:
h2o_ISA-GRID_L2.mom
--------------------------------------------
Exchange Parameters:
    Functional Form = 
	E(exch)_ij = A*K2(rij)*(1 + a_yml*Y_ml)*exp(-bij*rij)
    where the a coefficient for each spherical harmonic term Y_ml
    is listed in the parameters below and 
	K2(rij) = 1/3*(bij*rij)**2 + bij*rij + 1 
Fitted Atomtypes 
  None
Constrained Atomtypes 
               A             a_y10           a_y20      
H2O(0)        0.491262        0.370677        0.035472
               A             a_y10           a_y20           a_y22c     
OH2(0)        2.882381        0.033497        0.056739       -0.318193
               A        
HT2(0)        0.588406
               A        
CT2(0)        3.214042
------------
Exchange RMS Error: 5.60173e-04
Exchange Weighted RMS Error: 5.60173e-04
Exchange Weighted Absolute Error: -1.80059e-05
Exchange Weighted Least-Squares Error: 6.92554e-06
--------------------------------------------
Electrostatic Parameters:
    Functional Form = 
	E(elst)_ij = f_damp*qi*qj/rij - A*K2(rij)*(1 + a_yml*Y_ml)*exp(-bij*rij)
Fitted Atomtypes 
  None
Constrained Atomtypes 
               A             a_y10           a_y20      
H2O(0)        0.135525        0.565190        0.216843
               A             a_y10           a_y20           a_y22c     
OH2(0)        2.071946        0.176707        0.062821       -0.299709
               A        
HT2(0)        0.290517
               A        
CT2(0)        2.165359
------------
Electrostatics RMS Error: 2.22467e-04
Electrostatics Weighted RMS Error: 2.22467e-04
Electrostatics Weighted Absolute Error: 5.57357e-06
Electrostatics Weighted Least-Squares Error: 4.28939e-05
--------------------------------------------
Drude oscillator energy has been calculated using the following method: multipole-gradient
Induction Parameters:
    Functional Form = 
	E(ind)_ij = shell_charge - A*K2(rij)*(1 + a_yml*Y_ml)*exp(-bij*rij)
Fitted Atomtypes 
  None
Constrained Atomtypes 
               A             a_y10           a_y20      
H2O(0)        0.165670       -0.068043       -0.314646
               A             a_y10           a_y20           a_y22c     
OH2(0)        0.000000        0.179147        0.041294        0.161168
               A        
HT2(0)        0.110461
               A        
CT2(0)        0.292341
------------
Induction RMS Error: 7.35971e-05
Induction Weighted RMS Error: 7.35971e-05
Induction Weighted Absolute Error: -2.43517e-06
Induction Weighted Least-Squares Error: 3.12387e-06
--------------------------------------------
DHF Parameters:
    Functional Form = 
	E(dhf)_ij = - A*K2(rij)*(1 + a_yml*Y_ml)*exp(-bij*rij)
Fitted Atomtypes 
  None
Constrained Atomtypes 
               A             a_y10           a_y20      
H2O(0)        0.084216       -1.000000       -0.113013
               A             a_y10           a_y20           a_y22c     
OH2(0)        0.576831       -0.272857        0.004246       -0.351942
               A        
HT2(0)        0.200338
               A        
CT2(0)        0.090473
------------
Dhf RMS Error: 6.76230e-05
Dhf Weighted RMS Error: 6.76230e-05
Dhf Weighted Absolute Error: 1.07073e-05
Dhf Weighted Least-Squares Error: 2.75069e-06
--------------------------------------------
Dispersion Parameters:
    Functional Form = 
	E(disp)_ij = sum_(n=6,8,10,12){A*fdamp_n*(Cij_n/r_ij^n)}
               C6              C8             C10             C12       
CT2          4.847096       18.798288       63.256519      202.859856
H2O          0.880629        1.744112       16.442916        0.000000
HT2          1.498389        6.488268       33.240608        0.000000
OH2          5.035664       23.165974      110.758015      470.057253
Fitted Atomtypes 
  None
Constrained Atomtypes 
               A             a_y10           a_y20      
H2O(0)        1.300000        0.078362        0.029717
               A             a_y10           a_y20           a_y22c     
OH2(0)        0.907544       -0.036133        0.027028       -0.133429
               A        
HT2(0)        1.212991
               A        
CT2(0)        0.700000
------------
Dispersion RMS Error: 8.07098e-05
Dispersion Weighted RMS Error: 8.07098e-05
Dispersion Weighted Absolute Error: 1.44753e-05
Dispersion Weighted Least-Squares Error: 5.46596e-06
--------------------------------------------
Total Energy:
------------
Total Energy RMS Error: 3.48577e-04
Total Energy Weighted RMS Error: 3.48577e-04
Total Energy Weighted Absolute Error: 1.03151e-05
Total Energy Weighted Least-Squares Error: 2.39187e-05
--------------------------------------------
#########################################################################


