########################## FF Fitting Summary ###########################
--------------------------------------------
Program Version: 1.1.0
Short-range Functional Form: born-mayer
Combination Rules: aij = geometric
                   bij = geometric_mean
Electrostatic Damping Type: None
Thole Param: 0.39
Fitting weight: eff_mu = 0.0 Ha
                eff_kt = 0.0083 Ha
Weighted RMSE cutoff: 0.0 Ha
Anisotropic Atomtypes: None
All parameters have been radially corrected to account for Slater overlap
This radial correction is approximate, and is only rigorous for the case where bi = bj.
------------
Exponents (Optimized):
H2O(0)     2.132399
OH2(0)     2.362384
HT2(0)     2.046364
CT2(0)     2.220840
------------
Monomer 1 Multipole File:
ethane_ISA-GRID_L2.mom
Monomer 2 Multipole File:
h2o_ISA-GRID_L2.mom
--------------------------------------------
Exchange Parameters:
    Functional Form = 
	E(exch)_ij = A*K2(rij)*(1 + a_yml*Y_ml)*exp(-bij*rij)
    where the a coefficient for each spherical harmonic term Y_ml
    is listed in the parameters below and 
	K2(rij) = 1/3*(bij*rij)**2 + bij*rij + 1 
Fitted Atomtypes 
               A        
H2O(0)        0.246107
               A        
OH2(0)        3.811320
               A        
HT2(0)        0.508067
               A        
CT2(0)        3.472900
Constrained Atomtypes 
  None
------------
Exchange RMS Error: 1.06496e-03
Exchange Weighted RMS Error: 1.06496e-03
Exchange Weighted Absolute Error: -3.42195e-05
Exchange Weighted Least-Squares Error: 1.04656e-04
--------------------------------------------
Electrostatic Parameters:
    Functional Form = 
	E(elst)_ij = f_damp*qi*qj/rij - A*K2(rij)*(1 + a_yml*Y_ml)*exp(-bij*rij)
Fitted Atomtypes 
               A        
H2O(0)        0.101812
               A        
OH2(0)        2.369361
               A        
HT2(0)        0.290644
               A        
CT2(0)        2.127199
Constrained Atomtypes 
  None
------------
Electrostatics RMS Error: 4.75876e-04
Electrostatics Weighted RMS Error: 4.75876e-04
Electrostatics Weighted Absolute Error: 3.79776e-05
Electrostatics Weighted Least-Squares Error: 1.62783e-04
--------------------------------------------
Drude oscillator energy has been calculated using the following method: multipole-gradient
Induction Parameters:
    Functional Form = 
	E(ind)_ij = shell_charge - A*K2(rij)*(1 + a_yml*Y_ml)*exp(-bij*rij)
Fitted Atomtypes 
               A        
H2O(0)        0.704104
               A        
OH2(0)        0.000000
               A        
HT2(0)        0.006623
               A        
CT2(0)        0.135760
Constrained Atomtypes 
  None
------------
Induction RMS Error: 6.19993e-05
Induction Weighted RMS Error: 6.19993e-05
Induction Weighted Absolute Error: -4.94458e-06
Induction Weighted Least-Squares Error: 2.03223e-06
--------------------------------------------
DHF Parameters:
    Functional Form = 
	E(dhf)_ij = - A*K2(rij)*(1 + a_yml*Y_ml)*exp(-bij*rij)
Fitted Atomtypes 
               A        
H2O(0)        0.040922
               A        
OH2(0)        0.480138
               A        
HT2(0)        0.294739
               A        
CT2(0)        0.000000
Constrained Atomtypes 
  None
------------
Dhf RMS Error: 8.04548e-05
Dhf Weighted RMS Error: 8.04548e-05
Dhf Weighted Absolute Error: 7.78087e-06
Dhf Weighted Least-Squares Error: 3.43187e-06
--------------------------------------------
Dispersion Parameters:
    Functional Form = 
	E(disp)_ij = sum_(n=6,8,10,12){A*fdamp_n*(Cij_n/r_ij^n)}
               C6              C8             C10             C12       
H2O          0.880629        1.744112       16.442916        0.000000
OH2          5.035664       23.165974      110.758015      470.057253
HT2          1.498389        6.488268       33.240608        0.000000
CT2          4.847096       18.798288       63.256519      202.859856
Fitted Atomtypes 
               A        
H2O(0)        1.268293
               A        
OH2(0)        0.872169
               A        
HT2(0)        1.299788
               A        
CT2(0)        0.763023
Constrained Atomtypes 
  None
------------
Dispersion RMS Error: 1.28954e-04
Dispersion Weighted RMS Error: 1.28954e-04
Dispersion Weighted Absolute Error: 3.08374e-05
Dispersion Weighted Least-Squares Error: 1.07990e-05
--------------------------------------------
Total Energy:
------------
Total Energy RMS Error: 5.70851e-04
Total Energy Weighted RMS Error: 5.70851e-04
Total Energy Weighted Absolute Error: 3.74318e-05
Total Energy Weighted Least-Squares Error: 9.17566e-05
--------------------------------------------
#########################################################################


########################## FF Fitting Summary ###########################
--------------------------------------------
Program Version: 1.1.0
Short-range Functional Form: born-mayer
Combination Rules: aij = geometric
                   bij = geometric_mean
Electrostatic Damping Type: None
Thole Param: 0.39
Fitting weight: eff_mu = 0.0 Ha
                eff_kt = 0.0083 Ha
Weighted RMSE cutoff: 0.0 Ha
Anisotropic Atomtypes: None
All parameters have been radially corrected to account for Slater overlap
This radial correction is approximate, and is only rigorous for the case where bi = bj.
------------
Exponents (Optimized):
H2O(0)     2.132399
OH2(0)     2.362384
HT2(0)     2.046364
CT2(0)     2.220840
------------
Monomer 1 Multipole File:
ethane_ISA-GRID_L2.mom
Monomer 2 Multipole File:
h2o_ISA-GRID_L2.mom
--------------------------------------------
Exchange Parameters:
    Functional Form = 
	E(exch)_ij = A*K2(rij)*(1 + a_yml*Y_ml)*exp(-bij*rij)
    where the a coefficient for each spherical harmonic term Y_ml
    is listed in the parameters below and 
	K2(rij) = 1/3*(bij*rij)**2 + bij*rij + 1 
Fitted Atomtypes 
               A        
H2O(0)        0.246107
               A        
OH2(0)        3.811320
               A        
HT2(0)        0.508067
               A        
CT2(0)        3.472900
Constrained Atomtypes 
  None
------------
Exchange RMS Error: 1.06496e-03
Exchange Weighted RMS Error: 1.06496e-03
Exchange Weighted Absolute Error: -3.42195e-05
Exchange Weighted Least-Squares Error: 1.04656e-04
--------------------------------------------
Electrostatic Parameters:
    Functional Form = 
	E(elst)_ij = f_damp*qi*qj/rij - A*K2(rij)*(1 + a_yml*Y_ml)*exp(-bij*rij)
Fitted Atomtypes 
               A        
H2O(0)        0.101812
               A        
OH2(0)        2.369361
               A        
HT2(0)        0.290644
               A        
CT2(0)        2.127199
Constrained Atomtypes 
  None
------------
Electrostatics RMS Error: 4.75876e-04
Electrostatics Weighted RMS Error: 4.75876e-04
Electrostatics Weighted Absolute Error: 3.79776e-05
Electrostatics Weighted Least-Squares Error: 1.62783e-04
--------------------------------------------
Drude oscillator energy has been calculated using the following method: multipole-gradient
Induction Parameters:
    Functional Form = 
	E(ind)_ij = shell_charge - A*K2(rij)*(1 + a_yml*Y_ml)*exp(-bij*rij)
Fitted Atomtypes 
               A        
H2O(0)        0.704143
               A        
OH2(0)        0.000000
               A        
HT2(0)        0.006623
               A        
CT2(0)        0.135752
Constrained Atomtypes 
  None
------------
Induction RMS Error: 6.19985e-05
Induction Weighted RMS Error: 6.19985e-05
Induction Weighted Absolute Error: -4.94461e-06
Induction Weighted Least-Squares Error: 2.03218e-06
--------------------------------------------
DHF Parameters:
    Functional Form = 
	E(dhf)_ij = - A*K2(rij)*(1 + a_yml*Y_ml)*exp(-bij*rij)
Fitted Atomtypes 
               A        
H2O(0)        0.040886
               A        
OH2(0)        0.479720
               A        
HT2(0)        0.294992
               A        
CT2(0)        0.000000
Constrained Atomtypes 
  None
------------
Dhf RMS Error: 8.04526e-05
Dhf Weighted RMS Error: 8.04526e-05
Dhf Weighted Absolute Error: 7.78052e-06
Dhf Weighted Least-Squares Error: 3.43167e-06
--------------------------------------------
Dispersion Parameters:
    Functional Form = 
	E(disp)_ij = sum_(n=6,8,10,12){A*fdamp_n*(Cij_n/r_ij^n)}
               C6              C8             C10             C12       
H2O          0.880629        1.744112       16.442916        0.000000
OH2          5.035664       23.165974      110.758015      470.057253
HT2          1.498389        6.488268       33.240608        0.000000
CT2          4.847096       18.798288       63.256519      202.859856
Fitted Atomtypes 
               A        
H2O(0)        1.268293
               A        
OH2(0)        0.872169
               A        
HT2(0)        1.299788
               A        
CT2(0)        0.763023
Constrained Atomtypes 
  None
------------
Dispersion RMS Error: 1.28954e-04
Dispersion Weighted RMS Error: 1.28954e-04
Dispersion Weighted Absolute Error: 3.08374e-05
Dispersion Weighted Least-Squares Error: 1.07990e-05
--------------------------------------------
Total Energy:
------------
Total Energy RMS Error: 5.70847e-04
Total Energy Weighted RMS Error: 5.70847e-04
Total Energy Weighted Absolute Error: 3.74314e-05
Total Energy Weighted Least-Squares Error: 9.17564e-05
--------------------------------------------
#########################################################################


