########################## FF Fitting Summary ###########################
--------------------------------------------
Program Version: 1.1.0
Short-range Functional Form: born-mayer
Combination Rules: aij = geometric
                   bij = geometric_mean
Electrostatic Damping Type: None
Thole Param: 0.39
Fitting weight: eff_mu = 0.0 Ha
                eff_kt = 0.0104 Ha
Weighted RMSE cutoff: 0.0 Ha
Anisotropic Atomtypes: Cl   
All parameters have been radially corrected to account for Slater overlap
This radial correction is approximate, and is only rigorous for the case where bi = bj.
------------
Exponents (Optimized):
HT6(0)     2.625763
CCl(0)     2.189703
HT2(0)     1.932431
CT2(0)     2.230555
Cl(0)      2.169260
------------
Monomer 1 Multipole File:
chloromethane_ISA-GRID_L2.mom
Monomer 2 Multipole File:
ethane_ISA-GRID_L2.mom
--------------------------------------------
Exchange Parameters:
    Functional Form = 
	E(exch)_ij = A*K2(rij)*(1 + a_yml*Y_ml)*exp(-bij*rij)
    where the a coefficient for each spherical harmonic term Y_ml
    is listed in the parameters below and 
	K2(rij) = 1/3*(bij*rij)**2 + bij*rij + 1 
Fitted Atomtypes 
               A        
HT6(0)        0.624722
               A        
HT2(0)        0.550157
               A        
CT2(0)        5.146336
               A        
CCl(0)        2.637039
               A             a_y10           a_y20      
Cl(0)        3.884496       -0.611674       -0.712846
Constrained Atomtypes 
  None
------------
Exchange RMS Error: 6.37886e-04
Exchange Weighted RMS Error: 1.36865e-04
Exchange Weighted Absolute Error: 5.42125e-06
Exchange Weighted Least-Squares Error: 3.04891e-05
--------------------------------------------
Electrostatic Parameters:
    Functional Form = 
	E(elst)_ij = f_damp*qi*qj/rij - A*K2(rij)*(1 + a_yml*Y_ml)*exp(-bij*rij)
Fitted Atomtypes 
               A        
HT6(0)        0.157487
               A        
HT2(0)        0.479036
               A        
CT2(0)        5.045318
               A        
CCl(0)        1.015243
               A             a_y10           a_y20      
Cl(0)        1.599064       -0.444889       -0.629268
Constrained Atomtypes 
  None
------------
Electrostatics RMS Error: 2.35009e-04
Electrostatics Weighted RMS Error: 6.47664e-05
Electrostatics Weighted Absolute Error: 1.86166e-05
Electrostatics Weighted Least-Squares Error: 4.04545e-05
--------------------------------------------
Drude oscillator energy has been calculated using the following method: multipole-gradient
Induction Parameters:
    Functional Form = 
	E(ind)_ij = shell_charge - A*K2(rij)*(1 + a_yml*Y_ml)*exp(-bij*rij)
Fitted Atomtypes 
               A        
HT6(0)        0.173513
               A        
HT2(0)        0.042319
               A        
CT2(0)        1.002942
               A        
CCl(0)        0.419031
               A             a_y10           a_y20      
Cl(0)        1.750582        0.517983        0.290309
Constrained Atomtypes 
  None
------------
Induction RMS Error: 1.23984e-04
Induction Weighted RMS Error: 3.71689e-05
Induction Weighted Absolute Error: 1.54207e-05
Induction Weighted Least-Squares Error: 8.11985e-06
--------------------------------------------
DHF Parameters:
    Functional Form = 
	E(dhf)_ij = - A*K2(rij)*(1 + a_yml*Y_ml)*exp(-bij*rij)
Fitted Atomtypes 
               A        
HT6(0)        0.464572
               A        
HT2(0)        0.120407
               A        
CT2(0)        0.000000
               A        
CCl(0)        0.054243
               A             a_y10           a_y20      
Cl(0)        1.289600       -0.832268       -0.341366
Constrained Atomtypes 
  None
------------
Dhf RMS Error: 1.24788e-04
Dhf Weighted RMS Error: 2.65626e-05
Dhf Weighted Absolute Error: -2.76867e-07
Dhf Weighted Least-Squares Error: 8.31800e-06
--------------------------------------------
Dispersion Parameters:
    Functional Form = 
	E(disp)_ij = sum_(n=6,8,10,12){A*fdamp_n*(Cij_n/r_ij^n)}
               C6              C8             C10             C12       
HT6          1.498389        6.488268       33.240608        0.000000
CCl          4.847096       18.798288       63.256519      202.859856
HT2          1.498389        6.488268       33.240608        0.000000
CT2          4.847096       18.798288       63.256519      202.859856
Cl           9.656104       40.197680      256.351184     1144.914599
Fitted Atomtypes 
               A        
HT6(0)        1.000000
               A        
HT2(0)        1.000000
               A        
CT2(0)        1.000000
               A        
CCl(0)        1.000000
               A             a_y10           a_y20      
Cl(0)        1.000000       -0.437838       -0.397093
Constrained Atomtypes 
  None
------------
Dispersion RMS Error: 1.87198e-04
Dispersion Weighted RMS Error: 6.65468e-05
Dispersion Weighted Absolute Error: -2.35025e-05
Dispersion Weighted Least-Squares Error: 2.44625e-05
--------------------------------------------
Total Energy:
------------
Total Energy RMS Error: 3.87642e-04
Total Energy Weighted RMS Error: 9.96150e-05
Total Energy Weighted Absolute Error: 1.56792e-05
Total Energy Weighted Least-Squares Error: 4.73867e-05
--------------------------------------------
#########################################################################


