########################## FF Fitting Summary ###########################
--------------------------------------------
Program Version: 1.1.0
Short-range Functional Form: born-mayer
Combination Rules: aij = geometric
                   bij = geometric_mean
Electrostatic Damping Type: None
Thole Param: 0.39
Fitting weight: eff_mu = 0.0 Ha
                eff_kt = 0.0104 Ha
Weighted RMSE cutoff: 0.0 Ha
Anisotropic Atomtypes: None
All parameters have been radially corrected to account for Slater overlap
This radial correction is approximate, and is only rigorous for the case where bi = bj.
------------
Exponents (Optimized):
HT6(0)     2.807331
CCl(0)     1.918818
HT2(0)     1.902111
CT2(0)     2.283051
Cl(0)      2.191028
------------
Monomer 1 Multipole File:
chloromethane_ISA-GRID_L2.mom
Monomer 2 Multipole File:
ethane_ISA-GRID_L2.mom
--------------------------------------------
Exchange Parameters:
    Functional Form = 
	E(exch)_ij = A*K2(rij)*(1 + a_yml*Y_ml)*exp(-bij*rij)
    where the a coefficient for each spherical harmonic term Y_ml
    is listed in the parameters below and 
	K2(rij) = 1/3*(bij*rij)**2 + bij*rij + 1 
Fitted Atomtypes 
               A        
HT6(0)        1.311609
               A        
CCl(0)        2.553620
               A        
HT2(0)        0.298795
               A        
CT2(0)        3.380079
               A        
Cl(0)        8.901791
Constrained Atomtypes 
  None
------------
Exchange RMS Error: 1.02568e-03
Exchange Weighted RMS Error: 1.02568e-03
Exchange Weighted Absolute Error: -5.09654e-06
Exchange Weighted Least-Squares Error: 1.17698e-04
--------------------------------------------
Electrostatic Parameters:
    Functional Form = 
	E(elst)_ij = f_damp*qi*qj/rij - A*K2(rij)*(1 + a_yml*Y_ml)*exp(-bij*rij)
Fitted Atomtypes 
               A        
HT6(0)        0.335969
               A        
CCl(0)        1.016414
               A        
HT2(0)        0.240848
               A        
CT2(0)        3.337842
               A        
Cl(0)        3.737084
Constrained Atomtypes 
  None
------------
Electrostatics RMS Error: 4.13561e-04
Electrostatics Weighted RMS Error: 4.13561e-04
Electrostatics Weighted Absolute Error: 2.52406e-05
Electrostatics Weighted Least-Squares Error: 1.19117e-04
--------------------------------------------
Drude oscillator energy has been calculated using the following method: multipole-gradient
Induction Parameters:
    Functional Form = 
	E(ind)_ij = shell_charge - A*K2(rij)*(1 + a_yml*Y_ml)*exp(-bij*rij)
Fitted Atomtypes 
               A        
HT6(0)        0.215203
               A        
CCl(0)        0.453226
               A        
HT2(0)        0.035668
               A        
CT2(0)        1.042061
               A        
Cl(0)        1.570952
Constrained Atomtypes 
  None
------------
Induction RMS Error: 1.27787e-04
Induction Weighted RMS Error: 1.27787e-04
Induction Weighted Absolute Error: 1.64187e-05
Induction Weighted Least-Squares Error: 8.67544e-06
--------------------------------------------
DHF Parameters:
    Functional Form = 
	E(dhf)_ij = - A*K2(rij)*(1 + a_yml*Y_ml)*exp(-bij*rij)
Fitted Atomtypes 
               A        
HT6(0)        0.984117
               A        
CCl(0)        0.000000
               A        
HT2(0)        0.062706
               A        
CT2(0)        0.000000
               A        
Cl(0)        3.167716
Constrained Atomtypes 
  None
------------
Dhf RMS Error: 1.45562e-04
Dhf Weighted RMS Error: 1.45562e-04
Dhf Weighted Absolute Error: -5.25650e-06
Dhf Weighted Least-Squares Error: 1.13699e-05
--------------------------------------------
Dispersion Parameters:
    Functional Form = 
	E(disp)_ij = sum_(n=6,8,10,12){A*fdamp_n*(Cij_n/r_ij^n)}
               C6              C8             C10             C12       
HT6          1.498389        6.488268       33.240608        0.000000
CCl          4.847096       18.798288       63.256519      202.859856
HT2          1.498389        6.488268       33.240608        0.000000
CT2          4.847096       18.798288       63.256519      202.859856
Cl           9.656104       40.197680      256.351184     1144.914599
Fitted Atomtypes 
               A        
HT6(0)        0.751479
               A        
CCl(0)        1.131026
               A        
HT2(0)        1.291353
               A        
CT2(0)        0.733374
               A        
Cl(0)        1.151117
Constrained Atomtypes 
  None
------------
Dispersion RMS Error: 1.37997e-04
Dispersion Weighted RMS Error: 1.37997e-04
Dispersion Weighted Absolute Error: 1.81618e-05
Dispersion Weighted Least-Squares Error: 1.27655e-05
--------------------------------------------
Total Energy:
------------
Total Energy RMS Error: 5.92295e-04
Total Energy Weighted RMS Error: 5.92295e-04
Total Energy Weighted Absolute Error: 4.94680e-05
Total Energy Weighted Least-Squares Error: 1.14124e-04
--------------------------------------------
#########################################################################


########################## FF Fitting Summary ###########################
--------------------------------------------
Program Version: 1.1.0
Short-range Functional Form: born-mayer
Combination Rules: aij = geometric
                   bij = geometric_mean
Electrostatic Damping Type: None
Thole Param: 0.39
Fitting weight: eff_mu = 0.0 Ha
                eff_kt = 0.0104 Ha
Weighted RMSE cutoff: 0.0 Ha
Anisotropic Atomtypes: None
All parameters have been radially corrected to account for Slater overlap
This radial correction is approximate, and is only rigorous for the case where bi = bj.
------------
Exponents (Optimized):
HT6(0)     2.807331
CCl(0)     1.918818
HT2(0)     1.902111
CT2(0)     2.283051
Cl(0)      2.191028
------------
Monomer 1 Multipole File:
chloromethane_ISA-GRID_L2.mom
Monomer 2 Multipole File:
ethane_ISA-GRID_L2.mom
--------------------------------------------
Exchange Parameters:
    Functional Form = 
	E(exch)_ij = A*K2(rij)*(1 + a_yml*Y_ml)*exp(-bij*rij)
    where the a coefficient for each spherical harmonic term Y_ml
    is listed in the parameters below and 
	K2(rij) = 1/3*(bij*rij)**2 + bij*rij + 1 
Fitted Atomtypes 
               A        
HT6(0)        1.311609
               A        
CCl(0)        2.553620
               A        
HT2(0)        0.298795
               A        
CT2(0)        3.380079
               A        
Cl(0)        8.901791
Constrained Atomtypes 
  None
------------
Exchange RMS Error: 1.02568e-03
Exchange Weighted RMS Error: 1.02568e-03
Exchange Weighted Absolute Error: -5.09654e-06
Exchange Weighted Least-Squares Error: 1.17698e-04
--------------------------------------------
Electrostatic Parameters:
    Functional Form = 
	E(elst)_ij = f_damp*qi*qj/rij - A*K2(rij)*(1 + a_yml*Y_ml)*exp(-bij*rij)
Fitted Atomtypes 
               A        
HT6(0)        0.335969
               A        
CCl(0)        1.016414
               A        
HT2(0)        0.240848
               A        
CT2(0)        3.337842
               A        
Cl(0)        3.737084
Constrained Atomtypes 
  None
------------
Electrostatics RMS Error: 4.13561e-04
Electrostatics Weighted RMS Error: 4.13561e-04
Electrostatics Weighted Absolute Error: 2.52406e-05
Electrostatics Weighted Least-Squares Error: 1.19117e-04
--------------------------------------------
Drude oscillator energy has been calculated using the following method: multipole-gradient
Induction Parameters:
    Functional Form = 
	E(ind)_ij = shell_charge - A*K2(rij)*(1 + a_yml*Y_ml)*exp(-bij*rij)
Fitted Atomtypes 
               A        
HT6(0)        0.215201
               A        
CCl(0)        0.453223
               A        
HT2(0)        0.035669
               A        
CT2(0)        1.042070
               A        
Cl(0)        1.570939
Constrained Atomtypes 
  None
------------
Induction RMS Error: 1.27787e-04
Induction Weighted RMS Error: 1.27787e-04
Induction Weighted Absolute Error: 1.64187e-05
Induction Weighted Least-Squares Error: 8.67544e-06
--------------------------------------------
DHF Parameters:
    Functional Form = 
	E(dhf)_ij = - A*K2(rij)*(1 + a_yml*Y_ml)*exp(-bij*rij)
Fitted Atomtypes 
               A        
HT6(0)        0.984074
               A        
CCl(0)        0.000000
               A        
HT2(0)        0.062708
               A        
CT2(0)        0.000000
               A        
Cl(0)        3.167604
Constrained Atomtypes 
  None
------------
Dhf RMS Error: 1.45562e-04
Dhf Weighted RMS Error: 1.45562e-04
Dhf Weighted Absolute Error: -5.25646e-06
Dhf Weighted Least-Squares Error: 1.13699e-05
--------------------------------------------
Dispersion Parameters:
    Functional Form = 
	E(disp)_ij = sum_(n=6,8,10,12){A*fdamp_n*(Cij_n/r_ij^n)}
               C6              C8             C10             C12       
HT6          1.498389        6.488268       33.240608        0.000000
CCl          4.847096       18.798288       63.256519      202.859856
HT2          1.498389        6.488268       33.240608        0.000000
CT2          4.847096       18.798288       63.256519      202.859856
Cl           9.656104       40.197680      256.351184     1144.914599
Fitted Atomtypes 
               A        
HT6(0)        0.751479
               A        
CCl(0)        1.131026
               A        
HT2(0)        1.291353
               A        
CT2(0)        0.733374
               A        
Cl(0)        1.151117
Constrained Atomtypes 
  None
------------
Dispersion RMS Error: 1.37997e-04
Dispersion Weighted RMS Error: 1.37997e-04
Dispersion Weighted Absolute Error: 1.81618e-05
Dispersion Weighted Least-Squares Error: 1.27655e-05
--------------------------------------------
Total Energy:
------------
Total Energy RMS Error: 5.92297e-04
Total Energy Weighted RMS Error: 5.92297e-04
Total Energy Weighted Absolute Error: 4.94681e-05
Total Energy Weighted Least-Squares Error: 1.14125e-04
--------------------------------------------
#########################################################################


