########################## FF Fitting Summary ###########################
--------------------------------------------
Program Version: 1.1.0
Short-range Functional Form: born-mayer
Combination Rules: aij = geometric
                   bij = geometric_mean
Electrostatic Damping Type: None
Thole Param: 0.39
Fitting weight: eff_mu = 0.0 Ha
                eff_kt = 0.038 Ha
Weighted RMSE cutoff: 0.0 Ha
Anisotropic Atomtypes: None
All parameters have been radially corrected to account for Slater overlap
This radial correction is approximate, and is only rigorous for the case where bi = bj.
------------
Exponents (Optimized):
CO1(0)     2.369193
OH(0)      2.114058
CT3(0)     2.264902
H2O(0)     1.967853
HT3(0)     2.047283
HO(0)      1.952288
OH2(0)     2.485051
------------
Monomer 1 Multipole File:
ethanol_ISA-GRID_L2.mom
Monomer 2 Multipole File:
h2o_ISA-GRID_L2.mom
--------------------------------------------
Exchange Parameters:
    Functional Form = 
	E(exch)_ij = A*K2(rij)*(1 + a_yml*Y_ml)*exp(-bij*rij)
    where the a coefficient for each spherical harmonic term Y_ml
    is listed in the parameters below and 
	K2(rij) = 1/3*(bij*rij)**2 + bij*rij + 1 
Fitted Atomtypes 
               A        
CO1(0)        3.632573
               A        
OH(0)        2.608340
               A        
CT3(0)        4.374434
               A        
H2O(0)        0.209150
               A        
HT3(0)        0.371794
               A        
HO(0)        0.148828
               A        
OH2(0)        5.897765
Constrained Atomtypes 
  None
------------
Exchange RMS Error: 9.65571e-04
Exchange Weighted RMS Error: 4.45974e-04
Exchange Weighted Absolute Error: -1.63998e-05
Exchange Weighted Least-Squares Error: 3.24162e-04
--------------------------------------------
Electrostatic Parameters:
    Functional Form = 
	E(elst)_ij = f_damp*qi*qj/rij - A*K2(rij)*(1 + a_yml*Y_ml)*exp(-bij*rij)
Fitted Atomtypes 
               A        
CO1(0)        2.469104
               A        
OH(0)        1.629540
               A        
CT3(0)        2.659915
               A        
H2O(0)        0.079037
               A        
HT3(0)        0.172300
               A        
HO(0)        0.039632
               A        
OH2(0)        4.056094
Constrained Atomtypes 
  None
------------
Electrostatics RMS Error: 4.54239e-04
Electrostatics Weighted RMS Error: 2.24216e-04
Electrostatics Weighted Absolute Error: 8.98766e-06
Electrostatics Weighted Least-Squares Error: 1.10365e-04
--------------------------------------------
Drude oscillator energy has been calculated using the following method: multipole-gradient
Induction Parameters:
    Functional Form = 
	E(ind)_ij = shell_charge - A*K2(rij)*(1 + a_yml*Y_ml)*exp(-bij*rij)
Fitted Atomtypes 
               A        
CO1(0)        0.962428
               A        
OH(0)        0.000000
               A        
CT3(0)        0.874578
               A        
H2O(0)        0.072000
               A        
HT3(0)        0.028199
               A        
HO(0)        0.196853
               A        
OH2(0)        0.096540
Constrained Atomtypes 
  None
------------
Induction RMS Error: 1.08602e-04
Induction Weighted RMS Error: 5.11233e-05
Induction Weighted Absolute Error: -1.45247e-05
Induction Weighted Least-Squares Error: 5.81760e-06
--------------------------------------------
DHF Parameters:
    Functional Form = 
	E(dhf)_ij = - A*K2(rij)*(1 + a_yml*Y_ml)*exp(-bij*rij)
Fitted Atomtypes 
               A        
CO1(0)        0.000000
               A        
OH(0)        2.135307
               A        
CT3(0)        1.128324
               A        
H2O(0)        0.015083
               A        
HT3(0)        0.486621
               A        
HO(0)        0.214240
               A        
OH2(0)        0.336421
Constrained Atomtypes 
  None
------------
Dhf RMS Error: 6.87330e-05
Dhf Weighted RMS Error: 3.68639e-05
Dhf Weighted Absolute Error: 4.24271e-06
Dhf Weighted Least-Squares Error: 2.32972e-06
--------------------------------------------
Dispersion Parameters:
    Functional Form = 
	E(disp)_ij = sum_(n=6,8,10,12){A*fdamp_n*(Cij_n/r_ij^n)}
               C6              C8             C10             C12       
CO1          4.847096       18.798288       63.256519      202.859856
OH           3.819955       17.890308       89.856938      392.757676
CT3          4.847096       18.798288       63.256519      202.859856
H2O          0.880629        1.744112       16.442916        0.000000
HT3          1.498389        6.488268       33.240608        0.000000
HO           1.275466        4.018693       30.302404        0.000000
OH2          5.035664       23.165974      110.758015      470.057253
Fitted Atomtypes 
               A        
CO1(0)        1.000000
               A        
OH(0)        1.000000
               A        
CT3(0)        1.000000
               A        
H2O(0)        1.000000
               A        
HT3(0)        1.000000
               A        
HO(0)        1.000000
               A        
OH2(0)        1.000000
Constrained Atomtypes 
  None
------------
Dispersion RMS Error: 2.86067e-04
Dispersion Weighted RMS Error: 1.63947e-04
Dispersion Weighted Absolute Error: -2.75900e-05
Dispersion Weighted Least-Squares Error: 4.26564e-05
--------------------------------------------
Total Energy:
------------
Total Energy RMS Error: 5.55277e-04
Total Energy Weighted RMS Error: 2.88537e-04
Total Energy Weighted Absolute Error: -4.52842e-05
Total Energy Weighted Least-Squares Error: 1.39184e-04
--------------------------------------------
#########################################################################


