########################## FF Fitting Summary ###########################
--------------------------------------------
Program Version: 1.1.0
Short-range Functional Form: born-mayer
Combination Rules: aij = geometric
                   bij = geometric_mean
Electrostatic Damping Type: None
Thole Param: 0.39
Fitting weight: eff_mu = 0.0 Ha
                eff_kt = 0.0226 Ha
Weighted RMSE cutoff: 0.0 Ha
Anisotropic Atomtypes: None
All parameters have been radially corrected to account for Slater overlap
This radial correction is approximate, and is only rigorous for the case where bi = bj.
------------
Exponents (Optimized):
CO2(0)     2.066600
CCO2(0)    2.175670
OCO(0)     2.448043
HO1(0)     1.989398
OH1(0)     2.231136
HT8(0)     2.157495
------------
Monomer 1 Multipole File:
co2_ISA-GRID_L2.mom
Monomer 2 Multipole File:
methanol_ISA-GRID_L2.mom
--------------------------------------------
Exchange Parameters:
    Functional Form = 
	E(exch)_ij = A*K2(rij)*(1 + a_yml*Y_ml)*exp(-bij*rij)
    where the a coefficient for each spherical harmonic term Y_ml
    is listed in the parameters below and 
	K2(rij) = 1/3*(bij*rij)**2 + bij*rij + 1 
Fitted Atomtypes 
               A        
CO2(0)        2.304249
               A        
CCO2(0)        1.786137
               A        
OCO(0)        3.751955
               A        
HO1(0)        0.184116
               A        
OH1(0)        3.727907
               A        
HT8(0)        0.585555
Constrained Atomtypes 
  None
------------
Exchange RMS Error: 7.97866e-04
Exchange Weighted RMS Error: 2.19865e-04
Exchange Weighted Absolute Error: -7.32721e-06
Exchange Weighted Least-Squares Error: 1.58836e-04
--------------------------------------------
Electrostatic Parameters:
    Functional Form = 
	E(elst)_ij = f_damp*qi*qj/rij - A*K2(rij)*(1 + a_yml*Y_ml)*exp(-bij*rij)
Fitted Atomtypes 
               A        
CO2(0)        1.649882
               A        
CCO2(0)        0.838081
               A        
OCO(0)        1.675742
               A        
HO1(0)        0.086503
               A        
OH1(0)        3.032735
               A        
HT8(0)        0.396166
Constrained Atomtypes 
  None
------------
Electrostatics RMS Error: 3.78380e-04
Electrostatics Weighted RMS Error: 1.28440e-04
Electrostatics Weighted Absolute Error: 1.90242e-05
Electrostatics Weighted Least-Squares Error: 8.44106e-05
--------------------------------------------
Drude oscillator energy has been calculated using the following method: multipole-gradient
Induction Parameters:
    Functional Form = 
	E(ind)_ij = shell_charge - A*K2(rij)*(1 + a_yml*Y_ml)*exp(-bij*rij)
Fitted Atomtypes 
               A        
CO2(0)        1.361068
               A        
CCO2(0)        0.214602
               A        
OCO(0)        0.059465
               A        
HO1(0)        0.426949
               A        
OH1(0)        0.650855
               A        
HT8(0)        0.279365
Constrained Atomtypes 
  None
------------
Induction RMS Error: 7.07182e-05
Induction Weighted RMS Error: 2.76331e-05
Induction Weighted Absolute Error: -9.51936e-06
Induction Weighted Least-Squares Error: 2.50780e-06
--------------------------------------------
DHF Parameters:
    Functional Form = 
	E(dhf)_ij = - A*K2(rij)*(1 + a_yml*Y_ml)*exp(-bij*rij)
Fitted Atomtypes 
               A        
CO2(0)        0.000000
               A        
CCO2(0)        0.000000
               A        
OCO(0)        0.438905
               A        
HO1(0)        0.147182
               A        
OH1(0)        1.710440
               A        
HT8(0)        0.427833
Constrained Atomtypes 
  None
------------
Dhf RMS Error: 7.21759e-05
Dhf Weighted RMS Error: 1.63316e-05
Dhf Weighted Absolute Error: 4.35836e-06
Dhf Weighted Least-Squares Error: 2.62345e-06
--------------------------------------------
Dispersion Parameters:
    Functional Form = 
	E(disp)_ij = sum_(n=6,8,10,12){A*fdamp_n*(Cij_n/r_ij^n)}
               C6              C8             C10             C12       
CO2          4.847096       18.798288       63.256519      202.859856
CCO2         4.678946       20.766690       84.950595      399.352721
OCO          4.067865       17.049989       83.654105      339.409882
HO1          1.275466        4.018693       30.302404        0.000000
OH1          3.819955       17.890308       89.856938      392.757676
HT8          1.498389        6.488268       33.240608        0.000000
Fitted Atomtypes 
               A        
CO2(0)        1.000000
               A        
CCO2(0)        1.000000
               A        
OCO(0)        1.000000
               A        
HO1(0)        1.000000
               A        
OH1(0)        1.000000
               A        
HT8(0)        1.000000
Constrained Atomtypes 
  None
------------
Dispersion RMS Error: 3.36551e-04
Dispersion Weighted RMS Error: 1.42466e-04
Dispersion Weighted Absolute Error: 6.15529e-05
Dispersion Weighted Least-Squares Error: 6.39019e-05
--------------------------------------------
Total Energy:
------------
Total Energy RMS Error: 5.67317e-04
Total Energy Weighted RMS Error: 1.74483e-04
Total Energy Weighted Absolute Error: 6.80888e-05
Total Energy Weighted Least-Squares Error: 1.35525e-04
--------------------------------------------
#########################################################################


