########################## FF Fitting Summary ###########################
--------------------------------------------
Program Version: 1.1.0
Short-range Functional Form: born-mayer
Combination Rules: aij = geometric
                   bij = geometric_mean
Electrostatic Damping Type: None
Thole Param: 0.39
Fitting weight: eff_mu = 0.0 Ha
                eff_kt = 0.009 Ha
Weighted RMSE cutoff: 0.0 Ha
Anisotropic Atomtypes: HO1  CCO2 OCO  OH1  
All parameters have been radially corrected to account for Slater overlap
This radial correction is approximate, and is only rigorous for the case where bi = bj.
------------
Exponents:
CO2(0)     1.934374
CCO2(0)    2.303225
OCO(0)     2.355902
HO1(0)     2.357647
OH1(0)     2.288306
HT8(0)     2.366434
------------
Monomer 1 Multipole File:
co2_ISA-GRID_L2.mom
Monomer 2 Multipole File:
methanol_ISA-GRID_L2.mom
--------------------------------------------
Exchange Parameters:
    Functional Form = 
	E(exch)_ij = A*K2(rij)*(1 + a_yml*Y_ml)*exp(-bij*rij)
    where the a coefficient for each spherical harmonic term Y_ml
    is listed in the parameters below and 
	K2(rij) = 1/3*(bij*rij)**2 + bij*rij + 1 
Fitted Atomtypes 
  None
Constrained Atomtypes 
               A        
CO2(0)        1.725992
               A             a_y20      
CCO2(0)        2.772775        0.403146
               A             a_y10           a_y20      
OCO(0)        3.649414        0.019628       -0.085793
               A             a_y10           a_y20      
HO1(0)        0.551732       -0.011876       -0.296572
               A             a_y10           a_y20           a_y22c     
OH1(0)        2.206147       -0.791455       -0.105146       -0.699677
               A        
HT8(0)        0.737563
------------
Exchange RMS Error: 4.54776e-04
Exchange Weighted RMS Error: 4.54776e-04
Exchange Weighted Absolute Error: 7.97336e-06
Exchange Weighted Least-Squares Error: 2.54128e-05
--------------------------------------------
Electrostatic Parameters:
    Functional Form = 
	E(elst)_ij = f_damp*qi*qj/rij - A*K2(rij)*(1 + a_yml*Y_ml)*exp(-bij*rij)
Fitted Atomtypes 
  None
Constrained Atomtypes 
               A        
CO2(0)        1.018840
               A             a_y20      
CCO2(0)        2.754596        0.976792
               A             a_y10           a_y20      
OCO(0)        1.710383       -0.209142       -0.228234
               A             a_y10           a_y20      
HO1(0)        0.290235        0.328802       -0.172728
               A             a_y10           a_y20           a_y22c     
OH1(0)        1.521880       -0.626924       -0.099185       -0.682325
               A        
HT8(0)        0.379974
------------
Electrostatics RMS Error: 2.20129e-04
Electrostatics Weighted RMS Error: 2.20129e-04
Electrostatics Weighted Absolute Error: 6.04579e-07
Electrostatics Weighted Least-Squares Error: 3.36749e-05
--------------------------------------------
Drude oscillator energy has been calculated using the following method: multipole-gradient
Induction Parameters:
    Functional Form = 
	E(ind)_ij = shell_charge - A*K2(rij)*(1 + a_yml*Y_ml)*exp(-bij*rij)
Fitted Atomtypes 
  None
Constrained Atomtypes 
               A        
CO2(0)        0.213812
               A             a_y20      
CCO2(0)        0.349191       -1.000000
               A             a_y10           a_y20      
OCO(0)        0.711855        1.000000        0.457775
               A             a_y10           a_y20      
HO1(0)        0.080170       -1.000000        1.000000
               A             a_y10           a_y20           a_y22c     
OH1(0)        0.377586        1.000000       -0.029896        0.768942
               A        
HT8(0)        0.120205
------------
Induction RMS Error: 8.39371e-05
Induction Weighted RMS Error: 8.39371e-05
Induction Weighted Absolute Error: -1.46841e-05
Induction Weighted Least-Squares Error: 3.68982e-06
--------------------------------------------
DHF Parameters:
    Functional Form = 
	E(dhf)_ij = - A*K2(rij)*(1 + a_yml*Y_ml)*exp(-bij*rij)
Fitted Atomtypes 
  None
Constrained Atomtypes 
               A        
CO2(0)        0.020855
               A             a_y20      
CCO2(0)        0.328421       -1.000000
               A             a_y10           a_y20      
OCO(0)        0.567210       -1.000000       -0.585344
               A             a_y10           a_y20      
HO1(0)        0.105048       -0.500952        0.336282
               A             a_y10           a_y20           a_y22c     
OH1(0)        0.547807       -1.000000       -0.322900       -0.444537
               A        
HT8(0)        0.269481
------------
Dhf RMS Error: 6.95984e-05
Dhf Weighted RMS Error: 6.95984e-05
Dhf Weighted Absolute Error: 7.66586e-06
Dhf Weighted Least-Squares Error: 2.52312e-06
--------------------------------------------
Dispersion Parameters:
    Functional Form = 
	E(disp)_ij = sum_(n=6,8,10,12){A*fdamp_n*(Cij_n/r_ij^n)}
               C6              C8             C10             C12       
CO2          4.847096       18.798288       63.256519      202.859856
CCO2         4.678946       20.766690       84.950595      399.352721
OCO          4.067865       17.049989       83.654105      339.409882
HO1          1.275466        4.018693       30.302404        0.000000
OH1          3.819955       17.890308       89.856938      392.757676
HT8          1.498389        6.488268       33.240608        0.000000
Fitted Atomtypes 
  None
Constrained Atomtypes 
               A        
CO2(0)        0.969190
               A             a_y20      
CCO2(0)        0.936959       -0.170922
               A             a_y10           a_y20      
OCO(0)        0.815511       -0.519612       -0.235247
               A             a_y10           a_y20      
HO1(0)        0.700572       -0.631677       -0.347816
               A             a_y10           a_y20           a_y22c     
OH1(0)        0.911116       -0.338030        0.024016       -0.244322
               A        
HT8(0)        0.985958
------------
Dispersion RMS Error: 5.64767e-05
Dispersion Weighted RMS Error: 5.64767e-05
Dispersion Weighted Absolute Error: -2.36117e-05
Dispersion Weighted Least-Squares Error: 1.91217e-06
--------------------------------------------
Total Energy:
------------
Total Energy RMS Error: 3.08222e-04
Total Energy Weighted RMS Error: 3.08222e-04
Total Energy Weighted Absolute Error: -2.20520e-05
Total Energy Weighted Least-Squares Error: 3.39589e-05
--------------------------------------------
#########################################################################


