########################## FF Fitting Summary ###########################
--------------------------------------------
Program Version: 1.1.0
Short-range Functional Form: born-mayer
Combination Rules: aij = geometric
                   bij = geometric_mean
Electrostatic Damping Type: None
Thole Param: 0.39
Fitting weight: eff_mu = 0.0 Ha
                eff_kt = 0.0058 Ha
Weighted RMSE cutoff: 0.0 Ha
Anisotropic Atomtypes: CCO2 OCO  Cl   
All parameters have been radially corrected to account for Slater overlap
This radial correction is approximate, and is only rigorous for the case where bi = bj.
------------
Exponents:
HT6(0)     2.236551
CCl(0)     2.086398
CCO2(0)    2.303225
OCO(0)     2.355902
Cl(0)      2.037083
------------
Monomer 1 Multipole File:
chloromethane_ISA-GRID_L2.mom
Monomer 2 Multipole File:
co2_ISA-GRID_L2.mom
--------------------------------------------
Exchange Parameters:
    Functional Form = 
	E(exch)_ij = A*K2(rij)*(1 + a_yml*Y_ml)*exp(-bij*rij)
    where the a coefficient for each spherical harmonic term Y_ml
    is listed in the parameters below and 
	K2(rij) = 1/3*(bij*rij)**2 + bij*rij + 1 
Fitted Atomtypes 
  None
Constrained Atomtypes 
               A        
HT6(0)        0.541282
               A        
CCl(0)        3.036171
               A             a_y20      
CCO2(0)        2.772775        0.403146
               A             a_y10           a_y20      
OCO(0)        3.649414        0.019628       -0.085793
               A             a_y10           a_y20      
Cl(0)        4.641076       -0.547938       -0.613203
------------
Exchange RMS Error: 5.74708e-04
Exchange Weighted RMS Error: 1.70829e-04
Exchange Weighted Absolute Error: 4.72371e-05
Exchange Weighted Least-Squares Error: 1.76937e-05
--------------------------------------------
Electrostatic Parameters:
    Functional Form = 
	E(elst)_ij = f_damp*qi*qj/rij - A*K2(rij)*(1 + a_yml*Y_ml)*exp(-bij*rij)
Fitted Atomtypes 
  None
Constrained Atomtypes 
               A        
HT6(0)        0.232592
               A        
CCl(0)        1.874393
               A             a_y20      
CCO2(0)        2.754596        0.976792
               A             a_y10           a_y20      
OCO(0)        1.710383       -0.209142       -0.228234
               A             a_y10           a_y20      
Cl(0)        3.217540       -0.376433       -0.547466
------------
Electrostatics RMS Error: 2.50318e-04
Electrostatics Weighted RMS Error: 9.09332e-05
Electrostatics Weighted Absolute Error: -4.29432e-06
Electrostatics Weighted Least-Squares Error: 4.91117e-05
--------------------------------------------
Drude oscillator energy has been calculated using the following method: multipole-gradient
Induction Parameters:
    Functional Form = 
	E(ind)_ij = shell_charge - A*K2(rij)*(1 + a_yml*Y_ml)*exp(-bij*rij)
Fitted Atomtypes 
  None
Constrained Atomtypes 
               A        
HT6(0)        0.097466
               A        
CCl(0)        0.102812
               A             a_y20      
CCO2(0)        0.349188       -1.000000
               A             a_y10           a_y20      
OCO(0)        0.711857        1.000000        0.457774
               A             a_y10           a_y20      
Cl(0)        1.452557        0.084779       -0.161700
------------
Induction RMS Error: 1.20610e-04
Induction Weighted RMS Error: 3.66024e-05
Induction Weighted Absolute Error: 1.12262e-05
Induction Weighted Least-Squares Error: 7.56951e-06
--------------------------------------------
DHF Parameters:
    Functional Form = 
	E(dhf)_ij = - A*K2(rij)*(1 + a_yml*Y_ml)*exp(-bij*rij)
Fitted Atomtypes 
  None
Constrained Atomtypes 
               A        
HT6(0)        0.265953
               A        
CCl(0)        0.000000
               A             a_y20      
CCO2(0)        0.328429       -1.000000
               A             a_y10           a_y20      
OCO(0)        0.567209       -1.000000       -0.585346
               A             a_y10           a_y20      
Cl(0)        0.820684       -0.645995        0.159057
------------
Dhf RMS Error: 1.81234e-04
Dhf Weighted RMS Error: 3.04329e-05
Dhf Weighted Absolute Error: 9.16816e-07
Dhf Weighted Least-Squares Error: 1.81076e-05
--------------------------------------------
Dispersion Parameters:
    Functional Form = 
	E(disp)_ij = sum_(n=6,8,10,12){A*fdamp_n*(Cij_n/r_ij^n)}
               C6              C8             C10             C12       
HT6          1.498389        6.488268       33.240608        0.000000
Cl           9.656104       40.197680      256.351184     1144.914599
CCO2         4.678946       20.766690       84.950595      399.352721
OCO          4.067865       17.049989       83.654105      339.409882
CCl          4.847096       18.798288       63.256519      202.859856
Fitted Atomtypes 
  None
Constrained Atomtypes 
               A        
HT6(0)        1.000000
               A        
CCl(0)        1.000000
               A             a_y20      
CCO2(0)        1.000000        0.727901
               A             a_y10           a_y20      
OCO(0)        1.000000        0.155649        0.112193
               A             a_y10           a_y20      
Cl(0)        1.000000       -0.332991       -0.285552
------------
Dispersion RMS Error: 8.59851e-05
Dispersion Weighted RMS Error: 5.11104e-05
Dispersion Weighted Absolute Error: -3.14828e-05
Dispersion Weighted Least-Squares Error: 5.46093e-06
--------------------------------------------
Total Energy:
------------
Total Energy RMS Error: 4.36699e-04
Total Energy Weighted RMS Error: 1.25687e-04
Total Energy Weighted Absolute Error: 2.36029e-05
Total Energy Weighted Least-Squares Error: 5.02693e-05
--------------------------------------------
#########################################################################


