########################## FF Fitting Summary ###########################
--------------------------------------------
Program Version: 1.1.0
Short-range Functional Form: born-mayer
Combination Rules: aij = geometric
                   bij = geometric_mean
Electrostatic Damping Type: None
Thole Param: 0.39
Fitting weight: eff_mu = 0.0 Ha
                eff_kt = 0.0145 Ha
Weighted RMSE cutoff: 0.0 Ha
Anisotropic Atomtypes: CCO2 OCO  Cl   
All parameters have been radially corrected to account for Slater overlap
This radial correction is approximate, and is only rigorous for the case where bi = bj.
------------
Exponents (Optimized):
HT6(0)     2.387587
CCl(0)     2.253442
CCO2(0)    2.257723
OCO(0)     2.230170
Cl(0)      2.063152
------------
Monomer 1 Multipole File:
chloromethane_ISA-GRID_L2.mom
Monomer 2 Multipole File:
co2_ISA-GRID_L2.mom
--------------------------------------------
Exchange Parameters:
    Functional Form = 
	E(exch)_ij = A*K2(rij)*(1 + a_yml*Y_ml)*exp(-bij*rij)
    where the a coefficient for each spherical harmonic term Y_ml
    is listed in the parameters below and 
	K2(rij) = 1/3*(bij*rij)**2 + bij*rij + 1 
Fitted Atomtypes 
               A        
HT6(0)        0.541081
               A        
CCl(0)        3.474022
               A             a_y20      
CCO2(0)        3.311288        0.315685
               A             a_y10           a_y20      
OCO(0)        3.501231       -0.055062       -0.094901
               A             a_y10           a_y20      
Cl(0)        3.969234       -0.584818       -0.710888
Constrained Atomtypes 
  None
------------
Exchange RMS Error: 2.60621e-04
Exchange Weighted RMS Error: 7.90894e-05
Exchange Weighted Absolute Error: 3.52675e-06
Exchange Weighted Least-Squares Error: 1.17758e-05
--------------------------------------------
Electrostatic Parameters:
    Functional Form = 
	E(elst)_ij = f_damp*qi*qj/rij - A*K2(rij)*(1 + a_yml*Y_ml)*exp(-bij*rij)
Fitted Atomtypes 
               A        
HT6(0)        0.319854
               A        
CCl(0)        2.232689
               A             a_y20      
CCO2(0)        4.183372        1.000000
               A             a_y10           a_y20      
OCO(0)        0.974988       -1.000000       -0.495503
               A             a_y10           a_y20      
Cl(0)        3.103422       -0.484944       -0.710109
Constrained Atomtypes 
  None
------------
Electrostatics RMS Error: 1.64289e-04
Electrostatics Weighted RMS Error: 7.98010e-05
Electrostatics Weighted Absolute Error: 1.49346e-05
Electrostatics Weighted Least-Squares Error: 1.63404e-05
--------------------------------------------
Drude oscillator energy has been calculated using the following method: multipole-gradient
Induction Parameters:
    Functional Form = 
	E(ind)_ij = shell_charge - A*K2(rij)*(1 + a_yml*Y_ml)*exp(-bij*rij)
Fitted Atomtypes 
               A        
HT6(0)        0.158470
               A        
CCl(0)        0.726041
               A             a_y20      
CCO2(0)        1.474278        0.960760
               A             a_y10           a_y20      
OCO(0)        0.000000        0.586783       -0.313476
               A             a_y10           a_y20      
Cl(0)        1.694973       -0.077010       -0.268503
Constrained Atomtypes 
  None
------------
Induction RMS Error: 8.74822e-05
Induction Weighted RMS Error: 2.32929e-05
Induction Weighted Absolute Error: 3.24052e-06
Induction Weighted Least-Squares Error: 3.90729e-06
--------------------------------------------
DHF Parameters:
    Functional Form = 
	E(dhf)_ij = - A*K2(rij)*(1 + a_yml*Y_ml)*exp(-bij*rij)
Fitted Atomtypes 
               A        
HT6(0)        0.301656
               A        
CCl(0)        0.120854
               A             a_y20      
CCO2(0)        0.204536       -1.000000
               A             a_y10           a_y20      
OCO(0)        0.436351       -1.000000       -0.196705
               A             a_y10           a_y20      
Cl(0)        1.273685       -0.567887       -0.388008
Constrained Atomtypes 
  None
------------
Dhf RMS Error: 1.04160e-04
Dhf Weighted RMS Error: 1.82147e-05
Dhf Weighted Absolute Error: 2.23533e-06
Dhf Weighted Least-Squares Error: 5.55850e-06
--------------------------------------------
Dispersion Parameters:
    Functional Form = 
	E(disp)_ij = sum_(n=6,8,10,12){A*fdamp_n*(Cij_n/r_ij^n)}
               C6              C8             C10             C12       
HT6          1.498389        6.488268       33.240608        0.000000
CCl          4.847096       18.798288       63.256519      202.859856
CCO2         4.678946       20.766690       84.950595      399.352721
OCO          4.067865       17.049989       83.654105      339.409882
Cl           9.656104       40.197680      256.351184     1144.914599
Fitted Atomtypes 
               A        
HT6(0)        1.000000
               A        
CCl(0)        1.000000
               A             a_y20      
CCO2(0)        1.000000        0.659340
               A             a_y10           a_y20      
OCO(0)        1.000000        0.111832        0.095543
               A             a_y10           a_y20      
Cl(0)        1.000000       -0.355464       -0.297969
Constrained Atomtypes 
  None
------------
Dispersion RMS Error: 7.39478e-05
Dispersion Weighted RMS Error: 3.67428e-05
Dispersion Weighted Absolute Error: -1.83479e-05
Dispersion Weighted Least-Squares Error: 3.30631e-06
--------------------------------------------
Total Energy:
------------
Total Energy RMS Error: 2.24411e-04
Total Energy Weighted RMS Error: 7.41140e-05
Total Energy Weighted Absolute Error: 5.58936e-06
Total Energy Weighted Least-Squares Error: 1.86801e-05
--------------------------------------------
#########################################################################


