########################## FF Fitting Summary ###########################
--------------------------------------------
Program Version: 1.1.0
Short-range Functional Form: born-mayer
Combination Rules: aij = geometric
                   bij = geometric_mean
Electrostatic Damping Type: None
Thole Param: 0.39
Fitting weight: eff_mu = 0.0 Ha
                eff_kt = 0.0145 Ha
Weighted RMSE cutoff: 0.0 Ha
Anisotropic Atomtypes: CCO2 OCO  Cl   
All parameters have been radially corrected to account for Slater overlap
This radial correction is approximate, and is only rigorous for the case where bi = bj.
------------
Exponents (Optimized):
HT6(0)     2.387587
CCl(0)     2.253442
CCO2(0)    2.257723
OCO(0)     2.230170
Cl(0)      2.063152
------------
Monomer 1 Multipole File:
chloromethane_ISA-GRID_L2.mom
Monomer 2 Multipole File:
co2_ISA-GRID_L2.mom
--------------------------------------------
Exchange Parameters:
    Functional Form = 
	E(exch)_ij = A*K2(rij)*(1 + a_yml*Y_ml)*exp(-bij*rij)
    where the a coefficient for each spherical harmonic term Y_ml
    is listed in the parameters below and 
	K2(rij) = 1/3*(bij*rij)**2 + bij*rij + 1 
Fitted Atomtypes 
               A        
HT6(0)        0.541081
               A        
CCl(0)        3.474022
               A             a_y20      
CCO2(0)        3.311288        0.315685
               A             a_y10           a_y20      
OCO(0)        3.501231       -0.055062       -0.094901
               A             a_y10           a_y20      
Cl(0)        3.969234       -0.584818       -0.710888
Constrained Atomtypes 
  None
------------
Exchange RMS Error: 2.60621e-04
Exchange Weighted RMS Error: 2.60621e-04
Exchange Weighted Absolute Error: 3.52675e-06
Exchange Weighted Least-Squares Error: 1.17758e-05
--------------------------------------------
Electrostatic Parameters:
    Functional Form = 
	E(elst)_ij = f_damp*qi*qj/rij - A*K2(rij)*(1 + a_yml*Y_ml)*exp(-bij*rij)
Fitted Atomtypes 
               A        
HT6(0)        0.319854
               A        
CCl(0)        2.232689
               A             a_y20      
CCO2(0)        4.183372        1.000000
               A             a_y10           a_y20      
OCO(0)        0.974988       -1.000000       -0.495503
               A             a_y10           a_y20      
Cl(0)        3.103422       -0.484944       -0.710109
Constrained Atomtypes 
  None
------------
Electrostatics RMS Error: 1.64289e-04
Electrostatics Weighted RMS Error: 1.64289e-04
Electrostatics Weighted Absolute Error: 1.49346e-05
Electrostatics Weighted Least-Squares Error: 1.63404e-05
--------------------------------------------
Drude oscillator energy has been calculated using the following method: multipole-gradient
Induction Parameters:
    Functional Form = 
	E(ind)_ij = shell_charge - A*K2(rij)*(1 + a_yml*Y_ml)*exp(-bij*rij)
Fitted Atomtypes 
               A        
HT6(0)        0.158319
               A        
CCl(0)        0.725349
               A             a_y20      
CCO2(0)        1.475679        0.960758
               A             a_y10           a_y20      
OCO(0)        0.000000        0.572280       -0.302906
               A             a_y10           a_y20      
Cl(0)        1.693359       -0.077014       -0.268506
Constrained Atomtypes 
  None
------------
Induction RMS Error: 8.74822e-05
Induction Weighted RMS Error: 8.74822e-05
Induction Weighted Absolute Error: 3.24049e-06
Induction Weighted Least-Squares Error: 3.90729e-06
--------------------------------------------
DHF Parameters:
    Functional Form = 
	E(dhf)_ij = - A*K2(rij)*(1 + a_yml*Y_ml)*exp(-bij*rij)
Fitted Atomtypes 
               A        
HT6(0)        0.301821
               A        
CCl(0)        0.120858
               A             a_y20      
CCO2(0)        0.204436       -1.000000
               A             a_y10           a_y20      
OCO(0)        0.436119       -1.000000       -0.196687
               A             a_y10           a_y20      
Cl(0)        1.274374       -0.567858       -0.387991
Constrained Atomtypes 
  None
------------
Dhf RMS Error: 1.04162e-04
Dhf Weighted RMS Error: 1.04162e-04
Dhf Weighted Absolute Error: 2.23504e-06
Dhf Weighted Least-Squares Error: 5.55875e-06
--------------------------------------------
Dispersion Parameters:
    Functional Form = 
	E(disp)_ij = sum_(n=6,8,10,12){A*fdamp_n*(Cij_n/r_ij^n)}
               C6              C8             C10             C12       
HT6          1.498389        6.488268       33.240608        0.000000
CCl          4.847096       18.798288       63.256519      202.859856
CCO2         4.678946       20.766690       84.950595      399.352721
OCO          4.067865       17.049989       83.654105      339.409882
Cl           9.656104       40.197680      256.351184     1144.914599
Fitted Atomtypes 
               A        
HT6(0)        0.904373
               A        
CCl(0)        0.939444
               A             a_y20      
CCO2(0)        0.801862       -0.190016
               A             a_y10           a_y20      
OCO(0)        1.006903       -0.295014       -0.134222
               A             a_y10           a_y20      
Cl(0)        0.997239       -0.238522       -0.209260
Constrained Atomtypes 
  None
------------
Dispersion RMS Error: 3.69782e-05
Dispersion Weighted RMS Error: 3.69782e-05
Dispersion Weighted Absolute Error: -1.73651e-05
Dispersion Weighted Least-Squares Error: 7.59878e-07
--------------------------------------------
Total Energy:
------------
Total Energy RMS Error: 2.31884e-04
Total Energy Weighted RMS Error: 2.31884e-04
Total Energy Weighted Absolute Error: 6.57179e-06
Total Energy Weighted Least-Squares Error: 1.98676e-05
--------------------------------------------
#########################################################################


