########################## FF Fitting Summary ###########################
--------------------------------------------
Program Version: 1.1.0
Short-range Functional Form: born-mayer
Combination Rules: aij = geometric
                   bij = geometric_mean
Electrostatic Damping Type: None
Thole Param: 0.39
Fitting weight: eff_mu = 0.0 Ha
                eff_kt = 0.0145 Ha
Weighted RMSE cutoff: 0.0 Ha
Anisotropic Atomtypes: None
All parameters have been radially corrected to account for Slater overlap
This radial correction is approximate, and is only rigorous for the case where bi = bj.
------------
Exponents (Optimized):
HT6(0)     2.508301
CCl(0)     1.837281
CCO2(0)    2.054753
OCO(0)     2.253997
Cl(0)      2.108939
------------
Monomer 1 Multipole File:
chloromethane_ISA-GRID_L0.mom
Monomer 2 Multipole File:
co2_ISA-GRID_L0.mom
--------------------------------------------
Exchange Parameters:
    Functional Form = 
	E(exch)_ij = A*K2(rij)*(1 + a_yml*Y_ml)*exp(-bij*rij)
    where the a coefficient for each spherical harmonic term Y_ml
    is listed in the parameters below and 
	K2(rij) = 1/3*(bij*rij)**2 + bij*rij + 1 
Fitted Atomtypes 
               A        
HT6(0)        0.557997
               A        
CCl(0)        1.089068
               A        
CCO2(0)        2.117336
               A        
OCO(0)        4.317421
               A        
Cl(0)        4.800703
Constrained Atomtypes 
  None
------------
Exchange RMS Error: 1.10541e-03
Exchange Weighted RMS Error: 1.10541e-03
Exchange Weighted Absolute Error: -1.79955e-05
Exchange Weighted Least-Squares Error: 2.07601e-04
--------------------------------------------
Electrostatic Parameters:
    Functional Form = 
	E(elst)_ij = f_damp*qi*qj/rij - A*K2(rij)*(1 + a_yml*Y_ml)*exp(-bij*rij)
Fitted Atomtypes 
               A        
HT6(0)        0.255846
               A        
CCl(0)        0.588516
               A        
CCO2(0)        1.009635
               A        
OCO(0)        2.759523
               A        
Cl(0)        2.958148
Constrained Atomtypes 
  None
------------
Electrostatics RMS Error: 6.83667e-04
Electrostatics Weighted RMS Error: 6.83667e-04
Electrostatics Weighted Absolute Error: 6.37843e-05
Electrostatics Weighted Least-Squares Error: 2.82872e-04
--------------------------------------------
Drude oscillator energy has been calculated using the following method: multipole-gradient
Induction Parameters:
    Functional Form = 
	E(ind)_ij = shell_charge - A*K2(rij)*(1 + a_yml*Y_ml)*exp(-bij*rij)
Fitted Atomtypes 
               A        
HT6(0)        0.061594
               A        
CCl(0)        0.312860
               A        
CCO2(0)        0.666819
               A        
OCO(0)        0.065259
               A        
Cl(0)        1.308068
Constrained Atomtypes 
  None
------------
Induction RMS Error: 1.16746e-04
Induction Weighted RMS Error: 1.16746e-04
Induction Weighted Absolute Error: 2.16971e-05
Induction Weighted Least-Squares Error: 6.99122e-06
--------------------------------------------
DHF Parameters:
    Functional Form = 
	E(dhf)_ij = - A*K2(rij)*(1 + a_yml*Y_ml)*exp(-bij*rij)
Fitted Atomtypes 
               A        
HT6(0)        0.289191
               A        
CCl(0)        0.000000
               A        
CCO2(0)        0.000000
               A        
OCO(0)        0.830292
               A        
Cl(0)        1.405591
Constrained Atomtypes 
  None
------------
Dhf RMS Error: 1.36010e-04
Dhf Weighted RMS Error: 1.36010e-04
Dhf Weighted Absolute Error: -1.81235e-08
Dhf Weighted Least-Squares Error: 9.50426e-06
--------------------------------------------
Dispersion Parameters:
    Functional Form = 
	E(disp)_ij = sum_(n=6,8,10,12){A*fdamp_n*(Cij_n/r_ij^n)}
               C6              C8             C10             C12       
HT6          1.498389        6.488268       33.240608        0.000000
CCl          4.847096       18.798288       63.256519      202.859856
CCO2         4.678946       20.766690       84.950595      399.352721
OCO          4.067865       17.049989       83.654105      339.409882
Cl           9.656104       40.197680      256.351184     1144.914599
Fitted Atomtypes 
               A        
HT6(0)        0.811973
               A        
CCl(0)        0.905247
               A        
CCO2(0)        0.700000
               A        
OCO(0)        1.201649
               A        
Cl(0)        1.048042
Constrained Atomtypes 
  None
------------
Dispersion RMS Error: 9.90374e-05
Dispersion Weighted RMS Error: 9.90374e-05
Dispersion Weighted Absolute Error: -1.77905e-05
Dispersion Weighted Least-Squares Error: 5.82260e-06
--------------------------------------------
Total Energy:
------------
Total Energy RMS Error: 7.88329e-04
Total Energy Weighted RMS Error: 7.88329e-04
Total Energy Weighted Absolute Error: 4.96772e-05
Total Energy Weighted Least-Squares Error: 2.44682e-04
--------------------------------------------
#########################################################################


