########################## FF Fitting Summary ###########################
--------------------------------------------
Program Version: 1.1.0
Short-range Functional Form: born-mayer
Combination Rules: aij = geometric
                   bij = geometric_mean
Electrostatic Damping Type: None
Thole Param: 0.39
Fitting weight: eff_mu = 0.0 Ha
                eff_kt = 0.0053 Ha
Weighted RMSE cutoff: 0.0 Ha
Anisotropic Atomtypes: None
All parameters have been radially corrected to account for Slater overlap
This radial correction is approximate, and is only rigorous for the case where bi = bj.
------------
Exponents (Optimized):
Ar(0)      2.180900
HT8(0)     2.212384
CO2(0)     2.049132
HO1(0)     2.104564
OH1(0)     2.285993
------------
Monomer 1 Multipole File:
ar_ISA-GRID_L0.mom
Monomer 2 Multipole File:
methanol_ISA-GRID_L0.mom
--------------------------------------------
Exchange Parameters:
    Functional Form = 
	E(exch)_ij = A*K2(rij)*(1 + a_yml*Y_ml)*exp(-bij*rij)
    where the a coefficient for each spherical harmonic term Y_ml
    is listed in the parameters below and 
	K2(rij) = 1/3*(bij*rij)**2 + bij*rij + 1 
Fitted Atomtypes 
               A        
Ar(0)        5.174243
               A        
HT8(0)        0.697810
               A        
OH1(0)        4.488277
               A        
CO2(0)        2.079878
               A        
HO1(0)        0.229747
Constrained Atomtypes 
  None
------------
Exchange RMS Error: 6.04984e-04
Exchange Weighted RMS Error: 6.04984e-04
Exchange Weighted Absolute Error: -6.83583e-06
Exchange Weighted Least-Squares Error: 2.63051e-05
--------------------------------------------
Electrostatic Parameters:
    Functional Form = 
	E(elst)_ij = f_damp*qi*qj/rij - A*K2(rij)*(1 + a_yml*Y_ml)*exp(-bij*rij)
Fitted Atomtypes 
               A        
Ar(0)        2.653799
               A        
HT8(0)        0.419968
               A        
OH1(0)        3.389275
               A        
CO2(0)        1.282380
               A        
HO1(0)        0.071641
Constrained Atomtypes 
  None
------------
Electrostatics RMS Error: 2.85016e-04
Electrostatics Weighted RMS Error: 2.85016e-04
Electrostatics Weighted Absolute Error: 6.64798e-06
Electrostatics Weighted Least-Squares Error: 6.18352e-05
--------------------------------------------
Drude oscillator energy has been calculated using the following method: multipole-gradient
Induction Parameters:
    Functional Form = 
	E(ind)_ij = shell_charge - A*K2(rij)*(1 + a_yml*Y_ml)*exp(-bij*rij)
Fitted Atomtypes 
               A        
Ar(0)        0.167549
               A        
HT8(0)        0.613072
               A        
OH1(0)        1.388760
               A        
CO2(0)        0.772518
               A        
HO1(0)        0.825870
Constrained Atomtypes 
  None
------------
Induction RMS Error: 3.48292e-05
Induction Weighted RMS Error: 3.48292e-05
Induction Weighted Absolute Error: 1.08563e-06
Induction Weighted Least-Squares Error: 6.38353e-07
--------------------------------------------
DHF Parameters:
    Functional Form = 
	E(dhf)_ij = - A*K2(rij)*(1 + a_yml*Y_ml)*exp(-bij*rij)
Fitted Atomtypes 
               A        
Ar(0)        0.351958
               A        
HT8(0)        0.745089
               A        
OH1(0)        2.891634
               A        
CO2(0)        0.000000
               A        
HO1(0)        0.285430
Constrained Atomtypes 
  None
------------
Dhf RMS Error: 2.69376e-05
Dhf Weighted RMS Error: 2.69376e-05
Dhf Weighted Absolute Error: 2.56686e-06
Dhf Weighted Least-Squares Error: 3.91456e-07
--------------------------------------------
Dispersion Parameters:
    Functional Form = 
	E(disp)_ij = sum_(n=6,8,10,12){A*fdamp_n*(Cij_n/r_ij^n)}
               C6              C8             C10             C12       
Ar           8.426582       39.451011      194.132705      842.434187
HT8          1.498389        6.488268       33.240608        0.000000
CO2          4.847096       18.798288       63.256519      202.859856
HO1          1.275466        4.018693       30.302404        0.000000
OH1          3.819955       17.890308       89.856938      392.757676
Fitted Atomtypes 
               A        
Ar(0)        1.000000
               A        
HT8(0)        1.000000
               A        
OH1(0)        1.000000
               A        
CO2(0)        1.000000
               A        
HO1(0)        1.000000
Constrained Atomtypes 
  None
------------
Dispersion RMS Error: 1.38158e-04
Dispersion Weighted RMS Error: 1.38158e-04
Dispersion Weighted Absolute Error: -1.37243e-05
Dispersion Weighted Least-Squares Error: 1.30156e-05
--------------------------------------------
Total Energy:
------------
Total Energy RMS Error: 2.99864e-04
Total Energy Weighted RMS Error: 2.99864e-04
Total Energy Weighted Absolute Error: -1.02596e-05
Total Energy Weighted Least-Squares Error: 2.89745e-05
--------------------------------------------
#########################################################################


