########################## FF Fitting Summary ###########################
--------------------------------------------
Program Version: 1.1.0
Short-range Functional Form: born-mayer
Combination Rules: aij = geometric
                   bij = geometric_mean
Electrostatic Damping Type: None
Thole Param: 0.39
Fitting weight: eff_mu = 0.0 Ha
                eff_kt = 0.0021 Ha
Weighted RMSE cutoff: 0.0 Ha
Anisotropic Atomtypes: None
All parameters have been radially corrected to account for Slater overlap
This radial correction is approximate, and is only rigorous for the case where bi = bj.
------------
Exponents:
Ar(0)      2.220941
HT8(0)     2.282453
CO2(0)     2.055636
HO1(0)     1.963706
OH1(0)     2.332931
------------
Monomer 1 Multipole File:
ar_ISA-GRID_L0.mom
Monomer 2 Multipole File:
methanol_ISA-GRID_L0.mom
--------------------------------------------
Exchange Parameters:
    Functional Form = 
	E(exch)_ij = A*K2(rij)*(1 + a_yml*Y_ml)*exp(-bij*rij)
    where the a coefficient for each spherical harmonic term Y_ml
    is listed in the parameters below and 
	K2(rij) = 1/3*(bij*rij)**2 + bij*rij + 1 
Fitted Atomtypes 
  None
Constrained Atomtypes 
               A        
Ar(0)        6.842610
               A        
HT8(0)        0.657359
               A        
OH1(0)        4.063486
               A        
CO2(0)        1.875871
               A        
HO1(0)        0.156397
------------
Exchange RMS Error: 6.19010e-04
Exchange Weighted RMS Error: 6.19010e-04
Exchange Weighted Absolute Error: 7.67927e-06
Exchange Weighted Least-Squares Error: 6.34723e-06
--------------------------------------------
Electrostatic Parameters:
    Functional Form = 
	E(elst)_ij = f_damp*qi*qj/rij - A*K2(rij)*(1 + a_yml*Y_ml)*exp(-bij*rij)
Fitted Atomtypes 
  None
Constrained Atomtypes 
               A        
Ar(0)        3.951206
               A        
HT8(0)        0.357994
               A        
OH1(0)        2.587006
               A        
CO2(0)        1.003465
               A        
HO1(0)        0.051760
------------
Electrostatics RMS Error: 2.95818e-04
Electrostatics Weighted RMS Error: 2.95818e-04
Electrostatics Weighted Absolute Error: -4.20649e-06
Electrostatics Weighted Least-Squares Error: 7.99782e-05
--------------------------------------------
Drude oscillator energy has been calculated using the following method: multipole-gradient
Induction Parameters:
    Functional Form = 
	E(ind)_ij = shell_charge - A*K2(rij)*(1 + a_yml*Y_ml)*exp(-bij*rij)
Fitted Atomtypes 
  None
Constrained Atomtypes 
               A        
Ar(0)        0.890557
               A        
HT8(0)        0.094641
               A        
OH1(0)        0.058639
               A        
CO2(0)        0.352660
               A        
HO1(0)        0.124678
------------
Induction RMS Error: 5.20012e-05
Induction Weighted RMS Error: 5.20012e-05
Induction Weighted Absolute Error: -3.06086e-06
Induction Weighted Least-Squares Error: 1.60401e-06
--------------------------------------------
DHF Parameters:
    Functional Form = 
	E(dhf)_ij = - A*K2(rij)*(1 + a_yml*Y_ml)*exp(-bij*rij)
Fitted Atomtypes 
  None
Constrained Atomtypes 
               A        
Ar(0)        1.374643
               A        
HT8(0)        0.230271
               A        
OH1(0)        0.903899
               A        
CO2(0)        0.000000
               A        
HO1(0)        0.054417
------------
Dhf RMS Error: 2.93370e-05
Dhf Weighted RMS Error: 2.93370e-05
Dhf Weighted Absolute Error: -2.00139e-08
Dhf Weighted Least-Squares Error: 5.12466e-07
--------------------------------------------
Dispersion Parameters:
    Functional Form = 
	E(disp)_ij = sum_(n=6,8,10,12){A*fdamp_n*(Cij_n/r_ij^n)}
               C6              C8             C10             C12       
OH1          3.819955       17.890308       89.856938      392.757676
Ar           8.426582       39.451011      194.132705      842.434187
CO2          4.847096       18.798288       63.256519      202.859856
HO1          1.275466        4.018693       30.302404        0.000000
HT8          1.498389        6.488268       33.240608        0.000000
Fitted Atomtypes 
  None
Constrained Atomtypes 
               A        
Ar(0)        1.007688
               A        
HT8(0)        1.081173
               A        
OH1(0)        1.134794
               A        
CO2(0)        0.700000
               A        
HO1(0)        0.878621
------------
Dispersion RMS Error: 7.59427e-05
Dispersion Weighted RMS Error: 7.59427e-05
Dispersion Weighted Absolute Error: -1.08476e-05
Dispersion Weighted Least-Squares Error: 4.97216e-06
--------------------------------------------
Total Energy:
------------
Total Energy RMS Error: 3.12147e-04
Total Energy Weighted RMS Error: 3.12147e-04
Total Energy Weighted Absolute Error: -1.04556e-05
Total Energy Weighted Least-Squares Error: 1.48524e-05
--------------------------------------------
#########################################################################


