########################## FF Fitting Summary ###########################
--------------------------------------------
Program Version: 1.1.0
Short-range Functional Form: born-mayer
Combination Rules: aij = geometric
                   bij = geometric_mean
Electrostatic Damping Type: None
Thole Param: 0.39
Fitting weight: eff_mu = 0.0 Ha
                eff_kt = 0.0053 Ha
Weighted RMSE cutoff: 0.0 Ha
Anisotropic Atomtypes: OH1  HO1  
All parameters have been radially corrected to account for Slater overlap
This radial correction is approximate, and is only rigorous for the case where bi = bj.
------------
Exponents (Optimized):
Ar(0)      2.234933
HT8(0)     2.183397
CO2(0)     2.066180
HO1(0)     2.188485
OH1(0)     2.269213
------------
Monomer 1 Multipole File:
ar_ISA-GRID_L2.mom
Monomer 2 Multipole File:
methanol_ISA-GRID_L2.mom
--------------------------------------------
Exchange Parameters:
    Functional Form = 
	E(exch)_ij = A*K2(rij)*(1 + a_yml*Y_ml)*exp(-bij*rij)
    where the a coefficient for each spherical harmonic term Y_ml
    is listed in the parameters below and 
	K2(rij) = 1/3*(bij*rij)**2 + bij*rij + 1 
Fitted Atomtypes 
               A        
Ar(0)        4.498177
               A        
CO2(0)        3.356408
               A        
HT8(0)        0.840091
               A             a_y10           a_y20           a_y22c     
OH1(0)        3.090280       -0.971547       -0.072596       -1.000000
               A             a_y10           a_y20      
HO1(0)        0.582694       -0.214821       -0.382752
Constrained Atomtypes 
  None
------------
Exchange RMS Error: 3.39701e-04
Exchange Weighted RMS Error: 3.39701e-04
Exchange Weighted Absolute Error: -5.54109e-06
Exchange Weighted Least-Squares Error: 9.73358e-06
--------------------------------------------
Electrostatic Parameters:
    Functional Form = 
	E(elst)_ij = f_damp*qi*qj/rij - A*K2(rij)*(1 + a_yml*Y_ml)*exp(-bij*rij)
Fitted Atomtypes 
               A        
Ar(0)        2.231501
               A        
CO2(0)        2.138396
               A        
HT8(0)        0.531154
               A             a_y10           a_y20           a_y22c     
OH1(0)        2.615949       -0.712750        0.019065       -0.923038
               A             a_y10           a_y20      
HO1(0)        0.255874       -0.754264       -1.000000
Constrained Atomtypes 
  None
------------
Electrostatics RMS Error: 1.37160e-04
Electrostatics Weighted RMS Error: 1.37160e-04
Electrostatics Weighted Absolute Error: 8.53331e-06
Electrostatics Weighted Least-Squares Error: 1.30854e-05
--------------------------------------------
Drude oscillator energy has been calculated using the following method: multipole-gradient
Induction Parameters:
    Functional Form = 
	E(ind)_ij = shell_charge - A*K2(rij)*(1 + a_yml*Y_ml)*exp(-bij*rij)
Fitted Atomtypes 
               A        
Ar(0)        0.229814
               A        
CO2(0)        0.562465
               A        
HT8(0)        0.488178
               A             a_y10           a_y20           a_y22c     
OH1(0)        2.063727        0.580423       -0.091340        0.312661
               A             a_y10           a_y20      
HO1(0)        0.433266       -0.583099        0.115080
Constrained Atomtypes 
  None
------------
Induction RMS Error: 2.83380e-05
Induction Weighted RMS Error: 2.83380e-05
Induction Weighted Absolute Error: 2.83167e-07
Induction Weighted Least-Squares Error: 4.21102e-07
--------------------------------------------
DHF Parameters:
    Functional Form = 
	E(dhf)_ij = - A*K2(rij)*(1 + a_yml*Y_ml)*exp(-bij*rij)
Fitted Atomtypes 
               A        
Ar(0)        0.272710
               A        
CO2(0)        0.580720
               A        
HT8(0)        0.996301
               A             a_y10           a_y20           a_y22c     
OH1(0)        2.452854       -1.000000       -0.153413       -0.450332
               A             a_y10           a_y20      
HO1(0)        0.464028       -0.722929       -0.171555
Constrained Atomtypes 
  None
------------
Dhf RMS Error: 1.63692e-05
Dhf Weighted RMS Error: 1.63692e-05
Dhf Weighted Absolute Error: 3.30969e-06
Dhf Weighted Least-Squares Error: 1.43389e-07
--------------------------------------------
Dispersion Parameters:
    Functional Form = 
	E(disp)_ij = sum_(n=6,8,10,12){A*fdamp_n*(Cij_n/r_ij^n)}
               C6              C8             C10             C12       
Ar           8.426582       39.451011      194.132705      842.434187
HT8          1.498389        6.488268       33.240608        0.000000
CO2          4.847096       18.798288       63.256519      202.859856
HO1          1.275466        4.018693       30.302404        0.000000
OH1          3.819955       17.890308       89.856938      392.757676
Fitted Atomtypes 
               A        
Ar(0)        0.915768
               A        
CO2(0)        0.989726
               A        
HT8(0)        1.160069
               A             a_y10           a_y20           a_y22c     
OH1(0)        1.013080       -0.308395        0.039163       -0.229907
               A             a_y10           a_y20      
HO1(0)        0.839030       -0.616955       -0.339895
Constrained Atomtypes 
  None
------------
Dispersion RMS Error: 3.12536e-05
Dispersion Weighted RMS Error: 3.12536e-05
Dispersion Weighted Absolute Error: -1.04539e-05
Dispersion Weighted Least-Squares Error: 6.27392e-07
--------------------------------------------
Total Energy:
------------
Total Energy RMS Error: 2.28997e-04
Total Energy Weighted RMS Error: 2.28997e-04
Total Energy Weighted Absolute Error: -3.86879e-06
Total Energy Weighted Least-Squares Error: 1.48243e-05
--------------------------------------------
#########################################################################


