########################## FF Fitting Summary ###########################
--------------------------------------------
Program Version: 1.1.0
Short-range Functional Form: born-mayer
Combination Rules: aij = geometric
                   bij = geometric_mean
Electrostatic Damping Type: None
Thole Param: 0.39
Fitting weight: eff_mu = 0.0 Ha
                eff_kt = 0.0025 Ha
Weighted RMSE cutoff: 0.0 Ha
Anisotropic Atomtypes: HN   N    
All parameters have been radially corrected to account for Slater overlap
This radial correction is approximate, and is only rigorous for the case where bi = bj.
------------
Exponents:
CT4(0)     1.983284
HT4(0)     2.284224
HN(0)      2.492792
N(0)       1.935779
------------
Monomer 1 Multipole File:
methane_ISA-GRID_L2.mom
Monomer 2 Multipole File:
nh3_ISA-GRID_L2.mom
--------------------------------------------
Exchange Parameters:
    Functional Form = 
	E(exch)_ij = A*K2(rij)*(1 + a_yml*Y_ml)*exp(-bij*rij)
    where the a coefficient for each spherical harmonic term Y_ml
    is listed in the parameters below and 
	K2(rij) = 1/3*(bij*rij)**2 + bij*rij + 1 
Fitted Atomtypes 
  None
Constrained Atomtypes 
               A        
CT4(0)        2.302355
               A        
HT4(0)        0.643486
               A             a_y10           a_y20      
HN(0)        0.608786        0.038133       -0.050896
               A             a_y10           a_y20      
N(0)         2.373201       -0.005339        0.434163
------------
Exchange RMS Error: 3.60297e-04
Exchange Weighted RMS Error: 1.08557e-04
Exchange Weighted Absolute Error: 2.68411e-06
Exchange Weighted Least-Squares Error: 4.49096e-06
--------------------------------------------
Electrostatic Parameters:
    Functional Form = 
	E(elst)_ij = f_damp*qi*qj/rij - A*K2(rij)*(1 + a_yml*Y_ml)*exp(-bij*rij)
Fitted Atomtypes 
  None
Constrained Atomtypes 
               A        
CT4(0)        1.554263
               A        
HT4(0)        0.298062
               A             a_y10           a_y20      
HN(0)        0.185500        0.624195        0.448310
               A             a_y10           a_y20      
N(0)         1.844774        0.120323        0.399345
------------
Electrostatics RMS Error: 2.11959e-04
Electrostatics Weighted RMS Error: 8.01843e-05
Electrostatics Weighted Absolute Error: 2.32956e-05
Electrostatics Weighted Least-Squares Error: 3.72304e-05
--------------------------------------------
Drude oscillator energy has been calculated using the following method: multipole-gradient
Induction Parameters:
    Functional Form = 
	E(ind)_ij = shell_charge - A*K2(rij)*(1 + a_yml*Y_ml)*exp(-bij*rij)
Fitted Atomtypes 
  None
Constrained Atomtypes 
               A        
CT4(0)        0.056826
               A        
HT4(0)        0.149836
               A             a_y10           a_y20      
HN(0)        0.338537        0.808333        0.445368
               A             a_y10           a_y20      
N(0)         0.000000        0.497121       -0.604139
------------
Induction RMS Error: 1.06077e-04
Induction Weighted RMS Error: 1.72336e-05
Induction Weighted Absolute Error: 3.89780e-06
Induction Weighted Least-Squares Error: 6.56487e-06
--------------------------------------------
DHF Parameters:
    Functional Form = 
	E(dhf)_ij = - A*K2(rij)*(1 + a_yml*Y_ml)*exp(-bij*rij)
Fitted Atomtypes 
  None
Constrained Atomtypes 
               A        
CT4(0)        0.102276
               A        
HT4(0)        0.226052
               A             a_y10           a_y20      
HN(0)        0.136424       -1.000000        0.004776
               A             a_y10           a_y20      
N(0)         0.434665       -0.308669        0.426519
------------
Dhf RMS Error: 7.38429e-05
Dhf Weighted RMS Error: 1.52873e-05
Dhf Weighted Absolute Error: 2.39608e-06
Dhf Weighted Least-Squares Error: 3.27866e-06
--------------------------------------------
Dispersion Parameters:
    Functional Form = 
	E(disp)_ij = sum_(n=6,8,10,12){A*fdamp_n*(Cij_n/r_ij^n)}
               C6              C8             C10             C12       
CT4          4.847096       18.798288       63.256519      202.859856
HT4          1.498389        6.488268       33.240608        0.000000
HN           1.306964        4.117935       31.050725        0.000000
N            4.878202       25.576829      142.574149      704.112767
Fitted Atomtypes 
  None
Constrained Atomtypes 
               A        
CT4(0)        1.000000
               A        
HT4(0)        1.000000
               A             a_y10           a_y20      
HN(0)        1.000000        0.291263        0.156676
               A             a_y10           a_y20      
N(0)         1.000000       -0.143468        0.247158
------------
Dispersion RMS Error: 1.03175e-04
Dispersion Weighted RMS Error: 3.96387e-05
Dispersion Weighted Absolute Error: -2.42646e-05
Dispersion Weighted Least-Squares Error: 9.26500e-06
--------------------------------------------
Total Energy:
------------
Total Energy RMS Error: 2.97995e-04
Total Energy Weighted RMS Error: 7.41716e-05
Total Energy Weighted Absolute Error: 8.00902e-06
Total Energy Weighted Least-Squares Error: 1.47204e-05
--------------------------------------------
#########################################################################


