########################## FF Fitting Summary ###########################
--------------------------------------------
Program Version: 1.1.0
Short-range Functional Form: born-mayer
Combination Rules: aij = geometric
                   bij = geometric_mean
Electrostatic Damping Type: None
Thole Param: 0.39
Fitting weight: eff_mu = 0.0 Ha
                eff_kt = 0.0025 Ha
Weighted RMSE cutoff: 0.0 Ha
Anisotropic Atomtypes: None
All parameters have been radially corrected to account for Slater overlap
This radial correction is approximate, and is only rigorous for the case where bi = bj.
------------
Exponents:
CT4(0)     1.983284
HT4(0)     2.284224
HN(0)      2.213238
N(0)       2.042178
------------
Monomer 1 Multipole File:
methane_ISA-GRID_L2.mom
Monomer 2 Multipole File:
nh3_ISA-GRID_L2.mom
--------------------------------------------
Exchange Parameters:
    Functional Form = 
	E(exch)_ij = A*K2(rij)*(1 + a_yml*Y_ml)*exp(-bij*rij)
    where the a coefficient for each spherical harmonic term Y_ml
    is listed in the parameters below and 
	K2(rij) = 1/3*(bij*rij)**2 + bij*rij + 1 
Fitted Atomtypes 
  None
Constrained Atomtypes 
               A        
CT4(0)        2.302355
               A        
HT4(0)        0.643486
               A        
HN(0)        0.325609
               A        
N(0)         3.261484
------------
Exchange RMS Error: 1.21134e-03
Exchange Weighted RMS Error: 1.21134e-03
Exchange Weighted Absolute Error: -1.00127e-05
Exchange Weighted Least-Squares Error: 2.54083e-05
--------------------------------------------
Electrostatic Parameters:
    Functional Form = 
	E(elst)_ij = f_damp*qi*qj/rij - A*K2(rij)*(1 + a_yml*Y_ml)*exp(-bij*rij)
Fitted Atomtypes 
  None
Constrained Atomtypes 
               A        
CT4(0)        1.554263
               A        
HT4(0)        0.298062
               A        
HN(0)        0.105210
               A        
N(0)         2.294156
------------
Electrostatics RMS Error: 5.55069e-04
Electrostatics Weighted RMS Error: 5.55069e-04
Electrostatics Weighted Absolute Error: 2.90170e-05
Electrostatics Weighted Least-Squares Error: 2.70443e-04
--------------------------------------------
Drude oscillator energy has been calculated using the following method: multipole-gradient
Induction Parameters:
    Functional Form = 
	E(ind)_ij = shell_charge - A*K2(rij)*(1 + a_yml*Y_ml)*exp(-bij*rij)
Fitted Atomtypes 
  None
Constrained Atomtypes 
               A        
CT4(0)        0.056831
               A        
HT4(0)        0.149836
               A        
HN(0)        0.134932
               A        
N(0)         0.064204
------------
Induction RMS Error: 1.06389e-04
Induction Weighted RMS Error: 1.06389e-04
Induction Weighted Absolute Error: 7.78707e-06
Induction Weighted Least-Squares Error: 6.55991e-06
--------------------------------------------
DHF Parameters:
    Functional Form = 
	E(dhf)_ij = - A*K2(rij)*(1 + a_yml*Y_ml)*exp(-bij*rij)
Fitted Atomtypes 
  None
Constrained Atomtypes 
               A        
CT4(0)        0.102273
               A        
HT4(0)        0.226053
               A        
HN(0)        0.112741
               A        
N(0)         0.590966
------------
Dhf RMS Error: 1.10363e-04
Dhf Weighted RMS Error: 1.10363e-04
Dhf Weighted Absolute Error: -3.64673e-07
Dhf Weighted Least-Squares Error: 7.37159e-06
--------------------------------------------
Dispersion Parameters:
    Functional Form = 
	E(disp)_ij = sum_(n=6,8,10,12){A*fdamp_n*(Cij_n/r_ij^n)}
               C6              C8             C10             C12       
CT4          4.847096       18.798288       63.256519      202.859856
HT4          1.498389        6.488268       33.240608        0.000000
HN           1.306964        4.117935       31.050725        0.000000
N            4.878202       25.576829      142.574149      704.112767
Fitted Atomtypes 
  None
Constrained Atomtypes 
               A        
CT4(0)        1.017087
               A        
HT4(0)        1.016115
               A        
HN(0)        0.751615
               A        
N(0)         1.241149
------------
Dispersion RMS Error: 1.69089e-04
Dispersion Weighted RMS Error: 1.69089e-04
Dispersion Weighted Absolute Error: 3.57547e-06
Dispersion Weighted Least-Squares Error: 2.40233e-05
--------------------------------------------
Total Energy:
------------
Total Energy RMS Error: 5.99273e-04
Total Energy Weighted RMS Error: 5.99273e-04
Total Energy Weighted Absolute Error: 3.00022e-05
Total Energy Weighted Least-Squares Error: 4.73441e-05
--------------------------------------------
#########################################################################


