########################## FF Fitting Summary ###########################
--------------------------------------------
Program Version: 1.1.0
Short-range Functional Form: born-mayer
Combination Rules: aij = geometric
                   bij = geometric_mean
Electrostatic Damping Type: None
Thole Param: 0.39
Fitting weight: eff_mu = 0.0 Ha
                eff_kt = 0.0063 Ha
Weighted RMSE cutoff: 0.0 Ha
Anisotropic Atomtypes: HN   N    
All parameters have been radially corrected to account for Slater overlap
This radial correction is approximate, and is only rigorous for the case where bi = bj.
------------
Exponents (Optimized):
CT4(0)     1.929284
HT4(0)     2.321595
HN(0)      2.428211
N(0)       1.860469
------------
Monomer 1 Multipole File:
methane_ISA-GRID_L2.mom
Monomer 2 Multipole File:
nh3_ISA-GRID_L2.mom
--------------------------------------------
Exchange Parameters:
    Functional Form = 
	E(exch)_ij = A*K2(rij)*(1 + a_yml*Y_ml)*exp(-bij*rij)
    where the a coefficient for each spherical harmonic term Y_ml
    is listed in the parameters below and 
	K2(rij) = 1/3*(bij*rij)**2 + bij*rij + 1 
Fitted Atomtypes 
               A        
CT4(0)        1.917336
               A        
HT4(0)        0.604698
               A             a_y10           a_y20      
HN(0)        1.145939        0.665523        0.208634
               A             a_y10           a_y20      
N(0)         1.703487       -0.122506        0.762467
Constrained Atomtypes 
  None
------------
Exchange RMS Error: 3.76907e-04
Exchange Weighted RMS Error: 3.76907e-04
Exchange Weighted Absolute Error: 1.51378e-06
Exchange Weighted Least-Squares Error: 7.07503e-06
--------------------------------------------
Electrostatic Parameters:
    Functional Form = 
	E(elst)_ij = f_damp*qi*qj/rij - A*K2(rij)*(1 + a_yml*Y_ml)*exp(-bij*rij)
Fitted Atomtypes 
               A        
CT4(0)        1.023432
               A        
HT4(0)        0.196464
               A             a_y10           a_y20      
HN(0)        1.079657        1.000000        0.297785
               A             a_y10           a_y20      
N(0)         1.219505       -0.282039        1.000000
Constrained Atomtypes 
  None
------------
Electrostatics RMS Error: 1.73945e-04
Electrostatics Weighted RMS Error: 1.73945e-04
Electrostatics Weighted Absolute Error: 9.38734e-06
Electrostatics Weighted Least-Squares Error: 2.06451e-05
--------------------------------------------
Drude oscillator energy has been calculated using the following method: multipole-gradient
Induction Parameters:
    Functional Form = 
	E(ind)_ij = shell_charge - A*K2(rij)*(1 + a_yml*Y_ml)*exp(-bij*rij)
Fitted Atomtypes 
               A        
CT4(0)        0.046608
               A        
HT4(0)        0.015224
               A             a_y10           a_y20      
HN(0)        0.779775       -1.000000       -0.335335
               A             a_y10           a_y20      
N(0)         0.000000        0.381025       -0.161946
Constrained Atomtypes 
  None
------------
Induction RMS Error: 7.39597e-05
Induction Weighted RMS Error: 7.39597e-05
Induction Weighted Absolute Error: 1.69798e-06
Induction Weighted Least-Squares Error: 2.87624e-06
--------------------------------------------
DHF Parameters:
    Functional Form = 
	E(dhf)_ij = - A*K2(rij)*(1 + a_yml*Y_ml)*exp(-bij*rij)
Fitted Atomtypes 
               A        
CT4(0)        0.049885
               A        
HT4(0)        0.167369
               A             a_y10           a_y20      
HN(0)        0.113511       -1.000000        0.775554
               A             a_y10           a_y20      
N(0)         0.851339        0.099942        0.374264
Constrained Atomtypes 
  None
------------
Dhf RMS Error: 4.49135e-05
Dhf Weighted RMS Error: 4.49135e-05
Dhf Weighted Absolute Error: 6.27563e-06
Dhf Weighted Least-Squares Error: 1.07657e-06
--------------------------------------------
Dispersion Parameters:
    Functional Form = 
	E(disp)_ij = sum_(n=6,8,10,12){A*fdamp_n*(Cij_n/r_ij^n)}
               C6              C8             C10             C12       
CT4          4.847096       18.798288       63.256519      202.859856
HT4          1.498389        6.488268       33.240608        0.000000
HN           1.306964        4.117935       31.050725        0.000000
N            4.878202       25.576829      142.574149      704.112767
Fitted Atomtypes 
               A        
CT4(0)        1.121935
               A        
HT4(0)        1.058541
               A             a_y10           a_y20      
HN(0)        1.300000        0.456635        0.170390
               A             a_y10           a_y20      
N(0)         0.700000       -0.327269        0.404302
Constrained Atomtypes 
  None
------------
Dispersion RMS Error: 6.02279e-05
Dispersion Weighted RMS Error: 6.02279e-05
Dispersion Weighted Absolute Error: -2.60556e-06
Dispersion Weighted Least-Squares Error: 2.48608e-06
--------------------------------------------
Total Energy:
------------
Total Energy RMS Error: 3.36742e-04
Total Energy Weighted RMS Error: 3.36742e-04
Total Energy Weighted Absolute Error: 1.62692e-05
Total Energy Weighted Least-Squares Error: 2.63358e-05
--------------------------------------------
#########################################################################


