########################## FF Fitting Summary ###########################
--------------------------------------------
Program Version: 1.1.0
Short-range Functional Form: born-mayer
Combination Rules: aij = geometric
                   bij = geometric_mean
Electrostatic Damping Type: None
Thole Param: 0.39
Fitting weight: eff_mu = 0.0 Ha
                eff_kt = 0.0063 Ha
Weighted RMSE cutoff: 0.0 Ha
Anisotropic Atomtypes: None
All parameters have been radially corrected to account for Slater overlap
This radial correction is approximate, and is only rigorous for the case where bi = bj.
------------
Exponents (Optimized):
CT4(0)     1.933834
HT4(0)     2.314264
HN(0)      2.398069
N(0)       1.895592
------------
Monomer 1 Multipole File:
methane_ISA-GRID_L0.mom
Monomer 2 Multipole File:
nh3_ISA-GRID_L0.mom
--------------------------------------------
Exchange Parameters:
    Functional Form = 
	E(exch)_ij = A*K2(rij)*(1 + a_yml*Y_ml)*exp(-bij*rij)
    where the a coefficient for each spherical harmonic term Y_ml
    is listed in the parameters below and 
	K2(rij) = 1/3*(bij*rij)**2 + bij*rij + 1 
Fitted Atomtypes 
               A        
CT4(0)        2.092972
               A        
HT4(0)        0.667313
               A        
HN(0)        0.396580
               A        
N(0)         2.431474
Constrained Atomtypes 
  None
------------
Exchange RMS Error: 1.22723e-03
Exchange Weighted RMS Error: 1.22723e-03
Exchange Weighted Absolute Error: -2.40554e-05
Exchange Weighted Least-Squares Error: 9.83178e-05
--------------------------------------------
Electrostatic Parameters:
    Functional Form = 
	E(elst)_ij = f_damp*qi*qj/rij - A*K2(rij)*(1 + a_yml*Y_ml)*exp(-bij*rij)
Fitted Atomtypes 
               A        
CT4(0)        1.335106
               A        
HT4(0)        0.288326
               A        
HN(0)        0.123464
               A        
N(0)         1.769609
Constrained Atomtypes 
  None
------------
Electrostatics RMS Error: 4.92365e-04
Electrostatics Weighted RMS Error: 4.92365e-04
Electrostatics Weighted Absolute Error: 2.82247e-05
Electrostatics Weighted Least-Squares Error: 1.74674e-04
--------------------------------------------
Drude oscillator energy has been calculated using the following method: multipole-gradient
Induction Parameters:
    Functional Form = 
	E(ind)_ij = shell_charge - A*K2(rij)*(1 + a_yml*Y_ml)*exp(-bij*rij)
Fitted Atomtypes 
               A        
CT4(0)        0.038558
               A        
HT4(0)        0.016195
               A        
HN(0)        0.947333
               A        
N(0)         0.000000
Constrained Atomtypes 
  None
------------
Induction RMS Error: 7.34375e-05
Induction Weighted RMS Error: 7.34375e-05
Induction Weighted Absolute Error: 1.01349e-05
Induction Weighted Least-Squares Error: 2.78397e-06
--------------------------------------------
DHF Parameters:
    Functional Form = 
	E(dhf)_ij = - A*K2(rij)*(1 + a_yml*Y_ml)*exp(-bij*rij)
Fitted Atomtypes 
               A        
CT4(0)        0.078241
               A        
HT4(0)        0.249102
               A        
HN(0)        0.119738
               A        
N(0)         0.532690
Constrained Atomtypes 
  None
------------
Dhf RMS Error: 9.91308e-05
Dhf Weighted RMS Error: 9.91308e-05
Dhf Weighted Absolute Error: 2.28398e-06
Dhf Weighted Least-Squares Error: 5.23397e-06
--------------------------------------------
Dispersion Parameters:
    Functional Form = 
	E(disp)_ij = sum_(n=6,8,10,12){A*fdamp_n*(Cij_n/r_ij^n)}
               C6              C8             C10             C12       
CT4          4.847096       18.798288       63.256519      202.859856
HT4          1.498389        6.488268       33.240608        0.000000
HN           1.306964        4.117935       31.050725        0.000000
N            4.878202       25.576829      142.574149      704.112767
Fitted Atomtypes 
               A        
CT4(0)        1.026940
               A        
HT4(0)        1.045290
               A        
HN(0)        0.700000
               A        
N(0)         1.300000
Constrained Atomtypes 
  None
------------
Dispersion RMS Error: 1.86855e-04
Dispersion Weighted RMS Error: 1.86855e-04
Dispersion Weighted Absolute Error: 2.40459e-05
Dispersion Weighted Least-Squares Error: 2.36971e-05
--------------------------------------------
Total Energy:
------------
Total Energy RMS Error: 6.42358e-04
Total Energy Weighted RMS Error: 6.42358e-04
Total Energy Weighted Absolute Error: 4.06341e-05
Total Energy Weighted Least-Squares Error: 1.04045e-04
--------------------------------------------
#########################################################################


