########################## FF Fitting Summary ###########################
--------------------------------------------
Program Version: 1.1.0
Short-range Functional Form: born-mayer
Combination Rules: aij = geometric
                   bij = geometric_mean
Electrostatic Damping Type: None
Thole Param: 0.39
Fitting weight: eff_mu = 0.0 Ha
                eff_kt = 0.0078 Ha
Weighted RMSE cutoff: 0.0 Ha
Anisotropic Atomtypes: None
All parameters have been radially corrected to account for Slater overlap
This radial correction is approximate, and is only rigorous for the case where bi = bj.
------------
Exponents:
H2O(0)     1.564809
OH2(0)     2.488426
CCO2(0)    2.033668
OCO(0)     2.440921
------------
Monomer 1 Multipole File:
co2_ISA-GRID_L0.mom
Monomer 2 Multipole File:
h2o_ISA-GRID_L0.mom
--------------------------------------------
Exchange Parameters:
    Functional Form = 
	E(exch)_ij = A*K2(rij)*(1 + a_yml*Y_ml)*exp(-bij*rij)
    where the a coefficient for each spherical harmonic term Y_ml
    is listed in the parameters below and 
	K2(rij) = 1/3*(bij*rij)**2 + bij*rij + 1 
Fitted Atomtypes 
  None
Constrained Atomtypes 
               A        
H2O(0)        0.093056
               A        
CCO2(0)        1.413701
               A        
OH2(0)        5.570999
               A        
OCO(0)        4.285230
------------
Exchange RMS Error: 1.03187e-03
Exchange Weighted RMS Error: 1.03187e-03
Exchange Weighted Absolute Error: -7.11349e-05
Exchange Weighted Least-Squares Error: 1.32990e-04
--------------------------------------------
Electrostatic Parameters:
    Functional Form = 
	E(elst)_ij = f_damp*qi*qj/rij - A*K2(rij)*(1 + a_yml*Y_ml)*exp(-bij*rij)
Fitted Atomtypes 
  None
Constrained Atomtypes 
               A        
H2O(0)        0.032756
               A        
CCO2(0)        0.812120
               A        
OH2(0)        3.741217
               A        
OCO(0)        2.409721
------------
Electrostatics RMS Error: 9.83630e-04
Electrostatics Weighted RMS Error: 9.83630e-04
Electrostatics Weighted Absolute Error: 1.82878e-04
Electrostatics Weighted Least-Squares Error: 6.35917e-04
--------------------------------------------
Drude oscillator energy has been calculated using the following method: multipole-gradient
Induction Parameters:
    Functional Form = 
	E(ind)_ij = shell_charge - A*K2(rij)*(1 + a_yml*Y_ml)*exp(-bij*rij)
Fitted Atomtypes 
  None
Constrained Atomtypes 
               A        
H2O(0)        0.000000
               A        
CCO2(0)        0.521208
               A        
OH2(0)        0.000000
               A        
OCO(0)        0.190615
------------
Induction RMS Error: 1.50883e-04
Induction Weighted RMS Error: 1.50883e-04
Induction Weighted Absolute Error: -1.16113e-05
Induction Weighted Least-Squares Error: 1.19524e-05
--------------------------------------------
DHF Parameters:
    Functional Form = 
	E(dhf)_ij = - A*K2(rij)*(1 + a_yml*Y_ml)*exp(-bij*rij)
Fitted Atomtypes 
  None
Constrained Atomtypes 
               A        
H2O(0)        0.023941
               A        
CCO2(0)        0.085000
               A        
OH2(0)        1.154064
               A        
OCO(0)        1.009738
------------
Dhf RMS Error: 6.92044e-05
Dhf Weighted RMS Error: 6.92044e-05
Dhf Weighted Absolute Error: 8.75544e-06
Dhf Weighted Least-Squares Error: 2.47249e-06
--------------------------------------------
Dispersion Parameters:
    Functional Form = 
	E(disp)_ij = sum_(n=6,8,10,12){A*fdamp_n*(Cij_n/r_ij^n)}
               C6              C8             C10             C12       
H2O          0.880629        1.744112       16.442916        0.000000
CCO2         4.678946       20.766690       84.950595      399.352721
OH2          5.035664       23.165974      110.758015      470.057253
OCO          4.067865       17.049989       83.654105      339.409882
Fitted Atomtypes 
  None
Constrained Atomtypes 
               A        
H2O(0)        1.000000
               A        
CCO2(0)        1.000000
               A        
OH2(0)        1.000000
               A        
OCO(0)        1.000000
------------
Dispersion RMS Error: 4.38971e-04
Dispersion Weighted RMS Error: 4.38971e-04
Dispersion Weighted Absolute Error: 4.73902e-05
Dispersion Weighted Least-Squares Error: 1.27102e-04
--------------------------------------------
Total Energy:
------------
Total Energy RMS Error: 1.23438e-03
Total Energy Weighted RMS Error: 1.23438e-03
Total Energy Weighted Absolute Error: 1.56277e-04
Total Energy Weighted Least-Squares Error: 6.43651e-04
--------------------------------------------
#########################################################################


