########################## FF Fitting Summary ###########################
--------------------------------------------
Program Version: 1.1.0
Short-range Functional Form: born-mayer
Combination Rules: aij = geometric
                   bij = geometric_mean
Electrostatic Damping Type: None
Thole Param: 0.39
Fitting weight: eff_mu = 0.0 Ha
                eff_kt = 0.0194 Ha
Weighted RMSE cutoff: 0.0 Ha
Anisotropic Atomtypes: None
All parameters have been radially corrected to account for Slater overlap
This radial correction is approximate, and is only rigorous for the case where bi = bj.
------------
Exponents (Optimized):
H2O(0)     1.691934
OH2(0)     2.355566
CCO2(0)    2.079911
OCO(0)     2.438162
------------
Monomer 1 Multipole File:
co2_ISA-GRID_L2.mom
Monomer 2 Multipole File:
h2o_ISA-GRID_L2.mom
--------------------------------------------
Exchange Parameters:
    Functional Form = 
	E(exch)_ij = A*K2(rij)*(1 + a_yml*Y_ml)*exp(-bij*rij)
    where the a coefficient for each spherical harmonic term Y_ml
    is listed in the parameters below and 
	K2(rij) = 1/3*(bij*rij)**2 + bij*rij + 1 
Fitted Atomtypes 
               A        
H2O(0)        0.118587
               A        
CCO2(0)        1.514827
               A        
OH2(0)        4.550520
               A        
OCO(0)        4.096150
Constrained Atomtypes 
  None
------------
Exchange RMS Error: 1.03354e-03
Exchange Weighted RMS Error: 3.58352e-04
Exchange Weighted Absolute Error: -7.63448e-05
Exchange Weighted Least-Squares Error: 2.89506e-04
--------------------------------------------
Electrostatic Parameters:
    Functional Form = 
	E(elst)_ij = f_damp*qi*qj/rij - A*K2(rij)*(1 + a_yml*Y_ml)*exp(-bij*rij)
Fitted Atomtypes 
               A        
H2O(0)        0.061716
               A        
CCO2(0)        0.751559
               A        
OH2(0)        3.034080
               A        
OCO(0)        2.262660
Constrained Atomtypes 
  None
------------
Electrostatics RMS Error: 5.08767e-04
Electrostatics Weighted RMS Error: 1.85588e-04
Electrostatics Weighted Absolute Error: 5.44941e-05
Electrostatics Weighted Least-Squares Error: 1.49153e-04
--------------------------------------------
Drude oscillator energy has been calculated using the following method: multipole-gradient
Induction Parameters:
    Functional Form = 
	E(ind)_ij = shell_charge - A*K2(rij)*(1 + a_yml*Y_ml)*exp(-bij*rij)
Fitted Atomtypes 
               A        
H2O(0)        0.061174
               A        
CCO2(0)        0.571307
               A        
OH2(0)        0.315843
               A        
OCO(0)        0.175498
Constrained Atomtypes 
  None
------------
Induction RMS Error: 7.54387e-05
Induction Weighted RMS Error: 3.45020e-05
Induction Weighted Absolute Error: -1.29756e-05
Induction Weighted Least-Squares Error: 2.85180e-06
--------------------------------------------
DHF Parameters:
    Functional Form = 
	E(dhf)_ij = - A*K2(rij)*(1 + a_yml*Y_ml)*exp(-bij*rij)
Fitted Atomtypes 
               A        
H2O(0)        0.030494
               A        
CCO2(0)        0.000000
               A        
OH2(0)        0.803429
               A        
OCO(0)        1.125633
Constrained Atomtypes 
  None
------------
Dhf RMS Error: 5.56988e-05
Dhf Weighted RMS Error: 1.97934e-05
Dhf Weighted Absolute Error: 4.87192e-06
Dhf Weighted Least-Squares Error: 1.55147e-06
--------------------------------------------
Dispersion Parameters:
    Functional Form = 
	E(disp)_ij = sum_(n=6,8,10,12){A*fdamp_n*(Cij_n/r_ij^n)}
               C6              C8             C10             C12       
H2O          0.880629        1.744112       16.442916        0.000000
OH2          5.035664       23.165974      110.758015      470.057253
CCO2         4.678946       20.766690       84.950595      399.352721
OCO          4.067865       17.049989       83.654105      339.409882
Fitted Atomtypes 
               A        
H2O(0)        1.000000
               A        
CCO2(0)        1.000000
               A        
OH2(0)        1.000000
               A        
OCO(0)        1.000000
Constrained Atomtypes 
  None
------------
Dispersion RMS Error: 3.62590e-04
Dispersion Weighted RMS Error: 2.07926e-04
Dispersion Weighted Absolute Error: 4.39056e-05
Dispersion Weighted Least-Squares Error: 7.35810e-05
--------------------------------------------
Total Energy:
------------
Total Energy RMS Error: 6.27355e-04
Total Energy Weighted RMS Error: 2.60144e-04
Total Energy Weighted Absolute Error: 1.39513e-05
Total Energy Weighted Least-Squares Error: 1.65742e-04
--------------------------------------------
#########################################################################


