########################## FF Fitting Summary ###########################
--------------------------------------------
Program Version: 1.1.0
Short-range Functional Form: born-mayer
Combination Rules: aij = geometric
                   bij = geometric_mean
Electrostatic Damping Type: None
Thole Param: 0.39
Fitting weight: eff_mu = 0.0 Ha
                eff_kt = 0.0078 Ha
Weighted RMSE cutoff: 0.0 Ha
Anisotropic Atomtypes: None
All parameters have been radially corrected to account for Slater overlap
This radial correction is approximate, and is only rigorous for the case where bi = bj.
------------
Exponents:
H2O(0)     1.564809
OH2(0)     2.488426
CCO2(0)    2.033668
OCO(0)     2.440921
------------
Monomer 1 Multipole File:
co2_ISA-GRID_L2.mom
Monomer 2 Multipole File:
h2o_ISA-GRID_L2.mom
--------------------------------------------
Exchange Parameters:
    Functional Form = 
	E(exch)_ij = A*K2(rij)*(1 + a_yml*Y_ml)*exp(-bij*rij)
    where the a coefficient for each spherical harmonic term Y_ml
    is listed in the parameters below and 
	K2(rij) = 1/3*(bij*rij)**2 + bij*rij + 1 
Fitted Atomtypes 
  None
Constrained Atomtypes 
               A        
H2O(0)        0.093056
               A        
CCO2(0)        1.413701
               A        
OH2(0)        5.570999
               A        
OCO(0)        4.285230
------------
Exchange RMS Error: 1.03187e-03
Exchange Weighted RMS Error: 1.03187e-03
Exchange Weighted Absolute Error: -7.11349e-05
Exchange Weighted Least-Squares Error: 1.32990e-04
--------------------------------------------
Electrostatic Parameters:
    Functional Form = 
	E(elst)_ij = f_damp*qi*qj/rij - A*K2(rij)*(1 + a_yml*Y_ml)*exp(-bij*rij)
Fitted Atomtypes 
  None
Constrained Atomtypes 
               A        
H2O(0)        0.034153
               A        
CCO2(0)        0.772448
               A        
OH2(0)        3.716275
               A        
OCO(0)        2.434611
------------
Electrostatics RMS Error: 5.21614e-04
Electrostatics Weighted RMS Error: 5.21614e-04
Electrostatics Weighted Absolute Error: 2.82431e-05
Electrostatics Weighted Least-Squares Error: 1.89071e-04
--------------------------------------------
Drude oscillator energy has been calculated using the following method: multipole-gradient
Induction Parameters:
    Functional Form = 
	E(ind)_ij = shell_charge - A*K2(rij)*(1 + a_yml*Y_ml)*exp(-bij*rij)
Fitted Atomtypes 
  None
Constrained Atomtypes 
               A        
H2O(0)        0.054241
               A        
CCO2(0)        0.558185
               A        
OH2(0)        0.000000
               A        
OCO(0)        0.328410
------------
Induction RMS Error: 9.48055e-05
Induction Weighted RMS Error: 9.48055e-05
Induction Weighted Absolute Error: -8.09204e-06
Induction Weighted Least-Squares Error: 4.70785e-06
--------------------------------------------
DHF Parameters:
    Functional Form = 
	E(dhf)_ij = - A*K2(rij)*(1 + a_yml*Y_ml)*exp(-bij*rij)
Fitted Atomtypes 
  None
Constrained Atomtypes 
               A        
H2O(0)        0.023970
               A        
CCO2(0)        0.086496
               A        
OH2(0)        1.159150
               A        
OCO(0)        1.010704
------------
Dhf RMS Error: 6.27207e-05
Dhf Weighted RMS Error: 6.27207e-05
Dhf Weighted Absolute Error: 6.87427e-06
Dhf Weighted Least-Squares Error: 2.02979e-06
--------------------------------------------
Dispersion Parameters:
    Functional Form = 
	E(disp)_ij = sum_(n=6,8,10,12){A*fdamp_n*(Cij_n/r_ij^n)}
               C6              C8             C10             C12       
H2O          0.880629        1.744112       16.442916        0.000000
CCO2         4.678946       20.766690       84.950595      399.352721
OH2          5.035664       23.165974      110.758015      470.057253
OCO          4.067865       17.049989       83.654105      339.409882
Fitted Atomtypes 
  None
Constrained Atomtypes 
               A        
H2O(0)        1.300000
               A        
CCO2(0)        0.704870
               A        
OH2(0)        0.926842
               A        
OCO(0)        1.028010
------------
Dispersion RMS Error: 2.19640e-04
Dispersion Weighted RMS Error: 2.19640e-04
Dispersion Weighted Absolute Error: -2.67521e-05
Dispersion Weighted Least-Squares Error: 3.06878e-05
--------------------------------------------
Total Energy:
------------
Total Energy RMS Error: 5.71943e-04
Total Energy Weighted RMS Error: 5.71943e-04
Total Energy Weighted Absolute Error: -7.08617e-05
Total Energy Weighted Least-Squares Error: 1.22154e-04
--------------------------------------------
#########################################################################


