########################## FF Fitting Summary ###########################
--------------------------------------------
Program Version: 1.1.0
Short-range Functional Form: born-mayer
Combination Rules: aij = geometric
                   bij = geometric_mean
Electrostatic Damping Type: None
Thole Param: 0.39
Fitting weight: eff_mu = 0.0 Ha
                eff_kt = 0.0084 Ha
Weighted RMSE cutoff: 0.0 Ha
Anisotropic Atomtypes: None
All parameters have been radially corrected to account for Slater overlap
This radial correction is approximate, and is only rigorous for the case where bi = bj.
------------
Exponents:
HN(0)      2.213238
CCO2(0)    2.033668
OCO(0)     2.440921
N(0)       2.042178
------------
Monomer 1 Multipole File:
co2_ISA-GRID_L0.mom
Monomer 2 Multipole File:
nh3_ISA-GRID_L0.mom
--------------------------------------------
Exchange Parameters:
    Functional Form = 
	E(exch)_ij = A*K2(rij)*(1 + a_yml*Y_ml)*exp(-bij*rij)
    where the a coefficient for each spherical harmonic term Y_ml
    is listed in the parameters below and 
	K2(rij) = 1/3*(bij*rij)**2 + bij*rij + 1 
Fitted Atomtypes 
  None
Constrained Atomtypes 
               A        
HN(0)        0.325609
               A        
CCO2(0)        1.413701
               A        
OCO(0)        4.285230
               A        
N(0)         3.261484
------------
Exchange RMS Error: 1.77795e-03
Exchange Weighted RMS Error: 1.77795e-03
Exchange Weighted Absolute Error: -1.27517e-06
Exchange Weighted Least-Squares Error: 2.37893e-04
--------------------------------------------
Electrostatic Parameters:
    Functional Form = 
	E(elst)_ij = f_damp*qi*qj/rij - A*K2(rij)*(1 + a_yml*Y_ml)*exp(-bij*rij)
Fitted Atomtypes 
  None
Constrained Atomtypes 
               A        
HN(0)        0.104000
               A        
CCO2(0)        0.812120
               A        
OCO(0)        2.409721
               A        
N(0)         2.274587
------------
Electrostatics RMS Error: 1.12109e-03
Electrostatics Weighted RMS Error: 1.12109e-03
Electrostatics Weighted Absolute Error: 9.02746e-05
Electrostatics Weighted Least-Squares Error: 9.09214e-04
--------------------------------------------
Drude oscillator energy has been calculated using the following method: multipole-gradient
Induction Parameters:
    Functional Form = 
	E(ind)_ij = shell_charge - A*K2(rij)*(1 + a_yml*Y_ml)*exp(-bij*rij)
Fitted Atomtypes 
  None
Constrained Atomtypes 
               A        
HN(0)        0.122002
               A        
CCO2(0)        0.521208
               A        
OCO(0)        0.190615
               A        
N(0)         0.058494
------------
Induction RMS Error: 1.69510e-04
Induction Weighted RMS Error: 1.69510e-04
Induction Weighted Absolute Error: -1.24955e-06
Induction Weighted Least-Squares Error: 1.57837e-05
--------------------------------------------
DHF Parameters:
    Functional Form = 
	E(dhf)_ij = - A*K2(rij)*(1 + a_yml*Y_ml)*exp(-bij*rij)
Fitted Atomtypes 
  None
Constrained Atomtypes 
               A        
HN(0)        0.113226
               A        
CCO2(0)        0.084998
               A        
OCO(0)        1.009739
               A        
N(0)         0.586542
------------
Dhf RMS Error: 1.67809e-04
Dhf Weighted RMS Error: 1.67809e-04
Dhf Weighted Absolute Error: 6.77285e-06
Dhf Weighted Least-Squares Error: 1.43389e-05
--------------------------------------------
Dispersion Parameters:
    Functional Form = 
	E(disp)_ij = sum_(n=6,8,10,12){A*fdamp_n*(Cij_n/r_ij^n)}
               C6              C8             C10             C12       
HN           1.306964        4.117935       31.050725        0.000000
CCO2         4.678946       20.766690       84.950595      399.352721
OCO          4.067865       17.049989       83.654105      339.409882
N            4.878202       25.576829      142.574149      704.112767
Fitted Atomtypes 
  None
Constrained Atomtypes 
               A        
HN(0)        0.751615
               A        
CCO2(0)        0.704870
               A        
OCO(0)        1.028010
               A        
N(0)         1.241149
------------
Dispersion RMS Error: 1.75657e-04
Dispersion Weighted RMS Error: 1.75657e-04
Dispersion Weighted Absolute Error: -9.05275e-06
Dispersion Weighted Least-Squares Error: 1.93794e-05
--------------------------------------------
Total Energy:
------------
Total Energy RMS Error: 9.77820e-04
Total Energy Weighted RMS Error: 9.77820e-04
Total Energy Weighted Absolute Error: 8.54700e-05
Total Energy Weighted Least-Squares Error: 2.94369e-04
--------------------------------------------
#########################################################################


