########################## FF Fitting Summary ###########################
--------------------------------------------
Program Version: 1.1.0
Short-range Functional Form: born-mayer
Combination Rules: aij = geometric
                   bij = geometric_mean
Electrostatic Damping Type: None
Thole Param: 0.39
Fitting weight: eff_mu = 0.0 Ha
                eff_kt = 0.0084 Ha
Weighted RMSE cutoff: 0.0 Ha
Anisotropic Atomtypes: HN   CCO2 OCO  N    
All parameters have been radially corrected to account for Slater overlap
This radial correction is approximate, and is only rigorous for the case where bi = bj.
------------
Exponents:
HN(0)      2.492792
CCO2(0)    2.303225
OCO(0)     2.355902
N(0)       1.935779
------------
Monomer 1 Multipole File:
co2_ISA-GRID_L2.mom
Monomer 2 Multipole File:
nh3_ISA-GRID_L2.mom
--------------------------------------------
Exchange Parameters:
    Functional Form = 
	E(exch)_ij = A*K2(rij)*(1 + a_yml*Y_ml)*exp(-bij*rij)
    where the a coefficient for each spherical harmonic term Y_ml
    is listed in the parameters below and 
	K2(rij) = 1/3*(bij*rij)**2 + bij*rij + 1 
Fitted Atomtypes 
  None
Constrained Atomtypes 
               A             a_y10           a_y20      
HN(0)        0.608786        0.038133       -0.050896
               A             a_y20      
CCO2(0)        2.772775        0.403146
               A             a_y10           a_y20      
OCO(0)        3.649414        0.019628       -0.085793
               A             a_y10           a_y20      
N(0)         2.373201       -0.005339        0.434163
------------
Exchange RMS Error: 4.57364e-04
Exchange Weighted RMS Error: 4.57364e-04
Exchange Weighted Absolute Error: 9.00079e-06
Exchange Weighted Least-Squares Error: 3.40307e-05
--------------------------------------------
Electrostatic Parameters:
    Functional Form = 
	E(elst)_ij = f_damp*qi*qj/rij - A*K2(rij)*(1 + a_yml*Y_ml)*exp(-bij*rij)
Fitted Atomtypes 
  None
Constrained Atomtypes 
               A             a_y10           a_y20      
HN(0)        0.185500        0.624195        0.448310
               A             a_y20      
CCO2(0)        2.754596        0.976792
               A             a_y10           a_y20      
OCO(0)        1.710383       -0.209142       -0.228234
               A             a_y10           a_y20      
N(0)         1.844774        0.120323        0.399345
------------
Electrostatics RMS Error: 3.23475e-04
Electrostatics Weighted RMS Error: 3.23475e-04
Electrostatics Weighted Absolute Error: -3.04695e-06
Electrostatics Weighted Least-Squares Error: 7.14239e-05
--------------------------------------------
Drude oscillator energy has been calculated using the following method: multipole-gradient
Induction Parameters:
    Functional Form = 
	E(ind)_ij = shell_charge - A*K2(rij)*(1 + a_yml*Y_ml)*exp(-bij*rij)
Fitted Atomtypes 
  None
Constrained Atomtypes 
               A             a_y10           a_y20      
HN(0)        0.338538        0.808333        0.445368
               A             a_y20      
CCO2(0)        0.349191       -1.000000
               A             a_y10           a_y20      
OCO(0)        0.711855        1.000000        0.457775
               A             a_y10           a_y20      
N(0)         0.000000        0.497124       -0.604145
------------
Induction RMS Error: 1.59663e-04
Induction Weighted RMS Error: 1.59663e-04
Induction Weighted Absolute Error: -1.85290e-05
Induction Weighted Least-Squares Error: 1.41316e-05
--------------------------------------------
DHF Parameters:
    Functional Form = 
	E(dhf)_ij = - A*K2(rij)*(1 + a_yml*Y_ml)*exp(-bij*rij)
Fitted Atomtypes 
  None
Constrained Atomtypes 
               A             a_y10           a_y20      
HN(0)        0.136426       -1.000000        0.004754
               A             a_y20      
CCO2(0)        0.328421       -1.000000
               A             a_y10           a_y20      
OCO(0)        0.567210       -1.000000       -0.585344
               A             a_y10           a_y20      
N(0)         0.434659       -0.308693        0.426525
------------
Dhf RMS Error: 1.49693e-04
Dhf Weighted RMS Error: 1.49693e-04
Dhf Weighted Absolute Error: 1.03384e-05
Dhf Weighted Least-Squares Error: 1.13123e-05
--------------------------------------------
Dispersion Parameters:
    Functional Form = 
	E(disp)_ij = sum_(n=6,8,10,12){A*fdamp_n*(Cij_n/r_ij^n)}
               C6              C8             C10             C12       
HN           1.306964        4.117935       31.050725        0.000000
CCO2         4.678946       20.766690       84.950595      399.352721
OCO          4.067865       17.049989       83.654105      339.409882
N            4.878202       25.576829      142.574149      704.112767
Fitted Atomtypes 
  None
Constrained Atomtypes 
               A             a_y10           a_y20      
HN(0)        0.772975        0.130971        0.129233
               A             a_y20      
CCO2(0)        0.936959       -0.170922
               A             a_y10           a_y20      
OCO(0)        0.815511       -0.519612       -0.235247
               A             a_y10           a_y20      
N(0)         1.205602       -0.047052        0.182657
------------
Dispersion RMS Error: 7.01403e-05
Dispersion Weighted RMS Error: 7.01403e-05
Dispersion Weighted Absolute Error: -1.66150e-05
Dispersion Weighted Least-Squares Error: 3.03482e-06
--------------------------------------------
Total Energy:
------------
Total Energy RMS Error: 2.84699e-04
Total Energy Weighted RMS Error: 2.84699e-04
Total Energy Weighted Absolute Error: -1.88518e-05
Total Energy Weighted Least-Squares Error: 2.78054e-05
--------------------------------------------
#########################################################################


