########################## FF Fitting Summary ###########################
--------------------------------------------
Program Version: 1.1.0
Short-range Functional Form: born-mayer
Combination Rules: aij = geometric
                   bij = geometric_mean
Electrostatic Damping Type: None
Thole Param: 0.39
Fitting weight: eff_mu = 0.0 Ha
                eff_kt = 0.0084 Ha
Weighted RMSE cutoff: 0.0 Ha
Anisotropic Atomtypes: None
All parameters have been radially corrected to account for Slater overlap
This radial correction is approximate, and is only rigorous for the case where bi = bj.
------------
Exponents:
HN(0)      2.213238
CCO2(0)    2.033668
OCO(0)     2.440921
N(0)       2.042178
------------
Monomer 1 Multipole File:
co2_ISA-GRID_L2.mom
Monomer 2 Multipole File:
nh3_ISA-GRID_L2.mom
--------------------------------------------
Exchange Parameters:
    Functional Form = 
	E(exch)_ij = A*K2(rij)*(1 + a_yml*Y_ml)*exp(-bij*rij)
    where the a coefficient for each spherical harmonic term Y_ml
    is listed in the parameters below and 
	K2(rij) = 1/3*(bij*rij)**2 + bij*rij + 1 
Fitted Atomtypes 
  None
Constrained Atomtypes 
               A        
HN(0)        0.325609
               A        
CCO2(0)        1.413701
               A        
OCO(0)        4.285230
               A        
N(0)         3.261484
------------
Exchange RMS Error: 1.77795e-03
Exchange Weighted RMS Error: 1.77795e-03
Exchange Weighted Absolute Error: -1.27517e-06
Exchange Weighted Least-Squares Error: 2.37893e-04
--------------------------------------------
Electrostatic Parameters:
    Functional Form = 
	E(elst)_ij = f_damp*qi*qj/rij - A*K2(rij)*(1 + a_yml*Y_ml)*exp(-bij*rij)
Fitted Atomtypes 
  None
Constrained Atomtypes 
               A        
HN(0)        0.105210
               A        
CCO2(0)        0.772448
               A        
OCO(0)        2.434611
               A        
N(0)         2.294156
------------
Electrostatics RMS Error: 8.94240e-04
Electrostatics Weighted RMS Error: 8.94240e-04
Electrostatics Weighted Absolute Error: 7.35714e-06
Electrostatics Weighted Least-Squares Error: 5.97502e-04
--------------------------------------------
Drude oscillator energy has been calculated using the following method: multipole-gradient
Induction Parameters:
    Functional Form = 
	E(ind)_ij = shell_charge - A*K2(rij)*(1 + a_yml*Y_ml)*exp(-bij*rij)
Fitted Atomtypes 
  None
Constrained Atomtypes 
               A        
HN(0)        0.134932
               A        
CCO2(0)        0.558185
               A        
OCO(0)        0.328410
               A        
N(0)         0.064204
------------
Induction RMS Error: 1.62466e-04
Induction Weighted RMS Error: 1.62466e-04
Induction Weighted Absolute Error: -1.26937e-05
Induction Weighted Least-Squares Error: 1.46249e-05
--------------------------------------------
DHF Parameters:
    Functional Form = 
	E(dhf)_ij = - A*K2(rij)*(1 + a_yml*Y_ml)*exp(-bij*rij)
Fitted Atomtypes 
  None
Constrained Atomtypes 
               A        
HN(0)        0.112741
               A        
CCO2(0)        0.086496
               A        
OCO(0)        1.010704
               A        
N(0)         0.590966
------------
Dhf RMS Error: 1.65357e-04
Dhf Weighted RMS Error: 1.65357e-04
Dhf Weighted Absolute Error: 6.04691e-06
Dhf Weighted Least-Squares Error: 1.39273e-05
--------------------------------------------
Dispersion Parameters:
    Functional Form = 
	E(disp)_ij = sum_(n=6,8,10,12){A*fdamp_n*(Cij_n/r_ij^n)}
               C6              C8             C10             C12       
HN           1.306964        4.117935       31.050725        0.000000
CCO2         4.678946       20.766690       84.950595      399.352721
OCO          4.067865       17.049989       83.654105      339.409882
N            4.878202       25.576829      142.574149      704.112767
Fitted Atomtypes 
  None
Constrained Atomtypes 
               A        
HN(0)        0.751615
               A        
CCO2(0)        0.704870
               A        
OCO(0)        1.028010
               A        
N(0)         1.241149
------------
Dispersion RMS Error: 1.75657e-04
Dispersion Weighted RMS Error: 1.75657e-04
Dispersion Weighted Absolute Error: -9.05275e-06
Dispersion Weighted Least-Squares Error: 1.93794e-05
--------------------------------------------
Total Energy:
------------
Total Energy RMS Error: 7.41072e-04
Total Energy Weighted RMS Error: 7.41072e-04
Total Energy Weighted Absolute Error: -9.61752e-06
Total Energy Weighted Least-Squares Error: 1.35960e-04
--------------------------------------------
#########################################################################


