########################## FF Fitting Summary ###########################
--------------------------------------------
Program Version: 1.1.0
Short-range Functional Form: born-mayer
Combination Rules: aij = geometric
                   bij = geometric_mean
Electrostatic Damping Type: None
Thole Param: 0.39
Fitting weight: eff_mu = 0.0 Ha
                eff_kt = 0.011 Ha
Weighted RMSE cutoff: 0.0 Ha
Anisotropic Atomtypes: OH1  HO1  
All parameters have been radially corrected to account for Slater overlap
This radial correction is approximate, and is only rigorous for the case where bi = bj.
------------
Exponents (Optimized):
CO2(0)     2.037166
CT2(0)     2.213651
HT2(0)     2.246351
HO1(0)     2.360242
OH1(0)     2.180959
HT8(0)     2.271049
------------
Monomer 1 Multipole File:
ethane_ISA-GRID_L2.mom
Monomer 2 Multipole File:
methanol_ISA-GRID_L2.mom
--------------------------------------------
Exchange Parameters:
    Functional Form = 
	E(exch)_ij = A*K2(rij)*(1 + a_yml*Y_ml)*exp(-bij*rij)
    where the a coefficient for each spherical harmonic term Y_ml
    is listed in the parameters below and 
	K2(rij) = 1/3*(bij*rij)**2 + bij*rij + 1 
Fitted Atomtypes 
               A        
CO2(0)        2.419318
               A        
HT2(0)        0.587820
               A        
CT2(0)        2.697342
               A        
HT8(0)        0.718836
               A             a_y10           a_y20           a_y22c     
OH1(0)        1.763916       -1.000000       -0.090860       -0.907775
               A             a_y10           a_y20      
HO1(0)        0.689442        0.025651       -0.287559
Constrained Atomtypes 
  None
------------
Exchange RMS Error: 5.51577e-04
Exchange Weighted RMS Error: 1.72678e-04
Exchange Weighted Absolute Error: 4.68303e-07
Exchange Weighted Least-Squares Error: 4.25460e-05
--------------------------------------------
Electrostatic Parameters:
    Functional Form = 
	E(elst)_ij = f_damp*qi*qj/rij - A*K2(rij)*(1 + a_yml*Y_ml)*exp(-bij*rij)
Fitted Atomtypes 
               A        
CO2(0)        1.818347
               A        
HT2(0)        0.266133
               A        
CT2(0)        1.476196
               A        
HT8(0)        0.386528
               A             a_y10           a_y20           a_y22c     
OH1(0)        1.391210       -0.816981       -0.076780       -0.836060
               A             a_y10           a_y20      
HO1(0)        0.592977        0.802673        0.171638
Constrained Atomtypes 
  None
------------
Electrostatics RMS Error: 2.07160e-04
Electrostatics Weighted RMS Error: 8.03838e-05
Electrostatics Weighted Absolute Error: 9.17034e-06
Electrostatics Weighted Least-Squares Error: 2.76321e-05
--------------------------------------------
Drude oscillator energy has been calculated using the following method: multipole-gradient
Induction Parameters:
    Functional Form = 
	E(ind)_ij = shell_charge - A*K2(rij)*(1 + a_yml*Y_ml)*exp(-bij*rij)
Fitted Atomtypes 
               A        
CO2(0)       40.864824
               A        
HT2(0)        0.000100
               A        
CT2(0)        0.000438
               A        
HT8(0)      160.845449
               A             a_y10           a_y20           a_y22c     
OH1(0)       99.472228        1.000000       -0.999084        1.000000
               A             a_y10           a_y20      
HO1(0)      101.296380       -0.958278       -0.346293
Constrained Atomtypes 
  None
------------
Induction RMS Error: 5.14194e-05
Induction Weighted RMS Error: 1.66585e-05
Induction Weighted Absolute Error: 6.88536e-08
Induction Weighted Least-Squares Error: 1.37340e-06
--------------------------------------------
DHF Parameters:
    Functional Form = 
	E(dhf)_ij = - A*K2(rij)*(1 + a_yml*Y_ml)*exp(-bij*rij)
Fitted Atomtypes 
               A        
CO2(0)        0.308626
               A        
HT2(0)        0.080100
               A        
CT2(0)        0.038651
               A        
HT8(0)        0.636276
               A             a_y10           a_y20           a_y22c     
OH1(0)        1.116640       -1.000000       -0.159265       -0.598132
               A             a_y10           a_y20      
HO1(0)        0.404095       -0.177826        0.210680
Constrained Atomtypes 
  None
------------
Dhf RMS Error: 4.13519e-05
Dhf Weighted RMS Error: 1.71715e-05
Dhf Weighted Absolute Error: 9.69325e-06
Dhf Weighted Least-Squares Error: 8.94837e-07
--------------------------------------------
Dispersion Parameters:
    Functional Form = 
	E(disp)_ij = sum_(n=6,8,10,12){A*fdamp_n*(Cij_n/r_ij^n)}
               C6              C8             C10             C12       
CO2          4.847096       18.798288       63.256519      202.859856
CT2          4.847096       18.798288       63.256519      202.859856
HT2          1.498389        6.488268       33.240608        0.000000
HO1          1.275466        4.018693       30.302404        0.000000
OH1          3.819955       17.890308       89.856938      392.757676
HT8          1.498389        6.488268       33.240608        0.000000
Fitted Atomtypes 
               A        
CO2(0)        1.000000
               A        
HT2(0)        1.000000
               A        
CT2(0)        1.000000
               A        
HT8(0)        1.000000
               A             a_y10           a_y20           a_y22c     
OH1(0)        1.000000       -0.106124        0.077938       -0.047911
               A             a_y10           a_y20      
HO1(0)        1.000000        0.346963        0.102487
Constrained Atomtypes 
  None
------------
Dispersion RMS Error: 1.50778e-04
Dispersion Weighted RMS Error: 8.27916e-05
Dispersion Weighted Absolute Error: 8.40721e-06
Dispersion Weighted Least-Squares Error: 1.46830e-05
--------------------------------------------
Total Energy:
------------
Total Energy RMS Error: 3.60764e-04
Total Energy Weighted RMS Error: 1.31506e-04
Total Energy Weighted Absolute Error: 2.78080e-05
Total Energy Weighted Least-Squares Error: 4.90576e-05
--------------------------------------------
#########################################################################


