########################## FF Fitting Summary ###########################
--------------------------------------------
Program Version: 1.1.0
Short-range Functional Form: born-mayer
Combination Rules: aij = geometric
                   bij = geometric_mean
Electrostatic Damping Type: None
Thole Param: 0.39
Fitting weight: eff_mu = 0.0 Ha
                eff_kt = 0.011 Ha
Weighted RMSE cutoff: 0.0 Ha
Anisotropic Atomtypes: None
All parameters have been radially corrected to account for Slater overlap
This radial correction is approximate, and is only rigorous for the case where bi = bj.
------------
Exponents (Optimized):
CO2(0)     2.055050
CT2(0)     2.216639
HT2(0)     2.207028
HO1(0)     2.212470
OH1(0)     2.269797
HT8(0)     2.298830
------------
Monomer 1 Multipole File:
ethane_ISA-GRID_L0.mom
Monomer 2 Multipole File:
methanol_ISA-GRID_L0.mom
--------------------------------------------
Exchange Parameters:
    Functional Form = 
	E(exch)_ij = A*K2(rij)*(1 + a_yml*Y_ml)*exp(-bij*rij)
    where the a coefficient for each spherical harmonic term Y_ml
    is listed in the parameters below and 
	K2(rij) = 1/3*(bij*rij)**2 + bij*rij + 1 
Fitted Atomtypes 
               A        
CO2(0)        1.856508
               A        
CT2(0)        3.187129
               A        
HT2(0)        0.639174
               A        
HO1(0)        0.250902
               A        
OH1(0)        3.337114
               A        
HT8(0)        0.657936
Constrained Atomtypes 
  None
------------
Exchange RMS Error: 7.76702e-04
Exchange Weighted RMS Error: 7.76702e-04
Exchange Weighted Absolute Error: 2.40660e-06
Exchange Weighted Least-Squares Error: 7.47468e-05
--------------------------------------------
Electrostatic Parameters:
    Functional Form = 
	E(elst)_ij = f_damp*qi*qj/rij - A*K2(rij)*(1 + a_yml*Y_ml)*exp(-bij*rij)
Fitted Atomtypes 
               A        
CO2(0)        1.441580
               A        
CT2(0)        1.481256
               A        
HT2(0)        0.297740
               A        
HO1(0)        0.118327
               A        
OH1(0)        2.512338
               A        
HT8(0)        0.381826
Constrained Atomtypes 
  None
------------
Electrostatics RMS Error: 3.63080e-04
Electrostatics Weighted RMS Error: 3.63080e-04
Electrostatics Weighted Absolute Error: 4.95181e-06
Electrostatics Weighted Least-Squares Error: 7.91570e-05
--------------------------------------------
Drude oscillator energy has been calculated using the following method: multipole-gradient
Induction Parameters:
    Functional Form = 
	E(ind)_ij = shell_charge - A*K2(rij)*(1 + a_yml*Y_ml)*exp(-bij*rij)
Fitted Atomtypes 
               A        
CO2(0)        0.849716
               A        
CT2(0)        0.025783
               A        
HT2(0)        0.006442
               A        
HO1(0)        2.904471
               A        
OH1(0)        0.208621
               A        
HT8(0)        2.522055
Constrained Atomtypes 
  None
------------
Induction RMS Error: 5.67672e-05
Induction Weighted RMS Error: 5.67672e-05
Induction Weighted Absolute Error: 1.26742e-06
Induction Weighted Least-Squares Error: 1.65917e-06
--------------------------------------------
DHF Parameters:
    Functional Form = 
	E(dhf)_ij = - A*K2(rij)*(1 + a_yml*Y_ml)*exp(-bij*rij)
Fitted Atomtypes 
               A        
CO2(0)        0.065403
               A        
CT2(0)        0.023145
               A        
HT2(0)        0.082055
               A        
HO1(0)        0.237999
               A        
OH1(0)        2.005802
               A        
HT8(0)        0.633901
Constrained Atomtypes 
  None
------------
Dhf RMS Error: 5.97875e-05
Dhf Weighted RMS Error: 5.97875e-05
Dhf Weighted Absolute Error: 7.61555e-06
Dhf Weighted Least-Squares Error: 1.87638e-06
--------------------------------------------
Dispersion Parameters:
    Functional Form = 
	E(disp)_ij = sum_(n=6,8,10,12){A*fdamp_n*(Cij_n/r_ij^n)}
               C6              C8             C10             C12       
CO2          4.847096       18.798288       63.256519      202.859856
CT2          4.847096       18.798288       63.256519      202.859856
HT2          1.498389        6.488268       33.240608        0.000000
HO1          1.275466        4.018693       30.302404        0.000000
OH1          3.819955       17.890308       89.856938      392.757676
HT8          1.498389        6.488268       33.240608        0.000000
Fitted Atomtypes 
               A        
CO2(0)        0.700000
               A        
CT2(0)        0.700000
               A        
HT2(0)        1.225082
               A        
HO1(0)        0.727410
               A        
OH1(0)        1.149580
               A        
HT8(0)        1.046447
Constrained Atomtypes 
  None
------------
Dispersion RMS Error: 1.16597e-04
Dispersion Weighted RMS Error: 1.16597e-04
Dispersion Weighted Absolute Error: -4.89264e-06
Dispersion Weighted Least-Squares Error: 8.63088e-06
--------------------------------------------
Total Energy:
------------
Total Energy RMS Error: 6.12781e-04
Total Energy Weighted RMS Error: 6.12781e-04
Total Energy Weighted Absolute Error: 1.13487e-05
Total Energy Weighted Least-Squares Error: 1.38947e-04
--------------------------------------------
#########################################################################


