########################## FF Fitting Summary ###########################
--------------------------------------------
Program Version: 1.1.0
Short-range Functional Form: born-mayer
Combination Rules: aij = geometric
                   bij = geometric_mean
Electrostatic Damping Type: None
Thole Param: 0.39
Fitting weight: eff_mu = 0.0 Ha
                eff_kt = 0.0087 Ha
Weighted RMSE cutoff: 0.0 Ha
Anisotropic Atomtypes: O    Cl   
All parameters have been radially corrected to account for Slater overlap
This radial correction is approximate, and is only rigorous for the case where bi = bj.
------------
Exponents:
CO(0)      2.102972
CCl(0)     2.086398
Cl(0)      2.037083
O(0)       2.290632
HT7(0)     2.199197
HT6(0)     2.236551
------------
Monomer 1 Multipole File:
chloromethane_ISA-GRID_L2.mom
Monomer 2 Multipole File:
dimethyl_ether_ISA-GRID_L2.mom
--------------------------------------------
Exchange Parameters:
    Functional Form = 
	E(exch)_ij = A*K2(rij)*(1 + a_yml*Y_ml)*exp(-bij*rij)
    where the a coefficient for each spherical harmonic term Y_ml
    is listed in the parameters below and 
	K2(rij) = 1/3*(bij*rij)**2 + bij*rij + 1 
Fitted Atomtypes 
  None
Constrained Atomtypes 
               A        
CO(0)        2.394140
               A        
CCl(0)        3.036171
               A             a_y10           a_y20      
Cl(0)        4.641076       -0.547938       -0.613203
               A             a_y10           a_y20           a_y22c     
O(0)         1.716903       -0.748190        0.479788       -1.000000
               A        
HT7(0)        0.610126
               A        
HT6(0)        0.541282
------------
Exchange RMS Error: 7.77419e-04
Exchange Weighted RMS Error: 2.29584e-04
Exchange Weighted Absolute Error: 1.78257e-05
Exchange Weighted Least-Squares Error: 4.10532e-05
--------------------------------------------
Electrostatic Parameters:
    Functional Form = 
	E(elst)_ij = f_damp*qi*qj/rij - A*K2(rij)*(1 + a_yml*Y_ml)*exp(-bij*rij)
Fitted Atomtypes 
  None
Constrained Atomtypes 
               A        
CO(0)        1.542017
               A        
CCl(0)        1.874393
               A             a_y10           a_y20      
Cl(0)        3.217540       -0.376433       -0.547466
               A             a_y10           a_y20           a_y22c     
O(0)         1.133586       -0.873385        0.246797       -1.000000
               A        
HT7(0)        0.305230
               A        
HT6(0)        0.232592
------------
Electrostatics RMS Error: 3.46595e-04
Electrostatics Weighted RMS Error: 1.20909e-04
Electrostatics Weighted Absolute Error: 6.09702e-06
Electrostatics Weighted Least-Squares Error: 9.14795e-05
--------------------------------------------
Drude oscillator energy has been calculated using the following method: multipole-gradient
Induction Parameters:
    Functional Form = 
	E(ind)_ij = shell_charge - A*K2(rij)*(1 + a_yml*Y_ml)*exp(-bij*rij)
Fitted Atomtypes 
  None
Constrained Atomtypes 
               A        
CO(0)        0.176391
               A        
CCl(0)        0.102812
               A             a_y10           a_y20      
Cl(0)        1.452557        0.084779       -0.161700
               A             a_y10           a_y20           a_y22c     
O(0)         0.226877        1.000000       -1.000000        0.885560
               A        
HT7(0)        0.119235
               A        
HT6(0)        0.097466
------------
Induction RMS Error: 1.73371e-04
Induction Weighted RMS Error: 5.38301e-05
Induction Weighted Absolute Error: 1.91465e-05
Induction Weighted Least-Squares Error: 1.62383e-05
--------------------------------------------
DHF Parameters:
    Functional Form = 
	E(dhf)_ij = - A*K2(rij)*(1 + a_yml*Y_ml)*exp(-bij*rij)
Fitted Atomtypes 
  None
Constrained Atomtypes 
               A        
CO(0)        0.029283
               A        
CCl(0)        0.000000
               A             a_y10           a_y20      
Cl(0)        0.820684       -0.645995        0.159057
               A             a_y10           a_y20           a_y22c     
O(0)         0.452464       -1.000000        0.065842       -0.744299
               A        
HT7(0)        0.213744
               A        
HT6(0)        0.265953
------------
Dhf RMS Error: 2.24100e-04
Dhf Weighted RMS Error: 5.89646e-05
Dhf Weighted Absolute Error: -8.88315e-06
Dhf Weighted Least-Squares Error: 2.69405e-05
--------------------------------------------
Dispersion Parameters:
    Functional Form = 
	E(disp)_ij = sum_(n=6,8,10,12){A*fdamp_n*(Cij_n/r_ij^n)}
               C6              C8             C10             C12       
CO           4.847096       18.798288       63.256519      202.859856
HT6          1.498389        6.488268       33.240608        0.000000
Cl           9.656104       40.197680      256.351184     1144.914599
O            3.497808       16.327053       81.333632      354.498305
HT7          1.498389        6.488268       33.240608        0.000000
CCl          4.847096       18.798288       63.256519      202.859856
Fitted Atomtypes 
  None
Constrained Atomtypes 
               A        
CO(0)        1.000000
               A        
CCl(0)        1.000000
               A             a_y10           a_y20      
Cl(0)        1.000000       -0.332991       -0.285552
               A             a_y10           a_y20           a_y22c     
O(0)         1.000000       -0.006115        0.224577       -0.123595
               A        
HT7(0)        1.000000
               A        
HT6(0)        1.000000
------------
Dispersion RMS Error: 1.72870e-04
Dispersion Weighted RMS Error: 6.58907e-05
Dispersion Weighted Absolute Error: -3.84849e-05
Dispersion Weighted Least-Squares Error: 2.14853e-05
--------------------------------------------
Total Energy:
------------
Total Energy RMS Error: 5.23395e-04
Total Energy Weighted RMS Error: 1.58411e-04
Total Energy Weighted Absolute Error: -4.29874e-06
Total Energy Weighted Least-Squares Error: 8.68609e-05
--------------------------------------------
#########################################################################


