########################## FF Fitting Summary ###########################
--------------------------------------------
Program Version: 1.1.0
Short-range Functional Form: born-mayer
Combination Rules: aij = geometric
                   bij = geometric_mean
Electrostatic Damping Type: None
Thole Param: 0.39
Fitting weight: eff_mu = 0.0 Ha
                eff_kt = 0.0087 Ha
Weighted RMSE cutoff: 0.0 Ha
Anisotropic Atomtypes: None
All parameters have been radially corrected to account for Slater overlap
This radial correction is approximate, and is only rigorous for the case where bi = bj.
------------
Exponents:
CO(0)      1.933594
CCl(0)     1.699659
Cl(0)      2.030667
O(0)       2.319445
HT7(0)     2.236386
HT6(0)     2.509578
------------
Monomer 1 Multipole File:
chloromethane_ISA-GRID_L2.mom
Monomer 2 Multipole File:
dimethyl_ether_ISA-GRID_L2.mom
--------------------------------------------
Exchange Parameters:
    Functional Form = 
	E(exch)_ij = A*K2(rij)*(1 + a_yml*Y_ml)*exp(-bij*rij)
    where the a coefficient for each spherical harmonic term Y_ml
    is listed in the parameters below and 
	K2(rij) = 1/3*(bij*rij)**2 + bij*rij + 1 
Fitted Atomtypes 
  None
Constrained Atomtypes 
               A        
CO(0)        1.553522
               A        
CCl(0)        1.299334
               A        
Cl(0)        5.548311
               A        
O(0)         3.388801
               A        
HT7(0)        0.636992
               A        
HT6(0)        0.774793
------------
Exchange RMS Error: 1.40195e-03
Exchange Weighted RMS Error: 3.65760e-04
Exchange Weighted Absolute Error: 6.59570e-06
Exchange Weighted Least-Squares Error: 1.31309e-04
--------------------------------------------
Electrostatic Parameters:
    Functional Form = 
	E(elst)_ij = f_damp*qi*qj/rij - A*K2(rij)*(1 + a_yml*Y_ml)*exp(-bij*rij)
Fitted Atomtypes 
  None
Constrained Atomtypes 
               A        
CO(0)        1.004880
               A        
CCl(0)        0.923968
               A        
Cl(0)        3.645571
               A        
O(0)         2.270286
               A        
HT7(0)        0.316388
               A        
HT6(0)        0.286536
------------
Electrostatics RMS Error: 6.15107e-04
Electrostatics Weighted RMS Error: 1.76930e-04
Electrostatics Weighted Absolute Error: 2.61900e-05
Electrostatics Weighted Least-Squares Error: 2.81904e-04
--------------------------------------------
Drude oscillator energy has been calculated using the following method: multipole-gradient
Induction Parameters:
    Functional Form = 
	E(ind)_ij = shell_charge - A*K2(rij)*(1 + a_yml*Y_ml)*exp(-bij*rij)
Fitted Atomtypes 
  None
Constrained Atomtypes 
               A        
CO(0)        0.128564
               A        
CCl(0)        0.098896
               A        
Cl(0)        1.369564
               A        
O(0)         0.000000
               A        
HT7(0)        0.129679
               A        
HT6(0)        0.152560
------------
Induction RMS Error: 1.56099e-04
Induction Weighted RMS Error: 5.19914e-05
Induction Weighted Absolute Error: 2.04322e-05
Induction Weighted Least-Squares Error: 1.31913e-05
--------------------------------------------
DHF Parameters:
    Functional Form = 
	E(dhf)_ij = - A*K2(rij)*(1 + a_yml*Y_ml)*exp(-bij*rij)
Fitted Atomtypes 
  None
Constrained Atomtypes 
               A        
CO(0)        0.000000
               A        
CCl(0)        0.000000
               A        
Cl(0)        1.025206
               A        
O(0)         0.893574
               A        
HT7(0)        0.223485
               A        
HT6(0)        0.377767
------------
Dhf RMS Error: 2.13072e-04
Dhf Weighted RMS Error: 5.43848e-05
Dhf Weighted Absolute Error: -1.77872e-05
Dhf Weighted Least-Squares Error: 2.42942e-05
--------------------------------------------
Dispersion Parameters:
    Functional Form = 
	E(disp)_ij = sum_(n=6,8,10,12){A*fdamp_n*(Cij_n/r_ij^n)}
               C6              C8             C10             C12       
CO           4.847096       18.798288       63.256519      202.859856
HT6          1.498389        6.488268       33.240608        0.000000
Cl           9.656104       40.197680      256.351184     1144.914599
O            3.497808       16.327053       81.333632      354.498305
HT7          1.498389        6.488268       33.240608        0.000000
CCl          4.847096       18.798288       63.256519      202.859856
Fitted Atomtypes 
  None
Constrained Atomtypes 
               A        
CO(0)        1.000000
               A        
CCl(0)        1.000000
               A        
Cl(0)        1.000000
               A        
O(0)         1.000000
               A        
HT7(0)        1.000000
               A        
HT6(0)        1.000000
------------
Dispersion RMS Error: 6.20094e-04
Dispersion Weighted RMS Error: 2.29881e-04
Dispersion Weighted Absolute Error: -1.19002e-04
Dispersion Weighted Least-Squares Error: 2.82198e-04
--------------------------------------------
Total Energy:
------------
Total Energy RMS Error: 7.72036e-04
Total Energy Weighted RMS Error: 2.39856e-04
Total Energy Weighted Absolute Error: -8.35715e-05
Total Energy Weighted Least-Squares Error: 1.92441e-04
--------------------------------------------
#########################################################################


