########################## FF Fitting Summary ###########################
--------------------------------------------
Program Version: 1.1.0
Short-range Functional Form: born-mayer
Combination Rules: aij = geometric
                   bij = geometric_mean
Electrostatic Damping Type: None
Thole Param: 0.39
Fitting weight: eff_mu = 0.0 Ha
                eff_kt = 0.0093 Ha
Weighted RMSE cutoff: 0.0 Ha
Anisotropic Atomtypes: HN1  N1   HN   N    
All parameters have been radially corrected to account for Slater overlap
This radial correction is approximate, and is only rigorous for the case where bi = bj.
------------
Exponents:
CN(0)      2.168243
N(0)       1.935779
HN1(0)     2.279018
HN(0)      2.492792
N1(0)      2.092997
HT9(0)     2.196103
------------
Monomer 1 Multipole File:
methyl_amine_ISA-GRID_L2.mom
Monomer 2 Multipole File:
nh3_ISA-GRID_L2.mom
--------------------------------------------
Exchange Parameters:
    Functional Form = 
	E(exch)_ij = A*K2(rij)*(1 + a_yml*Y_ml)*exp(-bij*rij)
    where the a coefficient for each spherical harmonic term Y_ml
    is listed in the parameters below and 
	K2(rij) = 1/3*(bij*rij)**2 + bij*rij + 1 
Fitted Atomtypes 
  None
Constrained Atomtypes 
               A        
CN(0)        2.812735
               A             a_y10           a_y20      
N(0)         2.373201       -0.005339        0.434163
               A             a_y10           a_y20      
HN1(0)        0.323853       -1.000000       -0.506715
               A             a_y10           a_y20      
HN(0)        0.608786        0.038133       -0.050896
               A             a_y10           a_y20           a_y22c     
N1(0)        2.639311       -0.189298        0.634922        0.069328
               A        
HT9(0)        0.589525
------------
Exchange RMS Error: 8.17788e-04
Exchange Weighted RMS Error: 2.39678e-04
Exchange Weighted Absolute Error: 6.08086e-06
Exchange Weighted Least-Squares Error: 4.64248e-05
--------------------------------------------
Electrostatic Parameters:
    Functional Form = 
	E(elst)_ij = f_damp*qi*qj/rij - A*K2(rij)*(1 + a_yml*Y_ml)*exp(-bij*rij)
Fitted Atomtypes 
  None
Constrained Atomtypes 
               A        
CN(0)        1.680541
               A             a_y10           a_y20      
N(0)         1.844774        0.120323        0.399345
               A             a_y10           a_y20      
HN1(0)        0.124026       -1.000000       -0.312179
               A             a_y10           a_y20      
HN(0)        0.185500        0.624195        0.448310
               A             a_y10           a_y20           a_y22c     
N1(0)        1.989504       -0.013773        0.680912        0.087900
               A        
HT9(0)        0.306243
------------
Electrostatics RMS Error: 3.96825e-04
Electrostatics Weighted RMS Error: 1.43957e-04
Electrostatics Weighted Absolute Error: 1.37657e-05
Electrostatics Weighted Least-Squares Error: 9.65125e-05
--------------------------------------------
Drude oscillator energy has been calculated using the following method: multipole-gradient
Induction Parameters:
    Functional Form = 
	E(ind)_ij = shell_charge - A*K2(rij)*(1 + a_yml*Y_ml)*exp(-bij*rij)
Fitted Atomtypes 
  None
Constrained Atomtypes 
               A        
CN(0)        0.402591
               A             a_y10           a_y20      
N(0)         0.000000        0.497121       -0.604139
               A             a_y10           a_y20      
HN1(0)        0.197588        0.579200        0.670305
               A             a_y10           a_y20      
HN(0)        0.338537        0.808333        0.445368
               A             a_y10           a_y20           a_y22c     
N1(0)        0.258550        1.000000        0.603023       -0.231370
               A        
HT9(0)        0.088922
------------
Induction RMS Error: 1.44701e-04
Induction Weighted RMS Error: 7.77350e-05
Induction Weighted Absolute Error: -1.75374e-05
Induction Weighted Least-Squares Error: 9.55424e-06
--------------------------------------------
DHF Parameters:
    Functional Form = 
	E(dhf)_ij = - A*K2(rij)*(1 + a_yml*Y_ml)*exp(-bij*rij)
Fitted Atomtypes 
  None
Constrained Atomtypes 
               A        
CN(0)        0.000000
               A             a_y10           a_y20      
N(0)         0.434665       -0.308669        0.426519
               A             a_y10           a_y20      
HN1(0)        0.089531       -1.000000        0.525169
               A             a_y10           a_y20      
HN(0)        0.136424       -1.000000        0.004776
               A             a_y10           a_y20           a_y22c     
N1(0)        0.583293       -0.487313        0.483184       -0.085832
               A        
HT9(0)        0.218657
------------
Dhf RMS Error: 1.44697e-04
Dhf Weighted RMS Error: 3.42773e-05
Dhf Weighted Absolute Error: 2.55244e-06
Dhf Weighted Least-Squares Error: 9.41158e-06
--------------------------------------------
Dispersion Parameters:
    Functional Form = 
	E(disp)_ij = sum_(n=6,8,10,12){A*fdamp_n*(Cij_n/r_ij^n)}
               C6              C8             C10             C12       
CN           4.966795       19.262513       64.818644      207.869495
N            4.878202       25.576829      142.574149      704.112767
HN1          1.306964        4.117935       31.050725        0.000000
HN           1.306964        4.117935       31.050725        0.000000
N1           4.878202       25.576829      142.574149      704.112767
HT9          1.535392        6.648497       34.061487        0.000000
Fitted Atomtypes 
  None
Constrained Atomtypes 
               A        
CN(0)        1.000000
               A             a_y10           a_y20      
N(0)         1.000000       -0.143468        0.247158
               A             a_y10           a_y20      
HN1(0)        1.000000        0.348248        0.337489
               A             a_y10           a_y20      
HN(0)        1.000000        0.291263        0.156676
               A             a_y10           a_y20           a_y22c     
N1(0)        1.000000       -0.060458        0.137497        0.073848
               A        
HT9(0)        1.000000
------------
Dispersion RMS Error: 1.29122e-04
Dispersion Weighted RMS Error: 7.11966e-05
Dispersion Weighted Absolute Error: -1.84828e-05
Dispersion Weighted Least-Squares Error: 8.92813e-06
--------------------------------------------
Total Energy:
------------
Total Energy RMS Error: 4.99425e-04
Total Energy Weighted RMS Error: 1.59555e-04
Total Energy Weighted Absolute Error: -1.36213e-05
Total Energy Weighted Least-Squares Error: 5.56049e-05
--------------------------------------------
#########################################################################


