########################## FF Fitting Summary ###########################
--------------------------------------------
Program Version: 1.1.0
Short-range Functional Form: born-mayer
Combination Rules: aij = geometric
                   bij = geometric_mean
Electrostatic Damping Type: None
Thole Param: 0.39
Fitting weight: eff_mu = 0.0 Ha
                eff_kt = 0.0093 Ha
Weighted RMSE cutoff: 0.0 Ha
Anisotropic Atomtypes: None
All parameters have been radially corrected to account for Slater overlap
This radial correction is approximate, and is only rigorous for the case where bi = bj.
------------
Exponents:
CN(0)      2.450399
N(0)       2.042178
HN1(0)     2.654498
HN(0)      2.213238
N1(0)      1.930449
HT9(0)     2.048156
------------
Monomer 1 Multipole File:
methyl_amine_ISA-GRID_L0.mom
Monomer 2 Multipole File:
nh3_ISA-GRID_L0.mom
--------------------------------------------
Exchange Parameters:
    Functional Form = 
	E(exch)_ij = A*K2(rij)*(1 + a_yml*Y_ml)*exp(-bij*rij)
    where the a coefficient for each spherical harmonic term Y_ml
    is listed in the parameters below and 
	K2(rij) = 1/3*(bij*rij)**2 + bij*rij + 1 
Fitted Atomtypes 
  None
Constrained Atomtypes 
               A        
CN(0)        5.135521
               A        
N(0)         3.261484
               A        
HN1(0)        0.515439
               A        
HN(0)        0.325609
               A        
N1(0)        2.663061
               A        
HT9(0)        0.435917
------------
Exchange RMS Error: 1.61246e-03
Exchange Weighted RMS Error: 1.61246e-03
Exchange Weighted Absolute Error: -1.87676e-05
Exchange Weighted Least-Squares Error: 2.11467e-04
--------------------------------------------
Electrostatic Parameters:
    Functional Form = 
	E(elst)_ij = f_damp*qi*qj/rij - A*K2(rij)*(1 + a_yml*Y_ml)*exp(-bij*rij)
Fitted Atomtypes 
  None
Constrained Atomtypes 
               A        
CN(0)        3.500352
               A        
N(0)         2.274587
               A        
HN1(0)        0.184070
               A        
HN(0)        0.104000
               A        
N1(0)        1.717506
               A        
HT9(0)        0.216717
------------
Electrostatics RMS Error: 9.75831e-04
Electrostatics Weighted RMS Error: 9.75831e-04
Electrostatics Weighted Absolute Error: 9.24018e-06
Electrostatics Weighted Least-Squares Error: 5.46446e-04
--------------------------------------------
Drude oscillator energy has been calculated using the following method: multipole-gradient
Induction Parameters:
    Functional Form = 
	E(ind)_ij = shell_charge - A*K2(rij)*(1 + a_yml*Y_ml)*exp(-bij*rij)
Fitted Atomtypes 
  None
Constrained Atomtypes 
               A        
CN(0)        0.718433
               A        
N(0)         0.058494
               A        
HN1(0)        0.241301
               A        
HN(0)        0.122002
               A        
N1(0)        0.286814
               A        
HT9(0)        0.068172
------------
Induction RMS Error: 1.64747e-04
Induction Weighted RMS Error: 1.64747e-04
Induction Weighted Absolute Error: -2.87663e-06
Induction Weighted Least-Squares Error: 1.25121e-05
--------------------------------------------
DHF Parameters:
    Functional Form = 
	E(dhf)_ij = - A*K2(rij)*(1 + a_yml*Y_ml)*exp(-bij*rij)
Fitted Atomtypes 
  None
Constrained Atomtypes 
               A        
CN(0)        0.000000
               A        
N(0)         0.586544
               A        
HN1(0)        0.179721
               A        
HN(0)        0.113226
               A        
N1(0)        0.562274
               A        
HT9(0)        0.166255
------------
Dhf RMS Error: 1.87184e-04
Dhf Weighted RMS Error: 1.87184e-04
Dhf Weighted Absolute Error: -4.51314e-06
Dhf Weighted Least-Squares Error: 1.57729e-05
--------------------------------------------
Dispersion Parameters:
    Functional Form = 
	E(disp)_ij = sum_(n=6,8,10,12){A*fdamp_n*(Cij_n/r_ij^n)}
               C6              C8             C10             C12       
CN           4.966795       19.262513       64.818644      207.869495
N            4.878202       25.576829      142.574149      704.112767
HN1          1.306964        4.117935       31.050725        0.000000
HN           1.306964        4.117935       31.050725        0.000000
N1           4.878202       25.576829      142.574149      704.112767
HT9          1.535392        6.648497       34.061487        0.000000
Fitted Atomtypes 
  None
Constrained Atomtypes 
               A        
CN(0)        1.000000
               A        
N(0)         1.000000
               A        
HN1(0)        1.000000
               A        
HN(0)        1.000000
               A        
N1(0)        1.000000
               A        
HT9(0)        1.000000
------------
Dispersion RMS Error: 4.82152e-04
Dispersion Weighted RMS Error: 4.82152e-04
Dispersion Weighted Absolute Error: 4.68493e-05
Dispersion Weighted Least-Squares Error: 1.26792e-04
--------------------------------------------
Total Energy:
------------
Total Energy RMS Error: 1.10972e-03
Total Energy Weighted RMS Error: 1.10972e-03
Total Energy Weighted Absolute Error: 2.99321e-05
Total Energy Weighted Least-Squares Error: 3.49490e-04
--------------------------------------------
#########################################################################


