########################## FF Fitting Summary ###########################
--------------------------------------------
Program Version: 1.1.0
Short-range Functional Form: born-mayer
Combination Rules: aij = geometric
                   bij = geometric_mean
Electrostatic Damping Type: None
Thole Param: 0.39
Fitting weight: eff_mu = 0.0 Ha
                eff_kt = 0.0233 Ha
Weighted RMSE cutoff: 0.0 Ha
Anisotropic Atomtypes: HN1  N1   HN   N    
All parameters have been radially corrected to account for Slater overlap
This radial correction is approximate, and is only rigorous for the case where bi = bj.
------------
Exponents (Optimized):
CN(0)      2.205509
N(0)       1.902362
HN1(0)     2.260017
HN(0)      2.610318
N1(0)      2.052724
HT9(0)     2.177121
------------
Monomer 1 Multipole File:
methyl_amine_ISA-GRID_L2.mom
Monomer 2 Multipole File:
nh3_ISA-GRID_L2.mom
--------------------------------------------
Exchange Parameters:
    Functional Form = 
	E(exch)_ij = A*K2(rij)*(1 + a_yml*Y_ml)*exp(-bij*rij)
    where the a coefficient for each spherical harmonic term Y_ml
    is listed in the parameters below and 
	K2(rij) = 1/3*(bij*rij)**2 + bij*rij + 1 
Fitted Atomtypes 
               A        
CN(0)        2.523790
               A        
HT9(0)        0.493500
               A             a_y10           a_y20      
HN1(0)        0.269117       -1.000000       -0.595693
               A             a_y10           a_y20           a_y22c     
N1(0)        2.195339       -0.152049        0.537254        0.064570
               A             a_y10           a_y20      
HN(0)        0.633524       -0.274136       -0.107332
               A             a_y10           a_y20      
N(0)         2.790926        0.046309        0.387171
Constrained Atomtypes 
  None
------------
Exchange RMS Error: 7.66593e-04
Exchange Weighted RMS Error: 7.66593e-04
Exchange Weighted Absolute Error: -8.80820e-06
Exchange Weighted Least-Squares Error: 9.68835e-05
--------------------------------------------
Electrostatic Parameters:
    Functional Form = 
	E(elst)_ij = f_damp*qi*qj/rij - A*K2(rij)*(1 + a_yml*Y_ml)*exp(-bij*rij)
Fitted Atomtypes 
               A        
CN(0)        1.664580
               A        
HT9(0)        0.226101
               A             a_y10           a_y20      
HN1(0)        0.083522       -1.000000       -0.456391
               A             a_y10           a_y20           a_y22c     
N1(0)        1.639885       -0.066123        0.445532        0.050767
               A             a_y10           a_y20      
HN(0)        0.521046        0.700724        0.267447
               A             a_y10           a_y20      
N(0)         1.700093       -0.024586        0.494665
Constrained Atomtypes 
  None
------------
Electrostatics RMS Error: 3.30175e-04
Electrostatics Weighted RMS Error: 3.30175e-04
Electrostatics Weighted Absolute Error: 7.33167e-06
Electrostatics Weighted Least-Squares Error: 5.24714e-05
--------------------------------------------
Drude oscillator energy has been calculated using the following method: multipole-gradient
Induction Parameters:
    Functional Form = 
	E(ind)_ij = shell_charge - A*K2(rij)*(1 + a_yml*Y_ml)*exp(-bij*rij)
Fitted Atomtypes 
               A        
CN(0)        2.447210
               A        
HT9(0)        0.100755
               A             a_y10           a_y20      
HN1(0)        0.276335       -1.000000       -0.774366
               A             a_y10           a_y20           a_y22c     
N1(0)        0.364502        1.000000        1.000000       -1.000000
               A             a_y10           a_y20      
HN(0)        0.169486        1.000000        0.587263
               A             a_y10           a_y20      
N(0)         0.036233        1.000000        0.363686
Constrained Atomtypes 
  None
------------
Induction RMS Error: 1.27533e-04
Induction Weighted RMS Error: 1.27533e-04
Induction Weighted Absolute Error: -1.60446e-05
Induction Weighted Least-Squares Error: 6.90185e-06
--------------------------------------------
DHF Parameters:
    Functional Form = 
	E(dhf)_ij = - A*K2(rij)*(1 + a_yml*Y_ml)*exp(-bij*rij)
Fitted Atomtypes 
               A        
CN(0)        0.000000
               A        
HT9(0)        0.823836
               A             a_y10           a_y20      
HN1(0)        0.423225       -1.000000        0.133779
               A             a_y10           a_y20           a_y22c     
N1(0)        2.210005       -0.254858        0.379315        0.233664
               A             a_y10           a_y20      
HN(0)        0.028473       -1.000000        0.687628
               A             a_y10           a_y20      
N(0)         0.125617       -0.217296        0.184593
Constrained Atomtypes 
  None
------------
Dhf RMS Error: 1.14260e-04
Dhf Weighted RMS Error: 1.14260e-04
Dhf Weighted Absolute Error: 1.21419e-06
Dhf Weighted Least-Squares Error: 5.54951e-06
--------------------------------------------
Dispersion Parameters:
    Functional Form = 
	E(disp)_ij = sum_(n=6,8,10,12){A*fdamp_n*(Cij_n/r_ij^n)}
               C6              C8             C10             C12       
CN           4.966795       19.262513       64.818644      207.869495
N            4.878202       25.576829      142.574149      704.112767
HN1          1.306964        4.117935       31.050725        0.000000
HN           1.306964        4.117935       31.050725        0.000000
N1           4.878202       25.576829      142.574149      704.112767
HT9          1.535392        6.648497       34.061487        0.000000
Fitted Atomtypes 
               A        
CN(0)        0.889491
               A        
HT9(0)        1.300000
               A             a_y10           a_y20      
HN1(0)        0.700000       -0.947096       -0.318360
               A             a_y10           a_y20           a_y22c     
N1(0)        1.256373       -0.132384        0.220682        0.054569
               A             a_y10           a_y20      
HN(0)        0.700000        0.321279        0.226983
               A             a_y10           a_y20      
N(0)         1.036188       -0.027323        0.184651
Constrained Atomtypes 
  None
------------
Dispersion RMS Error: 8.98347e-05
Dispersion Weighted RMS Error: 8.98347e-05
Dispersion Weighted Absolute Error: -1.22745e-05
Dispersion Weighted Least-Squares Error: 3.81919e-06
--------------------------------------------
Total Energy:
------------
Total Energy RMS Error: 5.21759e-04
Total Energy Weighted RMS Error: 5.21759e-04
Total Energy Weighted Absolute Error: -2.85815e-05
Total Energy Weighted Least-Squares Error: 7.88398e-05
--------------------------------------------
#########################################################################


