########################## FF Fitting Summary ###########################
--------------------------------------------
Program Version: 1.1.0
Short-range Functional Form: born-mayer
Combination Rules: aij = geometric
                   bij = geometric_mean
Electrostatic Damping Type: None
Thole Param: 0.39
Fitting weight: eff_mu = 0.0 Ha
                eff_kt = 0.0402 Ha
Weighted RMSE cutoff: 0.0 Ha
Anisotropic Atomtypes: None
All parameters have been radially corrected to account for Slater overlap
This radial correction is approximate, and is only rigorous for the case where bi = bj.
------------
Exponents (Optimized):
CO2(0)     2.055636
OH1(0)     2.332931
HO1(0)     1.963706
HT8(0)     2.282453
------------
Monomer 1 Multipole File:
methanol_ISA-GRID_L0.mom
Monomer 2 Multipole File:
methanol_ISA-GRID_L0.mom
--------------------------------------------
Exchange Parameters:
    Functional Form = 
	E(exch)_ij = A*K2(rij)*(1 + a_yml*Y_ml)*exp(-bij*rij)
    where the a coefficient for each spherical harmonic term Y_ml
    is listed in the parameters below and 
	K2(rij) = 1/3*(bij*rij)**2 + bij*rij + 1 
Fitted Atomtypes 
               A        
CO2(0)        1.875871
               A        
OH1(0)        4.063486
               A        
HO1(0)        0.156397
               A        
HT8(0)        0.657359
Constrained Atomtypes 
  None
------------
Exchange RMS Error: 9.95687e-04
Exchange Weighted RMS Error: 9.95687e-04
Exchange Weighted Absolute Error: -1.39369e-05
Exchange Weighted Least-Squares Error: 3.38988e-04
--------------------------------------------
Electrostatic Parameters:
    Functional Form = 
	E(elst)_ij = f_damp*qi*qj/rij - A*K2(rij)*(1 + a_yml*Y_ml)*exp(-bij*rij)
Fitted Atomtypes 
               A        
CO2(0)        1.003465
               A        
OH1(0)        2.587006
               A        
HO1(0)        0.051760
               A        
HT8(0)        0.357994
Constrained Atomtypes 
  None
------------
Electrostatics RMS Error: 6.24634e-04
Electrostatics Weighted RMS Error: 6.24634e-04
Electrostatics Weighted Absolute Error: -3.56465e-05
Electrostatics Weighted Least-Squares Error: 2.05379e-04
--------------------------------------------
Drude oscillator energy has been calculated using the following method: multipole-gradient
Induction Parameters:
    Functional Form = 
	E(ind)_ij = shell_charge - A*K2(rij)*(1 + a_yml*Y_ml)*exp(-bij*rij)
Fitted Atomtypes 
               A        
CO2(0)        0.352660
               A        
OH1(0)        0.058639
               A        
HO1(0)        0.124678
               A        
HT8(0)        0.094641
Constrained Atomtypes 
  None
------------
Induction RMS Error: 1.26041e-04
Induction Weighted RMS Error: 1.26041e-04
Induction Weighted Absolute Error: -8.48335e-06
Induction Weighted Least-Squares Error: 7.91812e-06
--------------------------------------------
DHF Parameters:
    Functional Form = 
	E(dhf)_ij = - A*K2(rij)*(1 + a_yml*Y_ml)*exp(-bij*rij)
Fitted Atomtypes 
               A        
CO2(0)        0.000000
               A        
OH1(0)        0.903905
               A        
HO1(0)        0.054417
               A        
HT8(0)        0.230270
Constrained Atomtypes 
  None
------------
Dhf RMS Error: 9.71567e-05
Dhf Weighted RMS Error: 9.71567e-05
Dhf Weighted Absolute Error: -1.26186e-06
Dhf Weighted Least-Squares Error: 4.72143e-06
--------------------------------------------
Dispersion Parameters:
    Functional Form = 
	E(disp)_ij = sum_(n=6,8,10,12){A*fdamp_n*(Cij_n/r_ij^n)}
               C6              C8             C10             C12       
CO2          4.847096       18.798288       63.256519      202.859856
OH1          3.819955       17.890308       89.856938      392.757676
HO1          1.275466        4.018693       30.302404        0.000000
HT8          1.498389        6.488268       33.240608        0.000000
Fitted Atomtypes 
               A        
CO2(0)        1.000000
               A        
OH1(0)        1.000000
               A        
HO1(0)        1.000000
               A        
HT8(0)        1.000000
Constrained Atomtypes 
  None
------------
Dispersion RMS Error: 2.36513e-04
Dispersion Weighted RMS Error: 2.36513e-04
Dispersion Weighted Absolute Error: 9.47074e-06
Dispersion Weighted Least-Squares Error: 2.96149e-05
--------------------------------------------
Total Energy:
------------
Total Energy RMS Error: 8.76926e-04
Total Energy Weighted RMS Error: 8.76926e-04
Total Energy Weighted Absolute Error: -4.98580e-05
Total Energy Weighted Least-Squares Error: 3.54441e-04
--------------------------------------------
#########################################################################


