########################## FF Fitting Summary ###########################
--------------------------------------------
Program Version: 1.1.0
Short-range Functional Form: born-mayer
Combination Rules: aij = geometric
                   bij = geometric_mean
Electrostatic Damping Type: None
Thole Param: 0.39
Fitting weight: eff_mu = 0.0 Ha
                eff_kt = 0.0161 Ha
Weighted RMSE cutoff: 0.0 Ha
Anisotropic Atomtypes: None
All parameters have been radially corrected to account for Slater overlap
This radial correction is approximate, and is only rigorous for the case where bi = bj.
------------
Exponents:
CO2(0)     2.055636
OH1(0)     2.332931
HO1(0)     1.963706
HT8(0)     2.282453
------------
Monomer 1 Multipole File:
methanol_ISA-GRID_L2.mom
Monomer 2 Multipole File:
methanol_ISA-GRID_L2.mom
--------------------------------------------
Exchange Parameters:
    Functional Form = 
	E(exch)_ij = A*K2(rij)*(1 + a_yml*Y_ml)*exp(-bij*rij)
    where the a coefficient for each spherical harmonic term Y_ml
    is listed in the parameters below and 
	K2(rij) = 1/3*(bij*rij)**2 + bij*rij + 1 
Fitted Atomtypes 
  None
Constrained Atomtypes 
               A        
CO2(0)        1.875871
               A        
OH1(0)        4.063486
               A        
HO1(0)        0.156397
               A        
HT8(0)        0.657359
------------
Exchange RMS Error: 9.95687e-04
Exchange Weighted RMS Error: 4.05615e-04
Exchange Weighted Absolute Error: -1.39385e-05
Exchange Weighted Least-Squares Error: 1.91961e-04
--------------------------------------------
Electrostatic Parameters:
    Functional Form = 
	E(elst)_ij = f_damp*qi*qj/rij - A*K2(rij)*(1 + a_yml*Y_ml)*exp(-bij*rij)
Fitted Atomtypes 
  None
Constrained Atomtypes 
               A        
CO2(0)        1.114800
               A        
OH1(0)        2.681533
               A        
HO1(0)        0.042578
               A        
HT8(0)        0.339779
------------
Electrostatics RMS Error: 4.31614e-04
Electrostatics Weighted RMS Error: 1.91669e-04
Electrostatics Weighted Absolute Error: 4.78015e-06
Electrostatics Weighted Least-Squares Error: 1.14523e-04
--------------------------------------------
Drude oscillator energy has been calculated using the following method: multipole-gradient
Induction Parameters:
    Functional Form = 
	E(ind)_ij = shell_charge - A*K2(rij)*(1 + a_yml*Y_ml)*exp(-bij*rij)
Fitted Atomtypes 
  None
Constrained Atomtypes 
               A        
CO2(0)        0.442563
               A        
OH1(0)        0.000000
               A        
HO1(0)        0.089763
               A        
HT8(0)        0.096637
------------
Induction RMS Error: 1.37886e-04
Induction Weighted RMS Error: 6.75511e-05
Induction Weighted Absolute Error: -1.02996e-05
Induction Weighted Least-Squares Error: 9.67506e-06
--------------------------------------------
DHF Parameters:
    Functional Form = 
	E(dhf)_ij = - A*K2(rij)*(1 + a_yml*Y_ml)*exp(-bij*rij)
Fitted Atomtypes 
  None
Constrained Atomtypes 
               A        
CO2(0)        0.000000
               A        
OH1(0)        0.909228
               A        
HO1(0)        0.053691
               A        
HT8(0)        0.230543
------------
Dhf RMS Error: 9.84072e-05
Dhf Weighted RMS Error: 4.32393e-05
Dhf Weighted Absolute Error: -3.95717e-07
Dhf Weighted Least-Squares Error: 4.97616e-06
--------------------------------------------
Dispersion Parameters:
    Functional Form = 
	E(disp)_ij = sum_(n=6,8,10,12){A*fdamp_n*(Cij_n/r_ij^n)}
               C6              C8             C10             C12       
CO2          4.847096       18.798288       63.256519      202.859856
HT8          1.498389        6.488268       33.240608        0.000000
OH1          3.819955       17.890308       89.856938      392.757676
HO1          1.275466        4.018693       30.302404        0.000000
Fitted Atomtypes 
  None
Constrained Atomtypes 
               A        
CO2(0)        1.000000
               A        
OH1(0)        1.000000
               A        
HO1(0)        1.000000
               A        
HT8(0)        1.000000
------------
Dispersion RMS Error: 2.36513e-04
Dispersion Weighted RMS Error: 1.17061e-04
Dispersion Weighted Absolute Error: 9.47073e-06
Dispersion Weighted Least-Squares Error: 3.27257e-05
--------------------------------------------
Total Energy:
------------
Total Energy RMS Error: 5.84488e-04
Total Energy Weighted RMS Error: 2.48532e-04
Total Energy Weighted Absolute Error: -1.03830e-05
Total Energy Weighted Least-Squares Error: 1.37713e-04
--------------------------------------------
#########################################################################


