########################## FF Fitting Summary ###########################
--------------------------------------------
Program Version: 1.1.0
Short-range Functional Form: born-mayer
Combination Rules: aij = geometric
                   bij = geometric_mean
Electrostatic Damping Type: None
Thole Param: 0.39
Fitting weight: eff_mu = 0.0 Ha
                eff_kt = 0.0402 Ha
Weighted RMSE cutoff: 0.0 Ha
Anisotropic Atomtypes: OH1  HO1  
All parameters have been radially corrected to account for Slater overlap
This radial correction is approximate, and is only rigorous for the case where bi = bj.
------------
Exponents (Optimized):
CO2(0)     1.934374
OH1(0)     2.288306
HO1(0)     2.357647
HT8(0)     2.366434
------------
Monomer 1 Multipole File:
methanol_ISA-GRID_L2.mom
Monomer 2 Multipole File:
methanol_ISA-GRID_L2.mom
--------------------------------------------
Exchange Parameters:
    Functional Form = 
	E(exch)_ij = A*K2(rij)*(1 + a_yml*Y_ml)*exp(-bij*rij)
    where the a coefficient for each spherical harmonic term Y_ml
    is listed in the parameters below and 
	K2(rij) = 1/3*(bij*rij)**2 + bij*rij + 1 
Fitted Atomtypes 
               A        
CO2(0)        1.725992
               A        
HT8(0)        0.737563
               A             a_y10           a_y20           a_y22c     
OH1(0)        2.206147       -0.791455       -0.105146       -0.699677
               A             a_y10           a_y20      
HO1(0)        0.551732       -0.011876       -0.296572
Constrained Atomtypes 
  None
------------
Exchange RMS Error: 5.58741e-04
Exchange Weighted RMS Error: 5.58741e-04
Exchange Weighted Absolute Error: 4.61615e-06
Exchange Weighted Least-Squares Error: 1.09171e-04
--------------------------------------------
Electrostatic Parameters:
    Functional Form = 
	E(elst)_ij = f_damp*qi*qj/rij - A*K2(rij)*(1 + a_yml*Y_ml)*exp(-bij*rij)
Fitted Atomtypes 
               A        
CO2(0)        1.018840
               A        
HT8(0)        0.379974
               A             a_y10           a_y20           a_y22c     
OH1(0)        1.521880       -0.626924       -0.099185       -0.682325
               A             a_y10           a_y20      
HO1(0)        0.290235        0.328802       -0.172728
Constrained Atomtypes 
  None
------------
Electrostatics RMS Error: 2.55013e-04
Electrostatics Weighted RMS Error: 2.55013e-04
Electrostatics Weighted Absolute Error: 1.43164e-06
Electrostatics Weighted Least-Squares Error: 3.48508e-05
--------------------------------------------
Drude oscillator energy has been calculated using the following method: multipole-gradient
Induction Parameters:
    Functional Form = 
	E(ind)_ij = shell_charge - A*K2(rij)*(1 + a_yml*Y_ml)*exp(-bij*rij)
Fitted Atomtypes 
               A        
CO2(0)        0.213812
               A        
HT8(0)        0.120205
               A             a_y10           a_y20           a_y22c     
OH1(0)        0.377586        1.000000       -0.029896        0.768942
               A             a_y10           a_y20      
HO1(0)        0.080170       -1.000000        1.000000
Constrained Atomtypes 
  None
------------
Induction RMS Error: 1.30216e-04
Induction Weighted RMS Error: 1.30216e-04
Induction Weighted Absolute Error: -9.59095e-06
Induction Weighted Least-Squares Error: 8.44198e-06
--------------------------------------------
DHF Parameters:
    Functional Form = 
	E(dhf)_ij = - A*K2(rij)*(1 + a_yml*Y_ml)*exp(-bij*rij)
Fitted Atomtypes 
               A        
CO2(0)        0.020855
               A        
HT8(0)        0.269481
               A             a_y10           a_y20           a_y22c     
OH1(0)        0.547807       -1.000000       -0.322900       -0.444537
               A             a_y10           a_y20      
HO1(0)        0.105048       -0.500952        0.336282
Constrained Atomtypes 
  None
------------
Dhf RMS Error: 6.10406e-05
Dhf Weighted RMS Error: 6.10406e-05
Dhf Weighted Absolute Error: 2.66077e-06
Dhf Weighted Least-Squares Error: 1.86408e-06
--------------------------------------------
Dispersion Parameters:
    Functional Form = 
	E(disp)_ij = sum_(n=6,8,10,12){A*fdamp_n*(Cij_n/r_ij^n)}
               C6              C8             C10             C12       
CO2          4.847096       18.798288       63.256519      202.859856
OH1          3.819955       17.890308       89.856938      392.757676
HO1          1.275466        4.018693       30.302404        0.000000
HT8          1.498389        6.488268       33.240608        0.000000
Fitted Atomtypes 
               A        
CO2(0)        0.969190
               A        
HT8(0)        0.985958
               A             a_y10           a_y20           a_y22c     
OH1(0)        0.911116       -0.338030        0.024016       -0.244322
               A             a_y10           a_y20      
HO1(0)        0.700572       -0.631677       -0.347816
Constrained Atomtypes 
  None
------------
Dispersion RMS Error: 7.48156e-05
Dispersion Weighted RMS Error: 7.48156e-05
Dispersion Weighted Absolute Error: -1.58024e-05
Dispersion Weighted Least-Squares Error: 2.95714e-06
--------------------------------------------
Total Energy:
------------
Total Energy RMS Error: 4.00641e-04
Total Energy Weighted RMS Error: 4.00641e-04
Total Energy Weighted Absolute Error: -1.66848e-05
Total Energy Weighted Least-Squares Error: 7.26453e-05
--------------------------------------------
#########################################################################


