########################## FF Fitting Summary ###########################
--------------------------------------------
Program Version: 1.1.0
Short-range Functional Form: born-mayer
Combination Rules: aij = geometric
                   bij = geometric_mean
Electrostatic Damping Type: None
Thole Param: 0.39
Fitting weight: eff_mu = 0.0 Ha
                eff_kt = 0.0402 Ha
Weighted RMSE cutoff: 0.0 Ha
Anisotropic Atomtypes: None
All parameters have been radially corrected to account for Slater overlap
This radial correction is approximate, and is only rigorous for the case where bi = bj.
------------
Exponents (Optimized):
CO2(0)     2.055636
OH1(0)     2.332931
HO1(0)     1.963706
HT8(0)     2.282453
------------
Monomer 1 Multipole File:
methanol_ISA-GRID_L2.mom
Monomer 2 Multipole File:
methanol_ISA-GRID_L2.mom
--------------------------------------------
Exchange Parameters:
    Functional Form = 
	E(exch)_ij = A*K2(rij)*(1 + a_yml*Y_ml)*exp(-bij*rij)
    where the a coefficient for each spherical harmonic term Y_ml
    is listed in the parameters below and 
	K2(rij) = 1/3*(bij*rij)**2 + bij*rij + 1 
Fitted Atomtypes 
               A        
CO2(0)        1.875871
               A        
OH1(0)        4.063486
               A        
HO1(0)        0.156397
               A        
HT8(0)        0.657359
Constrained Atomtypes 
  None
------------
Exchange RMS Error: 9.95687e-04
Exchange Weighted RMS Error: 9.95687e-04
Exchange Weighted Absolute Error: -1.39369e-05
Exchange Weighted Least-Squares Error: 3.38988e-04
--------------------------------------------
Electrostatic Parameters:
    Functional Form = 
	E(elst)_ij = f_damp*qi*qj/rij - A*K2(rij)*(1 + a_yml*Y_ml)*exp(-bij*rij)
Fitted Atomtypes 
               A        
CO2(0)        1.114800
               A        
OH1(0)        2.681533
               A        
HO1(0)        0.042578
               A        
HT8(0)        0.339779
Constrained Atomtypes 
  None
------------
Electrostatics RMS Error: 4.31614e-04
Electrostatics Weighted RMS Error: 4.31614e-04
Electrostatics Weighted Absolute Error: 4.77987e-06
Electrostatics Weighted Least-Squares Error: 1.01114e-04
--------------------------------------------
Drude oscillator energy has been calculated using the following method: multipole-gradient
Induction Parameters:
    Functional Form = 
	E(ind)_ij = shell_charge - A*K2(rij)*(1 + a_yml*Y_ml)*exp(-bij*rij)
Fitted Atomtypes 
               A        
CO2(0)        0.442563
               A        
OH1(0)        0.000000
               A        
HO1(0)        0.089763
               A        
HT8(0)        0.096637
Constrained Atomtypes 
  None
------------
Induction RMS Error: 1.37886e-04
Induction Weighted RMS Error: 1.37886e-04
Induction Weighted Absolute Error: -1.02997e-05
Induction Weighted Least-Squares Error: 9.47136e-06
--------------------------------------------
DHF Parameters:
    Functional Form = 
	E(dhf)_ij = - A*K2(rij)*(1 + a_yml*Y_ml)*exp(-bij*rij)
Fitted Atomtypes 
               A        
CO2(0)        0.000000
               A        
OH1(0)        0.909235
               A        
HO1(0)        0.053691
               A        
HT8(0)        0.230543
Constrained Atomtypes 
  None
------------
Dhf RMS Error: 9.84072e-05
Dhf Weighted RMS Error: 9.84072e-05
Dhf Weighted Absolute Error: -3.95110e-07
Dhf Weighted Least-Squares Error: 4.84355e-06
--------------------------------------------
Dispersion Parameters:
    Functional Form = 
	E(disp)_ij = sum_(n=6,8,10,12){A*fdamp_n*(Cij_n/r_ij^n)}
               C6              C8             C10             C12       
CO2          4.847096       18.798288       63.256519      202.859856
OH1          3.819955       17.890308       89.856938      392.757676
HO1          1.275466        4.018693       30.302404        0.000000
HT8          1.498389        6.488268       33.240608        0.000000
Fitted Atomtypes 
               A        
CO2(0)        0.700000
               A        
OH1(0)        1.134794
               A        
HO1(0)        0.878621
               A        
HT8(0)        1.081173
Constrained Atomtypes 
  None
------------
Dispersion RMS Error: 1.30762e-04
Dispersion Weighted RMS Error: 1.30762e-04
Dispersion Weighted Absolute Error: -1.10388e-05
Dispersion Weighted Least-Squares Error: 9.06710e-06
--------------------------------------------
Total Energy:
------------
Total Energy RMS Error: 5.57909e-04
Total Energy Weighted RMS Error: 5.57909e-04
Total Energy Weighted Absolute Error: -3.08907e-05
Total Energy Weighted Least-Squares Error: 1.39946e-04
--------------------------------------------
#########################################################################


########################## FF Fitting Summary ###########################
--------------------------------------------
Program Version: 1.1.0
Short-range Functional Form: born-mayer
Combination Rules: aij = geometric
                   bij = geometric_mean
Electrostatic Damping Type: None
Thole Param: 0.39
Fitting weight: eff_mu = 0.0 Ha
                eff_kt = 0.0402 Ha
Weighted RMSE cutoff: 0.0 Ha
Anisotropic Atomtypes: None
All parameters have been radially corrected to account for Slater overlap
This radial correction is approximate, and is only rigorous for the case where bi = bj.
------------
Exponents (Optimized):
CO2(0)     2.055636
OH1(0)     2.332931
HO1(0)     1.963706
HT8(0)     2.282453
------------
Monomer 1 Multipole File:
methanol_ISA-GRID_L2.mom
Monomer 2 Multipole File:
methanol_ISA-GRID_L2.mom
--------------------------------------------
Exchange Parameters:
    Functional Form = 
	E(exch)_ij = A*K2(rij)*(1 + a_yml*Y_ml)*exp(-bij*rij)
    where the a coefficient for each spherical harmonic term Y_ml
    is listed in the parameters below and 
	K2(rij) = 1/3*(bij*rij)**2 + bij*rij + 1 
Fitted Atomtypes 
               A        
CO2(0)        1.875871
               A        
OH1(0)        4.063486
               A        
HO1(0)        0.156397
               A        
HT8(0)        0.657359
Constrained Atomtypes 
  None
------------
Exchange RMS Error: 9.95687e-04
Exchange Weighted RMS Error: 9.95687e-04
Exchange Weighted Absolute Error: -1.39369e-05
Exchange Weighted Least-Squares Error: 3.38988e-04
--------------------------------------------
Electrostatic Parameters:
    Functional Form = 
	E(elst)_ij = f_damp*qi*qj/rij - A*K2(rij)*(1 + a_yml*Y_ml)*exp(-bij*rij)
Fitted Atomtypes 
               A        
CO2(0)        1.114800
               A        
OH1(0)        2.681533
               A        
HO1(0)        0.042578
               A        
HT8(0)        0.339779
Constrained Atomtypes 
  None
------------
Electrostatics RMS Error: 4.31614e-04
Electrostatics Weighted RMS Error: 4.31614e-04
Electrostatics Weighted Absolute Error: 4.77987e-06
Electrostatics Weighted Least-Squares Error: 1.01114e-04
--------------------------------------------
Drude oscillator energy has been calculated using the following method: multipole-gradient
Induction Parameters:
    Functional Form = 
	E(ind)_ij = shell_charge - A*K2(rij)*(1 + a_yml*Y_ml)*exp(-bij*rij)
Fitted Atomtypes 
               A        
CO2(0)        0.442563
               A        
OH1(0)        0.000000
               A        
HO1(0)        0.089763
               A        
HT8(0)        0.096637
Constrained Atomtypes 
  None
------------
Induction RMS Error: 1.37886e-04
Induction Weighted RMS Error: 1.37886e-04
Induction Weighted Absolute Error: -1.02997e-05
Induction Weighted Least-Squares Error: 9.47136e-06
--------------------------------------------
DHF Parameters:
    Functional Form = 
	E(dhf)_ij = - A*K2(rij)*(1 + a_yml*Y_ml)*exp(-bij*rij)
Fitted Atomtypes 
               A        
CO2(0)        0.000000
               A        
OH1(0)        0.909236
               A        
HO1(0)        0.053691
               A        
HT8(0)        0.230542
Constrained Atomtypes 
  None
------------
Dhf RMS Error: 9.84060e-05
Dhf Weighted RMS Error: 9.84060e-05
Dhf Weighted Absolute Error: -3.95487e-07
Dhf Weighted Least-Squares Error: 4.84344e-06
--------------------------------------------
Dispersion Parameters:
    Functional Form = 
	E(disp)_ij = sum_(n=6,8,10,12){A*fdamp_n*(Cij_n/r_ij^n)}
               C6              C8             C10             C12       
CO2          4.847096       18.798288       63.256519      202.859856
OH1          3.819955       17.890308       89.856938      392.757676
HO1          1.275466        4.018693       30.302404        0.000000
HT8          1.498389        6.488268       33.240608        0.000000
Fitted Atomtypes 
               A        
CO2(0)        0.700000
               A        
OH1(0)        1.134794
               A        
HO1(0)        0.878621
               A        
HT8(0)        1.081173
Constrained Atomtypes 
  None
------------
Dispersion RMS Error: 1.30762e-04
Dispersion Weighted RMS Error: 1.30762e-04
Dispersion Weighted Absolute Error: -1.10388e-05
Dispersion Weighted Least-Squares Error: 9.06710e-06
--------------------------------------------
Total Energy:
------------
Total Energy RMS Error: 5.57909e-04
Total Energy Weighted RMS Error: 5.57909e-04
Total Energy Weighted Absolute Error: -3.08911e-05
Total Energy Weighted Least-Squares Error: 1.39946e-04
--------------------------------------------
#########################################################################


