########################## FF Fitting Summary ###########################
--------------------------------------------
Program Version: 1.1.0
Short-range Functional Form: born-mayer
Combination Rules: aij = geometric
                   bij = geometric_mean
Electrostatic Damping Type: None
Thole Param: 0.39
Fitting weight: eff_mu = 0.0 Ha
                eff_kt = 0.0146 Ha
Weighted RMSE cutoff: 0.0 Ha
Anisotropic Atomtypes: H2O  OH2  O    
All parameters have been radially corrected to account for Slater overlap
This radial correction is approximate, and is only rigorous for the case where bi = bj.
------------
Exponents:
HT7(0)     2.199197
H2O(0)     2.333626
CO(0)      2.102972
OH2(0)     2.182379
O(0)       2.290632
------------
Monomer 1 Multipole File:
dimethyl_ether_ISA-GRID_L2.mom
Monomer 2 Multipole File:
h2o_ISA-GRID_L2.mom
--------------------------------------------
Exchange Parameters:
    Functional Form = 
	E(exch)_ij = A*K2(rij)*(1 + a_yml*Y_ml)*exp(-bij*rij)
    where the a coefficient for each spherical harmonic term Y_ml
    is listed in the parameters below and 
	K2(rij) = 1/3*(bij*rij)**2 + bij*rij + 1 
Fitted Atomtypes 
  None
Constrained Atomtypes 
               A        
HT7(0)        0.610126
               A             a_y10           a_y20      
H2O(0)        0.491262        0.370677        0.035472
               A        
CO(0)        2.394140
               A             a_y10           a_y20           a_y22c     
OH2(0)        2.882381        0.033497        0.056739       -0.318193
               A             a_y10           a_y20           a_y22c     
O(0)         1.716903       -0.748190        0.479788       -1.000000
------------
Exchange RMS Error: 5.43194e-04
Exchange Weighted RMS Error: 5.43194e-04
Exchange Weighted Absolute Error: -1.38595e-05
Exchange Weighted Least-Squares Error: 5.59577e-05
--------------------------------------------
Electrostatic Parameters:
    Functional Form = 
	E(elst)_ij = f_damp*qi*qj/rij - A*K2(rij)*(1 + a_yml*Y_ml)*exp(-bij*rij)
Fitted Atomtypes 
  None
Constrained Atomtypes 
               A        
HT7(0)        0.305230
               A             a_y10           a_y20      
H2O(0)        0.135525        0.565190        0.216843
               A        
CO(0)        1.542017
               A             a_y10           a_y20           a_y22c     
OH2(0)        2.071946        0.176707        0.062821       -0.299709
               A             a_y10           a_y20           a_y22c     
O(0)         1.133586       -0.873385        0.246797       -1.000000
------------
Electrostatics RMS Error: 2.55308e-04
Electrostatics Weighted RMS Error: 2.55308e-04
Electrostatics Weighted Absolute Error: 8.32171e-06
Electrostatics Weighted Least-Squares Error: 3.82509e-05
--------------------------------------------
Drude oscillator energy has been calculated using the following method: multipole-gradient
Induction Parameters:
    Functional Form = 
	E(ind)_ij = shell_charge - A*K2(rij)*(1 + a_yml*Y_ml)*exp(-bij*rij)
Fitted Atomtypes 
  None
Constrained Atomtypes 
               A        
HT7(0)        0.119235
               A             a_y10           a_y20      
H2O(0)        0.165670       -0.068043       -0.314646
               A        
CO(0)        0.176392
               A             a_y10           a_y20           a_y22c     
OH2(0)        0.000000        0.179147        0.041294        0.161168
               A             a_y10           a_y20           a_y22c     
O(0)         0.226876        1.000000       -1.000000        0.885575
------------
Induction RMS Error: 1.16479e-04
Induction Weighted RMS Error: 1.16479e-04
Induction Weighted Absolute Error: -1.49726e-05
Induction Weighted Least-Squares Error: 6.73902e-06
--------------------------------------------
DHF Parameters:
    Functional Form = 
	E(dhf)_ij = - A*K2(rij)*(1 + a_yml*Y_ml)*exp(-bij*rij)
Fitted Atomtypes 
  None
Constrained Atomtypes 
               A        
HT7(0)        0.213744
               A             a_y10           a_y20      
H2O(0)        0.084216       -1.000000       -0.113013
               A        
CO(0)        0.029288
               A             a_y10           a_y20           a_y22c     
OH2(0)        0.576831       -0.272857        0.004246       -0.351942
               A             a_y10           a_y20           a_y22c     
O(0)         0.452466       -1.000000        0.065837       -0.744245
------------
Dhf RMS Error: 4.93159e-05
Dhf Weighted RMS Error: 4.93159e-05
Dhf Weighted Absolute Error: 8.79337e-06
Dhf Weighted Least-Squares Error: 1.20495e-06
--------------------------------------------
Dispersion Parameters:
    Functional Form = 
	E(disp)_ij = sum_(n=6,8,10,12){A*fdamp_n*(Cij_n/r_ij^n)}
               C6              C8             C10             C12       
HT7          1.498389        6.488268       33.240608        0.000000
H2O          0.880629        1.744112       16.442916        0.000000
CO           4.847096       18.798288       63.256519      202.859856
O            3.497808       16.327053       81.333632      354.498305
OH2          5.035664       23.165974      110.758015      470.057253
Fitted Atomtypes 
  None
Constrained Atomtypes 
               A        
HT7(0)        1.132974
               A             a_y10           a_y20      
H2O(0)        1.300000        0.078362        0.029717
               A        
CO(0)        0.855412
               A             a_y10           a_y20           a_y22c     
OH2(0)        0.907544       -0.036133        0.027028       -0.133429
               A             a_y10           a_y20           a_y22c     
O(0)         0.813524       -0.331208        0.213579       -0.287884
------------
Dispersion RMS Error: 6.73181e-05
Dispersion Weighted RMS Error: 6.73181e-05
Dispersion Weighted Absolute Error: 7.18482e-06
Dispersion Weighted Least-Squares Error: 2.59054e-06
--------------------------------------------
Total Energy:
------------
Total Energy RMS Error: 4.36219e-04
Total Energy Weighted RMS Error: 4.36219e-04
Total Energy Weighted Absolute Error: -4.53221e-06
Total Energy Weighted Least-Squares Error: 6.86884e-05
--------------------------------------------
#########################################################################


