########################## FF Fitting Summary ###########################
--------------------------------------------
Program Version: 1.1.0
Short-range Functional Form: born-mayer
Combination Rules: aij = geometric
                   bij = geometric_mean
Electrostatic Damping Type: None
Thole Param: 0.39
Fitting weight: eff_mu = 0.0 Ha
                eff_kt = 0.0366 Ha
Weighted RMSE cutoff: 0.0 Ha
Anisotropic Atomtypes: H2O  OH2  O    
All parameters have been radially corrected to account for Slater overlap
This radial correction is approximate, and is only rigorous for the case where bi = bj.
------------
Exponents (Optimized):
HT7(0)     2.067253
H2O(0)     2.458378
CO(0)      2.309988
OH2(0)     2.167885
O(0)       2.425362
------------
Monomer 1 Multipole File:
dimethyl_ether_ISA-GRID_L2.mom
Monomer 2 Multipole File:
h2o_ISA-GRID_L2.mom
--------------------------------------------
Exchange Parameters:
    Functional Form = 
	E(exch)_ij = A*K2(rij)*(1 + a_yml*Y_ml)*exp(-bij*rij)
    where the a coefficient for each spherical harmonic term Y_ml
    is listed in the parameters below and 
	K2(rij) = 1/3*(bij*rij)**2 + bij*rij + 1 
Fitted Atomtypes 
               A        
HT7(0)        0.433686
               A        
CO(0)        3.489220
               A             a_y10           a_y20      
H2O(0)        0.302648       -0.664196       -0.423099
               A             a_y10           a_y20           a_y22c     
OH2(0)        3.538093        0.146050        0.037203       -0.257876
               A             a_y10           a_y20           a_y22c     
O(0)         1.929573       -1.000000        0.308541       -1.000000
Constrained Atomtypes 
  None
------------
Exchange RMS Error: 4.59589e-04
Exchange Weighted RMS Error: 4.59589e-04
Exchange Weighted Absolute Error: -4.55398e-06
Exchange Weighted Least-Squares Error: 7.45712e-05
--------------------------------------------
Electrostatic Parameters:
    Functional Form = 
	E(elst)_ij = f_damp*qi*qj/rij - A*K2(rij)*(1 + a_yml*Y_ml)*exp(-bij*rij)
Fitted Atomtypes 
               A        
HT7(0)        0.208712
               A        
CO(0)        1.895317
               A             a_y10           a_y20      
H2O(0)        0.632345        1.000000        0.245537
               A             a_y10           a_y20           a_y22c     
OH2(0)        1.753698       -0.101080        0.048086       -0.576124
               A             a_y10           a_y20           a_y22c     
O(0)         1.250724       -0.911660        0.221251       -1.000000
Constrained Atomtypes 
  None
------------
Electrostatics RMS Error: 2.29661e-04
Electrostatics Weighted RMS Error: 2.29661e-04
Electrostatics Weighted Absolute Error: -2.25116e-06
Electrostatics Weighted Least-Squares Error: 2.74627e-05
--------------------------------------------
Drude oscillator energy has been calculated using the following method: multipole-gradient
Induction Parameters:
    Functional Form = 
	E(ind)_ij = shell_charge - A*K2(rij)*(1 + a_yml*Y_ml)*exp(-bij*rij)
Fitted Atomtypes 
               A        
HT7(0)        0.058605
               A        
CO(0)        0.649852
               A             a_y10           a_y20      
H2O(0)        0.124960       -1.000000       -0.317247
               A             a_y10           a_y20           a_y22c     
OH2(0)        0.000000        0.165876        0.036337        0.108675
               A             a_y10           a_y20           a_y22c     
O(0)         0.339922        0.203319        0.428512       -1.000000
Constrained Atomtypes 
  None
------------
Induction RMS Error: 9.03938e-05
Induction Weighted RMS Error: 9.03938e-05
Induction Weighted Absolute Error: -1.09790e-05
Induction Weighted Least-Squares Error: 3.95766e-06
--------------------------------------------
DHF Parameters:
    Functional Form = 
	E(dhf)_ij = - A*K2(rij)*(1 + a_yml*Y_ml)*exp(-bij*rij)
Fitted Atomtypes 
               A        
HT7(0)        0.333649
               A        
CO(0)        0.261587
               A             a_y10           a_y20      
H2O(0)        0.039035       -1.000000        0.505625
               A             a_y10           a_y20           a_y22c     
OH2(0)        0.322711       -0.040170        0.006203       -0.228662
               A             a_y10           a_y20           a_y22c     
O(0)         1.148418       -1.000000        0.235623       -0.771901
Constrained Atomtypes 
  None
------------
Dhf RMS Error: 4.88347e-05
Dhf Weighted RMS Error: 4.88347e-05
Dhf Weighted Absolute Error: 9.31021e-06
Dhf Weighted Least-Squares Error: 1.15384e-06
--------------------------------------------
Dispersion Parameters:
    Functional Form = 
	E(disp)_ij = sum_(n=6,8,10,12){A*fdamp_n*(Cij_n/r_ij^n)}
               C6              C8             C10             C12       
HT7          1.498389        6.488268       33.240608        0.000000
H2O          0.880629        1.744112       16.442916        0.000000
CO           4.847096       18.798288       63.256519      202.859856
OH2          5.035664       23.165974      110.758015      470.057253
O            3.497808       16.327053       81.333632      354.498305
Fitted Atomtypes 
               A        
HT7(0)        1.296568
               A        
CO(0)        0.821725
               A             a_y10           a_y20      
H2O(0)        1.274917        0.329643        0.173590
               A             a_y10           a_y20           a_y22c     
OH2(0)        0.864209        0.019624        0.019057       -0.098065
               A             a_y10           a_y20           a_y22c     
O(0)         0.787435       -0.471051        0.108527       -0.255352
Constrained Atomtypes 
  None
------------
Dispersion RMS Error: 5.85479e-05
Dispersion Weighted RMS Error: 5.85479e-05
Dispersion Weighted Absolute Error: 4.35167e-06
Dispersion Weighted Least-Squares Error: 1.74733e-06
--------------------------------------------
Total Energy:
------------
Total Energy RMS Error: 3.16892e-04
Total Energy Weighted RMS Error: 3.16892e-04
Total Energy Weighted Absolute Error: -4.12221e-06
Total Energy Weighted Least-Squares Error: 4.42524e-05
--------------------------------------------
#########################################################################


