########################## FF Fitting Summary ###########################
--------------------------------------------
Program Version: 1.1.0
Short-range Functional Form: born-mayer
Combination Rules: aij = geometric
                   bij = geometric_mean
Electrostatic Damping Type: None
Thole Param: 0.39
Fitting weight: eff_mu = 0.0 Ha
                eff_kt = 0.0366 Ha
Weighted RMSE cutoff: 0.0 Ha
Anisotropic Atomtypes: None
All parameters have been radially corrected to account for Slater overlap
This radial correction is approximate, and is only rigorous for the case where bi = bj.
------------
Exponents (Optimized):
HT7(0)     1.952044
H2O(0)     2.278235
CO(0)      2.078649
OH2(0)     2.239079
O(0)       2.599594
------------
Monomer 1 Multipole File:
dimethyl_ether_ISA-GRID_L0.mom
Monomer 2 Multipole File:
h2o_ISA-GRID_L0.mom
--------------------------------------------
Exchange Parameters:
    Functional Form = 
	E(exch)_ij = A*K2(rij)*(1 + a_yml*Y_ml)*exp(-bij*rij)
    where the a coefficient for each spherical harmonic term Y_ml
    is listed in the parameters below and 
	K2(rij) = 1/3*(bij*rij)**2 + bij*rij + 1 
Fitted Atomtypes 
               A        
HT7(0)        0.284227
               A        
H2O(0)        0.468509
               A        
CO(0)        1.291995
               A        
OH2(0)        4.879037
               A        
O(0)         4.185367
Constrained Atomtypes 
  None
------------
Exchange RMS Error: 1.34613e-03
Exchange Weighted RMS Error: 1.34613e-03
Exchange Weighted Absolute Error: -9.67950e-05
Exchange Weighted Least-Squares Error: 5.98199e-04
--------------------------------------------
Electrostatic Parameters:
    Functional Form = 
	E(elst)_ij = f_damp*qi*qj/rij - A*K2(rij)*(1 + a_yml*Y_ml)*exp(-bij*rij)
Fitted Atomtypes 
               A        
HT7(0)        0.159253
               A        
H2O(0)        0.173334
               A        
CO(0)        0.659601
               A        
OH2(0)        3.140093
               A        
O(0)         2.651899
Constrained Atomtypes 
  None
------------
Electrostatics RMS Error: 7.71063e-04
Electrostatics Weighted RMS Error: 7.71063e-04
Electrostatics Weighted Absolute Error: 3.49753e-06
Electrostatics Weighted Least-Squares Error: 3.02298e-04
--------------------------------------------
Drude oscillator energy has been calculated using the following method: multipole-gradient
Induction Parameters:
    Functional Form = 
	E(ind)_ij = shell_charge - A*K2(rij)*(1 + a_yml*Y_ml)*exp(-bij*rij)
Fitted Atomtypes 
               A        
HT7(0)        0.009693
               A        
H2O(0)        0.174367
               A        
CO(0)        0.261302
               A        
OH2(0)        0.000000
               A        
O(0)         0.588535
Constrained Atomtypes 
  None
------------
Induction RMS Error: 1.24660e-04
Induction Weighted RMS Error: 1.24660e-04
Induction Weighted Absolute Error: 8.47312e-06
Induction Weighted Least-Squares Error: 7.49303e-06
--------------------------------------------
DHF Parameters:
    Functional Form = 
	E(dhf)_ij = - A*K2(rij)*(1 + a_yml*Y_ml)*exp(-bij*rij)
Fitted Atomtypes 
               A        
HT7(0)        0.139695
               A        
H2O(0)        0.085626
               A        
CO(0)        0.000000
               A        
OH2(0)        0.678307
               A        
O(0)         1.554539
Constrained Atomtypes 
  None
------------
Dhf RMS Error: 7.77256e-05
Dhf Weighted RMS Error: 7.77256e-05
Dhf Weighted Absolute Error: 5.11586e-06
Dhf Weighted Least-Squares Error: 2.92245e-06
--------------------------------------------
Dispersion Parameters:
    Functional Form = 
	E(disp)_ij = sum_(n=6,8,10,12){A*fdamp_n*(Cij_n/r_ij^n)}
               C6              C8             C10             C12       
HT7          1.498389        6.488268       33.240608        0.000000
H2O          0.880629        1.744112       16.442916        0.000000
CO           4.847096       18.798288       63.256519      202.859856
OH2          5.035664       23.165974      110.758015      470.057253
O            3.497808       16.327053       81.333632      354.498305
Fitted Atomtypes 
               A        
HT7(0)        1.300000
               A        
H2O(0)        1.225614
               A        
CO(0)        0.700000
               A        
OH2(0)        0.967821
               A        
O(0)         0.946965
Constrained Atomtypes 
  None
------------
Dispersion RMS Error: 1.54488e-04
Dispersion Weighted RMS Error: 1.54488e-04
Dispersion Weighted Absolute Error: 2.82446e-05
Dispersion Weighted Least-Squares Error: 1.22601e-05
--------------------------------------------
Total Energy:
------------
Total Energy RMS Error: 1.04035e-03
Total Energy Weighted RMS Error: 1.04035e-03
Total Energy Weighted Absolute Error: -5.14639e-05
Total Energy Weighted Least-Squares Error: 4.77370e-04
--------------------------------------------
#########################################################################


