########################## FF Fitting Summary ###########################
--------------------------------------------
Program Version: 1.1.0
Short-range Functional Form: born-mayer
Combination Rules: aij = geometric
                   bij = geometric_mean
Electrostatic Damping Type: None
Thole Param: 0.39
Fitting weight: eff_mu = 0.0 Ha
                eff_kt = 0.0161 Ha
Weighted RMSE cutoff: 0.0 Ha
Anisotropic Atomtypes: H2O  OC   OH2  
All parameters have been radially corrected to account for Slater overlap
This radial correction is approximate, and is only rigorous for the case where bi = bj.
------------
Exponents:
CT1(0)     1.819913
OC(0)      2.200783
C=O(0)     2.718321
H2O(0)     2.333626
HT1(0)     2.333336
OH2(0)     2.182379
------------
Monomer 1 Multipole File:
acetone_ISA-GRID_L2.mom
Monomer 2 Multipole File:
h2o_ISA-GRID_L2.mom
--------------------------------------------
Exchange Parameters:
    Functional Form = 
	E(exch)_ij = A*K2(rij)*(1 + a_yml*Y_ml)*exp(-bij*rij)
    where the a coefficient for each spherical harmonic term Y_ml
    is listed in the parameters below and 
	K2(rij) = 1/3*(bij*rij)**2 + bij*rij + 1 
Fitted Atomtypes 
  None
Constrained Atomtypes 
               A        
CT1(0)        1.756864
               A             a_y10           a_y20           a_y22c     
OC(0)        2.800441       -0.219521       -0.210109        0.120144
               A        
C=O(0)        4.914017
               A             a_y10           a_y20      
H2O(0)        0.491262        0.370677        0.035472
               A        
HT1(0)        0.633756
               A             a_y10           a_y20           a_y22c     
OH2(0)        2.882381        0.033497        0.056739       -0.318193
------------
Exchange RMS Error: 3.94485e-04
Exchange Weighted RMS Error: 1.49992e-04
Exchange Weighted Absolute Error: -1.94378e-05
Exchange Weighted Least-Squares Error: 2.68100e-05
--------------------------------------------
Electrostatic Parameters:
    Functional Form = 
	E(elst)_ij = f_damp*qi*qj/rij - A*K2(rij)*(1 + a_yml*Y_ml)*exp(-bij*rij)
Fitted Atomtypes 
  None
Constrained Atomtypes 
               A        
CT1(0)        1.128948
               A             a_y10           a_y20           a_y22c     
OC(0)        1.822973       -0.147986       -0.224111        0.165589
               A        
C=O(0)        2.345586
               A             a_y10           a_y20      
H2O(0)        0.135525        0.565190        0.216843
               A        
HT1(0)        0.286881
               A             a_y10           a_y20           a_y22c     
OH2(0)        2.071946        0.176707        0.062821       -0.299709
------------
Electrostatics RMS Error: 2.27680e-04
Electrostatics Weighted RMS Error: 1.07781e-04
Electrostatics Weighted Absolute Error: 1.14150e-05
Electrostatics Weighted Least-Squares Error: 2.96048e-05
--------------------------------------------
Drude oscillator energy has been calculated using the following method: multipole-gradient
Induction Parameters:
    Functional Form = 
	E(ind)_ij = shell_charge - A*K2(rij)*(1 + a_yml*Y_ml)*exp(-bij*rij)
Fitted Atomtypes 
  None
Constrained Atomtypes 
               A        
CT1(0)        0.089053
               A             a_y10           a_y20           a_y22c     
OC(0)        0.031023        0.043187        1.000000       -1.000000
               A        
C=O(0)        2.573742
               A             a_y10           a_y20      
H2O(0)        0.165670       -0.068043       -0.314647
               A        
HT1(0)        0.157247
               A             a_y10           a_y20           a_y22c     
OH2(0)        0.000000        0.179147        0.041294        0.161168
------------
Induction RMS Error: 1.12051e-04
Induction Weighted RMS Error: 5.13015e-05
Induction Weighted Absolute Error: -1.84893e-05
Induction Weighted Least-Squares Error: 6.16114e-06
--------------------------------------------
DHF Parameters:
    Functional Form = 
	E(dhf)_ij = - A*K2(rij)*(1 + a_yml*Y_ml)*exp(-bij*rij)
Fitted Atomtypes 
  None
Constrained Atomtypes 
               A        
CT1(0)        0.056525
               A             a_y10           a_y20           a_y22c     
OC(0)        0.542050       -1.000000       -0.656513       -0.199399
               A        
C=O(0)        0.882357
               A             a_y10           a_y20      
H2O(0)        0.084218       -1.000000       -0.113042
               A        
HT1(0)        0.244538
               A             a_y10           a_y20           a_y22c     
OH2(0)        0.576821       -0.272884        0.004248       -0.351951
------------
Dhf RMS Error: 7.11142e-05
Dhf Weighted RMS Error: 2.59586e-05
Dhf Weighted Absolute Error: 8.27541e-06
Dhf Weighted Least-Squares Error: 2.48379e-06
--------------------------------------------
Dispersion Parameters:
    Functional Form = 
	E(disp)_ij = sum_(n=6,8,10,12){A*fdamp_n*(Cij_n/r_ij^n)}
               C6              C8             C10             C12       
CT1          4.847096       18.798288       63.256519      202.859856
OC           4.783373       18.811595      100.656333      417.705964
C=O          3.661371       12.062782       78.048354      284.357981
H2O          0.880629        1.744112       16.442916        0.000000
HT1          1.498389        6.488268       33.240608        0.000000
OH2          5.035664       23.165974      110.758015      470.057253
Fitted Atomtypes 
  None
Constrained Atomtypes 
               A        
CT1(0)        1.000000
               A             a_y10           a_y20           a_y22c     
OC(0)        1.000000       -0.053237        0.106213        0.053638
               A        
C=O(0)        1.000000
               A             a_y10           a_y20      
H2O(0)        1.000000       -0.148365       -0.011921
               A        
HT1(0)        1.000000
               A             a_y10           a_y20           a_y22c     
OH2(0)        1.000000        0.024298        0.026508       -0.104229
------------
Dispersion RMS Error: 1.14551e-04
Dispersion Weighted RMS Error: 5.48480e-05
Dispersion Weighted Absolute Error: 9.09653e-06
Dispersion Weighted Least-Squares Error: 7.52534e-06
--------------------------------------------
Total Energy:
------------
Total Energy RMS Error: 3.52068e-04
Total Energy Weighted RMS Error: 1.48304e-04
Total Energy Weighted Absolute Error: -9.14028e-06
Total Energy Weighted Least-Squares Error: 4.64306e-05
--------------------------------------------
#########################################################################


