########################## FF Fitting Summary ###########################
--------------------------------------------
Program Version: 1.1.0
Short-range Functional Form: born-mayer
Combination Rules: aij = geometric
                   bij = geometric_mean
Electrostatic Damping Type: None
Thole Param: 0.39
Fitting weight: eff_mu = 0.0 Ha
                eff_kt = 0.0161 Ha
Weighted RMSE cutoff: 0.0 Ha
Anisotropic Atomtypes: None
All parameters have been radially corrected to account for Slater overlap
This radial correction is approximate, and is only rigorous for the case where bi = bj.
------------
Exponents:
CT1(0)     1.894503
OC(0)      2.191569
C=O(0)     2.594692
H2O(0)     1.564809
HT1(0)     2.251128
OH2(0)     2.488426
------------
Monomer 1 Multipole File:
acetone_ISA-GRID_L0.mom
Monomer 2 Multipole File:
h2o_ISA-GRID_L0.mom
--------------------------------------------
Exchange Parameters:
    Functional Form = 
	E(exch)_ij = A*K2(rij)*(1 + a_yml*Y_ml)*exp(-bij*rij)
    where the a coefficient for each spherical harmonic term Y_ml
    is listed in the parameters below and 
	K2(rij) = 1/3*(bij*rij)**2 + bij*rij + 1 
Fitted Atomtypes 
  None
Constrained Atomtypes 
               A        
CT1(0)        1.974741
               A        
OC(0)        3.009979
               A        
C=O(0)        3.327676
               A        
H2O(0)        0.093056
               A        
HT1(0)        0.583943
               A        
OH2(0)        5.570999
------------
Exchange RMS Error: 1.18492e-03
Exchange Weighted RMS Error: 1.18492e-03
Exchange Weighted Absolute Error: -9.86444e-05
Exchange Weighted Least-Squares Error: 2.56861e-04
--------------------------------------------
Electrostatic Parameters:
    Functional Form = 
	E(elst)_ij = f_damp*qi*qj/rij - A*K2(rij)*(1 + a_yml*Y_ml)*exp(-bij*rij)
Fitted Atomtypes 
  None
Constrained Atomtypes 
               A        
CT1(0)        1.210243
               A        
OC(0)        1.910316
               A        
C=O(0)        1.609655
               A        
H2O(0)        0.032756
               A        
HT1(0)        0.278990
               A        
OH2(0)        3.741217
------------
Electrostatics RMS Error: 8.49465e-04
Electrostatics Weighted RMS Error: 8.49465e-04
Electrostatics Weighted Absolute Error: 1.38676e-04
Electrostatics Weighted Least-Squares Error: 4.00550e-04
--------------------------------------------
Drude oscillator energy has been calculated using the following method: multipole-gradient
Induction Parameters:
    Functional Form = 
	E(ind)_ij = shell_charge - A*K2(rij)*(1 + a_yml*Y_ml)*exp(-bij*rij)
Fitted Atomtypes 
  None
Constrained Atomtypes 
               A        
CT1(0)        0.058365
               A        
OC(0)        0.000000
               A        
C=O(0)        1.785542
               A        
H2O(0)        0.000000
               A        
HT1(0)        0.149943
               A        
OH2(0)        0.000000
------------
Induction RMS Error: 2.01995e-04
Induction Weighted RMS Error: 2.01995e-04
Induction Weighted Absolute Error: -9.16089e-06
Induction Weighted Least-Squares Error: 2.00542e-05
--------------------------------------------
DHF Parameters:
    Functional Form = 
	E(dhf)_ij = - A*K2(rij)*(1 + a_yml*Y_ml)*exp(-bij*rij)
Fitted Atomtypes 
  None
Constrained Atomtypes 
               A        
CT1(0)        0.044565
               A        
OC(0)        0.808785
               A        
C=O(0)        0.419491
               A        
H2O(0)        0.023941
               A        
HT1(0)        0.217355
               A        
OH2(0)        1.154057
------------
Dhf RMS Error: 1.04078e-04
Dhf Weighted RMS Error: 1.04078e-04
Dhf Weighted Absolute Error: 7.40720e-06
Dhf Weighted Least-Squares Error: 5.30564e-06
--------------------------------------------
Dispersion Parameters:
    Functional Form = 
	E(disp)_ij = sum_(n=6,8,10,12){A*fdamp_n*(Cij_n/r_ij^n)}
               C6              C8             C10             C12       
CT1          4.847096       18.798288       63.256519      202.859856
OC           4.783373       18.811595      100.656333      417.705964
C=O          3.661371       12.062782       78.048354      284.357981
H2O          0.880629        1.744112       16.442916        0.000000
HT1          1.498389        6.488268       33.240608        0.000000
OH2          5.035664       23.165974      110.758015      470.057253
Fitted Atomtypes 
  None
Constrained Atomtypes 
               A        
CT1(0)        0.881446
               A        
OC(0)        1.115496
               A        
C=O(0)        0.700000
               A        
H2O(0)        1.300000
               A        
HT1(0)        1.095684
               A        
OH2(0)        0.926842
------------
Dispersion RMS Error: 2.64483e-04
Dispersion Weighted RMS Error: 2.64483e-04
Dispersion Weighted Absolute Error: -2.69381e-05
Dispersion Weighted Least-Squares Error: 3.95718e-05
--------------------------------------------
Total Energy:
------------
Total Energy RMS Error: 1.08434e-03
Total Energy Weighted RMS Error: 1.08434e-03
Total Energy Weighted Absolute Error: 1.13402e-05
Total Energy Weighted Least-Squares Error: 4.88186e-04
--------------------------------------------
#########################################################################


