########################## FF Fitting Summary ###########################
--------------------------------------------
Program Version: 1.1.0
Short-range Functional Form: born-mayer
Combination Rules: aij = geometric
                   bij = geometric_mean
Electrostatic Damping Type: None
Thole Param: 0.39
Fitting weight: eff_mu = 0.0 Ha
                eff_kt = 0.0403 Ha
Weighted RMSE cutoff: 0.0 Ha
Anisotropic Atomtypes: None
All parameters have been radially corrected to account for Slater overlap
This radial correction is approximate, and is only rigorous for the case where bi = bj.
------------
Exponents (Optimized):
CT1(0)     1.720766
OC(0)      2.319191
C=O(0)     2.403275
H2O(0)     1.853921
HT1(0)     2.534999
OH2(0)     2.413924
------------
Monomer 1 Multipole File:
acetone_ISA-GRID_L0.mom
Monomer 2 Multipole File:
h2o_ISA-GRID_L0.mom
--------------------------------------------
Exchange Parameters:
    Functional Form = 
	E(exch)_ij = A*K2(rij)*(1 + a_yml*Y_ml)*exp(-bij*rij)
    where the a coefficient for each spherical harmonic term Y_ml
    is listed in the parameters below and 
	K2(rij) = 1/3*(bij*rij)**2 + bij*rij + 1 
Fitted Atomtypes 
               A        
CT1(0)        1.200636
               A        
OC(0)        3.676821
               A        
C=O(0)        2.499353
               A        
H2O(0)        0.180068
               A        
HT1(0)        0.886716
               A        
OH2(0)        5.044879
Constrained Atomtypes 
  None
------------
Exchange RMS Error: 1.11113e-03
Exchange Weighted RMS Error: 1.11113e-03
Exchange Weighted Absolute Error: -6.16021e-05
Exchange Weighted Least-Squares Error: 4.18409e-04
--------------------------------------------
Electrostatic Parameters:
    Functional Form = 
	E(elst)_ij = f_damp*qi*qj/rij - A*K2(rij)*(1 + a_yml*Y_ml)*exp(-bij*rij)
Fitted Atomtypes 
               A        
CT1(0)        0.701223
               A        
OC(0)        2.753976
               A        
C=O(0)        1.159535
               A        
H2O(0)        0.049008
               A        
HT1(0)        0.562717
               A        
OH2(0)        2.971139
Constrained Atomtypes 
  None
------------
Electrostatics RMS Error: 8.34775e-04
Electrostatics Weighted RMS Error: 8.34775e-04
Electrostatics Weighted Absolute Error: 1.21398e-04
Electrostatics Weighted Least-Squares Error: 3.50988e-04
--------------------------------------------
Drude oscillator energy has been calculated using the following method: multipole-gradient
Induction Parameters:
    Functional Form = 
	E(ind)_ij = shell_charge - A*K2(rij)*(1 + a_yml*Y_ml)*exp(-bij*rij)
Fitted Atomtypes 
               A        
CT1(0)        0.268360
               A        
OC(0)        0.000000
               A        
C=O(0)        1.147095
               A        
H2O(0)        0.050545
               A        
HT1(0)        0.101465
               A        
OH2(0)        0.000000
Constrained Atomtypes 
  None
------------
Induction RMS Error: 1.62021e-04
Induction Weighted RMS Error: 1.62021e-04
Induction Weighted Absolute Error: 6.82982e-06
Induction Weighted Least-Squares Error: 1.25071e-05
--------------------------------------------
DHF Parameters:
    Functional Form = 
	E(dhf)_ij = - A*K2(rij)*(1 + a_yml*Y_ml)*exp(-bij*rij)
Fitted Atomtypes 
               A        
CT1(0)        0.174745
               A        
OC(0)        2.603708
               A        
C=O(0)        0.429207
               A        
H2O(0)        0.016659
               A        
HT1(0)        0.854470
               A        
OH2(0)        0.386658
Constrained Atomtypes 
  None
------------
Dhf RMS Error: 1.04105e-04
Dhf Weighted RMS Error: 1.04105e-04
Dhf Weighted Absolute Error: 1.04464e-06
Dhf Weighted Least-Squares Error: 5.18149e-06
--------------------------------------------
Dispersion Parameters:
    Functional Form = 
	E(disp)_ij = sum_(n=6,8,10,12){A*fdamp_n*(Cij_n/r_ij^n)}
               C6              C8             C10             C12       
CT1          4.847096       18.798288       63.256519      202.859856
OC           4.783373       18.811595      100.656333      417.705964
C=O          3.661371       12.062782       78.048354      284.357981
H2O          0.880629        1.744112       16.442916        0.000000
HT1          1.498389        6.488268       33.240608        0.000000
OH2          5.035664       23.165974      110.758015      470.057253
Fitted Atomtypes 
               A        
CT1(0)        1.300000
               A        
OC(0)        1.256575
               A        
C=O(0)        0.909043
               A        
H2O(0)        1.300000
               A        
HT1(0)        1.101134
               A        
OH2(0)        0.700000
Constrained Atomtypes 
  None
------------
Dispersion RMS Error: 1.15482e-04
Dispersion Weighted RMS Error: 1.15482e-04
Dispersion Weighted Absolute Error: -1.48024e-06
Dispersion Weighted Least-Squares Error: 6.65981e-06
--------------------------------------------
Total Energy:
------------
Total Energy RMS Error: 1.04538e-03
Total Energy Weighted RMS Error: 1.04538e-03
Total Energy Weighted Absolute Error: 6.61903e-05
Total Energy Weighted Least-Squares Error: 4.90188e-04
--------------------------------------------
#########################################################################


