########################## FF Fitting Summary ###########################
--------------------------------------------
Program Version: 1.1.0
Short-range Functional Form: born-mayer
Combination Rules: aij = geometric
                   bij = geometric_mean
Electrostatic Damping Type: None
Thole Param: 0.39
Fitting weight: eff_mu = 0.0 Ha
                eff_kt = 0.0134 Ha
Weighted RMSE cutoff: 0.0 Ha
Anisotropic Atomtypes: None
All parameters have been radially corrected to account for Slater overlap
This radial correction is approximate, and is only rigorous for the case where bi = bj.
------------
Exponents:
CO2(0)     2.055636
CO(0)      1.933594
O(0)       2.319445
HT7(0)     2.236386
HO1(0)     1.963706
OH1(0)     2.332931
HT8(0)     2.282453
------------
Monomer 1 Multipole File:
dimethyl_ether_ISA-GRID_L2.mom
Monomer 2 Multipole File:
methanol_ISA-GRID_L2.mom
--------------------------------------------
Exchange Parameters:
    Functional Form = 
	E(exch)_ij = A*K2(rij)*(1 + a_yml*Y_ml)*exp(-bij*rij)
    where the a coefficient for each spherical harmonic term Y_ml
    is listed in the parameters below and 
	K2(rij) = 1/3*(bij*rij)**2 + bij*rij + 1 
Fitted Atomtypes 
  None
Constrained Atomtypes 
               A        
CO2(0)        1.875871
               A        
CO(0)        1.553522
               A        
O(0)         3.388801
               A        
HT7(0)        0.636992
               A        
HO1(0)        0.156397
               A        
OH1(0)        4.063486
               A        
HT8(0)        0.657359
------------
Exchange RMS Error: 1.16223e-03
Exchange Weighted RMS Error: 4.37735e-04
Exchange Weighted Absolute Error: -1.39510e-05
Exchange Weighted Least-Squares Error: 1.97991e-04
--------------------------------------------
Electrostatic Parameters:
    Functional Form = 
	E(elst)_ij = f_damp*qi*qj/rij - A*K2(rij)*(1 + a_yml*Y_ml)*exp(-bij*rij)
Fitted Atomtypes 
  None
Constrained Atomtypes 
               A        
CO2(0)        1.114800
               A        
CO(0)        1.004880
               A        
O(0)         2.270286
               A        
HT7(0)        0.316388
               A        
HO1(0)        0.042578
               A        
OH1(0)        2.681533
               A        
HT8(0)        0.339779
------------
Electrostatics RMS Error: 4.96214e-04
Electrostatics Weighted RMS Error: 2.03528e-04
Electrostatics Weighted Absolute Error: 1.30022e-05
Electrostatics Weighted Least-Squares Error: 1.55093e-04
--------------------------------------------
Drude oscillator energy has been calculated using the following method: multipole-gradient
Induction Parameters:
    Functional Form = 
	E(ind)_ij = shell_charge - A*K2(rij)*(1 + a_yml*Y_ml)*exp(-bij*rij)
Fitted Atomtypes 
  None
Constrained Atomtypes 
               A        
CO2(0)        0.442563
               A        
CO(0)        0.128564
               A        
O(0)         0.000000
               A        
HT7(0)        0.129679
               A        
HO1(0)        0.089763
               A        
OH1(0)        0.000000
               A        
HT8(0)        0.096637
------------
Induction RMS Error: 1.23868e-04
Induction Weighted RMS Error: 6.52847e-05
Induction Weighted Absolute Error: -5.50932e-06
Induction Weighted Least-Squares Error: 7.61766e-06
--------------------------------------------
DHF Parameters:
    Functional Form = 
	E(dhf)_ij = - A*K2(rij)*(1 + a_yml*Y_ml)*exp(-bij*rij)
Fitted Atomtypes 
  None
Constrained Atomtypes 
               A        
CO2(0)        0.000000
               A        
CO(0)        0.000000
               A        
O(0)         0.893574
               A        
HT7(0)        0.223485
               A        
HO1(0)        0.053691
               A        
OH1(0)        0.909228
               A        
HT8(0)        0.230543
------------
Dhf RMS Error: 7.93236e-05
Dhf Weighted RMS Error: 2.93772e-05
Dhf Weighted Absolute Error: 3.24032e-06
Dhf Weighted Least-Squares Error: 3.15052e-06
--------------------------------------------
Dispersion Parameters:
    Functional Form = 
	E(disp)_ij = sum_(n=6,8,10,12){A*fdamp_n*(Cij_n/r_ij^n)}
               C6              C8             C10             C12       
CO2          4.847096       18.798288       63.256519      202.859856
CO           4.847096       18.798288       63.256519      202.859856
O            3.497808       16.327053       81.333632      354.498305
HT7          1.498389        6.488268       33.240608        0.000000
HO1          1.275466        4.018693       30.302404        0.000000
OH1          3.819955       17.890308       89.856938      392.757676
HT8          1.498389        6.488268       33.240608        0.000000
Fitted Atomtypes 
  None
Constrained Atomtypes 
               A        
CO2(0)        1.000000
               A        
CO(0)        1.000000
               A        
O(0)         1.000000
               A        
HT7(0)        1.000000
               A        
HO1(0)        1.000000
               A        
OH1(0)        1.000000
               A        
HT8(0)        1.000000
------------
Dispersion RMS Error: 2.32889e-04
Dispersion Weighted RMS Error: 1.08985e-04
Dispersion Weighted Absolute Error: -1.60096e-05
Dispersion Weighted Least-Squares Error: 3.20004e-05
--------------------------------------------
Total Energy:
------------
Total Energy RMS Error: 6.64505e-04
Total Energy Weighted RMS Error: 2.39473e-04
Total Energy Weighted Absolute Error: -1.92274e-05
Total Energy Weighted Least-Squares Error: 1.62530e-04
--------------------------------------------
#########################################################################


