########################## FF Fitting Summary ###########################
--------------------------------------------
Program Version: 1.1.0
Short-range Functional Form: born-mayer
Combination Rules: aij = geometric
                   bij = geometric_mean
Electrostatic Damping Type: None
Thole Param: 0.39
Fitting weight: eff_mu = 0.0 Ha
                eff_kt = 0.0335 Ha
Weighted RMSE cutoff: 0.0 Ha
Anisotropic Atomtypes: None
All parameters have been radially corrected to account for Slater overlap
This radial correction is approximate, and is only rigorous for the case where bi = bj.
------------
Exponents (Optimized):
CO2(0)     2.004158
CO(0)      1.707861
O(0)       2.646597
HT7(0)     2.251074
HO1(0)     2.175212
OH1(0)     2.066076
HT8(0)     2.457516
------------
Monomer 1 Multipole File:
dimethyl_ether_ISA-GRID_L2.mom
Monomer 2 Multipole File:
methanol_ISA-GRID_L2.mom
--------------------------------------------
Exchange Parameters:
    Functional Form = 
	E(exch)_ij = A*K2(rij)*(1 + a_yml*Y_ml)*exp(-bij*rij)
    where the a coefficient for each spherical harmonic term Y_ml
    is listed in the parameters below and 
	K2(rij) = 1/3*(bij*rij)**2 + bij*rij + 1 
Fitted Atomtypes 
               A        
CO2(0)        2.678454
               A        
CO(0)        0.655692
               A        
O(0)         4.087707
               A        
HT7(0)        0.427585
               A        
HO1(0)        0.352040
               A        
OH1(0)        3.410780
               A        
HT8(0)        1.280919
Constrained Atomtypes 
  None
------------
Exchange RMS Error: 1.06552e-03
Exchange Weighted RMS Error: 4.03308e-04
Exchange Weighted Absolute Error: -4.72688e-05
Exchange Weighted Least-Squares Error: 3.41268e-04
--------------------------------------------
Electrostatic Parameters:
    Functional Form = 
	E(elst)_ij = f_damp*qi*qj/rij - A*K2(rij)*(1 + a_yml*Y_ml)*exp(-bij*rij)
Fitted Atomtypes 
               A        
CO2(0)        1.516225
               A        
CO(0)        0.410611
               A        
O(0)         2.692143
               A        
HT7(0)        0.227029
               A        
HO1(0)        0.114940
               A        
OH1(0)        2.149183
               A        
HT8(0)        0.631866
Constrained Atomtypes 
  None
------------
Electrostatics RMS Error: 4.34142e-04
Electrostatics Weighted RMS Error: 1.91822e-04
Electrostatics Weighted Absolute Error: 2.31774e-05
Electrostatics Weighted Least-Squares Error: 1.00179e-04
--------------------------------------------
Drude oscillator energy has been calculated using the following method: multipole-gradient
Induction Parameters:
    Functional Form = 
	E(ind)_ij = shell_charge - A*K2(rij)*(1 + a_yml*Y_ml)*exp(-bij*rij)
Fitted Atomtypes 
               A        
CO2(0)        0.546718
               A        
CO(0)        0.003114
               A        
O(0)         0.068717
               A        
HT7(0)        0.029057
               A        
HO1(0)        0.674449
               A        
OH1(0)        0.000000
               A        
HT8(0)        0.909059
Constrained Atomtypes 
  None
------------
Induction RMS Error: 1.19633e-04
Induction Weighted RMS Error: 5.43769e-05
Induction Weighted Absolute Error: -3.44641e-06
Induction Weighted Least-Squares Error: 6.92083e-06
--------------------------------------------
DHF Parameters:
    Functional Form = 
	E(dhf)_ij = - A*K2(rij)*(1 + a_yml*Y_ml)*exp(-bij*rij)
Fitted Atomtypes 
               A        
CO2(0)        0.000000
               A        
CO(0)        0.000100
               A        
O(0)         0.587985
               A        
HT7(0)        0.082667
               A        
HO1(0)        0.224511
               A        
OH1(0)        1.494530
               A        
HT8(0)        0.835907
Constrained Atomtypes 
  None
------------
Dhf RMS Error: 7.66747e-05
Dhf Weighted RMS Error: 2.53903e-05
Dhf Weighted Absolute Error: 1.21266e-06
Dhf Weighted Least-Squares Error: 2.85221e-06
--------------------------------------------
Dispersion Parameters:
    Functional Form = 
	E(disp)_ij = sum_(n=6,8,10,12){A*fdamp_n*(Cij_n/r_ij^n)}
               C6              C8             C10             C12       
CO2          4.847096       18.798288       63.256519      202.859856
CO           4.847096       18.798288       63.256519      202.859856
O            3.497808       16.327053       81.333632      354.498305
HT7          1.498389        6.488268       33.240608        0.000000
HO1          1.275466        4.018693       30.302404        0.000000
OH1          3.819955       17.890308       89.856938      392.757676
HT8          1.498389        6.488268       33.240608        0.000000
Fitted Atomtypes 
               A        
CO2(0)        1.000000
               A        
CO(0)        1.000000
               A        
O(0)         1.000000
               A        
HT7(0)        1.000000
               A        
HO1(0)        1.000000
               A        
OH1(0)        1.000000
               A        
HT8(0)        1.000000
Constrained Atomtypes 
  None
------------
Dispersion RMS Error: 3.57165e-04
Dispersion Weighted RMS Error: 1.59789e-04
Dispersion Weighted Absolute Error: -2.26044e-06
Dispersion Weighted Least-Squares Error: 6.72569e-05
--------------------------------------------
Total Energy:
------------
Total Energy RMS Error: 6.56804e-04
Total Energy Weighted RMS Error: 2.60175e-04
Total Energy Weighted Absolute Error: -2.85856e-05
Total Energy Weighted Least-Squares Error: 1.84593e-04
--------------------------------------------
#########################################################################


