########################## FF Fitting Summary ###########################
--------------------------------------------
Program Version: 1.1.0
Short-range Functional Form: born-mayer
Combination Rules: aij = geometric
                   bij = geometric_mean
Electrostatic Damping Type: None
Thole Param: 0.39
Fitting weight: eff_mu = 0.0 Ha
                eff_kt = 0.0134 Ha
Weighted RMSE cutoff: 0.0 Ha
Anisotropic Atomtypes: None
All parameters have been radially corrected to account for Slater overlap
This radial correction is approximate, and is only rigorous for the case where bi = bj.
------------
Exponents:
CO2(0)     2.055636
CO(0)      1.933594
O(0)       2.319445
HT7(0)     2.236386
HO1(0)     1.963706
OH1(0)     2.332931
HT8(0)     2.282453
------------
Monomer 1 Multipole File:
dimethyl_ether_ISA-GRID_L0.mom
Monomer 2 Multipole File:
methanol_ISA-GRID_L0.mom
--------------------------------------------
Exchange Parameters:
    Functional Form = 
	E(exch)_ij = A*K2(rij)*(1 + a_yml*Y_ml)*exp(-bij*rij)
    where the a coefficient for each spherical harmonic term Y_ml
    is listed in the parameters below and 
	K2(rij) = 1/3*(bij*rij)**2 + bij*rij + 1 
Fitted Atomtypes 
  None
Constrained Atomtypes 
               A        
CO2(0)        1.875871
               A        
CO(0)        1.553522
               A        
O(0)         3.388801
               A        
HT7(0)        0.636992
               A        
HO1(0)        0.156397
               A        
OH1(0)        4.063486
               A        
HT8(0)        0.657359
------------
Exchange RMS Error: 1.16223e-03
Exchange Weighted RMS Error: 1.16223e-03
Exchange Weighted Absolute Error: -1.39510e-05
Exchange Weighted Least-Squares Error: 1.97991e-04
--------------------------------------------
Electrostatic Parameters:
    Functional Form = 
	E(elst)_ij = f_damp*qi*qj/rij - A*K2(rij)*(1 + a_yml*Y_ml)*exp(-bij*rij)
Fitted Atomtypes 
  None
Constrained Atomtypes 
               A        
CO2(0)        1.003465
               A        
CO(0)        0.955147
               A        
O(0)         2.160338
               A        
HT7(0)        0.334068
               A        
HO1(0)        0.051760
               A        
OH1(0)        2.587006
               A        
HT8(0)        0.357994
------------
Electrostatics RMS Error: 6.63764e-04
Electrostatics Weighted RMS Error: 6.63764e-04
Electrostatics Weighted Absolute Error: -6.32495e-05
Electrostatics Weighted Least-Squares Error: 2.55063e-04
--------------------------------------------
Drude oscillator energy has been calculated using the following method: multipole-gradient
Induction Parameters:
    Functional Form = 
	E(ind)_ij = shell_charge - A*K2(rij)*(1 + a_yml*Y_ml)*exp(-bij*rij)
Fitted Atomtypes 
  None
Constrained Atomtypes 
               A        
CO2(0)        0.352660
               A        
CO(0)        0.010184
               A        
O(0)         0.360545
               A        
HT7(0)        0.148413
               A        
HO1(0)        0.124678
               A        
OH1(0)        0.058639
               A        
HT8(0)        0.094641
------------
Induction RMS Error: 1.04137e-04
Induction Weighted RMS Error: 1.04137e-04
Induction Weighted Absolute Error: -8.11610e-06
Induction Weighted Least-Squares Error: 5.37732e-06
--------------------------------------------
DHF Parameters:
    Functional Form = 
	E(dhf)_ij = - A*K2(rij)*(1 + a_yml*Y_ml)*exp(-bij*rij)
Fitted Atomtypes 
  None
Constrained Atomtypes 
               A        
CO2(0)        0.000000
               A        
CO(0)        0.000000
               A        
O(0)         0.894831
               A        
HT7(0)        0.223783
               A        
HO1(0)        0.054417
               A        
OH1(0)        0.903899
               A        
HT8(0)        0.230271
------------
Dhf RMS Error: 7.87590e-05
Dhf Weighted RMS Error: 7.87590e-05
Dhf Weighted Absolute Error: 1.65950e-06
Dhf Weighted Least-Squares Error: 3.10673e-06
--------------------------------------------
Dispersion Parameters:
    Functional Form = 
	E(disp)_ij = sum_(n=6,8,10,12){A*fdamp_n*(Cij_n/r_ij^n)}
               C6              C8             C10             C12       
CO2          4.847096       18.798288       63.256519      202.859856
CO           4.847096       18.798288       63.256519      202.859856
O            3.497808       16.327053       81.333632      354.498305
HT7          1.498389        6.488268       33.240608        0.000000
HO1          1.275466        4.018693       30.302404        0.000000
OH1          3.819955       17.890308       89.856938      392.757676
HT8          1.498389        6.488268       33.240608        0.000000
Fitted Atomtypes 
  None
Constrained Atomtypes 
               A        
CO2(0)        0.700000
               A        
CO(0)        0.763818
               A        
O(0)         1.145073
               A        
HT7(0)        1.128395
               A        
HO1(0)        0.878621
               A        
OH1(0)        1.134794
               A        
HT8(0)        1.081173
------------
Dispersion RMS Error: 1.45283e-04
Dispersion Weighted RMS Error: 1.45283e-04
Dispersion Weighted Absolute Error: -3.06984e-06
Dispersion Weighted Least-Squares Error: 1.26507e-05
--------------------------------------------
Total Energy:
------------
Total Energy RMS Error: 9.32474e-04
Total Energy Weighted RMS Error: 9.32474e-04
Total Energy Weighted Absolute Error: -8.67270e-05
Total Energy Weighted Least-Squares Error: 3.39870e-04
--------------------------------------------
#########################################################################


