########################## FF Fitting Summary ###########################
--------------------------------------------
Program Version: 1.1.0
Short-range Functional Form: born-mayer
Combination Rules: aij = geometric
                   bij = geometric_mean
Electrostatic Damping Type: None
Thole Param: 0.39
Fitting weight: eff_mu = 0.0 Ha
                eff_kt = 0.0076 Ha
Weighted RMSE cutoff: 0.0 Ha
Anisotropic Atomtypes: HM   HO   CM   OH   
All parameters have been radially corrected to account for Slater overlap
This radial correction is approximate, and is only rigorous for the case where bi = bj.
------------
Exponents:
CO1(0)     2.281648
CM(0)      1.817015
OH(0)      2.217384
CT3(0)     2.201202
HT3(0)     2.108033
HO(0)      2.530438
HM(0)      2.464510
------------
Monomer 1 Multipole File:
ethanol_ISA-GRID_L2.mom
Monomer 2 Multipole File:
ethene_ISA-GRID_L2.mom
--------------------------------------------
Exchange Parameters:
    Functional Form = 
	E(exch)_ij = A*K2(rij)*(1 + a_yml*Y_ml)*exp(-bij*rij)
    where the a coefficient for each spherical harmonic term Y_ml
    is listed in the parameters below and 
	K2(rij) = 1/3*(bij*rij)**2 + bij*rij + 1 
Fitted Atomtypes 
  None
Constrained Atomtypes 
               A        
CO1(0)        3.368483
               A             a_y22c     
CM(0)        1.904279       -0.256017
               A             a_y10           a_y20           a_y22c     
OH(0)        1.637005       -1.000000       -0.019722       -0.994158
               A        
CT3(0)        3.419333
               A        
HT3(0)        0.488420
               A             a_y10           a_y20      
HO(0)        1.318171        0.655765        0.138145
               A             a_y10           a_y20      
HM(0)        0.476418       -1.000000       -0.417119
------------
Exchange RMS Error: 6.77710e-04
Exchange Weighted RMS Error: 2.51942e-04
Exchange Weighted Absolute Error: 4.12751e-05
Exchange Weighted Least-Squares Error: 3.47587e-05
--------------------------------------------
Electrostatic Parameters:
    Functional Form = 
	E(elst)_ij = f_damp*qi*qj/rij - A*K2(rij)*(1 + a_yml*Y_ml)*exp(-bij*rij)
Fitted Atomtypes 
  None
Constrained Atomtypes 
               A        
CO1(0)        2.430429
               A             a_y22c     
CM(0)        1.382331       -0.108491
               A             a_y10           a_y20           a_y22c     
OH(0)        1.093803       -0.888611       -0.045701       -1.000000
               A        
CT3(0)        2.114795
               A        
HT3(0)        0.238557
               A             a_y10           a_y20      
HO(0)        0.843400        0.974642        0.295589
               A             a_y10           a_y20      
HM(0)        0.144313       -1.000000       -0.079034
------------
Electrostatics RMS Error: 2.57323e-04
Electrostatics Weighted RMS Error: 1.07479e-04
Electrostatics Weighted Absolute Error: -5.23319e-07
Electrostatics Weighted Least-Squares Error: 4.78118e-05
--------------------------------------------
Drude oscillator energy has been calculated using the following method: multipole-gradient
Induction Parameters:
    Functional Form = 
	E(ind)_ij = shell_charge - A*K2(rij)*(1 + a_yml*Y_ml)*exp(-bij*rij)
Fitted Atomtypes 
  None
Constrained Atomtypes 
               A        
CO1(0)        0.506190
               A             a_y22c     
CM(0)        0.288313       -0.132974
               A             a_y10           a_y20           a_y22c     
OH(0)        0.000000        0.329641       -0.081524        0.114269
               A        
CT3(0)        0.302844
               A        
HT3(0)        0.091465
               A             a_y10           a_y20      
HO(0)        0.144820       -1.000000       -0.875845
               A             a_y10           a_y20      
HM(0)        0.217523        1.000000        1.000000
------------
Induction RMS Error: 8.65762e-05
Induction Weighted RMS Error: 5.27196e-05
Induction Weighted Absolute Error: -7.20264e-06
Induction Weighted Least-Squares Error: 3.95104e-06
--------------------------------------------
DHF Parameters:
    Functional Form = 
	E(dhf)_ij = - A*K2(rij)*(1 + a_yml*Y_ml)*exp(-bij*rij)
Fitted Atomtypes 
  None
Constrained Atomtypes 
               A        
CO1(0)        0.019216
               A             a_y22c     
CM(0)        0.313904       -0.661916
               A             a_y10           a_y20           a_y22c     
OH(0)        0.414648       -1.000000       -0.162284       -0.590865
               A        
CT3(0)        0.129416
               A        
HT3(0)        0.179148
               A             a_y10           a_y20      
HO(0)        0.295698        0.564217        0.500180
               A             a_y10           a_y20      
HM(0)        0.300836       -0.014590       -0.028413
------------
Dhf RMS Error: 1.64879e-04
Dhf Weighted RMS Error: 7.22610e-05
Dhf Weighted Absolute Error: -9.19074e-06
Dhf Weighted Least-Squares Error: 1.48965e-05
--------------------------------------------
Dispersion Parameters:
    Functional Form = 
	E(disp)_ij = sum_(n=6,8,10,12){A*fdamp_n*(Cij_n/r_ij^n)}
               C6              C8             C10             C12       
CO1          4.847096       18.798288       63.256519      202.859856
CM           5.544423       23.289281      120.277772      510.393921
CT3          4.847096       18.798288       63.256519      202.859856
OH           3.819955       17.890308       89.856938      392.757676
HT3          1.498389        6.488268       33.240608        0.000000
HO           1.275466        4.018693       30.302404        0.000000
HM           1.512843        6.550977       33.561806      144.894964
Fitted Atomtypes 
  None
Constrained Atomtypes 
               A        
CO1(0)        1.000000
               A             a_y22c     
CM(0)        1.000000       -0.210567
               A             a_y10           a_y20           a_y22c     
OH(0)        1.000000       -0.119585        0.042468       -0.036605
               A        
CT3(0)        1.000000
               A        
HT3(0)        1.000000
               A             a_y10           a_y20      
HO(0)        1.000000        0.362878        0.127960
               A             a_y10           a_y20      
HM(0)        1.000000        0.282113        0.173372
------------
Dispersion RMS Error: 1.65492e-04
Dispersion Weighted RMS Error: 7.35374e-05
Dispersion Weighted Absolute Error: -3.21040e-05
Dispersion Weighted Least-Squares Error: 1.97722e-05
--------------------------------------------
Total Energy:
------------
Total Energy RMS Error: 4.58440e-04
Total Energy Weighted RMS Error: 1.51136e-04
Total Energy Weighted Absolute Error: -7.74555e-06
Total Energy Weighted Least-Squares Error: 6.53878e-05
--------------------------------------------
#########################################################################


