########################## FF Fitting Summary ###########################
--------------------------------------------
Program Version: 1.1.0
Short-range Functional Form: born-mayer
Combination Rules: aij = geometric
                   bij = geometric_mean
Electrostatic Damping Type: None
Thole Param: 0.39
Fitting weight: eff_mu = 0.0 Ha
                eff_kt = 0.0191 Ha
Weighted RMSE cutoff: 0.0 Ha
Anisotropic Atomtypes: None
All parameters have been radially corrected to account for Slater overlap
This radial correction is approximate, and is only rigorous for the case where bi = bj.
------------
Exponents (Optimized):
CO1(0)     2.152152
CM(0)      1.754738
OH(0)      2.182737
CT3(0)     2.331460
HT3(0)     2.086863
HO(0)      2.224856
HM(0)      2.772192
------------
Monomer 1 Multipole File:
ethanol_ISA-GRID_L2.mom
Monomer 2 Multipole File:
ethene_ISA-GRID_L2.mom
--------------------------------------------
Exchange Parameters:
    Functional Form = 
	E(exch)_ij = A*K2(rij)*(1 + a_yml*Y_ml)*exp(-bij*rij)
    where the a coefficient for each spherical harmonic term Y_ml
    is listed in the parameters below and 
	K2(rij) = 1/3*(bij*rij)**2 + bij*rij + 1 
Fitted Atomtypes 
               A        
CO1(0)        1.534121
               A        
CM(0)        2.787697
               A        
OH(0)        2.031724
               A        
CT3(0)        3.189528
               A        
HT3(0)        0.311117
               A        
HO(0)        0.174317
               A        
HM(0)        1.474826
Constrained Atomtypes 
  None
------------
Exchange RMS Error: 7.53582e-04
Exchange Weighted RMS Error: 2.91880e-04
Exchange Weighted Absolute Error: 2.43972e-05
Exchange Weighted Least-Squares Error: 1.34216e-04
--------------------------------------------
Electrostatic Parameters:
    Functional Form = 
	E(elst)_ij = f_damp*qi*qj/rij - A*K2(rij)*(1 + a_yml*Y_ml)*exp(-bij*rij)
Fitted Atomtypes 
               A        
CO1(0)        1.279399
               A        
CM(0)        1.702028
               A        
OH(0)        1.499609
               A        
CT3(0)        2.225901
               A        
HT3(0)        0.155815
               A        
HO(0)        0.041890
               A        
HM(0)        0.463742
Constrained Atomtypes 
  None
------------
Electrostatics RMS Error: 3.45037e-04
Electrostatics Weighted RMS Error: 1.35140e-04
Electrostatics Weighted Absolute Error: 1.20184e-05
Electrostatics Weighted Least-Squares Error: 7.21458e-05
--------------------------------------------
Drude oscillator energy has been calculated using the following method: multipole-gradient
Induction Parameters:
    Functional Form = 
	E(ind)_ij = shell_charge - A*K2(rij)*(1 + a_yml*Y_ml)*exp(-bij*rij)
Fitted Atomtypes 
               A        
CO1(0)        0.608834
               A        
CM(0)        0.068593
               A        
OH(0)        0.000000
               A        
CT3(0)        1.410693
               A        
HT3(0)        0.361951
               A        
HO(0)        0.693329
               A        
HM(0)        0.047062
Constrained Atomtypes 
  None
------------
Induction RMS Error: 8.01397e-05
Induction Weighted RMS Error: 4.18703e-05
Induction Weighted Absolute Error: -7.24143e-07
Induction Weighted Least-Squares Error: 3.24084e-06
--------------------------------------------
DHF Parameters:
    Functional Form = 
	E(dhf)_ij = - A*K2(rij)*(1 + a_yml*Y_ml)*exp(-bij*rij)
Fitted Atomtypes 
               A        
CO1(0)        0.236134
               A        
CM(0)        0.133235
               A        
OH(0)        2.600891
               A        
CT3(0)        0.000000
               A        
HT3(0)        0.647718
               A        
HO(0)        0.453582
               A        
HM(0)        0.067184
Constrained Atomtypes 
  None
------------
Dhf RMS Error: 1.51396e-04
Dhf Weighted RMS Error: 5.71664e-05
Dhf Weighted Absolute Error: -6.66478e-06
Dhf Weighted Least-Squares Error: 1.17646e-05
--------------------------------------------
Dispersion Parameters:
    Functional Form = 
	E(disp)_ij = sum_(n=6,8,10,12){A*fdamp_n*(Cij_n/r_ij^n)}
               C6              C8             C10             C12       
CO1          4.847096       18.798288       63.256519      202.859856
CM           5.544423       23.289281      120.277772      510.393921
OH           3.819955       17.890308       89.856938      392.757676
CT3          4.847096       18.798288       63.256519      202.859856
HT3          1.498389        6.488268       33.240608        0.000000
HO           1.275466        4.018693       30.302404        0.000000
HM           1.512843        6.550977       33.561806      144.894964
Fitted Atomtypes 
               A        
CO1(0)        1.000000
               A        
CM(0)        1.000000
               A        
OH(0)        1.000000
               A        
CT3(0)        1.000000
               A        
HT3(0)        1.000000
               A        
HO(0)        1.000000
               A        
HM(0)        1.000000
Constrained Atomtypes 
  None
------------
Dispersion RMS Error: 5.59203e-04
Dispersion Weighted RMS Error: 2.72314e-04
Dispersion Weighted Absolute Error: 9.06550e-05
Dispersion Weighted Least-Squares Error: 1.83272e-04
--------------------------------------------
Total Energy:
------------
Total Energy RMS Error: 5.82293e-04
Total Energy Weighted RMS Error: 2.95373e-04
Total Energy Weighted Absolute Error: 1.19682e-04
Total Energy Weighted Least-Squares Error: 1.55638e-04
--------------------------------------------
#########################################################################


