########################## FF Fitting Summary ###########################
--------------------------------------------
Program Version: 1.1.0
Short-range Functional Form: born-mayer
Combination Rules: aij = geometric
                   bij = geometric_mean
Electrostatic Damping Type: None
Thole Param: 0.39
Fitting weight: eff_mu = 0.0 Ha
                eff_kt = 0.0161 Ha
Weighted RMSE cutoff: 0.0 Ha
Anisotropic Atomtypes: N    HN   OH1  HO1  
All parameters have been radially corrected to account for Slater overlap
This radial correction is approximate, and is only rigorous for the case where bi = bj.
------------
Exponents:
CO2(0)     1.934374
N(0)       1.935779
HN(0)      2.492792
HO1(0)     2.357647
OH1(0)     2.288306
HT8(0)     2.366434
------------
Monomer 1 Multipole File:
methanol_ISA-GRID_L2.mom
Monomer 2 Multipole File:
nh3_ISA-GRID_L2.mom
--------------------------------------------
Exchange Parameters:
    Functional Form = 
	E(exch)_ij = A*K2(rij)*(1 + a_yml*Y_ml)*exp(-bij*rij)
    where the a coefficient for each spherical harmonic term Y_ml
    is listed in the parameters below and 
	K2(rij) = 1/3*(bij*rij)**2 + bij*rij + 1 
Fitted Atomtypes 
  None
Constrained Atomtypes 
               A        
CO2(0)        1.725992
               A             a_y10           a_y20      
N(0)         2.373201       -0.005339        0.434163
               A             a_y10           a_y20      
HN(0)        0.608786        0.038133       -0.050896
               A             a_y10           a_y20      
HO1(0)        0.551732       -0.011876       -0.296572
               A             a_y10           a_y20           a_y22c     
OH1(0)        2.206147       -0.791455       -0.105146       -0.699677
               A        
HT8(0)        0.737563
------------
Exchange RMS Error: 6.07453e-04
Exchange Weighted RMS Error: 1.99720e-04
Exchange Weighted Absolute Error: 3.64475e-05
Exchange Weighted Least-Squares Error: 6.00235e-05
--------------------------------------------
Electrostatic Parameters:
    Functional Form = 
	E(elst)_ij = f_damp*qi*qj/rij - A*K2(rij)*(1 + a_yml*Y_ml)*exp(-bij*rij)
Fitted Atomtypes 
  None
Constrained Atomtypes 
               A        
CO2(0)        1.018840
               A             a_y10           a_y20      
N(0)         1.844774        0.120323        0.399345
               A             a_y10           a_y20      
HN(0)        0.185500        0.624195        0.448310
               A             a_y10           a_y20      
HO1(0)        0.290235        0.328802       -0.172728
               A             a_y10           a_y20           a_y22c     
OH1(0)        1.521880       -0.626924       -0.099185       -0.682325
               A        
HT8(0)        0.379974
------------
Electrostatics RMS Error: 3.29356e-04
Electrostatics Weighted RMS Error: 1.27549e-04
Electrostatics Weighted Absolute Error: -1.03749e-06
Electrostatics Weighted Least-Squares Error: 6.49702e-05
--------------------------------------------
Drude oscillator energy has been calculated using the following method: multipole-gradient
Induction Parameters:
    Functional Form = 
	E(ind)_ij = shell_charge - A*K2(rij)*(1 + a_yml*Y_ml)*exp(-bij*rij)
Fitted Atomtypes 
  None
Constrained Atomtypes 
               A        
CO2(0)        0.213812
               A             a_y10           a_y20      
N(0)         0.000000        0.497121       -0.604139
               A             a_y10           a_y20      
HN(0)        0.338537        0.808333        0.445368
               A             a_y10           a_y20      
HO1(0)        0.080170       -1.000000        1.000000
               A             a_y10           a_y20           a_y22c     
OH1(0)        0.377586        1.000000       -0.029897        0.768942
               A        
HT8(0)        0.120205
------------
Induction RMS Error: 1.40173e-04
Induction Weighted RMS Error: 8.10960e-05
Induction Weighted Absolute Error: -1.91341e-05
Induction Weighted Least-Squares Error: 9.85402e-06
--------------------------------------------
DHF Parameters:
    Functional Form = 
	E(dhf)_ij = - A*K2(rij)*(1 + a_yml*Y_ml)*exp(-bij*rij)
Fitted Atomtypes 
  None
Constrained Atomtypes 
               A        
CO2(0)        0.020859
               A             a_y10           a_y20      
N(0)         0.434665       -0.308669        0.426519
               A             a_y10           a_y20      
HN(0)        0.136424       -1.000000        0.004776
               A             a_y10           a_y20      
HO1(0)        0.105064       -0.500594        0.336370
               A             a_y10           a_y20           a_y22c     
OH1(0)        0.547807       -1.000000       -0.322905       -0.444504
               A        
HT8(0)        0.269480
------------
Dhf RMS Error: 1.13737e-04
Dhf Weighted RMS Error: 4.78454e-05
Dhf Weighted Absolute Error: -3.69827e-06
Dhf Weighted Least-Squares Error: 6.46017e-06
--------------------------------------------
Dispersion Parameters:
    Functional Form = 
	E(disp)_ij = sum_(n=6,8,10,12){A*fdamp_n*(Cij_n/r_ij^n)}
               C6              C8             C10             C12       
CO2          4.847096       18.798288       63.256519      202.859856
N            4.878202       25.576829      142.574149      704.112767
HN           1.306964        4.117935       31.050725        0.000000
HO1          1.275466        4.018693       30.302404        0.000000
OH1          3.819955       17.890308       89.856938      392.757676
HT8          1.498389        6.488268       33.240608        0.000000
Fitted Atomtypes 
  None
Constrained Atomtypes 
               A        
CO2(0)        1.000000
               A             a_y10           a_y20      
N(0)         1.000000       -0.143468        0.247158
               A             a_y10           a_y20      
HN(0)        1.000000        0.291263        0.156676
               A             a_y10           a_y20      
HO1(0)        1.000000        0.484677        0.217595
               A             a_y10           a_y20           a_y22c     
OH1(0)        1.000000       -0.041451        0.078766       -0.004428
               A        
HT8(0)        1.000000
------------
Dispersion RMS Error: 1.44048e-04
Dispersion Weighted RMS Error: 8.08773e-05
Dispersion Weighted Absolute Error: -1.45459e-05
Dispersion Weighted Least-Squares Error: 1.16231e-05
--------------------------------------------
Total Energy:
------------
Total Energy RMS Error: 4.53742e-04
Total Energy Weighted RMS Error: 1.71783e-04
Total Energy Weighted Absolute Error: -1.96832e-06
Total Energy Weighted Least-Squares Error: 7.09701e-05
--------------------------------------------
#########################################################################


