########################## FF Fitting Summary ###########################
--------------------------------------------
Program Version: 1.1.0
Short-range Functional Form: born-mayer
Combination Rules: aij = geometric
                   bij = geometric_mean
Electrostatic Damping Type: None
Thole Param: 0.39
Fitting weight: eff_mu = 0.0 Ha
                eff_kt = 0.0161 Ha
Weighted RMSE cutoff: 0.0 Ha
Anisotropic Atomtypes: N    HN   OH1  HO1  
All parameters have been radially corrected to account for Slater overlap
This radial correction is approximate, and is only rigorous for the case where bi = bj.
------------
Exponents:
CO2(0)     1.934374
N(0)       1.935779
HN(0)      2.492792
HO1(0)     2.357647
OH1(0)     2.288306
HT8(0)     2.366434
------------
Monomer 1 Multipole File:
methanol_ISA-GRID_L2.mom
Monomer 2 Multipole File:
nh3_ISA-GRID_L2.mom
--------------------------------------------
Exchange Parameters:
    Functional Form = 
	E(exch)_ij = A*K2(rij)*(1 + a_yml*Y_ml)*exp(-bij*rij)
    where the a coefficient for each spherical harmonic term Y_ml
    is listed in the parameters below and 
	K2(rij) = 1/3*(bij*rij)**2 + bij*rij + 1 
Fitted Atomtypes 
  None
Constrained Atomtypes 
               A        
CO2(0)        1.725992
               A             a_y10           a_y20      
N(0)         2.373201       -0.005339        0.434163
               A             a_y10           a_y20      
HN(0)        0.608786        0.038133       -0.050896
               A             a_y10           a_y20      
HO1(0)        0.551732       -0.011876       -0.296572
               A             a_y10           a_y20           a_y22c     
OH1(0)        2.206147       -0.791455       -0.105146       -0.699677
               A        
HT8(0)        0.737563
------------
Exchange RMS Error: 6.07453e-04
Exchange Weighted RMS Error: 6.07453e-04
Exchange Weighted Absolute Error: 3.64475e-05
Exchange Weighted Least-Squares Error: 6.00235e-05
--------------------------------------------
Electrostatic Parameters:
    Functional Form = 
	E(elst)_ij = f_damp*qi*qj/rij - A*K2(rij)*(1 + a_yml*Y_ml)*exp(-bij*rij)
Fitted Atomtypes 
  None
Constrained Atomtypes 
               A        
CO2(0)        1.018840
               A             a_y10           a_y20      
N(0)         1.844774        0.120323        0.399345
               A             a_y10           a_y20      
HN(0)        0.185500        0.624195        0.448310
               A             a_y10           a_y20      
HO1(0)        0.290235        0.328802       -0.172728
               A             a_y10           a_y20           a_y22c     
OH1(0)        1.521880       -0.626924       -0.099185       -0.682325
               A        
HT8(0)        0.379974
------------
Electrostatics RMS Error: 3.29356e-04
Electrostatics Weighted RMS Error: 3.29356e-04
Electrostatics Weighted Absolute Error: -1.03749e-06
Electrostatics Weighted Least-Squares Error: 6.49702e-05
--------------------------------------------
Drude oscillator energy has been calculated using the following method: multipole-gradient
Induction Parameters:
    Functional Form = 
	E(ind)_ij = shell_charge - A*K2(rij)*(1 + a_yml*Y_ml)*exp(-bij*rij)
Fitted Atomtypes 
  None
Constrained Atomtypes 
               A        
CO2(0)        0.213812
               A             a_y10           a_y20      
N(0)         0.000000        0.497124       -0.604145
               A             a_y10           a_y20      
HN(0)        0.338538        0.808333        0.445368
               A             a_y10           a_y20      
HO1(0)        0.080170       -1.000000        1.000000
               A             a_y10           a_y20           a_y22c     
OH1(0)        0.377586        1.000000       -0.029896        0.768942
               A        
HT8(0)        0.120205
------------
Induction RMS Error: 1.40173e-04
Induction Weighted RMS Error: 1.40173e-04
Induction Weighted Absolute Error: -1.91340e-05
Induction Weighted Least-Squares Error: 9.85402e-06
--------------------------------------------
DHF Parameters:
    Functional Form = 
	E(dhf)_ij = - A*K2(rij)*(1 + a_yml*Y_ml)*exp(-bij*rij)
Fitted Atomtypes 
  None
Constrained Atomtypes 
               A        
CO2(0)        0.020855
               A             a_y10           a_y20      
N(0)         0.434659       -0.308693        0.426525
               A             a_y10           a_y20      
HN(0)        0.136426       -1.000000        0.004754
               A             a_y10           a_y20      
HO1(0)        0.105048       -0.500952        0.336282
               A             a_y10           a_y20           a_y22c     
OH1(0)        0.547807       -1.000000       -0.322900       -0.444537
               A        
HT8(0)        0.269481
------------
Dhf RMS Error: 1.13738e-04
Dhf Weighted RMS Error: 1.13738e-04
Dhf Weighted Absolute Error: -3.69846e-06
Dhf Weighted Least-Squares Error: 6.46032e-06
--------------------------------------------
Dispersion Parameters:
    Functional Form = 
	E(disp)_ij = sum_(n=6,8,10,12){A*fdamp_n*(Cij_n/r_ij^n)}
               C6              C8             C10             C12       
CO2          4.847096       18.798288       63.256519      202.859856
N            4.878202       25.576829      142.574149      704.112767
HN           1.306964        4.117935       31.050725        0.000000
HO1          1.275466        4.018693       30.302404        0.000000
OH1          3.819955       17.890308       89.856938      392.757676
HT8          1.498389        6.488268       33.240608        0.000000
Fitted Atomtypes 
  None
Constrained Atomtypes 
               A        
CO2(0)        0.969190
               A             a_y10           a_y20      
N(0)         1.205602       -0.047052        0.182657
               A             a_y10           a_y20      
HN(0)        0.772975        0.130971        0.129233
               A             a_y10           a_y20      
HO1(0)        0.700572       -0.631677       -0.347816
               A             a_y10           a_y20           a_y22c     
OH1(0)        0.911116       -0.338030        0.024016       -0.244322
               A        
HT8(0)        0.985958
------------
Dispersion RMS Error: 7.33818e-05
Dispersion Weighted RMS Error: 7.33818e-05
Dispersion Weighted Absolute Error: -2.03898e-05
Dispersion Weighted Least-Squares Error: 3.03605e-06
--------------------------------------------
Total Energy:
------------
Total Energy RMS Error: 4.07593e-04
Total Energy Weighted RMS Error: 4.07593e-04
Total Energy Weighted Absolute Error: -7.81235e-06
Total Energy Weighted Least-Squares Error: 5.65237e-05
--------------------------------------------
#########################################################################


