########################## FF Fitting Summary ###########################
--------------------------------------------
Program Version: 1.1.0
Short-range Functional Form: born-mayer
Combination Rules: aij = geometric
                   bij = geometric_mean
Electrostatic Damping Type: None
Thole Param: 0.39
Fitting weight: eff_mu = 0.0 Ha
                eff_kt = 0.0403 Ha
Weighted RMSE cutoff: 0.0 Ha
Anisotropic Atomtypes: N    HN   OH1  HO1  
All parameters have been radially corrected to account for Slater overlap
This radial correction is approximate, and is only rigorous for the case where bi = bj.
------------
Exponents (Optimized):
CO2(0)     2.141423
N(0)       1.964544
HN(0)      2.545850
HO1(0)     2.281440
OH1(0)     2.162480
HT8(0)     2.159539
------------
Monomer 1 Multipole File:
methanol_ISA-GRID_L2.mom
Monomer 2 Multipole File:
nh3_ISA-GRID_L2.mom
--------------------------------------------
Exchange Parameters:
    Functional Form = 
	E(exch)_ij = A*K2(rij)*(1 + a_yml*Y_ml)*exp(-bij*rij)
    where the a coefficient for each spherical harmonic term Y_ml
    is listed in the parameters below and 
	K2(rij) = 1/3*(bij*rij)**2 + bij*rij + 1 
Fitted Atomtypes 
               A        
CO2(0)        2.654338
               A        
HT8(0)        0.526648
               A             a_y10           a_y20      
N(0)         2.546257        0.014424        0.441866
               A             a_y10           a_y20      
HN(0)        0.797734        0.345158        0.140074
               A             a_y10           a_y20           a_y22c     
OH1(0)        1.656289       -0.733231       -0.002682       -0.744617
               A             a_y10           a_y20      
HO1(0)        0.593488        0.279694       -0.065141
Constrained Atomtypes 
  None
------------
Exchange RMS Error: 5.41245e-04
Exchange Weighted RMS Error: 5.41245e-04
Exchange Weighted Absolute Error: 1.63235e-05
Exchange Weighted Least-Squares Error: 9.22962e-05
--------------------------------------------
Electrostatic Parameters:
    Functional Form = 
	E(elst)_ij = f_damp*qi*qj/rij - A*K2(rij)*(1 + a_yml*Y_ml)*exp(-bij*rij)
Fitted Atomtypes 
               A        
CO2(0)        1.835195
               A        
HT8(0)        0.264270
               A             a_y10           a_y20      
N(0)         1.466948        0.040447        0.578318
               A             a_y10           a_y20      
HN(0)        0.545759        1.000000        0.455670
               A             a_y10           a_y20           a_y22c     
OH1(0)        1.380763       -0.381923        0.112879       -0.646668
               A             a_y10           a_y20      
HO1(0)        0.317961        0.684251        0.045668
Constrained Atomtypes 
  None
------------
Electrostatics RMS Error: 2.74112e-04
Electrostatics Weighted RMS Error: 2.74112e-04
Electrostatics Weighted Absolute Error: -6.38822e-07
Electrostatics Weighted Least-Squares Error: 3.91987e-05
--------------------------------------------
Drude oscillator energy has been calculated using the following method: multipole-gradient
Induction Parameters:
    Functional Form = 
	E(ind)_ij = shell_charge - A*K2(rij)*(1 + a_yml*Y_ml)*exp(-bij*rij)
Fitted Atomtypes 
               A        
CO2(0)        1.815453
               A        
HT8(0)        0.246136
               A             a_y10           a_y20      
N(0)         0.080036        0.559309       -0.386800
               A             a_y10           a_y20      
HN(0)        0.065928        1.000000        1.000000
               A             a_y10           a_y20           a_y22c     
OH1(0)        0.249894        1.000000        0.956506        1.000000
               A             a_y10           a_y20      
HO1(0)        0.516037       -1.000000       -0.421422
Constrained Atomtypes 
  None
------------
Induction RMS Error: 1.28980e-04
Induction Weighted RMS Error: 1.28980e-04
Induction Weighted Absolute Error: -1.39307e-05
Induction Weighted Least-Squares Error: 8.07757e-06
--------------------------------------------
DHF Parameters:
    Functional Form = 
	E(dhf)_ij = - A*K2(rij)*(1 + a_yml*Y_ml)*exp(-bij*rij)
Fitted Atomtypes 
               A        
CO2(0)        0.000000
               A        
HT8(0)        0.882483
               A             a_y10           a_y20      
N(0)         0.153708        0.017025        0.348285
               A             a_y10           a_y20      
HN(0)        0.022714       -1.000000        0.648971
               A             a_y10           a_y20           a_y22c     
OH1(0)        1.817533       -1.000000       -0.321364       -0.172771
               A             a_y10           a_y20      
HO1(0)        0.375697       -1.000000        0.368330
Constrained Atomtypes 
  None
------------
Dhf RMS Error: 8.21031e-05
Dhf Weighted RMS Error: 8.21031e-05
Dhf Weighted Absolute Error: 3.93200e-06
Dhf Weighted Least-Squares Error: 3.27180e-06
--------------------------------------------
Dispersion Parameters:
    Functional Form = 
	E(disp)_ij = sum_(n=6,8,10,12){A*fdamp_n*(Cij_n/r_ij^n)}
               C6              C8             C10             C12       
CO2          4.847096       18.798288       63.256519      202.859856
N            4.878202       25.576829      142.574149      704.112767
HN           1.306964        4.117935       31.050725        0.000000
HO1          1.275466        4.018693       30.302404        0.000000
OH1          3.819955       17.890308       89.856938      392.757676
HT8          1.498389        6.488268       33.240608        0.000000
Fitted Atomtypes 
               A        
CO2(0)        0.828064
               A        
HT8(0)        1.240192
               A             a_y10           a_y20      
N(0)         0.997054       -0.080992        0.218991
               A             a_y10           a_y20      
HN(0)        0.883893        0.316569        0.190688
               A             a_y10           a_y20           a_y22c     
OH1(0)        1.036127       -0.322920        0.035758       -0.261688
               A             a_y10           a_y20      
HO1(0)        0.757896       -0.664548       -0.365323
Constrained Atomtypes 
  None
------------
Dispersion RMS Error: 7.08355e-05
Dispersion Weighted RMS Error: 7.08355e-05
Dispersion Weighted Absolute Error: -1.05681e-05
Dispersion Weighted Least-Squares Error: 2.58240e-06
--------------------------------------------
Total Energy:
------------
Total Energy RMS Error: 3.35756e-04
Total Energy Weighted RMS Error: 3.35756e-04
Total Energy Weighted Absolute Error: -4.88217e-06
Total Energy Weighted Least-Squares Error: 4.74127e-05
--------------------------------------------
#########################################################################


