########################## FF Fitting Summary ###########################
--------------------------------------------
Program Version: 1.1.0
Short-range Functional Form: born-mayer
Combination Rules: aij = geometric
                   bij = geometric_mean
Electrostatic Damping Type: None
Thole Param: 0.39
Fitting weight: eff_mu = 0.0 Ha
                eff_kt = 0.0403 Ha
Weighted RMSE cutoff: 0.0 Ha
Anisotropic Atomtypes: None
All parameters have been radially corrected to account for Slater overlap
This radial correction is approximate, and is only rigorous for the case where bi = bj.
------------
Exponents (Optimized):
CO2(0)     2.396047
N(0)       2.403634
HN(0)      1.896886
HO1(0)     1.884310
OH1(0)     2.448542
HT8(0)     1.780603
------------
Monomer 1 Multipole File:
methanol_ISA-GRID_L0.mom
Monomer 2 Multipole File:
nh3_ISA-GRID_L0.mom
--------------------------------------------
Exchange Parameters:
    Functional Form = 
	E(exch)_ij = A*K2(rij)*(1 + a_yml*Y_ml)*exp(-bij*rij)
    where the a coefficient for each spherical harmonic term Y_ml
    is listed in the parameters below and 
	K2(rij) = 1/3*(bij*rij)**2 + bij*rij + 1 
Fitted Atomtypes 
               A        
CO2(0)        3.563446
               A        
N(0)         6.283504
               A        
HN(0)        0.173007
               A        
HO1(0)        0.170515
               A        
OH1(0)        5.676691
               A        
HT8(0)        0.297613
Constrained Atomtypes 
  None
------------
Exchange RMS Error: 1.38351e-03
Exchange Weighted RMS Error: 1.38351e-03
Exchange Weighted Absolute Error: -1.96255e-05
Exchange Weighted Least-Squares Error: 6.55621e-04
--------------------------------------------
Electrostatic Parameters:
    Functional Form = 
	E(elst)_ij = f_damp*qi*qj/rij - A*K2(rij)*(1 + a_yml*Y_ml)*exp(-bij*rij)
Fitted Atomtypes 
               A        
CO2(0)        2.076445
               A        
N(0)         4.353804
               A        
HN(0)        0.064545
               A        
HO1(0)        0.072287
               A        
OH1(0)        3.604351
               A        
HT8(0)        0.149341
Constrained Atomtypes 
  None
------------
Electrostatics RMS Error: 8.52502e-04
Electrostatics Weighted RMS Error: 8.52502e-04
Electrostatics Weighted Absolute Error: 6.85967e-06
Electrostatics Weighted Least-Squares Error: 3.74122e-04
--------------------------------------------
Drude oscillator energy has been calculated using the following method: multipole-gradient
Induction Parameters:
    Functional Form = 
	E(ind)_ij = shell_charge - A*K2(rij)*(1 + a_yml*Y_ml)*exp(-bij*rij)
Fitted Atomtypes 
               A        
CO2(0)        1.188515
               A        
N(0)         0.375180
               A        
HN(0)        0.035284
               A        
HO1(0)        0.205637
               A        
OH1(0)        0.000000
               A        
HT8(0)        0.020228
Constrained Atomtypes 
  None
------------
Induction RMS Error: 1.28295e-04
Induction Weighted RMS Error: 1.28295e-04
Induction Weighted Absolute Error: 1.65482e-06
Induction Weighted Least-Squares Error: 7.97288e-06
--------------------------------------------
DHF Parameters:
    Functional Form = 
	E(dhf)_ij = - A*K2(rij)*(1 + a_yml*Y_ml)*exp(-bij*rij)
Fitted Atomtypes 
               A        
CO2(0)        0.000000
               A        
N(0)         0.545757
               A        
HN(0)        0.025744
               A        
HO1(0)        0.150049
               A        
OH1(0)        2.470027
               A        
HT8(0)        0.234216
Constrained Atomtypes 
  None
------------
Dhf RMS Error: 1.41329e-04
Dhf Weighted RMS Error: 1.41329e-04
Dhf Weighted Absolute Error: 8.89662e-07
Dhf Weighted Least-Squares Error: 9.69608e-06
--------------------------------------------
Dispersion Parameters:
    Functional Form = 
	E(disp)_ij = sum_(n=6,8,10,12){A*fdamp_n*(Cij_n/r_ij^n)}
               C6              C8             C10             C12       
CO2          4.847096       18.798288       63.256519      202.859856
N            4.878202       25.576829      142.574149      704.112767
HN           1.306964        4.117935       31.050725        0.000000
HO1          1.275466        4.018693       30.302404        0.000000
OH1          3.819955       17.890308       89.856938      392.757676
HT8          1.498389        6.488268       33.240608        0.000000
Fitted Atomtypes 
               A        
CO2(0)        0.700000
               A        
N(0)         1.123178
               A        
HN(0)        1.058416
               A        
HO1(0)        0.931902
               A        
OH1(0)        0.915219
               A        
HT8(0)        1.300000
Constrained Atomtypes 
  None
------------
Dispersion RMS Error: 2.08645e-04
Dispersion Weighted RMS Error: 2.08645e-04
Dispersion Weighted Absolute Error: 8.35701e-06
Dispersion Weighted Least-Squares Error: 2.21516e-05
--------------------------------------------
Total Energy:
------------
Total Energy RMS Error: 1.02009e-03
Total Energy Weighted RMS Error: 1.02009e-03
Total Energy Weighted Absolute Error: -1.86433e-06
Total Energy Weighted Least-Squares Error: 4.56153e-04
--------------------------------------------
#########################################################################


