########################## FF Fitting Summary ###########################
--------------------------------------------
Program Version: 1.1.0
Short-range Functional Form: born-mayer
Combination Rules: aij = geometric
                   bij = geometric_mean
Electrostatic Damping Type: None
Thole Param: 0.39
Fitting weight: eff_mu = 0.0 Ha
                eff_kt = 0.0166 Ha
Weighted RMSE cutoff: 0.0 Ha
Anisotropic Atomtypes: None
All parameters have been radially corrected to account for Slater overlap
This radial correction is approximate, and is only rigorous for the case where bi = bj.
------------
Exponents:
CO1(0)     2.085249
CT1(0)     1.894503
CT3(0)     2.128250
OH(0)      2.320183
OC(0)      2.191569
C=O(0)     2.594692
HT3(0)     2.123152
HO(0)      2.319496
HT1(0)     2.251128
------------
Monomer 1 Multipole File:
acetone_ISA-GRID_L2.mom
Monomer 2 Multipole File:
ethanol_ISA-GRID_L2.mom
--------------------------------------------
Exchange Parameters:
    Functional Form = 
	E(exch)_ij = A*K2(rij)*(1 + a_yml*Y_ml)*exp(-bij*rij)
    where the a coefficient for each spherical harmonic term Y_ml
    is listed in the parameters below and 
	K2(rij) = 1/3*(bij*rij)**2 + bij*rij + 1 
Fitted Atomtypes 
  None
Constrained Atomtypes 
               A        
CO1(0)        2.125640
               A        
CT1(0)        1.974741
               A        
CT3(0)        2.903701
               A        
OH(0)        4.053201
               A        
OC(0)        3.009979
               A        
C=O(0)        3.327676
               A        
HT3(0)        0.492497
               A        
HO(0)        0.307989
               A        
HT1(0)        0.583943
------------
Exchange RMS Error: 8.46839e-04
Exchange Weighted RMS Error: 2.86694e-04
Exchange Weighted Absolute Error: -4.33517e-06
Exchange Weighted Least-Squares Error: 1.16730e-04
--------------------------------------------
Electrostatic Parameters:
    Functional Form = 
	E(elst)_ij = f_damp*qi*qj/rij - A*K2(rij)*(1 + a_yml*Y_ml)*exp(-bij*rij)
Fitted Atomtypes 
  None
Constrained Atomtypes 
               A        
CO1(0)        1.673365
               A        
CT1(0)        1.256873
               A        
CT3(0)        1.792081
               A        
OH(0)        2.666063
               A        
OC(0)        1.885016
               A        
C=O(0)        1.698481
               A        
HT3(0)        0.235419
               A        
HO(0)        0.089002
               A        
HT1(0)        0.273429
------------
Electrostatics RMS Error: 3.82574e-04
Electrostatics Weighted RMS Error: 1.68801e-04
Electrostatics Weighted Absolute Error: 4.60014e-06
Electrostatics Weighted Least-Squares Error: 8.63156e-05
--------------------------------------------
Drude oscillator energy has been calculated using the following method: multipole-gradient
Induction Parameters:
    Functional Form = 
	E(ind)_ij = shell_charge - A*K2(rij)*(1 + a_yml*Y_ml)*exp(-bij*rij)
Fitted Atomtypes 
  None
Constrained Atomtypes 
               A        
CO1(0)        0.246766
               A        
CT1(0)        0.100632
               A        
CT3(0)        0.199761
               A        
OH(0)        0.000000
               A        
OC(0)        0.029254
               A        
C=O(0)        2.012282
               A        
HT3(0)        0.100068
               A        
HO(0)        0.160474
               A        
HT1(0)        0.138196
------------
Induction RMS Error: 1.50488e-04
Induction Weighted RMS Error: 8.05822e-05
Induction Weighted Absolute Error: -1.42779e-05
Induction Weighted Least-Squares Error: 1.12515e-05
--------------------------------------------
DHF Parameters:
    Functional Form = 
	E(dhf)_ij = - A*K2(rij)*(1 + a_yml*Y_ml)*exp(-bij*rij)
Fitted Atomtypes 
  None
Constrained Atomtypes 
               A        
CO1(0)        0.000000
               A        
CT1(0)        0.051222
               A        
CT3(0)        0.157697
               A        
OH(0)        0.895648
               A        
OC(0)        0.809209
               A        
C=O(0)        0.413852
               A        
HT3(0)        0.177799
               A        
HO(0)        0.099981
               A        
HT1(0)        0.216420
------------
Dhf RMS Error: 1.11604e-04
Dhf Weighted RMS Error: 4.48763e-05
Dhf Weighted Absolute Error: 2.70039e-06
Dhf Weighted Least-Squares Error: 6.25771e-06
--------------------------------------------
Dispersion Parameters:
    Functional Form = 
	E(disp)_ij = sum_(n=6,8,10,12){A*fdamp_n*(Cij_n/r_ij^n)}
               C6              C8             C10             C12       
CO1          4.847096       18.798288       63.256519      202.859856
CT1          4.847096       18.798288       63.256519      202.859856
OH           3.819955       17.890308       89.856938      392.757676
CT3          4.847096       18.798288       63.256519      202.859856
OC           4.783373       18.811595      100.656333      417.705964
C=O          3.661371       12.062782       78.048354      284.357981
HT3          1.498389        6.488268       33.240608        0.000000
HO           1.275466        4.018693       30.302404        0.000000
HT1          1.498389        6.488268       33.240608        0.000000
Fitted Atomtypes 
  None
Constrained Atomtypes 
               A        
CO1(0)        1.000000
               A        
CT1(0)        1.000000
               A        
CT3(0)        1.000000
               A        
OH(0)        1.000000
               A        
OC(0)        1.000000
               A        
C=O(0)        1.000000
               A        
HT3(0)        1.000000
               A        
HO(0)        1.000000
               A        
HT1(0)        1.000000
------------
Dispersion RMS Error: 2.89086e-04
Dispersion Weighted RMS Error: 1.46655e-04
Dispersion Weighted Absolute Error: -2.02675e-05
Dispersion Weighted Least-Squares Error: 4.83473e-05
--------------------------------------------
Total Energy:
------------
Total Energy RMS Error: 5.32054e-04
Total Energy Weighted RMS Error: 2.03016e-04
Total Energy Weighted Absolute Error: -3.15801e-05
Total Energy Weighted Least-Squares Error: 1.03145e-04
--------------------------------------------
#########################################################################


