########################## FF Fitting Summary ###########################
--------------------------------------------
Program Version: 1.1.0
Short-range Functional Form: born-mayer
Combination Rules: aij = geometric
                   bij = geometric_mean
Electrostatic Damping Type: None
Thole Param: 0.39
Fitting weight: eff_mu = 0.0 Ha
                eff_kt = 0.0415 Ha
Weighted RMSE cutoff: 0.0 Ha
Anisotropic Atomtypes: None
All parameters have been radially corrected to account for Slater overlap
This radial correction is approximate, and is only rigorous for the case where bi = bj.
------------
Exponents (Optimized):
CO1(0)     2.224902
CT1(0)     1.982348
CT3(0)     2.150683
OH(0)      2.118946
OC(0)      2.342774
C=O(0)     2.594241
HT3(0)     1.976945
HO(0)      2.397966
HT1(0)     2.417045
------------
Monomer 1 Multipole File:
acetone_ISA-GRID_L2.mom
Monomer 2 Multipole File:
ethanol_ISA-GRID_L2.mom
--------------------------------------------
Exchange Parameters:
    Functional Form = 
	E(exch)_ij = A*K2(rij)*(1 + a_yml*Y_ml)*exp(-bij*rij)
    where the a coefficient for each spherical harmonic term Y_ml
    is listed in the parameters below and 
	K2(rij) = 1/3*(bij*rij)**2 + bij*rij + 1 
Fitted Atomtypes 
               A        
CO1(0)        2.814209
               A        
CT1(0)        2.268096
               A        
CT3(0)        3.277533
               A        
OH(0)        3.095642
               A        
OC(0)        3.522736
               A        
C=O(0)        2.848939
               A        
HT3(0)        0.442057
               A        
HO(0)        0.407218
               A        
HT1(0)        0.655715
Constrained Atomtypes 
  None
------------
Exchange RMS Error: 8.07999e-04
Exchange Weighted RMS Error: 2.74410e-04
Exchange Weighted Absolute Error: -6.93194e-06
Exchange Weighted Least-Squares Error: 2.09688e-04
--------------------------------------------
Electrostatic Parameters:
    Functional Form = 
	E(elst)_ij = f_damp*qi*qj/rij - A*K2(rij)*(1 + a_yml*Y_ml)*exp(-bij*rij)
Fitted Atomtypes 
               A        
CO1(0)        1.984131
               A        
CT1(0)        1.447172
               A        
CT3(0)        2.062829
               A        
OH(0)        1.979447
               A        
OC(0)        2.211047
               A        
C=O(0)        1.609833
               A        
HT3(0)        0.214309
               A        
HO(0)        0.156238
               A        
HT1(0)        0.307138
Constrained Atomtypes 
  None
------------
Electrostatics RMS Error: 3.53825e-04
Electrostatics Weighted RMS Error: 1.65102e-04
Electrostatics Weighted Absolute Error: 9.90867e-06
Electrostatics Weighted Least-Squares Error: 6.51140e-05
--------------------------------------------
Drude oscillator energy has been calculated using the following method: multipole-gradient
Induction Parameters:
    Functional Form = 
	E(ind)_ij = shell_charge - A*K2(rij)*(1 + a_yml*Y_ml)*exp(-bij*rij)
Fitted Atomtypes 
               A        
CO1(0)        1.237902
               A        
CT1(0)        0.093772
               A        
CT3(0)        0.921279
               A        
OH(0)        0.040516
               A        
OC(0)        0.000000
               A        
C=O(0)        1.314445
               A        
HT3(0)        0.080656
               A        
HO(0)        0.339527
               A        
HT1(0)        0.106457
Constrained Atomtypes 
  None
------------
Induction RMS Error: 1.47687e-04
Induction Weighted RMS Error: 8.10258e-05
Induction Weighted Absolute Error: -1.55992e-05
Induction Weighted Least-Squares Error: 1.05315e-05
--------------------------------------------
DHF Parameters:
    Functional Form = 
	E(dhf)_ij = - A*K2(rij)*(1 + a_yml*Y_ml)*exp(-bij*rij)
Fitted Atomtypes 
               A        
CO1(0)        0.000000
               A        
CT1(0)        0.032342
               A        
CT3(0)        0.051762
               A        
OH(0)        1.063468
               A        
OC(0)        0.613067
               A        
C=O(0)        0.230639
               A        
HT3(0)        0.234895
               A        
HO(0)        0.219458
               A        
HT1(0)        0.168092
Constrained Atomtypes 
  None
------------
Dhf RMS Error: 1.08099e-04
Dhf Weighted RMS Error: 3.98547e-05
Dhf Weighted Absolute Error: 5.46858e-06
Dhf Weighted Least-Squares Error: 5.66945e-06
--------------------------------------------
Dispersion Parameters:
    Functional Form = 
	E(disp)_ij = sum_(n=6,8,10,12){A*fdamp_n*(Cij_n/r_ij^n)}
               C6              C8             C10             C12       
CO1          4.847096       18.798288       63.256519      202.859856
CT1          4.847096       18.798288       63.256519      202.859856
CT3          4.847096       18.798288       63.256519      202.859856
OH           3.819955       17.890308       89.856938      392.757676
OC           4.783373       18.811595      100.656333      417.705964
C=O          3.661371       12.062782       78.048354      284.357981
HT3          1.498389        6.488268       33.240608        0.000000
HO           1.275466        4.018693       30.302404        0.000000
HT1          1.498389        6.488268       33.240608        0.000000
Fitted Atomtypes 
               A        
CO1(0)        1.000000
               A        
CT1(0)        1.000000
               A        
CT3(0)        1.000000
               A        
OH(0)        1.000000
               A        
OC(0)        1.000000
               A        
C=O(0)        1.000000
               A        
HT3(0)        1.000000
               A        
HO(0)        1.000000
               A        
HT1(0)        1.000000
Constrained Atomtypes 
  None
------------
Dispersion RMS Error: 3.17505e-04
Dispersion Weighted RMS Error: 1.83552e-04
Dispersion Weighted Absolute Error: 9.86450e-07
Dispersion Weighted Least-Squares Error: 5.20221e-05
--------------------------------------------
Total Energy:
------------
Total Energy RMS Error: 5.49090e-04
Total Energy Weighted RMS Error: 2.22576e-04
Total Energy Weighted Absolute Error: -6.16744e-06
Total Energy Weighted Least-Squares Error: 1.29484e-04
--------------------------------------------
#########################################################################


