########################## FF Fitting Summary ###########################
--------------------------------------------
Program Version: 1.1.0
Short-range Functional Form: born-mayer
Combination Rules: aij = geometric
                   bij = geometric_mean
Electrostatic Damping Type: None
Thole Param: 0.39
Fitting weight: eff_mu = 0.0 Ha
                eff_kt = 0.0415 Ha
Weighted RMSE cutoff: 0.0 Ha
Anisotropic Atomtypes: OC   HO   OH   
All parameters have been radially corrected to account for Slater overlap
This radial correction is approximate, and is only rigorous for the case where bi = bj.
------------
Exponents (Optimized):
CO1(0)     2.140406
CT1(0)     2.015750
CT3(0)     2.186152
OH(0)      2.072912
OC(0)      2.334302
C=O(0)     2.585128
HT3(0)     2.019349
HO(0)      2.433577
HT1(0)     2.406215
------------
Monomer 1 Multipole File:
acetone_ISA-GRID_L2.mom
Monomer 2 Multipole File:
ethanol_ISA-GRID_L2.mom
--------------------------------------------
Exchange Parameters:
    Functional Form = 
	E(exch)_ij = A*K2(rij)*(1 + a_yml*Y_ml)*exp(-bij*rij)
    where the a coefficient for each spherical harmonic term Y_ml
    is listed in the parameters below and 
	K2(rij) = 1/3*(bij*rij)**2 + bij*rij + 1 
Fitted Atomtypes 
               A        
CO1(0)        2.790450
               A        
CT1(0)        2.330814
               A        
CT3(0)        3.994535
               A        
C=O(0)        2.083175
               A        
HT3(0)        0.494830
               A        
HT1(0)        0.603403
               A             a_y10           a_y20           a_y22c     
OC(0)        3.659001        0.130771       -0.006077        0.107318
               A             a_y10           a_y20      
HO(0)        1.049204        0.314492       -0.113305
               A             a_y10           a_y20           a_y22c     
OH(0)        1.523404       -1.000000       -0.079110       -0.943318
Constrained Atomtypes 
  None
------------
Exchange RMS Error: 5.68675e-04
Exchange Weighted RMS Error: 5.68675e-04
Exchange Weighted Absolute Error: 1.22925e-05
Exchange Weighted Least-Squares Error: 1.05332e-04
--------------------------------------------
Electrostatic Parameters:
    Functional Form = 
	E(elst)_ij = f_damp*qi*qj/rij - A*K2(rij)*(1 + a_yml*Y_ml)*exp(-bij*rij)
Fitted Atomtypes 
               A        
CO1(0)        1.883350
               A        
CT1(0)        1.539140
               A        
CT3(0)        2.551758
               A        
C=O(0)        0.924427
               A        
HT3(0)        0.231851
               A        
HT1(0)        0.280208
               A             a_y10           a_y20           a_y22c     
OC(0)        2.447423        0.178777       -0.039200        0.144033
               A             a_y10           a_y20      
HO(0)        0.865959        0.942836        0.298824
               A             a_y10           a_y20           a_y22c     
OH(0)        0.923719       -0.906790       -0.005295       -1.000000
Constrained Atomtypes 
  None
------------
Electrostatics RMS Error: 2.30764e-04
Electrostatics Weighted RMS Error: 2.30764e-04
Electrostatics Weighted Absolute Error: -4.60925e-06
Electrostatics Weighted Least-Squares Error: 2.75379e-05
--------------------------------------------
Drude oscillator energy has been calculated using the following method: multipole-gradient
Induction Parameters:
    Functional Form = 
	E(ind)_ij = shell_charge - A*K2(rij)*(1 + a_yml*Y_ml)*exp(-bij*rij)
Fitted Atomtypes 
               A        
CO1(0)        1.041844
               A        
CT1(0)        0.095072
               A        
CT3(0)        1.068051
               A        
C=O(0)        1.274761
               A        
HT3(0)        0.090756
               A        
HT1(0)        0.100052
               A             a_y10           a_y20           a_y22c     
OC(0)        0.000000        0.382713       -0.007770        0.101748
               A             a_y10           a_y20      
HO(0)        0.517471        0.490389        0.043561
               A             a_y10           a_y20           a_y22c     
OH(0)        0.000000        0.459657       -0.183664        0.210072
Constrained Atomtypes 
  None
------------
Induction RMS Error: 1.46931e-04
Induction Weighted RMS Error: 1.46931e-04
Induction Weighted Absolute Error: -1.58939e-05
Induction Weighted Least-Squares Error: 1.04230e-05
--------------------------------------------
DHF Parameters:
    Functional Form = 
	E(dhf)_ij = - A*K2(rij)*(1 + a_yml*Y_ml)*exp(-bij*rij)
Fitted Atomtypes 
               A        
CO1(0)        0.000000
               A        
CT1(0)        0.014358
               A        
CT3(0)        0.070583
               A        
C=O(0)        0.215492
               A        
HT3(0)        0.500600
               A        
HT1(0)        0.087783
               A             a_y10           a_y20           a_y22c     
OC(0)        0.203181       -1.000000       -0.566997       -0.199328
               A             a_y10           a_y20      
HO(0)        0.846087        0.362428        0.328484
               A             a_y10           a_y20           a_y22c     
OH(0)        0.971254       -1.000000        0.209775       -0.733991
Constrained Atomtypes 
  None
------------
Dhf RMS Error: 8.23381e-05
Dhf Weighted RMS Error: 8.23381e-05
Dhf Weighted Absolute Error: 7.51396e-06
Dhf Weighted Least-Squares Error: 3.29004e-06
--------------------------------------------
Dispersion Parameters:
    Functional Form = 
	E(disp)_ij = sum_(n=6,8,10,12){A*fdamp_n*(Cij_n/r_ij^n)}
               C6              C8             C10             C12       
CO1          4.847096       18.798288       63.256519      202.859856
CT1          4.847096       18.798288       63.256519      202.859856
CT3          4.847096       18.798288       63.256519      202.859856
OH           3.819955       17.890308       89.856938      392.757676
OC           4.783373       18.811595      100.656333      417.705964
C=O          3.661371       12.062782       78.048354      284.357981
HT3          1.498389        6.488268       33.240608        0.000000
HO           1.275466        4.018693       30.302404        0.000000
HT1          1.498389        6.488268       33.240608        0.000000
Fitted Atomtypes 
               A        
CO1(0)        0.833980
               A        
CT1(0)        1.097051
               A        
CT3(0)        0.766144
               A        
C=O(0)        0.745891
               A        
HT3(0)        1.245322
               A        
HT1(0)        0.925456
               A             a_y10           a_y20           a_y22c     
OC(0)        0.900205       -0.290404       -0.121046        0.006084
               A             a_y10           a_y20      
HO(0)        1.091886       -0.089526       -0.161402
               A             a_y10           a_y20           a_y22c     
OH(0)        0.771893       -0.639582        0.035401       -0.368130
Constrained Atomtypes 
  None
------------
Dispersion RMS Error: 8.86331e-05
Dispersion Weighted RMS Error: 8.86331e-05
Dispersion Weighted Absolute Error: -6.66657e-06
Dispersion Weighted Least-Squares Error: 4.08453e-06
--------------------------------------------
Total Energy:
------------
Total Energy RMS Error: 4.21977e-04
Total Energy Weighted RMS Error: 4.21977e-04
Total Energy Weighted Absolute Error: -7.36319e-06
Total Energy Weighted Least-Squares Error: 7.84775e-05
--------------------------------------------
#########################################################################


