########################## FF Fitting Summary ###########################
--------------------------------------------
Program Version: 1.1.0
Short-range Functional Form: born-mayer
Combination Rules: aij = geometric
                   bij = geometric_mean
Electrostatic Damping Type: None
Thole Param: 0.39
Fitting weight: eff_mu = 0.0 Ha
                eff_kt = 0.0166 Ha
Weighted RMSE cutoff: 0.0 Ha
Anisotropic Atomtypes: OC   HO   OH   
All parameters have been radially corrected to account for Slater overlap
This radial correction is approximate, and is only rigorous for the case where bi = bj.
------------
Exponents:
CO1(0)     2.281648
CT1(0)     1.819913
CT3(0)     2.201202
OH(0)      2.217384
OC(0)      2.200783
C=O(0)     2.718321
HT3(0)     2.108033
HO(0)      2.530438
HT1(0)     2.333336
------------
Monomer 1 Multipole File:
acetone_ISA-GRID_L2.mom
Monomer 2 Multipole File:
ethanol_ISA-GRID_L2.mom
--------------------------------------------
Exchange Parameters:
    Functional Form = 
	E(exch)_ij = A*K2(rij)*(1 + a_yml*Y_ml)*exp(-bij*rij)
    where the a coefficient for each spherical harmonic term Y_ml
    is listed in the parameters below and 
	K2(rij) = 1/3*(bij*rij)**2 + bij*rij + 1 
Fitted Atomtypes 
  None
Constrained Atomtypes 
               A        
CO1(0)        3.368483
               A        
CT1(0)        1.756864
               A        
CT3(0)        3.419333
               A             a_y10           a_y20           a_y22c     
OH(0)        1.637005       -1.000000       -0.019722       -0.994158
               A             a_y10           a_y20           a_y22c     
OC(0)        2.800441       -0.219521       -0.210109        0.120144
               A        
C=O(0)        4.914017
               A        
HT3(0)        0.488420
               A             a_y10           a_y20      
HO(0)        1.318171        0.655765        0.138145
               A        
HT1(0)        0.633756
------------
Exchange RMS Error: 6.14543e-04
Exchange Weighted RMS Error: 6.14543e-04
Exchange Weighted Absolute Error: 1.19359e-05
Exchange Weighted Least-Squares Error: 5.81984e-05
--------------------------------------------
Electrostatic Parameters:
    Functional Form = 
	E(elst)_ij = f_damp*qi*qj/rij - A*K2(rij)*(1 + a_yml*Y_ml)*exp(-bij*rij)
Fitted Atomtypes 
  None
Constrained Atomtypes 
               A        
CO1(0)        2.430429
               A        
CT1(0)        1.128948
               A        
CT3(0)        2.114795
               A             a_y10           a_y20           a_y22c     
OH(0)        1.093803       -0.888611       -0.045701       -1.000000
               A             a_y10           a_y20           a_y22c     
OC(0)        1.822973       -0.147986       -0.224111        0.165589
               A        
C=O(0)        2.345586
               A        
HT3(0)        0.238557
               A             a_y10           a_y20      
HO(0)        0.843400        0.974642        0.295589
               A        
HT1(0)        0.286881
------------
Electrostatics RMS Error: 2.57720e-04
Electrostatics Weighted RMS Error: 2.57720e-04
Electrostatics Weighted Absolute Error: -2.58701e-06
Electrostatics Weighted Least-Squares Error: 4.00326e-05
--------------------------------------------
Drude oscillator energy has been calculated using the following method: multipole-gradient
Induction Parameters:
    Functional Form = 
	E(ind)_ij = shell_charge - A*K2(rij)*(1 + a_yml*Y_ml)*exp(-bij*rij)
Fitted Atomtypes 
  None
Constrained Atomtypes 
               A        
CO1(0)        0.506188
               A        
CT1(0)        0.089053
               A        
CT3(0)        0.302844
               A             a_y10           a_y20           a_y22c     
OH(0)        0.000000        0.329683       -0.081579        0.114282
               A             a_y10           a_y20           a_y22c     
OC(0)        0.031022        0.043159        1.000000       -1.000000
               A        
C=O(0)        2.573738
               A        
HT3(0)        0.091465
               A             a_y10           a_y20      
HO(0)        0.144821       -1.000000       -0.875828
               A        
HT1(0)        0.157247
------------
Induction RMS Error: 1.51505e-04
Induction Weighted RMS Error: 1.51505e-04
Induction Weighted Absolute Error: -1.65847e-05
Induction Weighted Least-Squares Error: 1.14085e-05
--------------------------------------------
DHF Parameters:
    Functional Form = 
	E(dhf)_ij = - A*K2(rij)*(1 + a_yml*Y_ml)*exp(-bij*rij)
Fitted Atomtypes 
  None
Constrained Atomtypes 
               A        
CO1(0)        0.019258
               A        
CT1(0)        0.056533
               A        
CT3(0)        0.129392
               A             a_y10           a_y20           a_y22c     
OH(0)        0.414639       -1.000000       -0.162242       -0.590819
               A             a_y10           a_y20           a_y22c     
OC(0)        0.542050       -1.000000       -0.656495       -0.199400
               A        
C=O(0)        0.882379
               A        
HT3(0)        0.179148
               A             a_y10           a_y20      
HO(0)        0.295719        0.564285        0.500178
               A        
HT1(0)        0.244537
------------
Dhf RMS Error: 8.88340e-05
Dhf Weighted RMS Error: 8.88340e-05
Dhf Weighted Absolute Error: 4.98196e-06
Dhf Weighted Least-Squares Error: 3.97279e-06
--------------------------------------------
Dispersion Parameters:
    Functional Form = 
	E(disp)_ij = sum_(n=6,8,10,12){A*fdamp_n*(Cij_n/r_ij^n)}
               C6              C8             C10             C12       
CO1          4.847096       18.798288       63.256519      202.859856
CT1          4.847096       18.798288       63.256519      202.859856
OH           3.819955       17.890308       89.856938      392.757676
CT3          4.847096       18.798288       63.256519      202.859856
OC           4.783373       18.811595      100.656333      417.705964
C=O          3.661371       12.062782       78.048354      284.357981
HT3          1.498389        6.488268       33.240608        0.000000
HO           1.275466        4.018693       30.302404        0.000000
HT1          1.498389        6.488268       33.240608        0.000000
Fitted Atomtypes 
  None
Constrained Atomtypes 
               A        
CO1(0)        0.754869
               A        
CT1(0)        1.167041
               A        
CT3(0)        0.807584
               A             a_y10           a_y20           a_y22c     
OH(0)        0.712057       -0.519272        0.110350       -0.395587
               A             a_y10           a_y20           a_y22c     
OC(0)        0.814443       -0.563660       -0.232466       -0.012215
               A        
C=O(0)        0.873823
               A        
HT3(0)        1.196702
               A             a_y10           a_y20      
HO(0)        1.300000        0.223254       -0.001189
               A        
HT1(0)        0.946465
------------
Dispersion RMS Error: 9.74726e-05
Dispersion Weighted RMS Error: 9.74726e-05
Dispersion Weighted Absolute Error: -1.03588e-05
Dispersion Weighted Least-Squares Error: 5.56756e-06
--------------------------------------------
Total Energy:
------------
Total Energy RMS Error: 4.45888e-04
Total Energy Weighted RMS Error: 4.45888e-04
Total Energy Weighted Absolute Error: -1.26126e-05
Total Energy Weighted Least-Squares Error: 7.86144e-05
--------------------------------------------
#########################################################################


