########################## FF Fitting Summary ###########################
--------------------------------------------
Program Version: 1.1.0
Short-range Functional Form: born-mayer
Combination Rules: aij = geometric
                   bij = geometric_mean
Electrostatic Damping Type: None
Thole Param: 0.39
Fitting weight: eff_mu = 0.0 Ha
                eff_kt = 0.0127 Ha
Weighted RMSE cutoff: 0.0 Ha
Anisotropic Atomtypes: None
All parameters have been radially corrected to account for Slater overlap
This radial correction is approximate, and is only rigorous for the case where bi = bj.
------------
Exponents (Optimized):
CO1(0)     2.061430
CT2(0)     2.428257
OH(0)      2.250554
CT3(0)     2.060982
HT3(0)     2.313351
HO(0)      2.339851
HT2(0)     2.058705
------------
Monomer 1 Multipole File:
ethane_ISA-GRID_L2.mom
Monomer 2 Multipole File:
ethanol_ISA-GRID_L2.mom
--------------------------------------------
Exchange Parameters:
    Functional Form = 
	E(exch)_ij = A*K2(rij)*(1 + a_yml*Y_ml)*exp(-bij*rij)
    where the a coefficient for each spherical harmonic term Y_ml
    is listed in the parameters below and 
	K2(rij) = 1/3*(bij*rij)**2 + bij*rij + 1 
Fitted Atomtypes 
               A        
CO1(0)        2.133630
               A        
CT2(0)        4.626518
               A        
OH(0)        3.772437
               A        
CT3(0)        3.023647
               A        
HT3(0)        0.726371
               A        
HO(0)        0.336626
               A        
HT2(0)        0.435850
Constrained Atomtypes 
  None
------------
Exchange RMS Error: 7.95294e-04
Exchange Weighted RMS Error: 2.53861e-04
Exchange Weighted Absolute Error: -2.71881e-06
Exchange Weighted Least-Squares Error: 8.94887e-05
--------------------------------------------
Electrostatic Parameters:
    Functional Form = 
	E(elst)_ij = f_damp*qi*qj/rij - A*K2(rij)*(1 + a_yml*Y_ml)*exp(-bij*rij)
Fitted Atomtypes 
               A        
CO1(0)        1.624532
               A        
CT2(0)        2.964871
               A        
OH(0)        2.677493
               A        
CT3(0)        1.948497
               A        
HT3(0)        0.369300
               A        
HO(0)        0.090989
               A        
HT2(0)        0.201893
Constrained Atomtypes 
  None
------------
Electrostatics RMS Error: 2.88189e-04
Electrostatics Weighted RMS Error: 9.44286e-05
Electrostatics Weighted Absolute Error: 1.62651e-06
Electrostatics Weighted Least-Squares Error: 5.46106e-05
--------------------------------------------
Drude oscillator energy has been calculated using the following method: multipole-gradient
Induction Parameters:
    Functional Form = 
	E(ind)_ij = shell_charge - A*K2(rij)*(1 + a_yml*Y_ml)*exp(-bij*rij)
Fitted Atomtypes 
               A        
CO1(0)        1.089229
               A        
CT2(0)        0.074549
               A        
OH(0)        0.000000
               A        
CT3(0)        0.890690
               A        
HT3(0)        1.395288
               A        
HO(0)        1.389802
               A        
HT2(0)        0.008932
Constrained Atomtypes 
  None
------------
Induction RMS Error: 7.00073e-05
Induction Weighted RMS Error: 1.94889e-05
Induction Weighted Absolute Error: 2.96916e-06
Induction Weighted Least-Squares Error: 2.49344e-06
--------------------------------------------
DHF Parameters:
    Functional Form = 
	E(dhf)_ij = - A*K2(rij)*(1 + a_yml*Y_ml)*exp(-bij*rij)
Fitted Atomtypes 
               A        
CO1(0)        0.000000
               A        
CT2(0)        0.025359
               A        
OH(0)        2.482592
               A        
CT3(0)        0.452434
               A        
HT3(0)        0.823548
               A        
HO(0)        0.387273
               A        
HT2(0)        0.049579
Constrained Atomtypes 
  None
------------
Dhf RMS Error: 6.66791e-05
Dhf Weighted RMS Error: 2.75538e-05
Dhf Weighted Absolute Error: 1.21672e-05
Dhf Weighted Least-Squares Error: 2.31243e-06
--------------------------------------------
Dispersion Parameters:
    Functional Form = 
	E(disp)_ij = sum_(n=6,8,10,12){A*fdamp_n*(Cij_n/r_ij^n)}
               C6              C8             C10             C12       
CO1          4.847096       18.798288       63.256519      202.859856
CT2          4.847096       18.798288       63.256519      202.859856
OH           3.819955       17.890308       89.856938      392.757676
CT3          4.847096       18.798288       63.256519      202.859856
HT3          1.498389        6.488268       33.240608        0.000000
HO           1.275466        4.018693       30.302404        0.000000
HT2          1.498389        6.488268       33.240608        0.000000
Fitted Atomtypes 
               A        
CO1(0)        1.000000
               A        
CT2(0)        1.000000
               A        
OH(0)        1.000000
               A        
CT3(0)        1.000000
               A        
HT3(0)        1.000000
               A        
HO(0)        1.000000
               A        
HT2(0)        1.000000
Constrained Atomtypes 
  None
------------
Dispersion RMS Error: 2.87854e-04
Dispersion Weighted RMS Error: 1.33145e-04
Dispersion Weighted Absolute Error: -1.67364e-05
Dispersion Weighted Least-Squares Error: 5.31372e-05
--------------------------------------------
Total Energy:
------------
Total Energy RMS Error: 4.92883e-04
Total Energy Weighted RMS Error: 1.68216e-04
Total Energy Weighted Absolute Error: -2.69236e-06
Total Energy Weighted Least-Squares Error: 9.37743e-05
--------------------------------------------
#########################################################################


