########################## FF Fitting Summary ###########################
--------------------------------------------
Program Version: 1.1.0
Short-range Functional Form: born-mayer
Combination Rules: aij = geometric
                   bij = geometric_mean
Electrostatic Damping Type: None
Thole Param: 0.39
Fitting weight: eff_mu = 0.0 Ha
                eff_kt = 0.0127 Ha
Weighted RMSE cutoff: 0.0 Ha
Anisotropic Atomtypes: HO   OH   
All parameters have been radially corrected to account for Slater overlap
This radial correction is approximate, and is only rigorous for the case where bi = bj.
------------
Exponents (Optimized):
CO1(0)     2.123237
CT2(0)     2.399719
OH(0)      2.183890
CT3(0)     2.044267
HT3(0)     2.260709
HO(0)      2.418611
HT2(0)     2.116810
------------
Monomer 1 Multipole File:
ethane_ISA-GRID_L2.mom
Monomer 2 Multipole File:
ethanol_ISA-GRID_L2.mom
--------------------------------------------
Exchange Parameters:
    Functional Form = 
	E(exch)_ij = A*K2(rij)*(1 + a_yml*Y_ml)*exp(-bij*rij)
    where the a coefficient for each spherical harmonic term Y_ml
    is listed in the parameters below and 
	K2(rij) = 1/3*(bij*rij)**2 + bij*rij + 1 
Fitted Atomtypes 
               A        
CO1(0)        2.655101
               A        
HT3(0)        0.686764
               A        
HT2(0)        0.477939
               A        
CT2(0)        4.141837
               A        
CT3(0)        2.969983
               A             a_y10           a_y20      
HO(0)        0.902218        0.204951       -0.224415
               A             a_y10           a_y20           a_y22c     
OH(0)        1.709573       -1.000000        0.062983       -0.976673
Constrained Atomtypes 
  None
------------
Exchange RMS Error: 7.02410e-04
Exchange Weighted RMS Error: 7.02410e-04
Exchange Weighted Absolute Error: -1.57297e-06
Exchange Weighted Least-Squares Error: 7.06234e-05
--------------------------------------------
Electrostatic Parameters:
    Functional Form = 
	E(elst)_ij = f_damp*qi*qj/rij - A*K2(rij)*(1 + a_yml*Y_ml)*exp(-bij*rij)
Fitted Atomtypes 
               A        
CO1(0)        2.020517
               A        
HT3(0)        0.362869
               A        
HT2(0)        0.215153
               A        
CT2(0)        2.552160
               A        
CT3(0)        2.028079
               A             a_y10           a_y20      
HO(0)        0.553375        0.496081       -0.152112
               A             a_y10           a_y20           a_y22c     
OH(0)        1.259884       -0.945236        0.012425       -1.000000
Constrained Atomtypes 
  None
------------
Electrostatics RMS Error: 2.49332e-04
Electrostatics Weighted RMS Error: 2.49332e-04
Electrostatics Weighted Absolute Error: 2.85751e-06
Electrostatics Weighted Least-Squares Error: 4.05988e-05
--------------------------------------------
Drude oscillator energy has been calculated using the following method: multipole-gradient
Induction Parameters:
    Functional Form = 
	E(ind)_ij = shell_charge - A*K2(rij)*(1 + a_yml*Y_ml)*exp(-bij*rij)
Fitted Atomtypes 
               A        
CO1(0)        1.633605
               A        
HT3(0)        1.528053
               A        
HT2(0)        0.008342
               A        
CT2(0)        0.050533
               A        
CT3(0)        1.503616
               A             a_y10           a_y20      
HO(0)        0.871469       -1.000000        0.623265
               A             a_y10           a_y20           a_y22c     
OH(0)        2.166080        1.000000       -1.000000        1.000000
Constrained Atomtypes 
  None
------------
Induction RMS Error: 6.23673e-05
Induction Weighted RMS Error: 6.23673e-05
Induction Weighted Absolute Error: 2.80573e-06
Induction Weighted Least-Squares Error: 1.97709e-06
--------------------------------------------
DHF Parameters:
    Functional Form = 
	E(dhf)_ij = - A*K2(rij)*(1 + a_yml*Y_ml)*exp(-bij*rij)
Fitted Atomtypes 
               A        
CO1(0)        0.395295
               A        
HT3(0)        1.031210
               A        
HT2(0)        0.040663
               A        
CT2(0)        0.017363
               A        
CT3(0)        0.453658
               A             a_y10           a_y20      
HO(0)        0.550642       -1.000000       -0.020116
               A             a_y10           a_y20           a_y22c     
OH(0)        1.844466       -1.000000       -0.193104       -0.472769
Constrained Atomtypes 
  None
------------
Dhf RMS Error: 5.32161e-05
Dhf Weighted RMS Error: 5.32161e-05
Dhf Weighted Absolute Error: 1.43868e-05
Dhf Weighted Least-Squares Error: 1.47022e-06
--------------------------------------------
Dispersion Parameters:
    Functional Form = 
	E(disp)_ij = sum_(n=6,8,10,12){A*fdamp_n*(Cij_n/r_ij^n)}
               C6              C8             C10             C12       
CO1          4.847096       18.798288       63.256519      202.859856
CT2          4.847096       18.798288       63.256519      202.859856
OH           3.819955       17.890308       89.856938      392.757676
CT3          4.847096       18.798288       63.256519      202.859856
HT3          1.498389        6.488268       33.240608        0.000000
HO           1.275466        4.018693       30.302404        0.000000
HT2          1.498389        6.488268       33.240608        0.000000
Fitted Atomtypes 
               A        
CO1(0)        0.798378
               A        
HT3(0)        1.019889
               A        
HT2(0)        1.300000
               A        
CT2(0)        0.700000
               A        
CT3(0)        0.893540
               A             a_y10           a_y20      
HO(0)        1.300000        0.195636       -0.033362
               A             a_y10           a_y20           a_y22c     
OH(0)        0.701927       -0.519071        0.134248       -0.381581
Constrained Atomtypes 
  None
------------
Dispersion RMS Error: 1.19735e-04
Dispersion Weighted RMS Error: 1.19735e-04
Dispersion Weighted Absolute Error: 1.03473e-05
Dispersion Weighted Least-Squares Error: 9.30631e-06
--------------------------------------------
Total Energy:
------------
Total Energy RMS Error: 4.46819e-04
Total Energy Weighted RMS Error: 4.46819e-04
Total Energy Weighted Absolute Error: 2.88244e-05
Total Energy Weighted Least-Squares Error: 7.59315e-05
--------------------------------------------
#########################################################################


