########################## FF Fitting Summary ###########################
--------------------------------------------
Program Version: 1.1.0
Short-range Functional Form: born-mayer
Combination Rules: aij = geometric
                   bij = geometric_mean
Electrostatic Damping Type: None
Thole Param: 0.39
Fitting weight: eff_mu = 0.0 Ha
                eff_kt = 0.0037 Ha
Weighted RMSE cutoff: 0.0 Ha
Anisotropic Atomtypes: None
All parameters have been radially corrected to account for Slater overlap
This radial correction is approximate, and is only rigorous for the case where bi = bj.
------------
Exponents:
CM(0)      1.752710
HM(0)      2.763795
------------
Monomer 1 Multipole File:
ethene_ISA-GRID_L0.mom
Monomer 2 Multipole File:
ethene_ISA-GRID_L0.mom
--------------------------------------------
Exchange Parameters:
    Functional Form = 
	E(exch)_ij = A*K2(rij)*(1 + a_yml*Y_ml)*exp(-bij*rij)
    where the a coefficient for each spherical harmonic term Y_ml
    is listed in the parameters below and 
	K2(rij) = 1/3*(bij*rij)**2 + bij*rij + 1 
Fitted Atomtypes 
  None
Constrained Atomtypes 
               A        
CM(0)        1.840351
               A        
HM(0)        0.965378
------------
Exchange RMS Error: 7.95950e-04
Exchange Weighted RMS Error: 7.95950e-04
Exchange Weighted Absolute Error: 1.96130e-05
Exchange Weighted Least-Squares Error: 1.75739e-05
--------------------------------------------
Electrostatic Parameters:
    Functional Form = 
	E(elst)_ij = f_damp*qi*qj/rij - A*K2(rij)*(1 + a_yml*Y_ml)*exp(-bij*rij)
Fitted Atomtypes 
  None
Constrained Atomtypes 
               A        
CM(0)        1.238051
               A        
HM(0)        0.297726
------------
Electrostatics RMS Error: 3.75526e-04
Electrostatics Weighted RMS Error: 3.75526e-04
Electrostatics Weighted Absolute Error: 4.94281e-05
Electrostatics Weighted Least-Squares Error: 1.13349e-04
--------------------------------------------
Drude oscillator energy has been calculated using the following method: multipole-gradient
Induction Parameters:
    Functional Form = 
	E(ind)_ij = shell_charge - A*K2(rij)*(1 + a_yml*Y_ml)*exp(-bij*rij)
Fitted Atomtypes 
  None
Constrained Atomtypes 
               A        
CM(0)        0.302386
               A        
HM(0)        0.157297
------------
Induction RMS Error: 1.55219e-04
Induction Weighted RMS Error: 1.55219e-04
Induction Weighted Absolute Error: 9.89006e-06
Induction Weighted Least-Squares Error: 1.50733e-05
--------------------------------------------
DHF Parameters:
    Functional Form = 
	E(dhf)_ij = - A*K2(rij)*(1 + a_yml*Y_ml)*exp(-bij*rij)
Fitted Atomtypes 
  None
Constrained Atomtypes 
               A        
CM(0)        0.412724
               A        
HM(0)        0.353814
------------
Dhf RMS Error: 3.70141e-04
Dhf Weighted RMS Error: 3.70141e-04
Dhf Weighted Absolute Error: -2.46089e-05
Dhf Weighted Least-Squares Error: 7.12847e-05
--------------------------------------------
Dispersion Parameters:
    Functional Form = 
	E(disp)_ij = sum_(n=6,8,10,12){A*fdamp_n*(Cij_n/r_ij^n)}
               C6              C8             C10             C12       
CM           5.544423       23.289281      120.277772      510.393921
HM           1.512843        6.550977       33.561806      144.894964
Fitted Atomtypes 
  None
Constrained Atomtypes 
               A        
CM(0)        1.219983
               A        
HM(0)        0.700000
------------
Dispersion RMS Error: 4.31834e-04
Dispersion Weighted RMS Error: 4.31834e-04
Dispersion Weighted Absolute Error: 2.00984e-05
Dispersion Weighted Least-Squares Error: 1.65274e-04
--------------------------------------------
Total Energy:
------------
Total Energy RMS Error: 5.66351e-04
Total Energy Weighted RMS Error: 5.66351e-04
Total Energy Weighted Absolute Error: 7.44207e-05
Total Energy Weighted Least-Squares Error: 6.44055e-05
--------------------------------------------
#########################################################################


