########################## FF Fitting Summary ###########################
--------------------------------------------
Program Version: 1.1.0
Short-range Functional Form: born-mayer
Combination Rules: aij = geometric
                   bij = geometric_mean
Electrostatic Damping Type: None
Thole Param: 0.39
Fitting weight: eff_mu = 0.0 Ha
                eff_kt = 0.0393 Ha
Weighted RMSE cutoff: 0.0 Ha
Anisotropic Atomtypes: N    HN   HO   OH   
All parameters have been radially corrected to account for Slater overlap
This radial correction is approximate, and is only rigorous for the case where bi = bj.
------------
Exponents (Optimized):
CO1(0)     2.473029
OH(0)      2.045763
CT3(0)     2.266849
N(0)       2.139747
HT3(0)     1.883541
HO(0)      2.218238
HN(0)      2.511767
------------
Monomer 1 Multipole File:
ethanol_ISA-GRID_L2.mom
Monomer 2 Multipole File:
nh3_ISA-GRID_L2.mom
--------------------------------------------
Exchange Parameters:
    Functional Form = 
	E(exch)_ij = A*K2(rij)*(1 + a_yml*Y_ml)*exp(-bij*rij)
    where the a coefficient for each spherical harmonic term Y_ml
    is listed in the parameters below and 
	K2(rij) = 1/3*(bij*rij)**2 + bij*rij + 1 
Fitted Atomtypes 
               A        
CO1(0)        4.321629
               A        
HT3(0)        0.323922
               A        
CT3(0)        3.735518
               A             a_y10           a_y20      
N(0)         4.013212        0.025777        0.442625
               A             a_y10           a_y20      
HN(0)        0.426350       -0.827918       -0.484096
               A             a_y10           a_y20      
HO(0)        0.618757        0.309207       -0.113076
               A             a_y10           a_y20           a_y22c     
OH(0)        1.142393       -1.000000       -0.012254       -1.000000
Constrained Atomtypes 
  None
------------
Exchange RMS Error: 5.40652e-04
Exchange Weighted RMS Error: 1.91897e-04
Exchange Weighted Absolute Error: 5.06933e-06
Exchange Weighted Least-Squares Error: 9.69887e-05
--------------------------------------------
Electrostatic Parameters:
    Functional Form = 
	E(elst)_ij = f_damp*qi*qj/rij - A*K2(rij)*(1 + a_yml*Y_ml)*exp(-bij*rij)
Fitted Atomtypes 
               A        
CO1(0)        3.021945
               A        
HT3(0)        0.158656
               A        
CT3(0)        2.298913
               A             a_y10           a_y20      
N(0)         2.803569        0.102322        0.485935
               A             a_y10           a_y20      
HN(0)        0.134350       -1.000000       -0.503903
               A             a_y10           a_y20      
HO(0)        0.266012        0.162946       -0.433585
               A             a_y10           a_y20           a_y22c     
OH(0)        0.788668       -0.952409       -0.022330       -1.000000
Constrained Atomtypes 
  None
------------
Electrostatics RMS Error: 2.43838e-04
Electrostatics Weighted RMS Error: 1.03620e-04
Electrostatics Weighted Absolute Error: -2.08640e-06
Electrostatics Weighted Least-Squares Error: 3.13259e-05
--------------------------------------------
Drude oscillator energy has been calculated using the following method: multipole-gradient
Induction Parameters:
    Functional Form = 
	E(ind)_ij = shell_charge - A*K2(rij)*(1 + a_yml*Y_ml)*exp(-bij*rij)
Fitted Atomtypes 
               A        
CO1(0)        1.531418
               A        
HT3(0)        0.177495
               A        
CT3(0)        1.752233
               A             a_y10           a_y20      
N(0)         0.132472        0.763952       -0.141181
               A             a_y10           a_y20      
HN(0)        0.019068       -1.000000        1.000000
               A             a_y10           a_y20      
HO(0)        0.247027       -1.000000        1.000000
               A             a_y10           a_y20           a_y22c     
OH(0)        1.713991        1.000000       -0.039673        0.829892
Constrained Atomtypes 
  None
------------
Induction RMS Error: 1.31657e-04
Induction Weighted RMS Error: 7.67008e-05
Induction Weighted Absolute Error: -1.54389e-05
Induction Weighted Least-Squares Error: 8.45423e-06
--------------------------------------------
DHF Parameters:
    Functional Form = 
	E(dhf)_ij = - A*K2(rij)*(1 + a_yml*Y_ml)*exp(-bij*rij)
Fitted Atomtypes 
               A        
CO1(0)        0.000000
               A        
HT3(0)        1.517560
               A        
CT3(0)        0.000000
               A             a_y10           a_y20      
N(0)         0.056302       -0.204473        0.582303
               A             a_y10           a_y20      
HN(0)        0.012622       -0.454000        0.087388
               A             a_y10           a_y20      
HO(0)        3.587131        0.925026        0.640486
               A             a_y10           a_y20           a_y22c     
OH(0)        3.284271       -1.000000       -0.160982       -0.574334
Constrained Atomtypes 
  None
------------
Dhf RMS Error: 7.18975e-05
Dhf Weighted RMS Error: 2.49613e-05
Dhf Weighted Absolute Error: 5.56407e-06
Dhf Weighted Least-Squares Error: 2.51414e-06
--------------------------------------------
Dispersion Parameters:
    Functional Form = 
	E(disp)_ij = sum_(n=6,8,10,12){A*fdamp_n*(Cij_n/r_ij^n)}
               C6              C8             C10             C12       
CO1          4.847096       18.798288       63.256519      202.859856
OH           3.819955       17.890308       89.856938      392.757676
CT3          4.847096       18.798288       63.256519      202.859856
N            4.878202       25.576829      142.574149      704.112767
HT3          1.498389        6.488268       33.240608        0.000000
HO           1.275466        4.018693       30.302404        0.000000
HN           1.306964        4.117935       31.050725        0.000000
Fitted Atomtypes 
               A        
CO1(0)        1.000000
               A        
HT3(0)        1.000000
               A        
CT3(0)        1.000000
               A             a_y10           a_y20      
N(0)         1.000000       -0.154688        0.271541
               A             a_y10           a_y20      
HN(0)        1.000000        0.041687        0.002678
               A             a_y10           a_y20      
HO(0)        1.000000        0.396682        0.154496
               A             a_y10           a_y20           a_y22c     
OH(0)        1.000000       -0.119193        0.007150        0.023777
Constrained Atomtypes 
  None
------------
Dispersion RMS Error: 1.33609e-04
Dispersion Weighted RMS Error: 5.78460e-05
Dispersion Weighted Absolute Error: -2.32794e-05
Dispersion Weighted Least-Squares Error: 9.26314e-06
--------------------------------------------
Total Energy:
------------
Total Energy RMS Error: 3.61272e-04
Total Energy Weighted RMS Error: 1.52168e-04
Total Energy Weighted Absolute Error: -3.01713e-05
Total Energy Weighted Least-Squares Error: 5.75165e-05
--------------------------------------------
#########################################################################


