########################## FF Fitting Summary ###########################
--------------------------------------------
Program Version: 1.1.0
Short-range Functional Form: born-mayer
Combination Rules: aij = geometric
                   bij = geometric_mean
Electrostatic Damping Type: None
Thole Param: 0.39
Fitting weight: eff_mu = 0.0 Ha
                eff_kt = 0.0157 Ha
Weighted RMSE cutoff: 0.0 Ha
Anisotropic Atomtypes: N    HN   HO   OH   
All parameters have been radially corrected to account for Slater overlap
This radial correction is approximate, and is only rigorous for the case where bi = bj.
------------
Exponents:
CO1(0)     2.281648
OH(0)      2.217384
CT3(0)     2.201202
N(0)       1.935779
HT3(0)     2.108033
HO(0)      2.530438
HN(0)      2.492792
------------
Monomer 1 Multipole File:
ethanol_ISA-GRID_L2.mom
Monomer 2 Multipole File:
nh3_ISA-GRID_L2.mom
--------------------------------------------
Exchange Parameters:
    Functional Form = 
	E(exch)_ij = A*K2(rij)*(1 + a_yml*Y_ml)*exp(-bij*rij)
    where the a coefficient for each spherical harmonic term Y_ml
    is listed in the parameters below and 
	K2(rij) = 1/3*(bij*rij)**2 + bij*rij + 1 
Fitted Atomtypes 
  None
Constrained Atomtypes 
               A        
CO1(0)        3.368483
               A             a_y10           a_y20           a_y22c     
OH(0)        1.637005       -1.000000       -0.019722       -0.994158
               A        
CT3(0)        3.419333
               A             a_y10           a_y20      
N(0)         2.373201       -0.005339        0.434163
               A        
HT3(0)        0.488420
               A             a_y10           a_y20      
HO(0)        1.318171        0.655765        0.138145
               A             a_y10           a_y20      
HN(0)        0.608786        0.038133       -0.050896
------------
Exchange RMS Error: 5.99743e-04
Exchange Weighted RMS Error: 2.14133e-04
Exchange Weighted Absolute Error: 5.32771e-05
Exchange Weighted Least-Squares Error: 6.73103e-05
--------------------------------------------
Electrostatic Parameters:
    Functional Form = 
	E(elst)_ij = f_damp*qi*qj/rij - A*K2(rij)*(1 + a_yml*Y_ml)*exp(-bij*rij)
Fitted Atomtypes 
  None
Constrained Atomtypes 
               A        
CO1(0)        2.430429
               A             a_y10           a_y20           a_y22c     
OH(0)        1.093803       -0.888611       -0.045701       -1.000000
               A        
CT3(0)        2.114795
               A             a_y10           a_y20      
N(0)         1.844774        0.120323        0.399345
               A        
HT3(0)        0.238557
               A             a_y10           a_y20      
HO(0)        0.843400        0.974642        0.295589
               A             a_y10           a_y20      
HN(0)        0.185500        0.624195        0.448310
------------
Electrostatics RMS Error: 3.10777e-04
Electrostatics Weighted RMS Error: 1.28560e-04
Electrostatics Weighted Absolute Error: -1.93827e-05
Electrostatics Weighted Least-Squares Error: 6.00438e-05
--------------------------------------------
Drude oscillator energy has been calculated using the following method: multipole-gradient
Induction Parameters:
    Functional Form = 
	E(ind)_ij = shell_charge - A*K2(rij)*(1 + a_yml*Y_ml)*exp(-bij*rij)
Fitted Atomtypes 
  None
Constrained Atomtypes 
               A        
CO1(0)        0.506190
               A             a_y10           a_y20           a_y22c     
OH(0)        0.000000        0.329641       -0.081524        0.114269
               A        
CT3(0)        0.302844
               A             a_y10           a_y20      
N(0)         0.000000        0.497121       -0.604139
               A        
HT3(0)        0.091465
               A             a_y10           a_y20      
HO(0)        0.144820       -1.000000       -0.875845
               A             a_y10           a_y20      
HN(0)        0.338537        0.808333        0.445368
------------
Induction RMS Error: 1.44551e-04
Induction Weighted RMS Error: 8.91130e-05
Induction Weighted Absolute Error: -2.02734e-05
Induction Weighted Least-Squares Error: 1.05043e-05
--------------------------------------------
DHF Parameters:
    Functional Form = 
	E(dhf)_ij = - A*K2(rij)*(1 + a_yml*Y_ml)*exp(-bij*rij)
Fitted Atomtypes 
  None
Constrained Atomtypes 
               A        
CO1(0)        0.019216
               A             a_y10           a_y20           a_y22c     
OH(0)        0.414648       -1.000000       -0.162284       -0.590865
               A        
CT3(0)        0.129416
               A             a_y10           a_y20      
N(0)         0.434665       -0.308669        0.426519
               A        
HT3(0)        0.179148
               A             a_y10           a_y20      
HO(0)        0.295698        0.564217        0.500180
               A             a_y10           a_y20      
HN(0)        0.136424       -1.000000        0.004776
------------
Dhf RMS Error: 9.40810e-05
Dhf Weighted RMS Error: 3.83168e-05
Dhf Weighted Absolute Error: 1.02314e-06
Dhf Weighted Least-Squares Error: 4.42649e-06
--------------------------------------------
Dispersion Parameters:
    Functional Form = 
	E(disp)_ij = sum_(n=6,8,10,12){A*fdamp_n*(Cij_n/r_ij^n)}
               C6              C8             C10             C12       
CO1          4.847096       18.798288       63.256519      202.859856
CT3          4.847096       18.798288       63.256519      202.859856
OH           3.819955       17.890308       89.856938      392.757676
N            4.878202       25.576829      142.574149      704.112767
HT3          1.498389        6.488268       33.240608        0.000000
HO           1.275466        4.018693       30.302404        0.000000
HN           1.306964        4.117935       31.050725        0.000000
Fitted Atomtypes 
  None
Constrained Atomtypes 
               A        
CO1(0)        1.000000
               A             a_y10           a_y20           a_y22c     
OH(0)        1.000000       -0.119585        0.042468       -0.036605
               A        
CT3(0)        1.000000
               A             a_y10           a_y20      
N(0)         1.000000       -0.143468        0.247158
               A        
HT3(0)        1.000000
               A             a_y10           a_y20      
HO(0)        1.000000        0.362878        0.127960
               A             a_y10           a_y20      
HN(0)        1.000000        0.291263        0.156676
------------
Dispersion RMS Error: 1.37001e-04
Dispersion Weighted RMS Error: 7.39235e-05
Dispersion Weighted Absolute Error: -3.92258e-05
Dispersion Weighted Least-Squares Error: 1.06070e-05
--------------------------------------------
Total Energy:
------------
Total Energy RMS Error: 4.23664e-04
Total Energy Weighted RMS Error: 1.50131e-04
Total Energy Weighted Absolute Error: -2.45817e-05
Total Energy Weighted Least-Squares Error: 6.61498e-05
--------------------------------------------
#########################################################################


