########################## FF Fitting Summary ###########################
--------------------------------------------
Program Version: 1.1.0
Short-range Functional Form: born-mayer
Combination Rules: aij = geometric
                   bij = geometric_mean
Electrostatic Damping Type: None
Thole Param: 0.39
Fitting weight: eff_mu = 0.0 Ha
                eff_kt = 0.0393 Ha
Weighted RMSE cutoff: 0.0 Ha
Anisotropic Atomtypes: None
All parameters have been radially corrected to account for Slater overlap
This radial correction is approximate, and is only rigorous for the case where bi = bj.
------------
Exponents (Optimized):
CO1(0)     2.340653
OH(0)      2.211832
CT3(0)     1.859229
N(0)       2.206346
HT3(0)     2.098916
HO(0)      2.070708
HN(0)      2.023974
------------
Monomer 1 Multipole File:
ethanol_ISA-GRID_L0.mom
Monomer 2 Multipole File:
nh3_ISA-GRID_L0.mom
--------------------------------------------
Exchange Parameters:
    Functional Form = 
	E(exch)_ij = A*K2(rij)*(1 + a_yml*Y_ml)*exp(-bij*rij)
    where the a coefficient for each spherical harmonic term Y_ml
    is listed in the parameters below and 
	K2(rij) = 1/3*(bij*rij)**2 + bij*rij + 1 
Fitted Atomtypes 
               A        
CO1(0)        3.653966
               A        
OH(0)        3.290579
               A        
CT3(0)        1.639285
               A        
N(0)         4.631414
               A        
HT3(0)        0.465293
               A        
HO(0)        0.190455
               A        
HN(0)        0.247449
Constrained Atomtypes 
  None
------------
Exchange RMS Error: 1.51143e-03
Exchange Weighted RMS Error: 1.51143e-03
Exchange Weighted Absolute Error: 2.12398e-05
Exchange Weighted Least-Squares Error: 7.18921e-04
--------------------------------------------
Electrostatic Parameters:
    Functional Form = 
	E(elst)_ij = f_damp*qi*qj/rij - A*K2(rij)*(1 + a_yml*Y_ml)*exp(-bij*rij)
Fitted Atomtypes 
               A        
CO1(0)        2.699238
               A        
OH(0)        2.604745
               A        
CT3(0)        1.082921
               A        
N(0)         2.504784
               A        
HT3(0)        0.313035
               A        
HO(0)        0.051334
               A        
HN(0)        0.082378
Constrained Atomtypes 
  None
------------
Electrostatics RMS Error: 8.36783e-04
Electrostatics Weighted RMS Error: 8.36783e-04
Electrostatics Weighted Absolute Error: -8.50826e-06
Electrostatics Weighted Least-Squares Error: 3.58705e-04
--------------------------------------------
Drude oscillator energy has been calculated using the following method: multipole-gradient
Induction Parameters:
    Functional Form = 
	E(ind)_ij = shell_charge - A*K2(rij)*(1 + a_yml*Y_ml)*exp(-bij*rij)
Fitted Atomtypes 
               A        
CO1(0)        0.848846
               A        
OH(0)        0.000000
               A        
CT3(0)        1.103724
               A        
N(0)         0.037983
               A        
HT3(0)        0.245598
               A        
HO(0)        0.951981
               A        
HN(0)        0.014507
Constrained Atomtypes 
  None
------------
Induction RMS Error: 1.39980e-04
Induction Weighted RMS Error: 1.39980e-04
Induction Weighted Absolute Error: 3.83480e-06
Induction Weighted Least-Squares Error: 9.53124e-06
--------------------------------------------
DHF Parameters:
    Functional Form = 
	E(dhf)_ij = - A*K2(rij)*(1 + a_yml*Y_ml)*exp(-bij*rij)
Fitted Atomtypes 
               A        
CO1(0)        2.239348
               A        
OH(0)      237.432307
               A        
CT3(0)        0.000000
               A        
N(0)         0.002798
               A        
HT3(0)       60.884859
               A        
HO(0)       30.429252
               A        
HN(0)        0.000198
Constrained Atomtypes 
  None
------------
Dhf RMS Error: 1.17633e-04
Dhf Weighted RMS Error: 1.17633e-04
Dhf Weighted Absolute Error: -3.12946e-06
Dhf Weighted Least-Squares Error: 6.72599e-06
--------------------------------------------
Dispersion Parameters:
    Functional Form = 
	E(disp)_ij = sum_(n=6,8,10,12){A*fdamp_n*(Cij_n/r_ij^n)}
               C6              C8             C10             C12       
CO1          4.847096       18.798288       63.256519      202.859856
OH           3.819955       17.890308       89.856938      392.757676
CT3          4.847096       18.798288       63.256519      202.859856
N            4.878202       25.576829      142.574149      704.112767
HT3          1.498389        6.488268       33.240608        0.000000
HO           1.275466        4.018693       30.302404        0.000000
HN           1.306964        4.117935       31.050725        0.000000
Fitted Atomtypes 
               A        
CO1(0)        1.000000
               A        
OH(0)        1.000000
               A        
CT3(0)        1.000000
               A        
N(0)         1.000000
               A        
HT3(0)        1.000000
               A        
HO(0)        1.000000
               A        
HN(0)        1.000000
Constrained Atomtypes 
  None
------------
Dispersion RMS Error: 3.72237e-04
Dispersion Weighted RMS Error: 3.72237e-04
Dispersion Weighted Absolute Error: -6.96376e-05
Dispersion Weighted Least-Squares Error: 7.26289e-05
--------------------------------------------
Total Energy:
------------
Total Energy RMS Error: 1.23389e-03
Total Energy Weighted RMS Error: 1.23389e-03
Total Energy Weighted Absolute Error: -5.62007e-05
Total Energy Weighted Least-Squares Error: 6.59495e-04
--------------------------------------------
#########################################################################


