########################## FF Fitting Summary ###########################
--------------------------------------------
Program Version: 1.1.0
Short-range Functional Form: born-mayer
Combination Rules: aij = geometric
                   bij = geometric_mean
Electrostatic Damping Type: None
Thole Param: 0.39
Fitting weight: eff_mu = 0.0 Ha
                eff_kt = 0.0157 Ha
Weighted RMSE cutoff: 0.0 Ha
Anisotropic Atomtypes: None
All parameters have been radially corrected to account for Slater overlap
This radial correction is approximate, and is only rigorous for the case where bi = bj.
------------
Exponents:
CO1(0)     2.085249
OH(0)      2.320183
CT3(0)     2.128250
N(0)       2.042178
HT3(0)     2.123152
HO(0)      2.319496
HN(0)      2.213238
------------
Monomer 1 Multipole File:
ethanol_ISA-GRID_L0.mom
Monomer 2 Multipole File:
nh3_ISA-GRID_L0.mom
--------------------------------------------
Exchange Parameters:
    Functional Form = 
	E(exch)_ij = A*K2(rij)*(1 + a_yml*Y_ml)*exp(-bij*rij)
    where the a coefficient for each spherical harmonic term Y_ml
    is listed in the parameters below and 
	K2(rij) = 1/3*(bij*rij)**2 + bij*rij + 1 
Fitted Atomtypes 
  None
Constrained Atomtypes 
               A        
CO1(0)        2.125640
               A        
OH(0)        4.053201
               A        
CT3(0)        2.903701
               A        
N(0)         3.261484
               A        
HT3(0)        0.492497
               A        
HO(0)        0.307989
               A        
HN(0)        0.325609
------------
Exchange RMS Error: 1.56593e-03
Exchange Weighted RMS Error: 1.56593e-03
Exchange Weighted Absolute Error: 6.39577e-05
Exchange Weighted Least-Squares Error: 3.89816e-04
--------------------------------------------
Electrostatic Parameters:
    Functional Form = 
	E(elst)_ij = f_damp*qi*qj/rij - A*K2(rij)*(1 + a_yml*Y_ml)*exp(-bij*rij)
Fitted Atomtypes 
  None
Constrained Atomtypes 
               A        
CO1(0)        1.257267
               A        
OH(0)        2.660989
               A        
CT3(0)        1.579392
               A        
N(0)         2.274587
               A        
HT3(0)        0.262795
               A        
HO(0)        0.117476
               A        
HN(0)        0.104000
------------
Electrostatics RMS Error: 8.63626e-04
Electrostatics Weighted RMS Error: 8.63626e-04
Electrostatics Weighted Absolute Error: -1.25646e-05
Electrostatics Weighted Least-Squares Error: 4.21944e-04
--------------------------------------------
Drude oscillator energy has been calculated using the following method: multipole-gradient
Induction Parameters:
    Functional Form = 
	E(ind)_ij = shell_charge - A*K2(rij)*(1 + a_yml*Y_ml)*exp(-bij*rij)
Fitted Atomtypes 
  None
Constrained Atomtypes 
               A        
CO1(0)        0.290389
               A        
OH(0)        0.000000
               A        
CT3(0)        0.277652
               A        
N(0)         0.058494
               A        
HT3(0)        0.088171
               A        
HO(0)        0.190736
               A        
HN(0)        0.122002
------------
Induction RMS Error: 1.47192e-04
Induction Weighted RMS Error: 1.47192e-04
Induction Weighted Absolute Error: 3.19672e-06
Induction Weighted Least-Squares Error: 1.08475e-05
--------------------------------------------
DHF Parameters:
    Functional Form = 
	E(dhf)_ij = - A*K2(rij)*(1 + a_yml*Y_ml)*exp(-bij*rij)
Fitted Atomtypes 
  None
Constrained Atomtypes 
               A        
CO1(0)        0.000000
               A        
OH(0)        0.896811
               A        
CT3(0)        0.160524
               A        
N(0)         0.586544
               A        
HT3(0)        0.177453
               A        
HO(0)        0.099671
               A        
HN(0)        0.113226
------------
Dhf RMS Error: 1.37932e-04
Dhf Weighted RMS Error: 1.37932e-04
Dhf Weighted Absolute Error: -7.06829e-06
Dhf Weighted Least-Squares Error: 9.55680e-06
--------------------------------------------
Dispersion Parameters:
    Functional Form = 
	E(disp)_ij = sum_(n=6,8,10,12){A*fdamp_n*(Cij_n/r_ij^n)}
               C6              C8             C10             C12       
CO1          4.847096       18.798288       63.256519      202.859856
CT3          4.847096       18.798288       63.256519      202.859856
OH           3.819955       17.890308       89.856938      392.757676
N            4.878202       25.576829      142.574149      704.112767
HT3          1.498389        6.488268       33.240608        0.000000
HO           1.275466        4.018693       30.302404        0.000000
HN           1.306964        4.117935       31.050725        0.000000
Fitted Atomtypes 
  None
Constrained Atomtypes 
               A        
CO1(0)        1.000000
               A        
OH(0)        1.000000
               A        
CT3(0)        1.000000
               A        
N(0)         1.000000
               A        
HT3(0)        1.000000
               A        
HO(0)        1.000000
               A        
HN(0)        1.000000
------------
Dispersion RMS Error: 3.44557e-04
Dispersion Weighted RMS Error: 3.44557e-04
Dispersion Weighted Absolute Error: -2.68544e-05
Dispersion Weighted Least-Squares Error: 6.92131e-05
--------------------------------------------
Total Energy:
------------
Total Energy RMS Error: 1.24870e-03
Total Energy Weighted RMS Error: 1.24870e-03
Total Energy Weighted Absolute Error: 2.06672e-05
Total Energy Weighted Least-Squares Error: 5.71437e-04
--------------------------------------------
#########################################################################


