########################## FF Fitting Summary ###########################
--------------------------------------------
Program Version: 1.1.0
Short-range Functional Form: born-mayer
Combination Rules: aij = geometric
                   bij = geometric_mean
Electrostatic Damping Type: None
Thole Param: 0.39
Fitting weight: eff_mu = 0.0 Ha
                eff_kt = 0.0157 Ha
Weighted RMSE cutoff: 0.0 Ha
Anisotropic Atomtypes: None
All parameters have been radially corrected to account for Slater overlap
This radial correction is approximate, and is only rigorous for the case where bi = bj.
------------
Exponents:
CO1(0)     2.085249
OH(0)      2.320183
CT3(0)     2.128250
N(0)       2.042178
HT3(0)     2.123152
HO(0)      2.319496
HN(0)      2.213238
------------
Monomer 1 Multipole File:
ethanol_ISA-GRID_L2.mom
Monomer 2 Multipole File:
nh3_ISA-GRID_L2.mom
--------------------------------------------
Exchange Parameters:
    Functional Form = 
	E(exch)_ij = A*K2(rij)*(1 + a_yml*Y_ml)*exp(-bij*rij)
    where the a coefficient for each spherical harmonic term Y_ml
    is listed in the parameters below and 
	K2(rij) = 1/3*(bij*rij)**2 + bij*rij + 1 
Fitted Atomtypes 
  None
Constrained Atomtypes 
               A        
CO1(0)        2.125640
               A        
OH(0)        4.053201
               A        
CT3(0)        2.903701
               A        
N(0)         3.261484
               A        
HT3(0)        0.492497
               A        
HO(0)        0.307989
               A        
HN(0)        0.325609
------------
Exchange RMS Error: 1.56593e-03
Exchange Weighted RMS Error: 1.56593e-03
Exchange Weighted Absolute Error: 6.39577e-05
Exchange Weighted Least-Squares Error: 3.89816e-04
--------------------------------------------
Electrostatic Parameters:
    Functional Form = 
	E(elst)_ij = f_damp*qi*qj/rij - A*K2(rij)*(1 + a_yml*Y_ml)*exp(-bij*rij)
Fitted Atomtypes 
  None
Constrained Atomtypes 
               A        
CO1(0)        1.673365
               A        
OH(0)        2.666063
               A        
CT3(0)        1.792081
               A        
N(0)         2.294156
               A        
HT3(0)        0.235419
               A        
HO(0)        0.089002
               A        
HN(0)        0.105210
------------
Electrostatics RMS Error: 8.03339e-04
Electrostatics Weighted RMS Error: 8.03339e-04
Electrostatics Weighted Absolute Error: -1.33123e-05
Electrostatics Weighted Least-Squares Error: 4.14806e-04
--------------------------------------------
Drude oscillator energy has been calculated using the following method: multipole-gradient
Induction Parameters:
    Functional Form = 
	E(ind)_ij = shell_charge - A*K2(rij)*(1 + a_yml*Y_ml)*exp(-bij*rij)
Fitted Atomtypes 
  None
Constrained Atomtypes 
               A        
CO1(0)        0.246765
               A        
OH(0)        0.000000
               A        
CT3(0)        0.199758
               A        
N(0)         0.064204
               A        
HT3(0)        0.100069
               A        
HO(0)        0.160473
               A        
HN(0)        0.134932
------------
Induction RMS Error: 1.43008e-04
Induction Weighted RMS Error: 1.43008e-04
Induction Weighted Absolute Error: -1.49111e-05
Induction Weighted Least-Squares Error: 1.02812e-05
--------------------------------------------
DHF Parameters:
    Functional Form = 
	E(dhf)_ij = - A*K2(rij)*(1 + a_yml*Y_ml)*exp(-bij*rij)
Fitted Atomtypes 
  None
Constrained Atomtypes 
               A        
CO1(0)        0.000000
               A        
OH(0)        0.895658
               A        
CT3(0)        0.157719
               A        
N(0)         0.590966
               A        
HT3(0)        0.177798
               A        
HO(0)        0.099979
               A        
HN(0)        0.112741
------------
Dhf RMS Error: 1.33695e-04
Dhf Weighted RMS Error: 1.33695e-04
Dhf Weighted Absolute Error: -7.64642e-06
Dhf Weighted Least-Squares Error: 8.95135e-06
--------------------------------------------
Dispersion Parameters:
    Functional Form = 
	E(disp)_ij = sum_(n=6,8,10,12){A*fdamp_n*(Cij_n/r_ij^n)}
               C6              C8             C10             C12       
CO1          4.847096       18.798288       63.256519      202.859856
CT3          4.847096       18.798288       63.256519      202.859856
OH           3.819955       17.890308       89.856938      392.757676
N            4.878202       25.576829      142.574149      704.112767
HT3          1.498389        6.488268       33.240608        0.000000
HO           1.275466        4.018693       30.302404        0.000000
HN           1.306964        4.117935       31.050725        0.000000
Fitted Atomtypes 
  None
Constrained Atomtypes 
               A        
CO1(0)        0.701868
               A        
OH(0)        1.141449
               A        
CT3(0)        0.818304
               A        
N(0)         1.241149
               A        
HT3(0)        1.173558
               A        
HO(0)        0.740401
               A        
HN(0)        0.751615
------------
Dispersion RMS Error: 2.11920e-04
Dispersion Weighted RMS Error: 2.11920e-04
Dispersion Weighted Absolute Error: -1.86633e-05
Dispersion Weighted Least-Squares Error: 2.60464e-05
--------------------------------------------
Total Energy:
------------
Total Energy RMS Error: 6.66723e-04
Total Energy Weighted RMS Error: 6.66723e-04
Total Energy Weighted Absolute Error: 9.42471e-06
Total Energy Weighted Least-Squares Error: 1.57974e-04
--------------------------------------------
#########################################################################


