########################## FF Fitting Summary ###########################
--------------------------------------------
Program Version: 1.1.0
Short-range Functional Form: born-mayer
Combination Rules: aij = geometric
                   bij = geometric_mean
Electrostatic Damping Type: None
Thole Param: 0.39
Fitting weight: eff_mu = 0.0 Ha
                eff_kt = 0.0393 Ha
Weighted RMSE cutoff: 0.0 Ha
Anisotropic Atomtypes: None
All parameters have been radially corrected to account for Slater overlap
This radial correction is approximate, and is only rigorous for the case where bi = bj.
------------
Exponents (Optimized):
CO1(0)     2.340653
OH(0)      2.211832
CT3(0)     1.859229
N(0)       2.206346
HT3(0)     2.098916
HO(0)      2.070708
HN(0)      2.023974
------------
Monomer 1 Multipole File:
ethanol_ISA-GRID_L2.mom
Monomer 2 Multipole File:
nh3_ISA-GRID_L2.mom
--------------------------------------------
Exchange Parameters:
    Functional Form = 
	E(exch)_ij = A*K2(rij)*(1 + a_yml*Y_ml)*exp(-bij*rij)
    where the a coefficient for each spherical harmonic term Y_ml
    is listed in the parameters below and 
	K2(rij) = 1/3*(bij*rij)**2 + bij*rij + 1 
Fitted Atomtypes 
               A        
CO1(0)        3.653966
               A        
OH(0)        3.290579
               A        
CT3(0)        1.639285
               A        
N(0)         4.631414
               A        
HT3(0)        0.465293
               A        
HO(0)        0.190455
               A        
HN(0)        0.247449
Constrained Atomtypes 
  None
------------
Exchange RMS Error: 1.51143e-03
Exchange Weighted RMS Error: 1.51143e-03
Exchange Weighted Absolute Error: 2.12398e-05
Exchange Weighted Least-Squares Error: 7.18921e-04
--------------------------------------------
Electrostatic Parameters:
    Functional Form = 
	E(elst)_ij = f_damp*qi*qj/rij - A*K2(rij)*(1 + a_yml*Y_ml)*exp(-bij*rij)
Fitted Atomtypes 
               A        
CO1(0)        3.190524
               A        
OH(0)        2.875746
               A        
CT3(0)        1.146071
               A        
N(0)         2.494310
               A        
HT3(0)        0.288280
               A        
HO(0)        0.029093
               A        
HN(0)        0.082730
Constrained Atomtypes 
  None
------------
Electrostatics RMS Error: 7.65604e-04
Electrostatics Weighted RMS Error: 7.65604e-04
Electrostatics Weighted Absolute Error: 3.67059e-06
Electrostatics Weighted Least-Squares Error: 3.15430e-04
--------------------------------------------
Drude oscillator energy has been calculated using the following method: multipole-gradient
Induction Parameters:
    Functional Form = 
	E(ind)_ij = shell_charge - A*K2(rij)*(1 + a_yml*Y_ml)*exp(-bij*rij)
Fitted Atomtypes 
               A        
CO1(0)        1.047626
               A        
OH(0)        0.000000
               A        
CT3(0)        0.862380
               A        
N(0)         0.010682
               A        
HT3(0)        0.303858
               A        
HO(0)        0.682578
               A        
HN(0)        0.023850
Constrained Atomtypes 
  None
------------
Induction RMS Error: 1.36479e-04
Induction Weighted RMS Error: 1.36479e-04
Induction Weighted Absolute Error: -1.23352e-05
Induction Weighted Least-Squares Error: 9.08358e-06
--------------------------------------------
DHF Parameters:
    Functional Form = 
	E(dhf)_ij = - A*K2(rij)*(1 + a_yml*Y_ml)*exp(-bij*rij)
Fitted Atomtypes 
               A        
CO1(0)        4.545169
               A        
OH(0)      212.798170
               A        
CT3(0)        0.000000
               A        
N(0)         0.003216
               A        
HT3(0)       52.688975
               A        
HO(0)       25.383134
               A        
HN(0)        0.000234
Constrained Atomtypes 
  None
------------
Dhf RMS Error: 1.15193e-04
Dhf Weighted RMS Error: 1.15193e-04
Dhf Weighted Absolute Error: -2.41583e-06
Dhf Weighted Least-Squares Error: 6.44384e-06
--------------------------------------------
Dispersion Parameters:
    Functional Form = 
	E(disp)_ij = sum_(n=6,8,10,12){A*fdamp_n*(Cij_n/r_ij^n)}
               C6              C8             C10             C12       
CO1          4.847096       18.798288       63.256519      202.859856
OH           3.819955       17.890308       89.856938      392.757676
CT3          4.847096       18.798288       63.256519      202.859856
N            4.878202       25.576829      142.574149      704.112767
HT3          1.498389        6.488268       33.240608        0.000000
HO           1.275466        4.018693       30.302404        0.000000
HN           1.306964        4.117935       31.050725        0.000000
Fitted Atomtypes 
               A        
CO1(0)        0.700000
               A        
OH(0)        1.300000
               A        
CT3(0)        1.051919
               A        
N(0)         1.058074
               A        
HT3(0)        1.292653
               A        
HO(0)        0.884437
               A        
HN(0)        0.782201
Constrained Atomtypes 
  None
------------
Dispersion RMS Error: 1.98325e-04
Dispersion Weighted RMS Error: 1.98325e-04
Dispersion Weighted Absolute Error: -2.17442e-06
Dispersion Weighted Least-Squares Error: 2.03190e-05
--------------------------------------------
Total Energy:
------------
Total Energy RMS Error: 6.37273e-04
Total Energy Weighted RMS Error: 6.37273e-04
Total Energy Weighted Absolute Error: 7.98498e-06
Total Energy Weighted Least-Squares Error: 1.71539e-04
--------------------------------------------
#########################################################################


########################## FF Fitting Summary ###########################
--------------------------------------------
Program Version: 1.1.0
Short-range Functional Form: born-mayer
Combination Rules: aij = geometric
                   bij = geometric_mean
Electrostatic Damping Type: None
Thole Param: 0.39
Fitting weight: eff_mu = 0.0 Ha
                eff_kt = 0.0393 Ha
Weighted RMSE cutoff: 0.0 Ha
Anisotropic Atomtypes: None
All parameters have been radially corrected to account for Slater overlap
This radial correction is approximate, and is only rigorous for the case where bi = bj.
------------
Exponents (Optimized):
CO1(0)     2.340653
OH(0)      2.211832
CT3(0)     1.859229
N(0)       2.206346
HT3(0)     2.098916
HO(0)      2.070708
HN(0)      2.023974
------------
Monomer 1 Multipole File:
ethanol_ISA-GRID_L2.mom
Monomer 2 Multipole File:
nh3_ISA-GRID_L2.mom
--------------------------------------------
Exchange Parameters:
    Functional Form = 
	E(exch)_ij = A*K2(rij)*(1 + a_yml*Y_ml)*exp(-bij*rij)
    where the a coefficient for each spherical harmonic term Y_ml
    is listed in the parameters below and 
	K2(rij) = 1/3*(bij*rij)**2 + bij*rij + 1 
Fitted Atomtypes 
               A        
CO1(0)        3.653966
               A        
OH(0)        3.290579
               A        
CT3(0)        1.639285
               A        
N(0)         4.631414
               A        
HT3(0)        0.465293
               A        
HO(0)        0.190455
               A        
HN(0)        0.247449
Constrained Atomtypes 
  None
------------
Exchange RMS Error: 1.51143e-03
Exchange Weighted RMS Error: 1.51143e-03
Exchange Weighted Absolute Error: 2.12398e-05
Exchange Weighted Least-Squares Error: 7.18921e-04
--------------------------------------------
Electrostatic Parameters:
    Functional Form = 
	E(elst)_ij = f_damp*qi*qj/rij - A*K2(rij)*(1 + a_yml*Y_ml)*exp(-bij*rij)
Fitted Atomtypes 
               A        
CO1(0)        3.190524
               A        
OH(0)        2.875746
               A        
CT3(0)        1.146071
               A        
N(0)         2.494310
               A        
HT3(0)        0.288280
               A        
HO(0)        0.029093
               A        
HN(0)        0.082730
Constrained Atomtypes 
  None
------------
Electrostatics RMS Error: 7.65604e-04
Electrostatics Weighted RMS Error: 7.65604e-04
Electrostatics Weighted Absolute Error: 3.67059e-06
Electrostatics Weighted Least-Squares Error: 3.15430e-04
--------------------------------------------
Drude oscillator energy has been calculated using the following method: multipole-gradient
Induction Parameters:
    Functional Form = 
	E(ind)_ij = shell_charge - A*K2(rij)*(1 + a_yml*Y_ml)*exp(-bij*rij)
Fitted Atomtypes 
               A        
CO1(0)        1.068248
               A        
OH(0)        0.000000
               A        
CT3(0)        0.879360
               A        
N(0)         0.010476
               A        
HT3(0)        0.309839
               A        
HO(0)        0.696016
               A        
HN(0)        0.023390
Constrained Atomtypes 
  None
------------
Induction RMS Error: 1.36480e-04
Induction Weighted RMS Error: 1.36480e-04
Induction Weighted Absolute Error: -1.23351e-05
Induction Weighted Least-Squares Error: 9.08360e-06
--------------------------------------------
DHF Parameters:
    Functional Form = 
	E(dhf)_ij = - A*K2(rij)*(1 + a_yml*Y_ml)*exp(-bij*rij)
Fitted Atomtypes 
               A        
CO1(0)        0.000000
               A        
OH(0)      130.376942
               A        
CT3(0)        0.000000
               A        
N(0)         0.005245
               A        
HT3(0)       32.390259
               A        
HO(0)       15.645062
               A        
HN(0)        0.000381
Constrained Atomtypes 
  None
------------
Dhf RMS Error: 1.15115e-04
Dhf Weighted RMS Error: 1.15115e-04
Dhf Weighted Absolute Error: -2.35536e-06
Dhf Weighted Least-Squares Error: 6.43507e-06
--------------------------------------------
Dispersion Parameters:
    Functional Form = 
	E(disp)_ij = sum_(n=6,8,10,12){A*fdamp_n*(Cij_n/r_ij^n)}
               C6              C8             C10             C12       
CO1          4.847096       18.798288       63.256519      202.859856
OH           3.819955       17.890308       89.856938      392.757676
CT3          4.847096       18.798288       63.256519      202.859856
N            4.878202       25.576829      142.574149      704.112767
HT3          1.498389        6.488268       33.240608        0.000000
HO           1.275466        4.018693       30.302404        0.000000
HN           1.306964        4.117935       31.050725        0.000000
Fitted Atomtypes 
               A        
CO1(0)        0.700000
               A        
OH(0)        1.300000
               A        
CT3(0)        1.051919
               A        
N(0)         1.058074
               A        
HT3(0)        1.292653
               A        
HO(0)        0.884437
               A        
HN(0)        0.782201
Constrained Atomtypes 
  None
------------
Dispersion RMS Error: 1.98325e-04
Dispersion Weighted RMS Error: 1.98325e-04
Dispersion Weighted Absolute Error: -2.17442e-06
Dispersion Weighted Least-Squares Error: 2.03190e-05
--------------------------------------------
Total Energy:
------------
Total Energy RMS Error: 6.37126e-04
Total Energy Weighted RMS Error: 6.37126e-04
Total Energy Weighted Absolute Error: 8.04555e-06
Total Energy Weighted Least-Squares Error: 1.71465e-04
--------------------------------------------
#########################################################################


