########################## FF Fitting Summary ###########################
--------------------------------------------
Program Version: 1.1.0
Short-range Functional Form: born-mayer
Combination Rules: aij = geometric
                   bij = geometric_mean
Electrostatic Damping Type: None
Thole Param: 0.39
Fitting weight: eff_mu = 0.0 Ha
                eff_kt = 0.013 Ha
Weighted RMSE cutoff: 0.0 Ha
Anisotropic Atomtypes: HO   O    OH   
All parameters have been radially corrected to account for Slater overlap
This radial correction is approximate, and is only rigorous for the case where bi = bj.
------------
Exponents:
CO1(0)     2.281648
CO(0)      2.102972
OH(0)      2.217384
CT3(0)     2.201202
O(0)       2.290632
HT7(0)     2.199197
HT3(0)     2.108033
HO(0)      2.530438
------------
Monomer 1 Multipole File:
dimethyl_ether_ISA-GRID_L2.mom
Monomer 2 Multipole File:
ethanol_ISA-GRID_L2.mom
--------------------------------------------
Exchange Parameters:
    Functional Form = 
	E(exch)_ij = A*K2(rij)*(1 + a_yml*Y_ml)*exp(-bij*rij)
    where the a coefficient for each spherical harmonic term Y_ml
    is listed in the parameters below and 
	K2(rij) = 1/3*(bij*rij)**2 + bij*rij + 1 
Fitted Atomtypes 
  None
Constrained Atomtypes 
               A        
CO1(0)        3.368483
               A        
CO(0)        2.394140
               A             a_y10           a_y20           a_y22c     
OH(0)        1.637005       -1.000000       -0.019722       -0.994158
               A        
CT3(0)        3.419333
               A             a_y10           a_y20           a_y22c     
O(0)         1.716903       -0.748190        0.479788       -1.000000
               A        
HT7(0)        0.610126
               A        
HT3(0)        0.488420
               A             a_y10           a_y20      
HO(0)        1.318171        0.655765        0.138145
------------
Exchange RMS Error: 7.87672e-04
Exchange Weighted RMS Error: 2.76533e-04
Exchange Weighted Absolute Error: -6.57769e-06
Exchange Weighted Least-Squares Error: 7.26937e-05
--------------------------------------------
Electrostatic Parameters:
    Functional Form = 
	E(elst)_ij = f_damp*qi*qj/rij - A*K2(rij)*(1 + a_yml*Y_ml)*exp(-bij*rij)
Fitted Atomtypes 
  None
Constrained Atomtypes 
               A        
CO1(0)        2.430429
               A        
CO(0)        1.542017
               A             a_y10           a_y20           a_y22c     
OH(0)        1.093803       -0.888611       -0.045701       -1.000000
               A        
CT3(0)        2.114795
               A             a_y10           a_y20           a_y22c     
O(0)         1.133586       -0.873385        0.246797       -1.000000
               A        
HT7(0)        0.305230
               A        
HT3(0)        0.238557
               A             a_y10           a_y20      
HO(0)        0.843400        0.974642        0.295589
------------
Electrostatics RMS Error: 3.27049e-04
Electrostatics Weighted RMS Error: 1.32963e-04
Electrostatics Weighted Absolute Error: 1.17821e-05
Electrostatics Weighted Least-Squares Error: 6.57469e-05
--------------------------------------------
Drude oscillator energy has been calculated using the following method: multipole-gradient
Induction Parameters:
    Functional Form = 
	E(ind)_ij = shell_charge - A*K2(rij)*(1 + a_yml*Y_ml)*exp(-bij*rij)
Fitted Atomtypes 
  None
Constrained Atomtypes 
               A        
CO1(0)        0.506190
               A        
CO(0)        0.176391
               A             a_y10           a_y20           a_y22c     
OH(0)        0.000000        0.329641       -0.081524        0.114269
               A        
CT3(0)        0.302844
               A             a_y10           a_y20           a_y22c     
O(0)         0.226877        1.000000       -1.000000        0.885560
               A        
HT7(0)        0.119235
               A        
HT3(0)        0.091465
               A             a_y10           a_y20      
HO(0)        0.144820       -1.000000       -0.875845
------------
Induction RMS Error: 1.18494e-04
Induction Weighted RMS Error: 5.68197e-05
Induction Weighted Absolute Error: -2.05988e-06
Induction Weighted Least-Squares Error: 6.70056e-06
--------------------------------------------
DHF Parameters:
    Functional Form = 
	E(dhf)_ij = - A*K2(rij)*(1 + a_yml*Y_ml)*exp(-bij*rij)
Fitted Atomtypes 
  None
Constrained Atomtypes 
               A        
CO1(0)        0.019216
               A        
CO(0)        0.029283
               A             a_y10           a_y20           a_y22c     
OH(0)        0.414648       -1.000000       -0.162284       -0.590865
               A        
CT3(0)        0.129416
               A             a_y10           a_y20           a_y22c     
O(0)         0.452464       -1.000000        0.065842       -0.744299
               A        
HT7(0)        0.213744
               A        
HT3(0)        0.179148
               A             a_y10           a_y20      
HO(0)        0.295698        0.564217        0.500180
------------
Dhf RMS Error: 7.81839e-05
Dhf Weighted RMS Error: 2.64407e-05
Dhf Weighted Absolute Error: 1.16061e-05
Dhf Weighted Least-Squares Error: 2.93596e-06
--------------------------------------------
Dispersion Parameters:
    Functional Form = 
	E(disp)_ij = sum_(n=6,8,10,12){A*fdamp_n*(Cij_n/r_ij^n)}
               C6              C8             C10             C12       
CO1          4.847096       18.798288       63.256519      202.859856
CO           4.847096       18.798288       63.256519      202.859856
CT3          4.847096       18.798288       63.256519      202.859856
OH           3.819955       17.890308       89.856938      392.757676
O            3.497808       16.327053       81.333632      354.498305
HT7          1.498389        6.488268       33.240608        0.000000
HT3          1.498389        6.488268       33.240608        0.000000
HO           1.275466        4.018693       30.302404        0.000000
Fitted Atomtypes 
  None
Constrained Atomtypes 
               A        
CO1(0)        1.000000
               A        
CO(0)        1.000000
               A             a_y10           a_y20           a_y22c     
OH(0)        1.000000       -0.119585        0.042468       -0.036605
               A        
CT3(0)        1.000000
               A             a_y10           a_y20           a_y22c     
O(0)         1.000000       -0.006115        0.224577       -0.123595
               A        
HT7(0)        1.000000
               A        
HT3(0)        1.000000
               A             a_y10           a_y20      
HO(0)        1.000000        0.362878        0.127960
------------
Dispersion RMS Error: 1.59884e-04
Dispersion Weighted RMS Error: 7.02091e-05
Dispersion Weighted Absolute Error: -2.13518e-05
Dispersion Weighted Least-Squares Error: 1.54007e-05
--------------------------------------------
Total Energy:
------------
Total Energy RMS Error: 5.06116e-04
Total Energy Weighted RMS Error: 1.76126e-04
Total Energy Weighted Absolute Error: -6.60118e-06
Total Energy Weighted Least-Squares Error: 8.47934e-05
--------------------------------------------
#########################################################################


