########################## FF Fitting Summary ###########################
--------------------------------------------
Program Version: 1.1.0
Short-range Functional Form: born-mayer
Combination Rules: aij = geometric
                   bij = geometric_mean
Electrostatic Damping Type: None
Thole Param: 0.39
Fitting weight: eff_mu = 0.0 Ha
                eff_kt = 0.0326 Ha
Weighted RMSE cutoff: 0.0 Ha
Anisotropic Atomtypes: HO   O    OH   
All parameters have been radially corrected to account for Slater overlap
This radial correction is approximate, and is only rigorous for the case where bi = bj.
------------
Exponents (Optimized):
CO1(0)     2.327206
CO(0)      2.279370
OH(0)      2.072831
CT3(0)     2.320254
O(0)       2.421639
HT7(0)     2.292840
HT3(0)     1.970442
HO(0)      2.367896
------------
Monomer 1 Multipole File:
dimethyl_ether_ISA-GRID_L2.mom
Monomer 2 Multipole File:
ethanol_ISA-GRID_L2.mom
--------------------------------------------
Exchange Parameters:
    Functional Form = 
	E(exch)_ij = A*K2(rij)*(1 + a_yml*Y_ml)*exp(-bij*rij)
    where the a coefficient for each spherical harmonic term Y_ml
    is listed in the parameters below and 
	K2(rij) = 1/3*(bij*rij)**2 + bij*rij + 1 
Fitted Atomtypes 
               A        
CO1(0)        3.541799
               A        
HT7(0)        0.770365
               A        
HT3(0)        0.362942
               A        
CO(0)        3.734253
               A        
CT3(0)        4.036600
               A             a_y10           a_y20      
HO(0)        0.842395        0.535421        0.049985
               A             a_y10           a_y20           a_y22c     
O(0)         2.412320       -0.785779        0.326874       -1.000000
               A             a_y10           a_y20           a_y22c     
OH(0)        1.165041       -0.944274        0.004651       -1.000000
Constrained Atomtypes 
  None
------------
Exchange RMS Error: 7.16958e-04
Exchange Weighted RMS Error: 7.16958e-04
Exchange Weighted Absolute Error: -1.33880e-05
Exchange Weighted Least-Squares Error: 1.39849e-04
--------------------------------------------
Electrostatic Parameters:
    Functional Form = 
	E(elst)_ij = f_damp*qi*qj/rij - A*K2(rij)*(1 + a_yml*Y_ml)*exp(-bij*rij)
Fitted Atomtypes 
               A        
CO1(0)        2.123580
               A        
HT7(0)        0.380427
               A        
HT3(0)        0.189825
               A        
CO(0)        2.299888
               A        
CT3(0)        2.579151
               A             a_y10           a_y20      
HO(0)        0.603652        0.955762        0.244022
               A             a_y10           a_y20           a_y22c     
O(0)         1.820095       -0.299237        0.516910       -1.000000
               A             a_y10           a_y20           a_y22c     
OH(0)        0.838930       -0.597370        0.148833       -1.000000
Constrained Atomtypes 
  None
------------
Electrostatics RMS Error: 2.98227e-04
Electrostatics Weighted RMS Error: 2.98227e-04
Electrostatics Weighted Absolute Error: 9.91798e-06
Electrostatics Weighted Least-Squares Error: 4.52775e-05
--------------------------------------------
Drude oscillator energy has been calculated using the following method: multipole-gradient
Induction Parameters:
    Functional Form = 
	E(ind)_ij = shell_charge - A*K2(rij)*(1 + a_yml*Y_ml)*exp(-bij*rij)
Fitted Atomtypes 
               A        
CO1(0)        3.179421
               A        
HT7(0)        0.030483
               A        
HT3(0)        0.151389
               A        
CO(0)        0.225009
               A        
CT3(0)        3.032966
               A             a_y10           a_y20      
HO(0)        0.156912       -1.000000        1.000000
               A             a_y10           a_y20           a_y22c     
O(0)         0.167384        1.000000       -0.922032        0.904928
               A             a_y10           a_y20           a_y22c     
OH(0)        0.980979        1.000000       -0.556815        1.000000
Constrained Atomtypes 
  None
------------
Induction RMS Error: 1.04048e-04
Induction Weighted RMS Error: 1.04048e-04
Induction Weighted Absolute Error: -3.23493e-06
Induction Weighted Least-Squares Error: 4.95891e-06
--------------------------------------------
DHF Parameters:
    Functional Form = 
	E(dhf)_ij = - A*K2(rij)*(1 + a_yml*Y_ml)*exp(-bij*rij)
Fitted Atomtypes 
               A        
CO1(0)        0.404161
               A        
HT7(0)        0.064464
               A        
HT3(0)        0.553200
               A        
CO(0)        0.026865
               A        
CT3(0)        0.000000
               A             a_y10           a_y20      
HO(0)        0.640617        0.140204        0.247422
               A             a_y10           a_y20           a_y22c     
O(0)         0.122962       -1.000000        0.448113       -1.000000
               A             a_y10           a_y20           a_y22c     
OH(0)        1.295265       -1.000000       -0.109699       -0.319533
Constrained Atomtypes 
  None
------------
Dhf RMS Error: 7.02063e-05
Dhf Weighted RMS Error: 7.02063e-05
Dhf Weighted Absolute Error: 1.24406e-05
Dhf Weighted Least-Squares Error: 2.26796e-06
--------------------------------------------
Dispersion Parameters:
    Functional Form = 
	E(disp)_ij = sum_(n=6,8,10,12){A*fdamp_n*(Cij_n/r_ij^n)}
               C6              C8             C10             C12       
CO1          4.847096       18.798288       63.256519      202.859856
CO           4.847096       18.798288       63.256519      202.859856
OH           3.819955       17.890308       89.856938      392.757676
CT3          4.847096       18.798288       63.256519      202.859856
O            3.497808       16.327053       81.333632      354.498305
HT7          1.498389        6.488268       33.240608        0.000000
HT3          1.498389        6.488268       33.240608        0.000000
HO           1.275466        4.018693       30.302404        0.000000
Fitted Atomtypes 
               A        
CO1(0)        0.793763
               A        
HT7(0)        1.083681
               A        
HT3(0)        1.189897
               A        
CO(0)        0.878582
               A        
CT3(0)        0.869523
               A             a_y10           a_y20      
HO(0)        1.250800        0.067999       -0.116823
               A             a_y10           a_y20           a_y22c     
O(0)         0.870588       -0.162479        0.239600       -0.185994
               A             a_y10           a_y20           a_y22c     
OH(0)        0.746266       -0.512500        0.138223       -0.425101
Constrained Atomtypes 
  None
------------
Dispersion RMS Error: 1.07676e-04
Dispersion Weighted RMS Error: 1.07676e-04
Dispersion Weighted Absolute Error: 7.88285e-07
Dispersion Weighted Least-Squares Error: 5.84378e-06
--------------------------------------------
Total Energy:
------------
Total Energy RMS Error: 4.72549e-04
Total Energy Weighted RMS Error: 4.72549e-04
Total Energy Weighted Absolute Error: 6.52394e-06
Total Energy Weighted Least-Squares Error: 8.93258e-05
--------------------------------------------
#########################################################################


