########################## FF Fitting Summary ###########################
--------------------------------------------
Program Version: 1.1.0
Short-range Functional Form: born-mayer
Combination Rules: aij = geometric
                   bij = geometric_mean
Electrostatic Damping Type: None
Thole Param: 0.39
Fitting weight: eff_mu = 0.0 Ha
                eff_kt = 0.013 Ha
Weighted RMSE cutoff: 0.0 Ha
Anisotropic Atomtypes: None
All parameters have been radially corrected to account for Slater overlap
This radial correction is approximate, and is only rigorous for the case where bi = bj.
------------
Exponents:
CO1(0)     2.085249
CO(0)      1.933594
OH(0)      2.320183
CT3(0)     2.128250
O(0)       2.319445
HT7(0)     2.236386
HT3(0)     2.123152
HO(0)      2.319496
------------
Monomer 1 Multipole File:
dimethyl_ether_ISA-GRID_L0.mom
Monomer 2 Multipole File:
ethanol_ISA-GRID_L0.mom
--------------------------------------------
Exchange Parameters:
    Functional Form = 
	E(exch)_ij = A*K2(rij)*(1 + a_yml*Y_ml)*exp(-bij*rij)
    where the a coefficient for each spherical harmonic term Y_ml
    is listed in the parameters below and 
	K2(rij) = 1/3*(bij*rij)**2 + bij*rij + 1 
Fitted Atomtypes 
  None
Constrained Atomtypes 
               A        
CO1(0)        2.125640
               A        
CO(0)        1.553522
               A        
OH(0)        4.053201
               A        
CT3(0)        2.903701
               A        
O(0)         3.388801
               A        
HT7(0)        0.636992
               A        
HT3(0)        0.492497
               A        
HO(0)        0.307989
------------
Exchange RMS Error: 1.06967e-03
Exchange Weighted RMS Error: 1.06967e-03
Exchange Weighted Absolute Error: -1.29873e-05
Exchange Weighted Least-Squares Error: 1.28005e-04
--------------------------------------------
Electrostatic Parameters:
    Functional Form = 
	E(elst)_ij = f_damp*qi*qj/rij - A*K2(rij)*(1 + a_yml*Y_ml)*exp(-bij*rij)
Fitted Atomtypes 
  None
Constrained Atomtypes 
               A        
CO1(0)        1.257267
               A        
CO(0)        0.955147
               A        
OH(0)        2.660989
               A        
CT3(0)        1.579392
               A        
O(0)         2.160338
               A        
HT7(0)        0.334068
               A        
HT3(0)        0.262795
               A        
HO(0)        0.117476
------------
Electrostatics RMS Error: 6.32272e-04
Electrostatics Weighted RMS Error: 6.32272e-04
Electrostatics Weighted Absolute Error: -1.10658e-05
Electrostatics Weighted Least-Squares Error: 2.27682e-04
--------------------------------------------
Drude oscillator energy has been calculated using the following method: multipole-gradient
Induction Parameters:
    Functional Form = 
	E(ind)_ij = shell_charge - A*K2(rij)*(1 + a_yml*Y_ml)*exp(-bij*rij)
Fitted Atomtypes 
  None
Constrained Atomtypes 
               A        
CO1(0)        0.290388
               A        
CO(0)        0.010184
               A        
OH(0)        0.000000
               A        
CT3(0)        0.277649
               A        
O(0)         0.360545
               A        
HT7(0)        0.148413
               A        
HT3(0)        0.088171
               A        
HO(0)        0.190736
------------
Induction RMS Error: 1.07568e-04
Induction Weighted RMS Error: 1.07568e-04
Induction Weighted Absolute Error: -1.95020e-06
Induction Weighted Least-Squares Error: 5.53440e-06
--------------------------------------------
DHF Parameters:
    Functional Form = 
	E(dhf)_ij = - A*K2(rij)*(1 + a_yml*Y_ml)*exp(-bij*rij)
Fitted Atomtypes 
  None
Constrained Atomtypes 
               A        
CO1(0)        0.000000
               A        
CO(0)        0.000000
               A        
OH(0)        0.896801
               A        
CT3(0)        0.160508
               A        
O(0)         0.894831
               A        
HT7(0)        0.223783
               A        
HT3(0)        0.177454
               A        
HO(0)        0.099672
------------
Dhf RMS Error: 9.37131e-05
Dhf Weighted RMS Error: 9.37131e-05
Dhf Weighted Absolute Error: 3.22442e-06
Dhf Weighted Least-Squares Error: 4.23406e-06
--------------------------------------------
Dispersion Parameters:
    Functional Form = 
	E(disp)_ij = sum_(n=6,8,10,12){A*fdamp_n*(Cij_n/r_ij^n)}
               C6              C8             C10             C12       
CO1          4.847096       18.798288       63.256519      202.859856
CO           4.847096       18.798288       63.256519      202.859856
CT3          4.847096       18.798288       63.256519      202.859856
OH           3.819955       17.890308       89.856938      392.757676
O            3.497808       16.327053       81.333632      354.498305
HT7          1.498389        6.488268       33.240608        0.000000
HT3          1.498389        6.488268       33.240608        0.000000
HO           1.275466        4.018693       30.302404        0.000000
Fitted Atomtypes 
  None
Constrained Atomtypes 
               A        
CO1(0)        0.701868
               A        
CO(0)        0.763818
               A        
OH(0)        1.141449
               A        
CT3(0)        0.818304
               A        
O(0)         1.145073
               A        
HT7(0)        1.128395
               A        
HT3(0)        1.173558
               A        
HO(0)        0.740401
------------
Dispersion RMS Error: 1.69848e-04
Dispersion Weighted RMS Error: 1.69848e-04
Dispersion Weighted Absolute Error: -2.55352e-06
Dispersion Weighted Least-Squares Error: 1.75014e-05
--------------------------------------------
Total Energy:
------------
Total Energy RMS Error: 7.92819e-04
Total Energy Weighted RMS Error: 7.92819e-04
Total Energy Weighted Absolute Error: -2.53324e-05
Total Energy Weighted Least-Squares Error: 2.34304e-04
--------------------------------------------
#########################################################################


