########################## FF Fitting Summary ###########################
--------------------------------------------
Program Version: 1.1.0
Short-range Functional Form: born-mayer
Combination Rules: aij = geometric
                   bij = geometric_mean
Electrostatic Damping Type: None
Thole Param: 0.39
Fitting weight: eff_mu = 0.0 Ha
                eff_kt = 0.0326 Ha
Weighted RMSE cutoff: 0.0 Ha
Anisotropic Atomtypes: None
All parameters have been radially corrected to account for Slater overlap
This radial correction is approximate, and is only rigorous for the case where bi = bj.
------------
Exponents (Optimized):
CO1(0)     2.044663
CO(0)      2.181929
OH(0)      2.129776
CT3(0)     2.354447
O(0)       2.403195
HT7(0)     2.251940
HT3(0)     2.018032
HO(0)      2.344693
------------
Monomer 1 Multipole File:
dimethyl_ether_ISA-GRID_L0.mom
Monomer 2 Multipole File:
ethanol_ISA-GRID_L0.mom
--------------------------------------------
Exchange Parameters:
    Functional Form = 
	E(exch)_ij = A*K2(rij)*(1 + a_yml*Y_ml)*exp(-bij*rij)
    where the a coefficient for each spherical harmonic term Y_ml
    is listed in the parameters below and 
	K2(rij) = 1/3*(bij*rij)**2 + bij*rij + 1 
Fitted Atomtypes 
               A        
CO1(0)        2.133518
               A        
CO(0)        2.694087
               A        
OH(0)        2.620780
               A        
CT3(0)        4.561494
               A        
O(0)         4.141854
               A        
HT7(0)        0.692483
               A        
HT3(0)        0.402983
               A        
HO(0)        0.292654
Constrained Atomtypes 
  None
------------
Exchange RMS Error: 9.60287e-04
Exchange Weighted RMS Error: 9.60287e-04
Exchange Weighted Absolute Error: -1.81415e-05
Exchange Weighted Least-Squares Error: 2.33025e-04
--------------------------------------------
Electrostatic Parameters:
    Functional Form = 
	E(elst)_ij = f_damp*qi*qj/rij - A*K2(rij)*(1 + a_yml*Y_ml)*exp(-bij*rij)
Fitted Atomtypes 
               A        
CO1(0)        1.261462
               A        
CO(0)        1.676806
               A        
OH(0)        1.682751
               A        
CT3(0)        2.741154
               A        
O(0)         2.549027
               A        
HT7(0)        0.352321
               A        
HT3(0)        0.219219
               A        
HO(0)        0.130034
Constrained Atomtypes 
  None
------------
Electrostatics RMS Error: 5.91012e-04
Electrostatics Weighted RMS Error: 5.91012e-04
Electrostatics Weighted Absolute Error: -1.31878e-05
Electrostatics Weighted Least-Squares Error: 1.73899e-04
--------------------------------------------
Drude oscillator energy has been calculated using the following method: multipole-gradient
Induction Parameters:
    Functional Form = 
	E(ind)_ij = shell_charge - A*K2(rij)*(1 + a_yml*Y_ml)*exp(-bij*rij)
Fitted Atomtypes 
               A        
CO1(0)       41.123606
               A        
CO(0)        0.002014
               A        
OH(0)        0.000000
               A        
CT3(0)      211.181341
               A        
O(0)         0.001320
               A        
HT7(0)        0.000370
               A        
HT3(0)       18.422461
               A        
HO(0)       56.401168
Constrained Atomtypes 
  None
------------
Induction RMS Error: 9.63054e-05
Induction Weighted RMS Error: 9.63054e-05
Induction Weighted Absolute Error: -2.06672e-06
Induction Weighted Least-Squares Error: 4.24813e-06
--------------------------------------------
DHF Parameters:
    Functional Form = 
	E(dhf)_ij = - A*K2(rij)*(1 + a_yml*Y_ml)*exp(-bij*rij)
Fitted Atomtypes 
               A        
CO1(0)        0.000000
               A        
CO(0)        0.000000
               A        
OH(0)        5.681830
               A        
CT3(0)        0.000000
               A        
O(0)         0.102843
               A        
HT7(0)        0.026149
               A        
HT3(0)        1.416126
               A        
HO(0)        0.930732
Constrained Atomtypes 
  None
------------
Dhf RMS Error: 8.60432e-05
Dhf Weighted RMS Error: 8.60432e-05
Dhf Weighted Absolute Error: 8.73835e-06
Dhf Weighted Least-Squares Error: 3.41228e-06
--------------------------------------------
Dispersion Parameters:
    Functional Form = 
	E(disp)_ij = sum_(n=6,8,10,12){A*fdamp_n*(Cij_n/r_ij^n)}
               C6              C8             C10             C12       
CO1          4.847096       18.798288       63.256519      202.859856
CO           4.847096       18.798288       63.256519      202.859856
OH           3.819955       17.890308       89.856938      392.757676
CT3          4.847096       18.798288       63.256519      202.859856
O            3.497808       16.327053       81.333632      354.498305
HT7          1.498389        6.488268       33.240608        0.000000
HT3          1.498389        6.488268       33.240608        0.000000
HO           1.275466        4.018693       30.302404        0.000000
Fitted Atomtypes 
               A        
CO1(0)        0.878995
               A        
CO(0)        0.783333
               A        
OH(0)        1.299931
               A        
CT3(0)        0.876115
               A        
O(0)         1.014546
               A        
HT7(0)        1.033692
               A        
HT3(0)        1.229776
               A        
HO(0)        0.703155
Constrained Atomtypes 
  None
------------
Dispersion RMS Error: 1.51407e-04
Dispersion Weighted RMS Error: 1.51407e-04
Dispersion Weighted Absolute Error: 1.29988e-05
Dispersion Weighted Least-Squares Error: 1.15871e-05
--------------------------------------------
Total Energy:
------------
Total Energy RMS Error: 7.92693e-04
Total Energy Weighted RMS Error: 7.92693e-04
Total Energy Weighted Absolute Error: -1.16588e-05
Total Energy Weighted Least-Squares Error: 2.58292e-04
--------------------------------------------
#########################################################################


