########################## FF Fitting Summary ###########################
--------------------------------------------
Program Version: 1.1.0
Short-range Functional Form: born-mayer
Combination Rules: aij = geometric
                   bij = geometric_mean
Electrostatic Damping Type: None
Thole Param: 0.39
Fitting weight: eff_mu = 0.0 Ha
                eff_kt = 0.0337 Ha
Weighted RMSE cutoff: 0.0 Ha
Anisotropic Atomtypes: HO1  HO   OH1  OH   
All parameters have been radially corrected to account for Slater overlap
This radial correction is approximate, and is only rigorous for the case where bi = bj.
------------
Exponents (Optimized):
CO1(0)     2.315288
CO2(0)     2.096136
OH(0)      2.259994
CT3(0)     2.314178
HT3(0)     2.078694
HO(0)      2.228247
HO1(0)     2.395552
OH1(0)     2.294092
HT8(0)     2.306961
------------
Monomer 1 Multipole File:
ethanol_ISA-GRID_L2.mom
Monomer 2 Multipole File:
methanol_ISA-GRID_L2.mom
--------------------------------------------
Exchange Parameters:
    Functional Form = 
	E(exch)_ij = A*K2(rij)*(1 + a_yml*Y_ml)*exp(-bij*rij)
    where the a coefficient for each spherical harmonic term Y_ml
    is listed in the parameters below and 
	K2(rij) = 1/3*(bij*rij)**2 + bij*rij + 1 
Fitted Atomtypes 
               A        
CO1(0)        2.569658
               A        
CO2(0)        3.063141
               A        
HT3(0)        0.395998
               A        
HT8(0)        0.811025
               A        
CT3(0)        3.466268
               A             a_y10           a_y20      
HO1(0)        0.748600        0.095956       -0.196784
               A             a_y10           a_y20      
HO(0)        0.457664        0.096264       -0.290173
               A             a_y10           a_y20           a_y22c     
OH1(0)        2.773978       -0.684379       -0.050567       -0.709830
               A             a_y10           a_y20           a_y22c     
OH(0)        1.625978       -0.909855       -0.011104       -0.855305
Constrained Atomtypes 
  None
------------
Exchange RMS Error: 6.36299e-04
Exchange Weighted RMS Error: 2.50093e-04
Exchange Weighted Absolute Error: -1.54659e-05
Exchange Weighted Least-Squares Error: 1.26091e-04
--------------------------------------------
Electrostatic Parameters:
    Functional Form = 
	E(elst)_ij = f_damp*qi*qj/rij - A*K2(rij)*(1 + a_yml*Y_ml)*exp(-bij*rij)
Fitted Atomtypes 
               A        
CO1(0)        1.731720
               A        
CO2(0)        1.841581
               A        
HT3(0)        0.205638
               A        
HT8(0)        0.393172
               A        
CT3(0)        2.200780
               A             a_y10           a_y20      
HO1(0)        0.408450        0.453242       -0.140024
               A             a_y10           a_y20      
HO(0)        0.287452        0.367393       -0.205079
               A             a_y10           a_y20           a_y22c     
OH1(0)        1.847817       -0.514247        0.022969       -0.726729
               A             a_y10           a_y20           a_y22c     
OH(0)        1.047492       -0.904755        0.050532       -1.000000
Constrained Atomtypes 
  None
------------
Electrostatics RMS Error: 2.67950e-04
Electrostatics Weighted RMS Error: 1.31226e-04
Electrostatics Weighted Absolute Error: 6.80797e-06
Electrostatics Weighted Least-Squares Error: 3.96463e-05
--------------------------------------------
Drude oscillator energy has been calculated using the following method: multipole-gradient
Induction Parameters:
    Functional Form = 
	E(ind)_ij = shell_charge - A*K2(rij)*(1 + a_yml*Y_ml)*exp(-bij*rij)
Fitted Atomtypes 
               A        
CO1(0)        0.612379
               A        
CO2(0)        0.298504
               A        
HT3(0)        0.055829
               A        
HT8(0)        0.147439
               A        
CT3(0)        0.293176
               A             a_y10           a_y20      
HO1(0)        0.273777        0.132532       -0.098575
               A             a_y10           a_y20      
HO(0)        0.151885        0.044155       -0.147497
               A             a_y10           a_y20           a_y22c     
OH1(0)        0.000000        0.686745       -0.178472        0.144775
               A             a_y10           a_y20           a_y22c     
OH(0)        0.000000        0.596293       -0.106155        0.270793
Constrained Atomtypes 
  None
------------
Induction RMS Error: 1.34630e-04
Induction Weighted RMS Error: 7.06782e-05
Induction Weighted Absolute Error: -1.25686e-05
Induction Weighted Least-Squares Error: 9.11177e-06
--------------------------------------------
DHF Parameters:
    Functional Form = 
	E(dhf)_ij = - A*K2(rij)*(1 + a_yml*Y_ml)*exp(-bij*rij)
Fitted Atomtypes 
               A        
CO1(0)        0.070952
               A        
CO2(0)        0.012217
               A        
HT3(0)        0.432055
               A        
HT8(0)        0.097116
               A        
CT3(0)        0.251225
               A             a_y10           a_y20      
HO1(0)        0.042997       -1.000000       -0.102984
               A             a_y10           a_y20      
HO(0)        0.222675       -1.000000       -0.151154
               A             a_y10           a_y20           a_y22c     
OH1(0)        0.192350       -1.000000       -0.168822       -0.642992
               A             a_y10           a_y20           a_y22c     
OH(0)        1.302167       -1.000000       -0.317103       -0.581900
Constrained Atomtypes 
  None
------------
Dhf RMS Error: 6.43777e-05
Dhf Weighted RMS Error: 2.66786e-05
Dhf Weighted Absolute Error: 8.67789e-06
Dhf Weighted Least-Squares Error: 2.08886e-06
--------------------------------------------
Dispersion Parameters:
    Functional Form = 
	E(disp)_ij = sum_(n=6,8,10,12){A*fdamp_n*(Cij_n/r_ij^n)}
               C6              C8             C10             C12       
CO1          4.847096       18.798288       63.256519      202.859856
CO2          4.847096       18.798288       63.256519      202.859856
OH           3.819955       17.890308       89.856938      392.757676
CT3          4.847096       18.798288       63.256519      202.859856
HT3          1.498389        6.488268       33.240608        0.000000
HO           1.275466        4.018693       30.302404        0.000000
HO1          1.275466        4.018693       30.302404        0.000000
OH1          3.819955       17.890308       89.856938      392.757676
HT8          1.498389        6.488268       33.240608        0.000000
Fitted Atomtypes 
               A        
CO1(0)        1.000000
               A        
CO2(0)        1.000000
               A        
HT3(0)        1.000000
               A        
HT8(0)        1.000000
               A        
CT3(0)        1.000000
               A             a_y10           a_y20      
HO1(0)        1.000000        0.355782        0.116333
               A             a_y10           a_y20      
HO(0)        1.000000        0.336312        0.073053
               A             a_y10           a_y20           a_y22c     
OH1(0)        1.000000       -0.083066        0.052362       -0.040248
               A             a_y10           a_y20           a_y22c     
OH(0)        1.000000       -0.082342       -0.003796        0.078996
Constrained Atomtypes 
  None
------------
Dispersion RMS Error: 1.58440e-04
Dispersion Weighted RMS Error: 8.70613e-05
Dispersion Weighted Absolute Error: -8.19181e-06
Dispersion Weighted Least-Squares Error: 1.38725e-05
--------------------------------------------
Total Energy:
------------
Total Energy RMS Error: 4.52044e-04
Total Energy Weighted RMS Error: 2.09618e-04
Total Energy Weighted Absolute Error: -2.07404e-05
Total Energy Weighted Least-Squares Error: 9.14674e-05
--------------------------------------------
#########################################################################


