########################## FF Fitting Summary ###########################
--------------------------------------------
Program Version: 1.1.0
Short-range Functional Form: born-mayer
Combination Rules: aij = geometric
                   bij = geometric_mean
Electrostatic Damping Type: None
Thole Param: 0.39
Fitting weight: eff_mu = 0.0 Ha
                eff_kt = 0.0337 Ha
Weighted RMSE cutoff: 0.0 Ha
Anisotropic Atomtypes: None
All parameters have been radially corrected to account for Slater overlap
This radial correction is approximate, and is only rigorous for the case where bi = bj.
------------
Exponents (Optimized):
CO1(0)     2.271995
CO2(0)     2.002016
OH(0)      2.278736
CT3(0)     2.373870
HT3(0)     1.996471
HO(0)      2.115766
HO1(0)     2.304502
OH1(0)     2.271610
HT8(0)     2.374316
------------
Monomer 1 Multipole File:
ethanol_ISA-GRID_L0.mom
Monomer 2 Multipole File:
methanol_ISA-GRID_L0.mom
--------------------------------------------
Exchange Parameters:
    Functional Form = 
	E(exch)_ij = A*K2(rij)*(1 + a_yml*Y_ml)*exp(-bij*rij)
    where the a coefficient for each spherical harmonic term Y_ml
    is listed in the parameters below and 
	K2(rij) = 1/3*(bij*rij)**2 + bij*rij + 1 
Fitted Atomtypes 
               A        
CO1(0)        2.055781
               A        
CO2(0)        2.346765
               A        
OH(0)        3.158192
               A        
CT3(0)        3.732309
               A        
HT3(0)        0.346016
               A        
HO(0)        0.195787
               A        
HO1(0)        0.355027
               A        
OH1(0)        4.222040
               A        
HT8(0)        0.889167
Constrained Atomtypes 
  None
------------
Exchange RMS Error: 9.08109e-04
Exchange Weighted RMS Error: 9.08109e-04
Exchange Weighted Absolute Error: -1.47582e-05
Exchange Weighted Least-Squares Error: 2.47520e-04
--------------------------------------------
Electrostatic Parameters:
    Functional Form = 
	E(elst)_ij = f_damp*qi*qj/rij - A*K2(rij)*(1 + a_yml*Y_ml)*exp(-bij*rij)
Fitted Atomtypes 
               A        
CO1(0)        1.169141
               A        
CO2(0)        1.296642
               A        
OH(0)        1.989450
               A        
CT3(0)        2.345364
               A        
HT3(0)        0.199203
               A        
HO(0)        0.123424
               A        
HO1(0)        0.126868
               A        
OH1(0)        2.513546
               A        
HT8(0)        0.446245
Constrained Atomtypes 
  None
------------
Electrostatics RMS Error: 6.58101e-04
Electrostatics Weighted RMS Error: 6.58101e-04
Electrostatics Weighted Absolute Error: -1.11841e-05
Electrostatics Weighted Least-Squares Error: 2.31725e-04
--------------------------------------------
Drude oscillator energy has been calculated using the following method: multipole-gradient
Induction Parameters:
    Functional Form = 
	E(ind)_ij = shell_charge - A*K2(rij)*(1 + a_yml*Y_ml)*exp(-bij*rij)
Fitted Atomtypes 
               A        
CO1(0)        0.562597
               A        
CO2(0)        0.179420
               A        
OH(0)        0.000000
               A        
CT3(0)        0.332127
               A        
HT3(0)        0.047246
               A        
HO(0)        0.144036
               A        
HO1(0)        0.262211
               A        
OH1(0)        0.055592
               A        
HT8(0)        0.149791
Constrained Atomtypes 
  None
------------
Induction RMS Error: 1.30359e-04
Induction Weighted RMS Error: 1.30359e-04
Induction Weighted Absolute Error: -1.10052e-05
Induction Weighted Least-Squares Error: 8.53683e-06
--------------------------------------------
DHF Parameters:
    Functional Form = 
	E(dhf)_ij = - A*K2(rij)*(1 + a_yml*Y_ml)*exp(-bij*rij)
Fitted Atomtypes 
               A        
CO1(0)        0.000000
               A        
CO2(0)        0.000000
               A        
OH(0)        1.006039
               A        
CT3(0)        0.304803
               A        
HT3(0)        0.166949
               A        
HO(0)        0.102202
               A        
HO1(0)        0.086696
               A        
OH1(0)        0.628485
               A        
HT8(0)        0.228640
Constrained Atomtypes 
  None
------------
Dhf RMS Error: 8.69800e-05
Dhf Weighted RMS Error: 8.69800e-05
Dhf Weighted Absolute Error: 2.72416e-06
Dhf Weighted Least-Squares Error: 3.81183e-06
--------------------------------------------
Dispersion Parameters:
    Functional Form = 
	E(disp)_ij = sum_(n=6,8,10,12){A*fdamp_n*(Cij_n/r_ij^n)}
               C6              C8             C10             C12       
CO1          4.847096       18.798288       63.256519      202.859856
CO2          4.847096       18.798288       63.256519      202.859856
OH           3.819955       17.890308       89.856938      392.757676
CT3          4.847096       18.798288       63.256519      202.859856
HT3          1.498389        6.488268       33.240608        0.000000
HO           1.275466        4.018693       30.302404        0.000000
HO1          1.275466        4.018693       30.302404        0.000000
OH1          3.819955       17.890308       89.856938      392.757676
HT8          1.498389        6.488268       33.240608        0.000000
Fitted Atomtypes 
               A        
CO1(0)        1.000000
               A        
CO2(0)        1.000000
               A        
OH(0)        1.000000
               A        
CT3(0)        1.000000
               A        
HT3(0)        1.000000
               A        
HO(0)        1.000000
               A        
HO1(0)        1.000000
               A        
OH1(0)        1.000000
               A        
HT8(0)        1.000000
Constrained Atomtypes 
  None
------------
Dispersion RMS Error: 2.85485e-04
Dispersion Weighted RMS Error: 2.85485e-04
Dispersion Weighted Absolute Error: 1.19350e-05
Dispersion Weighted Least-Squares Error: 4.41247e-05
--------------------------------------------
Total Energy:
------------
Total Energy RMS Error: 8.76636e-04
Total Energy Weighted RMS Error: 8.76636e-04
Total Energy Weighted Absolute Error: -2.22884e-05
Total Energy Weighted Least-Squares Error: 3.44382e-04
--------------------------------------------
#########################################################################


