########################## FF Fitting Summary ###########################
--------------------------------------------
Program Version: 1.1.0
Short-range Functional Form: born-mayer
Combination Rules: aij = geometric
                   bij = geometric_mean
Electrostatic Damping Type: None
Thole Param: 0.39
Fitting weight: eff_mu = 0.0 Ha
                eff_kt = 0.0135 Ha
Weighted RMSE cutoff: 0.0 Ha
Anisotropic Atomtypes: HO1  HO   OH1  OH   
All parameters have been radially corrected to account for Slater overlap
This radial correction is approximate, and is only rigorous for the case where bi = bj.
------------
Exponents:
CO1(0)     2.281648
CO2(0)     1.934374
OH(0)      2.217384
CT3(0)     2.201202
HT3(0)     2.108033
HO(0)      2.530438
HO1(0)     2.357647
OH1(0)     2.288306
HT8(0)     2.366434
------------
Monomer 1 Multipole File:
ethanol_ISA-GRID_L2.mom
Monomer 2 Multipole File:
methanol_ISA-GRID_L2.mom
--------------------------------------------
Exchange Parameters:
    Functional Form = 
	E(exch)_ij = A*K2(rij)*(1 + a_yml*Y_ml)*exp(-bij*rij)
    where the a coefficient for each spherical harmonic term Y_ml
    is listed in the parameters below and 
	K2(rij) = 1/3*(bij*rij)**2 + bij*rij + 1 
Fitted Atomtypes 
  None
Constrained Atomtypes 
               A        
CO1(0)        3.368483
               A        
CO2(0)        1.725992
               A             a_y10           a_y20           a_y22c     
OH(0)        1.637005       -1.000000       -0.019722       -0.994158
               A        
CT3(0)        3.419333
               A        
HT3(0)        0.488420
               A             a_y10           a_y20      
HO(0)        1.318171        0.655765        0.138145
               A             a_y10           a_y20      
HO1(0)        0.551732       -0.011876       -0.296572
               A             a_y10           a_y20           a_y22c     
OH1(0)        2.206147       -0.791455       -0.105146       -0.699677
               A        
HT8(0)        0.737563
------------
Exchange RMS Error: 6.94148e-04
Exchange Weighted RMS Error: 6.94148e-04
Exchange Weighted Absolute Error: 1.22056e-05
Exchange Weighted Least-Squares Error: 6.72335e-05
--------------------------------------------
Electrostatic Parameters:
    Functional Form = 
	E(elst)_ij = f_damp*qi*qj/rij - A*K2(rij)*(1 + a_yml*Y_ml)*exp(-bij*rij)
Fitted Atomtypes 
  None
Constrained Atomtypes 
               A        
CO1(0)        2.430429
               A        
CO2(0)        1.018840
               A             a_y10           a_y20           a_y22c     
OH(0)        1.093803       -0.888611       -0.045701       -1.000000
               A        
CT3(0)        2.114795
               A        
HT3(0)        0.238557
               A             a_y10           a_y20      
HO(0)        0.843400        0.974642        0.295589
               A             a_y10           a_y20      
HO1(0)        0.290235        0.328802       -0.172728
               A             a_y10           a_y20           a_y22c     
OH1(0)        1.521880       -0.626924       -0.099185       -0.682325
               A        
HT8(0)        0.379974
------------
Electrostatics RMS Error: 3.04343e-04
Electrostatics Weighted RMS Error: 3.04343e-04
Electrostatics Weighted Absolute Error: -5.25100e-06
Electrostatics Weighted Least-Squares Error: 5.98534e-05
--------------------------------------------
Drude oscillator energy has been calculated using the following method: multipole-gradient
Induction Parameters:
    Functional Form = 
	E(ind)_ij = shell_charge - A*K2(rij)*(1 + a_yml*Y_ml)*exp(-bij*rij)
Fitted Atomtypes 
  None
Constrained Atomtypes 
               A        
CO1(0)        0.506188
               A        
CO2(0)        0.213812
               A             a_y10           a_y20           a_y22c     
OH(0)        0.000000        0.329683       -0.081579        0.114282
               A        
CT3(0)        0.302844
               A        
HT3(0)        0.091465
               A             a_y10           a_y20      
HO(0)        0.144821       -1.000000       -0.875828
               A             a_y10           a_y20      
HO1(0)        0.080170       -1.000000        1.000000
               A             a_y10           a_y20           a_y22c     
OH1(0)        0.377586        1.000000       -0.029896        0.768942
               A        
HT8(0)        0.120205
------------
Induction RMS Error: 1.44400e-04
Induction Weighted RMS Error: 1.44400e-04
Induction Weighted Absolute Error: -1.57844e-05
Induction Weighted Least-Squares Error: 1.08081e-05
--------------------------------------------
DHF Parameters:
    Functional Form = 
	E(dhf)_ij = - A*K2(rij)*(1 + a_yml*Y_ml)*exp(-bij*rij)
Fitted Atomtypes 
  None
Constrained Atomtypes 
               A        
CO1(0)        0.019258
               A        
CO2(0)        0.020855
               A             a_y10           a_y20           a_y22c     
OH(0)        0.414639       -1.000000       -0.162242       -0.590819
               A        
CT3(0)        0.129392
               A        
HT3(0)        0.179148
               A             a_y10           a_y20      
HO(0)        0.295719        0.564285        0.500178
               A             a_y10           a_y20      
HO1(0)        0.105048       -0.500952        0.336282
               A             a_y10           a_y20           a_y22c     
OH1(0)        0.547807       -1.000000       -0.322900       -0.444537
               A        
HT8(0)        0.269481
------------
Dhf RMS Error: 7.35844e-05
Dhf Weighted RMS Error: 7.35844e-05
Dhf Weighted Absolute Error: 4.25722e-06
Dhf Weighted Least-Squares Error: 2.83399e-06
--------------------------------------------
Dispersion Parameters:
    Functional Form = 
	E(disp)_ij = sum_(n=6,8,10,12){A*fdamp_n*(Cij_n/r_ij^n)}
               C6              C8             C10             C12       
CO1          4.847096       18.798288       63.256519      202.859856
CO2          4.847096       18.798288       63.256519      202.859856
CT3          4.847096       18.798288       63.256519      202.859856
OH           3.819955       17.890308       89.856938      392.757676
HT3          1.498389        6.488268       33.240608        0.000000
HO           1.275466        4.018693       30.302404        0.000000
HO1          1.275466        4.018693       30.302404        0.000000
OH1          3.819955       17.890308       89.856938      392.757676
HT8          1.498389        6.488268       33.240608        0.000000
Fitted Atomtypes 
  None
Constrained Atomtypes 
               A        
CO1(0)        0.754869
               A        
CO2(0)        0.969190
               A             a_y10           a_y20           a_y22c     
OH(0)        0.712057       -0.519272        0.110350       -0.395587
               A        
CT3(0)        0.807584
               A        
HT3(0)        1.196702
               A             a_y10           a_y20      
HO(0)        1.300000        0.223254       -0.001189
               A             a_y10           a_y20      
HO1(0)        0.700572       -0.631677       -0.347816
               A             a_y10           a_y20           a_y22c     
OH1(0)        0.911116       -0.338030        0.024016       -0.244322
               A        
HT8(0)        0.985958
------------
Dispersion RMS Error: 9.07947e-05
Dispersion Weighted RMS Error: 9.07947e-05
Dispersion Weighted Absolute Error: -1.32972e-05
Dispersion Weighted Least-Squares Error: 4.97927e-06
--------------------------------------------
Total Energy:
------------
Total Energy RMS Error: 4.69244e-04
Total Energy Weighted RMS Error: 4.69244e-04
Total Energy Weighted Absolute Error: -1.78698e-05
Total Energy Weighted Least-Squares Error: 8.28315e-05
--------------------------------------------
#########################################################################


