########################## FF Fitting Summary ###########################
--------------------------------------------
Program Version: 1.1.0
Short-range Functional Form: born-mayer
Combination Rules: aij = geometric
                   bij = geometric_mean
Electrostatic Damping Type: None
Thole Param: 0.39
Fitting weight: eff_mu = 0.0 Ha
                eff_kt = 0.0136 Ha
Weighted RMSE cutoff: 0.0 Ha
Anisotropic Atomtypes: None
All parameters have been radially corrected to account for Slater overlap
This radial correction is approximate, and is only rigorous for the case where bi = bj.
------------
Exponents:
H2O(0)     1.564809
OH2(0)     2.488426
------------
Monomer 1 Multipole File:
h2o_ISA-GRID_L0.mom
Monomer 2 Multipole File:
h2o_ISA-GRID_L0.mom
--------------------------------------------
Exchange Parameters:
    Functional Form = 
	E(exch)_ij = A*K2(rij)*(1 + a_yml*Y_ml)*exp(-bij*rij)
    where the a coefficient for each spherical harmonic term Y_ml
    is listed in the parameters below and 
	K2(rij) = 1/3*(bij*rij)**2 + bij*rij + 1 
Fitted Atomtypes 
  None
Constrained Atomtypes 
               A        
H2O(0)        0.093056
               A        
OH2(0)        5.570999
------------
Exchange RMS Error: 1.41443e-03
Exchange Weighted RMS Error: 1.41443e-03
Exchange Weighted Absolute Error: -1.30671e-04
Exchange Weighted Least-Squares Error: 3.90649e-04
--------------------------------------------
Electrostatic Parameters:
    Functional Form = 
	E(elst)_ij = f_damp*qi*qj/rij - A*K2(rij)*(1 + a_yml*Y_ml)*exp(-bij*rij)
Fitted Atomtypes 
  None
Constrained Atomtypes 
               A        
H2O(0)        0.032756
               A        
OH2(0)        3.741217
------------
Electrostatics RMS Error: 1.34263e-03
Electrostatics Weighted RMS Error: 1.34263e-03
Electrostatics Weighted Absolute Error: 2.17094e-04
Electrostatics Weighted Least-Squares Error: 1.03091e-03
--------------------------------------------
Drude oscillator energy has been calculated using the following method: multipole-gradient
Induction Parameters:
    Functional Form = 
	E(ind)_ij = shell_charge - A*K2(rij)*(1 + a_yml*Y_ml)*exp(-bij*rij)
Fitted Atomtypes 
  None
Constrained Atomtypes 
               A        
H2O(0)        0.000000
               A        
OH2(0)        0.000000
------------
Induction RMS Error: 2.32985e-04
Induction Weighted RMS Error: 2.32985e-04
Induction Weighted Absolute Error: -5.97558e-06
Induction Weighted Least-Squares Error: 2.78674e-05
--------------------------------------------
DHF Parameters:
    Functional Form = 
	E(dhf)_ij = - A*K2(rij)*(1 + a_yml*Y_ml)*exp(-bij*rij)
Fitted Atomtypes 
  None
Constrained Atomtypes 
               A        
H2O(0)        0.023941
               A        
OH2(0)        1.154064
------------
Dhf RMS Error: 9.74188e-05
Dhf Weighted RMS Error: 9.74188e-05
Dhf Weighted Absolute Error: 7.80890e-06
Dhf Weighted Least-Squares Error: 4.86826e-06
--------------------------------------------
Dispersion Parameters:
    Functional Form = 
	E(disp)_ij = sum_(n=6,8,10,12){A*fdamp_n*(Cij_n/r_ij^n)}
               C6              C8             C10             C12       
H2O          0.880629        1.744112       16.442916        0.000000
OH2          5.035664       23.165974      110.758015      470.057253
Fitted Atomtypes 
  None
Constrained Atomtypes 
               A        
H2O(0)        1.000000
               A        
OH2(0)        1.000000
------------
Dispersion RMS Error: 4.20458e-04
Dispersion Weighted RMS Error: 4.20458e-04
Dispersion Weighted Absolute Error: -5.60620e-05
Dispersion Weighted Least-Squares Error: 1.02704e-04
--------------------------------------------
Total Energy:
------------
Total Energy RMS Error: 1.64538e-03
Total Energy Weighted RMS Error: 1.64538e-03
Total Energy Weighted Absolute Error: 3.21936e-05
Total Energy Weighted Least-Squares Error: 1.09214e-03
--------------------------------------------
#########################################################################


