########################## FF Fitting Summary ###########################
--------------------------------------------
Program Version: 1.1.0
Short-range Functional Form: born-mayer
Combination Rules: aij = geometric
                   bij = geometric_mean
Electrostatic Damping Type: None
Thole Param: 0.39
Fitting weight: eff_mu = 0.0 Ha
                eff_kt = 0.0136 Ha
Weighted RMSE cutoff: 0.0 Ha
Anisotropic Atomtypes: None
All parameters have been radially corrected to account for Slater overlap
This radial correction is approximate, and is only rigorous for the case where bi = bj.
------------
Exponents:
H2O(0)     1.564809
OH2(0)     2.488426
------------
Monomer 1 Multipole File:
h2o_ISA-GRID_L2.mom
Monomer 2 Multipole File:
h2o_ISA-GRID_L2.mom
--------------------------------------------
Exchange Parameters:
    Functional Form = 
	E(exch)_ij = A*K2(rij)*(1 + a_yml*Y_ml)*exp(-bij*rij)
    where the a coefficient for each spherical harmonic term Y_ml
    is listed in the parameters below and 
	K2(rij) = 1/3*(bij*rij)**2 + bij*rij + 1 
Fitted Atomtypes 
  None
Constrained Atomtypes 
               A        
H2O(0)        0.093056
               A        
OH2(0)        5.570999
------------
Exchange RMS Error: 1.41443e-03
Exchange Weighted RMS Error: 1.41443e-03
Exchange Weighted Absolute Error: -1.30671e-04
Exchange Weighted Least-Squares Error: 3.90649e-04
--------------------------------------------
Electrostatic Parameters:
    Functional Form = 
	E(elst)_ij = f_damp*qi*qj/rij - A*K2(rij)*(1 + a_yml*Y_ml)*exp(-bij*rij)
Fitted Atomtypes 
  None
Constrained Atomtypes 
               A        
H2O(0)        0.034153
               A        
OH2(0)        3.716275
------------
Electrostatics RMS Error: 7.68141e-04
Electrostatics Weighted RMS Error: 7.68141e-04
Electrostatics Weighted Absolute Error: 6.36596e-05
Electrostatics Weighted Least-Squares Error: 3.66538e-04
--------------------------------------------
Drude oscillator energy has been calculated using the following method: multipole-gradient
Induction Parameters:
    Functional Form = 
	E(ind)_ij = shell_charge - A*K2(rij)*(1 + a_yml*Y_ml)*exp(-bij*rij)
Fitted Atomtypes 
  None
Constrained Atomtypes 
               A        
H2O(0)        0.054241
               A        
OH2(0)        0.000000
------------
Induction RMS Error: 1.47805e-04
Induction Weighted RMS Error: 1.47805e-04
Induction Weighted Absolute Error: -1.26577e-05
Induction Weighted Least-Squares Error: 1.12211e-05
--------------------------------------------
DHF Parameters:
    Functional Form = 
	E(dhf)_ij = - A*K2(rij)*(1 + a_yml*Y_ml)*exp(-bij*rij)
Fitted Atomtypes 
  None
Constrained Atomtypes 
               A        
H2O(0)        0.023970
               A        
OH2(0)        1.159150
------------
Dhf RMS Error: 8.61580e-05
Dhf Weighted RMS Error: 8.61580e-05
Dhf Weighted Absolute Error: 6.63313e-06
Dhf Weighted Least-Squares Error: 3.80487e-06
--------------------------------------------
Dispersion Parameters:
    Functional Form = 
	E(disp)_ij = sum_(n=6,8,10,12){A*fdamp_n*(Cij_n/r_ij^n)}
               C6              C8             C10             C12       
H2O          0.880629        1.744112       16.442916        0.000000
OH2          5.035664       23.165974      110.758015      470.057253
Fitted Atomtypes 
  None
Constrained Atomtypes 
               A        
H2O(0)        1.300000
               A        
OH2(0)        0.926842
------------
Dispersion RMS Error: 3.03418e-04
Dispersion Weighted RMS Error: 3.03418e-04
Dispersion Weighted Absolute Error: -5.30155e-05
Dispersion Weighted Least-Squares Error: 5.30366e-05
--------------------------------------------
Total Energy:
------------
Total Energy RMS Error: 7.08726e-04
Total Energy Weighted RMS Error: 7.08726e-04
Total Energy Weighted Absolute Error: -1.26052e-04
Total Energy Weighted Least-Squares Error: 1.81296e-04
--------------------------------------------
#########################################################################


