########################## FF Fitting Summary ###########################
--------------------------------------------
Program Version: 1.1.0
Short-range Functional Form: born-mayer
Combination Rules: aij = geometric
                   bij = geometric_mean
Electrostatic Damping Type: None
Thole Param: 0.39
Fitting weight: eff_mu = 0.0 Ha
                eff_kt = 0.034 Ha
Weighted RMSE cutoff: 0.0 Ha
Anisotropic Atomtypes: H2O  OH2  
All parameters have been radially corrected to account for Slater overlap
This radial correction is approximate, and is only rigorous for the case where bi = bj.
------------
Exponents (Optimized):
H2O(0)     2.333626
OH2(0)     2.182379
------------
Monomer 1 Multipole File:
h2o_ISA-GRID_L2.mom
Monomer 2 Multipole File:
h2o_ISA-GRID_L2.mom
--------------------------------------------
Exchange Parameters:
    Functional Form = 
	E(exch)_ij = A*K2(rij)*(1 + a_yml*Y_ml)*exp(-bij*rij)
    where the a coefficient for each spherical harmonic term Y_ml
    is listed in the parameters below and 
	K2(rij) = 1/3*(bij*rij)**2 + bij*rij + 1 
Fitted Atomtypes 
               A             a_y10           a_y20      
H2O(0)        0.491262        0.370677        0.035472
               A             a_y10           a_y20           a_y22c     
OH2(0)        2.882381        0.033497        0.056739       -0.318193
Constrained Atomtypes 
  None
------------
Exchange RMS Error: 2.43020e-04
Exchange Weighted RMS Error: 2.43020e-04
Exchange Weighted Absolute Error: -6.79818e-06
Exchange Weighted Least-Squares Error: 2.08546e-05
--------------------------------------------
Electrostatic Parameters:
    Functional Form = 
	E(elst)_ij = f_damp*qi*qj/rij - A*K2(rij)*(1 + a_yml*Y_ml)*exp(-bij*rij)
Fitted Atomtypes 
               A             a_y10           a_y20      
H2O(0)        0.135525        0.565190        0.216843
               A             a_y10           a_y20           a_y22c     
OH2(0)        2.071946        0.176707        0.062821       -0.299709
Constrained Atomtypes 
  None
------------
Electrostatics RMS Error: 1.21708e-04
Electrostatics Weighted RMS Error: 1.21708e-04
Electrostatics Weighted Absolute Error: 2.02098e-05
Electrostatics Weighted Least-Squares Error: 7.92942e-06
--------------------------------------------
Drude oscillator energy has been calculated using the following method: multipole-gradient
Induction Parameters:
    Functional Form = 
	E(ind)_ij = shell_charge - A*K2(rij)*(1 + a_yml*Y_ml)*exp(-bij*rij)
Fitted Atomtypes 
               A             a_y10           a_y20      
H2O(0)        0.165670       -0.068043       -0.314646
               A             a_y10           a_y20           a_y22c     
OH2(0)        0.000000        0.179147        0.041294        0.161168
Constrained Atomtypes 
  None
------------
Induction RMS Error: 1.39648e-04
Induction Weighted RMS Error: 1.39648e-04
Induction Weighted Absolute Error: -2.27788e-05
Induction Weighted Least-Squares Error: 9.77854e-06
--------------------------------------------
DHF Parameters:
    Functional Form = 
	E(dhf)_ij = - A*K2(rij)*(1 + a_yml*Y_ml)*exp(-bij*rij)
Fitted Atomtypes 
               A             a_y10           a_y20      
H2O(0)        0.084216       -1.000000       -0.113013
               A             a_y10           a_y20           a_y22c     
OH2(0)        0.576831       -0.272857        0.004246       -0.351942
Constrained Atomtypes 
  None
------------
Dhf RMS Error: 5.16672e-05
Dhf Weighted RMS Error: 5.16672e-05
Dhf Weighted Absolute Error: 8.08301e-06
Dhf Weighted Least-Squares Error: 1.33892e-06
--------------------------------------------
Dispersion Parameters:
    Functional Form = 
	E(disp)_ij = sum_(n=6,8,10,12){A*fdamp_n*(Cij_n/r_ij^n)}
               C6              C8             C10             C12       
H2O          0.880629        1.744112       16.442916        0.000000
OH2          5.035664       23.165974      110.758015      470.057253
Fitted Atomtypes 
               A             a_y10           a_y20      
H2O(0)        1.300000        0.078362        0.029717
               A             a_y10           a_y20           a_y22c     
OH2(0)        0.907544       -0.036133        0.027028       -0.133429
Constrained Atomtypes 
  None
------------
Dispersion RMS Error: 3.37328e-05
Dispersion Weighted RMS Error: 3.37328e-05
Dispersion Weighted Absolute Error: 1.09504e-06
Dispersion Weighted Least-Squares Error: 5.97422e-07
--------------------------------------------
Total Energy:
------------
Total Energy RMS Error: 1.87709e-04
Total Energy Weighted RMS Error: 1.87709e-04
Total Energy Weighted Absolute Error: -1.89059e-07
Total Energy Weighted Least-Squares Error: 1.53637e-05
--------------------------------------------
#########################################################################


