########################## FF Fitting Summary ###########################
--------------------------------------------
Program Version: 1.1.0
Short-range Functional Form: born-mayer
Combination Rules: aij = geometric
                   bij = geometric_mean
Electrostatic Damping Type: None
Thole Param: 0.39
Fitting weight: eff_mu = 0.0 Ha
                eff_kt = 0.0104 Ha
Weighted RMSE cutoff: 0.0 Ha
Anisotropic Atomtypes: None
All parameters have been radially corrected to account for Slater overlap
This radial correction is approximate, and is only rigorous for the case where bi = bj.
------------
Exponents (Optimized):
CT4(0)     1.883017
CO2(0)     2.134979
HT4(0)     2.469726
HO1(0)     2.100749
OH1(0)     2.254387
HT8(0)     2.165287
------------
Monomer 1 Multipole File:
methane_ISA-GRID_L0.mom
Monomer 2 Multipole File:
methanol_ISA-GRID_L0.mom
--------------------------------------------
Exchange Parameters:
    Functional Form = 
	E(exch)_ij = A*K2(rij)*(1 + a_yml*Y_ml)*exp(-bij*rij)
    where the a coefficient for each spherical harmonic term Y_ml
    is listed in the parameters below and 
	K2(rij) = 1/3*(bij*rij)**2 + bij*rij + 1 
Fitted Atomtypes 
               A        
CT4(0)        2.557523
               A        
CO2(0)        1.732410
               A        
HT4(0)        0.969232
               A        
HO1(0)        0.171096
               A        
OH1(0)        2.781805
               A        
HT8(0)        0.462978
Constrained Atomtypes 
  None
------------
Exchange RMS Error: 7.17010e-04
Exchange Weighted RMS Error: 7.17010e-04
Exchange Weighted Absolute Error: 5.01036e-06
Exchange Weighted Least-Squares Error: 5.98820e-05
--------------------------------------------
Electrostatic Parameters:
    Functional Form = 
	E(elst)_ij = f_damp*qi*qj/rij - A*K2(rij)*(1 + a_yml*Y_ml)*exp(-bij*rij)
Fitted Atomtypes 
               A        
CT4(0)        1.340395
               A        
CO2(0)        1.275583
               A        
HT4(0)        0.379109
               A        
HO1(0)        0.062006
               A        
OH1(0)        2.196032
               A        
HT8(0)        0.294348
Constrained Atomtypes 
  None
------------
Electrostatics RMS Error: 3.03125e-04
Electrostatics Weighted RMS Error: 3.03125e-04
Electrostatics Weighted Absolute Error: 1.32604e-05
Electrostatics Weighted Least-Squares Error: 6.06417e-05
--------------------------------------------
Drude oscillator energy has been calculated using the following method: multipole-gradient
Induction Parameters:
    Functional Form = 
	E(ind)_ij = shell_charge - A*K2(rij)*(1 + a_yml*Y_ml)*exp(-bij*rij)
Fitted Atomtypes 
               A        
CT4(0)        0.005570
               A        
CO2(0)        0.000000
               A        
HT4(0)        0.003285
               A        
HO1(0)        6.382969
               A        
OH1(0)        1.472127
               A        
HT8(0)        5.781898
Constrained Atomtypes 
  None
------------
Induction RMS Error: 6.64475e-05
Induction Weighted RMS Error: 6.64475e-05
Induction Weighted Absolute Error: 4.72289e-06
Induction Weighted Least-Squares Error: 2.31303e-06
--------------------------------------------
DHF Parameters:
    Functional Form = 
	E(dhf)_ij = - A*K2(rij)*(1 + a_yml*Y_ml)*exp(-bij*rij)
Fitted Atomtypes 
               A        
CT4(0)        0.063388
               A        
CO2(0)        0.000000
               A        
HT4(0)        0.114047
               A        
HO1(0)        0.193756
               A        
OH1(0)        1.924867
               A        
HT8(0)        0.487810
Constrained Atomtypes 
  None
------------
Dhf RMS Error: 6.01390e-05
Dhf Weighted RMS Error: 6.01390e-05
Dhf Weighted Absolute Error: 8.90758e-07
Dhf Weighted Least-Squares Error: 1.92263e-06
--------------------------------------------
Dispersion Parameters:
    Functional Form = 
	E(disp)_ij = sum_(n=6,8,10,12){A*fdamp_n*(Cij_n/r_ij^n)}
               C6              C8             C10             C12       
CT4          4.847096       18.798288       63.256519      202.859856
CO2          4.847096       18.798288       63.256519      202.859856
HT4          1.498389        6.488268       33.240608        0.000000
HO1          1.275466        4.018693       30.302404        0.000000
OH1          3.819955       17.890308       89.856938      392.757676
HT8          1.498389        6.488268       33.240608        0.000000
Fitted Atomtypes 
               A        
CT4(0)        1.000000
               A        
CO2(0)        1.000000
               A        
HT4(0)        1.000000
               A        
HO1(0)        1.000000
               A        
OH1(0)        1.000000
               A        
HT8(0)        1.000000
Constrained Atomtypes 
  None
------------
Dispersion RMS Error: 2.06054e-04
Dispersion Weighted RMS Error: 2.06054e-04
Dispersion Weighted Absolute Error: 2.43735e-05
Dispersion Weighted Least-Squares Error: 2.70810e-05
--------------------------------------------
Total Energy:
------------
Total Energy RMS Error: 5.01177e-04
Total Energy Weighted RMS Error: 5.01177e-04
Total Energy Weighted Absolute Error: 4.82578e-05
Total Energy Weighted Least-Squares Error: 8.60956e-05
--------------------------------------------
#########################################################################


