########################## FF Fitting Summary ###########################
--------------------------------------------
Program Version: 1.1.0
Short-range Functional Form: born-mayer
Combination Rules: aij = geometric
                   bij = geometric_mean
Electrostatic Damping Type: None
Thole Param: 0.39
Fitting weight: eff_mu = 0.0 Ha
                eff_kt = 0.0152 Ha
Weighted RMSE cutoff: 0.0 Ha
Anisotropic Atomtypes: OC   
All parameters have been radially corrected to account for Slater overlap
This radial correction is approximate, and is only rigorous for the case where bi = bj.
------------
Exponents (Optimized):
CT1(0)     1.943415
CT2(0)     2.344671
OC(0)      2.287014
C=O(0)     2.593520
HT2(0)     2.011560
HT1(0)     2.485357
------------
Monomer 1 Multipole File:
acetone_ISA-GRID_L2.mom
Monomer 2 Multipole File:
ethane_ISA-GRID_L2.mom
--------------------------------------------
Exchange Parameters:
    Functional Form = 
	E(exch)_ij = A*K2(rij)*(1 + a_yml*Y_ml)*exp(-bij*rij)
    where the a coefficient for each spherical harmonic term Y_ml
    is listed in the parameters below and 
	K2(rij) = 1/3*(bij*rij)**2 + bij*rij + 1 
Fitted Atomtypes 
               A        
C=O(0)        3.255393
               A        
HT1(0)        0.681379
               A        
CT1(0)        2.032835
               A        
CT2(0)        4.789718
               A        
HT2(0)        0.513802
               A             a_y10           a_y20           a_y22c     
OC(0)        2.631377       -0.316285       -0.238071        0.127971
Constrained Atomtypes 
  None
------------
Exchange RMS Error: 5.88619e-04
Exchange Weighted RMS Error: 1.64288e-04
Exchange Weighted Absolute Error: 2.20709e-06
Exchange Weighted Least-Squares Error: 5.29189e-05
--------------------------------------------
Electrostatic Parameters:
    Functional Form = 
	E(elst)_ij = f_damp*qi*qj/rij - A*K2(rij)*(1 + a_yml*Y_ml)*exp(-bij*rij)
Fitted Atomtypes 
               A        
C=O(0)        2.547996
               A        
HT1(0)        0.340090
               A        
CT1(0)        1.561573
               A        
CT2(0)        2.740920
               A        
HT2(0)        0.215678
               A             a_y10           a_y20           a_y22c     
OC(0)        1.783040       -0.552398       -0.490206        0.233265
Constrained Atomtypes 
  None
------------
Electrostatics RMS Error: 2.00893e-04
Electrostatics Weighted RMS Error: 6.19623e-05
Electrostatics Weighted Absolute Error: 9.51131e-06
Electrostatics Weighted Least-Squares Error: 2.50130e-05
--------------------------------------------
Drude oscillator energy has been calculated using the following method: multipole-gradient
Induction Parameters:
    Functional Form = 
	E(ind)_ij = shell_charge - A*K2(rij)*(1 + a_yml*Y_ml)*exp(-bij*rij)
Fitted Atomtypes 
               A        
C=O(0)        1.539540
               A        
HT1(0)        0.200310
               A        
CT1(0)        0.362825
               A        
CT2(0)        0.675207
               A        
HT2(0)        0.054887
               A             a_y10           a_y20           a_y22c     
OC(0)        0.000000        0.805073       -0.275236       -0.048194
Constrained Atomtypes 
  None
------------
Induction RMS Error: 6.27275e-05
Induction Weighted RMS Error: 2.03136e-05
Induction Weighted Absolute Error: 1.12042e-06
Induction Weighted Least-Squares Error: 1.97325e-06
--------------------------------------------
DHF Parameters:
    Functional Form = 
	E(dhf)_ij = - A*K2(rij)*(1 + a_yml*Y_ml)*exp(-bij*rij)
Fitted Atomtypes 
               A        
C=O(0)        1.254032
               A        
HT1(0)        0.760948
               A        
CT1(0)        0.000000
               A        
CT2(0)        0.000000
               A        
HT2(0)        0.066429
               A             a_y10           a_y20           a_y22c     
OC(0)        1.416611       -1.000000       -0.666548       -0.230674
Constrained Atomtypes 
  None
------------
Dhf RMS Error: 7.14297e-05
Dhf Weighted RMS Error: 2.09724e-05
Dhf Weighted Absolute Error: 1.11437e-05
Dhf Weighted Least-Squares Error: 2.61713e-06
--------------------------------------------
Dispersion Parameters:
    Functional Form = 
	E(disp)_ij = sum_(n=6,8,10,12){A*fdamp_n*(Cij_n/r_ij^n)}
               C6              C8             C10             C12       
CT1          4.847096       18.798288       63.256519      202.859856
CT2          4.847096       18.798288       63.256519      202.859856
OC           4.783373       18.811595      100.656333      417.705964
C=O          3.661371       12.062782       78.048354      284.357981
HT2          1.498389        6.488268       33.240608        0.000000
HT1          1.498389        6.488268       33.240608        0.000000
Fitted Atomtypes 
               A        
C=O(0)        1.000000
               A        
HT1(0)        1.000000
               A        
CT1(0)        1.000000
               A        
CT2(0)        1.000000
               A        
HT2(0)        1.000000
               A             a_y10           a_y20           a_y22c     
OC(0)        1.000000       -0.147517        0.000568        0.022920
Constrained Atomtypes 
  None
------------
Dispersion RMS Error: 1.72801e-04
Dispersion Weighted RMS Error: 6.92609e-05
Dispersion Weighted Absolute Error: -8.22661e-06
Dispersion Weighted Least-Squares Error: 1.85644e-05
--------------------------------------------
Total Energy:
------------
Total Energy RMS Error: 4.12448e-04
Total Energy Weighted RMS Error: 1.26685e-04
Total Energy Weighted Absolute Error: 1.57559e-05
Total Energy Weighted Least-Squares Error: 6.27148e-05
--------------------------------------------
#########################################################################


