########################## FF Fitting Summary ###########################
--------------------------------------------
Program Version: 1.1.0
Short-range Functional Form: born-mayer
Combination Rules: aij = geometric
                   bij = geometric_mean
Electrostatic Damping Type: None
Thole Param: 0.39
Fitting weight: eff_mu = 0.0 Ha
                eff_kt = 0.0061 Ha
Weighted RMSE cutoff: 0.0 Ha
Anisotropic Atomtypes: None
All parameters have been radially corrected to account for Slater overlap
This radial correction is approximate, and is only rigorous for the case where bi = bj.
------------
Exponents:
CT1(0)     1.894503
CT2(0)     2.261214
OC(0)      2.191569
C=O(0)     2.594692
HT2(0)     2.169519
HT1(0)     2.251128
------------
Monomer 1 Multipole File:
acetone_ISA-GRID_L0.mom
Monomer 2 Multipole File:
ethane_ISA-GRID_L0.mom
--------------------------------------------
Exchange Parameters:
    Functional Form = 
	E(exch)_ij = A*K2(rij)*(1 + a_yml*Y_ml)*exp(-bij*rij)
    where the a coefficient for each spherical harmonic term Y_ml
    is listed in the parameters below and 
	K2(rij) = 1/3*(bij*rij)**2 + bij*rij + 1 
Fitted Atomtypes 
  None
Constrained Atomtypes 
               A        
CT1(0)        1.974741
               A        
CT2(0)        3.214042
               A        
OC(0)        3.009979
               A        
C=O(0)        3.327676
               A        
HT2(0)        0.588406
               A        
HT1(0)        0.583943
------------
Exchange RMS Error: 7.15568e-04
Exchange Weighted RMS Error: 7.15568e-04
Exchange Weighted Absolute Error: -1.63369e-05
Exchange Weighted Least-Squares Error: 1.94287e-05
--------------------------------------------
Electrostatic Parameters:
    Functional Form = 
	E(elst)_ij = f_damp*qi*qj/rij - A*K2(rij)*(1 + a_yml*Y_ml)*exp(-bij*rij)
Fitted Atomtypes 
  None
Constrained Atomtypes 
               A        
CT1(0)        1.210243
               A        
CT2(0)        2.141939
               A        
OC(0)        1.910316
               A        
C=O(0)        1.609655
               A        
HT2(0)        0.293685
               A        
HT1(0)        0.278990
------------
Electrostatics RMS Error: 3.58765e-04
Electrostatics Weighted RMS Error: 3.58765e-04
Electrostatics Weighted Absolute Error: 4.61665e-06
Electrostatics Weighted Least-Squares Error: 8.90075e-05
--------------------------------------------
Drude oscillator energy has been calculated using the following method: multipole-gradient
Induction Parameters:
    Functional Form = 
	E(ind)_ij = shell_charge - A*K2(rij)*(1 + a_yml*Y_ml)*exp(-bij*rij)
Fitted Atomtypes 
  None
Constrained Atomtypes 
               A        
CT1(0)        0.058366
               A        
CT2(0)        0.276500
               A        
OC(0)        0.000000
               A        
C=O(0)        1.785540
               A        
HT2(0)        0.114896
               A        
HT1(0)        0.149943
------------
Induction RMS Error: 8.89587e-05
Induction Weighted RMS Error: 8.89587e-05
Induction Weighted Absolute Error: 1.13950e-05
Induction Weighted Least-Squares Error: 4.26852e-06
--------------------------------------------
DHF Parameters:
    Functional Form = 
	E(dhf)_ij = - A*K2(rij)*(1 + a_yml*Y_ml)*exp(-bij*rij)
Fitted Atomtypes 
  None
Constrained Atomtypes 
               A        
CT1(0)        0.044566
               A        
CT2(0)        0.092332
               A        
OC(0)        0.808786
               A        
C=O(0)        0.419490
               A        
HT2(0)        0.200317
               A        
HT1(0)        0.217354
------------
Dhf RMS Error: 8.78776e-05
Dhf Weighted RMS Error: 8.78776e-05
Dhf Weighted Absolute Error: 1.13081e-05
Dhf Weighted Least-Squares Error: 4.36272e-06
--------------------------------------------
Dispersion Parameters:
    Functional Form = 
	E(disp)_ij = sum_(n=6,8,10,12){A*fdamp_n*(Cij_n/r_ij^n)}
               C6              C8             C10             C12       
CT1          4.847096       18.798288       63.256519      202.859856
CT2          4.847096       18.798288       63.256519      202.859856
OC           4.783373       18.811595      100.656333      417.705964
C=O          3.661371       12.062782       78.048354      284.357981
HT2          1.498389        6.488268       33.240608        0.000000
HT1          1.498389        6.488268       33.240608        0.000000
Fitted Atomtypes 
  None
Constrained Atomtypes 
               A        
CT1(0)        1.000000
               A        
CT2(0)        1.000000
               A        
OC(0)        1.000000
               A        
C=O(0)        1.000000
               A        
HT2(0)        1.000000
               A        
HT1(0)        1.000000
------------
Dispersion RMS Error: 2.31886e-04
Dispersion Weighted RMS Error: 2.31886e-04
Dispersion Weighted Absolute Error: -4.16470e-05
Dispersion Weighted Least-Squares Error: 4.02313e-05
--------------------------------------------
Total Energy:
------------
Total Energy RMS Error: 6.37406e-04
Total Energy Weighted RMS Error: 6.37406e-04
Total Energy Weighted Absolute Error: -3.06642e-05
Total Energy Weighted Least-Squares Error: 1.18421e-04
--------------------------------------------
#########################################################################


