########################## FF Fitting Summary ###########################
--------------------------------------------
Program Version: 1.1.0
Short-range Functional Form: born-mayer
Combination Rules: aij = geometric
                   bij = geometric_mean
Electrostatic Damping Type: None
Thole Param: 0.39
Fitting weight: eff_mu = 0.0 Ha
                eff_kt = 0.0061 Ha
Weighted RMSE cutoff: 0.0 Ha
Anisotropic Atomtypes: OC   
All parameters have been radially corrected to account for Slater overlap
This radial correction is approximate, and is only rigorous for the case where bi = bj.
------------
Exponents:
CT1(0)     1.819913
CT2(0)     2.261214
OC(0)      2.200783
C=O(0)     2.718321
HT2(0)     2.169519
HT1(0)     2.333336
------------
Monomer 1 Multipole File:
acetone_ISA-GRID_L2.mom
Monomer 2 Multipole File:
ethane_ISA-GRID_L2.mom
--------------------------------------------
Exchange Parameters:
    Functional Form = 
	E(exch)_ij = A*K2(rij)*(1 + a_yml*Y_ml)*exp(-bij*rij)
    where the a coefficient for each spherical harmonic term Y_ml
    is listed in the parameters below and 
	K2(rij) = 1/3*(bij*rij)**2 + bij*rij + 1 
Fitted Atomtypes 
  None
Constrained Atomtypes 
               A        
CT1(0)        1.756864
               A        
CT2(0)        3.214042
               A             a_y10           a_y20           a_y22c     
OC(0)        2.800441       -0.219521       -0.210109        0.120144
               A        
C=O(0)        4.914017
               A        
HT2(0)        0.588406
               A        
HT1(0)        0.633756
------------
Exchange RMS Error: 6.36152e-04
Exchange Weighted RMS Error: 6.36152e-04
Exchange Weighted Absolute Error: -2.75975e-06
Exchange Weighted Least-Squares Error: 1.56983e-05
--------------------------------------------
Electrostatic Parameters:
    Functional Form = 
	E(elst)_ij = f_damp*qi*qj/rij - A*K2(rij)*(1 + a_yml*Y_ml)*exp(-bij*rij)
Fitted Atomtypes 
  None
Constrained Atomtypes 
               A        
CT1(0)        1.128948
               A        
CT2(0)        2.165359
               A             a_y10           a_y20           a_y22c     
OC(0)        1.822973       -0.147986       -0.224111        0.165589
               A        
C=O(0)        2.345586
               A        
HT2(0)        0.290517
               A        
HT1(0)        0.286881
------------
Electrostatics RMS Error: 2.25588e-04
Electrostatics Weighted RMS Error: 2.25588e-04
Electrostatics Weighted Absolute Error: 1.37347e-05
Electrostatics Weighted Least-Squares Error: 4.01692e-05
--------------------------------------------
Drude oscillator energy has been calculated using the following method: multipole-gradient
Induction Parameters:
    Functional Form = 
	E(ind)_ij = shell_charge - A*K2(rij)*(1 + a_yml*Y_ml)*exp(-bij*rij)
Fitted Atomtypes 
  None
Constrained Atomtypes 
               A        
CT1(0)        0.089053
               A        
CT2(0)        0.292341
               A             a_y10           a_y20           a_y22c     
OC(0)        0.031022        0.043159        1.000000       -1.000000
               A        
C=O(0)        2.573738
               A        
HT2(0)        0.110461
               A        
HT1(0)        0.157247
------------
Induction RMS Error: 7.66185e-05
Induction Weighted RMS Error: 7.66185e-05
Induction Weighted Absolute Error: 4.40649e-06
Induction Weighted Least-Squares Error: 3.16836e-06
--------------------------------------------
DHF Parameters:
    Functional Form = 
	E(dhf)_ij = - A*K2(rij)*(1 + a_yml*Y_ml)*exp(-bij*rij)
Fitted Atomtypes 
  None
Constrained Atomtypes 
               A        
CT1(0)        0.056533
               A        
CT2(0)        0.090473
               A             a_y10           a_y20           a_y22c     
OC(0)        0.542050       -1.000000       -0.656495       -0.199400
               A        
C=O(0)        0.882379
               A        
HT2(0)        0.200338
               A        
HT1(0)        0.244537
------------
Dhf RMS Error: 8.11590e-05
Dhf Weighted RMS Error: 8.11590e-05
Dhf Weighted Absolute Error: 1.09081e-05
Dhf Weighted Least-Squares Error: 3.74401e-06
--------------------------------------------
Dispersion Parameters:
    Functional Form = 
	E(disp)_ij = sum_(n=6,8,10,12){A*fdamp_n*(Cij_n/r_ij^n)}
               C6              C8             C10             C12       
CT1          4.847096       18.798288       63.256519      202.859856
CT2          4.847096       18.798288       63.256519      202.859856
OC           4.783373       18.811595      100.656333      417.705964
C=O          3.661371       12.062782       78.048354      284.357981
HT2          1.498389        6.488268       33.240608        0.000000
HT1          1.498389        6.488268       33.240608        0.000000
Fitted Atomtypes 
  None
Constrained Atomtypes 
               A        
CT1(0)        1.167041
               A        
CT2(0)        0.700000
               A             a_y10           a_y20           a_y22c     
OC(0)        0.814443       -0.563660       -0.232466       -0.012215
               A        
C=O(0)        0.873823
               A        
HT2(0)        1.212991
               A        
HT1(0)        0.946465
------------
Dispersion RMS Error: 1.12686e-04
Dispersion Weighted RMS Error: 1.12686e-04
Dispersion Weighted Absolute Error: 5.97633e-06
Dispersion Weighted Least-Squares Error: 1.03333e-05
--------------------------------------------
Total Energy:
------------
Total Energy RMS Error: 4.17339e-04
Total Energy Weighted RMS Error: 4.17339e-04
Total Energy Weighted Absolute Error: 3.22659e-05
Total Energy Weighted Least-Squares Error: 4.95358e-05
--------------------------------------------
#########################################################################


