########################## FF Fitting Summary ###########################
--------------------------------------------
Program Version: 1.1.0
Short-range Functional Form: born-mayer
Combination Rules: aij = geometric
                   bij = geometric_mean
Electrostatic Damping Type: None
Thole Param: 0.39
Fitting weight: eff_mu = 0.0 Ha
                eff_kt = 0.0152 Ha
Weighted RMSE cutoff: 0.0 Ha
Anisotropic Atomtypes: None
All parameters have been radially corrected to account for Slater overlap
This radial correction is approximate, and is only rigorous for the case where bi = bj.
------------
Exponents (Optimized):
CT1(0)     1.986534
CT2(0)     2.332824
OC(0)      2.280228
C=O(0)     2.578777
HT2(0)     2.006842
HT1(0)     2.457878
------------
Monomer 1 Multipole File:
acetone_ISA-GRID_L0.mom
Monomer 2 Multipole File:
ethane_ISA-GRID_L0.mom
--------------------------------------------
Exchange Parameters:
    Functional Form = 
	E(exch)_ij = A*K2(rij)*(1 + a_yml*Y_ml)*exp(-bij*rij)
    where the a coefficient for each spherical harmonic term Y_ml
    is listed in the parameters below and 
	K2(rij) = 1/3*(bij*rij)**2 + bij*rij + 1 
Fitted Atomtypes 
               A        
CT1(0)        2.233486
               A        
CT2(0)        4.600276
               A        
OC(0)        3.054497
               A        
C=O(0)        2.480874
               A        
HT2(0)        0.497777
               A        
HT1(0)        0.685310
Constrained Atomtypes 
  None
------------
Exchange RMS Error: 6.72453e-04
Exchange Weighted RMS Error: 6.72453e-04
Exchange Weighted Absolute Error: -4.97913e-06
Exchange Weighted Least-Squares Error: 6.39955e-05
--------------------------------------------
Electrostatic Parameters:
    Functional Form = 
	E(elst)_ij = f_damp*qi*qj/rij - A*K2(rij)*(1 + a_yml*Y_ml)*exp(-bij*rij)
Fitted Atomtypes 
               A        
CT1(0)        1.522569
               A        
CT2(0)        2.746418
               A        
OC(0)        2.060217
               A        
C=O(0)        1.776660
               A        
HT2(0)        0.234194
               A        
HT1(0)        0.330603
Constrained Atomtypes 
  None
------------
Electrostatics RMS Error: 3.40587e-04
Electrostatics Weighted RMS Error: 3.40587e-04
Electrostatics Weighted Absolute Error: 9.08700e-07
Electrostatics Weighted Least-Squares Error: 6.60737e-05
--------------------------------------------
Drude oscillator energy has been calculated using the following method: multipole-gradient
Induction Parameters:
    Functional Form = 
	E(ind)_ij = shell_charge - A*K2(rij)*(1 + a_yml*Y_ml)*exp(-bij*rij)
Fitted Atomtypes 
               A        
CT1(0)        0.297814
               A        
CT2(0)        0.953437
               A        
OC(0)        0.000000
               A        
C=O(0)        0.875545
               A        
HT2(0)        0.074032
               A        
HT1(0)        0.144763
Constrained Atomtypes 
  None
------------
Induction RMS Error: 8.03518e-05
Induction Weighted RMS Error: 8.03518e-05
Induction Weighted Absolute Error: 8.52440e-06
Induction Weighted Least-Squares Error: 3.22866e-06
--------------------------------------------
DHF Parameters:
    Functional Form = 
	E(dhf)_ij = - A*K2(rij)*(1 + a_yml*Y_ml)*exp(-bij*rij)
Fitted Atomtypes 
               A        
CT1(0)        0.000000
               A        
CT2(0)        0.000000
               A        
OC(0)        1.613588
               A        
C=O(0)        0.465266
               A        
HT2(0)        0.086678
               A        
HT1(0)        0.553756
Constrained Atomtypes 
  None
------------
Dhf RMS Error: 7.99787e-05
Dhf Weighted RMS Error: 7.99787e-05
Dhf Weighted Absolute Error: 1.06048e-05
Dhf Weighted Least-Squares Error: 3.27997e-06
--------------------------------------------
Dispersion Parameters:
    Functional Form = 
	E(disp)_ij = sum_(n=6,8,10,12){A*fdamp_n*(Cij_n/r_ij^n)}
               C6              C8             C10             C12       
CT1          4.847096       18.798288       63.256519      202.859856
CT2          4.847096       18.798288       63.256519      202.859856
OC           4.783373       18.811595      100.656333      417.705964
C=O          3.661371       12.062782       78.048354      284.357981
HT2          1.498389        6.488268       33.240608        0.000000
HT1          1.498389        6.488268       33.240608        0.000000
Fitted Atomtypes 
               A        
CT1(0)        1.067562
               A        
CT2(0)        0.700000
               A        
OC(0)        1.158825
               A        
C=O(0)        0.700000
               A        
HT2(0)        1.186689
               A        
HT1(0)        1.000582
Constrained Atomtypes 
  None
------------
Dispersion RMS Error: 1.23470e-04
Dispersion Weighted RMS Error: 1.23470e-04
Dispersion Weighted Absolute Error: 5.29039e-06
Dispersion Weighted Least-Squares Error: 9.85367e-06
--------------------------------------------
Total Energy:
------------
Total Energy RMS Error: 6.28446e-04
Total Energy Weighted RMS Error: 6.28446e-04
Total Energy Weighted Absolute Error: 2.03491e-05
Total Energy Weighted Least-Squares Error: 1.47553e-04
--------------------------------------------
#########################################################################


