########################## FF Fitting Summary ###########################
--------------------------------------------
Program Version: 1.1.0
Short-range Functional Form: born-mayer
Combination Rules: aij = geometric
                   bij = geometric_mean
Electrostatic Damping Type: None
Thole Param: 0.39
Fitting weight: eff_mu = 0.0 Ha
                eff_kt = 0.0061 Ha
Weighted RMSE cutoff: 0.0 Ha
Anisotropic Atomtypes: None
All parameters have been radially corrected to account for Slater overlap
This radial correction is approximate, and is only rigorous for the case where bi = bj.
------------
Exponents:
CT1(0)     1.894503
CT2(0)     2.261214
OC(0)      2.191569
C=O(0)     2.594692
HT2(0)     2.169519
HT1(0)     2.251128
------------
Monomer 1 Multipole File:
acetone_ISA-GRID_L2.mom
Monomer 2 Multipole File:
ethane_ISA-GRID_L2.mom
--------------------------------------------
Exchange Parameters:
    Functional Form = 
	E(exch)_ij = A*K2(rij)*(1 + a_yml*Y_ml)*exp(-bij*rij)
    where the a coefficient for each spherical harmonic term Y_ml
    is listed in the parameters below and 
	K2(rij) = 1/3*(bij*rij)**2 + bij*rij + 1 
Fitted Atomtypes 
  None
Constrained Atomtypes 
               A        
CT1(0)        1.974741
               A        
CT2(0)        3.214042
               A        
OC(0)        3.009979
               A        
C=O(0)        3.327676
               A        
HT2(0)        0.588406
               A        
HT1(0)        0.583943
------------
Exchange RMS Error: 7.15568e-04
Exchange Weighted RMS Error: 7.15568e-04
Exchange Weighted Absolute Error: -1.63369e-05
Exchange Weighted Least-Squares Error: 1.94287e-05
--------------------------------------------
Electrostatic Parameters:
    Functional Form = 
	E(elst)_ij = f_damp*qi*qj/rij - A*K2(rij)*(1 + a_yml*Y_ml)*exp(-bij*rij)
Fitted Atomtypes 
  None
Constrained Atomtypes 
               A        
CT1(0)        1.256873
               A        
CT2(0)        2.165359
               A        
OC(0)        1.885016
               A        
C=O(0)        1.698481
               A        
HT2(0)        0.290517
               A        
HT1(0)        0.273429
------------
Electrostatics RMS Error: 2.87487e-04
Electrostatics Weighted RMS Error: 2.87487e-04
Electrostatics Weighted Absolute Error: 1.96294e-05
Electrostatics Weighted Least-Squares Error: 6.61225e-05
--------------------------------------------
Drude oscillator energy has been calculated using the following method: multipole-gradient
Induction Parameters:
    Functional Form = 
	E(ind)_ij = shell_charge - A*K2(rij)*(1 + a_yml*Y_ml)*exp(-bij*rij)
Fitted Atomtypes 
  None
Constrained Atomtypes 
               A        
CT1(0)        0.100633
               A        
CT2(0)        0.292338
               A        
OC(0)        0.029254
               A        
C=O(0)        2.012280
               A        
HT2(0)        0.110461
               A        
HT1(0)        0.138196
------------
Induction RMS Error: 7.62116e-05
Induction Weighted RMS Error: 7.62116e-05
Induction Weighted Absolute Error: 4.70422e-06
Induction Weighted Least-Squares Error: 3.14520e-06
--------------------------------------------
DHF Parameters:
    Functional Form = 
	E(dhf)_ij = - A*K2(rij)*(1 + a_yml*Y_ml)*exp(-bij*rij)
Fitted Atomtypes 
  None
Constrained Atomtypes 
               A        
CT1(0)        0.051209
               A        
CT2(0)        0.090473
               A        
OC(0)        0.809209
               A        
C=O(0)        0.413886
               A        
HT2(0)        0.200338
               A        
HT1(0)        0.216422
------------
Dhf RMS Error: 8.68166e-05
Dhf Weighted RMS Error: 8.68166e-05
Dhf Weighted Absolute Error: 1.16808e-05
Dhf Weighted Least-Squares Error: 4.25769e-06
--------------------------------------------
Dispersion Parameters:
    Functional Form = 
	E(disp)_ij = sum_(n=6,8,10,12){A*fdamp_n*(Cij_n/r_ij^n)}
               C6              C8             C10             C12       
CT1          4.847096       18.798288       63.256519      202.859856
CT2          4.847096       18.798288       63.256519      202.859856
OC           4.783373       18.811595      100.656333      417.705964
C=O          3.661371       12.062782       78.048354      284.357981
HT2          1.498389        6.488268       33.240608        0.000000
HT1          1.498389        6.488268       33.240608        0.000000
Fitted Atomtypes 
  None
Constrained Atomtypes 
               A        
CT1(0)        0.881446
               A        
CT2(0)        0.700000
               A        
OC(0)        1.115496
               A        
C=O(0)        0.700000
               A        
HT2(0)        1.212991
               A        
HT1(0)        1.095684
------------
Dispersion RMS Error: 1.28508e-04
Dispersion Weighted RMS Error: 1.28508e-04
Dispersion Weighted Absolute Error: 3.62004e-06
Dispersion Weighted Least-Squares Error: 1.34129e-05
--------------------------------------------
Total Energy:
------------
Total Energy RMS Error: 4.46485e-04
Total Energy Weighted RMS Error: 4.46485e-04
Total Energy Weighted Absolute Error: 2.32975e-05
Total Energy Weighted Least-Squares Error: 5.12800e-05
--------------------------------------------
#########################################################################


