########################## FF Fitting Summary ###########################
--------------------------------------------
Program Version: 1.1.0
Short-range Functional Form: born-mayer
Combination Rules: aij = geometric
                   bij = geometric_mean
Electrostatic Damping Type: None
Thole Param: 0.39
Fitting weight: eff_mu = 0.0 Ha
                eff_kt = 0.0032 Ha
Weighted RMSE cutoff: 0.0 Ha
Anisotropic Atomtypes: None
All parameters have been radially corrected to account for Slater overlap
This radial correction is approximate, and is only rigorous for the case where bi = bj.
------------
Exponents (Optimized):
H2O(0)     2.094432
Ar(0)      2.091798
OH2(0)     2.271419
------------
Monomer 1 Multipole File:
ar_ISA-GRID_L2.mom
Monomer 2 Multipole File:
h2o_ISA-GRID_L2.mom
--------------------------------------------
Exchange Parameters:
    Functional Form = 
	E(exch)_ij = A*K2(rij)*(1 + a_yml*Y_ml)*exp(-bij*rij)
    where the a coefficient for each spherical harmonic term Y_ml
    is listed in the parameters below and 
	K2(rij) = 1/3*(bij*rij)**2 + bij*rij + 1 
Fitted Atomtypes 
               A        
H2O(0)        0.248625
               A        
Ar(0)        4.221574
               A        
OH2(0)        4.431310
Constrained Atomtypes 
  None
------------
Exchange RMS Error: 1.03506e-03
Exchange Weighted RMS Error: 1.64508e-04
Exchange Weighted Absolute Error: -2.52042e-05
Exchange Weighted Least-Squares Error: 2.39332e-05
--------------------------------------------
Electrostatic Parameters:
    Functional Form = 
	E(elst)_ij = f_damp*qi*qj/rij - A*K2(rij)*(1 + a_yml*Y_ml)*exp(-bij*rij)
Fitted Atomtypes 
               A        
H2O(0)        0.156396
               A        
Ar(0)        2.139724
               A        
OH2(0)        3.512408
Constrained Atomtypes 
  None
------------
Electrostatics RMS Error: 4.39728e-04
Electrostatics Weighted RMS Error: 1.22859e-04
Electrostatics Weighted Absolute Error: 4.80308e-05
Electrostatics Weighted Least-Squares Error: 1.54935e-04
--------------------------------------------
Drude oscillator energy has been calculated using the following method: multipole-gradient
Induction Parameters:
    Functional Form = 
	E(ind)_ij = shell_charge - A*K2(rij)*(1 + a_yml*Y_ml)*exp(-bij*rij)
Fitted Atomtypes 
               A        
H2O(0)        0.631538
               A        
Ar(0)        0.162014
               A        
OH2(0)        0.797554
Constrained Atomtypes 
  None
------------
Induction RMS Error: 3.05708e-05
Induction Weighted RMS Error: 7.03224e-06
Induction Weighted Absolute Error: -2.70319e-06
Induction Weighted Least-Squares Error: 5.11609e-07
--------------------------------------------
DHF Parameters:
    Functional Form = 
	E(dhf)_ij = - A*K2(rij)*(1 + a_yml*Y_ml)*exp(-bij*rij)
Fitted Atomtypes 
               A        
H2O(0)        0.141676
               A        
Ar(0)        0.538600
               A        
OH2(0)        1.390493
Constrained Atomtypes 
  None
------------
Dhf RMS Error: 3.30928e-05
Dhf Weighted RMS Error: 9.46707e-06
Dhf Weighted Absolute Error: 3.25741e-06
Dhf Weighted Least-Squares Error: 5.99755e-07
--------------------------------------------
Dispersion Parameters:
    Functional Form = 
	E(disp)_ij = sum_(n=6,8,10,12){A*fdamp_n*(Cij_n/r_ij^n)}
               C6              C8             C10             C12       
H2O          0.880629        1.744112       16.442916        0.000000
Ar           8.426582       39.451011      194.132705      842.434187
OH2          5.035664       23.165974      110.758015      470.057253
Fitted Atomtypes 
               A        
H2O(0)        1.000000
               A        
Ar(0)        1.000000
               A        
OH2(0)        1.000000
Constrained Atomtypes 
  None
------------
Dispersion RMS Error: 1.76315e-04
Dispersion Weighted RMS Error: 6.43201e-05
Dispersion Weighted Absolute Error: -3.12726e-05
Dispersion Weighted Least-Squares Error: 2.38849e-05
--------------------------------------------
Total Energy:
------------
Total Energy RMS Error: 6.05586e-04
Total Energy Weighted RMS Error: 6.62887e-05
Total Energy Weighted Absolute Error: -7.89186e-06
Total Energy Weighted Least-Squares Error: 4.94973e-05
--------------------------------------------
#########################################################################


