########################## FF Fitting Summary ###########################
--------------------------------------------
Program Version: 1.1.0
Short-range Functional Form: born-mayer
Combination Rules: aij = geometric
                   bij = geometric_mean
Electrostatic Damping Type: None
Thole Param: 0.39
Fitting weight: eff_mu = 0.0 Ha
                eff_kt = 0.0013 Ha
Weighted RMSE cutoff: 0.0 Ha
Anisotropic Atomtypes: None
All parameters have been radially corrected to account for Slater overlap
This radial correction is approximate, and is only rigorous for the case where bi = bj.
------------
Exponents:
H2O(0)     1.564809
Ar(0)      2.220941
OH2(0)     2.488426
------------
Monomer 1 Multipole File:
ar_ISA-GRID_L2.mom
Monomer 2 Multipole File:
h2o_ISA-GRID_L2.mom
--------------------------------------------
Exchange Parameters:
    Functional Form = 
	E(exch)_ij = A*K2(rij)*(1 + a_yml*Y_ml)*exp(-bij*rij)
    where the a coefficient for each spherical harmonic term Y_ml
    is listed in the parameters below and 
	K2(rij) = 1/3*(bij*rij)**2 + bij*rij + 1 
Fitted Atomtypes 
  None
Constrained Atomtypes 
               A        
H2O(0)        0.093056
               A        
Ar(0)        6.842610
               A        
OH2(0)        5.570999
------------
Exchange RMS Error: 8.48762e-04
Exchange Weighted RMS Error: 2.72692e-04
Exchange Weighted Absolute Error: -8.10735e-05
Exchange Weighted Least-Squares Error: 1.52542e-05
--------------------------------------------
Electrostatic Parameters:
    Functional Form = 
	E(elst)_ij = f_damp*qi*qj/rij - A*K2(rij)*(1 + a_yml*Y_ml)*exp(-bij*rij)
Fitted Atomtypes 
  None
Constrained Atomtypes 
               A        
H2O(0)        0.034153
               A        
Ar(0)        3.951206
               A        
OH2(0)        3.716275
------------
Electrostatics RMS Error: 4.36652e-04
Electrostatics Weighted RMS Error: 9.87833e-05
Electrostatics Weighted Absolute Error: 1.65665e-05
Electrostatics Weighted Least-Squares Error: 1.79024e-04
--------------------------------------------
Drude oscillator energy has been calculated using the following method: multipole-gradient
Induction Parameters:
    Functional Form = 
	E(ind)_ij = shell_charge - A*K2(rij)*(1 + a_yml*Y_ml)*exp(-bij*rij)
Fitted Atomtypes 
  None
Constrained Atomtypes 
               A        
H2O(0)        0.054241
               A        
Ar(0)        0.890557
               A        
OH2(0)        0.000000
------------
Induction RMS Error: 4.34853e-05
Induction Weighted RMS Error: 1.03021e-05
Induction Weighted Absolute Error: 1.72679e-06
Induction Weighted Least-Squares Error: 1.21014e-06
--------------------------------------------
DHF Parameters:
    Functional Form = 
	E(dhf)_ij = - A*K2(rij)*(1 + a_yml*Y_ml)*exp(-bij*rij)
Fitted Atomtypes 
  None
Constrained Atomtypes 
               A        
H2O(0)        0.023970
               A        
Ar(0)        1.374643
               A        
OH2(0)        1.159151
------------
Dhf RMS Error: 3.74134e-05
Dhf Weighted RMS Error: 1.05701e-05
Dhf Weighted Absolute Error: 3.80680e-06
Dhf Weighted Least-Squares Error: 8.74490e-07
--------------------------------------------
Dispersion Parameters:
    Functional Form = 
	E(disp)_ij = sum_(n=6,8,10,12){A*fdamp_n*(Cij_n/r_ij^n)}
               C6              C8             C10             C12       
H2O          0.880629        1.744112       16.442916        0.000000
Ar           8.426582       39.451011      194.132705      842.434187
OH2          5.035664       23.165974      110.758015      470.057253
Fitted Atomtypes 
  None
Constrained Atomtypes 
               A        
H2O(0)        1.000000
               A        
Ar(0)        1.000000
               A        
OH2(0)        1.000000
------------
Dispersion RMS Error: 2.18865e-04
Dispersion Weighted RMS Error: 8.47734e-05
Dispersion Weighted Absolute Error: -3.25851e-05
Dispersion Weighted Least-Squares Error: 4.35818e-05
--------------------------------------------
Total Energy:
------------
Total Energy RMS Error: 4.85898e-04
Total Energy Weighted RMS Error: 2.30401e-04
Total Energy Weighted Absolute Error: -9.15585e-05
Total Energy Weighted Least-Squares Error: 6.28579e-05
--------------------------------------------
#########################################################################


