########################## FF Fitting Summary ###########################
--------------------------------------------
Program Version: 1.1.0
Short-range Functional Form: born-mayer
Combination Rules: aij = geometric
                   bij = geometric_mean
Electrostatic Damping Type: None
Thole Param: 0.39
Fitting weight: eff_mu = 0.0 Ha
                eff_kt = 0.0097 Ha
Weighted RMSE cutoff: 0.0 Ha
Anisotropic Atomtypes: None
All parameters have been radially corrected to account for Slater overlap
This radial correction is approximate, and is only rigorous for the case where bi = bj.
------------
Exponents:
HT7(0)     2.236386
HN(0)      2.213238
CO(0)      1.933594
O(0)       2.319445
N(0)       2.042178
------------
Monomer 1 Multipole File:
dimethyl_ether_ISA-GRID_L2.mom
Monomer 2 Multipole File:
nh3_ISA-GRID_L2.mom
--------------------------------------------
Exchange Parameters:
    Functional Form = 
	E(exch)_ij = A*K2(rij)*(1 + a_yml*Y_ml)*exp(-bij*rij)
    where the a coefficient for each spherical harmonic term Y_ml
    is listed in the parameters below and 
	K2(rij) = 1/3*(bij*rij)**2 + bij*rij + 1 
Fitted Atomtypes 
  None
Constrained Atomtypes 
               A        
HT7(0)        0.636992
               A        
HN(0)        0.325609
               A        
CO(0)        1.553522
               A        
O(0)         3.388801
               A        
N(0)         3.261484
------------
Exchange RMS Error: 1.69562e-03
Exchange Weighted RMS Error: 4.99153e-04
Exchange Weighted Absolute Error: -3.46429e-05
Exchange Weighted Least-Squares Error: 2.38136e-04
--------------------------------------------
Electrostatic Parameters:
    Functional Form = 
	E(elst)_ij = f_damp*qi*qj/rij - A*K2(rij)*(1 + a_yml*Y_ml)*exp(-bij*rij)
Fitted Atomtypes 
  None
Constrained Atomtypes 
               A        
HT7(0)        0.316388
               A        
HN(0)        0.105210
               A        
CO(0)        1.004880
               A        
O(0)         2.270286
               A        
N(0)         2.294156
------------
Electrostatics RMS Error: 8.01685e-04
Electrostatics Weighted RMS Error: 2.39277e-04
Electrostatics Weighted Absolute Error: 3.45414e-05
Electrostatics Weighted Least-Squares Error: 4.43716e-04
--------------------------------------------
Drude oscillator energy has been calculated using the following method: multipole-gradient
Induction Parameters:
    Functional Form = 
	E(ind)_ij = shell_charge - A*K2(rij)*(1 + a_yml*Y_ml)*exp(-bij*rij)
Fitted Atomtypes 
  None
Constrained Atomtypes 
               A        
HT7(0)        0.129679
               A        
HN(0)        0.134932
               A        
CO(0)        0.128564
               A        
O(0)         0.000000
               A        
N(0)         0.064204
------------
Induction RMS Error: 1.16882e-04
Induction Weighted RMS Error: 4.36507e-05
Induction Weighted Absolute Error: -3.66792e-06
Induction Weighted Least-Squares Error: 6.82389e-06
--------------------------------------------
DHF Parameters:
    Functional Form = 
	E(dhf)_ij = - A*K2(rij)*(1 + a_yml*Y_ml)*exp(-bij*rij)
Fitted Atomtypes 
  None
Constrained Atomtypes 
               A        
HT7(0)        0.223485
               A        
HN(0)        0.112739
               A        
CO(0)        0.000000
               A        
O(0)         0.893574
               A        
N(0)         0.590974
------------
Dhf RMS Error: 1.41406e-04
Dhf Weighted RMS Error: 4.13509e-05
Dhf Weighted Absolute Error: -1.29224e-06
Dhf Weighted Least-Squares Error: 1.01251e-05
--------------------------------------------
Dispersion Parameters:
    Functional Form = 
	E(disp)_ij = sum_(n=6,8,10,12){A*fdamp_n*(Cij_n/r_ij^n)}
               C6              C8             C10             C12       
HT7          1.498389        6.488268       33.240608        0.000000
CO           4.847096       18.798288       63.256519      202.859856
HN           1.306964        4.117935       31.050725        0.000000
O            3.497808       16.327053       81.333632      354.498305
N            4.878202       25.576829      142.574149      704.112767
Fitted Atomtypes 
  None
Constrained Atomtypes 
               A        
HT7(0)        1.000000
               A        
HN(0)        1.000000
               A        
CO(0)        1.000000
               A        
O(0)         1.000000
               A        
N(0)         1.000000
------------
Dispersion RMS Error: 3.99394e-04
Dispersion Weighted RMS Error: 1.40238e-04
Dispersion Weighted Absolute Error: -2.19169e-05
Dispersion Weighted Least-Squares Error: 1.03186e-04
--------------------------------------------
Total Energy:
------------
Total Energy RMS Error: 7.16005e-04
Total Energy Weighted RMS Error: 2.16849e-04
Total Energy Weighted Absolute Error: -2.69786e-05
Total Energy Weighted Least-Squares Error: 1.52830e-04
--------------------------------------------
#########################################################################


