########################## FF Fitting Summary ###########################
--------------------------------------------
Program Version: 1.1.0
Short-range Functional Form: born-mayer
Combination Rules: aij = geometric
                   bij = geometric_mean
Electrostatic Damping Type: None
Thole Param: 0.39
Fitting weight: eff_mu = 0.0 Ha
                eff_kt = 0.0097 Ha
Weighted RMSE cutoff: 0.0 Ha
Anisotropic Atomtypes: HN   O    N    
All parameters have been radially corrected to account for Slater overlap
This radial correction is approximate, and is only rigorous for the case where bi = bj.
------------
Exponents:
HT7(0)     2.199197
HN(0)      2.492792
CO(0)      2.102972
O(0)       2.290632
N(0)       1.935779
------------
Monomer 1 Multipole File:
dimethyl_ether_ISA-GRID_L2.mom
Monomer 2 Multipole File:
nh3_ISA-GRID_L2.mom
--------------------------------------------
Exchange Parameters:
    Functional Form = 
	E(exch)_ij = A*K2(rij)*(1 + a_yml*Y_ml)*exp(-bij*rij)
    where the a coefficient for each spherical harmonic term Y_ml
    is listed in the parameters below and 
	K2(rij) = 1/3*(bij*rij)**2 + bij*rij + 1 
Fitted Atomtypes 
  None
Constrained Atomtypes 
               A        
HT7(0)        0.610126
               A             a_y10           a_y20      
HN(0)        0.608786        0.038133       -0.050896
               A        
CO(0)        2.394140
               A             a_y10           a_y20           a_y22c     
O(0)         1.716903       -0.748190        0.479788       -1.000000
               A             a_y10           a_y20      
N(0)         2.373201       -0.005339        0.434163
------------
Exchange RMS Error: 6.29342e-04
Exchange Weighted RMS Error: 6.29342e-04
Exchange Weighted Absolute Error: 8.05820e-07
Exchange Weighted Least-Squares Error: 4.64407e-05
--------------------------------------------
Electrostatic Parameters:
    Functional Form = 
	E(elst)_ij = f_damp*qi*qj/rij - A*K2(rij)*(1 + a_yml*Y_ml)*exp(-bij*rij)
Fitted Atomtypes 
  None
Constrained Atomtypes 
               A        
HT7(0)        0.305230
               A             a_y10           a_y20      
HN(0)        0.185500        0.624195        0.448310
               A        
CO(0)        1.542017
               A             a_y10           a_y20           a_y22c     
O(0)         1.133586       -0.873385        0.246797       -1.000000
               A             a_y10           a_y20      
N(0)         1.844774        0.120323        0.399345
------------
Electrostatics RMS Error: 3.29632e-04
Electrostatics Weighted RMS Error: 3.29632e-04
Electrostatics Weighted Absolute Error: 8.73136e-06
Electrostatics Weighted Least-Squares Error: 7.06194e-05
--------------------------------------------
Drude oscillator energy has been calculated using the following method: multipole-gradient
Induction Parameters:
    Functional Form = 
	E(ind)_ij = shell_charge - A*K2(rij)*(1 + a_yml*Y_ml)*exp(-bij*rij)
Fitted Atomtypes 
  None
Constrained Atomtypes 
               A        
HT7(0)        0.119235
               A             a_y10           a_y20      
HN(0)        0.338538        0.808333        0.445368
               A        
CO(0)        0.176392
               A             a_y10           a_y20           a_y22c     
O(0)         0.226876        1.000000       -1.000000        0.885575
               A             a_y10           a_y20      
N(0)         0.000000        0.497124       -0.604145
------------
Induction RMS Error: 1.15564e-04
Induction Weighted RMS Error: 1.15564e-04
Induction Weighted Absolute Error: -8.99357e-06
Induction Weighted Least-Squares Error: 6.66822e-06
--------------------------------------------
DHF Parameters:
    Functional Form = 
	E(dhf)_ij = - A*K2(rij)*(1 + a_yml*Y_ml)*exp(-bij*rij)
Fitted Atomtypes 
  None
Constrained Atomtypes 
               A        
HT7(0)        0.213744
               A             a_y10           a_y20      
HN(0)        0.136426       -1.000000        0.004754
               A        
CO(0)        0.029288
               A             a_y10           a_y20           a_y22c     
O(0)         0.452466       -1.000000        0.065837       -0.744245
               A             a_y10           a_y20      
N(0)         0.434659       -0.308693        0.426525
------------
Dhf RMS Error: 9.10810e-05
Dhf Weighted RMS Error: 9.10810e-05
Dhf Weighted Absolute Error: 5.32554e-06
Dhf Weighted Least-Squares Error: 4.17751e-06
--------------------------------------------
Dispersion Parameters:
    Functional Form = 
	E(disp)_ij = sum_(n=6,8,10,12){A*fdamp_n*(Cij_n/r_ij^n)}
               C6              C8             C10             C12       
HT7          1.498389        6.488268       33.240608        0.000000
CO           4.847096       18.798288       63.256519      202.859856
HN           1.306964        4.117935       31.050725        0.000000
O            3.497808       16.327053       81.333632      354.498305
N            4.878202       25.576829      142.574149      704.112767
Fitted Atomtypes 
  None
Constrained Atomtypes 
               A        
HT7(0)        1.132974
               A             a_y10           a_y20      
HN(0)        0.772975        0.130971        0.129233
               A        
CO(0)        0.855412
               A             a_y10           a_y20           a_y22c     
O(0)         0.813524       -0.331208        0.213579       -0.287884
               A             a_y10           a_y20      
N(0)         1.205602       -0.047052        0.182657
------------
Dispersion RMS Error: 9.02329e-05
Dispersion Weighted RMS Error: 9.02329e-05
Dispersion Weighted Absolute Error: -1.49024e-05
Dispersion Weighted Least-Squares Error: 5.15018e-06
--------------------------------------------
Total Energy:
------------
Total Energy RMS Error: 4.74385e-04
Total Energy Weighted RMS Error: 4.74385e-04
Total Energy Weighted Absolute Error: -9.03323e-06
Total Energy Weighted Least-Squares Error: 7.03714e-05
--------------------------------------------
#########################################################################


