########################## FF Fitting Summary ###########################
--------------------------------------------
Program Version: 1.1.0
Short-range Functional Form: born-mayer
Combination Rules: aij = geometric
                   bij = geometric_mean
Electrostatic Damping Type: None
Thole Param: 0.39
Fitting weight: eff_mu = 0.0 Ha
                eff_kt = 0.0243 Ha
Weighted RMSE cutoff: 0.0 Ha
Anisotropic Atomtypes: None
All parameters have been radially corrected to account for Slater overlap
This radial correction is approximate, and is only rigorous for the case where bi = bj.
------------
Exponents (Optimized):
HT7(0)     1.897906
HN(0)      2.340730
CO(0)      2.529578
O(0)       2.174300
N(0)       2.185249
------------
Monomer 1 Multipole File:
dimethyl_ether_ISA-GRID_L2.mom
Monomer 2 Multipole File:
nh3_ISA-GRID_L2.mom
--------------------------------------------
Exchange Parameters:
    Functional Form = 
	E(exch)_ij = A*K2(rij)*(1 + a_yml*Y_ml)*exp(-bij*rij)
    where the a coefficient for each spherical harmonic term Y_ml
    is listed in the parameters below and 
	K2(rij) = 1/3*(bij*rij)**2 + bij*rij + 1 
Fitted Atomtypes 
               A        
HT7(0)        0.356114
               A        
HN(0)        0.374765
               A        
CO(0)        4.553799
               A        
O(0)         2.530871
               A        
N(0)         4.779305
Constrained Atomtypes 
  None
------------
Exchange RMS Error: 1.60448e-03
Exchange Weighted RMS Error: 1.60448e-03
Exchange Weighted Absolute Error: -7.39999e-06
Exchange Weighted Least-Squares Error: 5.81260e-04
--------------------------------------------
Electrostatic Parameters:
    Functional Form = 
	E(elst)_ij = f_damp*qi*qj/rij - A*K2(rij)*(1 + a_yml*Y_ml)*exp(-bij*rij)
Fitted Atomtypes 
               A        
HT7(0)        0.192982
               A        
HN(0)        0.109133
               A        
CO(0)        2.924848
               A        
O(0)         1.736353
               A        
N(0)         3.129831
Constrained Atomtypes 
  None
------------
Electrostatics RMS Error: 7.78149e-04
Electrostatics Weighted RMS Error: 7.78149e-04
Electrostatics Weighted Absolute Error: 1.08610e-05
Electrostatics Weighted Least-Squares Error: 3.46292e-04
--------------------------------------------
Drude oscillator energy has been calculated using the following method: multipole-gradient
Induction Parameters:
    Functional Form = 
	E(ind)_ij = shell_charge - A*K2(rij)*(1 + a_yml*Y_ml)*exp(-bij*rij)
Fitted Atomtypes 
               A        
HT7(0)        0.030766
               A        
HN(0)        0.231881
               A        
CO(0)        0.786733
               A        
O(0)         0.057840
               A        
N(0)         0.000000
Constrained Atomtypes 
  None
------------
Induction RMS Error: 9.47465e-05
Induction Weighted RMS Error: 9.47465e-05
Induction Weighted Absolute Error: -6.21610e-06
Induction Weighted Least-Squares Error: 4.29963e-06
--------------------------------------------
DHF Parameters:
    Functional Form = 
	E(dhf)_ij = - A*K2(rij)*(1 + a_yml*Y_ml)*exp(-bij*rij)
Fitted Atomtypes 
               A        
HT7(0)        0.293673
               A        
HN(0)        0.046279
               A        
CO(0)        0.000000
               A        
O(0)         1.446009
               A        
N(0)         0.418068
Constrained Atomtypes 
  None
------------
Dhf RMS Error: 1.20103e-04
Dhf Weighted RMS Error: 1.20103e-04
Dhf Weighted Absolute Error: 5.17639e-06
Dhf Weighted Least-Squares Error: 6.92369e-06
--------------------------------------------
Dispersion Parameters:
    Functional Form = 
	E(disp)_ij = sum_(n=6,8,10,12){A*fdamp_n*(Cij_n/r_ij^n)}
               C6              C8             C10             C12       
HT7          1.498389        6.488268       33.240608        0.000000
HN           1.306964        4.117935       31.050725        0.000000
CO           4.847096       18.798288       63.256519      202.859856
O            3.497808       16.327053       81.333632      354.498305
N            4.878202       25.576829      142.574149      704.112767
Fitted Atomtypes 
               A        
HT7(0)        1.300000
               A        
HN(0)        0.700000
               A        
CO(0)        0.700000
               A        
O(0)         1.081999
               A        
N(0)         1.247145
Constrained Atomtypes 
  None
------------
Dispersion RMS Error: 2.30082e-04
Dispersion Weighted RMS Error: 2.30082e-04
Dispersion Weighted Absolute Error: 4.96232e-06
Dispersion Weighted Least-Squares Error: 2.82091e-05
--------------------------------------------
Total Energy:
------------
Total Energy RMS Error: 7.02906e-04
Total Energy Weighted RMS Error: 7.02906e-04
Total Energy Weighted Absolute Error: 7.38362e-06
Total Energy Weighted Least-Squares Error: 1.92556e-04
--------------------------------------------
#########################################################################


########################## FF Fitting Summary ###########################
--------------------------------------------
Program Version: 1.1.0
Short-range Functional Form: born-mayer
Combination Rules: aij = geometric
                   bij = geometric_mean
Electrostatic Damping Type: None
Thole Param: 0.39
Fitting weight: eff_mu = 0.0 Ha
                eff_kt = 0.0243 Ha
Weighted RMSE cutoff: 0.0 Ha
Anisotropic Atomtypes: None
All parameters have been radially corrected to account for Slater overlap
This radial correction is approximate, and is only rigorous for the case where bi = bj.
------------
Exponents (Optimized):
HT7(0)     1.897906
HN(0)      2.340730
CO(0)      2.529578
O(0)       2.174300
N(0)       2.185249
------------
Monomer 1 Multipole File:
dimethyl_ether_ISA-GRID_L2.mom
Monomer 2 Multipole File:
nh3_ISA-GRID_L2.mom
--------------------------------------------
Exchange Parameters:
    Functional Form = 
	E(exch)_ij = A*K2(rij)*(1 + a_yml*Y_ml)*exp(-bij*rij)
    where the a coefficient for each spherical harmonic term Y_ml
    is listed in the parameters below and 
	K2(rij) = 1/3*(bij*rij)**2 + bij*rij + 1 
Fitted Atomtypes 
               A        
HT7(0)        0.356114
               A        
HN(0)        0.374765
               A        
CO(0)        4.553799
               A        
O(0)         2.530871
               A        
N(0)         4.779305
Constrained Atomtypes 
  None
------------
Exchange RMS Error: 1.60448e-03
Exchange Weighted RMS Error: 1.60448e-03
Exchange Weighted Absolute Error: -7.39999e-06
Exchange Weighted Least-Squares Error: 5.81260e-04
--------------------------------------------
Electrostatic Parameters:
    Functional Form = 
	E(elst)_ij = f_damp*qi*qj/rij - A*K2(rij)*(1 + a_yml*Y_ml)*exp(-bij*rij)
Fitted Atomtypes 
               A        
HT7(0)        0.192982
               A        
HN(0)        0.109133
               A        
CO(0)        2.924848
               A        
O(0)         1.736353
               A        
N(0)         3.129831
Constrained Atomtypes 
  None
------------
Electrostatics RMS Error: 7.78149e-04
Electrostatics Weighted RMS Error: 7.78149e-04
Electrostatics Weighted Absolute Error: 1.08610e-05
Electrostatics Weighted Least-Squares Error: 3.46292e-04
--------------------------------------------
Drude oscillator energy has been calculated using the following method: multipole-gradient
Induction Parameters:
    Functional Form = 
	E(ind)_ij = shell_charge - A*K2(rij)*(1 + a_yml*Y_ml)*exp(-bij*rij)
Fitted Atomtypes 
               A        
HT7(0)        0.030766
               A        
HN(0)        0.231881
               A        
CO(0)        0.786733
               A        
O(0)         0.057840
               A        
N(0)         0.000000
Constrained Atomtypes 
  None
------------
Induction RMS Error: 9.47467e-05
Induction Weighted RMS Error: 9.47467e-05
Induction Weighted Absolute Error: -6.21613e-06
Induction Weighted Least-Squares Error: 4.29964e-06
--------------------------------------------
DHF Parameters:
    Functional Form = 
	E(dhf)_ij = - A*K2(rij)*(1 + a_yml*Y_ml)*exp(-bij*rij)
Fitted Atomtypes 
               A        
HT7(0)        0.292534
               A        
HN(0)        0.046460
               A        
CO(0)        0.000000
               A        
O(0)         1.440399
               A        
N(0)         0.419690
Constrained Atomtypes 
  None
------------
Dhf RMS Error: 1.20102e-04
Dhf Weighted RMS Error: 1.20102e-04
Dhf Weighted Absolute Error: 5.17581e-06
Dhf Weighted Least-Squares Error: 6.92364e-06
--------------------------------------------
Dispersion Parameters:
    Functional Form = 
	E(disp)_ij = sum_(n=6,8,10,12){A*fdamp_n*(Cij_n/r_ij^n)}
               C6              C8             C10             C12       
HT7          1.498389        6.488268       33.240608        0.000000
HN           1.306964        4.117935       31.050725        0.000000
CO           4.847096       18.798288       63.256519      202.859856
O            3.497808       16.327053       81.333632      354.498305
N            4.878202       25.576829      142.574149      704.112767
Fitted Atomtypes 
               A        
HT7(0)        1.300000
               A        
HN(0)        0.700000
               A        
CO(0)        0.700000
               A        
O(0)         1.081999
               A        
N(0)         1.247145
Constrained Atomtypes 
  None
------------
Dispersion RMS Error: 2.30082e-04
Dispersion Weighted RMS Error: 2.30082e-04
Dispersion Weighted Absolute Error: 4.96232e-06
Dispersion Weighted Least-Squares Error: 2.82091e-05
--------------------------------------------
Total Energy:
------------
Total Energy RMS Error: 7.02903e-04
Total Energy Weighted RMS Error: 7.02903e-04
Total Energy Weighted Absolute Error: 7.38300e-06
Total Energy Weighted Least-Squares Error: 1.92555e-04
--------------------------------------------
#########################################################################


