########################## FF Fitting Summary ###########################
--------------------------------------------
Program Version: 1.1.0
Short-range Functional Form: born-mayer
Combination Rules: aij = geometric
                   bij = geometric_mean
Electrostatic Damping Type: None
Thole Param: 0.39
Fitting weight: eff_mu = 0.0 Ha
                eff_kt = 0.0243 Ha
Weighted RMSE cutoff: 0.0 Ha
Anisotropic Atomtypes: None
All parameters have been radially corrected to account for Slater overlap
This radial correction is approximate, and is only rigorous for the case where bi = bj.
------------
Exponents (Optimized):
HT7(0)     1.897906
HN(0)      2.340730
CO(0)      2.529578
O(0)       2.174300
N(0)       2.185249
------------
Monomer 1 Multipole File:
dimethyl_ether_ISA-GRID_L0.mom
Monomer 2 Multipole File:
nh3_ISA-GRID_L0.mom
--------------------------------------------
Exchange Parameters:
    Functional Form = 
	E(exch)_ij = A*K2(rij)*(1 + a_yml*Y_ml)*exp(-bij*rij)
    where the a coefficient for each spherical harmonic term Y_ml
    is listed in the parameters below and 
	K2(rij) = 1/3*(bij*rij)**2 + bij*rij + 1 
Fitted Atomtypes 
               A        
HT7(0)        0.356114
               A        
HN(0)        0.374765
               A        
CO(0)        4.553799
               A        
O(0)         2.530871
               A        
N(0)         4.779305
Constrained Atomtypes 
  None
------------
Exchange RMS Error: 1.60448e-03
Exchange Weighted RMS Error: 1.60448e-03
Exchange Weighted Absolute Error: -7.39999e-06
Exchange Weighted Least-Squares Error: 5.81260e-04
--------------------------------------------
Electrostatic Parameters:
    Functional Form = 
	E(elst)_ij = f_damp*qi*qj/rij - A*K2(rij)*(1 + a_yml*Y_ml)*exp(-bij*rij)
Fitted Atomtypes 
               A        
HT7(0)        0.216552
               A        
HN(0)        0.097944
               A        
CO(0)        2.547051
               A        
O(0)         1.909919
               A        
N(0)         3.018032
Constrained Atomtypes 
  None
------------
Electrostatics RMS Error: 8.53569e-04
Electrostatics Weighted RMS Error: 8.53569e-04
Electrostatics Weighted Absolute Error: 1.20468e-06
Electrostatics Weighted Least-Squares Error: 3.94520e-04
--------------------------------------------
Drude oscillator energy has been calculated using the following method: multipole-gradient
Induction Parameters:
    Functional Form = 
	E(ind)_ij = shell_charge - A*K2(rij)*(1 + a_yml*Y_ml)*exp(-bij*rij)
Fitted Atomtypes 
               A        
HT7(0)        0.063619
               A        
HN(0)        0.121867
               A        
CO(0)        0.750133
               A        
O(0)         0.418357
               A        
N(0)         0.000000
Constrained Atomtypes 
  None
------------
Induction RMS Error: 8.86087e-05
Induction Weighted RMS Error: 8.86087e-05
Induction Weighted Absolute Error: 4.74280e-06
Induction Weighted Least-Squares Error: 3.74337e-06
--------------------------------------------
DHF Parameters:
    Functional Form = 
	E(dhf)_ij = - A*K2(rij)*(1 + a_yml*Y_ml)*exp(-bij*rij)
Fitted Atomtypes 
               A        
HT7(0)        0.257106
               A        
HN(0)        0.052077
               A        
CO(0)        0.000000
               A        
O(0)         1.279498
               A        
N(0)         0.480743
Constrained Atomtypes 
  None
------------
Dhf RMS Error: 1.20171e-04
Dhf Weighted RMS Error: 1.20171e-04
Dhf Weighted Absolute Error: 4.68142e-06
Dhf Weighted Least-Squares Error: 6.93226e-06
--------------------------------------------
Dispersion Parameters:
    Functional Form = 
	E(disp)_ij = sum_(n=6,8,10,12){A*fdamp_n*(Cij_n/r_ij^n)}
               C6              C8             C10             C12       
HT7          1.498389        6.488268       33.240608        0.000000
HN           1.306964        4.117935       31.050725        0.000000
CO           4.847096       18.798288       63.256519      202.859856
O            3.497808       16.327053       81.333632      354.498305
N            4.878202       25.576829      142.574149      704.112767
Fitted Atomtypes 
               A        
HT7(0)        1.300000
               A        
HN(0)        0.700000
               A        
CO(0)        0.700000
               A        
O(0)         1.081999
               A        
N(0)         1.247145
Constrained Atomtypes 
  None
------------
Dispersion RMS Error: 2.30082e-04
Dispersion Weighted RMS Error: 2.30082e-04
Dispersion Weighted Absolute Error: 4.96232e-06
Dispersion Weighted Least-Squares Error: 2.82091e-05
--------------------------------------------
Total Energy:
------------
Total Energy RMS Error: 1.07118e-03
Total Energy Weighted RMS Error: 1.07118e-03
Total Energy Weighted Absolute Error: 8.19122e-06
Total Energy Weighted Least-Squares Error: 4.61337e-04
--------------------------------------------
#########################################################################


