########################## FF Fitting Summary ###########################
--------------------------------------------
Program Version: 1.1.0
Short-range Functional Form: born-mayer
Combination Rules: aij = geometric
                   bij = geometric_mean
Electrostatic Damping Type: None
Thole Param: 0.39
Fitting weight: eff_mu = 0.0 Ha
                eff_kt = 0.0063 Ha
Weighted RMSE cutoff: 0.0 Ha
Anisotropic Atomtypes: None
All parameters have been radially corrected to account for Slater overlap
This radial correction is approximate, and is only rigorous for the case where bi = bj.
------------
Exponents (Optimized):
CO1(0)     2.222389
OH(0)      2.288765
CT3(0)     2.049585
Ar(0)      2.220312
HT3(0)     2.125316
HO(0)      2.113143
------------
Monomer 1 Multipole File:
ar_ISA-GRID_L0.mom
Monomer 2 Multipole File:
ethanol_ISA-GRID_L0.mom
--------------------------------------------
Exchange Parameters:
    Functional Form = 
	E(exch)_ij = A*K2(rij)*(1 + a_yml*Y_ml)*exp(-bij*rij)
    where the a coefficient for each spherical harmonic term Y_ml
    is listed in the parameters below and 
	K2(rij) = 1/3*(bij*rij)**2 + bij*rij + 1 
Fitted Atomtypes 
               A        
CO1(0)        3.054122
               A        
OH(0)        4.460149
               A        
CT3(0)        2.558681
               A        
Ar(0)        6.133444
               A        
HT3(0)        0.542585
               A        
HO(0)        0.218082
Constrained Atomtypes 
  None
------------
Exchange RMS Error: 5.11653e-04
Exchange Weighted RMS Error: 5.11653e-04
Exchange Weighted Absolute Error: 3.48003e-07
Exchange Weighted Least-Squares Error: 2.21426e-05
--------------------------------------------
Electrostatic Parameters:
    Functional Form = 
	E(elst)_ij = f_damp*qi*qj/rij - A*K2(rij)*(1 + a_yml*Y_ml)*exp(-bij*rij)
Fitted Atomtypes 
               A        
CO1(0)        2.302179
               A        
OH(0)        4.047486
               A        
CT3(0)        2.087475
               A        
Ar(0)        2.596707
               A        
HT3(0)        0.404768
               A        
HO(0)        0.103571
Constrained Atomtypes 
  None
------------
Electrostatics RMS Error: 2.22090e-04
Electrostatics Weighted RMS Error: 2.22090e-04
Electrostatics Weighted Absolute Error: 1.00647e-05
Electrostatics Weighted Least-Squares Error: 3.60333e-05
--------------------------------------------
Drude oscillator energy has been calculated using the following method: multipole-gradient
Induction Parameters:
    Functional Form = 
	E(ind)_ij = shell_charge - A*K2(rij)*(1 + a_yml*Y_ml)*exp(-bij*rij)
Fitted Atomtypes 
               A        
CO1(0)        1.236003
               A        
OH(0)        0.449609
               A        
CT3(0)        1.100436
               A        
Ar(0)        0.387723
               A        
HT3(0)        0.199317
               A        
HO(0)        0.357920
Constrained Atomtypes 
  None
------------
Induction RMS Error: 4.03671e-05
Induction Weighted RMS Error: 4.03671e-05
Induction Weighted Absolute Error: 4.27177e-06
Induction Weighted Least-Squares Error: 8.52798e-07
--------------------------------------------
DHF Parameters:
    Functional Form = 
	E(dhf)_ij = - A*K2(rij)*(1 + a_yml*Y_ml)*exp(-bij*rij)
Fitted Atomtypes 
               A        
CO1(0)        0.000000
               A        
OH(0)        8.988878
               A        
CT3(0)        0.000000
               A        
Ar(0)        0.121002
               A        
HT3(0)        1.887447
               A        
HO(0)        1.041743
Constrained Atomtypes 
  None
------------
Dhf RMS Error: 3.08276e-05
Dhf Weighted RMS Error: 3.08276e-05
Dhf Weighted Absolute Error: 2.29158e-06
Dhf Weighted Least-Squares Error: 5.05237e-07
--------------------------------------------
Dispersion Parameters:
    Functional Form = 
	E(disp)_ij = sum_(n=6,8,10,12){A*fdamp_n*(Cij_n/r_ij^n)}
               C6              C8             C10             C12       
CO1          4.847096       18.798288       63.256519      202.859856
OH           3.819955       17.890308       89.856938      392.757676
CT3          4.847096       18.798288       63.256519      202.859856
Ar           8.426582       39.451011      194.132705      842.434187
HT3          1.498389        6.488268       33.240608        0.000000
HO           1.275466        4.018693       30.302404        0.000000
Fitted Atomtypes 
               A        
CO1(0)        1.000000
               A        
OH(0)        1.000000
               A        
CT3(0)        1.000000
               A        
Ar(0)        1.000000
               A        
HT3(0)        1.000000
               A        
HO(0)        1.000000
Constrained Atomtypes 
  None
------------
Dispersion RMS Error: 1.22303e-04
Dispersion Weighted RMS Error: 1.22303e-04
Dispersion Weighted Absolute Error: -1.61829e-05
Dispersion Weighted Least-Squares Error: 9.91884e-06
--------------------------------------------
Total Energy:
------------
Total Energy RMS Error: 3.01482e-04
Total Energy Weighted RMS Error: 3.01482e-04
Total Energy Weighted Absolute Error: 7.93223e-07
Total Energy Weighted Least-Squares Error: 2.69422e-05
--------------------------------------------
#########################################################################


