########################## FF Fitting Summary ###########################
--------------------------------------------
Program Version: 1.1.0
Short-range Functional Form: born-mayer
Combination Rules: aij = geometric
                   bij = geometric_mean
Electrostatic Damping Type: None
Thole Param: 0.39
Fitting weight: eff_mu = 0.0 Ha
                eff_kt = 0.0037 Ha
Weighted RMSE cutoff: 0.0 Ha
Anisotropic Atomtypes: None
All parameters have been radially corrected to account for Slater overlap
This radial correction is approximate, and is only rigorous for the case where bi = bj.
------------
Exponents:
CT4(0)     1.983284
CT1(0)     1.894503
OC(0)      2.191569
C=O(0)     2.594692
HT4(0)     2.284224
HT1(0)     2.251128
------------
Monomer 1 Multipole File:
acetone_ISA-GRID_L0.mom
Monomer 2 Multipole File:
methane_ISA-GRID_L0.mom
--------------------------------------------
Exchange Parameters:
    Functional Form = 
	E(exch)_ij = A*K2(rij)*(1 + a_yml*Y_ml)*exp(-bij*rij)
    where the a coefficient for each spherical harmonic term Y_ml
    is listed in the parameters below and 
	K2(rij) = 1/3*(bij*rij)**2 + bij*rij + 1 
Fitted Atomtypes 
  None
Constrained Atomtypes 
               A        
CT4(0)        2.302355
               A        
CT1(0)        1.974741
               A        
OC(0)        3.009979
               A        
C=O(0)        3.327676
               A        
HT4(0)        0.643486
               A        
HT1(0)        0.583943
------------
Exchange RMS Error: 4.63973e-04
Exchange Weighted RMS Error: 4.63973e-04
Exchange Weighted Absolute Error: -5.24009e-06
Exchange Weighted Least-Squares Error: 4.97555e-06
--------------------------------------------
Electrostatic Parameters:
    Functional Form = 
	E(elst)_ij = f_damp*qi*qj/rij - A*K2(rij)*(1 + a_yml*Y_ml)*exp(-bij*rij)
Fitted Atomtypes 
  None
Constrained Atomtypes 
               A        
CT4(0)        1.510176
               A        
CT1(0)        1.210243
               A        
OC(0)        1.910316
               A        
C=O(0)        1.609655
               A        
HT4(0)        0.306267
               A        
HT1(0)        0.278990
------------
Electrostatics RMS Error: 2.27510e-04
Electrostatics Weighted RMS Error: 2.27510e-04
Electrostatics Weighted Absolute Error: 2.81247e-05
Electrostatics Weighted Least-Squares Error: 4.02144e-05
--------------------------------------------
Drude oscillator energy has been calculated using the following method: multipole-gradient
Induction Parameters:
    Functional Form = 
	E(ind)_ij = shell_charge - A*K2(rij)*(1 + a_yml*Y_ml)*exp(-bij*rij)
Fitted Atomtypes 
  None
Constrained Atomtypes 
               A        
CT4(0)        0.071158
               A        
CT1(0)        0.058366
               A        
OC(0)        0.000000
               A        
C=O(0)        1.785540
               A        
HT4(0)        0.152282
               A        
HT1(0)        0.149943
------------
Induction RMS Error: 7.72071e-05
Induction Weighted RMS Error: 7.72071e-05
Induction Weighted Absolute Error: 1.26405e-05
Induction Weighted Least-Squares Error: 3.14029e-06
--------------------------------------------
DHF Parameters:
    Functional Form = 
	E(dhf)_ij = - A*K2(rij)*(1 + a_yml*Y_ml)*exp(-bij*rij)
Fitted Atomtypes 
  None
Constrained Atomtypes 
               A        
CT4(0)        0.102479
               A        
CT1(0)        0.044566
               A        
OC(0)        0.808786
               A        
C=O(0)        0.419490
               A        
HT4(0)        0.226161
               A        
HT1(0)        0.217354
------------
Dhf RMS Error: 5.84779e-05
Dhf Weighted RMS Error: 5.84779e-05
Dhf Weighted Absolute Error: 4.17958e-06
Dhf Weighted Least-Squares Error: 1.96583e-06
--------------------------------------------
Dispersion Parameters:
    Functional Form = 
	E(disp)_ij = sum_(n=6,8,10,12){A*fdamp_n*(Cij_n/r_ij^n)}
               C6              C8             C10             C12       
CT4          4.847096       18.798288       63.256519      202.859856
CT1          4.847096       18.798288       63.256519      202.859856
OC           4.783373       18.811595      100.656333      417.705964
C=O          3.661371       12.062782       78.048354      284.357981
HT4          1.498389        6.488268       33.240608        0.000000
HT1          1.498389        6.488268       33.240608        0.000000
Fitted Atomtypes 
  None
Constrained Atomtypes 
               A        
CT4(0)        1.000000
               A        
CT1(0)        1.000000
               A        
OC(0)        1.000000
               A        
C=O(0)        1.000000
               A        
HT4(0)        1.000000
               A        
HT1(0)        1.000000
------------
Dispersion RMS Error: 1.95002e-04
Dispersion Weighted RMS Error: 1.95002e-04
Dispersion Weighted Absolute Error: -2.27743e-05
Dispersion Weighted Least-Squares Error: 3.10305e-05
--------------------------------------------
Total Energy:
------------
Total Energy RMS Error: 3.37933e-04
Total Energy Weighted RMS Error: 3.37933e-04
Total Energy Weighted Absolute Error: 1.69303e-05
Total Energy Weighted Least-Squares Error: 2.88093e-05
--------------------------------------------
#########################################################################


