########################## FF Fitting Summary ###########################
--------------------------------------------
Program Version: 1.1.0
Short-range Functional Form: born-mayer
Combination Rules: aij = geometric
                   bij = geometric_mean
Electrostatic Damping Type: None
Thole Param: 0.39
Fitting weight: eff_mu = 0.0 Ha
                eff_kt = 0.0037 Ha
Weighted RMSE cutoff: 0.0 Ha
Anisotropic Atomtypes: None
All parameters have been radially corrected to account for Slater overlap
This radial correction is approximate, and is only rigorous for the case where bi = bj.
------------
Exponents:
CT4(0)     1.983284
CT1(0)     1.894503
OC(0)      2.191569
C=O(0)     2.594692
HT4(0)     2.284224
HT1(0)     2.251128
------------
Monomer 1 Multipole File:
acetone_ISA-GRID_L2.mom
Monomer 2 Multipole File:
methane_ISA-GRID_L2.mom
--------------------------------------------
Exchange Parameters:
    Functional Form = 
	E(exch)_ij = A*K2(rij)*(1 + a_yml*Y_ml)*exp(-bij*rij)
    where the a coefficient for each spherical harmonic term Y_ml
    is listed in the parameters below and 
	K2(rij) = 1/3*(bij*rij)**2 + bij*rij + 1 
Fitted Atomtypes 
  None
Constrained Atomtypes 
               A        
CT4(0)        2.302355
               A        
CT1(0)        1.974741
               A        
OC(0)        3.009979
               A        
C=O(0)        3.327676
               A        
HT4(0)        0.643486
               A        
HT1(0)        0.583943
------------
Exchange RMS Error: 4.63973e-04
Exchange Weighted RMS Error: 1.06040e-04
Exchange Weighted Absolute Error: -5.24009e-06
Exchange Weighted Least-Squares Error: 4.97555e-06
--------------------------------------------
Electrostatic Parameters:
    Functional Form = 
	E(elst)_ij = f_damp*qi*qj/rij - A*K2(rij)*(1 + a_yml*Y_ml)*exp(-bij*rij)
Fitted Atomtypes 
  None
Constrained Atomtypes 
               A        
CT4(0)        1.554263
               A        
CT1(0)        1.256873
               A        
OC(0)        1.885016
               A        
C=O(0)        1.698481
               A        
HT4(0)        0.298062
               A        
HT1(0)        0.273429
------------
Electrostatics RMS Error: 2.20036e-04
Electrostatics Weighted RMS Error: 7.02924e-05
Electrostatics Weighted Absolute Error: 2.80391e-05
Electrostatics Weighted Least-Squares Error: 3.82683e-05
--------------------------------------------
Drude oscillator energy has been calculated using the following method: multipole-gradient
Induction Parameters:
    Functional Form = 
	E(ind)_ij = shell_charge - A*K2(rij)*(1 + a_yml*Y_ml)*exp(-bij*rij)
Fitted Atomtypes 
  None
Constrained Atomtypes 
               A        
CT4(0)        0.056834
               A        
CT1(0)        0.100632
               A        
OC(0)        0.029254
               A        
C=O(0)        2.012282
               A        
HT4(0)        0.149835
               A        
HT1(0)        0.138196
------------
Induction RMS Error: 6.46370e-05
Induction Weighted RMS Error: 1.93684e-05
Induction Weighted Absolute Error: 7.81260e-06
Induction Weighted Least-Squares Error: 2.20998e-06
--------------------------------------------
DHF Parameters:
    Functional Form = 
	E(dhf)_ij = - A*K2(rij)*(1 + a_yml*Y_ml)*exp(-bij*rij)
Fitted Atomtypes 
  None
Constrained Atomtypes 
               A        
CT4(0)        0.102274
               A        
CT1(0)        0.051222
               A        
OC(0)        0.809209
               A        
C=O(0)        0.413852
               A        
HT4(0)        0.226053
               A        
HT1(0)        0.216420
------------
Dhf RMS Error: 5.75232e-05
Dhf Weighted RMS Error: 1.14032e-05
Dhf Weighted Absolute Error: 4.20404e-06
Dhf Weighted Least-Squares Error: 1.90185e-06
--------------------------------------------
Dispersion Parameters:
    Functional Form = 
	E(disp)_ij = sum_(n=6,8,10,12){A*fdamp_n*(Cij_n/r_ij^n)}
               C6              C8             C10             C12       
CT4          4.847096       18.798288       63.256519      202.859856
CT1          4.847096       18.798288       63.256519      202.859856
OC           4.783373       18.811595      100.656333      417.705964
C=O          3.661371       12.062782       78.048354      284.357981
HT4          1.498389        6.488268       33.240608        0.000000
HT1          1.498389        6.488268       33.240608        0.000000
Fitted Atomtypes 
  None
Constrained Atomtypes 
               A        
CT4(0)        1.000000
               A        
CT1(0)        1.000000
               A        
OC(0)        1.000000
               A        
C=O(0)        1.000000
               A        
HT4(0)        1.000000
               A        
HT1(0)        1.000000
------------
Dispersion RMS Error: 1.95002e-04
Dispersion Weighted RMS Error: 7.12838e-05
Dispersion Weighted Absolute Error: -2.27743e-05
Dispersion Weighted Least-Squares Error: 3.10305e-05
--------------------------------------------
Total Energy:
------------
Total Energy RMS Error: 3.47361e-04
Total Energy Weighted RMS Error: 1.02523e-04
Total Energy Weighted Absolute Error: 1.20413e-05
Total Energy Weighted Least-Squares Error: 3.09000e-05
--------------------------------------------
#########################################################################


