########################## FF Fitting Summary ###########################
--------------------------------------------
Program Version: 1.1.0
Short-range Functional Form: born-mayer
Combination Rules: aij = geometric
                   bij = geometric_mean
Electrostatic Damping Type: None
Thole Param: 0.39
Fitting weight: eff_mu = 0.0 Ha
                eff_kt = 0.0207 Ha
Weighted RMSE cutoff: 0.0 Ha
Anisotropic Atomtypes: N    HN   Cl   
All parameters have been radially corrected to account for Slater overlap
This radial correction is approximate, and is only rigorous for the case where bi = bj.
------------
Exponents (Optimized):
HT6(0)     2.450841
CCl(0)     2.246191
N(0)       1.852556
HN(0)      2.330715
Cl(0)      2.120315
------------
Monomer 1 Multipole File:
chloromethane_ISA-GRID_L2.mom
Monomer 2 Multipole File:
nh3_ISA-GRID_L2.mom
--------------------------------------------
Exchange Parameters:
    Functional Form = 
	E(exch)_ij = A*K2(rij)*(1 + a_yml*Y_ml)*exp(-bij*rij)
    where the a coefficient for each spherical harmonic term Y_ml
    is listed in the parameters below and 
	K2(rij) = 1/3*(bij*rij)**2 + bij*rij + 1 
Fitted Atomtypes 
               A        
HT6(0)        0.450026
               A        
CCl(0)        2.457925
               A             a_y10           a_y20      
N(0)         3.638083        0.059535        0.399393
               A             a_y10           a_y20      
HN(0)        0.588263       -0.487806       -0.303734
               A             a_y10           a_y20      
Cl(0)        3.208200       -0.511583       -0.593155
Constrained Atomtypes 
  None
------------
Exchange RMS Error: 5.31059e-04
Exchange Weighted RMS Error: 1.59468e-04
Exchange Weighted Absolute Error: 1.06404e-05
Exchange Weighted Least-Squares Error: 4.41595e-05
--------------------------------------------
Electrostatic Parameters:
    Functional Form = 
	E(elst)_ij = f_damp*qi*qj/rij - A*K2(rij)*(1 + a_yml*Y_ml)*exp(-bij*rij)
Fitted Atomtypes 
               A        
HT6(0)        0.183777
               A        
CCl(0)        1.792844
               A             a_y10           a_y20      
N(0)         1.872103       -0.013509        0.611930
               A             a_y10           a_y20      
HN(0)        0.629394        0.878972        0.308974
               A             a_y10           a_y20      
Cl(0)        2.284315       -0.452240       -0.603374
Constrained Atomtypes 
  None
------------
Electrostatics RMS Error: 2.95790e-04
Electrostatics Weighted RMS Error: 1.12781e-04
Electrostatics Weighted Absolute Error: 1.28942e-07
Electrostatics Weighted Least-Squares Error: 5.16646e-05
--------------------------------------------
Drude oscillator energy has been calculated using the following method: multipole-gradient
Induction Parameters:
    Functional Form = 
	E(ind)_ij = shell_charge - A*K2(rij)*(1 + a_yml*Y_ml)*exp(-bij*rij)
Fitted Atomtypes 
               A        
HT6(0)        0.086166
               A        
CCl(0)        0.108067
               A             a_y10           a_y20      
N(0)         0.152089       -0.119704        1.000000
               A             a_y10           a_y20      
HN(0)        0.380139        1.000000        0.530274
               A             a_y10           a_y20      
Cl(0)        1.300844        0.254315        0.114658
Constrained Atomtypes 
  None
------------
Induction RMS Error: 1.51256e-04
Induction Weighted RMS Error: 3.43202e-05
Induction Weighted Absolute Error: 5.35349e-06
Induction Weighted Least-Squares Error: 1.15149e-05
--------------------------------------------
DHF Parameters:
    Functional Form = 
	E(dhf)_ij = - A*K2(rij)*(1 + a_yml*Y_ml)*exp(-bij*rij)
Fitted Atomtypes 
               A        
HT6(0)        0.444818
               A        
CCl(0)        0.000000
               A             a_y10           a_y20      
N(0)         0.289666       -0.180669        0.113717
               A             a_y10           a_y20      
HN(0)        0.087704       -1.000000        0.177276
               A             a_y10           a_y20      
Cl(0)        1.413612       -0.587270       -0.159763
Constrained Atomtypes 
  None
------------
Dhf RMS Error: 1.74595e-04
Dhf Weighted RMS Error: 4.82710e-05
Dhf Weighted Absolute Error: -9.13670e-06
Dhf Weighted Least-Squares Error: 1.48932e-05
--------------------------------------------
Dispersion Parameters:
    Functional Form = 
	E(disp)_ij = sum_(n=6,8,10,12){A*fdamp_n*(Cij_n/r_ij^n)}
               C6              C8             C10             C12       
HT6          1.498389        6.488268       33.240608        0.000000
CCl          4.847096       18.798288       63.256519      202.859856
N            4.878202       25.576829      142.574149      704.112767
HN           1.306964        4.117935       31.050725        0.000000
Cl           9.656104       40.197680      256.351184     1144.914599
Fitted Atomtypes 
               A        
HT6(0)        1.000000
               A        
CCl(0)        1.000000
               A             a_y10           a_y20      
N(0)         1.000000       -0.141699        0.227546
               A             a_y10           a_y20      
HN(0)        1.000000        0.163552        0.072120
               A             a_y10           a_y20      
Cl(0)        1.000000       -0.342068       -0.284441
Constrained Atomtypes 
  None
------------
Dispersion RMS Error: 8.26714e-05
Dispersion Weighted RMS Error: 4.80858e-05
Dispersion Weighted Absolute Error: -2.10134e-05
Dispersion Weighted Least-Squares Error: 3.76450e-06
--------------------------------------------
Total Energy:
------------
Total Energy RMS Error: 3.92578e-04
Total Energy Weighted RMS Error: 1.19328e-04
Total Energy Weighted Absolute Error: -1.40272e-05
Total Energy Weighted Least-Squares Error: 5.46701e-05
--------------------------------------------
#########################################################################


