########################## FF Fitting Summary ###########################
--------------------------------------------
Program Version: 1.1.0
Short-range Functional Form: born-mayer
Combination Rules: aij = geometric
                   bij = geometric_mean
Electrostatic Damping Type: None
Thole Param: 0.39
Fitting weight: eff_mu = 0.0 Ha
                eff_kt = 0.0083 Ha
Weighted RMSE cutoff: 0.0 Ha
Anisotropic Atomtypes: N    HN   Cl   
All parameters have been radially corrected to account for Slater overlap
This radial correction is approximate, and is only rigorous for the case where bi = bj.
------------
Exponents:
HT6(0)     2.236551
CCl(0)     2.086398
N(0)       1.935779
HN(0)      2.492792
Cl(0)      2.037083
------------
Monomer 1 Multipole File:
chloromethane_ISA-GRID_L2.mom
Monomer 2 Multipole File:
nh3_ISA-GRID_L2.mom
--------------------------------------------
Exchange Parameters:
    Functional Form = 
	E(exch)_ij = A*K2(rij)*(1 + a_yml*Y_ml)*exp(-bij*rij)
    where the a coefficient for each spherical harmonic term Y_ml
    is listed in the parameters below and 
	K2(rij) = 1/3*(bij*rij)**2 + bij*rij + 1 
Fitted Atomtypes 
  None
Constrained Atomtypes 
               A        
HT6(0)        0.541282
               A             a_y10           a_y20      
Cl(0)        4.641076       -0.547938       -0.613203
               A             a_y10           a_y20      
HN(0)        0.608786        0.038133       -0.050896
               A        
CCl(0)        3.036171
               A             a_y10           a_y20      
N(0)         2.373201       -0.005339        0.434163
------------
Exchange RMS Error: 5.69008e-04
Exchange Weighted RMS Error: 1.76219e-04
Exchange Weighted Absolute Error: 2.47318e-05
Exchange Weighted Least-Squares Error: 2.20685e-05
--------------------------------------------
Electrostatic Parameters:
    Functional Form = 
	E(elst)_ij = f_damp*qi*qj/rij - A*K2(rij)*(1 + a_yml*Y_ml)*exp(-bij*rij)
Fitted Atomtypes 
  None
Constrained Atomtypes 
               A        
HT6(0)        0.232592
               A             a_y10           a_y20      
Cl(0)        3.217540       -0.376433       -0.547466
               A             a_y10           a_y20      
HN(0)        0.185500        0.624195        0.448310
               A        
CCl(0)        1.874393
               A             a_y10           a_y20      
N(0)         1.844774        0.120323        0.399345
------------
Electrostatics RMS Error: 3.36614e-04
Electrostatics Weighted RMS Error: 1.27483e-04
Electrostatics Weighted Absolute Error: 1.90410e-05
Electrostatics Weighted Least-Squares Error: 8.03141e-05
--------------------------------------------
Drude oscillator energy has been calculated using the following method: multipole-gradient
Induction Parameters:
    Functional Form = 
	E(ind)_ij = shell_charge - A*K2(rij)*(1 + a_yml*Y_ml)*exp(-bij*rij)
Fitted Atomtypes 
  None
Constrained Atomtypes 
               A        
HT6(0)        0.097466
               A             a_y10           a_y20      
Cl(0)        1.452557        0.084779       -0.161700
               A             a_y10           a_y20      
HN(0)        0.338537        0.808333        0.445368
               A        
CCl(0)        0.102812
               A             a_y10           a_y20      
N(0)         0.000000        0.497121       -0.604139
------------
Induction RMS Error: 2.02152e-04
Induction Weighted RMS Error: 2.39959e-05
Induction Weighted Absolute Error: 1.56143e-06
Induction Weighted Least-Squares Error: 2.35915e-05
--------------------------------------------
DHF Parameters:
    Functional Form = 
	E(dhf)_ij = - A*K2(rij)*(1 + a_yml*Y_ml)*exp(-bij*rij)
Fitted Atomtypes 
  None
Constrained Atomtypes 
               A        
HT6(0)        0.265953
               A             a_y10           a_y20      
Cl(0)        0.820684       -0.645995        0.159057
               A             a_y10           a_y20      
HN(0)        0.136424       -1.000000        0.004776
               A        
CCl(0)        0.000000
               A             a_y10           a_y20      
N(0)         0.434665       -0.308669        0.426519
------------
Dhf RMS Error: 2.05590e-04
Dhf Weighted RMS Error: 5.89478e-05
Dhf Weighted Absolute Error: -1.39401e-05
Dhf Weighted Least-Squares Error: 2.15920e-05
--------------------------------------------
Dispersion Parameters:
    Functional Form = 
	E(disp)_ij = sum_(n=6,8,10,12){A*fdamp_n*(Cij_n/r_ij^n)}
               C6              C8             C10             C12       
HT6          1.498389        6.488268       33.240608        0.000000
N            4.878202       25.576829      142.574149      704.112767
HN           1.306964        4.117935       31.050725        0.000000
Cl           9.656104       40.197680      256.351184     1144.914599
CCl          4.847096       18.798288       63.256519      202.859856
Fitted Atomtypes 
  None
Constrained Atomtypes 
               A        
HT6(0)        1.000000
               A             a_y10           a_y20      
Cl(0)        1.000000       -0.332991       -0.285552
               A             a_y10           a_y20      
HN(0)        1.000000        0.291263        0.156676
               A        
CCl(0)        1.000000
               A             a_y10           a_y20      
N(0)         1.000000       -0.143468        0.247158
------------
Dispersion RMS Error: 1.50728e-04
Dispersion Weighted RMS Error: 7.79512e-05
Dispersion Weighted Absolute Error: -5.08960e-05
Dispersion Weighted Least-Squares Error: 1.52833e-05
--------------------------------------------
Total Energy:
------------
Total Energy RMS Error: 4.27664e-04
Total Energy Weighted RMS Error: 1.18934e-04
Total Energy Weighted Absolute Error: -1.95018e-05
Total Energy Weighted Least-Squares Error: 4.35294e-05
--------------------------------------------
#########################################################################


