########################## FF Fitting Summary ###########################
--------------------------------------------
Program Version: 1.1.0
Short-range Functional Form: born-mayer
Combination Rules: aij = geometric
                   bij = geometric_mean
Electrostatic Damping Type: None
Thole Param: 0.39
Fitting weight: eff_mu = 0.0 Ha
                eff_kt = 0.0083 Ha
Weighted RMSE cutoff: 0.0 Ha
Anisotropic Atomtypes: None
All parameters have been radially corrected to account for Slater overlap
This radial correction is approximate, and is only rigorous for the case where bi = bj.
------------
Exponents:
HT6(0)     2.509578
CCl(0)     1.699659
N(0)       2.042178
HN(0)      2.213238
Cl(0)      2.030667
------------
Monomer 1 Multipole File:
chloromethane_ISA-GRID_L2.mom
Monomer 2 Multipole File:
nh3_ISA-GRID_L2.mom
--------------------------------------------
Exchange Parameters:
    Functional Form = 
	E(exch)_ij = A*K2(rij)*(1 + a_yml*Y_ml)*exp(-bij*rij)
    where the a coefficient for each spherical harmonic term Y_ml
    is listed in the parameters below and 
	K2(rij) = 1/3*(bij*rij)**2 + bij*rij + 1 
Fitted Atomtypes 
  None
Constrained Atomtypes 
               A        
HT6(0)        0.774793
               A        
Cl(0)        5.548311
               A        
HN(0)        0.325609
               A        
CCl(0)        1.299334
               A        
N(0)         3.261484
------------
Exchange RMS Error: 1.94493e-03
Exchange Weighted RMS Error: 1.94493e-03
Exchange Weighted Absolute Error: -1.93206e-05
Exchange Weighted Least-Squares Error: 2.14346e-04
--------------------------------------------
Electrostatic Parameters:
    Functional Form = 
	E(elst)_ij = f_damp*qi*qj/rij - A*K2(rij)*(1 + a_yml*Y_ml)*exp(-bij*rij)
Fitted Atomtypes 
  None
Constrained Atomtypes 
               A        
HT6(0)        0.286536
               A        
Cl(0)        3.645571
               A        
HN(0)        0.105210
               A        
CCl(0)        0.923968
               A        
N(0)         2.294156
------------
Electrostatics RMS Error: 1.09455e-03
Electrostatics Weighted RMS Error: 1.09455e-03
Electrostatics Weighted Absolute Error: 4.64868e-05
Electrostatics Weighted Least-Squares Error: 9.31966e-04
--------------------------------------------
Drude oscillator energy has been calculated using the following method: multipole-gradient
Induction Parameters:
    Functional Form = 
	E(ind)_ij = shell_charge - A*K2(rij)*(1 + a_yml*Y_ml)*exp(-bij*rij)
Fitted Atomtypes 
  None
Constrained Atomtypes 
               A        
HT6(0)        0.152559
               A        
Cl(0)        1.369564
               A        
HN(0)        0.134932
               A        
CCl(0)        0.098897
               A        
N(0)         0.064204
------------
Induction RMS Error: 2.18075e-04
Induction Weighted RMS Error: 2.18075e-04
Induction Weighted Absolute Error: 1.13139e-05
Induction Weighted Least-Squares Error: 2.73256e-05
--------------------------------------------
DHF Parameters:
    Functional Form = 
	E(dhf)_ij = - A*K2(rij)*(1 + a_yml*Y_ml)*exp(-bij*rij)
Fitted Atomtypes 
  None
Constrained Atomtypes 
               A        
HT6(0)        0.377768
               A        
Cl(0)        1.025202
               A        
HN(0)        0.112741
               A        
CCl(0)        0.000000
               A        
N(0)         0.590966
------------
Dhf RMS Error: 2.16644e-04
Dhf Weighted RMS Error: 2.16644e-04
Dhf Weighted Absolute Error: -2.06866e-05
Dhf Weighted Least-Squares Error: 2.39027e-05
--------------------------------------------
Dispersion Parameters:
    Functional Form = 
	E(disp)_ij = sum_(n=6,8,10,12){A*fdamp_n*(Cij_n/r_ij^n)}
               C6              C8             C10             C12       
HT6          1.498389        6.488268       33.240608        0.000000
N            4.878202       25.576829      142.574149      704.112767
HN           1.306964        4.117935       31.050725        0.000000
Cl           9.656104       40.197680      256.351184     1144.914599
CCl          4.847096       18.798288       63.256519      202.859856
Fitted Atomtypes 
  None
Constrained Atomtypes 
               A        
HT6(0)        0.851721
               A        
Cl(0)        1.149241
               A        
HN(0)        0.751615
               A        
CCl(0)        1.138026
               A        
N(0)         1.241149
------------
Dispersion RMS Error: 1.99591e-04
Dispersion Weighted RMS Error: 1.99591e-04
Dispersion Weighted Absolute Error: -4.63502e-06
Dispersion Weighted Least-Squares Error: 2.61962e-05
--------------------------------------------
Total Energy:
------------
Total Energy RMS Error: 7.97494e-04
Total Energy Weighted RMS Error: 7.97494e-04
Total Energy Weighted Absolute Error: 1.31585e-05
Total Energy Weighted Least-Squares Error: 1.66641e-04
--------------------------------------------
#########################################################################


