########################## FF Fitting Summary ###########################
--------------------------------------------
Program Version: 1.1.0
Short-range Functional Form: born-mayer
Combination Rules: aij = geometric
                   bij = geometric_mean
Electrostatic Damping Type: None
Thole Param: 0.39
Fitting weight: eff_mu = 0.0 Ha
                eff_kt = 0.0247 Ha
Weighted RMSE cutoff: 0.0 Ha
Anisotropic Atomtypes: OH   HO   Cl   
All parameters have been radially corrected to account for Slater overlap
This radial correction is approximate, and is only rigorous for the case where bi = bj.
------------
Exponents (Optimized):
CO1(0)     2.377740
Cl(0)      2.156520
CCl(0)     2.236412
CT3(0)     2.219447
HT6(0)     2.646276
HT3(0)     1.922625
HO(0)      2.097473
OH(0)      2.103886
------------
Monomer 1 Multipole File:
chloromethane_ISA-GRID_L2.mom
Monomer 2 Multipole File:
ethanol_ISA-GRID_L2.mom
--------------------------------------------
Exchange Parameters:
    Functional Form = 
	E(exch)_ij = A*K2(rij)*(1 + a_yml*Y_ml)*exp(-bij*rij)
    where the a coefficient for each spherical harmonic term Y_ml
    is listed in the parameters below and 
	K2(rij) = 1/3*(bij*rij)**2 + bij*rij + 1 
Fitted Atomtypes 
               A        
CO1(0)        4.968194
               A        
CCl(0)        3.388104
               A        
HT6(0)        0.807571
               A        
HT3(0)        0.439273
               A        
CT3(0)        4.447713
               A             a_y10           a_y20           a_y22c     
OH(0)        1.808978       -0.916359       -0.069520       -0.886160
               A             a_y10           a_y20      
HO(0)        0.552679        0.117480       -0.248764
               A             a_y10           a_y20      
Cl(0)        4.767339       -0.531644       -0.623574
Constrained Atomtypes 
  None
------------
Exchange RMS Error: 5.44023e-04
Exchange Weighted RMS Error: 2.12258e-04
Exchange Weighted Absolute Error: 5.41319e-06
Exchange Weighted Least-Squares Error: 7.48648e-05
--------------------------------------------
Electrostatic Parameters:
    Functional Form = 
	E(elst)_ij = f_damp*qi*qj/rij - A*K2(rij)*(1 + a_yml*Y_ml)*exp(-bij*rij)
Fitted Atomtypes 
               A        
CO1(0)        3.408689
               A        
CCl(0)        1.974932
               A        
HT6(0)        0.362836
               A        
HT3(0)        0.218603
               A        
CT3(0)        2.760024
               A             a_y10           a_y20           a_y22c     
OH(0)        1.235317       -0.805731       -0.013899       -0.936153
               A             a_y10           a_y20      
HO(0)        0.274690        0.225633       -0.386880
               A             a_y10           a_y20      
Cl(0)        3.257657       -0.376898       -0.557468
Constrained Atomtypes 
  None
------------
Electrostatics RMS Error: 2.64812e-04
Electrostatics Weighted RMS Error: 1.31130e-04
Electrostatics Weighted Absolute Error: 3.05357e-06
Electrostatics Weighted Least-Squares Error: 4.11989e-05
--------------------------------------------
Drude oscillator energy has been calculated using the following method: multipole-gradient
Induction Parameters:
    Functional Form = 
	E(ind)_ij = shell_charge - A*K2(rij)*(1 + a_yml*Y_ml)*exp(-bij*rij)
Fitted Atomtypes 
               A        
CO1(0)        0.890865
               A        
CCl(0)        0.281098
               A        
HT6(0)        0.098822
               A        
HT3(0)        0.098960
               A        
CT3(0)        1.358375
               A             a_y10           a_y20           a_y22c     
OH(0)        0.744456        1.000000        0.305965        0.323821
               A             a_y10           a_y20      
HO(0)        0.114574       -1.000000       -0.334551
               A             a_y10           a_y20      
Cl(0)        0.696292       -0.170877       -0.043052
Constrained Atomtypes 
  None
------------
Induction RMS Error: 1.08403e-04
Induction Weighted RMS Error: 4.21161e-05
Induction Weighted Absolute Error: 1.17794e-05
Induction Weighted Least-Squares Error: 6.00310e-06
--------------------------------------------
DHF Parameters:
    Functional Form = 
	E(dhf)_ij = - A*K2(rij)*(1 + a_yml*Y_ml)*exp(-bij*rij)
Fitted Atomtypes 
               A        
CO1(0)        0.701255
               A        
CCl(0)        0.011884
               A        
HT6(0)        0.126056
               A        
HT3(0)        0.410986
               A        
CT3(0)        0.000000
               A             a_y10           a_y20           a_y22c     
OH(0)        1.206236       -1.000000       -0.277143       -0.157275
               A             a_y10           a_y20      
HO(0)        0.244437       -0.892911       -0.031417
               A             a_y10           a_y20      
Cl(0)        0.415975       -0.638979       -0.445575
Constrained Atomtypes 
  None
------------
Dhf RMS Error: 9.61132e-05
Dhf Weighted RMS Error: 2.94546e-05
Dhf Weighted Absolute Error: -2.89169e-06
Dhf Weighted Least-Squares Error: 4.72312e-06
--------------------------------------------
Dispersion Parameters:
    Functional Form = 
	E(disp)_ij = sum_(n=6,8,10,12){A*fdamp_n*(Cij_n/r_ij^n)}
               C6              C8             C10             C12       
CO1          4.847096       18.798288       63.256519      202.859856
Cl           9.656104       40.197680      256.351184     1144.914599
CCl          4.847096       18.798288       63.256519      202.859856
CT3          4.847096       18.798288       63.256519      202.859856
HT6          1.498389        6.488268       33.240608        0.000000
HT3          1.498389        6.488268       33.240608        0.000000
HO           1.275466        4.018693       30.302404        0.000000
OH           3.819955       17.890308       89.856938      392.757676
Fitted Atomtypes 
               A        
CO1(0)        1.000000
               A        
CCl(0)        1.000000
               A        
HT6(0)        1.000000
               A        
HT3(0)        1.000000
               A        
CT3(0)        1.000000
               A             a_y10           a_y20           a_y22c     
OH(0)        1.000000       -0.079050        0.015783        0.045898
               A             a_y10           a_y20      
HO(0)        1.000000        0.293304        0.048883
               A             a_y10           a_y20      
Cl(0)        1.000000       -0.400776       -0.330414
Constrained Atomtypes 
  None
------------
Dispersion RMS Error: 1.54288e-04
Dispersion Weighted RMS Error: 7.47629e-05
Dispersion Weighted Absolute Error: -1.20426e-05
Dispersion Weighted Least-Squares Error: 1.38630e-05
--------------------------------------------
Total Energy:
------------
Total Energy RMS Error: 3.96420e-04
Total Energy Weighted RMS Error: 1.56808e-04
Total Energy Weighted Absolute Error: 5.31191e-06
Total Energy Weighted Least-Squares Error: 6.85769e-05
--------------------------------------------
#########################################################################


