########################## FF Fitting Summary ###########################
--------------------------------------------
Program Version: 1.1.0
Short-range Functional Form: born-mayer
Combination Rules: aij = geometric
                   bij = geometric_mean
Electrostatic Damping Type: None
Thole Param: 0.39
Fitting weight: eff_mu = 0.0 Ha
                eff_kt = 0.0247 Ha
Weighted RMSE cutoff: 0.0 Ha
Anisotropic Atomtypes: None
All parameters have been radially corrected to account for Slater overlap
This radial correction is approximate, and is only rigorous for the case where bi = bj.
------------
Exponents (Optimized):
CO1(0)     2.391577
Cl(0)      2.186332
CCl(0)     1.653618
CT3(0)     2.261232
HT6(0)     2.953171
HT3(0)     1.926985
HO(0)      2.108144
OH(0)      2.054260
------------
Monomer 1 Multipole File:
chloromethane_ISA-GRID_L0.mom
Monomer 2 Multipole File:
ethanol_ISA-GRID_L0.mom
--------------------------------------------
Exchange Parameters:
    Functional Form = 
	E(exch)_ij = A*K2(rij)*(1 + a_yml*Y_ml)*exp(-bij*rij)
    where the a coefficient for each spherical harmonic term Y_ml
    is listed in the parameters below and 
	K2(rij) = 1/3*(bij*rij)**2 + bij*rij + 1 
Fitted Atomtypes 
               A        
CO1(0)        4.603112
               A        
Cl(0)        6.162061
               A        
CT3(0)        4.419348
               A        
CCl(0)        0.929988
               A        
HT3(0)        0.461045
               A        
HO(0)        0.286805
               A        
HT6(0)        1.129902
               A        
OH(0)        3.031803
Constrained Atomtypes 
  None
------------
Exchange RMS Error: 1.30433e-03
Exchange Weighted RMS Error: 1.30433e-03
Exchange Weighted Absolute Error: -3.17780e-05
Exchange Weighted Least-Squares Error: 3.73988e-04
--------------------------------------------
Electrostatic Parameters:
    Functional Form = 
	E(elst)_ij = f_damp*qi*qj/rij - A*K2(rij)*(1 + a_yml*Y_ml)*exp(-bij*rij)
Fitted Atomtypes 
               A        
CO1(0)        2.834053
               A        
Cl(0)        4.236542
               A        
CT3(0)        2.572472
               A        
CCl(0)        0.508386
               A        
HT3(0)        0.227096
               A        
HO(0)        0.063134
               A        
HT6(0)        0.576569
               A        
OH(0)        1.943624
Constrained Atomtypes 
  None
------------
Electrostatics RMS Error: 6.83149e-04
Electrostatics Weighted RMS Error: 6.83149e-04
Electrostatics Weighted Absolute Error: 1.37752e-05
Electrostatics Weighted Least-Squares Error: 2.66754e-04
--------------------------------------------
Drude oscillator energy has been calculated using the following method: multipole-gradient
Induction Parameters:
    Functional Form = 
	E(ind)_ij = shell_charge - A*K2(rij)*(1 + a_yml*Y_ml)*exp(-bij*rij)
Fitted Atomtypes 
               A        
CO1(0)        0.963649
               A        
Cl(0)        0.859528
               A        
CT3(0)        1.261246
               A        
CCl(0)        0.080522
               A        
HT3(0)        0.087402
               A        
HO(0)        0.238424
               A        
HT6(0)        0.161563
               A        
OH(0)        0.131179
Constrained Atomtypes 
  None
------------
Induction RMS Error: 1.28074e-04
Induction Weighted RMS Error: 1.28074e-04
Induction Weighted Absolute Error: 2.38165e-05
Induction Weighted Least-Squares Error: 8.36875e-06
--------------------------------------------
DHF Parameters:
    Functional Form = 
	E(dhf)_ij = - A*K2(rij)*(1 + a_yml*Y_ml)*exp(-bij*rij)
Fitted Atomtypes 
               A        
CO1(0)        0.000000
               A        
Cl(0)        0.192200
               A        
CT3(0)        0.000000
               A        
CCl(0)        0.000000
               A        
HT3(0)        1.202351
               A        
HO(0)        0.836460
               A        
HT6(0)        0.061569
               A        
OH(0)        4.970803
Constrained Atomtypes 
  None
------------
Dhf RMS Error: 1.24907e-04
Dhf Weighted RMS Error: 1.24907e-04
Dhf Weighted Absolute Error: -1.07005e-05
Dhf Weighted Least-Squares Error: 7.99874e-06
--------------------------------------------
Dispersion Parameters:
    Functional Form = 
	E(disp)_ij = sum_(n=6,8,10,12){A*fdamp_n*(Cij_n/r_ij^n)}
               C6              C8             C10             C12       
CO1          4.847096       18.798288       63.256519      202.859856
Cl           9.656104       40.197680      256.351184     1144.914599
CCl          4.847096       18.798288       63.256519      202.859856
CT3          4.847096       18.798288       63.256519      202.859856
HT6          1.498389        6.488268       33.240608        0.000000
HT3          1.498389        6.488268       33.240608        0.000000
HO           1.275466        4.018693       30.302404        0.000000
OH           3.819955       17.890308       89.856938      392.757676
Fitted Atomtypes 
               A        
CO1(0)        1.000000
               A        
Cl(0)        1.000000
               A        
CT3(0)        1.000000
               A        
CCl(0)        1.000000
               A        
HT3(0)        1.000000
               A        
HO(0)        1.000000
               A        
HT6(0)        1.000000
               A        
OH(0)        1.000000
Constrained Atomtypes 
  None
------------
Dispersion RMS Error: 6.39558e-04
Dispersion Weighted RMS Error: 6.39558e-04
Dispersion Weighted Absolute Error: -9.41696e-05
Dispersion Weighted Least-Squares Error: 2.36630e-04
--------------------------------------------
Total Energy:
------------
Total Energy RMS Error: 1.13202e-03
Total Energy Weighted RMS Error: 1.13202e-03
Total Energy Weighted Absolute Error: -9.90564e-05
Total Energy Weighted Least-Squares Error: 5.57253e-04
--------------------------------------------
#########################################################################


