########################## FF Fitting Summary ###########################
--------------------------------------------
Program Version: 1.1.0
Short-range Functional Form: born-mayer
Combination Rules: aij = geometric
                   bij = geometric_mean
Electrostatic Damping Type: None
Thole Param: 0.39
Fitting weight: eff_mu = 0.0 Ha
                eff_kt = 0.0099 Ha
Weighted RMSE cutoff: 0.0 Ha
Anisotropic Atomtypes: OH   HO   Cl   
All parameters have been radially corrected to account for Slater overlap
This radial correction is approximate, and is only rigorous for the case where bi = bj.
------------
Exponents:
CO1(0)     2.281648
Cl(0)      2.037083
CCl(0)     2.086398
CT3(0)     2.201202
HT6(0)     2.236551
HT3(0)     2.108033
HO(0)      2.530438
OH(0)      2.217384
------------
Monomer 1 Multipole File:
chloromethane_ISA-GRID_L2.mom
Monomer 2 Multipole File:
ethanol_ISA-GRID_L2.mom
--------------------------------------------
Exchange Parameters:
    Functional Form = 
	E(exch)_ij = A*K2(rij)*(1 + a_yml*Y_ml)*exp(-bij*rij)
    where the a coefficient for each spherical harmonic term Y_ml
    is listed in the parameters below and 
	K2(rij) = 1/3*(bij*rij)**2 + bij*rij + 1 
Fitted Atomtypes 
  None
Constrained Atomtypes 
               A        
CO1(0)        3.368483
               A             a_y10           a_y20      
Cl(0)        4.641076       -0.547938       -0.613203
               A        
CT3(0)        3.419333
               A        
CCl(0)        3.036171
               A        
HT3(0)        0.488420
               A             a_y10           a_y20      
HO(0)        1.318171        0.655765        0.138145
               A        
HT6(0)        0.541282
               A             a_y10           a_y20           a_y22c     
OH(0)        1.637005       -1.000000       -0.019722       -0.994158
------------
Exchange RMS Error: 6.50113e-04
Exchange Weighted RMS Error: 6.50113e-04
Exchange Weighted Absolute Error: 3.90291e-05
Exchange Weighted Least-Squares Error: 4.16106e-05
--------------------------------------------
Electrostatic Parameters:
    Functional Form = 
	E(elst)_ij = f_damp*qi*qj/rij - A*K2(rij)*(1 + a_yml*Y_ml)*exp(-bij*rij)
Fitted Atomtypes 
  None
Constrained Atomtypes 
               A        
CO1(0)        2.430429
               A             a_y10           a_y20      
Cl(0)        3.217540       -0.376433       -0.547466
               A        
CT3(0)        2.114795
               A        
CCl(0)        1.874393
               A        
HT3(0)        0.238557
               A             a_y10           a_y20      
HO(0)        0.843400        0.974642        0.295589
               A        
HT6(0)        0.232592
               A             a_y10           a_y20           a_y22c     
OH(0)        1.093803       -0.888611       -0.045701       -1.000000
------------
Electrostatics RMS Error: 2.94807e-04
Electrostatics Weighted RMS Error: 2.94807e-04
Electrostatics Weighted Absolute Error: -2.95174e-06
Electrostatics Weighted Least-Squares Error: 6.26318e-05
--------------------------------------------
Drude oscillator energy has been calculated using the following method: multipole-gradient
Induction Parameters:
    Functional Form = 
	E(ind)_ij = shell_charge - A*K2(rij)*(1 + a_yml*Y_ml)*exp(-bij*rij)
Fitted Atomtypes 
  None
Constrained Atomtypes 
               A        
CO1(0)        0.506188
               A             a_y10           a_y20      
Cl(0)        1.452555        0.084777       -0.161702
               A        
CT3(0)        0.302844
               A        
CCl(0)        0.102817
               A        
HT3(0)        0.091465
               A             a_y10           a_y20      
HO(0)        0.144821       -1.000000       -0.875828
               A        
HT6(0)        0.097465
               A             a_y10           a_y20           a_y22c     
OH(0)        0.000000        0.329683       -0.081579        0.114282
------------
Induction RMS Error: 1.45327e-04
Induction Weighted RMS Error: 1.45327e-04
Induction Weighted Absolute Error: 1.22607e-05
Induction Weighted Least-Squares Error: 1.13112e-05
--------------------------------------------
DHF Parameters:
    Functional Form = 
	E(dhf)_ij = - A*K2(rij)*(1 + a_yml*Y_ml)*exp(-bij*rij)
Fitted Atomtypes 
  None
Constrained Atomtypes 
               A        
CO1(0)        0.019258
               A             a_y10           a_y20      
Cl(0)        0.820685       -0.645981        0.159071
               A        
CT3(0)        0.129392
               A        
CCl(0)        0.000000
               A        
HT3(0)        0.179148
               A             a_y10           a_y20      
HO(0)        0.295719        0.564285        0.500178
               A        
HT6(0)        0.265954
               A             a_y10           a_y20           a_y22c     
OH(0)        0.414639       -1.000000       -0.162242       -0.590819
------------
Dhf RMS Error: 2.23584e-04
Dhf Weighted RMS Error: 2.23584e-04
Dhf Weighted Absolute Error: -1.50281e-05
Dhf Weighted Least-Squares Error: 2.66943e-05
--------------------------------------------
Dispersion Parameters:
    Functional Form = 
	E(disp)_ij = sum_(n=6,8,10,12){A*fdamp_n*(Cij_n/r_ij^n)}
               C6              C8             C10             C12       
CO1          4.847096       18.798288       63.256519      202.859856
CT3          4.847096       18.798288       63.256519      202.859856
Cl           9.656104       40.197680      256.351184     1144.914599
CCl          4.847096       18.798288       63.256519      202.859856
HT3          1.498389        6.488268       33.240608        0.000000
HO           1.275466        4.018693       30.302404        0.000000
HT6          1.498389        6.488268       33.240608        0.000000
OH           3.819955       17.890308       89.856938      392.757676
Fitted Atomtypes 
  None
Constrained Atomtypes 
               A        
CO1(0)        0.754869
               A             a_y10           a_y20      
Cl(0)        1.029603       -0.239752       -0.191056
               A        
CT3(0)        0.807584
               A        
CCl(0)        1.035074
               A        
HT3(0)        1.196702
               A             a_y10           a_y20      
HO(0)        1.300000        0.223254       -0.001189
               A        
HT6(0)        1.022919
               A             a_y10           a_y20           a_y22c     
OH(0)        0.712057       -0.519272        0.110350       -0.395587
------------
Dispersion RMS Error: 1.04690e-04
Dispersion Weighted RMS Error: 1.04690e-04
Dispersion Weighted Absolute Error: -1.18079e-05
Dispersion Weighted Least-Squares Error: 7.25819e-06
--------------------------------------------
Total Energy:
------------
Total Energy RMS Error: 4.10587e-04
Total Energy Weighted RMS Error: 4.10587e-04
Total Energy Weighted Absolute Error: 2.15021e-05
Total Energy Weighted Least-Squares Error: 5.87610e-05
--------------------------------------------
#########################################################################


