########################## FF Fitting Summary ###########################
--------------------------------------------
Program Version: 1.1.0
Short-range Functional Form: born-mayer
Combination Rules: aij = geometric
                   bij = geometric_mean
Electrostatic Damping Type: None
Thole Param: 0.39
Fitting weight: eff_mu = 0.0 Ha
                eff_kt = 0.0121 Ha
Weighted RMSE cutoff: 0.0 Ha
Anisotropic Atomtypes: None
All parameters have been radially corrected to account for Slater overlap
This radial correction is approximate, and is only rigorous for the case where bi = bj.
------------
Exponents:
HN1(0)     2.654498
CT1(0)     1.894503
OC(0)      2.191569
C=O(0)     2.594692
HT1(0)     2.251128
N1(0)      1.930449
HT9(0)     2.048156
CN(0)      2.450399
------------
Monomer 1 Multipole File:
acetone_ISA-GRID_L2.mom
Monomer 2 Multipole File:
methyl_amine_ISA-GRID_L2.mom
--------------------------------------------
Exchange Parameters:
    Functional Form = 
	E(exch)_ij = A*K2(rij)*(1 + a_yml*Y_ml)*exp(-bij*rij)
    where the a coefficient for each spherical harmonic term Y_ml
    is listed in the parameters below and 
	K2(rij) = 1/3*(bij*rij)**2 + bij*rij + 1 
Fitted Atomtypes 
  None
Constrained Atomtypes 
               A        
HN1(0)        0.515439
               A        
CT1(0)        1.974741
               A        
OC(0)        3.009979
               A        
C=O(0)        3.327676
               A        
HT1(0)        0.583943
               A        
N1(0)        2.663061
               A        
HT9(0)        0.435917
               A        
CN(0)        5.135521
------------
Exchange RMS Error: 1.28730e-03
Exchange Weighted RMS Error: 1.28730e-03
Exchange Weighted Absolute Error: 1.96898e-05
Exchange Weighted Least-Squares Error: 1.78802e-04
--------------------------------------------
Electrostatic Parameters:
    Functional Form = 
	E(elst)_ij = f_damp*qi*qj/rij - A*K2(rij)*(1 + a_yml*Y_ml)*exp(-bij*rij)
Fitted Atomtypes 
  None
Constrained Atomtypes 
               A        
HN1(0)        0.112216
               A        
CT1(0)        1.256873
               A        
OC(0)        1.885016
               A        
C=O(0)        1.698481
               A        
HT1(0)        0.273429
               A        
N1(0)        1.856790
               A        
HT9(0)        0.209074
               A        
CN(0)        3.482835
------------
Electrostatics RMS Error: 6.07756e-04
Electrostatics Weighted RMS Error: 6.07756e-04
Electrostatics Weighted Absolute Error: -1.34191e-06
Electrostatics Weighted Least-Squares Error: 2.37664e-04
--------------------------------------------
Drude oscillator energy has been calculated using the following method: multipole-gradient
Induction Parameters:
    Functional Form = 
	E(ind)_ij = shell_charge - A*K2(rij)*(1 + a_yml*Y_ml)*exp(-bij*rij)
Fitted Atomtypes 
  None
Constrained Atomtypes 
               A        
HN1(0)        0.271505
               A        
CT1(0)        0.100633
               A        
OC(0)        0.029254
               A        
C=O(0)        2.012280
               A        
HT1(0)        0.138196
               A        
N1(0)        0.085372
               A        
HT9(0)        0.059529
               A        
CN(0)        1.036692
------------
Induction RMS Error: 1.66587e-04
Induction Weighted RMS Error: 1.66587e-04
Induction Weighted Absolute Error: -1.57392e-05
Induction Weighted Least-Squares Error: 1.37353e-05
--------------------------------------------
DHF Parameters:
    Functional Form = 
	E(dhf)_ij = - A*K2(rij)*(1 + a_yml*Y_ml)*exp(-bij*rij)
Fitted Atomtypes 
  None
Constrained Atomtypes 
               A        
HN1(0)        0.178355
               A        
CT1(0)        0.051209
               A        
OC(0)        0.809209
               A        
C=O(0)        0.413886
               A        
HT1(0)        0.216422
               A        
N1(0)        0.562940
               A        
HT9(0)        0.165902
               A        
CN(0)        0.000000
------------
Dhf RMS Error: 2.00078e-04
Dhf Weighted RMS Error: 2.00078e-04
Dhf Weighted Absolute Error: -1.91635e-06
Dhf Weighted Least-Squares Error: 2.01158e-05
--------------------------------------------
Dispersion Parameters:
    Functional Form = 
	E(disp)_ij = sum_(n=6,8,10,12){A*fdamp_n*(Cij_n/r_ij^n)}
               C6              C8             C10             C12       
C=O          3.661371       12.062782       78.048354      284.357981
CT1          4.847096       18.798288       63.256519      202.859856
OC           4.783373       18.811595      100.656333      417.705964
HN1          1.306964        4.117935       31.050725        0.000000
HT1          1.498389        6.488268       33.240608        0.000000
N1           4.878202       25.576829      142.574149      704.112767
HT9          1.535392        6.648497       34.061487        0.000000
CN           4.966795       19.262513       64.818644      207.869495
Fitted Atomtypes 
  None
Constrained Atomtypes 
               A        
HN1(0)        0.700000
               A        
CT1(0)        0.881446
               A        
OC(0)        1.115496
               A        
C=O(0)        0.700000
               A        
HT1(0)        1.095684
               A        
N1(0)        1.188426
               A        
HT9(0)        1.186782
               A        
CN(0)        0.700000
------------
Dispersion RMS Error: 2.43250e-04
Dispersion Weighted RMS Error: 2.43250e-04
Dispersion Weighted Absolute Error: -4.37075e-06
Dispersion Weighted Least-Squares Error: 3.68888e-05
--------------------------------------------
Total Energy:
------------
Total Energy RMS Error: 5.85389e-04
Total Energy Weighted RMS Error: 5.85389e-04
Total Energy Weighted Absolute Error: -3.67845e-06
Total Energy Weighted Least-Squares Error: 1.19197e-04
--------------------------------------------
#########################################################################


