########################## FF Fitting Summary ###########################
--------------------------------------------
Program Version: 1.1.0
Short-range Functional Form: born-mayer
Combination Rules: aij = geometric
                   bij = geometric_mean
Electrostatic Damping Type: None
Thole Param: 0.39
Fitting weight: eff_mu = 0.0 Ha
                eff_kt = 0.0205 Ha
Weighted RMSE cutoff: 0.0 Ha
Anisotropic Atomtypes: None
All parameters have been radially corrected to account for Slater overlap
This radial correction is approximate, and is only rigorous for the case where bi = bj.
------------
Exponents (Optimized):
HN(0)      2.213238
N(0)       2.042178
------------
Monomer 1 Multipole File:
nh3_ISA-GRID_L2.mom
Monomer 2 Multipole File:
nh3_ISA-GRID_L2.mom
--------------------------------------------
Exchange Parameters:
    Functional Form = 
	E(exch)_ij = A*K2(rij)*(1 + a_yml*Y_ml)*exp(-bij*rij)
    where the a coefficient for each spherical harmonic term Y_ml
    is listed in the parameters below and 
	K2(rij) = 1/3*(bij*rij)**2 + bij*rij + 1 
Fitted Atomtypes 
               A        
HN(0)        0.325609
               A        
N(0)         3.261484
Constrained Atomtypes 
  None
------------
Exchange RMS Error: 2.03792e-03
Exchange Weighted RMS Error: 4.89631e-04
Exchange Weighted Absolute Error: -9.80979e-06
Exchange Weighted Least-Squares Error: 6.97439e-04
--------------------------------------------
Electrostatic Parameters:
    Functional Form = 
	E(elst)_ij = f_damp*qi*qj/rij - A*K2(rij)*(1 + a_yml*Y_ml)*exp(-bij*rij)
Fitted Atomtypes 
               A        
HN(0)        0.105210
               A        
N(0)         2.294156
Constrained Atomtypes 
  None
------------
Electrostatics RMS Error: 1.13196e-03
Electrostatics Weighted RMS Error: 2.78220e-04
Electrostatics Weighted Absolute Error: 5.31023e-05
Electrostatics Weighted Least-Squares Error: 7.55054e-04
--------------------------------------------
Drude oscillator energy has been calculated using the following method: multipole-gradient
Induction Parameters:
    Functional Form = 
	E(ind)_ij = shell_charge - A*K2(rij)*(1 + a_yml*Y_ml)*exp(-bij*rij)
Fitted Atomtypes 
               A        
HN(0)        0.134932
               A        
N(0)         0.064204
Constrained Atomtypes 
  None
------------
Induction RMS Error: 9.42211e-05
Induction Weighted RMS Error: 3.82752e-05
Induction Weighted Absolute Error: -1.54668e-05
Induction Weighted Least-Squares Error: 4.15342e-06
--------------------------------------------
DHF Parameters:
    Functional Form = 
	E(dhf)_ij = - A*K2(rij)*(1 + a_yml*Y_ml)*exp(-bij*rij)
Fitted Atomtypes 
               A        
HN(0)        0.112739
               A        
N(0)         0.590974
Constrained Atomtypes 
  None
------------
Dhf RMS Error: 1.56776e-04
Dhf Weighted RMS Error: 6.84954e-05
Dhf Weighted Absolute Error: -9.22580e-06
Dhf Weighted Least-Squares Error: 1.14947e-05
--------------------------------------------
Dispersion Parameters:
    Functional Form = 
	E(disp)_ij = sum_(n=6,8,10,12){A*fdamp_n*(Cij_n/r_ij^n)}
               C6              C8             C10             C12       
HN           1.306964        4.117935       31.050725        0.000000
N            4.878202       25.576829      142.574149      704.112767
Fitted Atomtypes 
               A        
HN(0)        1.000000
               A        
N(0)         1.000000
Constrained Atomtypes 
  None
------------
Dispersion RMS Error: 3.72975e-04
Dispersion Weighted RMS Error: 1.35868e-04
Dispersion Weighted Absolute Error: -1.18971e-05
Dispersion Weighted Least-Squares Error: 7.27554e-05
--------------------------------------------
Total Energy:
------------
Total Energy RMS Error: 8.43374e-04
Total Energy Weighted RMS Error: 1.78227e-04
Total Energy Weighted Absolute Error: 6.70288e-06
Total Energy Weighted Least-Squares Error: 2.40696e-04
--------------------------------------------
#########################################################################


