########################## FF Fitting Summary ###########################
--------------------------------------------
Program Version: 1.1.0
Short-range Functional Form: born-mayer
Combination Rules: aij = geometric
                   bij = geometric_mean
Electrostatic Damping Type: None
Thole Param: 0.39
Fitting weight: eff_mu = 0.0 Ha
                eff_kt = 0.0082 Ha
Weighted RMSE cutoff: 0.0 Ha
Anisotropic Atomtypes: HN   N    
All parameters have been radially corrected to account for Slater overlap
This radial correction is approximate, and is only rigorous for the case where bi = bj.
------------
Exponents:
HN(0)      2.492792
N(0)       1.935779
------------
Monomer 1 Multipole File:
nh3_ISA-GRID_L2.mom
Monomer 2 Multipole File:
nh3_ISA-GRID_L2.mom
--------------------------------------------
Exchange Parameters:
    Functional Form = 
	E(exch)_ij = A*K2(rij)*(1 + a_yml*Y_ml)*exp(-bij*rij)
    where the a coefficient for each spherical harmonic term Y_ml
    is listed in the parameters below and 
	K2(rij) = 1/3*(bij*rij)**2 + bij*rij + 1 
Fitted Atomtypes 
  None
Constrained Atomtypes 
               A             a_y10           a_y20      
HN(0)        0.608786        0.038133       -0.050896
               A             a_y10           a_y20      
N(0)         2.373201       -0.005339        0.434163
------------
Exchange RMS Error: 4.73820e-04
Exchange Weighted RMS Error: 4.73820e-04
Exchange Weighted Absolute Error: 1.68808e-05
Exchange Weighted Least-Squares Error: 2.16754e-05
--------------------------------------------
Electrostatic Parameters:
    Functional Form = 
	E(elst)_ij = f_damp*qi*qj/rij - A*K2(rij)*(1 + a_yml*Y_ml)*exp(-bij*rij)
Fitted Atomtypes 
  None
Constrained Atomtypes 
               A             a_y10           a_y20      
HN(0)        0.185500        0.624195        0.448310
               A             a_y10           a_y20      
N(0)         1.844774        0.120323        0.399345
------------
Electrostatics RMS Error: 2.67944e-04
Electrostatics Weighted RMS Error: 2.67944e-04
Electrostatics Weighted Absolute Error: 2.49943e-05
Electrostatics Weighted Least-Squares Error: 4.29479e-05
--------------------------------------------
Drude oscillator energy has been calculated using the following method: multipole-gradient
Induction Parameters:
    Functional Form = 
	E(ind)_ij = shell_charge - A*K2(rij)*(1 + a_yml*Y_ml)*exp(-bij*rij)
Fitted Atomtypes 
  None
Constrained Atomtypes 
               A             a_y10           a_y20      
HN(0)        0.338538        0.808333        0.445368
               A             a_y10           a_y20      
N(0)         0.000000        0.497124       -0.604145
------------
Induction RMS Error: 8.83602e-05
Induction Weighted RMS Error: 8.83602e-05
Induction Weighted Absolute Error: -2.17202e-05
Induction Weighted Least-Squares Error: 3.80365e-06
--------------------------------------------
DHF Parameters:
    Functional Form = 
	E(dhf)_ij = - A*K2(rij)*(1 + a_yml*Y_ml)*exp(-bij*rij)
Fitted Atomtypes 
  None
Constrained Atomtypes 
               A             a_y10           a_y20      
HN(0)        0.136426       -1.000000        0.004754
               A             a_y10           a_y20      
N(0)         0.434659       -0.308693        0.426525
------------
Dhf RMS Error: 9.96916e-05
Dhf Weighted RMS Error: 9.96916e-05
Dhf Weighted Absolute Error: -1.45486e-06
Dhf Weighted Least-Squares Error: 4.87075e-06
--------------------------------------------
Dispersion Parameters:
    Functional Form = 
	E(disp)_ij = sum_(n=6,8,10,12){A*fdamp_n*(Cij_n/r_ij^n)}
               C6              C8             C10             C12       
HN           1.306964        4.117935       31.050725        0.000000
N            4.878202       25.576829      142.574149      704.112767
Fitted Atomtypes 
  None
Constrained Atomtypes 
               A             a_y10           a_y20      
HN(0)        0.772975        0.130971        0.129233
               A             a_y10           a_y20      
N(0)         1.205602       -0.047052        0.182657
------------
Dispersion RMS Error: 6.97374e-05
Dispersion Weighted RMS Error: 6.97374e-05
Dispersion Weighted Absolute Error: -1.58114e-05
Dispersion Weighted Least-Squares Error: 2.82444e-06
--------------------------------------------
Total Energy:
------------
Total Energy RMS Error: 3.29422e-04
Total Energy Weighted RMS Error: 3.29422e-04
Total Energy Weighted Absolute Error: 2.88866e-06
Total Energy Weighted Least-Squares Error: 2.63372e-05
--------------------------------------------
#########################################################################


