########################## FF Fitting Summary ###########################
--------------------------------------------
Program Version: 1.1.0
Short-range Functional Form: born-mayer
Combination Rules: aij = geometric
                   bij = geometric_mean
Electrostatic Damping Type: None
Thole Param: 0.39
Fitting weight: eff_mu = 0.0 Ha
                eff_kt = 0.0336 Ha
Weighted RMSE cutoff: 0.0 Ha
Anisotropic Atomtypes: OC   
All parameters have been radially corrected to account for Slater overlap
This radial correction is approximate, and is only rigorous for the case where bi = bj.
------------
Exponents (Optimized):
C=O(0)     2.718321
OC(0)      2.200783
CT1(0)     1.819913
HT1(0)     2.333336
------------
Monomer 1 Multipole File:
acetone_ISA-GRID_L2.mom
Monomer 2 Multipole File:
acetone_ISA-GRID_L2.mom
--------------------------------------------
Exchange Parameters:
    Functional Form = 
	E(exch)_ij = A*K2(rij)*(1 + a_yml*Y_ml)*exp(-bij*rij)
    where the a coefficient for each spherical harmonic term Y_ml
    is listed in the parameters below and 
	K2(rij) = 1/3*(bij*rij)**2 + bij*rij + 1 
Fitted Atomtypes 
               A        
C=O(0)        4.914017
               A        
CT1(0)        1.756864
               A        
HT1(0)        0.633756
               A             a_y10           a_y20           a_y22c     
OC(0)        2.800441       -0.219521       -0.210109        0.120144
Constrained Atomtypes 
  None
------------
Exchange RMS Error: 3.93138e-04
Exchange Weighted RMS Error: 1.30824e-04
Exchange Weighted Absolute Error: 1.56715e-06
Exchange Weighted Least-Squares Error: 4.41030e-05
--------------------------------------------
Electrostatic Parameters:
    Functional Form = 
	E(elst)_ij = f_damp*qi*qj/rij - A*K2(rij)*(1 + a_yml*Y_ml)*exp(-bij*rij)
Fitted Atomtypes 
               A        
C=O(0)        2.345586
               A        
CT1(0)        1.128948
               A        
HT1(0)        0.286881
               A             a_y10           a_y20           a_y22c     
OC(0)        1.822973       -0.147986       -0.224111        0.165589
Constrained Atomtypes 
  None
------------
Electrostatics RMS Error: 2.13655e-04
Electrostatics Weighted RMS Error: 8.39369e-05
Electrostatics Weighted Absolute Error: 6.05656e-06
Electrostatics Weighted Least-Squares Error: 2.37745e-05
--------------------------------------------
Drude oscillator energy has been calculated using the following method: multipole-gradient
Induction Parameters:
    Functional Form = 
	E(ind)_ij = shell_charge - A*K2(rij)*(1 + a_yml*Y_ml)*exp(-bij*rij)
Fitted Atomtypes 
               A        
C=O(0)        2.573742
               A        
CT1(0)        0.089053
               A        
HT1(0)        0.157247
               A             a_y10           a_y20           a_y22c     
OC(0)        0.031023        0.043187        1.000000       -1.000000
Constrained Atomtypes 
  None
------------
Induction RMS Error: 9.36891e-05
Induction Weighted RMS Error: 2.92272e-05
Induction Weighted Absolute Error: -1.12229e-05
Induction Weighted Least-Squares Error: 4.29007e-06
--------------------------------------------
DHF Parameters:
    Functional Form = 
	E(dhf)_ij = - A*K2(rij)*(1 + a_yml*Y_ml)*exp(-bij*rij)
Fitted Atomtypes 
               A        
C=O(0)        0.882357
               A        
CT1(0)        0.056525
               A        
HT1(0)        0.244538
               A             a_y10           a_y20           a_y22c     
OC(0)        0.542050       -1.000000       -0.656513       -0.199399
Constrained Atomtypes 
  None
------------
Dhf RMS Error: 7.41347e-05
Dhf Weighted RMS Error: 1.84906e-05
Dhf Weighted Absolute Error: 2.71608e-06
Dhf Weighted Least-Squares Error: 2.69415e-06
--------------------------------------------
Dispersion Parameters:
    Functional Form = 
	E(disp)_ij = sum_(n=6,8,10,12){A*fdamp_n*(Cij_n/r_ij^n)}
               C6              C8             C10             C12       
C=O          3.661371       12.062782       78.048354      284.357981
OC           4.783373       18.811595      100.656333      417.705964
CT1          4.847096       18.798288       63.256519      202.859856
HT1          1.498389        6.488268       33.240608        0.000000
Fitted Atomtypes 
               A        
C=O(0)        1.000000
               A        
CT1(0)        1.000000
               A        
HT1(0)        1.000000
               A             a_y10           a_y20           a_y22c     
OC(0)        1.000000       -0.053237        0.106213        0.053638
Constrained Atomtypes 
  None
------------
Dispersion RMS Error: 1.60430e-04
Dispersion Weighted RMS Error: 7.73981e-05
Dispersion Weighted Absolute Error: -7.79462e-06
Dispersion Weighted Least-Squares Error: 1.40790e-05
--------------------------------------------
Total Energy:
------------
Total Energy RMS Error: 3.71147e-04
Total Energy Weighted RMS Error: 1.40182e-04
Total Energy Weighted Absolute Error: -8.67770e-06
Total Energy Weighted Least-Squares Error: 5.99487e-05
--------------------------------------------
#########################################################################


