########################## FF Fitting Summary ###########################
--------------------------------------------
Program Version: 1.1.0
Short-range Functional Form: born-mayer
Combination Rules: aij = geometric
                   bij = geometric_mean
Electrostatic Damping Type: None
Thole Param: 0.39
Fitting weight: eff_mu = 0.0 Ha
                eff_kt = 0.0134 Ha
Weighted RMSE cutoff: 0.0 Ha
Anisotropic Atomtypes: None
All parameters have been radially corrected to account for Slater overlap
This radial correction is approximate, and is only rigorous for the case where bi = bj.
------------
Exponents:
C=O(0)     2.594692
OC(0)      2.191569
CT1(0)     1.894503
HT1(0)     2.251128
------------
Monomer 1 Multipole File:
acetone_ISA-GRID_L2.mom
Monomer 2 Multipole File:
acetone_ISA-GRID_L2.mom
--------------------------------------------
Exchange Parameters:
    Functional Form = 
	E(exch)_ij = A*K2(rij)*(1 + a_yml*Y_ml)*exp(-bij*rij)
    where the a coefficient for each spherical harmonic term Y_ml
    is listed in the parameters below and 
	K2(rij) = 1/3*(bij*rij)**2 + bij*rij + 1 
Fitted Atomtypes 
  None
Constrained Atomtypes 
               A        
C=O(0)        3.327676
               A        
OC(0)        3.009979
               A        
CT1(0)        1.974741
               A        
HT1(0)        0.583943
------------
Exchange RMS Error: 5.85856e-04
Exchange Weighted RMS Error: 2.06056e-04
Exchange Weighted Absolute Error: -3.69042e-05
Exchange Weighted Least-Squares Error: 5.06604e-05
--------------------------------------------
Electrostatic Parameters:
    Functional Form = 
	E(elst)_ij = f_damp*qi*qj/rij - A*K2(rij)*(1 + a_yml*Y_ml)*exp(-bij*rij)
Fitted Atomtypes 
  None
Constrained Atomtypes 
               A        
C=O(0)        1.698481
               A        
OC(0)        1.885016
               A        
CT1(0)        1.256873
               A        
HT1(0)        0.273429
------------
Electrostatics RMS Error: 3.27512e-04
Electrostatics Weighted RMS Error: 1.16431e-04
Electrostatics Weighted Absolute Error: 2.22041e-05
Electrostatics Weighted Least-Squares Error: 6.33994e-05
--------------------------------------------
Drude oscillator energy has been calculated using the following method: multipole-gradient
Induction Parameters:
    Functional Form = 
	E(ind)_ij = shell_charge - A*K2(rij)*(1 + a_yml*Y_ml)*exp(-bij*rij)
Fitted Atomtypes 
  None
Constrained Atomtypes 
               A        
C=O(0)        2.012282
               A        
OC(0)        0.029254
               A        
CT1(0)        0.100632
               A        
HT1(0)        0.138196
------------
Induction RMS Error: 9.50716e-05
Induction Weighted RMS Error: 2.92547e-05
Induction Weighted Absolute Error: -1.06916e-05
Induction Weighted Least-Squares Error: 4.58027e-06
--------------------------------------------
DHF Parameters:
    Functional Form = 
	E(dhf)_ij = - A*K2(rij)*(1 + a_yml*Y_ml)*exp(-bij*rij)
Fitted Atomtypes 
  None
Constrained Atomtypes 
               A        
C=O(0)        0.413852
               A        
OC(0)        0.809209
               A        
CT1(0)        0.051222
               A        
HT1(0)        0.216420
------------
Dhf RMS Error: 8.93342e-05
Dhf Weighted RMS Error: 2.37032e-05
Dhf Weighted Absolute Error: 5.73358e-06
Dhf Weighted Least-Squares Error: 4.07866e-06
--------------------------------------------
Dispersion Parameters:
    Functional Form = 
	E(disp)_ij = sum_(n=6,8,10,12){A*fdamp_n*(Cij_n/r_ij^n)}
               C6              C8             C10             C12       
C=O          3.661371       12.062782       78.048354      284.357981
OC           4.783373       18.811595      100.656333      417.705964
CT1          4.847096       18.798288       63.256519      202.859856
HT1          1.498389        6.488268       33.240608        0.000000
Fitted Atomtypes 
  None
Constrained Atomtypes 
               A        
C=O(0)        1.000000
               A        
OC(0)        1.000000
               A        
CT1(0)        1.000000
               A        
HT1(0)        1.000000
------------
Dispersion RMS Error: 2.56151e-04
Dispersion Weighted RMS Error: 1.16946e-04
Dispersion Weighted Absolute Error: -4.75224e-05
Dispersion Weighted Least-Squares Error: 3.96557e-05
--------------------------------------------
Total Energy:
------------
Total Energy RMS Error: 4.33573e-04
Total Energy Weighted RMS Error: 1.90865e-04
Total Energy Weighted Absolute Error: -6.71805e-05
Total Energy Weighted Least-Squares Error: 7.16370e-05
--------------------------------------------
#########################################################################


