########################## FF Fitting Summary ###########################
--------------------------------------------
Program Version: 1.1.0
Short-range Functional Form: born-mayer
Combination Rules: aij = geometric
                   bij = geometric_mean
Electrostatic Damping Type: None
Thole Param: 0.39
Fitting weight: eff_mu = 0.0 Ha
                eff_kt = 0.0336 Ha
Weighted RMSE cutoff: 0.0 Ha
Anisotropic Atomtypes: OC   
All parameters have been radially corrected to account for Slater overlap
This radial correction is approximate, and is only rigorous for the case where bi = bj.
------------
Exponents (Optimized):
C=O(0)     2.718321
OC(0)      2.200783
CT1(0)     1.819913
HT1(0)     2.333336
------------
Monomer 1 Multipole File:
acetone_ISA-GRID_L2.mom
Monomer 2 Multipole File:
acetone_ISA-GRID_L2.mom
--------------------------------------------
Exchange Parameters:
    Functional Form = 
	E(exch)_ij = A*K2(rij)*(1 + a_yml*Y_ml)*exp(-bij*rij)
    where the a coefficient for each spherical harmonic term Y_ml
    is listed in the parameters below and 
	K2(rij) = 1/3*(bij*rij)**2 + bij*rij + 1 
Fitted Atomtypes 
               A        
C=O(0)        4.914017
               A        
CT1(0)        1.756864
               A        
HT1(0)        0.633756
               A             a_y10           a_y20           a_y22c     
OC(0)        2.800441       -0.219521       -0.210109        0.120144
Constrained Atomtypes 
  None
------------
Exchange RMS Error: 3.93138e-04
Exchange Weighted RMS Error: 3.93138e-04
Exchange Weighted Absolute Error: 1.56715e-06
Exchange Weighted Least-Squares Error: 4.41030e-05
--------------------------------------------
Electrostatic Parameters:
    Functional Form = 
	E(elst)_ij = f_damp*qi*qj/rij - A*K2(rij)*(1 + a_yml*Y_ml)*exp(-bij*rij)
Fitted Atomtypes 
               A        
C=O(0)        2.345586
               A        
CT1(0)        1.128948
               A        
HT1(0)        0.286881
               A             a_y10           a_y20           a_y22c     
OC(0)        1.822973       -0.147986       -0.224111        0.165589
Constrained Atomtypes 
  None
------------
Electrostatics RMS Error: 2.13655e-04
Electrostatics Weighted RMS Error: 2.13655e-04
Electrostatics Weighted Absolute Error: 6.05656e-06
Electrostatics Weighted Least-Squares Error: 2.37745e-05
--------------------------------------------
Drude oscillator energy has been calculated using the following method: multipole-gradient
Induction Parameters:
    Functional Form = 
	E(ind)_ij = shell_charge - A*K2(rij)*(1 + a_yml*Y_ml)*exp(-bij*rij)
Fitted Atomtypes 
               A        
C=O(0)        2.573738
               A        
CT1(0)        0.089053
               A        
HT1(0)        0.157247
               A             a_y10           a_y20           a_y22c     
OC(0)        0.031022        0.043159        1.000000       -1.000000
Constrained Atomtypes 
  None
------------
Induction RMS Error: 9.36891e-05
Induction Weighted RMS Error: 9.36891e-05
Induction Weighted Absolute Error: -1.12229e-05
Induction Weighted Least-Squares Error: 4.29008e-06
--------------------------------------------
DHF Parameters:
    Functional Form = 
	E(dhf)_ij = - A*K2(rij)*(1 + a_yml*Y_ml)*exp(-bij*rij)
Fitted Atomtypes 
               A        
C=O(0)        0.882379
               A        
CT1(0)        0.056533
               A        
HT1(0)        0.244537
               A             a_y10           a_y20           a_y22c     
OC(0)        0.542050       -1.000000       -0.656495       -0.199400
Constrained Atomtypes 
  None
------------
Dhf RMS Error: 7.41359e-05
Dhf Weighted RMS Error: 7.41359e-05
Dhf Weighted Absolute Error: 2.71655e-06
Dhf Weighted Least-Squares Error: 2.69424e-06
--------------------------------------------
Dispersion Parameters:
    Functional Form = 
	E(disp)_ij = sum_(n=6,8,10,12){A*fdamp_n*(Cij_n/r_ij^n)}
               C6              C8             C10             C12       
C=O          3.661371       12.062782       78.048354      284.357981
OC           4.783373       18.811595      100.656333      417.705964
CT1          4.847096       18.798288       63.256519      202.859856
HT1          1.498389        6.488268       33.240608        0.000000
Fitted Atomtypes 
               A        
C=O(0)        0.873823
               A        
CT1(0)        1.167041
               A        
HT1(0)        0.946465
               A             a_y10           a_y20           a_y22c     
OC(0)        0.814443       -0.563660       -0.232466       -0.012215
Constrained Atomtypes 
  None
------------
Dispersion RMS Error: 6.35082e-05
Dispersion Weighted RMS Error: 6.35082e-05
Dispersion Weighted Absolute Error: -4.70273e-06
Dispersion Weighted Least-Squares Error: 2.16010e-06
--------------------------------------------
Total Energy:
------------
Total Energy RMS Error: 3.50634e-04
Total Energy Weighted RMS Error: 3.50634e-04
Total Energy Weighted Absolute Error: -5.58536e-06
Total Energy Weighted Least-Squares Error: 5.29009e-05
--------------------------------------------
#########################################################################


