########################## FF Fitting Summary ###########################
--------------------------------------------
Program Version: 1.1.0
Short-range Functional Form: born-mayer
Combination Rules: aij = geometric
                   bij = geometric_mean
Electrostatic Damping Type: None
Thole Param: 0.39
Fitting weight: eff_mu = 0.0 Ha
                eff_kt = 0.0413 Ha
Weighted RMSE cutoff: 0.0 Ha
Anisotropic Atomtypes: None
All parameters have been radially corrected to account for Slater overlap
This radial correction is approximate, and is only rigorous for the case where bi = bj.
------------
Exponents (Optimized):
CO1(0)     2.085249
OH(0)      2.320183
HT3(0)     2.123152
HO(0)      2.319496
CT3(0)     2.128250
------------
Monomer 1 Multipole File:
ethanol_ISA-GRID_L0.mom
Monomer 2 Multipole File:
ethanol_ISA-GRID_L0.mom
--------------------------------------------
Exchange Parameters:
    Functional Form = 
	E(exch)_ij = A*K2(rij)*(1 + a_yml*Y_ml)*exp(-bij*rij)
    where the a coefficient for each spherical harmonic term Y_ml
    is listed in the parameters below and 
	K2(rij) = 1/3*(bij*rij)**2 + bij*rij + 1 
Fitted Atomtypes 
               A        
CO1(0)        2.125640
               A        
OH(0)        4.053201
               A        
HT3(0)        0.492497
               A        
HO(0)        0.307989
               A        
CT3(0)        2.903701
Constrained Atomtypes 
  None
------------
Exchange RMS Error: 7.91844e-04
Exchange Weighted RMS Error: 7.91844e-04
Exchange Weighted Absolute Error: 2.94868e-05
Exchange Weighted Least-Squares Error: 2.15435e-04
--------------------------------------------
Electrostatic Parameters:
    Functional Form = 
	E(elst)_ij = f_damp*qi*qj/rij - A*K2(rij)*(1 + a_yml*Y_ml)*exp(-bij*rij)
Fitted Atomtypes 
               A        
CO1(0)        1.257267
               A        
OH(0)        2.660989
               A        
HT3(0)        0.262795
               A        
HO(0)        0.117476
               A        
CT3(0)        1.579392
Constrained Atomtypes 
  None
------------
Electrostatics RMS Error: 5.17085e-04
Electrostatics Weighted RMS Error: 5.17085e-04
Electrostatics Weighted Absolute Error: -4.46796e-06
Electrostatics Weighted Least-Squares Error: 1.39520e-04
--------------------------------------------
Drude oscillator energy has been calculated using the following method: multipole-gradient
Induction Parameters:
    Functional Form = 
	E(ind)_ij = shell_charge - A*K2(rij)*(1 + a_yml*Y_ml)*exp(-bij*rij)
Fitted Atomtypes 
               A        
CO1(0)        0.290388
               A        
OH(0)        0.000000
               A        
HT3(0)        0.088171
               A        
HO(0)        0.190736
               A        
CT3(0)        0.277649
Constrained Atomtypes 
  None
------------
Induction RMS Error: 1.30225e-04
Induction Weighted RMS Error: 1.30225e-04
Induction Weighted Absolute Error: 2.76233e-06
Induction Weighted Least-Squares Error: 8.43525e-06
--------------------------------------------
DHF Parameters:
    Functional Form = 
	E(dhf)_ij = - A*K2(rij)*(1 + a_yml*Y_ml)*exp(-bij*rij)
Fitted Atomtypes 
               A        
CO1(0)        0.000000
               A        
OH(0)        0.896801
               A        
HT3(0)        0.177454
               A        
HO(0)        0.099672
               A        
CT3(0)        0.160508
Constrained Atomtypes 
  None
------------
Dhf RMS Error: 7.59074e-05
Dhf Weighted RMS Error: 7.59074e-05
Dhf Weighted Absolute Error: 3.99325e-06
Dhf Weighted Least-Squares Error: 2.87097e-06
--------------------------------------------
Dispersion Parameters:
    Functional Form = 
	E(disp)_ij = sum_(n=6,8,10,12){A*fdamp_n*(Cij_n/r_ij^n)}
               C6              C8             C10             C12       
CO1          4.847096       18.798288       63.256519      202.859856
OH           3.819955       17.890308       89.856938      392.757676
HT3          1.498389        6.488268       33.240608        0.000000
HO           1.275466        4.018693       30.302404        0.000000
CT3          4.847096       18.798288       63.256519      202.859856
Fitted Atomtypes 
               A        
CO1(0)        0.701868
               A        
OH(0)        1.141449
               A        
HT3(0)        1.173558
               A        
HO(0)        0.740401
               A        
CT3(0)        0.818304
Constrained Atomtypes 
  None
------------
Dispersion RMS Error: 1.41297e-04
Dispersion Weighted RMS Error: 1.41297e-04
Dispersion Weighted Absolute Error: -4.55136e-06
Dispersion Weighted Least-Squares Error: 1.07756e-05
--------------------------------------------
Total Energy:
------------
Total Energy RMS Error: 7.51594e-04
Total Energy Weighted RMS Error: 7.51594e-04
Total Energy Weighted Absolute Error: 2.72231e-05
Total Energy Weighted Least-Squares Error: 2.65392e-04
--------------------------------------------
#########################################################################


