########################## FF Fitting Summary ###########################
--------------------------------------------
Program Version: 1.1.0
Short-range Functional Form: born-mayer
Combination Rules: aij = geometric
                   bij = geometric_mean
Electrostatic Damping Type: None
Thole Param: 0.39
Fitting weight: eff_mu = 0.0 Ha
                eff_kt = 0.0167 Ha
Weighted RMSE cutoff: 0.0 Ha
Anisotropic Atomtypes: None
All parameters have been radially corrected to account for Slater overlap
This radial correction is approximate, and is only rigorous for the case where bi = bj.
------------
Exponents:
H2O(0)     1.564809
HN(0)      2.213238
OH2(0)     2.488426
N(0)       2.042178
------------
Monomer 1 Multipole File:
h2o_ISA-GRID_L0.mom
Monomer 2 Multipole File:
nh3_ISA-GRID_L0.mom
--------------------------------------------
Exchange Parameters:
    Functional Form = 
	E(exch)_ij = A*K2(rij)*(1 + a_yml*Y_ml)*exp(-bij*rij)
    where the a coefficient for each spherical harmonic term Y_ml
    is listed in the parameters below and 
	K2(rij) = 1/3*(bij*rij)**2 + bij*rij + 1 
Fitted Atomtypes 
  None
Constrained Atomtypes 
               A        
H2O(0)        0.093056
               A        
HN(0)        0.325609
               A        
OH2(0)        5.570999
               A        
N(0)         3.261484
------------
Exchange RMS Error: 1.61548e-03
Exchange Weighted RMS Error: 1.61548e-03
Exchange Weighted Absolute Error: -5.17714e-05
Exchange Weighted Least-Squares Error: 5.22833e-04
--------------------------------------------
Electrostatic Parameters:
    Functional Form = 
	E(elst)_ij = f_damp*qi*qj/rij - A*K2(rij)*(1 + a_yml*Y_ml)*exp(-bij*rij)
Fitted Atomtypes 
  None
Constrained Atomtypes 
               A        
H2O(0)        0.032756
               A        
HN(0)        0.104000
               A        
OH2(0)        3.741217
               A        
N(0)         2.274587
------------
Electrostatics RMS Error: 1.27659e-03
Electrostatics Weighted RMS Error: 1.27659e-03
Electrostatics Weighted Absolute Error: 1.23174e-04
Electrostatics Weighted Least-Squares Error: 9.24743e-04
--------------------------------------------
Drude oscillator energy has been calculated using the following method: multipole-gradient
Induction Parameters:
    Functional Form = 
	E(ind)_ij = shell_charge - A*K2(rij)*(1 + a_yml*Y_ml)*exp(-bij*rij)
Fitted Atomtypes 
  None
Constrained Atomtypes 
               A        
H2O(0)        0.000000
               A        
HN(0)        0.122002
               A        
OH2(0)        0.000000
               A        
N(0)         0.058494
------------
Induction RMS Error: 2.01339e-04
Induction Weighted RMS Error: 2.01339e-04
Induction Weighted Absolute Error: -1.84705e-05
Induction Weighted Least-Squares Error: 2.06969e-05
--------------------------------------------
DHF Parameters:
    Functional Form = 
	E(dhf)_ij = - A*K2(rij)*(1 + a_yml*Y_ml)*exp(-bij*rij)
Fitted Atomtypes 
  None
Constrained Atomtypes 
               A        
H2O(0)        0.023941
               A        
HN(0)        0.113226
               A        
OH2(0)        1.154064
               A        
N(0)         0.586544
------------
Dhf RMS Error: 1.43908e-04
Dhf Weighted RMS Error: 1.43908e-04
Dhf Weighted Absolute Error: -2.40797e-06
Dhf Weighted Least-Squares Error: 1.05615e-05
--------------------------------------------
Dispersion Parameters:
    Functional Form = 
	E(disp)_ij = sum_(n=6,8,10,12){A*fdamp_n*(Cij_n/r_ij^n)}
               C6              C8             C10             C12       
H2O          0.880629        1.744112       16.442916        0.000000
HN           1.306964        4.117935       31.050725        0.000000
OH2          5.035664       23.165974      110.758015      470.057253
N            4.878202       25.576829      142.574149      704.112767
Fitted Atomtypes 
  None
Constrained Atomtypes 
               A        
H2O(0)        1.000000
               A        
HN(0)        1.000000
               A        
OH2(0)        1.000000
               A        
N(0)         1.000000
------------
Dispersion RMS Error: 3.99531e-04
Dispersion Weighted RMS Error: 3.99531e-04
Dispersion Weighted Absolute Error: -9.65835e-06
Dispersion Weighted Least-Squares Error: 8.97060e-05
--------------------------------------------
Total Energy:
------------
Total Energy RMS Error: 1.38439e-03
Total Energy Weighted RMS Error: 1.38439e-03
Total Energy Weighted Absolute Error: 4.08654e-05
Total Energy Weighted Least-Squares Error: 8.03269e-04
--------------------------------------------
#########################################################################


