########################## FF Fitting Summary ###########################
--------------------------------------------
Program Version: 1.1.0
Short-range Functional Form: born-mayer
Combination Rules: aij = geometric
                   bij = geometric_mean
Electrostatic Damping Type: None
Thole Param: 0.39
Fitting weight: eff_mu = 0.0 Ha
                eff_kt = 0.0418 Ha
Weighted RMSE cutoff: 0.0 Ha
Anisotropic Atomtypes: None
All parameters have been radially corrected to account for Slater overlap
This radial correction is approximate, and is only rigorous for the case where bi = bj.
------------
Exponents (Optimized):
H2O(0)     1.850496
HN(0)      2.559407
OH2(0)     2.513359
N(0)       1.807185
------------
Monomer 1 Multipole File:
h2o_ISA-GRID_L2.mom
Monomer 2 Multipole File:
nh3_ISA-GRID_L2.mom
--------------------------------------------
Exchange Parameters:
    Functional Form = 
	E(exch)_ij = A*K2(rij)*(1 + a_yml*Y_ml)*exp(-bij*rij)
    where the a coefficient for each spherical harmonic term Y_ml
    is listed in the parameters below and 
	K2(rij) = 1/3*(bij*rij)**2 + bij*rij + 1 
Fitted Atomtypes 
               A        
H2O(0)        0.116898
               A        
HN(0)        0.784287
               A        
OH2(0)        3.505790
               A        
N(0)         3.235261
Constrained Atomtypes 
  None
------------
Exchange RMS Error: 1.56462e-03
Exchange Weighted RMS Error: 5.38204e-04
Exchange Weighted Absolute Error: -3.16626e-05
Exchange Weighted Least-Squares Error: 8.36433e-04
--------------------------------------------
Electrostatic Parameters:
    Functional Form = 
	E(elst)_ij = f_damp*qi*qj/rij - A*K2(rij)*(1 + a_yml*Y_ml)*exp(-bij*rij)
Fitted Atomtypes 
               A        
H2O(0)        0.040194
               A        
HN(0)        0.250414
               A        
OH2(0)        2.322188
               A        
N(0)         2.197282
Constrained Atomtypes 
  None
------------
Electrostatics RMS Error: 8.20321e-04
Electrostatics Weighted RMS Error: 2.71782e-04
Electrostatics Weighted Absolute Error: 3.84636e-05
Electrostatics Weighted Least-Squares Error: 3.69462e-04
--------------------------------------------
Drude oscillator energy has been calculated using the following method: multipole-gradient
Induction Parameters:
    Functional Form = 
	E(ind)_ij = shell_charge - A*K2(rij)*(1 + a_yml*Y_ml)*exp(-bij*rij)
Fitted Atomtypes 
               A        
H2O(0)        0.048416
               A        
HN(0)        0.354297
               A        
OH2(0)        0.000000
               A        
N(0)         0.078207
Constrained Atomtypes 
  None
------------
Induction RMS Error: 1.16927e-04
Induction Weighted RMS Error: 5.68779e-05
Induction Weighted Absolute Error: -2.44467e-05
Induction Weighted Least-Squares Error: 6.81264e-06
--------------------------------------------
DHF Parameters:
    Functional Form = 
	E(dhf)_ij = - A*K2(rij)*(1 + a_yml*Y_ml)*exp(-bij*rij)
Fitted Atomtypes 
               A        
H2O(0)        0.029435
               A        
HN(0)        0.258943
               A        
OH2(0)        0.652970
               A        
N(0)         0.769283
Constrained Atomtypes 
  None
------------
Dhf RMS Error: 1.20666e-04
Dhf Weighted RMS Error: 4.65272e-05
Dhf Weighted Absolute Error: -3.25725e-06
Dhf Weighted Least-Squares Error: 7.25637e-06
--------------------------------------------
Dispersion Parameters:
    Functional Form = 
	E(disp)_ij = sum_(n=6,8,10,12){A*fdamp_n*(Cij_n/r_ij^n)}
               C6              C8             C10             C12       
H2O          0.880629        1.744112       16.442916        0.000000
HN           1.306964        4.117935       31.050725        0.000000
OH2          5.035664       23.165974      110.758015      470.057253
N            4.878202       25.576829      142.574149      704.112767
Fitted Atomtypes 
               A        
H2O(0)        1.000000
               A        
HN(0)        1.000000
               A        
OH2(0)        1.000000
               A        
N(0)         1.000000
Constrained Atomtypes 
  None
------------
Dispersion RMS Error: 5.06184e-04
Dispersion Weighted RMS Error: 2.76697e-04
Dispersion Weighted Absolute Error: 3.83818e-05
Dispersion Weighted Least-Squares Error: 1.33340e-04
--------------------------------------------
Total Energy:
------------
Total Energy RMS Error: 8.00435e-04
Total Energy Weighted RMS Error: 3.62177e-04
Total Energy Weighted Absolute Error: 1.74788e-05
Total Energy Weighted Least-Squares Error: 2.87746e-04
--------------------------------------------
#########################################################################


