########################## FF Fitting Summary ###########################
--------------------------------------------
Program Version: 1.1.0
Short-range Functional Form: born-mayer
Combination Rules: aij = geometric
                   bij = geometric_mean
Electrostatic Damping Type: None
Thole Param: 0.39
Fitting weight: eff_mu = 0.0 Ha
                eff_kt = 0.0418 Ha
Weighted RMSE cutoff: 0.0 Ha
Anisotropic Atomtypes: None
All parameters have been radially corrected to account for Slater overlap
This radial correction is approximate, and is only rigorous for the case where bi = bj.
------------
Exponents (Optimized):
H2O(0)     1.850496
HN(0)      2.559407
OH2(0)     2.513359
N(0)       1.807185
------------
Monomer 1 Multipole File:
h2o_ISA-GRID_L0.mom
Monomer 2 Multipole File:
nh3_ISA-GRID_L0.mom
--------------------------------------------
Exchange Parameters:
    Functional Form = 
	E(exch)_ij = A*K2(rij)*(1 + a_yml*Y_ml)*exp(-bij*rij)
    where the a coefficient for each spherical harmonic term Y_ml
    is listed in the parameters below and 
	K2(rij) = 1/3*(bij*rij)**2 + bij*rij + 1 
Fitted Atomtypes 
               A        
H2O(0)        0.116898
               A        
HN(0)        0.784287
               A        
OH2(0)        3.505790
               A        
N(0)         3.235261
Constrained Atomtypes 
  None
------------
Exchange RMS Error: 1.56462e-03
Exchange Weighted RMS Error: 1.56462e-03
Exchange Weighted Absolute Error: -3.16626e-05
Exchange Weighted Least-Squares Error: 8.36433e-04
--------------------------------------------
Electrostatic Parameters:
    Functional Form = 
	E(elst)_ij = f_damp*qi*qj/rij - A*K2(rij)*(1 + a_yml*Y_ml)*exp(-bij*rij)
Fitted Atomtypes 
               A        
H2O(0)        0.023839
               A        
HN(0)        0.236474
               A        
OH2(0)        2.424645
               A        
N(0)         2.230815
Constrained Atomtypes 
  None
------------
Electrostatics RMS Error: 1.25969e-03
Electrostatics Weighted RMS Error: 1.25969e-03
Electrostatics Weighted Absolute Error: 1.02351e-04
Electrostatics Weighted Least-Squares Error: 8.32122e-04
--------------------------------------------
Drude oscillator energy has been calculated using the following method: multipole-gradient
Induction Parameters:
    Functional Form = 
	E(ind)_ij = shell_charge - A*K2(rij)*(1 + a_yml*Y_ml)*exp(-bij*rij)
Fitted Atomtypes 
               A        
H2O(0)        0.074891
               A        
HN(0)        0.169365
               A        
OH2(0)        0.000000
               A        
N(0)         0.000000
Constrained Atomtypes 
  None
------------
Induction RMS Error: 1.68014e-04
Induction Weighted RMS Error: 1.68014e-04
Induction Weighted Absolute Error: -5.31553e-06
Induction Weighted Least-Squares Error: 1.40602e-05
--------------------------------------------
DHF Parameters:
    Functional Form = 
	E(dhf)_ij = - A*K2(rij)*(1 + a_yml*Y_ml)*exp(-bij*rij)
Fitted Atomtypes 
               A        
H2O(0)        0.028802
               A        
HN(0)        0.257919
               A        
OH2(0)        0.656537
               A        
N(0)         0.773950
Constrained Atomtypes 
  None
------------
Dhf RMS Error: 1.28409e-04
Dhf Weighted RMS Error: 1.28409e-04
Dhf Weighted Absolute Error: -2.35989e-06
Dhf Weighted Least-Squares Error: 8.21900e-06
--------------------------------------------
Dispersion Parameters:
    Functional Form = 
	E(disp)_ij = sum_(n=6,8,10,12){A*fdamp_n*(Cij_n/r_ij^n)}
               C6              C8             C10             C12       
H2O          0.880629        1.744112       16.442916        0.000000
HN           1.306964        4.117935       31.050725        0.000000
OH2          5.035664       23.165974      110.758015      470.057253
N            4.878202       25.576829      142.574149      704.112767
Fitted Atomtypes 
               A        
H2O(0)        1.300000
               A        
HN(0)        0.700000
               A        
OH2(0)        0.893229
               A        
N(0)         1.300000
Constrained Atomtypes 
  None
Warning! Optimizer did not terminate successfully, but rather quit with the following error message:
ABNORMAL_TERMINATION_IN_LNSRCH
------------
Dispersion RMS Error: 2.59017e-04
Dispersion Weighted RMS Error: 2.59017e-04
Dispersion Weighted Absolute Error: -9.24712e-06
Dispersion Weighted Least-Squares Error: 3.49991e-05
--------------------------------------------
Total Energy:
------------
Total Energy RMS Error: 1.39440e-03
Total Energy Weighted RMS Error: 1.39440e-03
Total Energy Weighted Absolute Error: 5.37663e-05
Total Energy Weighted Least-Squares Error: 8.94977e-04
--------------------------------------------
#########################################################################


