########################## FF Fitting Summary ###########################
--------------------------------------------
Program Version: 1.1.0
Short-range Functional Form: born-mayer
Combination Rules: aij = geometric
                   bij = geometric_mean
Electrostatic Damping Type: None
Thole Param: 0.39
Fitting weight: eff_mu = 0.0 Ha
                eff_kt = 0.0273 Ha
Weighted RMSE cutoff: 0.0 Ha
Anisotropic Atomtypes: OC   O    
All parameters have been radially corrected to account for Slater overlap
This radial correction is approximate, and is only rigorous for the case where bi = bj.
------------
Exponents (Optimized):
HT7(0)     2.095668
CO(0)      2.228190
CT1(0)     1.900504
OC(0)      2.223923
O(0)       2.300140
C=O(0)     2.617401
HT1(0)     2.417440
------------
Monomer 1 Multipole File:
acetone_ISA-GRID_L2.mom
Monomer 2 Multipole File:
dimethyl_ether_ISA-GRID_L2.mom
--------------------------------------------
Exchange Parameters:
    Functional Form = 
	E(exch)_ij = A*K2(rij)*(1 + a_yml*Y_ml)*exp(-bij*rij)
    where the a coefficient for each spherical harmonic term Y_ml
    is listed in the parameters below and 
	K2(rij) = 1/3*(bij*rij)**2 + bij*rij + 1 
Fitted Atomtypes 
               A        
C=O(0)        2.997387
               A        
HT7(0)        0.610507
               A        
CO(0)        3.796538
               A        
CT1(0)        1.847085
               A        
HT1(0)        0.596488
               A             a_y10           a_y20           a_y22c     
OC(0)        2.375927       -0.293904       -0.248738        0.106629
               A             a_y10           a_y20           a_y22c     
O(0)         2.002123       -1.000000        0.297797       -1.000000
Constrained Atomtypes 
  None
------------
Exchange RMS Error: 6.30438e-04
Exchange Weighted RMS Error: 6.30438e-04
Exchange Weighted Absolute Error: 6.45330e-06
Exchange Weighted Least-Squares Error: 9.72118e-05
--------------------------------------------
Electrostatic Parameters:
    Functional Form = 
	E(elst)_ij = f_damp*qi*qj/rij - A*K2(rij)*(1 + a_yml*Y_ml)*exp(-bij*rij)
Fitted Atomtypes 
               A        
C=O(0)        1.716916
               A        
HT7(0)        0.269985
               A        
CO(0)        2.053062
               A        
CT1(0)        1.369003
               A        
HT1(0)        0.309441
               A             a_y10           a_y20           a_y22c     
OC(0)        1.666186       -0.371189       -0.370945        0.138620
               A             a_y10           a_y20           a_y22c     
O(0)         1.159488       -1.000000        0.281329       -1.000000
Constrained Atomtypes 
  None
------------
Electrostatics RMS Error: 2.69217e-04
Electrostatics Weighted RMS Error: 2.69217e-04
Electrostatics Weighted Absolute Error: 7.83564e-06
Electrostatics Weighted Least-Squares Error: 3.84534e-05
--------------------------------------------
Drude oscillator energy has been calculated using the following method: multipole-gradient
Induction Parameters:
    Functional Form = 
	E(ind)_ij = shell_charge - A*K2(rij)*(1 + a_yml*Y_ml)*exp(-bij*rij)
Fitted Atomtypes 
               A        
C=O(0)        1.130744
               A        
HT7(0)        0.119517
               A        
CO(0)        0.299049
               A        
CT1(0)        0.132769
               A        
HT1(0)        0.143281
               A             a_y10           a_y20           a_y22c     
OC(0)        0.000000        0.547554       -0.049683        0.081397
               A             a_y10           a_y20           a_y22c     
O(0)         0.600819        1.000000       -0.200239        0.654537
Constrained Atomtypes 
  None
------------
Induction RMS Error: 7.31350e-05
Induction Weighted RMS Error: 7.31350e-05
Induction Weighted Absolute Error: -5.79892e-07
Induction Weighted Least-Squares Error: 2.53395e-06
--------------------------------------------
DHF Parameters:
    Functional Form = 
	E(dhf)_ij = - A*K2(rij)*(1 + a_yml*Y_ml)*exp(-bij*rij)
Fitted Atomtypes 
               A        
C=O(0)        0.945087
               A        
HT7(0)        0.140872
               A        
CO(0)        0.000000
               A        
CT1(0)        0.077923
               A        
HT1(0)        0.355979
               A             a_y10           a_y20           a_y22c     
OC(0)        0.700106       -1.000000       -0.626470       -0.077115
               A             a_y10           a_y20           a_y22c     
O(0)         0.408920       -1.000000       -0.085306       -0.090970
Constrained Atomtypes 
  None
------------
Dhf RMS Error: 7.10790e-05
Dhf Weighted RMS Error: 7.10790e-05
Dhf Weighted Absolute Error: 5.39618e-06
Dhf Weighted Least-Squares Error: 2.41990e-06
--------------------------------------------
Dispersion Parameters:
    Functional Form = 
	E(disp)_ij = sum_(n=6,8,10,12){A*fdamp_n*(Cij_n/r_ij^n)}
               C6              C8             C10             C12       
HT7          1.498389        6.488268       33.240608        0.000000
CO           4.847096       18.798288       63.256519      202.859856
CT1          4.847096       18.798288       63.256519      202.859856
OC           4.783373       18.811595      100.656333      417.705964
O            3.497808       16.327053       81.333632      354.498305
C=O          3.661371       12.062782       78.048354      284.357981
HT1          1.498389        6.488268       33.240608        0.000000
Fitted Atomtypes 
               A        
C=O(0)        0.974866
               A        
HT7(0)        1.177935
               A        
CO(0)        0.799873
               A        
CT1(0)        1.186158
               A        
HT1(0)        0.912350
               A             a_y10           a_y20           a_y22c     
OC(0)        0.761269       -0.746184       -0.316752       -0.019121
               A             a_y10           a_y20           a_y22c     
O(0)         0.792750       -0.371820        0.159457       -0.271801
Constrained Atomtypes 
  None
------------
Dispersion RMS Error: 8.68010e-05
Dispersion Weighted RMS Error: 8.68010e-05
Dispersion Weighted Absolute Error: -1.15021e-06
Dispersion Weighted Least-Squares Error: 4.06651e-06
--------------------------------------------
Total Energy:
------------
Total Energy RMS Error: 4.58385e-04
Total Energy Weighted RMS Error: 4.58385e-04
Total Energy Weighted Absolute Error: 1.79550e-05
Total Energy Weighted Least-Squares Error: 8.25664e-05
--------------------------------------------
#########################################################################


