########################## FF Fitting Summary ###########################
--------------------------------------------
Program Version: 1.1.0
Short-range Functional Form: born-mayer
Combination Rules: aij = geometric
                   bij = geometric_mean
Electrostatic Damping Type: None
Thole Param: 0.39
Fitting weight: eff_mu = 0.0 Ha
                eff_kt = 0.0273 Ha
Weighted RMSE cutoff: 0.0 Ha
Anisotropic Atomtypes: None
All parameters have been radially corrected to account for Slater overlap
This radial correction is approximate, and is only rigorous for the case where bi = bj.
------------
Exponents (Optimized):
HT7(0)     2.062507
CO(0)      2.152153
CT1(0)     1.861111
OC(0)      2.281559
O(0)       2.319617
C=O(0)     2.505717
HT1(0)     2.427693
------------
Monomer 1 Multipole File:
acetone_ISA-GRID_L2.mom
Monomer 2 Multipole File:
dimethyl_ether_ISA-GRID_L2.mom
--------------------------------------------
Exchange Parameters:
    Functional Form = 
	E(exch)_ij = A*K2(rij)*(1 + a_yml*Y_ml)*exp(-bij*rij)
    where the a coefficient for each spherical harmonic term Y_ml
    is listed in the parameters below and 
	K2(rij) = 1/3*(bij*rij)**2 + bij*rij + 1 
Fitted Atomtypes 
               A        
HT7(0)        0.488375
               A        
CO(0)        2.437800
               A        
CT1(0)        2.031811
               A        
OC(0)        3.575303
               A        
O(0)         3.483545
               A        
C=O(0)        2.215104
               A        
HT1(0)        0.716451
Constrained Atomtypes 
  None
------------
Exchange RMS Error: 8.66177e-04
Exchange Weighted RMS Error: 8.66177e-04
Exchange Weighted Absolute Error: -7.99318e-06
Exchange Weighted Least-Squares Error: 1.78336e-04
--------------------------------------------
Electrostatic Parameters:
    Functional Form = 
	E(elst)_ij = f_damp*qi*qj/rij - A*K2(rij)*(1 + a_yml*Y_ml)*exp(-bij*rij)
Fitted Atomtypes 
               A        
HT7(0)        0.227656
               A        
CO(0)        1.309323
               A        
CT1(0)        1.420680
               A        
OC(0)        2.474831
               A        
O(0)         2.102919
               A        
C=O(0)        1.249073
               A        
HT1(0)        0.369704
Constrained Atomtypes 
  None
------------
Electrostatics RMS Error: 3.65619e-04
Electrostatics Weighted RMS Error: 3.65619e-04
Electrostatics Weighted Absolute Error: 1.57223e-05
Electrostatics Weighted Least-Squares Error: 7.27128e-05
--------------------------------------------
Drude oscillator energy has been calculated using the following method: multipole-gradient
Induction Parameters:
    Functional Form = 
	E(ind)_ij = shell_charge - A*K2(rij)*(1 + a_yml*Y_ml)*exp(-bij*rij)
Fitted Atomtypes 
               A        
HT7(0)        0.093454
               A        
CO(0)        0.382972
               A        
CT1(0)        0.124416
               A        
OC(0)        0.000000
               A        
O(0)         0.038395
               A        
C=O(0)        1.050402
               A        
HT1(0)        0.170296
Constrained Atomtypes 
  None
------------
Induction RMS Error: 7.59150e-05
Induction Weighted RMS Error: 7.59150e-05
Induction Weighted Absolute Error: 5.90797e-07
Induction Weighted Least-Squares Error: 2.73154e-06
--------------------------------------------
DHF Parameters:
    Functional Form = 
	E(dhf)_ij = - A*K2(rij)*(1 + a_yml*Y_ml)*exp(-bij*rij)
Fitted Atomtypes 
               A        
HT7(0)        0.104778
               A        
CO(0)        0.000000
               A        
CT1(0)        0.096673
               A        
OC(0)        1.454830
               A        
O(0)         0.542665
               A        
C=O(0)        0.497156
               A        
HT1(0)        0.450680
Constrained Atomtypes 
  None
------------
Dhf RMS Error: 8.96961e-05
Dhf Weighted RMS Error: 8.96961e-05
Dhf Weighted Absolute Error: 3.12719e-06
Dhf Weighted Least-Squares Error: 3.85526e-06
--------------------------------------------
Dispersion Parameters:
    Functional Form = 
	E(disp)_ij = sum_(n=6,8,10,12){A*fdamp_n*(Cij_n/r_ij^n)}
               C6              C8             C10             C12       
HT7          1.498389        6.488268       33.240608        0.000000
CO           4.847096       18.798288       63.256519      202.859856
CT1          4.847096       18.798288       63.256519      202.859856
OC           4.783373       18.811595      100.656333      417.705964
O            3.497808       16.327053       81.333632      354.498305
C=O          3.661371       12.062782       78.048354      284.357981
HT1          1.498389        6.488268       33.240608        0.000000
Fitted Atomtypes 
               A        
HT7(0)        1.190013
               A        
CO(0)        0.700000
               A        
CT1(0)        1.067964
               A        
OC(0)        1.112653
               A        
O(0)         1.086881
               A        
C=O(0)        0.700000
               A        
HT1(0)        0.983486
Constrained Atomtypes 
  None
------------
Dispersion RMS Error: 1.30278e-04
Dispersion Weighted RMS Error: 1.30278e-04
Dispersion Weighted Absolute Error: -5.89315e-06
Dispersion Weighted Least-Squares Error: 9.08312e-06
--------------------------------------------
Total Energy:
------------
Total Energy RMS Error: 5.36992e-04
Total Energy Weighted RMS Error: 5.36992e-04
Total Energy Weighted Absolute Error: 5.55401e-06
Total Energy Weighted Least-Squares Error: 1.13388e-04
--------------------------------------------
#########################################################################


########################## FF Fitting Summary ###########################
--------------------------------------------
Program Version: 1.1.0
Short-range Functional Form: born-mayer
Combination Rules: aij = geometric
                   bij = geometric_mean
Electrostatic Damping Type: None
Thole Param: 0.39
Fitting weight: eff_mu = 0.0 Ha
                eff_kt = 0.0273 Ha
Weighted RMSE cutoff: 0.0 Ha
Anisotropic Atomtypes: None
All parameters have been radially corrected to account for Slater overlap
This radial correction is approximate, and is only rigorous for the case where bi = bj.
------------
Exponents (Optimized):
HT7(0)     2.062507
CO(0)      2.152153
CT1(0)     1.861111
OC(0)      2.281559
O(0)       2.319617
C=O(0)     2.505717
HT1(0)     2.427693
------------
Monomer 1 Multipole File:
acetone_ISA-GRID_L2.mom
Monomer 2 Multipole File:
dimethyl_ether_ISA-GRID_L2.mom
--------------------------------------------
Exchange Parameters:
    Functional Form = 
	E(exch)_ij = A*K2(rij)*(1 + a_yml*Y_ml)*exp(-bij*rij)
    where the a coefficient for each spherical harmonic term Y_ml
    is listed in the parameters below and 
	K2(rij) = 1/3*(bij*rij)**2 + bij*rij + 1 
Fitted Atomtypes 
               A        
HT7(0)        0.488375
               A        
CO(0)        2.437800
               A        
CT1(0)        2.031811
               A        
OC(0)        3.575303
               A        
O(0)         3.483545
               A        
C=O(0)        2.215104
               A        
HT1(0)        0.716451
Constrained Atomtypes 
  None
------------
Exchange RMS Error: 8.66177e-04
Exchange Weighted RMS Error: 8.66177e-04
Exchange Weighted Absolute Error: -7.99318e-06
Exchange Weighted Least-Squares Error: 1.78336e-04
--------------------------------------------
Electrostatic Parameters:
    Functional Form = 
	E(elst)_ij = f_damp*qi*qj/rij - A*K2(rij)*(1 + a_yml*Y_ml)*exp(-bij*rij)
Fitted Atomtypes 
               A        
HT7(0)        0.227656
               A        
CO(0)        1.309323
               A        
CT1(0)        1.420680
               A        
OC(0)        2.474831
               A        
O(0)         2.102919
               A        
C=O(0)        1.249073
               A        
HT1(0)        0.369704
Constrained Atomtypes 
  None
------------
Electrostatics RMS Error: 3.65619e-04
Electrostatics Weighted RMS Error: 3.65619e-04
Electrostatics Weighted Absolute Error: 1.57223e-05
Electrostatics Weighted Least-Squares Error: 7.27128e-05
--------------------------------------------
Drude oscillator energy has been calculated using the following method: multipole-gradient
Induction Parameters:
    Functional Form = 
	E(ind)_ij = shell_charge - A*K2(rij)*(1 + a_yml*Y_ml)*exp(-bij*rij)
Fitted Atomtypes 
               A        
HT7(0)        0.093404
               A        
CO(0)        0.382766
               A        
CT1(0)        0.124483
               A        
OC(0)        0.000000
               A        
O(0)         0.038375
               A        
C=O(0)        1.050975
               A        
HT1(0)        0.170386
Constrained Atomtypes 
  None
------------
Induction RMS Error: 7.59147e-05
Induction Weighted RMS Error: 7.59147e-05
Induction Weighted Absolute Error: 5.90754e-07
Induction Weighted Least-Squares Error: 2.73152e-06
--------------------------------------------
DHF Parameters:
    Functional Form = 
	E(dhf)_ij = - A*K2(rij)*(1 + a_yml*Y_ml)*exp(-bij*rij)
Fitted Atomtypes 
               A        
HT7(0)        0.104783
               A        
CO(0)        0.000000
               A        
CT1(0)        0.096676
               A        
OC(0)        1.454760
               A        
O(0)         0.542690
               A        
C=O(0)        0.497236
               A        
HT1(0)        0.450655
Constrained Atomtypes 
  None
------------
Dhf RMS Error: 8.97013e-05
Dhf Weighted RMS Error: 8.97013e-05
Dhf Weighted Absolute Error: 3.12631e-06
Dhf Weighted Least-Squares Error: 3.85572e-06
--------------------------------------------
Dispersion Parameters:
    Functional Form = 
	E(disp)_ij = sum_(n=6,8,10,12){A*fdamp_n*(Cij_n/r_ij^n)}
               C6              C8             C10             C12       
HT7          1.498389        6.488268       33.240608        0.000000
CO           4.847096       18.798288       63.256519      202.859856
CT1          4.847096       18.798288       63.256519      202.859856
OC           4.783373       18.811595      100.656333      417.705964
O            3.497808       16.327053       81.333632      354.498305
C=O          3.661371       12.062782       78.048354      284.357981
HT1          1.498389        6.488268       33.240608        0.000000
Fitted Atomtypes 
               A        
HT7(0)        1.190013
               A        
CO(0)        0.700000
               A        
CT1(0)        1.067964
               A        
OC(0)        1.112653
               A        
O(0)         1.086881
               A        
C=O(0)        0.700000
               A        
HT1(0)        0.983486
Constrained Atomtypes 
  None
------------
Dispersion RMS Error: 1.30278e-04
Dispersion Weighted RMS Error: 1.30278e-04
Dispersion Weighted Absolute Error: -5.89315e-06
Dispersion Weighted Least-Squares Error: 9.08312e-06
--------------------------------------------
Total Energy:
------------
Total Energy RMS Error: 5.36992e-04
Total Energy Weighted RMS Error: 5.36992e-04
Total Energy Weighted Absolute Error: 5.55308e-06
Total Energy Weighted Least-Squares Error: 1.13388e-04
--------------------------------------------
#########################################################################


