########################## FF Fitting Summary ###########################
--------------------------------------------
Program Version: 1.1.0
Short-range Functional Form: born-mayer
Combination Rules: aij = geometric
                   bij = geometric_mean
Electrostatic Damping Type: None
Thole Param: 0.39
Fitting weight: eff_mu = 0.0 Ha
                eff_kt = 0.0109 Ha
Weighted RMSE cutoff: 0.0 Ha
Anisotropic Atomtypes: None
All parameters have been radially corrected to account for Slater overlap
This radial correction is approximate, and is only rigorous for the case where bi = bj.
------------
Exponents:
HT7(0)     2.236386
CO(0)      1.933594
CT1(0)     1.894503
OC(0)      2.191569
O(0)       2.319445
C=O(0)     2.594692
HT1(0)     2.251128
------------
Monomer 1 Multipole File:
acetone_ISA-GRID_L2.mom
Monomer 2 Multipole File:
dimethyl_ether_ISA-GRID_L2.mom
--------------------------------------------
Exchange Parameters:
    Functional Form = 
	E(exch)_ij = A*K2(rij)*(1 + a_yml*Y_ml)*exp(-bij*rij)
    where the a coefficient for each spherical harmonic term Y_ml
    is listed in the parameters below and 
	K2(rij) = 1/3*(bij*rij)**2 + bij*rij + 1 
Fitted Atomtypes 
  None
Constrained Atomtypes 
               A        
HT7(0)        0.636992
               A        
CO(0)        1.553522
               A        
CT1(0)        1.974741
               A        
OC(0)        3.009979
               A        
O(0)         3.388801
               A        
C=O(0)        3.327676
               A        
HT1(0)        0.583943
------------
Exchange RMS Error: 8.97833e-04
Exchange Weighted RMS Error: 8.97833e-04
Exchange Weighted Absolute Error: -9.51600e-06
Exchange Weighted Least-Squares Error: 7.93128e-05
--------------------------------------------
Electrostatic Parameters:
    Functional Form = 
	E(elst)_ij = f_damp*qi*qj/rij - A*K2(rij)*(1 + a_yml*Y_ml)*exp(-bij*rij)
Fitted Atomtypes 
  None
Constrained Atomtypes 
               A        
HT7(0)        0.316388
               A        
CO(0)        1.004880
               A        
CT1(0)        1.256873
               A        
OC(0)        1.885016
               A        
O(0)         2.270286
               A        
C=O(0)        1.698481
               A        
HT1(0)        0.273429
------------
Electrostatics RMS Error: 3.84568e-04
Electrostatics Weighted RMS Error: 3.84568e-04
Electrostatics Weighted Absolute Error: 1.72787e-05
Electrostatics Weighted Least-Squares Error: 9.52195e-05
--------------------------------------------
Drude oscillator energy has been calculated using the following method: multipole-gradient
Induction Parameters:
    Functional Form = 
	E(ind)_ij = shell_charge - A*K2(rij)*(1 + a_yml*Y_ml)*exp(-bij*rij)
Fitted Atomtypes 
  None
Constrained Atomtypes 
               A        
HT7(0)        0.129680
               A        
CO(0)        0.128563
               A        
CT1(0)        0.100633
               A        
OC(0)        0.029254
               A        
O(0)         0.000000
               A        
C=O(0)        2.012280
               A        
HT1(0)        0.138196
------------
Induction RMS Error: 8.43396e-05
Induction Weighted RMS Error: 8.43396e-05
Induction Weighted Absolute Error: 1.22895e-06
Induction Weighted Least-Squares Error: 3.49550e-06
--------------------------------------------
DHF Parameters:
    Functional Form = 
	E(dhf)_ij = - A*K2(rij)*(1 + a_yml*Y_ml)*exp(-bij*rij)
Fitted Atomtypes 
  None
Constrained Atomtypes 
               A        
HT7(0)        0.223485
               A        
CO(0)        0.000000
               A        
CT1(0)        0.051209
               A        
OC(0)        0.809209
               A        
O(0)         0.893572
               A        
C=O(0)        0.413886
               A        
HT1(0)        0.216422
------------
Dhf RMS Error: 9.24958e-05
Dhf Weighted RMS Error: 9.24958e-05
Dhf Weighted Absolute Error: 4.35559e-06
Dhf Weighted Least-Squares Error: 4.33587e-06
--------------------------------------------
Dispersion Parameters:
    Functional Form = 
	E(disp)_ij = sum_(n=6,8,10,12){A*fdamp_n*(Cij_n/r_ij^n)}
               C6              C8             C10             C12       
C=O          3.661371       12.062782       78.048354      284.357981
CO           4.847096       18.798288       63.256519      202.859856
CT1          4.847096       18.798288       63.256519      202.859856
OC           4.783373       18.811595      100.656333      417.705964
O            3.497808       16.327053       81.333632      354.498305
HT7          1.498389        6.488268       33.240608        0.000000
HT1          1.498389        6.488268       33.240608        0.000000
Fitted Atomtypes 
  None
Constrained Atomtypes 
               A        
HT7(0)        1.128395
               A        
CO(0)        0.763818
               A        
CT1(0)        0.881446
               A        
OC(0)        1.115496
               A        
O(0)         1.145073
               A        
C=O(0)        0.700000
               A        
HT1(0)        1.095684
------------
Dispersion RMS Error: 1.28757e-04
Dispersion Weighted RMS Error: 1.28757e-04
Dispersion Weighted Absolute Error: -6.52060e-06
Dispersion Weighted Least-Squares Error: 1.05039e-05
--------------------------------------------
Total Energy:
------------
Total Energy RMS Error: 5.60359e-04
Total Energy Weighted RMS Error: 5.60359e-04
Total Energy Weighted Absolute Error: 6.82665e-06
Total Energy Weighted Least-Squares Error: 9.48119e-05
--------------------------------------------
#########################################################################


