########################## FF Fitting Summary ###########################
--------------------------------------------
Program Version: 1.1.0
Short-range Functional Form: born-mayer
Combination Rules: aij = geometric
                   bij = geometric_mean
Electrostatic Damping Type: None
Thole Param: 0.39
Fitting weight: eff_mu = 0.0 Ha
                eff_kt = 0.0108 Ha
Weighted RMSE cutoff: 0.0 Ha
Anisotropic Atomtypes: None
All parameters have been radially corrected to account for Slater overlap
This radial correction is approximate, and is only rigorous for the case where bi = bj.
------------
Exponents:
O(0)       2.319445
HT7(0)     2.236386
CO(0)      1.933594
CCO2(0)    2.033668
OCO(0)     2.440921
------------
Monomer 1 Multipole File:
co2_ISA-GRID_L0.mom
Monomer 2 Multipole File:
dimethyl_ether_ISA-GRID_L0.mom
--------------------------------------------
Exchange Parameters:
    Functional Form = 
	E(exch)_ij = A*K2(rij)*(1 + a_yml*Y_ml)*exp(-bij*rij)
    where the a coefficient for each spherical harmonic term Y_ml
    is listed in the parameters below and 
	K2(rij) = 1/3*(bij*rij)**2 + bij*rij + 1 
Fitted Atomtypes 
  None
Constrained Atomtypes 
               A        
HT7(0)        0.636992
               A        
O(0)         3.388801
               A        
CO(0)        1.553522
               A        
CCO2(0)        1.413701
               A        
OCO(0)        4.285230
------------
Exchange RMS Error: 7.90940e-04
Exchange Weighted RMS Error: 7.90940e-04
Exchange Weighted Absolute Error: 8.87834e-06
Exchange Weighted Least-Squares Error: 9.03109e-05
--------------------------------------------
Electrostatic Parameters:
    Functional Form = 
	E(elst)_ij = f_damp*qi*qj/rij - A*K2(rij)*(1 + a_yml*Y_ml)*exp(-bij*rij)
Fitted Atomtypes 
  None
Constrained Atomtypes 
               A        
HT7(0)        0.334068
               A        
O(0)         2.160338
               A        
CO(0)        0.955147
               A        
CCO2(0)        0.812120
               A        
OCO(0)        2.409721
------------
Electrostatics RMS Error: 4.57904e-04
Electrostatics Weighted RMS Error: 4.57904e-04
Electrostatics Weighted Absolute Error: 5.96338e-06
Electrostatics Weighted Least-Squares Error: 1.35977e-04
--------------------------------------------
Drude oscillator energy has been calculated using the following method: multipole-gradient
Induction Parameters:
    Functional Form = 
	E(ind)_ij = shell_charge - A*K2(rij)*(1 + a_yml*Y_ml)*exp(-bij*rij)
Fitted Atomtypes 
  None
Constrained Atomtypes 
               A        
HT7(0)        0.148413
               A        
O(0)         0.360547
               A        
CO(0)        0.010183
               A        
CCO2(0)        0.521208
               A        
OCO(0)        0.190615
------------
Induction RMS Error: 9.29515e-05
Induction Weighted RMS Error: 9.29515e-05
Induction Weighted Absolute Error: 4.86500e-06
Induction Weighted Least-Squares Error: 4.34780e-06
--------------------------------------------
DHF Parameters:
    Functional Form = 
	E(dhf)_ij = - A*K2(rij)*(1 + a_yml*Y_ml)*exp(-bij*rij)
Fitted Atomtypes 
  None
Constrained Atomtypes 
               A        
HT7(0)        0.223783
               A        
O(0)         0.894826
               A        
CO(0)        0.000000
               A        
CCO2(0)        0.085000
               A        
OCO(0)        1.009738
------------
Dhf RMS Error: 9.38969e-05
Dhf Weighted RMS Error: 9.38969e-05
Dhf Weighted Absolute Error: 8.30199e-06
Dhf Weighted Least-Squares Error: 4.56449e-06
--------------------------------------------
Dispersion Parameters:
    Functional Form = 
	E(disp)_ij = sum_(n=6,8,10,12){A*fdamp_n*(Cij_n/r_ij^n)}
               C6              C8             C10             C12       
HT7          1.498389        6.488268       33.240608        0.000000
OCO          4.067865       17.049989       83.654105      339.409882
CO           4.847096       18.798288       63.256519      202.859856
CCO2         4.678946       20.766690       84.950595      399.352721
O            3.497808       16.327053       81.333632      354.498305
Fitted Atomtypes 
  None
Constrained Atomtypes 
               A        
HT7(0)        1.000000
               A        
O(0)         1.000000
               A        
CO(0)        1.000000
               A        
CCO2(0)        1.000000
               A        
OCO(0)        1.000000
------------
Dispersion RMS Error: 2.94442e-04
Dispersion Weighted RMS Error: 2.94442e-04
Dispersion Weighted Absolute Error: 6.65287e-05
Dispersion Weighted Least-Squares Error: 5.68055e-05
--------------------------------------------
Total Energy:
------------
Total Energy RMS Error: 6.59833e-04
Total Energy Weighted RMS Error: 6.59833e-04
Total Energy Weighted Absolute Error: 9.45374e-05
Total Energy Weighted Least-Squares Error: 1.64416e-04
--------------------------------------------
#########################################################################


