########################## FF Fitting Summary ###########################
--------------------------------------------
Program Version: 1.1.0
Short-range Functional Form: born-mayer
Combination Rules: aij = geometric
                   bij = geometric_mean
Electrostatic Damping Type: None
Thole Param: 0.39
Fitting weight: eff_mu = 0.0 Ha
                eff_kt = 0.027 Ha
Weighted RMSE cutoff: 0.0 Ha
Anisotropic Atomtypes: None
All parameters have been radially corrected to account for Slater overlap
This radial correction is approximate, and is only rigorous for the case where bi = bj.
------------
Exponents (Optimized):
O(0)       2.355125
HT7(0)     1.963276
CO(0)      2.085546
CCO2(0)    2.015633
OCO(0)     2.566176
------------
Monomer 1 Multipole File:
co2_ISA-GRID_L0.mom
Monomer 2 Multipole File:
dimethyl_ether_ISA-GRID_L0.mom
--------------------------------------------
Exchange Parameters:
    Functional Form = 
	E(exch)_ij = A*K2(rij)*(1 + a_yml*Y_ml)*exp(-bij*rij)
    where the a coefficient for each spherical harmonic term Y_ml
    is listed in the parameters below and 
	K2(rij) = 1/3*(bij*rij)**2 + bij*rij + 1 
Fitted Atomtypes 
               A        
HT7(0)        0.428366
               A        
O(0)         4.471902
               A        
CO(0)        2.279471
               A        
CCO2(0)        1.332613
               A        
OCO(0)        4.611968
Constrained Atomtypes 
  None
------------
Exchange RMS Error: 7.27750e-04
Exchange Weighted RMS Error: 7.27750e-04
Exchange Weighted Absolute Error: -2.27290e-05
Exchange Weighted Least-Squares Error: 1.58339e-04
--------------------------------------------
Electrostatic Parameters:
    Functional Form = 
	E(elst)_ij = f_damp*qi*qj/rij - A*K2(rij)*(1 + a_yml*Y_ml)*exp(-bij*rij)
Fitted Atomtypes 
               A        
HT7(0)        0.252800
               A        
O(0)         2.977046
               A        
CO(0)        1.153953
               A        
CCO2(0)        0.748245
               A        
OCO(0)        2.518541
Constrained Atomtypes 
  None
------------
Electrostatics RMS Error: 4.39314e-04
Electrostatics Weighted RMS Error: 4.39314e-04
Electrostatics Weighted Absolute Error: 1.97448e-05
Electrostatics Weighted Least-Squares Error: 1.06945e-04
--------------------------------------------
Drude oscillator energy has been calculated using the following method: multipole-gradient
Induction Parameters:
    Functional Form = 
	E(ind)_ij = shell_charge - A*K2(rij)*(1 + a_yml*Y_ml)*exp(-bij*rij)
Fitted Atomtypes 
               A        
HT7(0)        0.047773
               A        
O(0)         0.701123
               A        
CO(0)        0.369728
               A        
CCO2(0)        0.543208
               A        
OCO(0)        0.000000
Constrained Atomtypes 
  None
------------
Induction RMS Error: 5.95445e-05
Induction Weighted RMS Error: 5.95445e-05
Induction Weighted Absolute Error: 4.23934e-06
Induction Weighted Least-Squares Error: 1.75266e-06
--------------------------------------------
DHF Parameters:
    Functional Form = 
	E(dhf)_ij = - A*K2(rij)*(1 + a_yml*Y_ml)*exp(-bij*rij)
Fitted Atomtypes 
               A        
HT7(0)        0.149536
               A        
O(0)         1.251602
               A        
CO(0)        0.146689
               A        
CCO2(0)        0.000000
               A        
OCO(0)        0.972731
Constrained Atomtypes 
  None
------------
Dhf RMS Error: 6.67035e-05
Dhf Weighted RMS Error: 6.67035e-05
Dhf Weighted Absolute Error: 2.61156e-06
Dhf Weighted Least-Squares Error: 2.21841e-06
--------------------------------------------
Dispersion Parameters:
    Functional Form = 
	E(disp)_ij = sum_(n=6,8,10,12){A*fdamp_n*(Cij_n/r_ij^n)}
               C6              C8             C10             C12       
O            3.497808       16.327053       81.333632      354.498305
HT7          1.498389        6.488268       33.240608        0.000000
CO           4.847096       18.798288       63.256519      202.859856
CCO2         4.678946       20.766690       84.950595      399.352721
OCO          4.067865       17.049989       83.654105      339.409882
Fitted Atomtypes 
               A        
HT7(0)        1.300000
               A        
O(0)         1.135192
               A        
CO(0)        0.700000
               A        
CCO2(0)        0.716559
               A        
OCO(0)        0.980720
Constrained Atomtypes 
  None
------------
Dispersion RMS Error: 9.67608e-05
Dispersion Weighted RMS Error: 9.67608e-05
Dispersion Weighted Absolute Error: -1.29931e-05
Dispersion Weighted Least-Squares Error: 5.07080e-06
--------------------------------------------
Total Energy:
------------
Total Energy RMS Error: 5.08261e-04
Total Energy Weighted RMS Error: 5.08261e-04
Total Energy Weighted Absolute Error: -9.12646e-06
Total Energy Weighted Least-Squares Error: 1.15717e-04
--------------------------------------------
#########################################################################


