########################## FF Fitting Summary ###########################
--------------------------------------------
Program Version: 1.1.0
Short-range Functional Form: born-mayer
Combination Rules: aij = geometric
                   bij = geometric_mean
Electrostatic Damping Type: None
Thole Param: 0.39
Fitting weight: eff_mu = 0.0 Ha
                eff_kt = 0.0108 Ha
Weighted RMSE cutoff: 0.0 Ha
Anisotropic Atomtypes: None
All parameters have been radially corrected to account for Slater overlap
This radial correction is approximate, and is only rigorous for the case where bi = bj.
------------
Exponents:
O(0)       2.319445
HT7(0)     2.236386
CO(0)      1.933594
CCO2(0)    2.033668
OCO(0)     2.440921
------------
Monomer 1 Multipole File:
co2_ISA-GRID_L2.mom
Monomer 2 Multipole File:
dimethyl_ether_ISA-GRID_L2.mom
--------------------------------------------
Exchange Parameters:
    Functional Form = 
	E(exch)_ij = A*K2(rij)*(1 + a_yml*Y_ml)*exp(-bij*rij)
    where the a coefficient for each spherical harmonic term Y_ml
    is listed in the parameters below and 
	K2(rij) = 1/3*(bij*rij)**2 + bij*rij + 1 
Fitted Atomtypes 
  None
Constrained Atomtypes 
               A        
HT7(0)        0.636992
               A        
O(0)         3.388801
               A        
CO(0)        1.553522
               A        
CCO2(0)        1.413701
               A        
OCO(0)        4.285230
------------
Exchange RMS Error: 7.90940e-04
Exchange Weighted RMS Error: 7.90940e-04
Exchange Weighted Absolute Error: 8.87834e-06
Exchange Weighted Least-Squares Error: 9.03109e-05
--------------------------------------------
Electrostatic Parameters:
    Functional Form = 
	E(elst)_ij = f_damp*qi*qj/rij - A*K2(rij)*(1 + a_yml*Y_ml)*exp(-bij*rij)
Fitted Atomtypes 
  None
Constrained Atomtypes 
               A        
HT7(0)        0.316388
               A        
O(0)         2.270286
               A        
CO(0)        1.004880
               A        
CCO2(0)        0.772448
               A        
OCO(0)        2.434611
------------
Electrostatics RMS Error: 3.55439e-04
Electrostatics Weighted RMS Error: 3.55439e-04
Electrostatics Weighted Absolute Error: 4.35420e-06
Electrostatics Weighted Least-Squares Error: 8.25500e-05
--------------------------------------------
Drude oscillator energy has been calculated using the following method: multipole-gradient
Induction Parameters:
    Functional Form = 
	E(ind)_ij = shell_charge - A*K2(rij)*(1 + a_yml*Y_ml)*exp(-bij*rij)
Fitted Atomtypes 
  None
Constrained Atomtypes 
               A        
HT7(0)        0.129680
               A        
O(0)         0.000000
               A        
CO(0)        0.128563
               A        
CCO2(0)        0.558185
               A        
OCO(0)        0.328410
------------
Induction RMS Error: 8.93433e-05
Induction Weighted RMS Error: 8.93433e-05
Induction Weighted Absolute Error: -4.91195e-06
Induction Weighted Least-Squares Error: 4.08093e-06
--------------------------------------------
DHF Parameters:
    Functional Form = 
	E(dhf)_ij = - A*K2(rij)*(1 + a_yml*Y_ml)*exp(-bij*rij)
Fitted Atomtypes 
  None
Constrained Atomtypes 
               A        
HT7(0)        0.223485
               A        
O(0)         0.893572
               A        
CO(0)        0.000000
               A        
CCO2(0)        0.086496
               A        
OCO(0)        1.010704
------------
Dhf RMS Error: 9.19110e-05
Dhf Weighted RMS Error: 9.19110e-05
Dhf Weighted Absolute Error: 8.21747e-06
Dhf Weighted Least-Squares Error: 4.36770e-06
--------------------------------------------
Dispersion Parameters:
    Functional Form = 
	E(disp)_ij = sum_(n=6,8,10,12){A*fdamp_n*(Cij_n/r_ij^n)}
               C6              C8             C10             C12       
HT7          1.498389        6.488268       33.240608        0.000000
OCO          4.067865       17.049989       83.654105      339.409882
CO           4.847096       18.798288       63.256519      202.859856
CCO2         4.678946       20.766690       84.950595      399.352721
O            3.497808       16.327053       81.333632      354.498305
Fitted Atomtypes 
  None
Constrained Atomtypes 
               A        
HT7(0)        1.128395
               A        
O(0)         1.145073
               A        
CO(0)        0.763818
               A        
CCO2(0)        0.704870
               A        
OCO(0)        1.028010
------------
Dispersion RMS Error: 1.02516e-04
Dispersion Weighted RMS Error: 1.02516e-04
Dispersion Weighted Absolute Error: -2.36372e-05
Dispersion Weighted Least-Squares Error: 6.49873e-06
--------------------------------------------
Total Energy:
------------
Total Energy RMS Error: 4.53498e-04
Total Energy Weighted RMS Error: 4.53498e-04
Total Energy Weighted Absolute Error: -7.09914e-06
Total Energy Weighted Least-Squares Error: 7.55194e-05
--------------------------------------------
#########################################################################


