########################## FF Fitting Summary ###########################
--------------------------------------------
Program Version: 1.1.0
Short-range Functional Form: born-mayer
Combination Rules: aij = geometric
                   bij = geometric_mean
Electrostatic Damping Type: None
Thole Param: 0.39
Fitting weight: eff_mu = 0.0 Ha
                eff_kt = 0.0054 Ha
Weighted RMSE cutoff: 0.0 Ha
Anisotropic Atomtypes: None
All parameters have been radially corrected to account for Slater overlap
This radial correction is approximate, and is only rigorous for the case where bi = bj.
------------
Exponents (Optimized):
HT6(0)     2.551476
CCl(0)     2.234624
Ar(0)      1.995840
Cl(0)      2.076945
------------
Monomer 1 Multipole File:
ar_ISA-GRID_L0.mom
Monomer 2 Multipole File:
chloromethane_ISA-GRID_L0.mom
--------------------------------------------
Exchange Parameters:
    Functional Form = 
	E(exch)_ij = A*K2(rij)*(1 + a_yml*Y_ml)*exp(-bij*rij)
    where the a coefficient for each spherical harmonic term Y_ml
    is listed in the parameters below and 
	K2(rij) = 1/3*(bij*rij)**2 + bij*rij + 1 
Fitted Atomtypes 
               A        
HT6(0)        0.732368
               A        
Ar(0)        5.423634
               A        
CCl(0)        2.837678
               A        
Cl(0)        4.662257
Constrained Atomtypes 
  None
------------
Exchange RMS Error: 1.02811e-03
Exchange Weighted RMS Error: 1.02811e-03
Exchange Weighted Absolute Error: -1.87502e-05
Exchange Weighted Least-Squares Error: 4.15898e-05
--------------------------------------------
Electrostatic Parameters:
    Functional Form = 
	E(elst)_ij = f_damp*qi*qj/rij - A*K2(rij)*(1 + a_yml*Y_ml)*exp(-bij*rij)
Fitted Atomtypes 
               A        
HT6(0)        0.275583
               A        
Ar(0)        3.375875
               A        
CCl(0)        1.781987
               A        
Cl(0)        3.027356
Constrained Atomtypes 
  None
------------
Electrostatics RMS Error: 4.64604e-04
Electrostatics Weighted RMS Error: 4.64604e-04
Electrostatics Weighted Absolute Error: 2.90598e-05
Electrostatics Weighted Least-Squares Error: 1.71152e-04
--------------------------------------------
Drude oscillator energy has been calculated using the following method: multipole-gradient
Induction Parameters:
    Functional Form = 
	E(ind)_ij = shell_charge - A*K2(rij)*(1 + a_yml*Y_ml)*exp(-bij*rij)
Fitted Atomtypes 
               A        
HT6(0)        0.233107
               A        
Ar(0)        0.480970
               A        
CCl(0)        0.807854
               A        
Cl(0)        1.518054
Constrained Atomtypes 
  None
------------
Induction RMS Error: 1.09782e-04
Induction Weighted RMS Error: 1.09782e-04
Induction Weighted Absolute Error: 2.15443e-05
Induction Weighted Least-Squares Error: 6.49441e-06
--------------------------------------------
DHF Parameters:
    Functional Form = 
	E(dhf)_ij = - A*K2(rij)*(1 + a_yml*Y_ml)*exp(-bij*rij)
Fitted Atomtypes 
               A        
HT6(0)        0.617076
               A        
Ar(0)        0.517167
               A        
CCl(0)        0.000000
               A        
Cl(0)        1.981077
Constrained Atomtypes 
  None
------------
Dhf RMS Error: 7.91059e-05
Dhf Weighted RMS Error: 7.91059e-05
Dhf Weighted Absolute Error: -4.48889e-06
Dhf Weighted Least-Squares Error: 3.39578e-06
--------------------------------------------
Dispersion Parameters:
    Functional Form = 
	E(disp)_ij = sum_(n=6,8,10,12){A*fdamp_n*(Cij_n/r_ij^n)}
               C6              C8             C10             C12       
HT6          1.498389        6.488268       33.240608        0.000000
CCl          4.847096       18.798288       63.256519      202.859856
Ar           8.426582       39.451011      194.132705      842.434187
Cl           9.656104       40.197680      256.351184     1144.914599
Fitted Atomtypes 
               A        
HT6(0)        1.000000
               A        
Ar(0)        1.000000
               A        
CCl(0)        1.000000
               A        
Cl(0)        1.000000
Constrained Atomtypes 
  None
------------
Dispersion RMS Error: 4.55166e-04
Dispersion Weighted RMS Error: 4.55166e-04
Dispersion Weighted Absolute Error: -8.25047e-05
Dispersion Weighted Least-Squares Error: 1.55453e-04
--------------------------------------------
Total Energy:
------------
Total Energy RMS Error: 4.64999e-04
Total Energy Weighted RMS Error: 4.64999e-04
Total Energy Weighted Absolute Error: -5.51398e-05
Total Energy Weighted Least-Squares Error: 6.21331e-05
--------------------------------------------
#########################################################################


