########################## FF Fitting Summary ###########################
--------------------------------------------
Program Version: 1.1.0
Short-range Functional Form: born-mayer
Combination Rules: aij = geometric
                   bij = geometric_mean
Electrostatic Damping Type: None
Thole Param: 0.39
Fitting weight: eff_mu = 0.0 Ha
                eff_kt = 0.0021 Ha
Weighted RMSE cutoff: 0.0 Ha
Anisotropic Atomtypes: None
All parameters have been radially corrected to account for Slater overlap
This radial correction is approximate, and is only rigorous for the case where bi = bj.
------------
Exponents:
HT6(0)     2.509578
CCl(0)     1.699659
Ar(0)      2.220941
Cl(0)      2.030667
------------
Monomer 1 Multipole File:
ar_ISA-GRID_L2.mom
Monomer 2 Multipole File:
chloromethane_ISA-GRID_L2.mom
--------------------------------------------
Exchange Parameters:
    Functional Form = 
	E(exch)_ij = A*K2(rij)*(1 + a_yml*Y_ml)*exp(-bij*rij)
    where the a coefficient for each spherical harmonic term Y_ml
    is listed in the parameters below and 
	K2(rij) = 1/3*(bij*rij)**2 + bij*rij + 1 
Fitted Atomtypes 
  None
Constrained Atomtypes 
               A        
HT6(0)        0.774793
               A        
Ar(0)        6.842610
               A        
CCl(0)        1.299334
               A        
Cl(0)        5.548311
------------
Exchange RMS Error: 9.74871e-04
Exchange Weighted RMS Error: 2.23454e-04
Exchange Weighted Absolute Error: 1.05114e-05
Exchange Weighted Least-Squares Error: 1.07749e-05
--------------------------------------------
Electrostatic Parameters:
    Functional Form = 
	E(elst)_ij = f_damp*qi*qj/rij - A*K2(rij)*(1 + a_yml*Y_ml)*exp(-bij*rij)
Fitted Atomtypes 
  None
Constrained Atomtypes 
               A        
HT6(0)        0.286536
               A        
Ar(0)        3.951206
               A        
CCl(0)        0.923968
               A        
Cl(0)        3.645571
------------
Electrostatics RMS Error: 4.69906e-04
Electrostatics Weighted RMS Error: 1.06981e-04
Electrostatics Weighted Absolute Error: 1.16485e-05
Electrostatics Weighted Least-Squares Error: 2.07487e-04
--------------------------------------------
Drude oscillator energy has been calculated using the following method: multipole-gradient
Induction Parameters:
    Functional Form = 
	E(ind)_ij = shell_charge - A*K2(rij)*(1 + a_yml*Y_ml)*exp(-bij*rij)
Fitted Atomtypes 
  None
Constrained Atomtypes 
               A        
HT6(0)        0.152560
               A        
Ar(0)        0.890557
               A        
CCl(0)        0.098896
               A        
Cl(0)        1.369564
------------
Induction RMS Error: 9.92136e-05
Induction Weighted RMS Error: 3.00053e-05
Induction Weighted Absolute Error: 1.33648e-05
Induction Weighted Least-Squares Error: 5.84789e-06
--------------------------------------------
DHF Parameters:
    Functional Form = 
	E(dhf)_ij = - A*K2(rij)*(1 + a_yml*Y_ml)*exp(-bij*rij)
Fitted Atomtypes 
  None
Constrained Atomtypes 
               A        
HT6(0)        0.377767
               A        
Ar(0)        1.374643
               A        
CCl(0)        0.000000
               A        
Cl(0)        1.025206
------------
Dhf RMS Error: 8.99739e-05
Dhf Weighted RMS Error: 2.10949e-05
Dhf Weighted Absolute Error: -9.08546e-06
Dhf Weighted Least-Squares Error: 4.88629e-06
--------------------------------------------
Dispersion Parameters:
    Functional Form = 
	E(disp)_ij = sum_(n=6,8,10,12){A*fdamp_n*(Cij_n/r_ij^n)}
               C6              C8             C10             C12       
HT6          1.498389        6.488268       33.240608        0.000000
Ar           8.426582       39.451011      194.132705      842.434187
Cl           9.656104       40.197680      256.351184     1144.914599
CCl          4.847096       18.798288       63.256519      202.859856
Fitted Atomtypes 
  None
Constrained Atomtypes 
               A        
HT6(0)        1.000000
               A        
Ar(0)        1.000000
               A        
CCl(0)        1.000000
               A        
Cl(0)        1.000000
------------
Dispersion RMS Error: 3.25208e-04
Dispersion Weighted RMS Error: 1.34587e-04
Dispersion Weighted Absolute Error: -6.67953e-05
Dispersion Weighted Least-Squares Error: 9.47591e-05
--------------------------------------------
Total Energy:
------------
Total Energy RMS Error: 4.73179e-04
Total Energy Weighted RMS Error: 1.20468e-04
Total Energy Weighted Absolute Error: -4.03562e-05
Total Energy Weighted Least-Squares Error: 3.01279e-05
--------------------------------------------
#########################################################################


