########################## FF Fitting Summary ###########################
--------------------------------------------
Program Version: 1.1.0
Short-range Functional Form: born-mayer
Combination Rules: aij = geometric
                   bij = geometric_mean
Electrostatic Damping Type: None
Thole Param: 0.39
Fitting weight: eff_mu = 0.0 Ha
                eff_kt = 0.0144 Ha
Weighted RMSE cutoff: 0.0 Ha
Anisotropic Atomtypes: H2O  OH1  OH2  HO1  
All parameters have been radially corrected to account for Slater overlap
This radial correction is approximate, and is only rigorous for the case where bi = bj.
------------
Exponents:
CO2(0)     1.934374
H2O(0)     2.333626
HO1(0)     2.357647
OH1(0)     2.288306
OH2(0)     2.182379
HT8(0)     2.366434
------------
Monomer 1 Multipole File:
h2o_ISA-GRID_L2.mom
Monomer 2 Multipole File:
methanol_ISA-GRID_L2.mom
--------------------------------------------
Exchange Parameters:
    Functional Form = 
	E(exch)_ij = A*K2(rij)*(1 + a_yml*Y_ml)*exp(-bij*rij)
    where the a coefficient for each spherical harmonic term Y_ml
    is listed in the parameters below and 
	K2(rij) = 1/3*(bij*rij)**2 + bij*rij + 1 
Fitted Atomtypes 
  None
Constrained Atomtypes 
               A        
CO2(0)        1.725992
               A             a_y10           a_y20      
H2O(0)        0.491262        0.370677        0.035472
               A             a_y10           a_y20      
HO1(0)        0.551732       -0.011876       -0.296572
               A             a_y10           a_y20           a_y22c     
OH1(0)        2.206147       -0.791455       -0.105146       -0.699677
               A             a_y10           a_y20           a_y22c     
OH2(0)        2.882381        0.033497        0.056739       -0.318193
               A        
HT8(0)        0.737563
------------
Exchange RMS Error: 5.02378e-04
Exchange Weighted RMS Error: 5.02378e-04
Exchange Weighted Absolute Error: -1.72493e-05
Exchange Weighted Least-Squares Error: 4.82150e-05
--------------------------------------------
Electrostatic Parameters:
    Functional Form = 
	E(elst)_ij = f_damp*qi*qj/rij - A*K2(rij)*(1 + a_yml*Y_ml)*exp(-bij*rij)
Fitted Atomtypes 
  None
Constrained Atomtypes 
               A        
CO2(0)        1.018840
               A             a_y10           a_y20      
H2O(0)        0.135525        0.565190        0.216843
               A             a_y10           a_y20      
HO1(0)        0.290235        0.328802       -0.172728
               A             a_y10           a_y20           a_y22c     
OH1(0)        1.521880       -0.626924       -0.099185       -0.682325
               A             a_y10           a_y20           a_y22c     
OH2(0)        2.071946        0.176707        0.062821       -0.299709
               A        
HT8(0)        0.379974
------------
Electrostatics RMS Error: 2.35686e-04
Electrostatics Weighted RMS Error: 2.35686e-04
Electrostatics Weighted Absolute Error: 6.38690e-06
Electrostatics Weighted Least-Squares Error: 3.42568e-05
--------------------------------------------
Drude oscillator energy has been calculated using the following method: multipole-gradient
Induction Parameters:
    Functional Form = 
	E(ind)_ij = shell_charge - A*K2(rij)*(1 + a_yml*Y_ml)*exp(-bij*rij)
Fitted Atomtypes 
  None
Constrained Atomtypes 
               A        
CO2(0)        0.213812
               A             a_y10           a_y20      
H2O(0)        0.165670       -0.068043       -0.314646
               A             a_y10           a_y20      
HO1(0)        0.080170       -1.000000        1.000000
               A             a_y10           a_y20           a_y22c     
OH1(0)        0.377586        1.000000       -0.029896        0.768942
               A             a_y10           a_y20           a_y22c     
OH2(0)        0.000000        0.179147        0.041294        0.161168
               A        
HT8(0)        0.120205
------------
Induction RMS Error: 1.26276e-04
Induction Weighted RMS Error: 1.26276e-04
Induction Weighted Absolute Error: -1.78756e-05
Induction Weighted Least-Squares Error: 8.14924e-06
--------------------------------------------
DHF Parameters:
    Functional Form = 
	E(dhf)_ij = - A*K2(rij)*(1 + a_yml*Y_ml)*exp(-bij*rij)
Fitted Atomtypes 
  None
Constrained Atomtypes 
               A        
CO2(0)        0.020855
               A             a_y10           a_y20      
H2O(0)        0.084216       -1.000000       -0.113013
               A             a_y10           a_y20      
HO1(0)        0.105048       -0.500952        0.336282
               A             a_y10           a_y20           a_y22c     
OH1(0)        0.547807       -1.000000       -0.322900       -0.444537
               A             a_y10           a_y20           a_y22c     
OH2(0)        0.576831       -0.272857        0.004246       -0.351942
               A        
HT8(0)        0.269481
------------
Dhf RMS Error: 6.04117e-05
Dhf Weighted RMS Error: 6.04117e-05
Dhf Weighted Absolute Error: 7.80775e-06
Dhf Weighted Least-Squares Error: 1.87481e-06
--------------------------------------------
Dispersion Parameters:
    Functional Form = 
	E(disp)_ij = sum_(n=6,8,10,12){A*fdamp_n*(Cij_n/r_ij^n)}
               C6              C8             C10             C12       
CO2          4.847096       18.798288       63.256519      202.859856
H2O          0.880629        1.744112       16.442916        0.000000
HO1          1.275466        4.018693       30.302404        0.000000
OH1          3.819955       17.890308       89.856938      392.757676
OH2          5.035664       23.165974      110.758015      470.057253
HT8          1.498389        6.488268       33.240608        0.000000
Fitted Atomtypes 
  None
Constrained Atomtypes 
               A        
CO2(0)        0.969190
               A             a_y10           a_y20      
H2O(0)        1.300000        0.078362        0.029717
               A             a_y10           a_y20      
HO1(0)        0.700572       -0.631677       -0.347816
               A             a_y10           a_y20           a_y22c     
OH1(0)        0.911116       -0.338030        0.024016       -0.244322
               A             a_y10           a_y20           a_y22c     
OH2(0)        0.907544       -0.036133        0.027028       -0.133429
               A        
HT8(0)        0.985958
------------
Dispersion RMS Error: 5.42672e-05
Dispersion Weighted RMS Error: 5.42672e-05
Dispersion Weighted Absolute Error: -4.01538e-07
Dispersion Weighted Least-Squares Error: 1.72738e-06
--------------------------------------------
Total Energy:
------------
Total Energy RMS Error: 3.55679e-04
Total Energy Weighted RMS Error: 3.55679e-04
Total Energy Weighted Absolute Error: -2.13317e-05
Total Energy Weighted Least-Squares Error: 4.86944e-05
--------------------------------------------
#########################################################################


