########################## FF Fitting Summary ###########################
--------------------------------------------
Program Version: 1.1.0
Short-range Functional Form: born-mayer
Combination Rules: aij = geometric
                   bij = geometric_mean
Electrostatic Damping Type: None
Thole Param: 0.39
Fitting weight: eff_mu = 0.0 Ha
                eff_kt = 0.0361 Ha
Weighted RMSE cutoff: 0.0 Ha
Anisotropic Atomtypes: None
All parameters have been radially corrected to account for Slater overlap
This radial correction is approximate, and is only rigorous for the case where bi = bj.
------------
Exponents (Optimized):
CO2(0)     1.907815
H2O(0)     1.853911
HO1(0)     2.341371
OH1(0)     2.153122
OH2(0)     2.532603
HT8(0)     2.226167
------------
Monomer 1 Multipole File:
h2o_ISA-GRID_L2.mom
Monomer 2 Multipole File:
methanol_ISA-GRID_L2.mom
--------------------------------------------
Exchange Parameters:
    Functional Form = 
	E(exch)_ij = A*K2(rij)*(1 + a_yml*Y_ml)*exp(-bij*rij)
    where the a coefficient for each spherical harmonic term Y_ml
    is listed in the parameters below and 
	K2(rij) = 1/3*(bij*rij)**2 + bij*rij + 1 
Fitted Atomtypes 
               A        
CO2(0)        1.787008
               A        
H2O(0)        0.138335
               A        
HO1(0)        0.434889
               A        
OH1(0)        3.632930
               A        
OH2(0)        4.370726
               A        
HT8(0)        0.786254
Constrained Atomtypes 
  None
------------
Exchange RMS Error: 1.21438e-03
Exchange Weighted RMS Error: 1.21438e-03
Exchange Weighted Absolute Error: -6.74854e-05
Exchange Weighted Least-Squares Error: 4.87656e-04
--------------------------------------------
Electrostatic Parameters:
    Functional Form = 
	E(elst)_ij = f_damp*qi*qj/rij - A*K2(rij)*(1 + a_yml*Y_ml)*exp(-bij*rij)
Fitted Atomtypes 
               A        
CO2(0)        1.188192
               A        
H2O(0)        0.057084
               A        
HO1(0)        0.174823
               A        
OH1(0)        2.541369
               A        
OH2(0)        2.597439
               A        
HT8(0)        0.432168
Constrained Atomtypes 
  None
------------
Electrostatics RMS Error: 5.99613e-04
Electrostatics Weighted RMS Error: 5.99613e-04
Electrostatics Weighted Absolute Error: 4.71982e-05
Electrostatics Weighted Least-Squares Error: 1.98922e-04
--------------------------------------------
Drude oscillator energy has been calculated using the following method: multipole-gradient
Induction Parameters:
    Functional Form = 
	E(ind)_ij = shell_charge - A*K2(rij)*(1 + a_yml*Y_ml)*exp(-bij*rij)
Fitted Atomtypes 
               A        
CO2(0)        0.705490
               A        
H2O(0)        0.038404
               A        
HO1(0)        0.492066
               A        
OH1(0)        0.000000
               A        
OH2(0)        0.001218
               A        
HT8(0)        0.078878
Constrained Atomtypes 
  None
------------
Induction RMS Error: 1.20350e-04
Induction Weighted RMS Error: 1.20350e-04
Induction Weighted Absolute Error: -1.39652e-05
Induction Weighted Least-Squares Error: 7.24459e-06
--------------------------------------------
DHF Parameters:
    Functional Form = 
	E(dhf)_ij = - A*K2(rij)*(1 + a_yml*Y_ml)*exp(-bij*rij)
Fitted Atomtypes 
               A        
CO2(0)        0.000000
               A        
H2O(0)        0.013787
               A        
HO1(0)        0.374128
               A        
OH1(0)        1.862947
               A        
OH2(0)        0.406190
               A        
HT8(0)        0.644793
Constrained Atomtypes 
  None
------------
Dhf RMS Error: 8.27133e-05
Dhf Weighted RMS Error: 8.27133e-05
Dhf Weighted Absolute Error: 3.65041e-06
Dhf Weighted Least-Squares Error: 3.42572e-06
--------------------------------------------
Dispersion Parameters:
    Functional Form = 
	E(disp)_ij = sum_(n=6,8,10,12){A*fdamp_n*(Cij_n/r_ij^n)}
               C6              C8             C10             C12       
CO2          4.847096       18.798288       63.256519      202.859856
H2O          0.880629        1.744112       16.442916        0.000000
HO1          1.275466        4.018693       30.302404        0.000000
OH1          3.819955       17.890308       89.856938      392.757676
OH2          5.035664       23.165974      110.758015      470.057253
HT8          1.498389        6.488268       33.240608        0.000000
Fitted Atomtypes 
               A        
CO2(0)        1.101871
               A        
H2O(0)        1.300000
               A        
HO1(0)        0.795318
               A        
OH1(0)        1.300000
               A        
OH2(0)        0.749227
               A        
HT8(0)        1.129787
Constrained Atomtypes 
  None
------------
Dispersion RMS Error: 1.55429e-04
Dispersion Weighted RMS Error: 1.55429e-04
Dispersion Weighted Absolute Error: -1.29869e-06
Dispersion Weighted Least-Squares Error: 1.28096e-05
--------------------------------------------
Total Energy:
------------
Total Energy RMS Error: 5.75523e-04
Total Energy Weighted RMS Error: 5.75523e-04
Total Energy Weighted Absolute Error: -3.19006e-05
Total Energy Weighted Least-Squares Error: 1.46385e-04
--------------------------------------------
#########################################################################


########################## FF Fitting Summary ###########################
--------------------------------------------
Program Version: 1.1.0
Short-range Functional Form: born-mayer
Combination Rules: aij = geometric
                   bij = geometric_mean
Electrostatic Damping Type: None
Thole Param: 0.39
Fitting weight: eff_mu = 0.0 Ha
                eff_kt = 0.0361 Ha
Weighted RMSE cutoff: 0.0 Ha
Anisotropic Atomtypes: None
All parameters have been radially corrected to account for Slater overlap
This radial correction is approximate, and is only rigorous for the case where bi = bj.
------------
Exponents (Optimized):
CO2(0)     1.907815
H2O(0)     1.853911
HO1(0)     2.341371
OH1(0)     2.153122
OH2(0)     2.532603
HT8(0)     2.226167
------------
Monomer 1 Multipole File:
h2o_ISA-GRID_L2.mom
Monomer 2 Multipole File:
methanol_ISA-GRID_L2.mom
--------------------------------------------
Exchange Parameters:
    Functional Form = 
	E(exch)_ij = A*K2(rij)*(1 + a_yml*Y_ml)*exp(-bij*rij)
    where the a coefficient for each spherical harmonic term Y_ml
    is listed in the parameters below and 
	K2(rij) = 1/3*(bij*rij)**2 + bij*rij + 1 
Fitted Atomtypes 
               A        
CO2(0)        1.787008
               A        
H2O(0)        0.138335
               A        
HO1(0)        0.434889
               A        
OH1(0)        3.632930
               A        
OH2(0)        4.370726
               A        
HT8(0)        0.786254
Constrained Atomtypes 
  None
------------
Exchange RMS Error: 1.21438e-03
Exchange Weighted RMS Error: 1.21438e-03
Exchange Weighted Absolute Error: -6.74854e-05
Exchange Weighted Least-Squares Error: 4.87656e-04
--------------------------------------------
Electrostatic Parameters:
    Functional Form = 
	E(elst)_ij = f_damp*qi*qj/rij - A*K2(rij)*(1 + a_yml*Y_ml)*exp(-bij*rij)
Fitted Atomtypes 
               A        
CO2(0)        1.188192
               A        
H2O(0)        0.057084
               A        
HO1(0)        0.174823
               A        
OH1(0)        2.541369
               A        
OH2(0)        2.597439
               A        
HT8(0)        0.432168
Constrained Atomtypes 
  None
------------
Electrostatics RMS Error: 5.99613e-04
Electrostatics Weighted RMS Error: 5.99613e-04
Electrostatics Weighted Absolute Error: 4.71982e-05
Electrostatics Weighted Least-Squares Error: 1.98922e-04
--------------------------------------------
Drude oscillator energy has been calculated using the following method: multipole-gradient
Induction Parameters:
    Functional Form = 
	E(ind)_ij = shell_charge - A*K2(rij)*(1 + a_yml*Y_ml)*exp(-bij*rij)
Fitted Atomtypes 
               A        
CO2(0)        0.783261
               A        
H2O(0)        0.034591
               A        
HO1(0)        0.546309
               A        
OH1(0)        0.000000
               A        
OH2(0)        0.001097
               A        
HT8(0)        0.087573
Constrained Atomtypes 
  None
------------
Induction RMS Error: 1.20350e-04
Induction Weighted RMS Error: 1.20350e-04
Induction Weighted Absolute Error: -1.39652e-05
Induction Weighted Least-Squares Error: 7.24459e-06
--------------------------------------------
DHF Parameters:
    Functional Form = 
	E(dhf)_ij = - A*K2(rij)*(1 + a_yml*Y_ml)*exp(-bij*rij)
Fitted Atomtypes 
               A        
CO2(0)        0.000000
               A        
H2O(0)        0.013788
               A        
HO1(0)        0.374097
               A        
OH1(0)        1.862773
               A        
OH2(0)        0.406224
               A        
HT8(0)        0.644738
Constrained Atomtypes 
  None
------------
Dhf RMS Error: 8.27143e-05
Dhf Weighted RMS Error: 8.27143e-05
Dhf Weighted Absolute Error: 3.64988e-06
Dhf Weighted Least-Squares Error: 3.42579e-06
--------------------------------------------
Dispersion Parameters:
    Functional Form = 
	E(disp)_ij = sum_(n=6,8,10,12){A*fdamp_n*(Cij_n/r_ij^n)}
               C6              C8             C10             C12       
CO2          4.847096       18.798288       63.256519      202.859856
H2O          0.880629        1.744112       16.442916        0.000000
HO1          1.275466        4.018693       30.302404        0.000000
OH1          3.819955       17.890308       89.856938      392.757676
OH2          5.035664       23.165974      110.758015      470.057253
HT8          1.498389        6.488268       33.240608        0.000000
Fitted Atomtypes 
               A        
CO2(0)        1.101871
               A        
H2O(0)        1.300000
               A        
HO1(0)        0.795318
               A        
OH1(0)        1.300000
               A        
OH2(0)        0.749227
               A        
HT8(0)        1.129787
Constrained Atomtypes 
  None
------------
Dispersion RMS Error: 1.55429e-04
Dispersion Weighted RMS Error: 1.55429e-04
Dispersion Weighted Absolute Error: -1.29869e-06
Dispersion Weighted Least-Squares Error: 1.28096e-05
--------------------------------------------
Total Energy:
------------
Total Energy RMS Error: 5.75524e-04
Total Energy Weighted RMS Error: 5.75524e-04
Total Energy Weighted Absolute Error: -3.19012e-05
Total Energy Weighted Least-Squares Error: 1.46385e-04
--------------------------------------------
#########################################################################


