########################## FF Fitting Summary ###########################
--------------------------------------------
Program Version: 1.1.0
Short-range Functional Form: born-mayer
Combination Rules: aij = geometric
                   bij = geometric_mean
Electrostatic Damping Type: None
Thole Param: 0.39
Fitting weight: eff_mu = 0.0 Ha
                eff_kt = 0.0361 Ha
Weighted RMSE cutoff: 0.0 Ha
Anisotropic Atomtypes: H2O  OH1  OH2  HO1  
All parameters have been radially corrected to account for Slater overlap
This radial correction is approximate, and is only rigorous for the case where bi = bj.
------------
Exponents (Optimized):
CO2(0)     2.086064
H2O(0)     2.497127
HO1(0)     2.337013
OH1(0)     2.301305
OH2(0)     2.219226
HT8(0)     2.218704
------------
Monomer 1 Multipole File:
h2o_ISA-GRID_L2.mom
Monomer 2 Multipole File:
methanol_ISA-GRID_L2.mom
--------------------------------------------
Exchange Parameters:
    Functional Form = 
	E(exch)_ij = A*K2(rij)*(1 + a_yml*Y_ml)*exp(-bij*rij)
    where the a coefficient for each spherical harmonic term Y_ml
    is listed in the parameters below and 
	K2(rij) = 1/3*(bij*rij)**2 + bij*rij + 1 
Fitted Atomtypes 
               A        
CO2(0)        2.574381
               A        
HT8(0)        0.614627
               A             a_y10           a_y20      
H2O(0)        0.247727       -1.000000       -0.517815
               A             a_y10           a_y20           a_y22c     
OH1(0)        2.555032       -0.670813       -0.106375       -0.584524
               A             a_y10           a_y20           a_y22c     
OH2(0)        3.397075        0.167545        0.046290       -0.249018
               A             a_y10           a_y20      
HO1(0)        0.578190        0.094579       -0.154489
Constrained Atomtypes 
  None
------------
Exchange RMS Error: 4.57086e-04
Exchange Weighted RMS Error: 4.57086e-04
Exchange Weighted Absolute Error: -5.21673e-06
Exchange Weighted Least-Squares Error: 7.36197e-05
--------------------------------------------
Electrostatic Parameters:
    Functional Form = 
	E(elst)_ij = f_damp*qi*qj/rij - A*K2(rij)*(1 + a_yml*Y_ml)*exp(-bij*rij)
Fitted Atomtypes 
               A        
CO2(0)        1.419932
               A        
HT8(0)        0.315110
               A             a_y10           a_y20      
H2O(0)        0.239404        0.565091        0.129742
               A             a_y10           a_y20           a_y22c     
OH1(0)        1.966279       -0.287792       -0.022056       -0.475662
               A             a_y10           a_y20           a_y22c     
OH2(0)        1.973336        0.129258        0.056423       -0.397046
               A             a_y10           a_y20      
HO1(0)        0.299661        0.521686       -0.009218
Constrained Atomtypes 
  None
------------
Electrostatics RMS Error: 2.09344e-04
Electrostatics Weighted RMS Error: 2.09344e-04
Electrostatics Weighted Absolute Error: 7.36234e-06
Electrostatics Weighted Least-Squares Error: 2.36782e-05
--------------------------------------------
Drude oscillator energy has been calculated using the following method: multipole-gradient
Induction Parameters:
    Functional Form = 
	E(ind)_ij = shell_charge - A*K2(rij)*(1 + a_yml*Y_ml)*exp(-bij*rij)
Fitted Atomtypes 
               A        
CO2(0)        1.660995
               A        
HT8(0)        0.175566
               A             a_y10           a_y20      
H2O(0)        0.077329        0.545064        0.427539
               A             a_y10           a_y20           a_y22c     
OH1(0)        0.665721        1.000000       -1.000000       -0.196244
               A             a_y10           a_y20           a_y22c     
OH2(0)        0.000000        0.129584       -0.004183        0.075933
               A             a_y10           a_y20      
HO1(0)        0.462444       -1.000000        0.042620
Constrained Atomtypes 
  None
------------
Induction RMS Error: 1.18156e-04
Induction Weighted RMS Error: 1.18156e-04
Induction Weighted Absolute Error: -1.91854e-05
Induction Weighted Least-Squares Error: 6.98128e-06
--------------------------------------------
DHF Parameters:
    Functional Form = 
	E(dhf)_ij = - A*K2(rij)*(1 + a_yml*Y_ml)*exp(-bij*rij)
Fitted Atomtypes 
               A        
CO2(0)        0.049913
               A        
HT8(0)        0.756517
               A             a_y10           a_y20      
H2O(0)        0.020939       -1.000000        0.824374
               A             a_y10           a_y20           a_y22c     
OH1(0)        1.688786       -1.000000       -0.045679       -0.562992
               A             a_y10           a_y20           a_y22c     
OH2(0)        0.222324       -0.007445       -0.004809       -0.162291
               A             a_y10           a_y20      
HO1(0)        0.586306        0.148084        0.265993
Constrained Atomtypes 
  None
------------
Dhf RMS Error: 4.83949e-05
Dhf Weighted RMS Error: 4.83949e-05
Dhf Weighted Absolute Error: 6.23588e-06
Dhf Weighted Least-Squares Error: 1.17250e-06
--------------------------------------------
Dispersion Parameters:
    Functional Form = 
	E(disp)_ij = sum_(n=6,8,10,12){A*fdamp_n*(Cij_n/r_ij^n)}
               C6              C8             C10             C12       
CO2          4.847096       18.798288       63.256519      202.859856
H2O          0.880629        1.744112       16.442916        0.000000
HO1          1.275466        4.018693       30.302404        0.000000
OH1          3.819955       17.890308       89.856938      392.757676
OH2          5.035664       23.165974      110.758015      470.057253
HT8          1.498389        6.488268       33.240608        0.000000
Fitted Atomtypes 
               A        
CO2(0)        0.917850
               A        
HT8(0)        1.152941
               A             a_y10           a_y20      
H2O(0)        0.959899       -0.102126        0.011793
               A             a_y10           a_y20           a_y22c     
OH1(0)        0.970699       -0.312128        0.016255       -0.219666
               A             a_y10           a_y20           a_y22c     
OH2(0)        0.894658       -0.001943        0.018236       -0.128984
               A             a_y10           a_y20      
HO1(0)        0.815193       -0.403200       -0.231204
Constrained Atomtypes 
  None
------------
Dispersion RMS Error: 5.23198e-05
Dispersion Weighted RMS Error: 5.23198e-05
Dispersion Weighted Absolute Error: -7.94770e-06
Dispersion Weighted Least-Squares Error: 1.43592e-06
--------------------------------------------
Total Energy:
------------
Total Energy RMS Error: 3.18841e-04
Total Energy Weighted RMS Error: 3.18841e-04
Total Energy Weighted Absolute Error: -1.87516e-05
Total Energy Weighted Least-Squares Error: 4.53476e-05
--------------------------------------------
#########################################################################


