########################## FF Fitting Summary ###########################
--------------------------------------------
Program Version: 1.1.0
Short-range Functional Form: born-mayer
Combination Rules: aij = geometric
                   bij = geometric_mean
Electrostatic Damping Type: None
Thole Param: 0.39
Fitting weight: eff_mu = 0.0 Ha
                eff_kt = 0.0086 Ha
Weighted RMSE cutoff: 0.0 Ha
Anisotropic Atomtypes: HO   OH   
All parameters have been radially corrected to account for Slater overlap
This radial correction is approximate, and is only rigorous for the case where bi = bj.
------------
Exponents (Optimized):
CO1(0)     2.211133
CT4(0)     1.973707
OH(0)      2.160163
CT3(0)     2.106295
HT4(0)     2.434156
HT3(0)     2.091544
HO(0)      2.220201
------------
Monomer 1 Multipole File:
ethanol_ISA-GRID_L2.mom
Monomer 2 Multipole File:
methane_ISA-GRID_L2.mom
--------------------------------------------
Exchange Parameters:
    Functional Form = 
	E(exch)_ij = A*K2(rij)*(1 + a_yml*Y_ml)*exp(-bij*rij)
    where the a coefficient for each spherical harmonic term Y_ml
    is listed in the parameters below and 
	K2(rij) = 1/3*(bij*rij)**2 + bij*rij + 1 
Fitted Atomtypes 
               A        
CO1(0)        2.287498
               A        
CT4(0)        2.809260
               A        
HT4(0)        0.905600
               A        
HT3(0)        0.418254
               A        
CT3(0)        2.403808
               A             a_y10           a_y20      
HO(0)        0.536984        0.311189       -0.094292
               A             a_y10           a_y20           a_y22c     
OH(0)        1.312194       -1.000000       -0.013222       -0.992249
Constrained Atomtypes 
  None
------------
Exchange RMS Error: 5.02296e-04
Exchange Weighted RMS Error: 1.41387e-04
Exchange Weighted Absolute Error: 7.86093e-07
Exchange Weighted Least-Squares Error: 2.51351e-05
--------------------------------------------
Electrostatic Parameters:
    Functional Form = 
	E(elst)_ij = f_damp*qi*qj/rij - A*K2(rij)*(1 + a_yml*Y_ml)*exp(-bij*rij)
Fitted Atomtypes 
               A        
CO1(0)        1.678064
               A        
CT4(0)        1.712761
               A        
HT4(0)        0.374236
               A        
HT3(0)        0.220402
               A        
CT3(0)        1.710531
               A             a_y10           a_y20      
HO(0)        0.397240        0.764568        0.071321
               A             a_y10           a_y20           a_y22c     
OH(0)        0.989025       -0.746229        0.100305       -1.000000
Constrained Atomtypes 
  None
------------
Electrostatics RMS Error: 1.97384e-04
Electrostatics Weighted RMS Error: 7.86103e-05
Electrostatics Weighted Absolute Error: 1.39509e-05
Electrostatics Weighted Least-Squares Error: 2.60034e-05
--------------------------------------------
Drude oscillator energy has been calculated using the following method: multipole-gradient
Induction Parameters:
    Functional Form = 
	E(ind)_ij = shell_charge - A*K2(rij)*(1 + a_yml*Y_ml)*exp(-bij*rij)
Fitted Atomtypes 
               A        
CO1(0)        1.386140
               A        
CT4(0)        0.025472
               A        
HT4(0)        0.023544
               A        
HT3(0)        0.749589
               A        
CT3(0)        0.577924
               A             a_y10           a_y20      
HO(0)        0.586394       -1.000000       -0.649665
               A             a_y10           a_y20           a_y22c     
OH(0)        0.000000        1.000000       -0.101551        0.157595
Constrained Atomtypes 
  None
------------
Induction RMS Error: 6.70597e-05
Induction Weighted RMS Error: 2.02466e-05
Induction Weighted Absolute Error: 6.21253e-06
Induction Weighted Least-Squares Error: 2.33163e-06
--------------------------------------------
DHF Parameters:
    Functional Form = 
	E(dhf)_ij = - A*K2(rij)*(1 + a_yml*Y_ml)*exp(-bij*rij)
Fitted Atomtypes 
               A        
CO1(0)        0.000000
               A        
CT4(0)        0.021007
               A        
HT4(0)        0.046256
               A        
HT3(0)        1.074846
               A        
CT3(0)        0.385368
               A             a_y10           a_y20      
HO(0)        1.159317        0.450423        0.364439
               A             a_y10           a_y20           a_y22c     
OH(0)        2.223649       -1.000000       -0.101113       -0.494602
Constrained Atomtypes 
  None
------------
Dhf RMS Error: 4.38092e-05
Dhf Weighted RMS Error: 1.36262e-05
Dhf Weighted Absolute Error: 5.78052e-06
Dhf Weighted Least-Squares Error: 1.02165e-06
--------------------------------------------
Dispersion Parameters:
    Functional Form = 
	E(disp)_ij = sum_(n=6,8,10,12){A*fdamp_n*(Cij_n/r_ij^n)}
               C6              C8             C10             C12       
CO1          4.847096       18.798288       63.256519      202.859856
CT4          4.847096       18.798288       63.256519      202.859856
OH           3.819955       17.890308       89.856938      392.757676
CT3          4.847096       18.798288       63.256519      202.859856
HT4          1.498389        6.488268       33.240608        0.000000
HT3          1.498389        6.488268       33.240608        0.000000
HO           1.275466        4.018693       30.302404        0.000000
Fitted Atomtypes 
               A        
CO1(0)        1.000000
               A        
CT4(0)        1.000000
               A        
HT4(0)        1.000000
               A        
HT3(0)        1.000000
               A        
CT3(0)        1.000000
               A             a_y10           a_y20      
HO(0)        1.000000        0.265716        0.036885
               A             a_y10           a_y20           a_y22c     
OH(0)        1.000000       -0.157093       -0.006213        0.013148
Constrained Atomtypes 
  None
------------
Dispersion RMS Error: 1.23571e-04
Dispersion Weighted RMS Error: 5.47400e-05
Dispersion Weighted Absolute Error: 4.72440e-06
Dispersion Weighted Least-Squares Error: 1.04801e-05
--------------------------------------------
Total Energy:
------------
Total Energy RMS Error: 3.69582e-04
Total Energy Weighted RMS Error: 9.94485e-05
Total Energy Weighted Absolute Error: 3.14545e-05
Total Energy Weighted Least-Squares Error: 4.37053e-05
--------------------------------------------
#########################################################################


