########################## FF Fitting Summary ###########################
--------------------------------------------
Program Version: 1.1.0
Short-range Functional Form: born-mayer
Combination Rules: aij = geometric
                   bij = geometric_mean
Electrostatic Damping Type: None
Thole Param: 0.39
Fitting weight: eff_mu = 0.0 Ha
                eff_kt = 0.0086 Ha
Weighted RMSE cutoff: 0.0 Ha
Anisotropic Atomtypes: None
All parameters have been radially corrected to account for Slater overlap
This radial correction is approximate, and is only rigorous for the case where bi = bj.
------------
Exponents (Optimized):
CO1(0)     2.148898
CT4(0)     1.943112
OH(0)      2.206994
CT3(0)     2.122927
HT4(0)     2.381259
HT3(0)     2.116595
HO(0)      2.116472
------------
Monomer 1 Multipole File:
ethanol_ISA-GRID_L0.mom
Monomer 2 Multipole File:
methane_ISA-GRID_L0.mom
--------------------------------------------
Exchange Parameters:
    Functional Form = 
	E(exch)_ij = A*K2(rij)*(1 + a_yml*Y_ml)*exp(-bij*rij)
    where the a coefficient for each spherical harmonic term Y_ml
    is listed in the parameters below and 
	K2(rij) = 1/3*(bij*rij)**2 + bij*rij + 1 
Fitted Atomtypes 
               A        
CO1(0)        1.659922
               A        
CT4(0)        2.880634
               A        
OH(0)        2.570645
               A        
CT3(0)        2.206577
               A        
HT4(0)        0.917701
               A        
HT3(0)        0.396380
               A        
HO(0)        0.165596
Constrained Atomtypes 
  None
------------
Exchange RMS Error: 6.61392e-04
Exchange Weighted RMS Error: 6.61392e-04
Exchange Weighted Absolute Error: 2.46361e-06
Exchange Weighted Least-Squares Error: 3.99133e-05
--------------------------------------------
Electrostatic Parameters:
    Functional Form = 
	E(elst)_ij = f_damp*qi*qj/rij - A*K2(rij)*(1 + a_yml*Y_ml)*exp(-bij*rij)
Fitted Atomtypes 
               A        
CO1(0)        1.193006
               A        
CT4(0)        1.638048
               A        
OH(0)        1.904482
               A        
CT3(0)        1.417149
               A        
HT4(0)        0.399615
               A        
HT3(0)        0.220058
               A        
HO(0)        0.052298
Constrained Atomtypes 
  None
------------
Electrostatics RMS Error: 2.88174e-04
Electrostatics Weighted RMS Error: 2.88174e-04
Electrostatics Weighted Absolute Error: 1.28856e-05
Electrostatics Weighted Least-Squares Error: 5.64846e-05
--------------------------------------------
Drude oscillator energy has been calculated using the following method: multipole-gradient
Induction Parameters:
    Functional Form = 
	E(ind)_ij = shell_charge - A*K2(rij)*(1 + a_yml*Y_ml)*exp(-bij*rij)
Fitted Atomtypes 
               A        
CO1(0)        1.229525
               A        
CT4(0)        0.016173
               A        
OH(0)        0.000000
               A        
CT3(0)        0.635833
               A        
HT4(0)        0.012194
               A        
HT3(0)        1.377485
               A        
HO(0)        1.618317
Constrained Atomtypes 
  None
------------
Induction RMS Error: 7.71912e-05
Induction Weighted RMS Error: 7.71912e-05
Induction Weighted Absolute Error: 9.46964e-06
Induction Weighted Least-Squares Error: 3.08322e-06
--------------------------------------------
DHF Parameters:
    Functional Form = 
	E(dhf)_ij = - A*K2(rij)*(1 + a_yml*Y_ml)*exp(-bij*rij)
Fitted Atomtypes 
               A        
CO1(0)        0.000000
               A        
CT4(0)        0.039559
               A        
OH(0)        2.167387
               A        
CT3(0)        0.367412
               A        
HT4(0)        0.082855
               A        
HT3(0)        0.557942
               A        
HO(0)        0.276907
Constrained Atomtypes 
  None
------------
Dhf RMS Error: 5.90867e-05
Dhf Weighted RMS Error: 5.90867e-05
Dhf Weighted Absolute Error: 4.02429e-06
Dhf Weighted Least-Squares Error: 1.87029e-06
--------------------------------------------
Dispersion Parameters:
    Functional Form = 
	E(disp)_ij = sum_(n=6,8,10,12){A*fdamp_n*(Cij_n/r_ij^n)}
               C6              C8             C10             C12       
CO1          4.847096       18.798288       63.256519      202.859856
CT4          4.847096       18.798288       63.256519      202.859856
OH           3.819955       17.890308       89.856938      392.757676
CT3          4.847096       18.798288       63.256519      202.859856
HT4          1.498389        6.488268       33.240608        0.000000
HT3          1.498389        6.488268       33.240608        0.000000
HO           1.275466        4.018693       30.302404        0.000000
Fitted Atomtypes 
               A        
CO1(0)        0.700000
               A        
CT4(0)        1.040873
               A        
OH(0)        1.300000
               A        
CT3(0)        0.857786
               A        
HT4(0)        0.872667
               A        
HT3(0)        1.253261
               A        
HO(0)        0.889996
Constrained Atomtypes 
  None
------------
Dispersion RMS Error: 1.08072e-04
Dispersion Weighted RMS Error: 1.08072e-04
Dispersion Weighted Absolute Error: 8.92441e-06
Dispersion Weighted Least-Squares Error: 7.93188e-06
--------------------------------------------
Total Energy:
------------
Total Energy RMS Error: 4.40205e-04
Total Energy Weighted RMS Error: 4.40205e-04
Total Energy Weighted Absolute Error: 3.77676e-05
Total Energy Weighted Least-Squares Error: 6.38296e-05
--------------------------------------------
#########################################################################


