########################## FF Fitting Summary ###########################
--------------------------------------------
Program Version: 1.1.0
Short-range Functional Form: born-mayer
Combination Rules: aij = geometric
                   bij = geometric_mean
Electrostatic Damping Type: None
Thole Param: 0.39
Fitting weight: eff_mu = 0.0 Ha
                eff_kt = 0.0034 Ha
Weighted RMSE cutoff: 0.0 Ha
Anisotropic Atomtypes: None
All parameters have been radially corrected to account for Slater overlap
This radial correction is approximate, and is only rigorous for the case where bi = bj.
------------
Exponents:
CO1(0)     2.085249
CT4(0)     1.983284
OH(0)      2.320183
CT3(0)     2.128250
HT4(0)     2.284224
HT3(0)     2.123152
HO(0)      2.319496
------------
Monomer 1 Multipole File:
ethanol_ISA-GRID_L2.mom
Monomer 2 Multipole File:
methane_ISA-GRID_L2.mom
--------------------------------------------
Exchange Parameters:
    Functional Form = 
	E(exch)_ij = A*K2(rij)*(1 + a_yml*Y_ml)*exp(-bij*rij)
    where the a coefficient for each spherical harmonic term Y_ml
    is listed in the parameters below and 
	K2(rij) = 1/3*(bij*rij)**2 + bij*rij + 1 
Fitted Atomtypes 
  None
Constrained Atomtypes 
               A        
CO1(0)        2.125640
               A        
CT4(0)        2.302355
               A        
OH(0)        4.053201
               A        
CT3(0)        2.903701
               A        
HT4(0)        0.643486
               A        
HT3(0)        0.492497
               A        
HO(0)        0.307989
------------
Exchange RMS Error: 6.91860e-04
Exchange Weighted RMS Error: 6.91860e-04
Exchange Weighted Absolute Error: 6.33361e-06
Exchange Weighted Least-Squares Error: 1.00457e-05
--------------------------------------------
Electrostatic Parameters:
    Functional Form = 
	E(elst)_ij = f_damp*qi*qj/rij - A*K2(rij)*(1 + a_yml*Y_ml)*exp(-bij*rij)
Fitted Atomtypes 
  None
Constrained Atomtypes 
               A        
CO1(0)        1.673365
               A        
CT4(0)        1.554263
               A        
OH(0)        2.666063
               A        
CT3(0)        1.792081
               A        
HT4(0)        0.298062
               A        
HT3(0)        0.235419
               A        
HO(0)        0.089002
------------
Electrostatics RMS Error: 2.92743e-04
Electrostatics Weighted RMS Error: 2.92743e-04
Electrostatics Weighted Absolute Error: 1.69702e-05
Electrostatics Weighted Least-Squares Error: 7.38379e-05
--------------------------------------------
Drude oscillator energy has been calculated using the following method: multipole-gradient
Induction Parameters:
    Functional Form = 
	E(ind)_ij = shell_charge - A*K2(rij)*(1 + a_yml*Y_ml)*exp(-bij*rij)
Fitted Atomtypes 
  None
Constrained Atomtypes 
               A        
CO1(0)        0.246765
               A        
CT4(0)        0.056831
               A        
OH(0)        0.000000
               A        
CT3(0)        0.199758
               A        
HT4(0)        0.149836
               A        
HT3(0)        0.100069
               A        
HO(0)        0.160473
------------
Induction RMS Error: 7.35361e-05
Induction Weighted RMS Error: 7.35361e-05
Induction Weighted Absolute Error: 7.16614e-06
Induction Weighted Least-Squares Error: 3.02382e-06
--------------------------------------------
DHF Parameters:
    Functional Form = 
	E(dhf)_ij = - A*K2(rij)*(1 + a_yml*Y_ml)*exp(-bij*rij)
Fitted Atomtypes 
  None
Constrained Atomtypes 
               A        
CO1(0)        0.000000
               A        
CT4(0)        0.102273
               A        
OH(0)        0.895658
               A        
CT3(0)        0.157719
               A        
HT4(0)        0.226053
               A        
HT3(0)        0.177798
               A        
HO(0)        0.099979
------------
Dhf RMS Error: 6.26579e-05
Dhf Weighted RMS Error: 6.26579e-05
Dhf Weighted Absolute Error: 2.96916e-06
Dhf Weighted Least-Squares Error: 2.35826e-06
--------------------------------------------
Dispersion Parameters:
    Functional Form = 
	E(disp)_ij = sum_(n=6,8,10,12){A*fdamp_n*(Cij_n/r_ij^n)}
               C6              C8             C10             C12       
CO1          4.847096       18.798288       63.256519      202.859856
CT4          4.847096       18.798288       63.256519      202.859856
CT3          4.847096       18.798288       63.256519      202.859856
OH           3.819955       17.890308       89.856938      392.757676
HT4          1.498389        6.488268       33.240608        0.000000
HT3          1.498389        6.488268       33.240608        0.000000
HO           1.275466        4.018693       30.302404        0.000000
Fitted Atomtypes 
  None
Constrained Atomtypes 
               A        
CO1(0)        0.701868
               A        
CT4(0)        1.017087
               A        
OH(0)        1.141449
               A        
CT3(0)        0.818304
               A        
HT4(0)        1.016115
               A        
HT3(0)        1.173558
               A        
HO(0)        0.740401
------------
Dispersion RMS Error: 1.16361e-04
Dispersion Weighted RMS Error: 1.16361e-04
Dispersion Weighted Absolute Error: 1.50107e-05
Dispersion Weighted Least-Squares Error: 1.12132e-05
--------------------------------------------
Total Energy:
------------
Total Energy RMS Error: 4.26150e-04
Total Energy Weighted RMS Error: 4.26150e-04
Total Energy Weighted Absolute Error: 4.84498e-05
Total Energy Weighted Least-Squares Error: 3.68080e-05
--------------------------------------------
#########################################################################


