########################## FF Fitting Summary ###########################
--------------------------------------------
Program Version: 1.1.0
Short-range Functional Form: born-mayer
Combination Rules: aij = geometric
                   bij = geometric_mean
Electrostatic Damping Type: None
Thole Param: 0.39
Fitting weight: eff_mu = 0.0 Ha
                eff_kt = 0.0082 Ha
Weighted RMSE cutoff: 0.0 Ha
Anisotropic Atomtypes: None
All parameters have been radially corrected to account for Slater overlap
This radial correction is approximate, and is only rigorous for the case where bi = bj.
------------
Exponents (Optimized):
HN(0)      2.534900
HT2(0)     1.913705
CT2(0)     2.401265
N(0)       2.032875
------------
Monomer 1 Multipole File:
ethane_ISA-GRID_L2.mom
Monomer 2 Multipole File:
nh3_ISA-GRID_L2.mom
--------------------------------------------
Exchange Parameters:
    Functional Form = 
	E(exch)_ij = A*K2(rij)*(1 + a_yml*Y_ml)*exp(-bij*rij)
    where the a coefficient for each spherical harmonic term Y_ml
    is listed in the parameters below and 
	K2(rij) = 1/3*(bij*rij)**2 + bij*rij + 1 
Fitted Atomtypes 
               A        
HN(0)        0.654772
               A        
HT2(0)        0.282888
               A        
CT2(0)        3.692176
               A        
N(0)         4.067209
Constrained Atomtypes 
  None
------------
Exchange RMS Error: 1.47792e-03
Exchange Weighted RMS Error: 3.12957e-04
Exchange Weighted Absolute Error: -1.51114e-05
Exchange Weighted Least-Squares Error: 1.43212e-04
--------------------------------------------
Electrostatic Parameters:
    Functional Form = 
	E(elst)_ij = f_damp*qi*qj/rij - A*K2(rij)*(1 + a_yml*Y_ml)*exp(-bij*rij)
Fitted Atomtypes 
               A        
HN(0)        0.199916
               A        
HT2(0)        0.135737
               A        
CT2(0)        2.008510
               A        
N(0)         3.220128
Constrained Atomtypes 
  None
------------
Electrostatics RMS Error: 6.21617e-04
Electrostatics Weighted RMS Error: 1.40258e-04
Electrostatics Weighted Absolute Error: 3.41527e-05
Electrostatics Weighted Least-Squares Error: 2.78434e-04
--------------------------------------------
Drude oscillator energy has been calculated using the following method: multipole-gradient
Induction Parameters:
    Functional Form = 
	E(ind)_ij = shell_charge - A*K2(rij)*(1 + a_yml*Y_ml)*exp(-bij*rij)
Fitted Atomtypes 
               A        
HN(0)        0.325193
               A        
HT2(0)        0.032890
               A        
CT2(0)        0.603543
               A        
N(0)         0.000000
Constrained Atomtypes 
  None
------------
Induction RMS Error: 7.36513e-05
Induction Weighted RMS Error: 1.18502e-05
Induction Weighted Absolute Error: -2.20420e-06
Induction Weighted Least-Squares Error: 2.78175e-06
--------------------------------------------
DHF Parameters:
    Functional Form = 
	E(dhf)_ij = - A*K2(rij)*(1 + a_yml*Y_ml)*exp(-bij*rij)
Fitted Atomtypes 
               A        
HN(0)        0.124929
               A        
HT2(0)        0.167057
               A        
CT2(0)        0.000000
               A        
N(0)         0.523036
Constrained Atomtypes 
  None
------------
Dhf RMS Error: 1.04398e-04
Dhf Weighted RMS Error: 2.98531e-05
Dhf Weighted Absolute Error: 1.25399e-05
Dhf Weighted Least-Squares Error: 5.64667e-06
--------------------------------------------
Dispersion Parameters:
    Functional Form = 
	E(disp)_ij = sum_(n=6,8,10,12){A*fdamp_n*(Cij_n/r_ij^n)}
               C6              C8             C10             C12       
HN           1.306964        4.117935       31.050725        0.000000
HT2          1.498389        6.488268       33.240608        0.000000
CT2          4.847096       18.798288       63.256519      202.859856
N            4.878202       25.576829      142.574149      704.112767
Fitted Atomtypes 
               A        
HN(0)        1.000000
               A        
HT2(0)        1.000000
               A        
CT2(0)        1.000000
               A        
N(0)         1.000000
Constrained Atomtypes 
  None
------------
Dispersion RMS Error: 4.29597e-04
Dispersion Weighted RMS Error: 1.41852e-04
Dispersion Weighted Absolute Error: -3.62514e-05
Dispersion Weighted Least-Squares Error: 1.26449e-04
--------------------------------------------
Total Energy:
------------
Total Energy RMS Error: 6.67973e-04
Total Energy Weighted RMS Error: 1.40506e-04
Total Energy Weighted Absolute Error: -6.87446e-06
Total Energy Weighted Least-Squares Error: 1.11224e-04
--------------------------------------------
#########################################################################


