########################## FF Fitting Summary ###########################
--------------------------------------------
Program Version: 1.1.0
Short-range Functional Form: born-mayer
Combination Rules: aij = geometric
                   bij = geometric_mean
Electrostatic Damping Type: None
Thole Param: 0.39
Fitting weight: eff_mu = 0.0 Ha
                eff_kt = 0.0033 Ha
Weighted RMSE cutoff: 0.0 Ha
Anisotropic Atomtypes: None
All parameters have been radially corrected to account for Slater overlap
This radial correction is approximate, and is only rigorous for the case where bi = bj.
------------
Exponents:
HN(0)      2.213238
HT2(0)     2.169519
CT2(0)     2.261214
N(0)       2.042178
------------
Monomer 1 Multipole File:
ethane_ISA-GRID_L2.mom
Monomer 2 Multipole File:
nh3_ISA-GRID_L2.mom
--------------------------------------------
Exchange Parameters:
    Functional Form = 
	E(exch)_ij = A*K2(rij)*(1 + a_yml*Y_ml)*exp(-bij*rij)
    where the a coefficient for each spherical harmonic term Y_ml
    is listed in the parameters below and 
	K2(rij) = 1/3*(bij*rij)**2 + bij*rij + 1 
Fitted Atomtypes 
  None
Constrained Atomtypes 
               A        
HN(0)        0.325609
               A        
HT2(0)        0.588406
               A        
CT2(0)        3.214042
               A        
N(0)         3.261484
------------
Exchange RMS Error: 1.43616e-03
Exchange Weighted RMS Error: 3.19955e-04
Exchange Weighted Absolute Error: 9.24207e-06
Exchange Weighted Least-Squares Error: 3.61331e-05
--------------------------------------------
Electrostatic Parameters:
    Functional Form = 
	E(elst)_ij = f_damp*qi*qj/rij - A*K2(rij)*(1 + a_yml*Y_ml)*exp(-bij*rij)
Fitted Atomtypes 
  None
Constrained Atomtypes 
               A        
HN(0)        0.105210
               A        
HT2(0)        0.290517
               A        
CT2(0)        2.165359
               A        
N(0)         2.294156
------------
Electrostatics RMS Error: 6.23361e-04
Electrostatics Weighted RMS Error: 1.30723e-04
Electrostatics Weighted Absolute Error: 1.08742e-05
Electrostatics Weighted Least-Squares Error: 3.33516e-04
--------------------------------------------
Drude oscillator energy has been calculated using the following method: multipole-gradient
Induction Parameters:
    Functional Form = 
	E(ind)_ij = shell_charge - A*K2(rij)*(1 + a_yml*Y_ml)*exp(-bij*rij)
Fitted Atomtypes 
  None
Constrained Atomtypes 
               A        
HN(0)        0.134932
               A        
HT2(0)        0.110461
               A        
CT2(0)        0.292336
               A        
N(0)         0.064204
------------
Induction RMS Error: 9.55554e-05
Induction Weighted RMS Error: 1.72366e-05
Induction Weighted Absolute Error: 5.73916e-06
Induction Weighted Least-Squares Error: 5.15025e-06
--------------------------------------------
DHF Parameters:
    Functional Form = 
	E(dhf)_ij = - A*K2(rij)*(1 + a_yml*Y_ml)*exp(-bij*rij)
Fitted Atomtypes 
  None
Constrained Atomtypes 
               A        
HN(0)        0.112739
               A        
HT2(0)        0.200339
               A        
CT2(0)        0.090472
               A        
N(0)         0.590974
------------
Dhf RMS Error: 1.08904e-04
Dhf Weighted RMS Error: 2.67382e-05
Dhf Weighted Absolute Error: 4.46479e-06
Dhf Weighted Least-Squares Error: 6.88536e-06
--------------------------------------------
Dispersion Parameters:
    Functional Form = 
	E(disp)_ij = sum_(n=6,8,10,12){A*fdamp_n*(Cij_n/r_ij^n)}
               C6              C8             C10             C12       
HN           1.306964        4.117935       31.050725        0.000000
HT2          1.498389        6.488268       33.240608        0.000000
CT2          4.847096       18.798288       63.256519      202.859856
N            4.878202       25.576829      142.574149      704.112767
Fitted Atomtypes 
  None
Constrained Atomtypes 
               A        
HN(0)        1.000000
               A        
HT2(0)        1.000000
               A        
CT2(0)        1.000000
               A        
N(0)         1.000000
------------
Dispersion RMS Error: 3.35061e-04
Dispersion Weighted RMS Error: 1.23014e-04
Dispersion Weighted Absolute Error: -2.37944e-05
Dispersion Weighted Least-Squares Error: 9.46010e-05
--------------------------------------------
Total Energy:
------------
Total Energy RMS Error: 6.50610e-04
Total Energy Weighted RMS Error: 1.29076e-04
Total Energy Weighted Absolute Error: 6.52586e-06
Total Energy Weighted Least-Squares Error: 6.41635e-05
--------------------------------------------
#########################################################################


