########################## FF Fitting Summary ###########################
--------------------------------------------
Program Version: 1.1.0
Short-range Functional Form: born-mayer
Combination Rules: aij = geometric
                   bij = geometric_mean
Electrostatic Damping Type: None
Thole Param: 0.39
Fitting weight: eff_mu = 0.0 Ha
                eff_kt = 0.0082 Ha
Weighted RMSE cutoff: 0.0 Ha
Anisotropic Atomtypes: None
All parameters have been radially corrected to account for Slater overlap
This radial correction is approximate, and is only rigorous for the case where bi = bj.
------------
Exponents (Optimized):
HN(0)      2.534900
HT2(0)     1.913705
CT2(0)     2.401265
N(0)       2.032875
------------
Monomer 1 Multipole File:
ethane_ISA-GRID_L0.mom
Monomer 2 Multipole File:
nh3_ISA-GRID_L0.mom
--------------------------------------------
Exchange Parameters:
    Functional Form = 
	E(exch)_ij = A*K2(rij)*(1 + a_yml*Y_ml)*exp(-bij*rij)
    where the a coefficient for each spherical harmonic term Y_ml
    is listed in the parameters below and 
	K2(rij) = 1/3*(bij*rij)**2 + bij*rij + 1 
Fitted Atomtypes 
               A        
HN(0)        0.654772
               A        
HT2(0)        0.282888
               A        
CT2(0)        3.692176
               A        
N(0)         4.067209
Constrained Atomtypes 
  None
------------
Exchange RMS Error: 1.47792e-03
Exchange Weighted RMS Error: 1.47792e-03
Exchange Weighted Absolute Error: -1.51114e-05
Exchange Weighted Least-Squares Error: 1.43212e-04
--------------------------------------------
Electrostatic Parameters:
    Functional Form = 
	E(elst)_ij = f_damp*qi*qj/rij - A*K2(rij)*(1 + a_yml*Y_ml)*exp(-bij*rij)
Fitted Atomtypes 
               A        
HN(0)        0.206402
               A        
HT2(0)        0.158393
               A        
CT2(0)        2.034168
               A        
N(0)         2.850670
Constrained Atomtypes 
  None
------------
Electrostatics RMS Error: 6.28024e-04
Electrostatics Weighted RMS Error: 6.28024e-04
Electrostatics Weighted Absolute Error: 3.06503e-05
Electrostatics Weighted Least-Squares Error: 2.65496e-04
--------------------------------------------
Drude oscillator energy has been calculated using the following method: multipole-gradient
Induction Parameters:
    Functional Form = 
	E(ind)_ij = shell_charge - A*K2(rij)*(1 + a_yml*Y_ml)*exp(-bij*rij)
Fitted Atomtypes 
               A        
HN(0)        0.840421
               A        
HT2(0)        0.009696
               A        
CT2(0)        0.241203
               A        
N(0)         0.000000
Constrained Atomtypes 
  None
------------
Induction RMS Error: 7.56062e-05
Induction Weighted RMS Error: 7.56062e-05
Induction Weighted Absolute Error: 9.65643e-06
Induction Weighted Least-Squares Error: 2.91972e-06
--------------------------------------------
DHF Parameters:
    Functional Form = 
	E(dhf)_ij = - A*K2(rij)*(1 + a_yml*Y_ml)*exp(-bij*rij)
Fitted Atomtypes 
               A        
HN(0)        0.115565
               A        
HT2(0)        0.180774
               A        
CT2(0)        0.000000
               A        
N(0)         0.481537
Constrained Atomtypes 
  None
------------
Dhf RMS Error: 1.06986e-04
Dhf Weighted RMS Error: 1.06986e-04
Dhf Weighted Absolute Error: 1.23904e-05
Dhf Weighted Least-Squares Error: 5.93452e-06
--------------------------------------------
Dispersion Parameters:
    Functional Form = 
	E(disp)_ij = sum_(n=6,8,10,12){A*fdamp_n*(Cij_n/r_ij^n)}
               C6              C8             C10             C12       
HN           1.306964        4.117935       31.050725        0.000000
HT2          1.498389        6.488268       33.240608        0.000000
CT2          4.847096       18.798288       63.256519      202.859856
N            4.878202       25.576829      142.574149      704.112767
Fitted Atomtypes 
               A        
HN(0)        0.700000
               A        
HT2(0)        1.299790
               A        
CT2(0)        0.735195
               A        
N(0)         1.300000
Constrained Atomtypes 
  None
------------
Dispersion RMS Error: 2.24817e-04
Dispersion Weighted RMS Error: 2.24817e-04
Dispersion Weighted Absolute Error: 3.82895e-05
Dispersion Weighted Least-Squares Error: 3.39786e-05
--------------------------------------------
Total Energy:
------------
Total Energy RMS Error: 8.98624e-04
Total Energy Weighted RMS Error: 8.98624e-04
Total Energy Weighted Absolute Error: 7.58752e-05
Total Energy Weighted Least-Squares Error: 1.95491e-04
--------------------------------------------
#########################################################################


