########################## FF Fitting Summary ###########################
--------------------------------------------
Program Version: 1.1.0
Short-range Functional Form: born-mayer
Combination Rules: aij = geometric
                   bij = geometric_mean
Electrostatic Damping Type: None
Thole Param: 0.39
Fitting weight: eff_mu = 0.0 Ha
                eff_kt = 0.0052 Ha
Weighted RMSE cutoff: 0.0 Ha
Anisotropic Atomtypes: None
All parameters have been radially corrected to account for Slater overlap
This radial correction is approximate, and is only rigorous for the case where bi = bj.
------------
Exponents (Optimized):
Ar(0)      2.272343
HT2(0)     2.105807
CT2(0)     2.215927
------------
Monomer 1 Multipole File:
ar_ISA-GRID_L2.mom
Monomer 2 Multipole File:
ethane_ISA-GRID_L2.mom
--------------------------------------------
Exchange Parameters:
    Functional Form = 
	E(exch)_ij = A*K2(rij)*(1 + a_yml*Y_ml)*exp(-bij*rij)
    where the a coefficient for each spherical harmonic term Y_ml
    is listed in the parameters below and 
	K2(rij) = 1/3*(bij*rij)**2 + bij*rij + 1 
Fitted Atomtypes 
               A        
Ar(0)        3.796538
               A        
HT2(0)        0.965826
               A        
CT2(0)        6.640727
Constrained Atomtypes 
  None
------------
Exchange RMS Error: 4.31702e-04
Exchange Weighted RMS Error: 8.29347e-05
Exchange Weighted Absolute Error: 4.59503e-06
Exchange Weighted Least-Squares Error: 9.99594e-06
--------------------------------------------
Electrostatic Parameters:
    Functional Form = 
	E(elst)_ij = f_damp*qi*qj/rij - A*K2(rij)*(1 + a_yml*Y_ml)*exp(-bij*rij)
Fitted Atomtypes 
               A        
Ar(0)        2.348592
               A        
HT2(0)        0.504135
               A        
CT2(0)        3.557122
Constrained Atomtypes 
  None
------------
Electrostatics RMS Error: 1.77960e-04
Electrostatics Weighted RMS Error: 4.13752e-05
Electrostatics Weighted Absolute Error: 1.35174e-05
Electrostatics Weighted Least-Squares Error: 2.42881e-05
--------------------------------------------
Drude oscillator energy has been calculated using the following method: multipole-gradient
Induction Parameters:
    Functional Form = 
	E(ind)_ij = shell_charge - A*K2(rij)*(1 + a_yml*Y_ml)*exp(-bij*rij)
Fitted Atomtypes 
               A        
Ar(0)        0.353917
               A        
HT2(0)        0.265959
               A        
CT2(0)        1.098916
Constrained Atomtypes 
  None
------------
Induction RMS Error: 4.40952e-05
Induction Weighted RMS Error: 1.50729e-05
Induction Weighted Absolute Error: 8.21325e-06
Induction Weighted Least-Squares Error: 1.00933e-06
--------------------------------------------
DHF Parameters:
    Functional Form = 
	E(dhf)_ij = - A*K2(rij)*(1 + a_yml*Y_ml)*exp(-bij*rij)
Fitted Atomtypes 
               A        
Ar(0)        0.211012
               A        
HT2(0)        1.185215
               A        
CT2(0)        0.000000
Constrained Atomtypes 
  None
------------
Dhf RMS Error: 2.56781e-05
Dhf Weighted RMS Error: 3.94618e-06
Dhf Weighted Absolute Error: 2.45551e-06
Dhf Weighted Least-Squares Error: 3.58091e-07
--------------------------------------------
Dispersion Parameters:
    Functional Form = 
	E(disp)_ij = sum_(n=6,8,10,12){A*fdamp_n*(Cij_n/r_ij^n)}
               C6              C8             C10             C12       
Ar           8.426582       39.451011      194.132705      842.434187
HT2          1.498389        6.488268       33.240608        0.000000
CT2          4.847096       18.798288       63.256519      202.859856
Fitted Atomtypes 
               A        
Ar(0)        1.000000
               A        
HT2(0)        1.000000
               A        
CT2(0)        1.000000
Constrained Atomtypes 
  None
------------
Dispersion RMS Error: 8.14921e-05
Dispersion Weighted RMS Error: 3.42808e-05
Dispersion Weighted Absolute Error: -1.88990e-05
Dispersion Weighted Least-Squares Error: 4.63021e-06
--------------------------------------------
Total Energy:
------------
Total Energy RMS Error: 2.26364e-04
Total Energy Weighted RMS Error: 3.78090e-05
Total Energy Weighted Absolute Error: 9.88218e-06
Total Energy Weighted Least-Squares Error: 1.29876e-05
--------------------------------------------
#########################################################################


