########################## FF Fitting Summary ###########################
--------------------------------------------
Program Version: 1.1.0
Short-range Functional Form: born-mayer
Combination Rules: aij = geometric
                   bij = geometric_mean
Electrostatic Damping Type: None
Thole Param: 0.39
Fitting weight: eff_mu = 0.0 Ha
                eff_kt = 0.0021 Ha
Weighted RMSE cutoff: 0.0 Ha
Anisotropic Atomtypes: None
All parameters have been radially corrected to account for Slater overlap
This radial correction is approximate, and is only rigorous for the case where bi = bj.
------------
Exponents:
Ar(0)      2.220941
HT2(0)     2.169519
CT2(0)     2.261214
------------
Monomer 1 Multipole File:
ar_ISA-GRID_L0.mom
Monomer 2 Multipole File:
ethane_ISA-GRID_L0.mom
--------------------------------------------
Exchange Parameters:
    Functional Form = 
	E(exch)_ij = A*K2(rij)*(1 + a_yml*Y_ml)*exp(-bij*rij)
    where the a coefficient for each spherical harmonic term Y_ml
    is listed in the parameters below and 
	K2(rij) = 1/3*(bij*rij)**2 + bij*rij + 1 
Fitted Atomtypes 
  None
Constrained Atomtypes 
               A        
Ar(0)        6.842610
               A        
HT2(0)        0.588406
               A        
CT2(0)        3.214042
------------
Exchange RMS Error: 4.38882e-04
Exchange Weighted RMS Error: 4.38882e-04
Exchange Weighted Absolute Error: -7.44608e-06
Exchange Weighted Least-Squares Error: 2.19679e-06
--------------------------------------------
Electrostatic Parameters:
    Functional Form = 
	E(elst)_ij = f_damp*qi*qj/rij - A*K2(rij)*(1 + a_yml*Y_ml)*exp(-bij*rij)
Fitted Atomtypes 
  None
Constrained Atomtypes 
               A        
Ar(0)        3.951206
               A        
HT2(0)        0.293685
               A        
CT2(0)        2.141939
------------
Electrostatics RMS Error: 1.83749e-04
Electrostatics Weighted RMS Error: 1.83749e-04
Electrostatics Weighted Absolute Error: 5.35071e-06
Electrostatics Weighted Least-Squares Error: 3.12684e-05
--------------------------------------------
Drude oscillator energy has been calculated using the following method: multipole-gradient
Induction Parameters:
    Functional Form = 
	E(ind)_ij = shell_charge - A*K2(rij)*(1 + a_yml*Y_ml)*exp(-bij*rij)
Fitted Atomtypes 
  None
Constrained Atomtypes 
               A        
Ar(0)        0.890557
               A        
HT2(0)        0.114896
               A        
CT2(0)        0.276500
------------
Induction RMS Error: 4.46288e-05
Induction Weighted RMS Error: 4.46288e-05
Induction Weighted Absolute Error: 7.72152e-06
Induction Weighted Least-Squares Error: 1.13179e-06
--------------------------------------------
DHF Parameters:
    Functional Form = 
	E(dhf)_ij = - A*K2(rij)*(1 + a_yml*Y_ml)*exp(-bij*rij)
Fitted Atomtypes 
  None
Constrained Atomtypes 
               A        
Ar(0)        1.374643
               A        
HT2(0)        0.200317
               A        
CT2(0)        0.092332
------------
Dhf RMS Error: 4.81919e-05
Dhf Weighted RMS Error: 4.81919e-05
Dhf Weighted Absolute Error: 5.56530e-06
Dhf Weighted Least-Squares Error: 1.43929e-06
--------------------------------------------
Dispersion Parameters:
    Functional Form = 
	E(disp)_ij = sum_(n=6,8,10,12){A*fdamp_n*(Cij_n/r_ij^n)}
               C6              C8             C10             C12       
Ar           8.426582       39.451011      194.132705      842.434187
HT2          1.498389        6.488268       33.240608        0.000000
CT2          4.847096       18.798288       63.256519      202.859856
Fitted Atomtypes 
  None
Constrained Atomtypes 
               A        
Ar(0)        1.000000
               A        
HT2(0)        1.000000
               A        
CT2(0)        1.000000
------------
Dispersion RMS Error: 7.57742e-05
Dispersion Weighted RMS Error: 7.57742e-05
Dispersion Weighted Absolute Error: -1.74768e-05
Dispersion Weighted Least-Squares Error: 4.92026e-06
--------------------------------------------
Total Energy:
------------
Total Energy RMS Error: 2.81373e-04
Total Energy Weighted RMS Error: 2.81373e-04
Total Energy Weighted Absolute Error: -6.28540e-06
Total Energy Weighted Least-Squares Error: 1.37158e-05
--------------------------------------------
#########################################################################


