########################## FF Fitting Summary ###########################
--------------------------------------------
Program Version: 1.1.0
Short-range Functional Form: born-mayer
Combination Rules: aij = geometric
                   bij = geometric_mean
Electrostatic Damping Type: None
Thole Param: 0.39
Fitting weight: eff_mu = 0.0 Ha
                eff_kt = 0.0029 Ha
Weighted RMSE cutoff: 0.0 Ha
Anisotropic Atomtypes: H2O  OH2  
All parameters have been radially corrected to account for Slater overlap
This radial correction is approximate, and is only rigorous for the case where bi = bj.
------------
Exponents:
CT4(0)     1.983284
H2O(0)     2.333626
HT4(0)     2.284224
OH2(0)     2.182379
------------
Monomer 1 Multipole File:
h2o_ISA-GRID_L2.mom
Monomer 2 Multipole File:
methane_ISA-GRID_L2.mom
--------------------------------------------
Exchange Parameters:
    Functional Form = 
	E(exch)_ij = A*K2(rij)*(1 + a_yml*Y_ml)*exp(-bij*rij)
    where the a coefficient for each spherical harmonic term Y_ml
    is listed in the parameters below and 
	K2(rij) = 1/3*(bij*rij)**2 + bij*rij + 1 
Fitted Atomtypes 
  None
Constrained Atomtypes 
               A        
CT4(0)        2.302355
               A             a_y10           a_y20      
H2O(0)        0.491262        0.370677        0.035472
               A        
HT4(0)        0.643486
               A             a_y10           a_y20           a_y22c     
OH2(0)        2.882381        0.033497        0.056739       -0.318193
------------
Exchange RMS Error: 3.49579e-04
Exchange Weighted RMS Error: 8.77280e-05
Exchange Weighted Absolute Error: -1.57410e-05
Exchange Weighted Least-Squares Error: 3.16765e-06
--------------------------------------------
Electrostatic Parameters:
    Functional Form = 
	E(elst)_ij = f_damp*qi*qj/rij - A*K2(rij)*(1 + a_yml*Y_ml)*exp(-bij*rij)
Fitted Atomtypes 
  None
Constrained Atomtypes 
               A        
CT4(0)        1.554263
               A             a_y10           a_y20      
H2O(0)        0.135525        0.565190        0.216843
               A        
HT4(0)        0.298062
               A             a_y10           a_y20           a_y22c     
OH2(0)        2.071946        0.176707        0.062821       -0.299709
------------
Electrostatics RMS Error: 1.82922e-04
Electrostatics Weighted RMS Error: 8.76668e-05
Electrostatics Weighted Absolute Error: 2.26621e-05
Electrostatics Weighted Least-Squares Error: 2.78042e-05
--------------------------------------------
Drude oscillator energy has been calculated using the following method: multipole-gradient
Induction Parameters:
    Functional Form = 
	E(ind)_ij = shell_charge - A*K2(rij)*(1 + a_yml*Y_ml)*exp(-bij*rij)
Fitted Atomtypes 
  None
Constrained Atomtypes 
               A        
CT4(0)        0.056826
               A             a_y10           a_y20      
H2O(0)        0.165670       -0.068043       -0.314647
               A        
HT4(0)        0.149836
               A             a_y10           a_y20           a_y22c     
OH2(0)        0.000000        0.179147        0.041294        0.161168
------------
Induction RMS Error: 7.95521e-05
Induction Weighted RMS Error: 1.62496e-05
Induction Weighted Absolute Error: 5.92139e-07
Induction Weighted Least-Squares Error: 3.62885e-06
--------------------------------------------
DHF Parameters:
    Functional Form = 
	E(dhf)_ij = - A*K2(rij)*(1 + a_yml*Y_ml)*exp(-bij*rij)
Fitted Atomtypes 
  None
Constrained Atomtypes 
               A        
CT4(0)        0.102276
               A             a_y10           a_y20      
H2O(0)        0.084218       -1.000000       -0.113042
               A        
HT4(0)        0.226052
               A             a_y10           a_y20           a_y22c     
OH2(0)        0.576821       -0.272884        0.004248       -0.351951
------------
Dhf RMS Error: 4.35928e-05
Dhf Weighted RMS Error: 8.89694e-06
Dhf Weighted Absolute Error: 4.34161e-06
Dhf Weighted Least-Squares Error: 1.15533e-06
--------------------------------------------
Dispersion Parameters:
    Functional Form = 
	E(disp)_ij = sum_(n=6,8,10,12){A*fdamp_n*(Cij_n/r_ij^n)}
               C6              C8             C10             C12       
CT4          4.847096       18.798288       63.256519      202.859856
H2O          0.880629        1.744112       16.442916        0.000000
HT4          1.498389        6.488268       33.240608        0.000000
OH2          5.035664       23.165974      110.758015      470.057253
Fitted Atomtypes 
  None
Constrained Atomtypes 
               A        
CT4(0)        1.000000
               A             a_y10           a_y20      
H2O(0)        1.000000       -0.148365       -0.011921
               A        
HT4(0)        1.000000
               A             a_y10           a_y20           a_y22c     
OH2(0)        1.000000        0.024298        0.026508       -0.104229
------------
Dispersion RMS Error: 7.75509e-05
Dispersion Weighted RMS Error: 1.49088e-05
Dispersion Weighted Absolute Error: -2.48758e-07
Dispersion Weighted Least-Squares Error: 5.45919e-06
--------------------------------------------
Total Energy:
------------
Total Energy RMS Error: 2.81152e-04
Total Energy Weighted RMS Error: 7.30702e-05
Total Energy Weighted Absolute Error: 1.16061e-05
Total Energy Weighted Least-Squares Error: 1.53664e-05
--------------------------------------------
#########################################################################


