########################## FF Fitting Summary ###########################
--------------------------------------------
Program Version: 1.1.0
Short-range Functional Form: born-mayer
Combination Rules: aij = geometric
                   bij = geometric_mean
Electrostatic Damping Type: None
Thole Param: 0.39
Fitting weight: eff_mu = 0.0 Ha
                eff_kt = 0.0073 Ha
Weighted RMSE cutoff: 0.0 Ha
Anisotropic Atomtypes: H2O  OH2  
All parameters have been radially corrected to account for Slater overlap
This radial correction is approximate, and is only rigorous for the case where bi = bj.
------------
Exponents (Optimized):
CT4(0)     2.000896
H2O(0)     2.285874
HT4(0)     2.351175
OH2(0)     2.138803
------------
Monomer 1 Multipole File:
h2o_ISA-GRID_L2.mom
Monomer 2 Multipole File:
methane_ISA-GRID_L2.mom
--------------------------------------------
Exchange Parameters:
    Functional Form = 
	E(exch)_ij = A*K2(rij)*(1 + a_yml*Y_ml)*exp(-bij*rij)
    where the a coefficient for each spherical harmonic term Y_ml
    is listed in the parameters below and 
	K2(rij) = 1/3*(bij*rij)**2 + bij*rij + 1 
Fitted Atomtypes 
               A        
CT4(0)        2.487617
               A        
HT4(0)        0.670201
               A             a_y10           a_y20      
H2O(0)        0.515238        0.437324        0.070361
               A             a_y10           a_y20           a_y22c     
OH2(0)        2.592290        0.006624        0.053595       -0.389155
Constrained Atomtypes 
  None
------------
Exchange RMS Error: 3.45799e-04
Exchange Weighted RMS Error: 6.90027e-05
Exchange Weighted Absolute Error: -4.24575e-06
Exchange Weighted Least-Squares Error: 7.88791e-06
--------------------------------------------
Electrostatic Parameters:
    Functional Form = 
	E(elst)_ij = f_damp*qi*qj/rij - A*K2(rij)*(1 + a_yml*Y_ml)*exp(-bij*rij)
Fitted Atomtypes 
               A        
CT4(0)        1.503290
               A        
HT4(0)        0.264617
               A             a_y10           a_y20      
H2O(0)        0.401396        1.000000        0.271445
               A             a_y10           a_y20           a_y22c     
OH2(0)        1.769040       -0.050351        0.050690       -0.461052
Constrained Atomtypes 
  None
------------
Electrostatics RMS Error: 1.64922e-04
Electrostatics Weighted RMS Error: 8.51830e-05
Electrostatics Weighted Absolute Error: 1.82414e-05
Electrostatics Weighted Least-Squares Error: 1.79843e-05
--------------------------------------------
Drude oscillator energy has been calculated using the following method: multipole-gradient
Induction Parameters:
    Functional Form = 
	E(ind)_ij = shell_charge - A*K2(rij)*(1 + a_yml*Y_ml)*exp(-bij*rij)
Fitted Atomtypes 
               A        
CT4(0)        0.161832
               A        
HT4(0)        0.022966
               A             a_y10           a_y20      
H2O(0)        0.297953       -1.000000       -0.620776
               A             a_y10           a_y20           a_y22c     
OH2(0)        0.000000       -0.990811       -0.101991       -0.657827
Constrained Atomtypes 
  None
------------
Induction RMS Error: 6.02191e-05
Induction Weighted RMS Error: 1.13284e-05
Induction Weighted Absolute Error: -1.99733e-06
Induction Weighted Least-Squares Error: 1.93642e-06
--------------------------------------------
DHF Parameters:
    Functional Form = 
	E(dhf)_ij = - A*K2(rij)*(1 + a_yml*Y_ml)*exp(-bij*rij)
Fitted Atomtypes 
               A        
CT4(0)        0.098087
               A        
HT4(0)        0.289657
               A             a_y10           a_y20      
H2O(0)        0.063262       -1.000000        0.225917
               A             a_y10           a_y20           a_y22c     
OH2(0)        0.518636       -0.112661        0.032776       -0.208879
Constrained Atomtypes 
  None
------------
Dhf RMS Error: 4.19086e-05
Dhf Weighted RMS Error: 9.26535e-06
Dhf Weighted Absolute Error: 4.88175e-06
Dhf Weighted Least-Squares Error: 9.46201e-07
--------------------------------------------
Dispersion Parameters:
    Functional Form = 
	E(disp)_ij = sum_(n=6,8,10,12){A*fdamp_n*(Cij_n/r_ij^n)}
               C6              C8             C10             C12       
CT4          4.847096       18.798288       63.256519      202.859856
H2O          0.880629        1.744112       16.442916        0.000000
HT4          1.498389        6.488268       33.240608        0.000000
OH2          5.035664       23.165974      110.758015      470.057253
Fitted Atomtypes 
               A        
CT4(0)        1.000000
               A        
HT4(0)        1.000000
               A             a_y10           a_y20      
H2O(0)        1.000000       -0.296856       -0.127003
               A             a_y10           a_y20           a_y22c     
OH2(0)        1.000000       -0.013578        0.022177       -0.136884
Constrained Atomtypes 
  None
------------
Dispersion RMS Error: 5.48702e-05
Dispersion Weighted RMS Error: 2.25879e-05
Dispersion Weighted Absolute Error: 1.15251e-05
Dispersion Weighted Least-Squares Error: 2.07975e-06
--------------------------------------------
Total Energy:
------------
Total Energy RMS Error: 3.17042e-04
Total Energy Weighted RMS Error: 7.88377e-05
Total Energy Weighted Absolute Error: 2.84053e-05
Total Energy Weighted Least-Squares Error: 2.78193e-05
--------------------------------------------
#########################################################################


