########################## FF Fitting Summary ###########################
--------------------------------------------
Program Version: 1.1.0
Short-range Functional Form: born-mayer
Combination Rules: aij = geometric
                   bij = geometric_mean
Electrostatic Damping Type: None
Thole Param: 0.39
Fitting weight: eff_mu = 0.0 Ha
                eff_kt = 0.0113 Ha
Weighted RMSE cutoff: 0.0 Ha
Anisotropic Atomtypes: HN1  N1   
All parameters have been radially corrected to account for Slater overlap
This radial correction is approximate, and is only rigorous for the case where bi = bj.
------------
Exponents (Optimized):
CN(0)      2.026585
CT2(0)     2.284425
HN1(0)     2.451449
HT2(0)     2.110604
N1(0)      1.939834
HT9(0)     2.286205
------------
Monomer 1 Multipole File:
ethane_ISA-GRID_L2.mom
Monomer 2 Multipole File:
methyl_amine_ISA-GRID_L2.mom
--------------------------------------------
Exchange Parameters:
    Functional Form = 
	E(exch)_ij = A*K2(rij)*(1 + a_yml*Y_ml)*exp(-bij*rij)
    where the a coefficient for each spherical harmonic term Y_ml
    is listed in the parameters below and 
	K2(rij) = 1/3*(bij*rij)**2 + bij*rij + 1 
Fitted Atomtypes 
               A        
HT9(0)        0.770757
               A        
CN(0)        2.499106
               A        
CT2(0)        3.148640
               A        
HT2(0)        0.443717
               A             a_y10           a_y20      
HN1(0)        0.867868       -0.023840       -0.243521
               A             a_y10           a_y20           a_y22c     
N1(0)        1.801264       -0.356883        0.881844        0.088906
Constrained Atomtypes 
  None
------------
Exchange RMS Error: 6.69051e-04
Exchange Weighted RMS Error: 2.15671e-04
Exchange Weighted Absolute Error: 1.58269e-06
Exchange Weighted Least-Squares Error: 5.88037e-05
--------------------------------------------
Electrostatic Parameters:
    Functional Form = 
	E(elst)_ij = f_damp*qi*qj/rij - A*K2(rij)*(1 + a_yml*Y_ml)*exp(-bij*rij)
Fitted Atomtypes 
               A        
HT9(0)        0.388212
               A        
CN(0)        1.785698
               A        
CT2(0)        1.909238
               A        
HT2(0)        0.205462
               A             a_y10           a_y20      
HN1(0)        0.336606       -0.298262       -0.558920
               A             a_y10           a_y20           a_y22c     
N1(0)        1.578642       -0.139145        0.798831       -0.031670
Constrained Atomtypes 
  None
------------
Electrostatics RMS Error: 2.63147e-04
Electrostatics Weighted RMS Error: 8.57225e-05
Electrostatics Weighted Absolute Error: 7.21481e-06
Electrostatics Weighted Least-Squares Error: 4.54719e-05
--------------------------------------------
Drude oscillator energy has been calculated using the following method: multipole-gradient
Induction Parameters:
    Functional Form = 
	E(ind)_ij = shell_charge - A*K2(rij)*(1 + a_yml*Y_ml)*exp(-bij*rij)
Fitted Atomtypes 
               A        
HT9(0)        0.588305
               A        
CN(0)        0.046577
               A        
CT2(0)        0.105933
               A        
HT2(0)        0.024501
               A             a_y10           a_y20      
HN1(0)        0.770693        0.514506        0.426408
               A             a_y10           a_y20           a_y22c     
N1(0)        0.570134        1.000000       -1.000000       -0.322638
Constrained Atomtypes 
  None
------------
Induction RMS Error: 7.45664e-05
Induction Weighted RMS Error: 1.95721e-05
Induction Weighted Absolute Error: 4.88738e-06
Induction Weighted Least-Squares Error: 2.84848e-06
--------------------------------------------
DHF Parameters:
    Functional Form = 
	E(dhf)_ij = - A*K2(rij)*(1 + a_yml*Y_ml)*exp(-bij*rij)
Fitted Atomtypes 
               A        
HT9(0)        0.873669
               A        
CN(0)        0.220828
               A        
CT2(0)        0.000000
               A        
HT2(0)        0.051496
               A             a_y10           a_y20      
HN1(0)        0.469090       -1.000000       -0.219364
               A             a_y10           a_y20           a_y22c     
N1(0)        1.450361       -0.338545        0.598514        0.112842
Constrained Atomtypes 
  None
------------
Dhf RMS Error: 7.90245e-05
Dhf Weighted RMS Error: 2.34089e-05
Dhf Weighted Absolute Error: 1.21490e-05
Dhf Weighted Least-Squares Error: 3.22789e-06
--------------------------------------------
Dispersion Parameters:
    Functional Form = 
	E(disp)_ij = sum_(n=6,8,10,12){A*fdamp_n*(Cij_n/r_ij^n)}
               C6              C8             C10             C12       
CN           4.966795       19.262513       64.818644      207.869495
CT2          4.847096       18.798288       63.256519      202.859856
HN1          1.306964        4.117935       31.050725        0.000000
HT2          1.498389        6.488268       33.240608        0.000000
N1           4.878202       25.576829      142.574149      704.112767
HT9          1.535392        6.648497       34.061487        0.000000
Fitted Atomtypes 
               A        
HT9(0)        1.000000
               A        
CN(0)        1.000000
               A        
CT2(0)        1.000000
               A        
HT2(0)        1.000000
               A             a_y10           a_y20      
HN1(0)        1.000000        0.134671        0.060354
               A             a_y10           a_y20           a_y22c     
N1(0)        1.000000       -0.159574        0.283756        0.051351
Constrained Atomtypes 
  None
------------
Dispersion RMS Error: 1.47320e-04
Dispersion Weighted RMS Error: 7.29483e-05
Dispersion Weighted Absolute Error: 3.52243e-06
Dispersion Weighted Least-Squares Error: 1.36724e-05
--------------------------------------------
Total Energy:
------------
Total Energy RMS Error: 3.81480e-04
Total Energy Weighted RMS Error: 1.19097e-04
Total Energy Weighted Absolute Error: 2.93563e-05
Total Energy Weighted Least-Squares Error: 5.23699e-05
--------------------------------------------
#########################################################################


