########################## FF Fitting Summary ###########################
--------------------------------------------
Program Version: 1.1.0
Short-range Functional Form: born-mayer
Combination Rules: aij = geometric
                   bij = geometric_mean
Electrostatic Damping Type: None
Thole Param: 0.39
Fitting weight: eff_mu = 0.0 Ha
                eff_kt = 0.0113 Ha
Weighted RMSE cutoff: 0.0 Ha
Anisotropic Atomtypes: None
All parameters have been radially corrected to account for Slater overlap
This radial correction is approximate, and is only rigorous for the case where bi = bj.
------------
Exponents (Optimized):
CN(0)      2.114437
CT2(0)     2.295145
HN1(0)     2.458665
HT2(0)     2.164732
N1(0)      1.988446
HT9(0)     2.216837
------------
Monomer 1 Multipole File:
ethane_ISA-GRID_L0.mom
Monomer 2 Multipole File:
methyl_amine_ISA-GRID_L0.mom
--------------------------------------------
Exchange Parameters:
    Functional Form = 
	E(exch)_ij = A*K2(rij)*(1 + a_yml*Y_ml)*exp(-bij*rij)
    where the a coefficient for each spherical harmonic term Y_ml
    is listed in the parameters below and 
	K2(rij) = 1/3*(bij*rij)**2 + bij*rij + 1 
Fitted Atomtypes 
               A        
CN(0)        2.418030
               A        
CT2(0)        3.421864
               A        
HN1(0)        0.458939
               A        
HT2(0)        0.523434
               A        
N1(0)        3.286222
               A        
HT9(0)        0.646809
Constrained Atomtypes 
  None
------------
Exchange RMS Error: 1.08619e-03
Exchange Weighted RMS Error: 1.08619e-03
Exchange Weighted Absolute Error: 1.81973e-05
Exchange Weighted Least-Squares Error: 1.35415e-04
--------------------------------------------
Electrostatic Parameters:
    Functional Form = 
	E(elst)_ij = f_damp*qi*qj/rij - A*K2(rij)*(1 + a_yml*Y_ml)*exp(-bij*rij)
Fitted Atomtypes 
               A        
CN(0)        1.678298
               A        
CT2(0)        2.002781
               A        
HN1(0)        0.114303
               A        
HT2(0)        0.288689
               A        
N1(0)        2.242657
               A        
HT9(0)        0.295801
Constrained Atomtypes 
  None
------------
Electrostatics RMS Error: 4.49494e-04
Electrostatics Weighted RMS Error: 4.49494e-04
Electrostatics Weighted Absolute Error: -8.14726e-07
Electrostatics Weighted Least-Squares Error: 1.27596e-04
--------------------------------------------
Drude oscillator energy has been calculated using the following method: multipole-gradient
Induction Parameters:
    Functional Form = 
	E(ind)_ij = shell_charge - A*K2(rij)*(1 + a_yml*Y_ml)*exp(-bij*rij)
Fitted Atomtypes 
               A        
CN(0)        0.287539
               A        
CT2(0)        0.088946
               A        
HN1(0)        0.688860
               A        
HT2(0)        0.022482
               A        
N1(0)        1.477772
               A        
HT9(0)        0.619156
Constrained Atomtypes 
  None
------------
Induction RMS Error: 7.92779e-05
Induction Weighted RMS Error: 7.92779e-05
Induction Weighted Absolute Error: -2.55036e-06
Induction Weighted Least-Squares Error: 3.19182e-06
--------------------------------------------
DHF Parameters:
    Functional Form = 
	E(dhf)_ij = - A*K2(rij)*(1 + a_yml*Y_ml)*exp(-bij*rij)
Fitted Atomtypes 
               A        
CN(0)        0.000000
               A        
CT2(0)        0.000000
               A        
HN1(0)        0.972906
               A        
HT2(0)        0.030156
               A        
N1(0)        4.253926
               A        
HT9(0)        1.480451
Constrained Atomtypes 
  None
------------
Dhf RMS Error: 1.02010e-04
Dhf Weighted RMS Error: 1.02010e-04
Dhf Weighted Absolute Error: 6.19011e-06
Dhf Weighted Least-Squares Error: 5.36468e-06
--------------------------------------------
Dispersion Parameters:
    Functional Form = 
	E(disp)_ij = sum_(n=6,8,10,12){A*fdamp_n*(Cij_n/r_ij^n)}
               C6              C8             C10             C12       
CN           4.966795       19.262513       64.818644      207.869495
CT2          4.847096       18.798288       63.256519      202.859856
HN1          1.306964        4.117935       31.050725        0.000000
HT2          1.498389        6.488268       33.240608        0.000000
N1           4.878202       25.576829      142.574149      704.112767
HT9          1.535392        6.648497       34.061487        0.000000
Fitted Atomtypes 
               A        
CN(0)        1.000000
               A        
CT2(0)        1.000000
               A        
HN1(0)        1.000000
               A        
HT2(0)        1.000000
               A        
N1(0)        1.000000
               A        
HT9(0)        1.000000
Constrained Atomtypes 
  None
------------
Dispersion RMS Error: 3.37220e-04
Dispersion Weighted RMS Error: 3.37220e-04
Dispersion Weighted Absolute Error: 2.94241e-05
Dispersion Weighted Least-Squares Error: 7.32660e-05
--------------------------------------------
Total Energy:
------------
Total Energy RMS Error: 6.42166e-04
Total Energy Weighted RMS Error: 6.42166e-04
Total Energy Weighted Absolute Error: 5.04465e-05
Total Energy Weighted Least-Squares Error: 1.45166e-04
--------------------------------------------
#########################################################################


