########################## FF Fitting Summary ###########################
--------------------------------------------
Program Version: 1.1.0
Short-range Functional Form: born-mayer
Combination Rules: aij = geometric
                   bij = geometric_mean
Electrostatic Damping Type: None
Thole Param: 0.39
Fitting weight: eff_mu = 0.0 Ha
                eff_kt = 0.0253 Ha
Weighted RMSE cutoff: 0.0 Ha
Anisotropic Atomtypes: None
All parameters have been radially corrected to account for Slater overlap
This radial correction is approximate, and is only rigorous for the case where bi = bj.
------------
Exponents (Optimized):
CT1(0)     2.213356
OC(0)      2.205917
N(0)       2.031134
C=O(0)     2.702969
HN(0)      2.342619
HT1(0)     1.924585
------------
Monomer 1 Multipole File:
acetone_ISA-GRID_L2.mom
Monomer 2 Multipole File:
nh3_ISA-GRID_L2.mom
--------------------------------------------
Exchange Parameters:
    Functional Form = 
	E(exch)_ij = A*K2(rij)*(1 + a_yml*Y_ml)*exp(-bij*rij)
    where the a coefficient for each spherical harmonic term Y_ml
    is listed in the parameters below and 
	K2(rij) = 1/3*(bij*rij)**2 + bij*rij + 1 
Fitted Atomtypes 
               A        
CT1(0)        2.898352
               A        
OC(0)        2.355851
               A        
N(0)         4.211997
               A        
C=O(0)        3.338005
               A        
HN(0)        0.478128
               A        
HT1(0)        0.281494
Constrained Atomtypes 
  None
------------
Exchange RMS Error: 1.43679e-03
Exchange Weighted RMS Error: 5.30635e-04
Exchange Weighted Absolute Error: -2.39360e-05
Exchange Weighted Least-Squares Error: 5.07287e-04
--------------------------------------------
Electrostatic Parameters:
    Functional Form = 
	E(elst)_ij = f_damp*qi*qj/rij - A*K2(rij)*(1 + a_yml*Y_ml)*exp(-bij*rij)
Fitted Atomtypes 
               A        
CT1(0)        2.399277
               A        
OC(0)        1.756479
               A        
N(0)         2.524153
               A        
C=O(0)        1.361800
               A        
HN(0)        0.128763
               A        
HT1(0)        0.138890
Constrained Atomtypes 
  None
------------
Electrostatics RMS Error: 7.03808e-04
Electrostatics Weighted RMS Error: 2.69911e-04
Electrostatics Weighted Absolute Error: 1.62058e-05
Electrostatics Weighted Least-Squares Error: 2.67726e-04
--------------------------------------------
Drude oscillator energy has been calculated using the following method: multipole-gradient
Induction Parameters:
    Functional Form = 
	E(ind)_ij = shell_charge - A*K2(rij)*(1 + a_yml*Y_ml)*exp(-bij*rij)
Fitted Atomtypes 
               A        
CT1(0)        0.334444
               A        
OC(0)        0.096253
               A        
N(0)         0.000000
               A        
C=O(0)        1.422522
               A        
HN(0)        0.197510
               A        
HT1(0)        0.063252
Constrained Atomtypes 
  None
------------
Induction RMS Error: 1.02371e-04
Induction Weighted RMS Error: 3.88762e-05
Induction Weighted Absolute Error: -1.53011e-05
Induction Weighted Least-Squares Error: 4.91236e-06
--------------------------------------------
DHF Parameters:
    Functional Form = 
	E(dhf)_ij = - A*K2(rij)*(1 + a_yml*Y_ml)*exp(-bij*rij)
Fitted Atomtypes 
               A        
CT1(0)        0.000000
               A        
OC(0)        1.850929
               A        
N(0)         0.327578
               A        
C=O(0)        0.580911
               A        
HN(0)        0.048100
               A        
HT1(0)        0.287616
Constrained Atomtypes 
  None
------------
Dhf RMS Error: 1.37377e-04
Dhf Weighted RMS Error: 5.32668e-05
Dhf Weighted Absolute Error: 3.21658e-06
Dhf Weighted Least-Squares Error: 8.84975e-06
--------------------------------------------
Dispersion Parameters:
    Functional Form = 
	E(disp)_ij = sum_(n=6,8,10,12){A*fdamp_n*(Cij_n/r_ij^n)}
               C6              C8             C10             C12       
CT1          4.847096       18.798288       63.256519      202.859856
OC           4.783373       18.811595      100.656333      417.705964
N            4.878202       25.576829      142.574149      704.112767
C=O          3.661371       12.062782       78.048354      284.357981
HN           1.306964        4.117935       31.050725        0.000000
HT1          1.498389        6.488268       33.240608        0.000000
Fitted Atomtypes 
               A        
CT1(0)        1.000000
               A        
OC(0)        1.000000
               A        
N(0)         1.000000
               A        
C=O(0)        1.000000
               A        
HN(0)        1.000000
               A        
HT1(0)        1.000000
Constrained Atomtypes 
  None
------------
Dispersion RMS Error: 4.55474e-04
Dispersion Weighted RMS Error: 1.87894e-04
Dispersion Weighted Absolute Error: -2.32733e-05
Dispersion Weighted Least-Squares Error: 1.09212e-04
--------------------------------------------
Total Energy:
------------
Total Energy RMS Error: 6.74414e-04
Total Energy Weighted RMS Error: 2.42720e-04
Total Energy Weighted Absolute Error: -4.30881e-05
Total Energy Weighted Least-Squares Error: 1.78623e-04
--------------------------------------------
#########################################################################


