########################## FF Fitting Summary ###########################
--------------------------------------------
Program Version: 1.1.0
Short-range Functional Form: born-mayer
Combination Rules: aij = geometric
                   bij = geometric_mean
Electrostatic Damping Type: None
Thole Param: 0.39
Fitting weight: eff_mu = 0.0 Ha
                eff_kt = 0.0101 Ha
Weighted RMSE cutoff: 0.0 Ha
Anisotropic Atomtypes: HN   OC   N    
All parameters have been radially corrected to account for Slater overlap
This radial correction is approximate, and is only rigorous for the case where bi = bj.
------------
Exponents:
CT1(0)     1.819913
OC(0)      2.200783
N(0)       1.935779
C=O(0)     2.718321
HN(0)      2.492792
HT1(0)     2.333336
------------
Monomer 1 Multipole File:
acetone_ISA-GRID_L2.mom
Monomer 2 Multipole File:
nh3_ISA-GRID_L2.mom
--------------------------------------------
Exchange Parameters:
    Functional Form = 
	E(exch)_ij = A*K2(rij)*(1 + a_yml*Y_ml)*exp(-bij*rij)
    where the a coefficient for each spherical harmonic term Y_ml
    is listed in the parameters below and 
	K2(rij) = 1/3*(bij*rij)**2 + bij*rij + 1 
Fitted Atomtypes 
  None
Constrained Atomtypes 
               A        
CT1(0)        1.756864
               A             a_y10           a_y20           a_y22c     
OC(0)        2.800441       -0.219521       -0.210109        0.120144
               A             a_y10           a_y20      
N(0)         2.373201       -0.005339        0.434163
               A        
C=O(0)        4.914017
               A             a_y10           a_y20      
HN(0)        0.608786        0.038133       -0.050896
               A        
HT1(0)        0.633756
------------
Exchange RMS Error: 5.12371e-04
Exchange Weighted RMS Error: 5.12371e-04
Exchange Weighted Absolute Error: -3.21296e-06
Exchange Weighted Least-Squares Error: 3.04682e-05
--------------------------------------------
Electrostatic Parameters:
    Functional Form = 
	E(elst)_ij = f_damp*qi*qj/rij - A*K2(rij)*(1 + a_yml*Y_ml)*exp(-bij*rij)
Fitted Atomtypes 
  None
Constrained Atomtypes 
               A        
CT1(0)        1.128948
               A             a_y10           a_y20           a_y22c     
OC(0)        1.822973       -0.147986       -0.224111        0.165589
               A             a_y10           a_y20      
N(0)         1.844774        0.120323        0.399345
               A        
C=O(0)        2.345586
               A             a_y10           a_y20      
HN(0)        0.185500        0.624195        0.448310
               A        
HT1(0)        0.286881
------------
Electrostatics RMS Error: 2.90993e-04
Electrostatics Weighted RMS Error: 2.90993e-04
Electrostatics Weighted Absolute Error: 1.77776e-06
Electrostatics Weighted Least-Squares Error: 5.20425e-05
--------------------------------------------
Drude oscillator energy has been calculated using the following method: multipole-gradient
Induction Parameters:
    Functional Form = 
	E(ind)_ij = shell_charge - A*K2(rij)*(1 + a_yml*Y_ml)*exp(-bij*rij)
Fitted Atomtypes 
  None
Constrained Atomtypes 
               A        
CT1(0)        0.089053
               A             a_y10           a_y20           a_y22c     
OC(0)        0.031022        0.043159        1.000000       -1.000000
               A             a_y10           a_y20      
N(0)         0.000000        0.497124       -0.604145
               A        
C=O(0)        2.573738
               A             a_y10           a_y20      
HN(0)        0.338538        0.808333        0.445368
               A        
HT1(0)        0.157247
------------
Induction RMS Error: 1.05708e-04
Induction Weighted RMS Error: 1.05708e-04
Induction Weighted Absolute Error: -2.14374e-05
Induction Weighted Least-Squares Error: 5.43488e-06
--------------------------------------------
DHF Parameters:
    Functional Form = 
	E(dhf)_ij = - A*K2(rij)*(1 + a_yml*Y_ml)*exp(-bij*rij)
Fitted Atomtypes 
  None
Constrained Atomtypes 
               A        
CT1(0)        0.056533
               A             a_y10           a_y20           a_y22c     
OC(0)        0.542050       -1.000000       -0.656495       -0.199400
               A             a_y10           a_y20      
N(0)         0.434659       -0.308693        0.426525
               A        
C=O(0)        0.882379
               A             a_y10           a_y20      
HN(0)        0.136426       -1.000000        0.004754
               A        
HT1(0)        0.244537
------------
Dhf RMS Error: 1.19749e-04
Dhf Weighted RMS Error: 1.19749e-04
Dhf Weighted Absolute Error: 4.41933e-06
Dhf Weighted Least-Squares Error: 7.06253e-06
--------------------------------------------
Dispersion Parameters:
    Functional Form = 
	E(disp)_ij = sum_(n=6,8,10,12){A*fdamp_n*(Cij_n/r_ij^n)}
               C6              C8             C10             C12       
CT1          4.847096       18.798288       63.256519      202.859856
OC           4.783373       18.811595      100.656333      417.705964
N            4.878202       25.576829      142.574149      704.112767
C=O          3.661371       12.062782       78.048354      284.357981
HN           1.306964        4.117935       31.050725        0.000000
HT1          1.498389        6.488268       33.240608        0.000000
Fitted Atomtypes 
  None
Constrained Atomtypes 
               A        
CT1(0)        1.167041
               A             a_y10           a_y20           a_y22c     
OC(0)        0.814443       -0.563660       -0.232466       -0.012215
               A             a_y10           a_y20      
N(0)         1.205602       -0.047052        0.182657
               A        
C=O(0)        0.873823
               A             a_y10           a_y20      
HN(0)        0.772975        0.130971        0.129233
               A        
HT1(0)        0.946465
------------
Dispersion RMS Error: 7.64733e-05
Dispersion Weighted RMS Error: 7.64733e-05
Dispersion Weighted Absolute Error: -2.04783e-05
Dispersion Weighted Least-Squares Error: 3.48789e-06
--------------------------------------------
Total Energy:
------------
Total Energy RMS Error: 4.09154e-04
Total Energy Weighted RMS Error: 4.09154e-04
Total Energy Weighted Absolute Error: -3.89316e-05
Total Energy Weighted Least-Squares Error: 5.18775e-05
--------------------------------------------
#########################################################################


