########################## FF Fitting Summary ###########################
--------------------------------------------
Program Version: 1.1.0
Short-range Functional Form: born-mayer
Combination Rules: aij = geometric
                   bij = geometric_mean
Electrostatic Damping Type: None
Thole Param: 0.39
Fitting weight: eff_mu = 0.0 Ha
                eff_kt = 0.0253 Ha
Weighted RMSE cutoff: 0.0 Ha
Anisotropic Atomtypes: HN   OC   N    
All parameters have been radially corrected to account for Slater overlap
This radial correction is approximate, and is only rigorous for the case where bi = bj.
------------
Exponents (Optimized):
CT1(0)     1.957196
OC(0)      2.219673
N(0)       1.922861
C=O(0)     2.758503
HN(0)      2.467018
HT1(0)     2.175692
------------
Monomer 1 Multipole File:
acetone_ISA-GRID_L2.mom
Monomer 2 Multipole File:
nh3_ISA-GRID_L2.mom
--------------------------------------------
Exchange Parameters:
    Functional Form = 
	E(exch)_ij = A*K2(rij)*(1 + a_yml*Y_ml)*exp(-bij*rij)
    where the a coefficient for each spherical harmonic term Y_ml
    is listed in the parameters below and 
	K2(rij) = 1/3*(bij*rij)**2 + bij*rij + 1 
Fitted Atomtypes 
               A        
C=O(0)        4.082402
               A        
CT1(0)        1.405981
               A        
HT1(0)        0.317639
               A             a_y10           a_y20      
HN(0)        1.089982        0.320629        0.134142
               A             a_y10           a_y20           a_y22c     
OC(0)        1.626940       -0.419120       -0.296160        0.118586
               A             a_y10           a_y20      
N(0)         3.698296        0.020579        0.489782
Constrained Atomtypes 
  None
------------
Exchange RMS Error: 4.72151e-04
Exchange Weighted RMS Error: 4.72151e-04
Exchange Weighted Absolute Error: -1.70242e-06
Exchange Weighted Least-Squares Error: 5.07611e-05
--------------------------------------------
Electrostatic Parameters:
    Functional Form = 
	E(elst)_ij = f_damp*qi*qj/rij - A*K2(rij)*(1 + a_yml*Y_ml)*exp(-bij*rij)
Fitted Atomtypes 
               A        
C=O(0)        2.079627
               A        
CT1(0)        1.144575
               A        
HT1(0)        0.147723
               A             a_y10           a_y20      
HN(0)        0.794124        1.000000        0.437248
               A             a_y10           a_y20           a_y22c     
OC(0)        1.227342       -0.383130       -0.336549        0.142407
               A             a_y10           a_y20      
N(0)         1.868586       -0.008120        0.674869
Constrained Atomtypes 
  None
------------
Electrostatics RMS Error: 2.40094e-04
Electrostatics Weighted RMS Error: 2.40094e-04
Electrostatics Weighted Absolute Error: -2.17677e-06
Electrostatics Weighted Least-Squares Error: 3.00256e-05
--------------------------------------------
Drude oscillator energy has been calculated using the following method: multipole-gradient
Induction Parameters:
    Functional Form = 
	E(ind)_ij = shell_charge - A*K2(rij)*(1 + a_yml*Y_ml)*exp(-bij*rij)
Fitted Atomtypes 
               A        
C=O(0)        1.511567
               A        
CT1(0)        0.219374
               A        
HT1(0)        0.095824
               A             a_y10           a_y20      
HN(0)        0.179037       -0.635580       -0.431752
               A             a_y10           a_y20           a_y22c     
OC(0)        0.107558       -0.364657       -1.000000       -0.053944
               A             a_y10           a_y20      
N(0)         0.000000        0.215052       -0.069545
Constrained Atomtypes 
  None
------------
Induction RMS Error: 9.98171e-05
Induction Weighted RMS Error: 9.98171e-05
Induction Weighted Absolute Error: -1.68819e-05
Induction Weighted Least-Squares Error: 4.67338e-06
--------------------------------------------
DHF Parameters:
    Functional Form = 
	E(dhf)_ij = - A*K2(rij)*(1 + a_yml*Y_ml)*exp(-bij*rij)
Fitted Atomtypes 
               A        
C=O(0)        1.696977
               A        
CT1(0)        0.000000
               A        
HT1(0)        0.277991
               A             a_y10           a_y20      
HN(0)        0.055129       -1.000000        1.000000
               A             a_y10           a_y20           a_y22c     
OC(0)        0.782096       -1.000000       -0.452256       -0.030908
               A             a_y10           a_y20      
N(0)         0.468689        0.095802        0.338739
Constrained Atomtypes 
  None
------------
Dhf RMS Error: 9.29365e-05
Dhf Weighted RMS Error: 9.29365e-05
Dhf Weighted Absolute Error: 6.62605e-06
Dhf Weighted Least-Squares Error: 4.06299e-06
--------------------------------------------
Dispersion Parameters:
    Functional Form = 
	E(disp)_ij = sum_(n=6,8,10,12){A*fdamp_n*(Cij_n/r_ij^n)}
               C6              C8             C10             C12       
CT1          4.847096       18.798288       63.256519      202.859856
OC           4.783373       18.811595      100.656333      417.705964
N            4.878202       25.576829      142.574149      704.112767
C=O          3.661371       12.062782       78.048354      284.357981
HN           1.306964        4.117935       31.050725        0.000000
HT1          1.498389        6.488268       33.240608        0.000000
Fitted Atomtypes 
               A        
C=O(0)        0.869295
               A        
CT1(0)        1.088579
               A        
HT1(0)        1.137749
               A             a_y10           a_y20      
HN(0)        0.906231        0.362745        0.245463
               A             a_y10           a_y20           a_y22c     
OC(0)        0.881018       -0.499613       -0.213704       -0.013941
               A             a_y10           a_y20      
N(0)         1.052230       -0.037915        0.206099
Constrained Atomtypes 
  None
------------
Dispersion RMS Error: 7.31512e-05
Dispersion Weighted RMS Error: 7.31512e-05
Dispersion Weighted Absolute Error: -9.32524e-06
Dispersion Weighted Least-Squares Error: 2.78058e-06
--------------------------------------------
Total Energy:
------------
Total Energy RMS Error: 3.47204e-04
Total Energy Weighted RMS Error: 3.47204e-04
Total Energy Weighted Absolute Error: -2.34603e-05
Total Energy Weighted Least-Squares Error: 4.47912e-05
--------------------------------------------
#########################################################################


