########################## FF Fitting Summary ###########################
--------------------------------------------
Program Version: 1.1.0
Short-range Functional Form: born-mayer
Combination Rules: aij = geometric
                   bij = geometric_mean
Electrostatic Damping Type: None
Thole Param: 0.39
Fitting weight: eff_mu = 0.0 Ha
                eff_kt = 0.0101 Ha
Weighted RMSE cutoff: 0.0 Ha
Anisotropic Atomtypes: None
All parameters have been radially corrected to account for Slater overlap
This radial correction is approximate, and is only rigorous for the case where bi = bj.
------------
Exponents:
CT1(0)     1.894503
OC(0)      2.191569
N(0)       2.042178
C=O(0)     2.594692
HN(0)      2.213238
HT1(0)     2.251128
------------
Monomer 1 Multipole File:
acetone_ISA-GRID_L2.mom
Monomer 2 Multipole File:
nh3_ISA-GRID_L2.mom
--------------------------------------------
Exchange Parameters:
    Functional Form = 
	E(exch)_ij = A*K2(rij)*(1 + a_yml*Y_ml)*exp(-bij*rij)
    where the a coefficient for each spherical harmonic term Y_ml
    is listed in the parameters below and 
	K2(rij) = 1/3*(bij*rij)**2 + bij*rij + 1 
Fitted Atomtypes 
  None
Constrained Atomtypes 
               A        
CT1(0)        1.974741
               A        
OC(0)        3.009979
               A        
N(0)         3.261484
               A        
C=O(0)        3.327676
               A        
HN(0)        0.325609
               A        
HT1(0)        0.583943
------------
Exchange RMS Error: 1.48467e-03
Exchange Weighted RMS Error: 1.48467e-03
Exchange Weighted Absolute Error: -3.44610e-05
Exchange Weighted Least-Squares Error: 2.39468e-04
--------------------------------------------
Electrostatic Parameters:
    Functional Form = 
	E(elst)_ij = f_damp*qi*qj/rij - A*K2(rij)*(1 + a_yml*Y_ml)*exp(-bij*rij)
Fitted Atomtypes 
  None
Constrained Atomtypes 
               A        
CT1(0)        1.256873
               A        
OC(0)        1.885016
               A        
N(0)         2.294156
               A        
C=O(0)        1.698481
               A        
HN(0)        0.105210
               A        
HT1(0)        0.273429
------------
Electrostatics RMS Error: 7.17665e-04
Electrostatics Weighted RMS Error: 7.17665e-04
Electrostatics Weighted Absolute Error: 2.79709e-05
Electrostatics Weighted Least-Squares Error: 3.30024e-04
--------------------------------------------
Drude oscillator energy has been calculated using the following method: multipole-gradient
Induction Parameters:
    Functional Form = 
	E(ind)_ij = shell_charge - A*K2(rij)*(1 + a_yml*Y_ml)*exp(-bij*rij)
Fitted Atomtypes 
  None
Constrained Atomtypes 
               A        
CT1(0)        0.100633
               A        
OC(0)        0.029254
               A        
N(0)         0.064204
               A        
C=O(0)        2.012280
               A        
HN(0)        0.134932
               A        
HT1(0)        0.138196
------------
Induction RMS Error: 1.08779e-04
Induction Weighted RMS Error: 1.08779e-04
Induction Weighted Absolute Error: -1.62621e-05
Induction Weighted Least-Squares Error: 5.76485e-06
--------------------------------------------
DHF Parameters:
    Functional Form = 
	E(dhf)_ij = - A*K2(rij)*(1 + a_yml*Y_ml)*exp(-bij*rij)
Fitted Atomtypes 
  None
Constrained Atomtypes 
               A        
CT1(0)        0.051209
               A        
OC(0)        0.809209
               A        
N(0)         0.590966
               A        
C=O(0)        0.413886
               A        
HN(0)        0.112741
               A        
HT1(0)        0.216422
------------
Dhf RMS Error: 1.54972e-04
Dhf Weighted RMS Error: 1.54972e-04
Dhf Weighted Absolute Error: -9.31052e-07
Dhf Weighted Least-Squares Error: 1.18374e-05
--------------------------------------------
Dispersion Parameters:
    Functional Form = 
	E(disp)_ij = sum_(n=6,8,10,12){A*fdamp_n*(Cij_n/r_ij^n)}
               C6              C8             C10             C12       
CT1          4.847096       18.798288       63.256519      202.859856
OC           4.783373       18.811595      100.656333      417.705964
N            4.878202       25.576829      142.574149      704.112767
C=O          3.661371       12.062782       78.048354      284.357981
HN           1.306964        4.117935       31.050725        0.000000
HT1          1.498389        6.488268       33.240608        0.000000
Fitted Atomtypes 
  None
Constrained Atomtypes 
               A        
CT1(0)        0.881446
               A        
OC(0)        1.115496
               A        
N(0)         1.241149
               A        
C=O(0)        0.700000
               A        
HN(0)        0.751615
               A        
HT1(0)        1.095684
------------
Dispersion RMS Error: 1.97078e-04
Dispersion Weighted RMS Error: 1.97078e-04
Dispersion Weighted Absolute Error: -3.53712e-06
Dispersion Weighted Least-Squares Error: 2.34341e-05
--------------------------------------------
Total Energy:
------------
Total Energy RMS Error: 6.64492e-04
Total Energy Weighted RMS Error: 6.64492e-04
Total Energy Weighted Absolute Error: -2.72203e-05
Total Energy Weighted Least-Squares Error: 1.22493e-04
--------------------------------------------
#########################################################################


