########################## FF Fitting Summary ###########################
--------------------------------------------
Program Version: 1.1.0
Short-range Functional Form: born-mayer
Combination Rules: aij = geometric
                   bij = geometric_mean
Electrostatic Damping Type: None
Thole Param: 0.39
Fitting weight: eff_mu = 0.0 Ha
                eff_kt = 0.0057 Ha
Weighted RMSE cutoff: 0.0 Ha
Anisotropic Atomtypes: CM   O    HM   
All parameters have been radially corrected to account for Slater overlap
This radial correction is approximate, and is only rigorous for the case where bi = bj.
------------
Exponents:
HT7(0)     2.199197
CO(0)      2.102972
CM(0)      1.817015
O(0)       2.290632
HM(0)      2.464510
------------
Monomer 1 Multipole File:
dimethyl_ether_ISA-GRID_L2.mom
Monomer 2 Multipole File:
ethene_ISA-GRID_L2.mom
--------------------------------------------
Exchange Parameters:
    Functional Form = 
	E(exch)_ij = A*K2(rij)*(1 + a_yml*Y_ml)*exp(-bij*rij)
    where the a coefficient for each spherical harmonic term Y_ml
    is listed in the parameters below and 
	K2(rij) = 1/3*(bij*rij)**2 + bij*rij + 1 
Fitted Atomtypes 
  None
Constrained Atomtypes 
               A        
HT7(0)        0.610126
               A        
CO(0)        2.394140
               A             a_y22c     
CM(0)        1.904279       -0.256017
               A             a_y10           a_y20           a_y22c     
O(0)         1.716903       -0.748190        0.479788       -1.000000
               A             a_y10           a_y20      
HM(0)        0.476418       -1.000000       -0.417119
------------
Exchange RMS Error: 6.43859e-04
Exchange Weighted RMS Error: 6.43859e-04
Exchange Weighted Absolute Error: 1.72855e-05
Exchange Weighted Least-Squares Error: 2.20372e-05
--------------------------------------------
Electrostatic Parameters:
    Functional Form = 
	E(elst)_ij = f_damp*qi*qj/rij - A*K2(rij)*(1 + a_yml*Y_ml)*exp(-bij*rij)
Fitted Atomtypes 
  None
Constrained Atomtypes 
               A        
HT7(0)        0.305230
               A        
CO(0)        1.542017
               A             a_y22c     
CM(0)        1.382331       -0.108491
               A             a_y10           a_y20           a_y22c     
O(0)         1.133586       -0.873385        0.246797       -1.000000
               A             a_y10           a_y20      
HM(0)        0.144313       -1.000000       -0.079034
------------
Electrostatics RMS Error: 2.67631e-04
Electrostatics Weighted RMS Error: 2.67631e-04
Electrostatics Weighted Absolute Error: 1.62585e-05
Electrostatics Weighted Least-Squares Error: 5.27114e-05
--------------------------------------------
Drude oscillator energy has been calculated using the following method: multipole-gradient
Induction Parameters:
    Functional Form = 
	E(ind)_ij = shell_charge - A*K2(rij)*(1 + a_yml*Y_ml)*exp(-bij*rij)
Fitted Atomtypes 
  None
Constrained Atomtypes 
               A        
HT7(0)        0.119235
               A        
CO(0)        0.176392
               A             a_y22c     
CM(0)        0.288313       -0.132971
               A             a_y10           a_y20           a_y22c     
O(0)         0.226876        1.000000       -1.000000        0.885575
               A             a_y10           a_y20      
HM(0)        0.217522        1.000000        1.000000
------------
Induction RMS Error: 8.56808e-05
Induction Weighted RMS Error: 8.56808e-05
Induction Weighted Absolute Error: 5.21177e-06
Induction Weighted Least-Squares Error: 3.64770e-06
--------------------------------------------
DHF Parameters:
    Functional Form = 
	E(dhf)_ij = - A*K2(rij)*(1 + a_yml*Y_ml)*exp(-bij*rij)
Fitted Atomtypes 
  None
Constrained Atomtypes 
               A        
HT7(0)        0.213744
               A        
CO(0)        0.029288
               A             a_y22c     
CM(0)        0.313912       -0.661845
               A             a_y10           a_y20           a_y22c     
O(0)         0.452466       -1.000000        0.065837       -0.744245
               A             a_y10           a_y20      
HM(0)        0.300844       -0.014513       -0.028372
------------
Dhf RMS Error: 1.60952e-04
Dhf Weighted RMS Error: 1.60952e-04
Dhf Weighted Absolute Error: -8.30961e-06
Dhf Weighted Least-Squares Error: 1.39272e-05
--------------------------------------------
Dispersion Parameters:
    Functional Form = 
	E(disp)_ij = sum_(n=6,8,10,12){A*fdamp_n*(Cij_n/r_ij^n)}
               C6              C8             C10             C12       
HT7          1.498389        6.488268       33.240608        0.000000
CO           4.847096       18.798288       63.256519      202.859856
O            3.497808       16.327053       81.333632      354.498305
CM           5.544423       23.289281      120.277772      510.393921
HM           1.512843        6.550977       33.561806      144.894964
Fitted Atomtypes 
  None
Constrained Atomtypes 
               A        
HT7(0)        1.132974
               A        
CO(0)        0.855412
               A             a_y22c     
CM(0)        1.120846       -0.067490
               A             a_y10           a_y20           a_y22c     
O(0)         0.813524       -0.331208        0.213579       -0.287884
               A             a_y10           a_y20      
HM(0)        0.939274        0.413006        0.260903
------------
Dispersion RMS Error: 9.24537e-05
Dispersion Weighted RMS Error: 9.24537e-05
Dispersion Weighted Absolute Error: -1.40518e-05
Dispersion Weighted Least-Squares Error: 6.18025e-06
--------------------------------------------
Total Energy:
------------
Total Energy RMS Error: 4.55154e-04
Total Energy Weighted RMS Error: 4.55154e-04
Total Energy Weighted Absolute Error: 1.63945e-05
Total Energy Weighted Least-Squares Error: 5.39236e-05
--------------------------------------------
#########################################################################


