########################## FF Fitting Summary ###########################
--------------------------------------------
Program Version: 1.1.0
Short-range Functional Form: born-mayer
Combination Rules: aij = geometric
                   bij = geometric_mean
Electrostatic Damping Type: None
Thole Param: 0.39
Fitting weight: eff_mu = 0.0 Ha
                eff_kt = 0.0085 Ha
Weighted RMSE cutoff: 0.0 Ha
Anisotropic Atomtypes: CCO2 OCO  
All parameters have been radially corrected to account for Slater overlap
This radial correction is approximate, and is only rigorous for the case where bi = bj.
------------
Exponents (Optimized):
CT2(0)     2.323214
CCO2(0)    2.372565
OCO(0)     2.523175
HT2(0)     1.946896
------------
Monomer 1 Multipole File:
co2_ISA-GRID_L2.mom
Monomer 2 Multipole File:
ethane_ISA-GRID_L2.mom
--------------------------------------------
Exchange Parameters:
    Functional Form = 
	E(exch)_ij = A*K2(rij)*(1 + a_yml*Y_ml)*exp(-bij*rij)
    where the a coefficient for each spherical harmonic term Y_ml
    is listed in the parameters below and 
	K2(rij) = 1/3*(bij*rij)**2 + bij*rij + 1 
Fitted Atomtypes 
               A        
HT2(0)        0.445425
               A        
CT2(0)        5.841990
               A             a_y20      
CCO2(0)        3.481163        0.549720
               A             a_y10           a_y20      
OCO(0)        3.298180       -0.220830       -0.162959
Constrained Atomtypes 
  None
------------
Exchange RMS Error: 4.72454e-04
Exchange Weighted RMS Error: 1.04566e-04
Exchange Weighted Absolute Error: -8.62339e-07
Exchange Weighted Least-Squares Error: 2.16983e-05
--------------------------------------------
Electrostatic Parameters:
    Functional Form = 
	E(elst)_ij = f_damp*qi*qj/rij - A*K2(rij)*(1 + a_yml*Y_ml)*exp(-bij*rij)
Fitted Atomtypes 
               A        
HT2(0)        0.204888
               A        
CT2(0)        2.809435
               A             a_y20      
CCO2(0)        0.142875       -1.000000
               A             a_y10           a_y20      
OCO(0)        3.654608        0.460829        0.115435
Constrained Atomtypes 
  None
------------
Electrostatics RMS Error: 1.90268e-04
Electrostatics Weighted RMS Error: 5.15211e-05
Electrostatics Weighted Absolute Error: 1.24990e-05
Electrostatics Weighted Least-Squares Error: 2.61100e-05
--------------------------------------------
Drude oscillator energy has been calculated using the following method: multipole-gradient
Induction Parameters:
    Functional Form = 
	E(ind)_ij = shell_charge - A*K2(rij)*(1 + a_yml*Y_ml)*exp(-bij*rij)
Fitted Atomtypes 
               A        
HT2(0)        0.039521
               A        
CT2(0)        0.793302
               A             a_y20      
CCO2(0)        1.997268        0.837399
               A             a_y10           a_y20      
OCO(0)        0.289117        1.000000        0.527078
Constrained Atomtypes 
  None
------------
Induction RMS Error: 4.41994e-05
Induction Weighted RMS Error: 1.00745e-05
Induction Weighted Absolute Error: 3.03497e-06
Induction Weighted Least-Squares Error: 1.02065e-06
--------------------------------------------
DHF Parameters:
    Functional Form = 
	E(dhf)_ij = - A*K2(rij)*(1 + a_yml*Y_ml)*exp(-bij*rij)
Fitted Atomtypes 
               A        
HT2(0)        0.112397
               A        
CT2(0)        0.000000
               A             a_y20      
CCO2(0)        0.252972       -1.000000
               A             a_y10           a_y20      
OCO(0)        0.867906       -1.000000       -0.387957
Constrained Atomtypes 
  None
------------
Dhf RMS Error: 4.68119e-05
Dhf Weighted RMS Error: 1.56387e-05
Dhf Weighted Absolute Error: 1.01149e-05
Dhf Weighted Least-Squares Error: 1.15947e-06
--------------------------------------------
Dispersion Parameters:
    Functional Form = 
	E(disp)_ij = sum_(n=6,8,10,12){A*fdamp_n*(Cij_n/r_ij^n)}
               C6              C8             C10             C12       
CT2          4.847096       18.798288       63.256519      202.859856
CCO2         4.678946       20.766690       84.950595      399.352721
OCO          4.067865       17.049989       83.654105      339.409882
HT2          1.498389        6.488268       33.240608        0.000000
Fitted Atomtypes 
               A        
HT2(0)        1.000000
               A        
CT2(0)        1.000000
               A             a_y20      
CCO2(0)        1.000000        0.636300
               A             a_y10           a_y20      
OCO(0)        1.000000        0.113657        0.072321
Constrained Atomtypes 
  None
------------
Dispersion RMS Error: 1.06177e-04
Dispersion Weighted RMS Error: 4.71286e-05
Dispersion Weighted Absolute Error: -1.93797e-05
Dispersion Weighted Least-Squares Error: 7.62173e-06
--------------------------------------------
Total Energy:
------------
Total Energy RMS Error: 2.78632e-04
Total Energy Weighted RMS Error: 6.29191e-05
Total Energy Weighted Absolute Error: 5.40683e-06
Total Energy Weighted Least-Squares Error: 2.40817e-05
--------------------------------------------
#########################################################################


