########################## FF Fitting Summary ###########################
--------------------------------------------
Program Version: 1.1.0
Short-range Functional Form: born-mayer
Combination Rules: aij = geometric
                   bij = geometric_mean
Electrostatic Damping Type: None
Thole Param: 0.39
Fitting weight: eff_mu = 0.0 Ha
                eff_kt = 0.0034 Ha
Weighted RMSE cutoff: 0.0 Ha
Anisotropic Atomtypes: None
All parameters have been radially corrected to account for Slater overlap
This radial correction is approximate, and is only rigorous for the case where bi = bj.
------------
Exponents:
CT2(0)     2.261214
CCO2(0)    2.033668
OCO(0)     2.440921
HT2(0)     2.169519
------------
Monomer 1 Multipole File:
co2_ISA-GRID_L2.mom
Monomer 2 Multipole File:
ethane_ISA-GRID_L2.mom
--------------------------------------------
Exchange Parameters:
    Functional Form = 
	E(exch)_ij = A*K2(rij)*(1 + a_yml*Y_ml)*exp(-bij*rij)
    where the a coefficient for each spherical harmonic term Y_ml
    is listed in the parameters below and 
	K2(rij) = 1/3*(bij*rij)**2 + bij*rij + 1 
Fitted Atomtypes 
  None
Constrained Atomtypes 
               A        
CT2(0)        3.214042
               A        
CCO2(0)        1.413701
               A        
OCO(0)        4.285230
               A        
HT2(0)        0.588406
------------
Exchange RMS Error: 5.92683e-04
Exchange Weighted RMS Error: 1.25420e-04
Exchange Weighted Absolute Error: -8.30761e-06
Exchange Weighted Least-Squares Error: 7.80712e-06
--------------------------------------------
Electrostatic Parameters:
    Functional Form = 
	E(elst)_ij = f_damp*qi*qj/rij - A*K2(rij)*(1 + a_yml*Y_ml)*exp(-bij*rij)
Fitted Atomtypes 
  None
Constrained Atomtypes 
               A        
CT2(0)        2.165359
               A        
CCO2(0)        0.772448
               A        
OCO(0)        2.434611
               A        
HT2(0)        0.290517
------------
Electrostatics RMS Error: 2.71010e-04
Electrostatics Weighted RMS Error: 5.16780e-05
Electrostatics Weighted Absolute Error: 2.21859e-06
Electrostatics Weighted Least-Squares Error: 6.61588e-05
--------------------------------------------
Drude oscillator energy has been calculated using the following method: multipole-gradient
Induction Parameters:
    Functional Form = 
	E(ind)_ij = shell_charge - A*K2(rij)*(1 + a_yml*Y_ml)*exp(-bij*rij)
Fitted Atomtypes 
  None
Constrained Atomtypes 
               A        
CT2(0)        0.292336
               A        
CCO2(0)        0.558185
               A        
OCO(0)        0.328410
               A        
HT2(0)        0.110461
------------
Induction RMS Error: 6.99406e-05
Induction Weighted RMS Error: 2.08821e-05
Induction Weighted Absolute Error: 1.10116e-05
Induction Weighted Least-Squares Error: 2.62802e-06
--------------------------------------------
DHF Parameters:
    Functional Form = 
	E(dhf)_ij = - A*K2(rij)*(1 + a_yml*Y_ml)*exp(-bij*rij)
Fitted Atomtypes 
  None
Constrained Atomtypes 
               A        
CT2(0)        0.090472
               A        
CCO2(0)        0.086491
               A        
OCO(0)        1.010707
               A        
HT2(0)        0.200339
------------
Dhf RMS Error: 1.07446e-04
Dhf Weighted RMS Error: 2.25388e-05
Dhf Weighted Absolute Error: 1.28290e-05
Dhf Weighted Least-Squares Error: 6.60515e-06
--------------------------------------------
Dispersion Parameters:
    Functional Form = 
	E(disp)_ij = sum_(n=6,8,10,12){A*fdamp_n*(Cij_n/r_ij^n)}
               C6              C8             C10             C12       
OCO          4.067865       17.049989       83.654105      339.409882
CCO2         4.678946       20.766690       84.950595      399.352721
CT2          4.847096       18.798288       63.256519      202.859856
HT2          1.498389        6.488268       33.240608        0.000000
Fitted Atomtypes 
  None
Constrained Atomtypes 
               A        
CT2(0)        1.000000
               A        
CCO2(0)        1.000000
               A        
OCO(0)        1.000000
               A        
HT2(0)        1.000000
------------
Dispersion RMS Error: 3.01956e-04
Dispersion Weighted RMS Error: 1.40876e-04
Dispersion Weighted Absolute Error: 6.04771e-05
Dispersion Weighted Least-Squares Error: 7.97365e-05
--------------------------------------------
Total Energy:
------------
Total Energy RMS Error: 4.78682e-04
Total Energy Weighted RMS Error: 1.68383e-04
Total Energy Weighted Absolute Error: 7.82287e-05
Total Energy Weighted Least-Squares Error: 5.27525e-05
--------------------------------------------
#########################################################################


