########################## FF Fitting Summary ###########################
--------------------------------------------
Program Version: 1.1.0
Short-range Functional Form: born-mayer
Combination Rules: aij = geometric
                   bij = geometric_mean
Electrostatic Damping Type: None
Thole Param: 0.39
Fitting weight: eff_mu = 0.0 Ha
                eff_kt = 0.0068 Ha
Weighted RMSE cutoff: 0.0 Ha
Anisotropic Atomtypes: None
All parameters have been radially corrected to account for Slater overlap
This radial correction is approximate, and is only rigorous for the case where bi = bj.
------------
Exponents:
H2O(0)     1.564809
OH2(0)     2.488426
CM(0)      1.752710
HM(0)      2.763795
------------
Monomer 1 Multipole File:
ethene_ISA-GRID_L0.mom
Monomer 2 Multipole File:
h2o_ISA-GRID_L0.mom
--------------------------------------------
Exchange Parameters:
    Functional Form = 
	E(exch)_ij = A*K2(rij)*(1 + a_yml*Y_ml)*exp(-bij*rij)
    where the a coefficient for each spherical harmonic term Y_ml
    is listed in the parameters below and 
	K2(rij) = 1/3*(bij*rij)**2 + bij*rij + 1 
Fitted Atomtypes 
  None
Constrained Atomtypes 
               A        
H2O(0)        0.093056
               A        
OH2(0)        5.570999
               A        
CM(0)        1.840351
               A        
HM(0)        0.965378
------------
Exchange RMS Error: 1.17520e-03
Exchange Weighted RMS Error: 1.17520e-03
Exchange Weighted Absolute Error: -4.04527e-05
Exchange Weighted Least-Squares Error: 1.03117e-04
--------------------------------------------
Electrostatic Parameters:
    Functional Form = 
	E(elst)_ij = f_damp*qi*qj/rij - A*K2(rij)*(1 + a_yml*Y_ml)*exp(-bij*rij)
Fitted Atomtypes 
  None
Constrained Atomtypes 
               A        
H2O(0)        0.032756
               A        
OH2(0)        3.741217
               A        
CM(0)        1.238051
               A        
HM(0)        0.297726
------------
Electrostatics RMS Error: 6.10895e-04
Electrostatics Weighted RMS Error: 6.10895e-04
Electrostatics Weighted Absolute Error: -1.07985e-05
Electrostatics Weighted Least-Squares Error: 2.55266e-04
--------------------------------------------
Drude oscillator energy has been calculated using the following method: multipole-gradient
Induction Parameters:
    Functional Form = 
	E(ind)_ij = shell_charge - A*K2(rij)*(1 + a_yml*Y_ml)*exp(-bij*rij)
Fitted Atomtypes 
  None
Constrained Atomtypes 
               A        
H2O(0)        0.000000
               A        
OH2(0)        0.000000
               A        
CM(0)        0.302386
               A        
HM(0)        0.157297
------------
Induction RMS Error: 2.26214e-04
Induction Weighted RMS Error: 2.26214e-04
Induction Weighted Absolute Error: -1.72309e-05
Induction Weighted Least-Squares Error: 2.77129e-05
--------------------------------------------
DHF Parameters:
    Functional Form = 
	E(dhf)_ij = - A*K2(rij)*(1 + a_yml*Y_ml)*exp(-bij*rij)
Fitted Atomtypes 
  None
Constrained Atomtypes 
               A        
H2O(0)        0.023941
               A        
OH2(0)        1.154064
               A        
CM(0)        0.412724
               A        
HM(0)        0.353814
------------
Dhf RMS Error: 1.68004e-04
Dhf Weighted RMS Error: 1.68004e-04
Dhf Weighted Absolute Error: -5.37324e-06
Dhf Weighted Least-Squares Error: 1.52736e-05
--------------------------------------------
Dispersion Parameters:
    Functional Form = 
	E(disp)_ij = sum_(n=6,8,10,12){A*fdamp_n*(Cij_n/r_ij^n)}
               C6              C8             C10             C12       
H2O          0.880629        1.744112       16.442916        0.000000
CM           5.544423       23.289281      120.277772      510.393921
OH2          5.035664       23.165974      110.758015      470.057253
HM           1.512843        6.550977       33.561806      144.894964
Fitted Atomtypes 
  None
Constrained Atomtypes 
               A        
H2O(0)        1.000000
               A        
OH2(0)        1.000000
               A        
CM(0)        1.000000
               A        
HM(0)        1.000000
------------
Dispersion RMS Error: 7.35593e-04
Dispersion Weighted RMS Error: 7.35593e-04
Dispersion Weighted Absolute Error: 4.46851e-05
Dispersion Weighted Least-Squares Error: 3.65547e-04
--------------------------------------------
Total Energy:
------------
Total Energy RMS Error: 7.63681e-04
Total Energy Weighted RMS Error: 7.63681e-04
Total Energy Weighted Absolute Error: -2.91703e-05
Total Energy Weighted Least-Squares Error: 2.15639e-04
--------------------------------------------
#########################################################################


