########################## FF Fitting Summary ###########################
--------------------------------------------
Program Version: 1.1.0
Short-range Functional Form: born-mayer
Combination Rules: aij = geometric
                   bij = geometric_mean
Electrostatic Damping Type: None
Thole Param: 0.39
Fitting weight: eff_mu = 0.0 Ha
                eff_kt = 0.0068 Ha
Weighted RMSE cutoff: 0.0 Ha
Anisotropic Atomtypes: None
All parameters have been radially corrected to account for Slater overlap
This radial correction is approximate, and is only rigorous for the case where bi = bj.
------------
Exponents:
H2O(0)     1.564809
OH2(0)     2.488426
CM(0)      1.752710
HM(0)      2.763795
------------
Monomer 1 Multipole File:
ethene_ISA-GRID_L2.mom
Monomer 2 Multipole File:
h2o_ISA-GRID_L2.mom
--------------------------------------------
Exchange Parameters:
    Functional Form = 
	E(exch)_ij = A*K2(rij)*(1 + a_yml*Y_ml)*exp(-bij*rij)
    where the a coefficient for each spherical harmonic term Y_ml
    is listed in the parameters below and 
	K2(rij) = 1/3*(bij*rij)**2 + bij*rij + 1 
Fitted Atomtypes 
  None
Constrained Atomtypes 
               A        
H2O(0)        0.093056
               A        
OH2(0)        5.570999
               A        
CM(0)        1.840351
               A        
HM(0)        0.965378
------------
Exchange RMS Error: 1.17520e-03
Exchange Weighted RMS Error: 3.02197e-04
Exchange Weighted Absolute Error: -4.04527e-05
Exchange Weighted Least-Squares Error: 1.03117e-04
--------------------------------------------
Electrostatic Parameters:
    Functional Form = 
	E(elst)_ij = f_damp*qi*qj/rij - A*K2(rij)*(1 + a_yml*Y_ml)*exp(-bij*rij)
Fitted Atomtypes 
  None
Constrained Atomtypes 
               A        
H2O(0)        0.034153
               A        
OH2(0)        3.716275
               A        
CM(0)        1.267575
               A        
HM(0)        0.253946
------------
Electrostatics RMS Error: 5.70941e-04
Electrostatics Weighted RMS Error: 1.69060e-04
Electrostatics Weighted Absolute Error: 2.80653e-05
Electrostatics Weighted Least-Squares Error: 2.35289e-04
--------------------------------------------
Drude oscillator energy has been calculated using the following method: multipole-gradient
Induction Parameters:
    Functional Form = 
	E(ind)_ij = shell_charge - A*K2(rij)*(1 + a_yml*Y_ml)*exp(-bij*rij)
Fitted Atomtypes 
  None
Constrained Atomtypes 
               A        
H2O(0)        0.054241
               A        
OH2(0)        0.000000
               A        
CM(0)        0.282605
               A        
HM(0)        0.148134
------------
Induction RMS Error: 8.30604e-05
Induction Weighted RMS Error: 2.35872e-05
Induction Weighted Absolute Error: -1.63448e-07
Induction Weighted Least-Squares Error: 3.63666e-06
--------------------------------------------
DHF Parameters:
    Functional Form = 
	E(dhf)_ij = - A*K2(rij)*(1 + a_yml*Y_ml)*exp(-bij*rij)
Fitted Atomtypes 
  None
Constrained Atomtypes 
               A        
H2O(0)        0.023970
               A        
OH2(0)        1.159151
               A        
CM(0)        0.413923
               A        
HM(0)        0.352064
------------
Dhf RMS Error: 1.66266e-04
Dhf Weighted RMS Error: 4.88685e-05
Dhf Weighted Absolute Error: -5.06282e-06
Dhf Weighted Least-Squares Error: 1.49600e-05
--------------------------------------------
Dispersion Parameters:
    Functional Form = 
	E(disp)_ij = sum_(n=6,8,10,12){A*fdamp_n*(Cij_n/r_ij^n)}
               C6              C8             C10             C12       
H2O          0.880629        1.744112       16.442916        0.000000
CM           5.544423       23.289281      120.277772      510.393921
OH2          5.035664       23.165974      110.758015      470.057253
HM           1.512843        6.550977       33.561806      144.894964
Fitted Atomtypes 
  None
Constrained Atomtypes 
               A        
H2O(0)        1.000000
               A        
OH2(0)        1.000000
               A        
CM(0)        1.000000
               A        
HM(0)        1.000000
------------
Dispersion RMS Error: 7.35593e-04
Dispersion Weighted RMS Error: 2.69879e-04
Dispersion Weighted Absolute Error: 4.46851e-05
Dispersion Weighted Least-Squares Error: 3.65547e-04
--------------------------------------------
Total Energy:
------------
Total Energy RMS Error: 6.71027e-04
Total Energy Weighted RMS Error: 2.85766e-04
Total Energy Weighted Absolute Error: 2.70715e-05
Total Energy Weighted Least-Squares Error: 1.57549e-04
--------------------------------------------
#########################################################################


