########################## FF Fitting Summary ###########################
--------------------------------------------
Program Version: 1.1.0
Short-range Functional Form: born-mayer
Combination Rules: aij = geometric
                   bij = geometric_mean
Electrostatic Damping Type: None
Thole Param: 0.39
Fitting weight: eff_mu = 0.0 Ha
                eff_kt = 0.0169 Ha
Weighted RMSE cutoff: 0.0 Ha
Anisotropic Atomtypes: None
All parameters have been radially corrected to account for Slater overlap
This radial correction is approximate, and is only rigorous for the case where bi = bj.
------------
Exponents (Optimized):
H2O(0)     1.649796
OH2(0)     2.531355
CM(0)      1.709315
HM(0)      2.510478
------------
Monomer 1 Multipole File:
ethene_ISA-GRID_L0.mom
Monomer 2 Multipole File:
h2o_ISA-GRID_L0.mom
--------------------------------------------
Exchange Parameters:
    Functional Form = 
	E(exch)_ij = A*K2(rij)*(1 + a_yml*Y_ml)*exp(-bij*rij)
    where the a coefficient for each spherical harmonic term Y_ml
    is listed in the parameters below and 
	K2(rij) = 1/3*(bij*rij)**2 + bij*rij + 1 
Fitted Atomtypes 
               A        
H2O(0)        0.070670
               A        
OH2(0)        3.385793
               A        
CM(0)        2.865715
               A        
HM(0)        1.025148
Constrained Atomtypes 
  None
------------
Exchange RMS Error: 1.12956e-03
Exchange Weighted RMS Error: 1.12956e-03
Exchange Weighted Absolute Error: -5.16088e-05
Exchange Weighted Least-Squares Error: 2.79158e-04
--------------------------------------------
Electrostatic Parameters:
    Functional Form = 
	E(elst)_ij = f_damp*qi*qj/rij - A*K2(rij)*(1 + a_yml*Y_ml)*exp(-bij*rij)
Fitted Atomtypes 
               A        
H2O(0)        0.024547
               A        
OH2(0)        2.044830
               A        
CM(0)        2.101983
               A        
HM(0)        0.394903
Constrained Atomtypes 
  None
------------
Electrostatics RMS Error: 6.05688e-04
Electrostatics Weighted RMS Error: 6.05688e-04
Electrostatics Weighted Absolute Error: 2.52049e-06
Electrostatics Weighted Least-Squares Error: 2.10989e-04
--------------------------------------------
Drude oscillator energy has been calculated using the following method: multipole-gradient
Induction Parameters:
    Functional Form = 
	E(ind)_ij = shell_charge - A*K2(rij)*(1 + a_yml*Y_ml)*exp(-bij*rij)
Fitted Atomtypes 
               A        
H2O(0)        0.107212
               A        
OH2(0)        0.000000
               A        
CM(0)        0.164371
               A        
HM(0)        0.006386
Constrained Atomtypes 
  None
------------
Induction RMS Error: 1.22176e-04
Induction Weighted RMS Error: 1.22176e-04
Induction Weighted Absolute Error: 1.62106e-05
Induction Weighted Least-Squares Error: 7.43917e-06
--------------------------------------------
DHF Parameters:
    Functional Form = 
	E(dhf)_ij = - A*K2(rij)*(1 + a_yml*Y_ml)*exp(-bij*rij)
Fitted Atomtypes 
               A        
H2O(0)        0.019226
               A        
OH2(0)        0.749641
               A        
CM(0)        0.772588
               A        
HM(0)        0.267618
Constrained Atomtypes 
  None
------------
Dhf RMS Error: 1.42637e-04
Dhf Weighted RMS Error: 1.42637e-04
Dhf Weighted Absolute Error: 7.44547e-07
Dhf Weighted Least-Squares Error: 1.02912e-05
--------------------------------------------
Dispersion Parameters:
    Functional Form = 
	E(disp)_ij = sum_(n=6,8,10,12){A*fdamp_n*(Cij_n/r_ij^n)}
               C6              C8             C10             C12       
H2O          0.880629        1.744112       16.442916        0.000000
OH2          5.035664       23.165974      110.758015      470.057253
CM           5.544423       23.289281      120.277772      510.393921
HM           1.512843        6.550977       33.561806      144.894964
Fitted Atomtypes 
               A        
H2O(0)        1.300000
               A        
OH2(0)        0.900246
               A        
CM(0)        1.300000
               A        
HM(0)        0.700000
Constrained Atomtypes 
  None
Warning! Optimizer did not terminate successfully, but rather quit with the following error message:
ABNORMAL_TERMINATION_IN_LNSRCH
------------
Dispersion RMS Error: 2.78414e-04
Dispersion Weighted RMS Error: 2.78414e-04
Dispersion Weighted Absolute Error: -7.10020e-06
Dispersion Weighted Least-Squares Error: 4.42785e-05
--------------------------------------------
Total Energy:
------------
Total Energy RMS Error: 6.47056e-04
Total Energy Weighted RMS Error: 6.47056e-04
Total Energy Weighted Absolute Error: -3.92333e-05
Total Energy Weighted Least-Squares Error: 1.69387e-04
--------------------------------------------
#########################################################################


