########################## FF Fitting Summary ###########################
--------------------------------------------
Program Version: 1.1.0
Short-range Functional Form: born-mayer
Combination Rules: aij = geometric
                   bij = geometric_mean
Electrostatic Damping Type: None
Thole Param: 0.39
Fitting weight: eff_mu = 0.0 Ha
                eff_kt = 0.0014 Ha
Weighted RMSE cutoff: 0.0 Ha
Anisotropic Atomtypes: None
All parameters have been radially corrected to account for Slater overlap
This radial correction is approximate, and is only rigorous for the case where bi = bj.
------------
Exponents:
CT4(0)     1.983284
Ar(0)      2.220941
HT4(0)     2.284224
------------
Monomer 1 Multipole File:
ar_ISA-GRID_L2.mom
Monomer 2 Multipole File:
methane_ISA-GRID_L2.mom
--------------------------------------------
Exchange Parameters:
    Functional Form = 
	E(exch)_ij = A*K2(rij)*(1 + a_yml*Y_ml)*exp(-bij*rij)
    where the a coefficient for each spherical harmonic term Y_ml
    is listed in the parameters below and 
	K2(rij) = 1/3*(bij*rij)**2 + bij*rij + 1 
Fitted Atomtypes 
  None
Constrained Atomtypes 
               A        
CT4(0)        2.302355
               A        
Ar(0)        6.842610
               A        
HT4(0)        0.643486
------------
Exchange RMS Error: 2.19563e-04
Exchange Weighted RMS Error: 3.67858e-05
Exchange Weighted Absolute Error: -6.68840e-06
Exchange Weighted Least-Squares Error: 2.95513e-07
--------------------------------------------
Electrostatic Parameters:
    Functional Form = 
	E(elst)_ij = f_damp*qi*qj/rij - A*K2(rij)*(1 + a_yml*Y_ml)*exp(-bij*rij)
Fitted Atomtypes 
  None
Constrained Atomtypes 
               A        
CT4(0)        1.554263
               A        
Ar(0)        3.951206
               A        
HT4(0)        0.298062
------------
Electrostatics RMS Error: 1.16970e-04
Electrostatics Weighted RMS Error: 2.67471e-05
Electrostatics Weighted Absolute Error: 1.25171e-05
Electrostatics Weighted Least-Squares Error: 1.30515e-05
--------------------------------------------
Drude oscillator energy has been calculated using the following method: multipole-gradient
Induction Parameters:
    Functional Form = 
	E(ind)_ij = shell_charge - A*K2(rij)*(1 + a_yml*Y_ml)*exp(-bij*rij)
Fitted Atomtypes 
  None
Constrained Atomtypes 
               A        
CT4(0)        0.056826
               A        
Ar(0)        0.890557
               A        
HT4(0)        0.149836
------------
Induction RMS Error: 5.60604e-05
Induction Weighted RMS Error: 1.05507e-05
Induction Weighted Absolute Error: 5.88753e-06
Induction Weighted Least-Squares Error: 2.06205e-06
--------------------------------------------
DHF Parameters:
    Functional Form = 
	E(dhf)_ij = - A*K2(rij)*(1 + a_yml*Y_ml)*exp(-bij*rij)
Fitted Atomtypes 
  None
Constrained Atomtypes 
               A        
CT4(0)        0.102276
               A        
Ar(0)        1.374643
               A        
HT4(0)        0.226052
------------
Dhf RMS Error: 4.85281e-05
Dhf Weighted RMS Error: 2.87458e-06
Dhf Weighted Absolute Error: 1.67263e-06
Dhf Weighted Least-Squares Error: 1.59385e-06
--------------------------------------------
Dispersion Parameters:
    Functional Form = 
	E(disp)_ij = sum_(n=6,8,10,12){A*fdamp_n*(Cij_n/r_ij^n)}
               C6              C8             C10             C12       
CT4          4.847096       18.798288       63.256519      202.859856
Ar           8.426582       39.451011      194.132705      842.434187
HT4          1.498389        6.488268       33.240608        0.000000
Fitted Atomtypes 
  None
Constrained Atomtypes 
               A        
CT4(0)        1.000000
               A        
Ar(0)        1.000000
               A        
HT4(0)        1.000000
------------
Dispersion RMS Error: 5.45385e-05
Dispersion Weighted RMS Error: 2.19340e-05
Dispersion Weighted Absolute Error: -1.59055e-05
Dispersion Weighted Least-Squares Error: 2.78304e-06
--------------------------------------------
Total Energy:
------------
Total Energy RMS Error: 1.71503e-04
Total Energy Weighted RMS Error: 2.00307e-05
Total Energy Weighted Absolute Error: -2.51663e-06
Total Energy Weighted Least-Squares Error: 2.71323e-06
--------------------------------------------
#########################################################################


