########################## FF Fitting Summary ###########################
--------------------------------------------
Program Version: 1.1.0
Short-range Functional Form: born-mayer
Combination Rules: aij = geometric
                   bij = geometric_mean
Electrostatic Damping Type: None
Thole Param: 0.39
Fitting weight: eff_mu = 0.0 Ha
                eff_kt = 0.0034 Ha
Weighted RMSE cutoff: 0.0 Ha
Anisotropic Atomtypes: None
All parameters have been radially corrected to account for Slater overlap
This radial correction is approximate, and is only rigorous for the case where bi = bj.
------------
Exponents (Optimized):
CT4(0)     1.952832
Ar(0)      2.155298
HT4(0)     2.388892
------------
Monomer 1 Multipole File:
ar_ISA-GRID_L2.mom
Monomer 2 Multipole File:
methane_ISA-GRID_L2.mom
--------------------------------------------
Exchange Parameters:
    Functional Form = 
	E(exch)_ij = A*K2(rij)*(1 + a_yml*Y_ml)*exp(-bij*rij)
    where the a coefficient for each spherical harmonic term Y_ml
    is listed in the parameters below and 
	K2(rij) = 1/3*(bij*rij)**2 + bij*rij + 1 
Fitted Atomtypes 
               A        
CT4(0)        3.869759
               A        
Ar(0)        3.230580
               A        
HT4(0)        1.412748
Constrained Atomtypes 
  None
------------
Exchange RMS Error: 2.71489e-04
Exchange Weighted RMS Error: 3.66366e-05
Exchange Weighted Absolute Error: -1.09759e-06
Exchange Weighted Least-Squares Error: 1.29395e-06
--------------------------------------------
Electrostatic Parameters:
    Functional Form = 
	E(elst)_ij = f_damp*qi*qj/rij - A*K2(rij)*(1 + a_yml*Y_ml)*exp(-bij*rij)
Fitted Atomtypes 
               A        
CT4(0)        2.388956
               A        
Ar(0)        1.935868
               A        
HT4(0)        0.706066
Constrained Atomtypes 
  None
------------
Electrostatics RMS Error: 1.12915e-04
Electrostatics Weighted RMS Error: 3.53884e-05
Electrostatics Weighted Absolute Error: 2.00934e-05
Electrostatics Weighted Least-Squares Error: 1.04453e-05
--------------------------------------------
Drude oscillator energy has been calculated using the following method: multipole-gradient
Induction Parameters:
    Functional Form = 
	E(ind)_ij = shell_charge - A*K2(rij)*(1 + a_yml*Y_ml)*exp(-bij*rij)
Fitted Atomtypes 
               A        
CT4(0)        0.690578
               A        
Ar(0)        0.183772
               A        
HT4(0)        0.798118
Constrained Atomtypes 
  None
------------
Induction RMS Error: 4.98090e-05
Induction Weighted RMS Error: 1.39932e-05
Induction Weighted Absolute Error: 7.73218e-06
Induction Weighted Least-Squares Error: 1.35848e-06
--------------------------------------------
DHF Parameters:
    Functional Form = 
	E(dhf)_ij = - A*K2(rij)*(1 + a_yml*Y_ml)*exp(-bij*rij)
Fitted Atomtypes 
               A        
CT4(0)        0.282242
               A        
Ar(0)        0.297759
               A        
HT4(0)        1.041854
Constrained Atomtypes 
  None
------------
Dhf RMS Error: 3.99790e-05
Dhf Weighted RMS Error: 3.88816e-06
Dhf Weighted Absolute Error: -1.06871e-06
Dhf Weighted Least-Squares Error: 9.03817e-07
--------------------------------------------
Dispersion Parameters:
    Functional Form = 
	E(disp)_ij = sum_(n=6,8,10,12){A*fdamp_n*(Cij_n/r_ij^n)}
               C6              C8             C10             C12       
CT4          4.847096       18.798288       63.256519      202.859856
Ar           8.426582       39.451011      194.132705      842.434187
HT4          1.498389        6.488268       33.240608        0.000000
Fitted Atomtypes 
               A        
CT4(0)        1.000000
               A        
Ar(0)        1.000000
               A        
HT4(0)        1.000000
Constrained Atomtypes 
  None
------------
Dispersion RMS Error: 5.86119e-05
Dispersion Weighted RMS Error: 2.15766e-05
Dispersion Weighted Absolute Error: -1.56187e-05
Dispersion Weighted Least-Squares Error: 2.86221e-06
--------------------------------------------
Total Energy:
------------
Total Energy RMS Error: 1.75731e-04
Total Energy Weighted RMS Error: 3.05455e-05
Total Energy Weighted Absolute Error: 1.00406e-05
Total Energy Weighted Least-Squares Error: 5.20944e-06
--------------------------------------------
#########################################################################


