########################## FF Fitting Summary ###########################
--------------------------------------------
Program Version: 1.1.0
Short-range Functional Form: born-mayer
Combination Rules: aij = geometric
                   bij = geometric_mean
Electrostatic Damping Type: None
Thole Param: 0.39
Fitting weight: eff_mu = 0.0 Ha
                eff_kt = 0.0086 Ha
Weighted RMSE cutoff: 0.0 Ha
Anisotropic Atomtypes: HN1  N1   CCO2 OCO  
All parameters have been radially corrected to account for Slater overlap
This radial correction is approximate, and is only rigorous for the case where bi = bj.
------------
Exponents:
CCO2(0)    2.303225
OCO(0)     2.355902
HN1(0)     2.279018
N1(0)      2.092997
HT9(0)     2.196103
CN(0)      2.168243
------------
Monomer 1 Multipole File:
co2_ISA-GRID_L2.mom
Monomer 2 Multipole File:
methyl_amine_ISA-GRID_L2.mom
--------------------------------------------
Exchange Parameters:
    Functional Form = 
	E(exch)_ij = A*K2(rij)*(1 + a_yml*Y_ml)*exp(-bij*rij)
    where the a coefficient for each spherical harmonic term Y_ml
    is listed in the parameters below and 
	K2(rij) = 1/3*(bij*rij)**2 + bij*rij + 1 
Fitted Atomtypes 
  None
Constrained Atomtypes 
               A             a_y20      
CCO2(0)        2.772775        0.403146
               A             a_y10           a_y20      
OCO(0)        3.649414        0.019628       -0.085793
               A             a_y10           a_y20      
HN1(0)        0.323853       -1.000000       -0.506715
               A             a_y10           a_y20           a_y22c     
N1(0)        2.639311       -0.189298        0.634922        0.069328
               A        
HT9(0)        0.589525
               A        
CN(0)        2.812735
------------
Exchange RMS Error: 7.18883e-04
Exchange Weighted RMS Error: 7.18883e-04
Exchange Weighted Absolute Error: 3.62278e-05
Exchange Weighted Least-Squares Error: 5.64584e-05
--------------------------------------------
Electrostatic Parameters:
    Functional Form = 
	E(elst)_ij = f_damp*qi*qj/rij - A*K2(rij)*(1 + a_yml*Y_ml)*exp(-bij*rij)
Fitted Atomtypes 
  None
Constrained Atomtypes 
               A             a_y20      
CCO2(0)        2.754596        0.976792
               A             a_y10           a_y20      
OCO(0)        1.710383       -0.209142       -0.228234
               A             a_y10           a_y20      
HN1(0)        0.124026       -1.000000       -0.312179
               A             a_y10           a_y20           a_y22c     
N1(0)        1.989504       -0.013773        0.680912        0.087900
               A        
HT9(0)        0.306243
               A        
CN(0)        1.680541
------------
Electrostatics RMS Error: 3.83217e-04
Electrostatics Weighted RMS Error: 3.83217e-04
Electrostatics Weighted Absolute Error: -2.59753e-05
Electrostatics Weighted Least-Squares Error: 1.06999e-04
--------------------------------------------
Drude oscillator energy has been calculated using the following method: multipole-gradient
Induction Parameters:
    Functional Form = 
	E(ind)_ij = shell_charge - A*K2(rij)*(1 + a_yml*Y_ml)*exp(-bij*rij)
Fitted Atomtypes 
  None
Constrained Atomtypes 
               A             a_y20      
CCO2(0)        0.349191       -1.000000
               A             a_y10           a_y20      
OCO(0)        0.711855        1.000000        0.457775
               A             a_y10           a_y20      
HN1(0)        0.197588        0.579202        0.670307
               A             a_y10           a_y20           a_y22c     
N1(0)        0.258550        1.000000        0.603029       -0.231367
               A        
HT9(0)        0.088922
               A        
CN(0)        0.402591
------------
Induction RMS Error: 1.14847e-04
Induction Weighted RMS Error: 1.14847e-04
Induction Weighted Absolute Error: -4.76212e-06
Induction Weighted Least-Squares Error: 6.98935e-06
--------------------------------------------
DHF Parameters:
    Functional Form = 
	E(dhf)_ij = - A*K2(rij)*(1 + a_yml*Y_ml)*exp(-bij*rij)
Fitted Atomtypes 
  None
Constrained Atomtypes 
               A             a_y20      
CCO2(0)        0.328421       -1.000000
               A             a_y10           a_y20      
OCO(0)        0.567210       -1.000000       -0.585344
               A             a_y10           a_y20      
HN1(0)        0.089532       -1.000000        0.525090
               A             a_y10           a_y20           a_y22c     
N1(0)        0.583280       -0.487386        0.483158       -0.085849
               A        
HT9(0)        0.218657
               A        
CN(0)        0.000000
------------
Dhf RMS Error: 1.33144e-04
Dhf Weighted RMS Error: 1.33144e-04
Dhf Weighted Absolute Error: 1.35341e-05
Dhf Weighted Least-Squares Error: 9.18620e-06
--------------------------------------------
Dispersion Parameters:
    Functional Form = 
	E(disp)_ij = sum_(n=6,8,10,12){A*fdamp_n*(Cij_n/r_ij^n)}
               C6              C8             C10             C12       
CCO2         4.678946       20.766690       84.950595      399.352721
OCO          4.067865       17.049989       83.654105      339.409882
HN1          1.306964        4.117935       31.050725        0.000000
N1           4.878202       25.576829      142.574149      704.112767
HT9          1.535392        6.648497       34.061487        0.000000
CN           4.966795       19.262513       64.818644      207.869495
Fitted Atomtypes 
  None
Constrained Atomtypes 
               A             a_y20      
CCO2(0)        0.936959       -0.170922
               A             a_y10           a_y20      
OCO(0)        0.815511       -0.519612       -0.235247
               A             a_y10           a_y20      
HN1(0)        0.883801       -0.264280       -0.050239
               A             a_y10           a_y20           a_y22c     
N1(0)        0.915222       -0.175600        0.281634        0.061674
               A        
HT9(0)        1.105961
               A        
CN(0)        0.811187
------------
Dispersion RMS Error: 8.23868e-05
Dispersion Weighted RMS Error: 8.23868e-05
Dispersion Weighted Absolute Error: -1.55748e-05
Dispersion Weighted Least-Squares Error: 4.36544e-06
--------------------------------------------
Total Energy:
------------
Total Energy RMS Error: 3.77324e-04
Total Energy Weighted RMS Error: 3.77324e-04
Total Energy Weighted Absolute Error: 3.44967e-06
Total Energy Weighted Least-Squares Error: 4.80504e-05
--------------------------------------------
#########################################################################


