########################## FF Fitting Summary ###########################
--------------------------------------------
Program Version: 1.1.0
Short-range Functional Form: born-mayer
Combination Rules: aij = geometric
                   bij = geometric_mean
Electrostatic Damping Type: None
Thole Param: 0.39
Fitting weight: eff_mu = 0.0 Ha
                eff_kt = 0.0086 Ha
Weighted RMSE cutoff: 0.0 Ha
Anisotropic Atomtypes: None
All parameters have been radially corrected to account for Slater overlap
This radial correction is approximate, and is only rigorous for the case where bi = bj.
------------
Exponents:
CCO2(0)    2.033668
OCO(0)     2.440921
HN1(0)     2.654498
N1(0)      1.930449
HT9(0)     2.048156
CN(0)      2.450399
------------
Monomer 1 Multipole File:
co2_ISA-GRID_L0.mom
Monomer 2 Multipole File:
methyl_amine_ISA-GRID_L0.mom
--------------------------------------------
Exchange Parameters:
    Functional Form = 
	E(exch)_ij = A*K2(rij)*(1 + a_yml*Y_ml)*exp(-bij*rij)
    where the a coefficient for each spherical harmonic term Y_ml
    is listed in the parameters below and 
	K2(rij) = 1/3*(bij*rij)**2 + bij*rij + 1 
Fitted Atomtypes 
  None
Constrained Atomtypes 
               A        
CCO2(0)        1.413701
               A        
OCO(0)        4.285230
               A        
HN1(0)        0.515439
               A        
N1(0)        2.663061
               A        
HT9(0)        0.435917
               A        
CN(0)        5.135521
------------
Exchange RMS Error: 1.17062e-03
Exchange Weighted RMS Error: 1.17062e-03
Exchange Weighted Absolute Error: 4.41680e-05
Exchange Weighted Least-Squares Error: 1.10820e-04
--------------------------------------------
Electrostatic Parameters:
    Functional Form = 
	E(elst)_ij = f_damp*qi*qj/rij - A*K2(rij)*(1 + a_yml*Y_ml)*exp(-bij*rij)
Fitted Atomtypes 
  None
Constrained Atomtypes 
               A        
CCO2(0)        0.812120
               A        
OCO(0)        2.409721
               A        
HN1(0)        0.184070
               A        
N1(0)        1.717506
               A        
HT9(0)        0.216717
               A        
CN(0)        3.500352
------------
Electrostatics RMS Error: 7.34723e-04
Electrostatics Weighted RMS Error: 7.34723e-04
Electrostatics Weighted Absolute Error: -1.63888e-05
Electrostatics Weighted Least-Squares Error: 3.82161e-04
--------------------------------------------
Drude oscillator energy has been calculated using the following method: multipole-gradient
Induction Parameters:
    Functional Form = 
	E(ind)_ij = shell_charge - A*K2(rij)*(1 + a_yml*Y_ml)*exp(-bij*rij)
Fitted Atomtypes 
  None
Constrained Atomtypes 
               A        
CCO2(0)        0.521208
               A        
OCO(0)        0.190615
               A        
HN1(0)        0.241301
               A        
N1(0)        0.286814
               A        
HT9(0)        0.068172
               A        
CN(0)        0.718432
------------
Induction RMS Error: 1.21684e-04
Induction Weighted RMS Error: 1.21684e-04
Induction Weighted Absolute Error: 1.05588e-06
Induction Weighted Least-Squares Error: 7.78641e-06
--------------------------------------------
DHF Parameters:
    Functional Form = 
	E(dhf)_ij = - A*K2(rij)*(1 + a_yml*Y_ml)*exp(-bij*rij)
Fitted Atomtypes 
  None
Constrained Atomtypes 
               A        
CCO2(0)        0.084998
               A        
OCO(0)        1.009739
               A        
HN1(0)        0.179718
               A        
N1(0)        0.562278
               A        
HT9(0)        0.166255
               A        
CN(0)        0.000000
------------
Dhf RMS Error: 1.48028e-04
Dhf Weighted RMS Error: 1.48028e-04
Dhf Weighted Absolute Error: 1.06469e-05
Dhf Weighted Least-Squares Error: 1.14072e-05
--------------------------------------------
Dispersion Parameters:
    Functional Form = 
	E(disp)_ij = sum_(n=6,8,10,12){A*fdamp_n*(Cij_n/r_ij^n)}
               C6              C8             C10             C12       
CCO2         4.678946       20.766690       84.950595      399.352721
OCO          4.067865       17.049989       83.654105      339.409882
HN1          1.306964        4.117935       31.050725        0.000000
N1           4.878202       25.576829      142.574149      704.112767
HT9          1.535392        6.648497       34.061487        0.000000
CN           4.966795       19.262513       64.818644      207.869495
Fitted Atomtypes 
  None
Constrained Atomtypes 
               A        
CCO2(0)        0.704870
               A        
OCO(0)        1.028010
               A        
HN1(0)        0.700000
               A        
N1(0)        1.188426
               A        
HT9(0)        1.186782
               A        
CN(0)        0.700000
------------
Dispersion RMS Error: 1.75333e-04
Dispersion Weighted RMS Error: 1.75333e-04
Dispersion Weighted Absolute Error: -1.59467e-05
Dispersion Weighted Least-Squares Error: 2.00302e-05
--------------------------------------------
Total Energy:
------------
Total Energy RMS Error: 6.78193e-04
Total Energy Weighted RMS Error: 6.78193e-04
Total Energy Weighted Absolute Error: 2.35351e-05
Total Energy Weighted Least-Squares Error: 1.46654e-04
--------------------------------------------
#########################################################################


