########################## FF Fitting Summary ###########################
--------------------------------------------
Program Version: 1.1.0
Short-range Functional Form: born-mayer
Combination Rules: aij = geometric
                   bij = geometric_mean
Electrostatic Damping Type: None
Thole Param: 0.39
Fitting weight: eff_mu = 0.0 Ha
                eff_kt = 0.0121 Ha
Weighted RMSE cutoff: 0.0 Ha
Anisotropic Atomtypes: O    
All parameters have been radially corrected to account for Slater overlap
This radial correction is approximate, and is only rigorous for the case where bi = bj.
------------
Exponents (Optimized):
HT7(0)     2.240351
CO(0)      2.089584
CT2(0)     2.215251
O(0)       2.398564
HT2(0)     2.125417
------------
Monomer 1 Multipole File:
dimethyl_ether_ISA-GRID_L2.mom
Monomer 2 Multipole File:
ethane_ISA-GRID_L2.mom
--------------------------------------------
Exchange Parameters:
    Functional Form = 
	E(exch)_ij = A*K2(rij)*(1 + a_yml*Y_ml)*exp(-bij*rij)
    where the a coefficient for each spherical harmonic term Y_ml
    is listed in the parameters below and 
	K2(rij) = 1/3*(bij*rij)**2 + bij*rij + 1 
Fitted Atomtypes 
               A        
HT7(0)        0.718688
               A        
CO(0)        2.370097
               A        
HT2(0)        0.494764
               A        
CT2(0)        2.841250
               A             a_y10           a_y20           a_y22c     
O(0)         2.086241       -1.000000        0.352970       -1.000000
Constrained Atomtypes 
  None
------------
Exchange RMS Error: 6.24600e-04
Exchange Weighted RMS Error: 2.22941e-04
Exchange Weighted Absolute Error: -1.68278e-05
Exchange Weighted Least-Squares Error: 6.04589e-05
--------------------------------------------
Electrostatic Parameters:
    Functional Form = 
	E(elst)_ij = f_damp*qi*qj/rij - A*K2(rij)*(1 + a_yml*Y_ml)*exp(-bij*rij)
Fitted Atomtypes 
               A        
HT7(0)        0.353884
               A        
CO(0)        1.516057
               A        
HT2(0)        0.252175
               A        
CT2(0)        1.837290
               A             a_y10           a_y20           a_y22c     
O(0)         1.586151       -0.650536        0.373382       -1.000000
Constrained Atomtypes 
  None
------------
Electrostatics RMS Error: 2.29397e-04
Electrostatics Weighted RMS Error: 8.26465e-05
Electrostatics Weighted Absolute Error: 1.67812e-05
Electrostatics Weighted Least-Squares Error: 3.08993e-05
--------------------------------------------
Drude oscillator energy has been calculated using the following method: multipole-gradient
Induction Parameters:
    Functional Form = 
	E(ind)_ij = shell_charge - A*K2(rij)*(1 + a_yml*Y_ml)*exp(-bij*rij)
Fitted Atomtypes 
               A        
HT7(0)        0.281818
               A        
CO(0)        0.123720
               A        
HT2(0)        0.049281
               A        
CT2(0)        0.152540
               A             a_y10           a_y20           a_y22c     
O(0)         0.683888        1.000000       -0.774254        0.873181
Constrained Atomtypes 
  None
------------
Induction RMS Error: 5.27502e-05
Induction Weighted RMS Error: 1.99936e-05
Induction Weighted Absolute Error: 8.24227e-06
Induction Weighted Least-Squares Error: 1.32135e-06
--------------------------------------------
DHF Parameters:
    Functional Form = 
	E(dhf)_ij = - A*K2(rij)*(1 + a_yml*Y_ml)*exp(-bij*rij)
Fitted Atomtypes 
               A        
HT7(0)        0.377671
               A        
CO(0)        0.184505
               A        
HT2(0)        0.109809
               A        
CT2(0)        0.047322
               A             a_y10           a_y20           a_y22c     
O(0)         0.912418       -1.000000       -0.127450       -0.478519
Constrained Atomtypes 
  None
------------
Dhf RMS Error: 4.67069e-05
Dhf Weighted RMS Error: 2.19627e-05
Dhf Weighted Absolute Error: 1.32449e-05
Dhf Weighted Least-Squares Error: 1.05683e-06
--------------------------------------------
Dispersion Parameters:
    Functional Form = 
	E(disp)_ij = sum_(n=6,8,10,12){A*fdamp_n*(Cij_n/r_ij^n)}
               C6              C8             C10             C12       
HT7          1.498389        6.488268       33.240608        0.000000
CO           4.847096       18.798288       63.256519      202.859856
CT2          4.847096       18.798288       63.256519      202.859856
O            3.497808       16.327053       81.333632      354.498305
HT2          1.498389        6.488268       33.240608        0.000000
Fitted Atomtypes 
               A        
HT7(0)        1.000000
               A        
CO(0)        1.000000
               A        
HT2(0)        1.000000
               A        
CT2(0)        1.000000
               A             a_y10           a_y20           a_y22c     
O(0)         1.000000       -0.017023        0.178434       -0.073226
Constrained Atomtypes 
  None
------------
Dispersion RMS Error: 1.65825e-04
Dispersion Weighted RMS Error: 6.79215e-05
Dispersion Weighted Absolute Error: -2.61146e-05
Dispersion Weighted Least-Squares Error: 1.59119e-05
--------------------------------------------
Total Energy:
------------
Total Energy RMS Error: 3.91930e-04
Total Energy Weighted RMS Error: 1.29339e-04
Total Energy Weighted Absolute Error: -4.67404e-06
Total Energy Weighted Least-Squares Error: 5.76559e-05
--------------------------------------------
#########################################################################


