########################## FF Fitting Summary ###########################
--------------------------------------------
Program Version: 1.1.0
Short-range Functional Form: born-mayer
Combination Rules: aij = geometric
                   bij = geometric_mean
Electrostatic Damping Type: None
Thole Param: 0.39
Fitting weight: eff_mu = 0.0 Ha
                eff_kt = 0.0048 Ha
Weighted RMSE cutoff: 0.0 Ha
Anisotropic Atomtypes: O    
All parameters have been radially corrected to account for Slater overlap
This radial correction is approximate, and is only rigorous for the case where bi = bj.
------------
Exponents:
HT7(0)     2.199197
CO(0)      2.102972
CT2(0)     2.261214
O(0)       2.290632
HT2(0)     2.169519
------------
Monomer 1 Multipole File:
dimethyl_ether_ISA-GRID_L2.mom
Monomer 2 Multipole File:
ethane_ISA-GRID_L2.mom
--------------------------------------------
Exchange Parameters:
    Functional Form = 
	E(exch)_ij = A*K2(rij)*(1 + a_yml*Y_ml)*exp(-bij*rij)
    where the a coefficient for each spherical harmonic term Y_ml
    is listed in the parameters below and 
	K2(rij) = 1/3*(bij*rij)**2 + bij*rij + 1 
Fitted Atomtypes 
  None
Constrained Atomtypes 
               A        
HT7(0)        0.610126
               A        
CO(0)        2.394140
               A        
CT2(0)        3.214042
               A             a_y10           a_y20           a_y22c     
O(0)         1.716903       -0.748190        0.479788       -1.000000
               A        
HT2(0)        0.588406
------------
Exchange RMS Error: 6.33437e-04
Exchange Weighted RMS Error: 2.38713e-04
Exchange Weighted Absolute Error: -2.71195e-05
Exchange Weighted Least-Squares Error: 1.84719e-05
--------------------------------------------
Electrostatic Parameters:
    Functional Form = 
	E(elst)_ij = f_damp*qi*qj/rij - A*K2(rij)*(1 + a_yml*Y_ml)*exp(-bij*rij)
Fitted Atomtypes 
  None
Constrained Atomtypes 
               A        
HT7(0)        0.305230
               A        
CO(0)        1.542017
               A        
CT2(0)        2.165359
               A             a_y10           a_y20           a_y22c     
O(0)         1.133586       -0.873385        0.246797       -1.000000
               A        
HT2(0)        0.290517
------------
Electrostatics RMS Error: 2.33935e-04
Electrostatics Weighted RMS Error: 8.35074e-05
Electrostatics Weighted Absolute Error: 1.62211e-05
Electrostatics Weighted Least-Squares Error: 3.92817e-05
--------------------------------------------
Drude oscillator energy has been calculated using the following method: multipole-gradient
Induction Parameters:
    Functional Form = 
	E(ind)_ij = shell_charge - A*K2(rij)*(1 + a_yml*Y_ml)*exp(-bij*rij)
Fitted Atomtypes 
  None
Constrained Atomtypes 
               A        
HT7(0)        0.119235
               A        
CO(0)        0.176391
               A        
CT2(0)        0.292340
               A             a_y10           a_y20           a_y22c     
O(0)         0.226877        1.000000       -1.000000        0.885560
               A        
HT2(0)        0.110461
------------
Induction RMS Error: 5.34673e-05
Induction Weighted RMS Error: 2.07622e-05
Induction Weighted Absolute Error: 8.39315e-06
Induction Weighted Least-Squares Error: 1.42201e-06
--------------------------------------------
DHF Parameters:
    Functional Form = 
	E(dhf)_ij = - A*K2(rij)*(1 + a_yml*Y_ml)*exp(-bij*rij)
Fitted Atomtypes 
  None
Constrained Atomtypes 
               A        
HT7(0)        0.213744
               A        
CO(0)        0.029283
               A        
CT2(0)        0.090477
               A             a_y10           a_y20           a_y22c     
O(0)         0.452464       -1.000000        0.065842       -0.744299
               A        
HT2(0)        0.200338
------------
Dhf RMS Error: 5.00399e-05
Dhf Weighted RMS Error: 2.16297e-05
Dhf Weighted Absolute Error: 1.39484e-05
Dhf Weighted Least-Squares Error: 1.31954e-06
--------------------------------------------
Dispersion Parameters:
    Functional Form = 
	E(disp)_ij = sum_(n=6,8,10,12){A*fdamp_n*(Cij_n/r_ij^n)}
               C6              C8             C10             C12       
HT7          1.498389        6.488268       33.240608        0.000000
CO           4.847096       18.798288       63.256519      202.859856
O            3.497808       16.327053       81.333632      354.498305
CT2          4.847096       18.798288       63.256519      202.859856
HT2          1.498389        6.488268       33.240608        0.000000
Fitted Atomtypes 
  None
Constrained Atomtypes 
               A        
HT7(0)        1.000000
               A        
CO(0)        1.000000
               A        
CT2(0)        1.000000
               A             a_y10           a_y20           a_y22c     
O(0)         1.000000       -0.006115        0.224577       -0.123595
               A        
HT2(0)        1.000000
------------
Dispersion RMS Error: 1.54966e-04
Dispersion Weighted RMS Error: 6.67265e-05
Dispersion Weighted Absolute Error: -2.18717e-05
Dispersion Weighted Least-Squares Error: 1.71084e-05
--------------------------------------------
Total Energy:
------------
Total Energy RMS Error: 4.12532e-04
Total Energy Weighted RMS Error: 1.46014e-04
Total Energy Weighted Absolute Error: -1.04285e-05
Total Energy Weighted Least-Squares Error: 4.90046e-05
--------------------------------------------
#########################################################################


