########################## FF Fitting Summary ###########################
--------------------------------------------
Program Version: 1.1.0
Short-range Functional Form: born-mayer
Combination Rules: aij = geometric
                   bij = geometric_mean
Electrostatic Damping Type: None
Thole Param: 0.39
Fitting weight: eff_mu = 0.0 Ha
                eff_kt = 0.0121 Ha
Weighted RMSE cutoff: 0.0 Ha
Anisotropic Atomtypes: None
All parameters have been radially corrected to account for Slater overlap
This radial correction is approximate, and is only rigorous for the case where bi = bj.
------------
Exponents (Optimized):
HT7(0)     2.212714
CO(0)      2.002990
CT2(0)     2.132071
O(0)       2.462305
HT2(0)     2.176756
------------
Monomer 1 Multipole File:
dimethyl_ether_ISA-GRID_L2.mom
Monomer 2 Multipole File:
ethane_ISA-GRID_L2.mom
--------------------------------------------
Exchange Parameters:
    Functional Form = 
	E(exch)_ij = A*K2(rij)*(1 + a_yml*Y_ml)*exp(-bij*rij)
    where the a coefficient for each spherical harmonic term Y_ml
    is listed in the parameters below and 
	K2(rij) = 1/3*(bij*rij)**2 + bij*rij + 1 
Fitted Atomtypes 
               A        
HT7(0)        0.535270
               A        
CO(0)        1.293727
               A        
CT2(0)        3.250628
               A        
O(0)         3.698270
               A        
HT2(0)        0.687583
Constrained Atomtypes 
  None
------------
Exchange RMS Error: 7.97990e-04
Exchange Weighted RMS Error: 2.62557e-04
Exchange Weighted Absolute Error: -1.09186e-05
Exchange Weighted Least-Squares Error: 9.24811e-05
--------------------------------------------
Electrostatic Parameters:
    Functional Form = 
	E(elst)_ij = f_damp*qi*qj/rij - A*K2(rij)*(1 + a_yml*Y_ml)*exp(-bij*rij)
Fitted Atomtypes 
               A        
HT7(0)        0.309547
               A        
CO(0)        1.008242
               A        
CT2(0)        1.842100
               A        
O(0)         2.888897
               A        
HT2(0)        0.290042
Constrained Atomtypes 
  None
------------
Electrostatics RMS Error: 2.74278e-04
Electrostatics Weighted RMS Error: 9.42102e-05
Electrostatics Weighted Absolute Error: 1.17457e-05
Electrostatics Weighted Least-Squares Error: 4.42976e-05
--------------------------------------------
Drude oscillator energy has been calculated using the following method: multipole-gradient
Induction Parameters:
    Functional Form = 
	E(ind)_ij = shell_charge - A*K2(rij)*(1 + a_yml*Y_ml)*exp(-bij*rij)
Fitted Atomtypes 
               A        
HT7(0)        0.976608
               A        
CO(0)        0.702227
               A        
CT2(0)        0.035419
               A        
O(0)         0.000000
               A        
HT2(0)        0.014527
Constrained Atomtypes 
  None
------------
Induction RMS Error: 5.78133e-05
Induction Weighted RMS Error: 2.09330e-05
Induction Weighted Absolute Error: 9.02326e-06
Induction Weighted Least-Squares Error: 1.59086e-06
--------------------------------------------
DHF Parameters:
    Functional Form = 
	E(dhf)_ij = - A*K2(rij)*(1 + a_yml*Y_ml)*exp(-bij*rij)
Fitted Atomtypes 
               A        
HT7(0)        0.171205
               A        
CO(0)        0.021507
               A        
CT2(0)        0.091194
               A        
O(0)         0.838520
               A        
HT2(0)        0.256368
Constrained Atomtypes 
  None
------------
Dhf RMS Error: 5.25111e-05
Dhf Weighted RMS Error: 2.17904e-05
Dhf Weighted Absolute Error: 1.06890e-05
Dhf Weighted Least-Squares Error: 1.34099e-06
--------------------------------------------
Dispersion Parameters:
    Functional Form = 
	E(disp)_ij = sum_(n=6,8,10,12){A*fdamp_n*(Cij_n/r_ij^n)}
               C6              C8             C10             C12       
HT7          1.498389        6.488268       33.240608        0.000000
CO           4.847096       18.798288       63.256519      202.859856
CT2          4.847096       18.798288       63.256519      202.859856
O            3.497808       16.327053       81.333632      354.498305
HT2          1.498389        6.488268       33.240608        0.000000
Fitted Atomtypes 
               A        
HT7(0)        1.000000
               A        
CO(0)        1.000000
               A        
CT2(0)        1.000000
               A        
O(0)         1.000000
               A        
HT2(0)        1.000000
Constrained Atomtypes 
  None
------------
Dispersion RMS Error: 2.00643e-04
Dispersion Weighted RMS Error: 8.40710e-05
Dispersion Weighted Absolute Error: -3.81044e-05
Dispersion Weighted Least-Squares Error: 2.36114e-05
--------------------------------------------
Total Energy:
------------
Total Energy RMS Error: 4.98679e-04
Total Energy Weighted RMS Error: 1.51934e-04
Total Energy Weighted Absolute Error: -1.75650e-05
Total Energy Weighted Least-Squares Error: 9.11144e-05
--------------------------------------------
#########################################################################


