########################## FF Fitting Summary ###########################
--------------------------------------------
Program Version: 1.1.0
Short-range Functional Form: born-mayer
Combination Rules: aij = geometric
                   bij = geometric_mean
Electrostatic Damping Type: None
Thole Param: 0.39
Fitting weight: eff_mu = 0.0 Ha
                eff_kt = 0.0048 Ha
Weighted RMSE cutoff: 0.0 Ha
Anisotropic Atomtypes: None
All parameters have been radially corrected to account for Slater overlap
This radial correction is approximate, and is only rigorous for the case where bi = bj.
------------
Exponents:
HT7(0)     2.236386
CO(0)      1.933594
CT2(0)     2.261214
O(0)       2.319445
HT2(0)     2.169519
------------
Monomer 1 Multipole File:
dimethyl_ether_ISA-GRID_L2.mom
Monomer 2 Multipole File:
ethane_ISA-GRID_L2.mom
--------------------------------------------
Exchange Parameters:
    Functional Form = 
	E(exch)_ij = A*K2(rij)*(1 + a_yml*Y_ml)*exp(-bij*rij)
    where the a coefficient for each spherical harmonic term Y_ml
    is listed in the parameters below and 
	K2(rij) = 1/3*(bij*rij)**2 + bij*rij + 1 
Fitted Atomtypes 
  None
Constrained Atomtypes 
               A        
HT7(0)        0.636992
               A        
CO(0)        1.553522
               A        
CT2(0)        3.214042
               A        
O(0)         3.388801
               A        
HT2(0)        0.588406
------------
Exchange RMS Error: 8.15868e-04
Exchange Weighted RMS Error: 2.80034e-04
Exchange Weighted Absolute Error: -2.76582e-05
Exchange Weighted Least-Squares Error: 2.62157e-05
--------------------------------------------
Electrostatic Parameters:
    Functional Form = 
	E(elst)_ij = f_damp*qi*qj/rij - A*K2(rij)*(1 + a_yml*Y_ml)*exp(-bij*rij)
Fitted Atomtypes 
  None
Constrained Atomtypes 
               A        
HT7(0)        0.316388
               A        
CO(0)        1.004880
               A        
CT2(0)        2.165359
               A        
O(0)         2.270286
               A        
HT2(0)        0.290517
------------
Electrostatics RMS Error: 2.79344e-04
Electrostatics Weighted RMS Error: 9.82308e-05
Electrostatics Weighted Absolute Error: 1.73833e-05
Electrostatics Weighted Least-Squares Error: 5.63943e-05
--------------------------------------------
Drude oscillator energy has been calculated using the following method: multipole-gradient
Induction Parameters:
    Functional Form = 
	E(ind)_ij = shell_charge - A*K2(rij)*(1 + a_yml*Y_ml)*exp(-bij*rij)
Fitted Atomtypes 
  None
Constrained Atomtypes 
               A        
HT7(0)        0.129679
               A        
CO(0)        0.128564
               A        
CT2(0)        0.292336
               A        
O(0)         0.000000
               A        
HT2(0)        0.110461
------------
Induction RMS Error: 5.78527e-05
Induction Weighted RMS Error: 2.12985e-05
Induction Weighted Absolute Error: 9.26859e-06
Induction Weighted Least-Squares Error: 1.67901e-06
--------------------------------------------
DHF Parameters:
    Functional Form = 
	E(dhf)_ij = - A*K2(rij)*(1 + a_yml*Y_ml)*exp(-bij*rij)
Fitted Atomtypes 
  None
Constrained Atomtypes 
               A        
HT7(0)        0.223485
               A        
CO(0)        0.000000
               A        
CT2(0)        0.090472
               A        
O(0)         0.893574
               A        
HT2(0)        0.200339
------------
Dhf RMS Error: 5.47570e-05
Dhf Weighted RMS Error: 2.09716e-05
Dhf Weighted Absolute Error: 1.16728e-05
Dhf Weighted Least-Squares Error: 1.59224e-06
--------------------------------------------
Dispersion Parameters:
    Functional Form = 
	E(disp)_ij = sum_(n=6,8,10,12){A*fdamp_n*(Cij_n/r_ij^n)}
               C6              C8             C10             C12       
HT7          1.498389        6.488268       33.240608        0.000000
CO           4.847096       18.798288       63.256519      202.859856
O            3.497808       16.327053       81.333632      354.498305
CT2          4.847096       18.798288       63.256519      202.859856
HT2          1.498389        6.488268       33.240608        0.000000
Fitted Atomtypes 
  None
Constrained Atomtypes 
               A        
HT7(0)        1.000000
               A        
CO(0)        1.000000
               A        
CT2(0)        1.000000
               A        
O(0)         1.000000
               A        
HT2(0)        1.000000
------------
Dispersion RMS Error: 2.13527e-04
Dispersion Weighted RMS Error: 9.14099e-05
Dispersion Weighted Absolute Error: -4.12341e-05
Dispersion Weighted Least-Squares Error: 3.35845e-05
--------------------------------------------
Total Energy:
------------
Total Energy RMS Error: 5.22895e-04
Total Energy Weighted RMS Error: 1.76419e-04
Total Energy Weighted Absolute Error: -3.05676e-05
Total Energy Weighted Least-Squares Error: 7.47495e-05
--------------------------------------------
#########################################################################


