########################## FF Fitting Summary ###########################
--------------------------------------------
Program Version: 1.1.0
Short-range Functional Form: born-mayer
Combination Rules: aij = geometric
                   bij = geometric_mean
Electrostatic Damping Type: None
Thole Param: 0.39
Fitting weight: eff_mu = 0.0 Ha
                eff_kt = 0.0121 Ha
Weighted RMSE cutoff: 0.0 Ha
Anisotropic Atomtypes: None
All parameters have been radially corrected to account for Slater overlap
This radial correction is approximate, and is only rigorous for the case where bi = bj.
------------
Exponents (Optimized):
HT7(0)     2.212714
CO(0)      2.002990
CT2(0)     2.132071
O(0)       2.462305
HT2(0)     2.176756
------------
Monomer 1 Multipole File:
dimethyl_ether_ISA-GRID_L0.mom
Monomer 2 Multipole File:
ethane_ISA-GRID_L0.mom
--------------------------------------------
Exchange Parameters:
    Functional Form = 
	E(exch)_ij = A*K2(rij)*(1 + a_yml*Y_ml)*exp(-bij*rij)
    where the a coefficient for each spherical harmonic term Y_ml
    is listed in the parameters below and 
	K2(rij) = 1/3*(bij*rij)**2 + bij*rij + 1 
Fitted Atomtypes 
               A        
HT7(0)        0.535270
               A        
CO(0)        1.293727
               A        
CT2(0)        3.250628
               A        
O(0)         3.698270
               A        
HT2(0)        0.687583
Constrained Atomtypes 
  None
------------
Exchange RMS Error: 7.97990e-04
Exchange Weighted RMS Error: 7.97990e-04
Exchange Weighted Absolute Error: -1.09186e-05
Exchange Weighted Least-Squares Error: 9.24811e-05
--------------------------------------------
Electrostatic Parameters:
    Functional Form = 
	E(elst)_ij = f_damp*qi*qj/rij - A*K2(rij)*(1 + a_yml*Y_ml)*exp(-bij*rij)
Fitted Atomtypes 
               A        
HT7(0)        0.283554
               A        
CO(0)        0.894025
               A        
CT2(0)        1.912838
               A        
O(0)         2.551415
               A        
HT2(0)        0.333409
Constrained Atomtypes 
  None
------------
Electrostatics RMS Error: 3.53474e-04
Electrostatics Weighted RMS Error: 3.53474e-04
Electrostatics Weighted Absolute Error: 1.02386e-05
Electrostatics Weighted Least-Squares Error: 7.05098e-05
--------------------------------------------
Drude oscillator energy has been calculated using the following method: multipole-gradient
Induction Parameters:
    Functional Form = 
	E(ind)_ij = shell_charge - A*K2(rij)*(1 + a_yml*Y_ml)*exp(-bij*rij)
Fitted Atomtypes 
               A        
HT7(0)        0.224459
               A        
CO(0)        0.000000
               A        
CT2(0)        0.111096
               A        
O(0)         0.717802
               A        
HT2(0)        0.076490
Constrained Atomtypes 
  None
------------
Induction RMS Error: 5.50303e-05
Induction Weighted RMS Error: 5.50303e-05
Induction Weighted Absolute Error: 2.33125e-06
Induction Weighted Least-Squares Error: 1.43061e-06
--------------------------------------------
DHF Parameters:
    Functional Form = 
	E(dhf)_ij = - A*K2(rij)*(1 + a_yml*Y_ml)*exp(-bij*rij)
Fitted Atomtypes 
               A        
HT7(0)        0.171447
               A        
CO(0)        0.017464
               A        
CT2(0)        0.094817
               A        
O(0)         0.845581
               A        
HT2(0)        0.256409
Constrained Atomtypes 
  None
------------
Dhf RMS Error: 5.40049e-05
Dhf Weighted RMS Error: 5.40049e-05
Dhf Weighted Absolute Error: 1.05185e-05
Dhf Weighted Least-Squares Error: 1.41881e-06
--------------------------------------------
Dispersion Parameters:
    Functional Form = 
	E(disp)_ij = sum_(n=6,8,10,12){A*fdamp_n*(Cij_n/r_ij^n)}
               C6              C8             C10             C12       
HT7          1.498389        6.488268       33.240608        0.000000
CO           4.847096       18.798288       63.256519      202.859856
CT2          4.847096       18.798288       63.256519      202.859856
O            3.497808       16.327053       81.333632      354.498305
HT2          1.498389        6.488268       33.240608        0.000000
Fitted Atomtypes 
               A        
HT7(0)        1.287183
               A        
CO(0)        0.700000
               A        
CT2(0)        0.700000
               A        
O(0)         1.177714
               A        
HT2(0)        1.104616
Constrained Atomtypes 
  None
------------
Dispersion RMS Error: 1.26552e-04
Dispersion Weighted RMS Error: 1.26552e-04
Dispersion Weighted Absolute Error: 9.67455e-06
Dispersion Weighted Least-Squares Error: 9.46534e-06
--------------------------------------------
Total Energy:
------------
Total Energy RMS Error: 5.57930e-04
Total Energy Weighted RMS Error: 5.57930e-04
Total Energy Weighted Absolute Error: 2.18443e-05
Total Energy Weighted Least-Squares Error: 1.17031e-04
--------------------------------------------
#########################################################################


