########################## FF Fitting Summary ###########################
--------------------------------------------
Program Version: 1.1.0
Short-range Functional Form: born-mayer
Combination Rules: aij = geometric
                   bij = geometric_mean
Electrostatic Damping Type: None
Thole Param: 0.39
Fitting weight: eff_mu = 0.0 Ha
                eff_kt = 0.0069 Ha
Weighted RMSE cutoff: 0.0 Ha
Anisotropic Atomtypes: Cl   
All parameters have been radially corrected to account for Slater overlap
This radial correction is approximate, and is only rigorous for the case where bi = bj.
------------
Exponents:
HT6(0)     2.236551
CCl(0)     2.086398
Cl(0)      2.037083
------------
Monomer 1 Multipole File:
chloromethane_ISA-GRID_L2.mom
Monomer 2 Multipole File:
chloromethane_ISA-GRID_L2.mom
--------------------------------------------
Exchange Parameters:
    Functional Form = 
	E(exch)_ij = A*K2(rij)*(1 + a_yml*Y_ml)*exp(-bij*rij)
    where the a coefficient for each spherical harmonic term Y_ml
    is listed in the parameters below and 
	K2(rij) = 1/3*(bij*rij)**2 + bij*rij + 1 
Fitted Atomtypes 
  None
Constrained Atomtypes 
               A        
HT6(0)        0.541282
               A        
CCl(0)        3.036171
               A             a_y10           a_y20      
Cl(0)        4.641076       -0.547938       -0.613203
------------
Exchange RMS Error: 4.54339e-04
Exchange Weighted RMS Error: 4.54339e-04
Exchange Weighted Absolute Error: 8.12905e-06
Exchange Weighted Least-Squares Error: 8.86410e-06
--------------------------------------------
Electrostatic Parameters:
    Functional Form = 
	E(elst)_ij = f_damp*qi*qj/rij - A*K2(rij)*(1 + a_yml*Y_ml)*exp(-bij*rij)
Fitted Atomtypes 
  None
Constrained Atomtypes 
               A        
HT6(0)        0.232592
               A        
CCl(0)        1.874393
               A             a_y10           a_y20      
Cl(0)        3.217540       -0.376433       -0.547466
------------
Electrostatics RMS Error: 2.21943e-04
Electrostatics Weighted RMS Error: 2.21943e-04
Electrostatics Weighted Absolute Error: 1.95416e-05
Electrostatics Weighted Least-Squares Error: 3.73915e-05
--------------------------------------------
Drude oscillator energy has been calculated using the following method: multipole-gradient
Induction Parameters:
    Functional Form = 
	E(ind)_ij = shell_charge - A*K2(rij)*(1 + a_yml*Y_ml)*exp(-bij*rij)
Fitted Atomtypes 
  None
Constrained Atomtypes 
               A        
HT6(0)        0.097465
               A        
CCl(0)        0.102817
               A             a_y10           a_y20      
Cl(0)        1.452555        0.084777       -0.161702
------------
Induction RMS Error: 2.83598e-04
Induction Weighted RMS Error: 2.83598e-04
Induction Weighted Absolute Error: 3.65212e-05
Induction Weighted Least-Squares Error: 4.70398e-05
--------------------------------------------
DHF Parameters:
    Functional Form = 
	E(dhf)_ij = - A*K2(rij)*(1 + a_yml*Y_ml)*exp(-bij*rij)
Fitted Atomtypes 
  None
Constrained Atomtypes 
               A        
HT6(0)        0.265954
               A        
CCl(0)        0.000000
               A             a_y10           a_y20      
Cl(0)        0.820685       -0.645981        0.159071
------------
Dhf RMS Error: 3.42259e-04
Dhf Weighted RMS Error: 3.42259e-04
Dhf Weighted Absolute Error: -2.92490e-05
Dhf Weighted Least-Squares Error: 6.05601e-05
--------------------------------------------
Dispersion Parameters:
    Functional Form = 
	E(disp)_ij = sum_(n=6,8,10,12){A*fdamp_n*(Cij_n/r_ij^n)}
               C6              C8             C10             C12       
HT6          1.498389        6.488268       33.240608        0.000000
Cl           9.656104       40.197680      256.351184     1144.914599
CCl          4.847096       18.798288       63.256519      202.859856
Fitted Atomtypes 
  None
Constrained Atomtypes 
               A        
HT6(0)        1.022919
               A        
CCl(0)        1.035074
               A             a_y10           a_y20      
Cl(0)        1.029603       -0.239752       -0.191056
------------
Dispersion RMS Error: 6.68688e-05
Dispersion Weighted RMS Error: 6.68688e-05
Dispersion Weighted Absolute Error: -6.25665e-06
Dispersion Weighted Least-Squares Error: 3.29594e-06
--------------------------------------------
Total Energy:
------------
Total Energy RMS Error: 4.46935e-04
Total Energy Weighted RMS Error: 4.46935e-04
Total Energy Weighted Absolute Error: 2.86862e-05
Total Energy Weighted Least-Squares Error: 4.80743e-05
--------------------------------------------
#########################################################################


