########################## FF Fitting Summary ###########################
--------------------------------------------
Program Version: 1.1.0
Short-range Functional Form: born-mayer
Combination Rules: aij = geometric
                   bij = geometric_mean
Electrostatic Damping Type: None
Thole Param: 0.39
Fitting weight: eff_mu = 0.0 Ha
                eff_kt = 0.0069 Ha
Weighted RMSE cutoff: 0.0 Ha
Anisotropic Atomtypes: None
All parameters have been radially corrected to account for Slater overlap
This radial correction is approximate, and is only rigorous for the case where bi = bj.
------------
Exponents:
HT6(0)     2.509578
CCl(0)     1.699659
Cl(0)      2.030667
------------
Monomer 1 Multipole File:
chloromethane_ISA-GRID_L2.mom
Monomer 2 Multipole File:
chloromethane_ISA-GRID_L2.mom
--------------------------------------------
Exchange Parameters:
    Functional Form = 
	E(exch)_ij = A*K2(rij)*(1 + a_yml*Y_ml)*exp(-bij*rij)
    where the a coefficient for each spherical harmonic term Y_ml
    is listed in the parameters below and 
	K2(rij) = 1/3*(bij*rij)**2 + bij*rij + 1 
Fitted Atomtypes 
  None
Constrained Atomtypes 
               A        
HT6(0)        0.774793
               A        
CCl(0)        1.299334
               A        
Cl(0)        5.548311
------------
Exchange RMS Error: 1.93300e-03
Exchange Weighted RMS Error: 1.93300e-03
Exchange Weighted Absolute Error: -3.44388e-05
Exchange Weighted Least-Squares Error: 1.13341e-04
--------------------------------------------
Electrostatic Parameters:
    Functional Form = 
	E(elst)_ij = f_damp*qi*qj/rij - A*K2(rij)*(1 + a_yml*Y_ml)*exp(-bij*rij)
Fitted Atomtypes 
  None
Constrained Atomtypes 
               A        
HT6(0)        0.286536
               A        
CCl(0)        0.923968
               A        
Cl(0)        3.645571
------------
Electrostatics RMS Error: 1.02217e-03
Electrostatics Weighted RMS Error: 1.02217e-03
Electrostatics Weighted Absolute Error: 7.30904e-05
Electrostatics Weighted Least-Squares Error: 9.01768e-04
--------------------------------------------
Drude oscillator energy has been calculated using the following method: multipole-gradient
Induction Parameters:
    Functional Form = 
	E(ind)_ij = shell_charge - A*K2(rij)*(1 + a_yml*Y_ml)*exp(-bij*rij)
Fitted Atomtypes 
  None
Constrained Atomtypes 
               A        
HT6(0)        0.152559
               A        
CCl(0)        0.098897
               A        
Cl(0)        1.369564
------------
Induction RMS Error: 3.03868e-04
Induction Weighted RMS Error: 3.03868e-04
Induction Weighted Absolute Error: 3.90320e-05
Induction Weighted Least-Squares Error: 5.63478e-05
--------------------------------------------
DHF Parameters:
    Functional Form = 
	E(dhf)_ij = - A*K2(rij)*(1 + a_yml*Y_ml)*exp(-bij*rij)
Fitted Atomtypes 
  None
Constrained Atomtypes 
               A        
HT6(0)        0.377768
               A        
CCl(0)        0.000000
               A        
Cl(0)        1.025202
------------
Dhf RMS Error: 4.02562e-04
Dhf Weighted RMS Error: 4.02562e-04
Dhf Weighted Absolute Error: -4.21924e-05
Dhf Weighted Least-Squares Error: 8.33140e-05
--------------------------------------------
Dispersion Parameters:
    Functional Form = 
	E(disp)_ij = sum_(n=6,8,10,12){A*fdamp_n*(Cij_n/r_ij^n)}
               C6              C8             C10             C12       
HT6          1.498389        6.488268       33.240608        0.000000
Cl           9.656104       40.197680      256.351184     1144.914599
CCl          4.847096       18.798288       63.256519      202.859856
Fitted Atomtypes 
  None
Constrained Atomtypes 
               A        
HT6(0)        0.851721
               A        
CCl(0)        1.138026
               A        
Cl(0)        1.149241
------------
Dispersion RMS Error: 1.65282e-04
Dispersion Weighted RMS Error: 1.65282e-04
Dispersion Weighted Absolute Error: -9.33487e-06
Dispersion Weighted Least-Squares Error: 2.08797e-05
--------------------------------------------
Total Energy:
------------
Total Energy RMS Error: 1.01478e-03
Total Energy Weighted RMS Error: 1.01478e-03
Total Energy Weighted Absolute Error: 2.61563e-05
Total Energy Weighted Least-Squares Error: 1.96573e-04
--------------------------------------------
#########################################################################


