########################## FF Fitting Summary ###########################
--------------------------------------------
Program Version: 1.1.0
Short-range Functional Form: born-mayer
Combination Rules: aij = geometric
                   bij = geometric_mean
Electrostatic Damping Type: None
Thole Param: 0.39
Fitting weight: eff_mu = 0.0 Ha
                eff_kt = 0.0135 Ha
Weighted RMSE cutoff: 0.0 Ha
Anisotropic Atomtypes: HN1  N1   CM   HM   
All parameters have been radially corrected to account for Slater overlap
This radial correction is approximate, and is only rigorous for the case where bi = bj.
------------
Exponents (Optimized):
CN(0)      2.152531
CM(0)      1.875909
HN1(0)     2.301475
HM(0)      2.471022
N1(0)      1.977106
HT9(0)     2.095810
------------
Monomer 1 Multipole File:
ethene_ISA-GRID_L2.mom
Monomer 2 Multipole File:
methyl_amine_ISA-GRID_L2.mom
--------------------------------------------
Exchange Parameters:
    Functional Form = 
	E(exch)_ij = A*K2(rij)*(1 + a_yml*Y_ml)*exp(-bij*rij)
    where the a coefficient for each spherical harmonic term Y_ml
    is listed in the parameters below and 
	K2(rij) = 1/3*(bij*rij)**2 + bij*rij + 1 
Fitted Atomtypes 
               A        
CN(0)        2.129949
               A        
HT9(0)        0.467079
               A             a_y10           a_y20      
HN1(0)        0.293168       -1.000000       -0.552016
               A             a_y10           a_y20           a_y22c     
N1(0)        1.976206       -0.088046        0.582974        0.118874
               A             a_y22c     
CM(0)        2.409896       -0.293204
               A             a_y10           a_y20      
HM(0)        0.534175       -1.000000       -0.443583
Constrained Atomtypes 
  None
------------
Exchange RMS Error: 7.01942e-04
Exchange Weighted RMS Error: 2.25438e-04
Exchange Weighted Absolute Error: 1.81256e-05
Exchange Weighted Least-Squares Error: 6.95241e-05
--------------------------------------------
Electrostatic Parameters:
    Functional Form = 
	E(elst)_ij = f_damp*qi*qj/rij - A*K2(rij)*(1 + a_yml*Y_ml)*exp(-bij*rij)
Fitted Atomtypes 
               A        
CN(0)        1.652035
               A        
HT9(0)        0.243725
               A             a_y10           a_y20      
HN1(0)        0.091315       -1.000000       -0.433196
               A             a_y10           a_y20           a_y22c     
N1(0)        1.797402        0.095538        0.500099        0.087339
               A             a_y22c     
CM(0)        1.603022       -0.129878
               A             a_y10           a_y20      
HM(0)        0.147812       -1.000000       -0.030821
Constrained Atomtypes 
  None
------------
Electrostatics RMS Error: 2.96088e-04
Electrostatics Weighted RMS Error: 9.99521e-05
Electrostatics Weighted Absolute Error: 1.01519e-05
Electrostatics Weighted Least-Squares Error: 5.57952e-05
--------------------------------------------
Drude oscillator energy has been calculated using the following method: multipole-gradient
Induction Parameters:
    Functional Form = 
	E(ind)_ij = shell_charge - A*K2(rij)*(1 + a_yml*Y_ml)*exp(-bij*rij)
Fitted Atomtypes 
               A        
CN(0)        0.997045
               A        
HT9(0)        0.267173
               A             a_y10           a_y20      
HN1(0)        0.340733       -0.005972        0.712163
               A             a_y10           a_y20           a_y22c     
N1(0)        1.107761        0.572072       -0.376213       -0.012318
               A             a_y22c     
CM(0)        0.065819        0.025043
               A             a_y10           a_y20      
HM(0)        0.092232        1.000000        0.623758
Constrained Atomtypes 
  None
------------
Induction RMS Error: 9.63160e-05
Induction Weighted RMS Error: 2.80934e-05
Induction Weighted Absolute Error: 3.13050e-08
Induction Weighted Least-Squares Error: 4.81593e-06
--------------------------------------------
DHF Parameters:
    Functional Form = 
	E(dhf)_ij = - A*K2(rij)*(1 + a_yml*Y_ml)*exp(-bij*rij)
Fitted Atomtypes 
               A        
CN(0)        0.000000
               A        
HT9(0)        0.969647
               A             a_y10           a_y20      
HN1(0)        0.575252       -1.000000       -0.149318
               A             a_y10           a_y20           a_y22c     
N1(0)        2.087960       -0.154935        0.844973        0.110501
               A             a_y22c     
CM(0)        0.095531       -0.683772
               A             a_y10           a_y20      
HM(0)        0.033177       -0.972248       -0.120374
Constrained Atomtypes 
  None
------------
Dhf RMS Error: 1.80675e-04
Dhf Weighted RMS Error: 4.56552e-05
Dhf Weighted Absolute Error: -2.68217e-06
Dhf Weighted Least-Squares Error: 1.67473e-05
--------------------------------------------
Dispersion Parameters:
    Functional Form = 
	E(disp)_ij = sum_(n=6,8,10,12){A*fdamp_n*(Cij_n/r_ij^n)}
               C6              C8             C10             C12       
CN           4.966795       19.262513       64.818644      207.869495
CM           5.544423       23.289281      120.277772      510.393921
HN1          1.306964        4.117935       31.050725        0.000000
HM           1.512843        6.550977       33.561806      144.894964
N1           4.878202       25.576829      142.574149      704.112767
HT9          1.535392        6.648497       34.061487        0.000000
Fitted Atomtypes 
               A        
CN(0)        1.000000
               A        
HT9(0)        1.000000
               A             a_y10           a_y20      
HN1(0)        1.000000        0.218062        0.168406
               A             a_y10           a_y20           a_y22c     
N1(0)        1.000000       -0.049447        0.219537        0.078224
               A             a_y22c     
CM(0)        1.000000       -0.178589
               A             a_y10           a_y20      
HM(0)        1.000000        0.274997        0.153397
Constrained Atomtypes 
  None
------------
Dispersion RMS Error: 1.38295e-04
Dispersion Weighted RMS Error: 5.99542e-05
Dispersion Weighted Absolute Error: -1.87965e-05
Dispersion Weighted Least-Squares Error: 1.17393e-05
--------------------------------------------
Total Energy:
------------
Total Energy RMS Error: 4.77754e-04
Total Energy Weighted RMS Error: 1.26750e-04
Total Energy Weighted Absolute Error: 6.83013e-06
Total Energy Weighted Least-Squares Error: 7.72970e-05
--------------------------------------------
#########################################################################


