########################## FF Fitting Summary ###########################
--------------------------------------------
Program Version: 1.1.0
Short-range Functional Form: born-mayer
Combination Rules: aij = geometric
                   bij = geometric_mean
Electrostatic Damping Type: None
Thole Param: 0.39
Fitting weight: eff_mu = 0.0 Ha
                eff_kt = 0.0054 Ha
Weighted RMSE cutoff: 0.0 Ha
Anisotropic Atomtypes: None
All parameters have been radially corrected to account for Slater overlap
This radial correction is approximate, and is only rigorous for the case where bi = bj.
------------
Exponents:
CN(0)      2.450399
CM(0)      1.752710
HN1(0)     2.654498
HM(0)      2.763795
N1(0)      1.930449
HT9(0)     2.048156
------------
Monomer 1 Multipole File:
ethene_ISA-GRID_L2.mom
Monomer 2 Multipole File:
methyl_amine_ISA-GRID_L2.mom
--------------------------------------------
Exchange Parameters:
    Functional Form = 
	E(exch)_ij = A*K2(rij)*(1 + a_yml*Y_ml)*exp(-bij*rij)
    where the a coefficient for each spherical harmonic term Y_ml
    is listed in the parameters below and 
	K2(rij) = 1/3*(bij*rij)**2 + bij*rij + 1 
Fitted Atomtypes 
  None
Constrained Atomtypes 
               A        
CN(0)        5.135521
               A        
CM(0)        1.840351
               A        
HN1(0)        0.515439
               A        
HM(0)        0.965378
               A        
N1(0)        2.663061
               A        
HT9(0)        0.435917
------------
Exchange RMS Error: 1.25521e-03
Exchange Weighted RMS Error: 3.63983e-04
Exchange Weighted Absolute Error: 5.46302e-05
Exchange Weighted Least-Squares Error: 6.60962e-05
--------------------------------------------
Electrostatic Parameters:
    Functional Form = 
	E(elst)_ij = f_damp*qi*qj/rij - A*K2(rij)*(1 + a_yml*Y_ml)*exp(-bij*rij)
Fitted Atomtypes 
  None
Constrained Atomtypes 
               A        
CN(0)        3.482835
               A        
CM(0)        1.267575
               A        
HN1(0)        0.112216
               A        
HM(0)        0.253946
               A        
N1(0)        1.856790
               A        
HT9(0)        0.209074
------------
Electrostatics RMS Error: 5.18943e-04
Electrostatics Weighted RMS Error: 1.51931e-04
Electrostatics Weighted Absolute Error: 1.06903e-05
Electrostatics Weighted Least-Squares Error: 2.14316e-04
--------------------------------------------
Drude oscillator energy has been calculated using the following method: multipole-gradient
Induction Parameters:
    Functional Form = 
	E(ind)_ij = shell_charge - A*K2(rij)*(1 + a_yml*Y_ml)*exp(-bij*rij)
Fitted Atomtypes 
  None
Constrained Atomtypes 
               A        
CN(0)        1.036693
               A        
CM(0)        0.282605
               A        
HN1(0)        0.271505
               A        
HM(0)        0.148134
               A        
N1(0)        0.085372
               A        
HT9(0)        0.059529
------------
Induction RMS Error: 1.07012e-04
Induction Weighted RMS Error: 3.12374e-05
Induction Weighted Absolute Error: -7.22999e-07
Induction Weighted Least-Squares Error: 6.31124e-06
--------------------------------------------
DHF Parameters:
    Functional Form = 
	E(dhf)_ij = - A*K2(rij)*(1 + a_yml*Y_ml)*exp(-bij*rij)
Fitted Atomtypes 
  None
Constrained Atomtypes 
               A        
CN(0)        0.000000
               A        
CM(0)        0.413923
               A        
HN1(0)        0.178350
               A        
HM(0)        0.352064
               A        
N1(0)        0.562949
               A        
HT9(0)        0.165903
------------
Dhf RMS Error: 2.28700e-04
Dhf Weighted RMS Error: 7.34570e-05
Dhf Weighted Absolute Error: -1.77601e-05
Dhf Weighted Least-Squares Error: 2.95450e-05
--------------------------------------------
Dispersion Parameters:
    Functional Form = 
	E(disp)_ij = sum_(n=6,8,10,12){A*fdamp_n*(Cij_n/r_ij^n)}
               C6              C8             C10             C12       
CN           4.966795       19.262513       64.818644      207.869495
CM           5.544423       23.289281      120.277772      510.393921
HN1          1.306964        4.117935       31.050725        0.000000
HM           1.512843        6.550977       33.561806      144.894964
N1           4.878202       25.576829      142.574149      704.112767
HT9          1.535392        6.648497       34.061487        0.000000
Fitted Atomtypes 
  None
Constrained Atomtypes 
               A        
CN(0)        1.000000
               A        
CM(0)        1.000000
               A        
HN1(0)        1.000000
               A        
HM(0)        1.000000
               A        
N1(0)        1.000000
               A        
HT9(0)        1.000000
------------
Dispersion RMS Error: 9.29894e-04
Dispersion Weighted RMS Error: 3.46654e-04
Dispersion Weighted Absolute Error: 1.24380e-04
Dispersion Weighted Least-Squares Error: 6.66714e-04
--------------------------------------------
Total Energy:
------------
Total Energy RMS Error: 9.08614e-04
Total Energy Weighted RMS Error: 3.81178e-04
Total Energy Weighted Absolute Error: 1.71218e-04
Total Energy Weighted Least-Squares Error: 2.70427e-04
--------------------------------------------
#########################################################################


