########################## FF Fitting Summary ###########################
--------------------------------------------
Program Version: 1.1.0
Short-range Functional Form: born-mayer
Combination Rules: aij = geometric
                   bij = geometric_mean
Electrostatic Damping Type: None
Thole Param: 0.39
Fitting weight: eff_mu = 0.0 Ha
                eff_kt = 0.0135 Ha
Weighted RMSE cutoff: 0.0 Ha
Anisotropic Atomtypes: None
All parameters have been radially corrected to account for Slater overlap
This radial correction is approximate, and is only rigorous for the case where bi = bj.
------------
Exponents (Optimized):
CN(0)      2.257673
CM(0)      1.775258
HN1(0)     2.251777
HM(0)      2.631189
N1(0)      2.000019
HT9(0)     2.130221
------------
Monomer 1 Multipole File:
ethene_ISA-GRID_L2.mom
Monomer 2 Multipole File:
methyl_amine_ISA-GRID_L2.mom
--------------------------------------------
Exchange Parameters:
    Functional Form = 
	E(exch)_ij = A*K2(rij)*(1 + a_yml*Y_ml)*exp(-bij*rij)
    where the a coefficient for each spherical harmonic term Y_ml
    is listed in the parameters below and 
	K2(rij) = 1/3*(bij*rij)**2 + bij*rij + 1 
Fitted Atomtypes 
               A        
CN(0)        2.232058
               A        
CM(0)        2.571555
               A        
HN1(0)        0.226039
               A        
HM(0)        0.928154
               A        
N1(0)        2.354827
               A        
HT9(0)        0.419472
Constrained Atomtypes 
  None
------------
Exchange RMS Error: 1.20623e-03
Exchange Weighted RMS Error: 1.20623e-03
Exchange Weighted Absolute Error: 4.48211e-05
Exchange Weighted Least-Squares Error: 2.26030e-04
--------------------------------------------
Electrostatic Parameters:
    Functional Form = 
	E(elst)_ij = f_damp*qi*qj/rij - A*K2(rij)*(1 + a_yml*Y_ml)*exp(-bij*rij)
Fitted Atomtypes 
               A        
CN(0)        1.777551
               A        
CM(0)        1.642936
               A        
HN1(0)        0.029125
               A        
HM(0)        0.283131
               A        
N1(0)        1.788080
               A        
HT9(0)        0.200508
Constrained Atomtypes 
  None
------------
Electrostatics RMS Error: 4.97859e-04
Electrostatics Weighted RMS Error: 4.97859e-04
Electrostatics Weighted Absolute Error: 1.11020e-06
Electrostatics Weighted Least-Squares Error: 1.58568e-04
--------------------------------------------
Drude oscillator energy has been calculated using the following method: multipole-gradient
Induction Parameters:
    Functional Form = 
	E(ind)_ij = shell_charge - A*K2(rij)*(1 + a_yml*Y_ml)*exp(-bij*rij)
Fitted Atomtypes 
               A        
CN(0)        1.688478
               A        
CM(0)        0.079683
               A        
HN1(0)        0.381807
               A        
HM(0)        0.070668
               A        
N1(0)        0.143706
               A        
HT9(0)        0.201350
Constrained Atomtypes 
  None
------------
Induction RMS Error: 9.97668e-05
Induction Weighted RMS Error: 9.97668e-05
Induction Weighted Absolute Error: -4.06984e-07
Induction Weighted Least-Squares Error: 5.18853e-06
--------------------------------------------
DHF Parameters:
    Functional Form = 
	E(dhf)_ij = - A*K2(rij)*(1 + a_yml*Y_ml)*exp(-bij*rij)
Fitted Atomtypes 
               A        
CN(0)        0.000000
               A        
CM(0)        0.104569
               A        
HN1(0)        0.531718
               A        
HM(0)        0.045731
               A        
N1(0)        3.050094
               A        
HT9(0)        0.974275
Constrained Atomtypes 
  None
------------
Dhf RMS Error: 2.18619e-04
Dhf Weighted RMS Error: 2.18619e-04
Dhf Weighted Absolute Error: -1.25451e-05
Dhf Weighted Least-Squares Error: 2.46910e-05
--------------------------------------------
Dispersion Parameters:
    Functional Form = 
	E(disp)_ij = sum_(n=6,8,10,12){A*fdamp_n*(Cij_n/r_ij^n)}
               C6              C8             C10             C12       
CN           4.966795       19.262513       64.818644      207.869495
CM           5.544423       23.289281      120.277772      510.393921
HN1          1.306964        4.117935       31.050725        0.000000
HM           1.512843        6.550977       33.561806      144.894964
N1           4.878202       25.576829      142.574149      704.112767
HT9          1.535392        6.648497       34.061487        0.000000
Fitted Atomtypes 
               A        
CN(0)        0.700000
               A        
CM(0)        1.300000
               A        
HN1(0)        0.700000
               A        
HM(0)        0.700000
               A        
N1(0)        1.202026
               A        
HT9(0)        1.091411
Constrained Atomtypes 
  None
------------
Dispersion RMS Error: 2.52431e-04
Dispersion Weighted RMS Error: 2.52431e-04
Dispersion Weighted Absolute Error: 2.96553e-06
Dispersion Weighted Least-Squares Error: 4.02804e-05
--------------------------------------------
Total Energy:
------------
Total Energy RMS Error: 5.93158e-04
Total Energy Weighted RMS Error: 5.93158e-04
Total Energy Weighted Absolute Error: 3.59447e-05
Total Energy Weighted Least-Squares Error: 1.29546e-04
--------------------------------------------
#########################################################################


########################## FF Fitting Summary ###########################
--------------------------------------------
Program Version: 1.1.0
Short-range Functional Form: born-mayer
Combination Rules: aij = geometric
                   bij = geometric_mean
Electrostatic Damping Type: None
Thole Param: 0.39
Fitting weight: eff_mu = 0.0 Ha
                eff_kt = 0.0135 Ha
Weighted RMSE cutoff: 0.0 Ha
Anisotropic Atomtypes: None
All parameters have been radially corrected to account for Slater overlap
This radial correction is approximate, and is only rigorous for the case where bi = bj.
------------
Exponents (Optimized):
CN(0)      2.257673
CM(0)      1.775258
HN1(0)     2.251777
HM(0)      2.631189
N1(0)      2.000019
HT9(0)     2.130221
------------
Monomer 1 Multipole File:
ethene_ISA-GRID_L2.mom
Monomer 2 Multipole File:
methyl_amine_ISA-GRID_L2.mom
--------------------------------------------
Exchange Parameters:
    Functional Form = 
	E(exch)_ij = A*K2(rij)*(1 + a_yml*Y_ml)*exp(-bij*rij)
    where the a coefficient for each spherical harmonic term Y_ml
    is listed in the parameters below and 
	K2(rij) = 1/3*(bij*rij)**2 + bij*rij + 1 
Fitted Atomtypes 
               A        
CN(0)        2.232058
               A        
CM(0)        2.571555
               A        
HN1(0)        0.226039
               A        
HM(0)        0.928154
               A        
N1(0)        2.354827
               A        
HT9(0)        0.419472
Constrained Atomtypes 
  None
------------
Exchange RMS Error: 1.20623e-03
Exchange Weighted RMS Error: 1.20623e-03
Exchange Weighted Absolute Error: 4.48211e-05
Exchange Weighted Least-Squares Error: 2.26030e-04
--------------------------------------------
Electrostatic Parameters:
    Functional Form = 
	E(elst)_ij = f_damp*qi*qj/rij - A*K2(rij)*(1 + a_yml*Y_ml)*exp(-bij*rij)
Fitted Atomtypes 
               A        
CN(0)        1.777551
               A        
CM(0)        1.642936
               A        
HN1(0)        0.029125
               A        
HM(0)        0.283131
               A        
N1(0)        1.788080
               A        
HT9(0)        0.200508
Constrained Atomtypes 
  None
------------
Electrostatics RMS Error: 4.97859e-04
Electrostatics Weighted RMS Error: 4.97859e-04
Electrostatics Weighted Absolute Error: 1.11020e-06
Electrostatics Weighted Least-Squares Error: 1.58568e-04
--------------------------------------------
Drude oscillator energy has been calculated using the following method: multipole-gradient
Induction Parameters:
    Functional Form = 
	E(ind)_ij = shell_charge - A*K2(rij)*(1 + a_yml*Y_ml)*exp(-bij*rij)
Fitted Atomtypes 
               A        
CN(0)        1.706927
               A        
CM(0)        0.078823
               A        
HN1(0)        0.385976
               A        
HM(0)        0.069904
               A        
N1(0)        0.145275
               A        
HT9(0)        0.203547
Constrained Atomtypes 
  None
------------
Induction RMS Error: 9.97668e-05
Induction Weighted RMS Error: 9.97668e-05
Induction Weighted Absolute Error: -4.07002e-07
Induction Weighted Least-Squares Error: 5.18854e-06
--------------------------------------------
DHF Parameters:
    Functional Form = 
	E(dhf)_ij = - A*K2(rij)*(1 + a_yml*Y_ml)*exp(-bij*rij)
Fitted Atomtypes 
               A        
CN(0)        0.000000
               A        
CM(0)        0.104567
               A        
HN1(0)        0.531718
               A        
HM(0)        0.045727
               A        
N1(0)        3.050336
               A        
HT9(0)        0.974319
Constrained Atomtypes 
  None
------------
Dhf RMS Error: 2.18586e-04
Dhf Weighted RMS Error: 2.18586e-04
Dhf Weighted Absolute Error: -1.25446e-05
Dhf Weighted Least-Squares Error: 2.46835e-05
--------------------------------------------
Dispersion Parameters:
    Functional Form = 
	E(disp)_ij = sum_(n=6,8,10,12){A*fdamp_n*(Cij_n/r_ij^n)}
               C6              C8             C10             C12       
CN           4.966795       19.262513       64.818644      207.869495
CM           5.544423       23.289281      120.277772      510.393921
HN1          1.306964        4.117935       31.050725        0.000000
HM           1.512843        6.550977       33.561806      144.894964
N1           4.878202       25.576829      142.574149      704.112767
HT9          1.535392        6.648497       34.061487        0.000000
Fitted Atomtypes 
               A        
CN(0)        0.700000
               A        
CM(0)        1.300000
               A        
HN1(0)        0.700000
               A        
HM(0)        0.700000
               A        
N1(0)        1.202026
               A        
HT9(0)        1.091411
Constrained Atomtypes 
  None
------------
Dispersion RMS Error: 2.52431e-04
Dispersion Weighted RMS Error: 2.52431e-04
Dispersion Weighted Absolute Error: 2.96553e-06
Dispersion Weighted Least-Squares Error: 4.02804e-05
--------------------------------------------
Total Energy:
------------
Total Energy RMS Error: 5.93166e-04
Total Energy Weighted RMS Error: 5.93166e-04
Total Energy Weighted Absolute Error: 3.59453e-05
Total Energy Weighted Least-Squares Error: 1.29548e-04
--------------------------------------------
#########################################################################


