########################## FF Fitting Summary ###########################
--------------------------------------------
Program Version: 1.1.0
Short-range Functional Form: born-mayer
Combination Rules: aij = geometric
                   bij = geometric_mean
Electrostatic Damping Type: None
Thole Param: 0.39
Fitting weight: eff_mu = 0.0 Ha
                eff_kt = 0.0054 Ha
Weighted RMSE cutoff: 0.0 Ha
Anisotropic Atomtypes: HN1  N1   CM   HM   
All parameters have been radially corrected to account for Slater overlap
This radial correction is approximate, and is only rigorous for the case where bi = bj.
------------
Exponents:
CN(0)      2.168243
CM(0)      1.817015
HN1(0)     2.279018
HM(0)      2.464510
N1(0)      2.092997
HT9(0)     2.196103
------------
Monomer 1 Multipole File:
ethene_ISA-GRID_L2.mom
Monomer 2 Multipole File:
methyl_amine_ISA-GRID_L2.mom
--------------------------------------------
Exchange Parameters:
    Functional Form = 
	E(exch)_ij = A*K2(rij)*(1 + a_yml*Y_ml)*exp(-bij*rij)
    where the a coefficient for each spherical harmonic term Y_ml
    is listed in the parameters below and 
	K2(rij) = 1/3*(bij*rij)**2 + bij*rij + 1 
Fitted Atomtypes 
  None
Constrained Atomtypes 
               A        
CN(0)        2.812735
               A             a_y22c     
CM(0)        1.904279       -0.256017
               A             a_y10           a_y20      
HN1(0)        0.323853       -1.000000       -0.506715
               A             a_y10           a_y20      
HM(0)        0.476418       -1.000000       -0.417119
               A             a_y10           a_y20           a_y22c     
N1(0)        2.639311       -0.189298        0.634922        0.069328
               A        
HT9(0)        0.589525
------------
Exchange RMS Error: 7.83923e-04
Exchange Weighted RMS Error: 7.83923e-04
Exchange Weighted Absolute Error: 3.36049e-05
Exchange Weighted Least-Squares Error: 2.53730e-05
--------------------------------------------
Electrostatic Parameters:
    Functional Form = 
	E(elst)_ij = f_damp*qi*qj/rij - A*K2(rij)*(1 + a_yml*Y_ml)*exp(-bij*rij)
Fitted Atomtypes 
  None
Constrained Atomtypes 
               A        
CN(0)        1.680541
               A             a_y22c     
CM(0)        1.382331       -0.108491
               A             a_y10           a_y20      
HN1(0)        0.124026       -1.000000       -0.312179
               A             a_y10           a_y20      
HM(0)        0.144313       -1.000000       -0.079034
               A             a_y10           a_y20           a_y22c     
N1(0)        1.989504       -0.013773        0.680912        0.087900
               A        
HT9(0)        0.306243
------------
Electrostatics RMS Error: 3.18413e-04
Electrostatics Weighted RMS Error: 3.18413e-04
Electrostatics Weighted Absolute Error: 5.10489e-06
Electrostatics Weighted Least-Squares Error: 8.10842e-05
--------------------------------------------
Drude oscillator energy has been calculated using the following method: multipole-gradient
Induction Parameters:
    Functional Form = 
	E(ind)_ij = shell_charge - A*K2(rij)*(1 + a_yml*Y_ml)*exp(-bij*rij)
Fitted Atomtypes 
  None
Constrained Atomtypes 
               A        
CN(0)        0.402591
               A             a_y22c     
CM(0)        0.288313       -0.132971
               A             a_y10           a_y20      
HN1(0)        0.197588        0.579202        0.670307
               A             a_y10           a_y20      
HM(0)        0.217522        1.000000        1.000000
               A             a_y10           a_y20           a_y22c     
N1(0)        0.258550        1.000000        0.603029       -0.231367
               A        
HT9(0)        0.088922
------------
Induction RMS Error: 1.07014e-04
Induction Weighted RMS Error: 1.07014e-04
Induction Weighted Absolute Error: 5.30097e-06
Induction Weighted Least-Squares Error: 6.29623e-06
--------------------------------------------
DHF Parameters:
    Functional Form = 
	E(dhf)_ij = - A*K2(rij)*(1 + a_yml*Y_ml)*exp(-bij*rij)
Fitted Atomtypes 
  None
Constrained Atomtypes 
               A        
CN(0)        0.000000
               A             a_y22c     
CM(0)        0.313912       -0.661845
               A             a_y10           a_y20      
HN1(0)        0.089532       -1.000000        0.525090
               A             a_y10           a_y20      
HM(0)        0.300844       -0.014513       -0.028372
               A             a_y10           a_y20           a_y22c     
N1(0)        0.583280       -0.487386        0.483158       -0.085849
               A        
HT9(0)        0.218657
------------
Dhf RMS Error: 2.16979e-04
Dhf Weighted RMS Error: 2.16979e-04
Dhf Weighted Absolute Error: -1.11506e-05
Dhf Weighted Least-Squares Error: 2.62850e-05
--------------------------------------------
Dispersion Parameters:
    Functional Form = 
	E(disp)_ij = sum_(n=6,8,10,12){A*fdamp_n*(Cij_n/r_ij^n)}
               C6              C8             C10             C12       
CN           4.966795       19.262513       64.818644      207.869495
CM           5.544423       23.289281      120.277772      510.393921
HN1          1.306964        4.117935       31.050725        0.000000
HM           1.512843        6.550977       33.561806      144.894964
N1           4.878202       25.576829      142.574149      704.112767
HT9          1.535392        6.648497       34.061487        0.000000
Fitted Atomtypes 
  None
Constrained Atomtypes 
               A        
CN(0)        0.811187
               A             a_y22c     
CM(0)        1.120846       -0.067490
               A             a_y10           a_y20      
HN1(0)        0.883801       -0.264280       -0.050239
               A             a_y10           a_y20      
HM(0)        0.939274        0.413006        0.260903
               A             a_y10           a_y20           a_y22c     
N1(0)        0.915222       -0.175600        0.281634        0.061674
               A        
HT9(0)        1.105961
------------
Dispersion RMS Error: 1.01519e-04
Dispersion Weighted RMS Error: 1.01519e-04
Dispersion Weighted Absolute Error: -2.24066e-05
Dispersion Weighted Least-Squares Error: 7.61951e-06
--------------------------------------------
Total Energy:
------------
Total Energy RMS Error: 4.97651e-04
Total Energy Weighted RMS Error: 4.97651e-04
Total Energy Weighted Absolute Error: 1.04536e-05
Total Energy Weighted Least-Squares Error: 5.64099e-05
--------------------------------------------
#########################################################################


