########################## FF Fitting Summary ###########################
--------------------------------------------
Program Version: 1.1.0
Short-range Functional Form: born-mayer
Combination Rules: aij = geometric
                   bij = geometric_mean
Electrostatic Damping Type: None
Thole Param: 0.39
Fitting weight: eff_mu = 0.0 Ha
                eff_kt = 0.0067 Ha
Weighted RMSE cutoff: 0.0 Ha
Anisotropic Atomtypes: CCO2 OCO  
All parameters have been radially corrected to account for Slater overlap
This radial correction is approximate, and is only rigorous for the case where bi = bj.
------------
Exponents (Optimized):
CT4(0)     1.914695
HT4(0)     2.311200
CCO2(0)    2.335464
OCO(0)     2.352717
------------
Monomer 1 Multipole File:
co2_ISA-GRID_L2.mom
Monomer 2 Multipole File:
methane_ISA-GRID_L2.mom
--------------------------------------------
Exchange Parameters:
    Functional Form = 
	E(exch)_ij = A*K2(rij)*(1 + a_yml*Y_ml)*exp(-bij*rij)
    where the a coefficient for each spherical harmonic term Y_ml
    is listed in the parameters below and 
	K2(rij) = 1/3*(bij*rij)**2 + bij*rij + 1 
Fitted Atomtypes 
               A        
CT4(0)        3.108080
               A        
HT4(0)        0.959132
               A             a_y20      
CCO2(0)        2.043002        0.356677
               A             a_y10           a_y20      
OCO(0)        2.318546       -0.065443       -0.111814
Constrained Atomtypes 
  None
------------
Exchange RMS Error: 2.78455e-04
Exchange Weighted RMS Error: 4.24927e-05
Exchange Weighted Absolute Error: 2.30978e-06
Exchange Weighted Least-Squares Error: 4.12765e-06
--------------------------------------------
Electrostatic Parameters:
    Functional Form = 
	E(elst)_ij = f_damp*qi*qj/rij - A*K2(rij)*(1 + a_yml*Y_ml)*exp(-bij*rij)
Fitted Atomtypes 
               A        
CT4(0)        1.715724
               A        
HT4(0)        0.483492
               A             a_y20      
CCO2(0)        3.159127        1.000000
               A             a_y10           a_y20      
OCO(0)        0.815943       -1.000000       -0.496192
Constrained Atomtypes 
  None
------------
Electrostatics RMS Error: 1.44562e-04
Electrostatics Weighted RMS Error: 4.72593e-05
Electrostatics Weighted Absolute Error: 1.61156e-05
Electrostatics Weighted Least-Squares Error: 1.52306e-05
--------------------------------------------
Drude oscillator energy has been calculated using the following method: multipole-gradient
Induction Parameters:
    Functional Form = 
	E(ind)_ij = shell_charge - A*K2(rij)*(1 + a_yml*Y_ml)*exp(-bij*rij)
Fitted Atomtypes 
               A        
CT4(0)        0.645106
               A        
HT4(0)        0.245188
               A             a_y20      
CCO2(0)        0.973251        1.000000
               A             a_y10           a_y20      
OCO(0)        0.000000        0.577464       -0.427786
Constrained Atomtypes 
  None
------------
Induction RMS Error: 5.55500e-05
Induction Weighted RMS Error: 8.34437e-06
Induction Weighted Absolute Error: 2.81232e-06
Induction Weighted Least-Squares Error: 1.66311e-06
--------------------------------------------
DHF Parameters:
    Functional Form = 
	E(dhf)_ij = - A*K2(rij)*(1 + a_yml*Y_ml)*exp(-bij*rij)
Fitted Atomtypes 
               A        
CT4(0)        0.276771
               A        
HT4(0)        0.411369
               A             a_y20      
CCO2(0)        0.120073       -1.000000
               A             a_y10           a_y20      
OCO(0)        0.307829       -1.000000       -0.349056
Constrained Atomtypes 
  None
------------
Dhf RMS Error: 5.33638e-05
Dhf Weighted RMS Error: 6.15024e-06
Dhf Weighted Absolute Error: 2.83123e-06
Dhf Weighted Least-Squares Error: 1.52062e-06
--------------------------------------------
Dispersion Parameters:
    Functional Form = 
	E(disp)_ij = sum_(n=6,8,10,12){A*fdamp_n*(Cij_n/r_ij^n)}
               C6              C8             C10             C12       
CT4          4.847096       18.798288       63.256519      202.859856
HT4          1.498389        6.488268       33.240608        0.000000
CCO2         4.678946       20.766690       84.950595      399.352721
OCO          4.067865       17.049989       83.654105      339.409882
Fitted Atomtypes 
               A        
CT4(0)        1.000000
               A        
HT4(0)        1.000000
               A             a_y20      
CCO2(0)        1.000000        0.755993
               A             a_y10           a_y20      
OCO(0)        1.000000        0.134698        0.092909
Constrained Atomtypes 
  None
------------
Dispersion RMS Error: 4.26648e-05
Dispersion Weighted RMS Error: 2.41629e-05
Dispersion Weighted Absolute Error: -1.31534e-05
Dispersion Weighted Least-Squares Error: 1.20062e-06
--------------------------------------------
Total Energy:
------------
Total Energy RMS Error: 2.54986e-04
Total Energy Weighted RMS Error: 5.25689e-05
Total Energy Weighted Absolute Error: 1.09156e-05
Total Energy Weighted Least-Squares Error: 1.58593e-05
--------------------------------------------
#########################################################################


