########################## FF Fitting Summary ###########################
--------------------------------------------
Program Version: 1.1.0
Short-range Functional Form: born-mayer
Combination Rules: aij = geometric
                   bij = geometric_mean
Electrostatic Damping Type: None
Thole Param: 0.39
Fitting weight: eff_mu = 0.0 Ha
                eff_kt = 0.0027 Ha
Weighted RMSE cutoff: 0.0 Ha
Anisotropic Atomtypes: None
All parameters have been radially corrected to account for Slater overlap
This radial correction is approximate, and is only rigorous for the case where bi = bj.
------------
Exponents:
CT4(0)     1.983284
HT4(0)     2.284224
CCO2(0)    2.033668
OCO(0)     2.440921
------------
Monomer 1 Multipole File:
co2_ISA-GRID_L2.mom
Monomer 2 Multipole File:
methane_ISA-GRID_L2.mom
--------------------------------------------
Exchange Parameters:
    Functional Form = 
	E(exch)_ij = A*K2(rij)*(1 + a_yml*Y_ml)*exp(-bij*rij)
    where the a coefficient for each spherical harmonic term Y_ml
    is listed in the parameters below and 
	K2(rij) = 1/3*(bij*rij)**2 + bij*rij + 1 
Fitted Atomtypes 
  None
Constrained Atomtypes 
               A        
CT4(0)        2.302355
               A        
HT4(0)        0.643486
               A        
CCO2(0)        1.413701
               A        
OCO(0)        4.285230
------------
Exchange RMS Error: 3.38089e-04
Exchange Weighted RMS Error: 6.73327e-05
Exchange Weighted Absolute Error: -7.77867e-06
Exchange Weighted Least-Squares Error: 2.24533e-06
--------------------------------------------
Electrostatic Parameters:
    Functional Form = 
	E(elst)_ij = f_damp*qi*qj/rij - A*K2(rij)*(1 + a_yml*Y_ml)*exp(-bij*rij)
Fitted Atomtypes 
  None
Constrained Atomtypes 
               A        
CT4(0)        1.554263
               A        
HT4(0)        0.298062
               A        
CCO2(0)        0.772448
               A        
OCO(0)        2.434611
------------
Electrostatics RMS Error: 2.05642e-04
Electrostatics Weighted RMS Error: 4.85047e-05
Electrostatics Weighted Absolute Error: 9.87621e-06
Electrostatics Weighted Least-Squares Error: 3.82626e-05
--------------------------------------------
Drude oscillator energy has been calculated using the following method: multipole-gradient
Induction Parameters:
    Functional Form = 
	E(ind)_ij = shell_charge - A*K2(rij)*(1 + a_yml*Y_ml)*exp(-bij*rij)
Fitted Atomtypes 
  None
Constrained Atomtypes 
               A        
CT4(0)        0.056834
               A        
HT4(0)        0.149835
               A        
CCO2(0)        0.558185
               A        
OCO(0)        0.328410
------------
Induction RMS Error: 7.66746e-05
Induction Weighted RMS Error: 1.62658e-05
Induction Weighted Absolute Error: 8.50066e-06
Induction Weighted Least-Squares Error: 3.43853e-06
--------------------------------------------
DHF Parameters:
    Functional Form = 
	E(dhf)_ij = - A*K2(rij)*(1 + a_yml*Y_ml)*exp(-bij*rij)
Fitted Atomtypes 
  None
Constrained Atomtypes 
               A        
CT4(0)        0.102274
               A        
HT4(0)        0.226053
               A        
CCO2(0)        0.086491
               A        
OCO(0)        1.010707
------------
Dhf RMS Error: 9.83247e-05
Dhf Weighted RMS Error: 1.21474e-05
Dhf Weighted Absolute Error: 6.01575e-06
Dhf Weighted Least-Squares Error: 5.70579e-06
--------------------------------------------
Dispersion Parameters:
    Functional Form = 
	E(disp)_ij = sum_(n=6,8,10,12){A*fdamp_n*(Cij_n/r_ij^n)}
               C6              C8             C10             C12       
CT4          4.847096       18.798288       63.256519      202.859856
HT4          1.498389        6.488268       33.240608        0.000000
CCO2         4.678946       20.766690       84.950595      399.352721
OCO          4.067865       17.049989       83.654105      339.409882
Fitted Atomtypes 
  None
Constrained Atomtypes 
               A        
CT4(0)        1.000000
               A        
HT4(0)        1.000000
               A        
CCO2(0)        1.000000
               A        
OCO(0)        1.000000
------------
Dispersion RMS Error: 2.71920e-04
Dispersion Weighted RMS Error: 1.07188e-04
Dispersion Weighted Absolute Error: 4.89984e-05
Dispersion Weighted Least-Squares Error: 6.52902e-05
--------------------------------------------
Total Energy:
------------
Total Energy RMS Error: 4.16571e-04
Total Energy Weighted RMS Error: 1.27663e-04
Total Energy Weighted Absolute Error: 6.56124e-05
Total Energy Weighted Least-Squares Error: 3.11025e-05
--------------------------------------------
#########################################################################


