########################## FF Fitting Summary ###########################
--------------------------------------------
Program Version: 1.1.0
Short-range Functional Form: born-mayer
Combination Rules: aij = geometric
                   bij = geometric_mean
Electrostatic Damping Type: None
Thole Param: 0.39
Fitting weight: eff_mu = 0.0 Ha
                eff_kt = 0.0027 Ha
Weighted RMSE cutoff: 0.0 Ha
Anisotropic Atomtypes: CCO2 OCO  
All parameters have been radially corrected to account for Slater overlap
This radial correction is approximate, and is only rigorous for the case where bi = bj.
------------
Exponents:
CT4(0)     1.983284
HT4(0)     2.284224
CCO2(0)    2.303225
OCO(0)     2.355902
------------
Monomer 1 Multipole File:
co2_ISA-GRID_L2.mom
Monomer 2 Multipole File:
methane_ISA-GRID_L2.mom
--------------------------------------------
Exchange Parameters:
    Functional Form = 
	E(exch)_ij = A*K2(rij)*(1 + a_yml*Y_ml)*exp(-bij*rij)
    where the a coefficient for each spherical harmonic term Y_ml
    is listed in the parameters below and 
	K2(rij) = 1/3*(bij*rij)**2 + bij*rij + 1 
Fitted Atomtypes 
  None
Constrained Atomtypes 
               A        
CT4(0)        2.302355
               A        
HT4(0)        0.643486
               A             a_y20      
CCO2(0)        2.772775        0.403146
               A             a_y10           a_y20      
OCO(0)        3.649414        0.019628       -0.085793
------------
Exchange RMS Error: 2.71184e-04
Exchange Weighted RMS Error: 2.71184e-04
Exchange Weighted Absolute Error: -6.74778e-06
Exchange Weighted Least-Squares Error: 1.21820e-06
--------------------------------------------
Electrostatic Parameters:
    Functional Form = 
	E(elst)_ij = f_damp*qi*qj/rij - A*K2(rij)*(1 + a_yml*Y_ml)*exp(-bij*rij)
Fitted Atomtypes 
  None
Constrained Atomtypes 
               A        
CT4(0)        1.554263
               A        
HT4(0)        0.298062
               A             a_y20      
CCO2(0)        2.754596        0.976792
               A             a_y10           a_y20      
OCO(0)        1.710383       -0.209142       -0.228234
------------
Electrostatics RMS Error: 1.69868e-04
Electrostatics Weighted RMS Error: 1.69868e-04
Electrostatics Weighted Absolute Error: 6.88220e-06
Electrostatics Weighted Least-Squares Error: 2.62820e-05
--------------------------------------------
Drude oscillator energy has been calculated using the following method: multipole-gradient
Induction Parameters:
    Functional Form = 
	E(ind)_ij = shell_charge - A*K2(rij)*(1 + a_yml*Y_ml)*exp(-bij*rij)
Fitted Atomtypes 
  None
Constrained Atomtypes 
               A        
CT4(0)        0.056826
               A        
HT4(0)        0.149836
               A             a_y20      
CCO2(0)        0.349191       -1.000000
               A             a_y10           a_y20      
OCO(0)        0.711855        1.000000        0.457775
------------
Induction RMS Error: 7.51224e-05
Induction Weighted RMS Error: 7.51224e-05
Induction Weighted Absolute Error: 7.94189e-06
Induction Weighted Least-Squares Error: 3.21047e-06
--------------------------------------------
DHF Parameters:
    Functional Form = 
	E(dhf)_ij = - A*K2(rij)*(1 + a_yml*Y_ml)*exp(-bij*rij)
Fitted Atomtypes 
  None
Constrained Atomtypes 
               A        
CT4(0)        0.102274
               A        
HT4(0)        0.226052
               A             a_y20      
CCO2(0)        0.328421       -1.000000
               A             a_y10           a_y20      
OCO(0)        0.567210       -1.000000       -0.585344
------------
Dhf RMS Error: 8.03219e-05
Dhf Weighted RMS Error: 8.03219e-05
Dhf Weighted Absolute Error: 7.07031e-06
Dhf Weighted Least-Squares Error: 3.80186e-06
--------------------------------------------
Dispersion Parameters:
    Functional Form = 
	E(disp)_ij = sum_(n=6,8,10,12){A*fdamp_n*(Cij_n/r_ij^n)}
               C6              C8             C10             C12       
CT4          4.847096       18.798288       63.256519      202.859856
HT4          1.498389        6.488268       33.240608        0.000000
CCO2         4.678946       20.766690       84.950595      399.352721
OCO          4.067865       17.049989       83.654105      339.409882
Fitted Atomtypes 
  None
Constrained Atomtypes 
               A        
CT4(0)        1.017087
               A        
HT4(0)        1.016115
               A             a_y20      
CCO2(0)        0.936959       -0.170922
               A             a_y10           a_y20      
OCO(0)        0.815511       -0.519612       -0.235247
------------
Dispersion RMS Error: 3.84947e-05
Dispersion Weighted RMS Error: 3.84947e-05
Dispersion Weighted Absolute Error: -4.00717e-06
Dispersion Weighted Least-Squares Error: 1.24977e-06
--------------------------------------------
Total Energy:
------------
Total Energy RMS Error: 2.33992e-04
Total Energy Weighted RMS Error: 2.33992e-04
Total Energy Weighted Absolute Error: 1.11395e-05
Total Energy Weighted Least-Squares Error: 9.44744e-06
--------------------------------------------
#########################################################################


