########################## FF Fitting Summary ###########################
--------------------------------------------
Program Version: 1.1.0
Short-range Functional Form: born-mayer
Combination Rules: aij = geometric
                   bij = geometric_mean
Electrostatic Damping Type: None
Thole Param: 0.39
Fitting weight: eff_mu = 0.0 Ha
                eff_kt = 0.0027 Ha
Weighted RMSE cutoff: 0.0 Ha
Anisotropic Atomtypes: None
All parameters have been radially corrected to account for Slater overlap
This radial correction is approximate, and is only rigorous for the case where bi = bj.
------------
Exponents:
CT4(0)     1.983284
HT4(0)     2.284224
CCO2(0)    2.033668
OCO(0)     2.440921
------------
Monomer 1 Multipole File:
co2_ISA-GRID_L0.mom
Monomer 2 Multipole File:
methane_ISA-GRID_L0.mom
--------------------------------------------
Exchange Parameters:
    Functional Form = 
	E(exch)_ij = A*K2(rij)*(1 + a_yml*Y_ml)*exp(-bij*rij)
    where the a coefficient for each spherical harmonic term Y_ml
    is listed in the parameters below and 
	K2(rij) = 1/3*(bij*rij)**2 + bij*rij + 1 
Fitted Atomtypes 
  None
Constrained Atomtypes 
               A        
CT4(0)        2.302355
               A        
HT4(0)        0.643486
               A        
CCO2(0)        1.413701
               A        
OCO(0)        4.285230
------------
Exchange RMS Error: 3.38089e-04
Exchange Weighted RMS Error: 3.38089e-04
Exchange Weighted Absolute Error: -7.77867e-06
Exchange Weighted Least-Squares Error: 2.24533e-06
--------------------------------------------
Electrostatic Parameters:
    Functional Form = 
	E(elst)_ij = f_damp*qi*qj/rij - A*K2(rij)*(1 + a_yml*Y_ml)*exp(-bij*rij)
Fitted Atomtypes 
  None
Constrained Atomtypes 
               A        
CT4(0)        1.510176
               A        
HT4(0)        0.306267
               A        
CCO2(0)        0.812120
               A        
OCO(0)        2.409721
------------
Electrostatics RMS Error: 1.99858e-04
Electrostatics Weighted RMS Error: 1.99858e-04
Electrostatics Weighted Absolute Error: 1.14790e-05
Electrostatics Weighted Least-Squares Error: 3.58622e-05
--------------------------------------------
Drude oscillator energy has been calculated using the following method: multipole-gradient
Induction Parameters:
    Functional Form = 
	E(ind)_ij = shell_charge - A*K2(rij)*(1 + a_yml*Y_ml)*exp(-bij*rij)
Fitted Atomtypes 
  None
Constrained Atomtypes 
               A        
CT4(0)        0.071163
               A        
HT4(0)        0.152282
               A        
CCO2(0)        0.521208
               A        
OCO(0)        0.190615
------------
Induction RMS Error: 9.52002e-05
Induction Weighted RMS Error: 9.52002e-05
Induction Weighted Absolute Error: 1.70956e-05
Induction Weighted Least-Squares Error: 5.12833e-06
--------------------------------------------
DHF Parameters:
    Functional Form = 
	E(dhf)_ij = - A*K2(rij)*(1 + a_yml*Y_ml)*exp(-bij*rij)
Fitted Atomtypes 
  None
Constrained Atomtypes 
               A        
CT4(0)        0.102420
               A        
HT4(0)        0.226166
               A        
CCO2(0)        0.084998
               A        
OCO(0)        1.009739
------------
Dhf RMS Error: 9.91467e-05
Dhf Weighted RMS Error: 9.91467e-05
Dhf Weighted Absolute Error: 6.04685e-06
Dhf Weighted Least-Squares Error: 5.80161e-06
--------------------------------------------
Dispersion Parameters:
    Functional Form = 
	E(disp)_ij = sum_(n=6,8,10,12){A*fdamp_n*(Cij_n/r_ij^n)}
               C6              C8             C10             C12       
CT4          4.847096       18.798288       63.256519      202.859856
HT4          1.498389        6.488268       33.240608        0.000000
CCO2         4.678946       20.766690       84.950595      399.352721
OCO          4.067865       17.049989       83.654105      339.409882
Fitted Atomtypes 
  None
Constrained Atomtypes 
               A        
CT4(0)        1.017087
               A        
HT4(0)        1.016115
               A        
CCO2(0)        0.704870
               A        
OCO(0)        1.028010
------------
Dispersion RMS Error: 4.21223e-05
Dispersion Weighted RMS Error: 4.21223e-05
Dispersion Weighted Absolute Error: -6.22462e-06
Dispersion Weighted Least-Squares Error: 1.41789e-06
--------------------------------------------
Total Energy:
------------
Total Energy RMS Error: 2.95978e-04
Total Energy Weighted RMS Error: 2.95978e-04
Total Energy Weighted Absolute Error: 2.06183e-05
Total Energy Weighted Least-Squares Error: 1.36846e-05
--------------------------------------------
#########################################################################


