########################## FF Fitting Summary ###########################
--------------------------------------------
Program Version: 1.1.0
Short-range Functional Form: born-mayer
Combination Rules: aij = geometric
                   bij = geometric_mean
Electrostatic Damping Type: None
Thole Param: 0.39
Fitting weight: eff_mu = 0.0 Ha
                eff_kt = 0.017 Ha
Weighted RMSE cutoff: 0.0 Ha
Anisotropic Atomtypes: O    
All parameters have been radially corrected to account for Slater overlap
This radial correction is approximate, and is only rigorous for the case where bi = bj.
------------
Exponents (Optimized):
HT7(0)     2.199197
CO(0)      2.102972
O(0)       2.290632
------------
Monomer 1 Multipole File:
dimethyl_ether_ISA-GRID_L2.mom
Monomer 2 Multipole File:
dimethyl_ether_ISA-GRID_L2.mom
--------------------------------------------
Exchange Parameters:
    Functional Form = 
	E(exch)_ij = A*K2(rij)*(1 + a_yml*Y_ml)*exp(-bij*rij)
    where the a coefficient for each spherical harmonic term Y_ml
    is listed in the parameters below and 
	K2(rij) = 1/3*(bij*rij)**2 + bij*rij + 1 
Fitted Atomtypes 
               A        
HT7(0)        0.610126
               A        
CO(0)        2.394140
               A             a_y10           a_y20           a_y22c     
O(0)         1.716903       -0.748190        0.479788       -1.000000
Constrained Atomtypes 
  None
------------
Exchange RMS Error: 7.50725e-04
Exchange Weighted RMS Error: 3.13681e-04
Exchange Weighted Absolute Error: -1.32453e-05
Exchange Weighted Least-Squares Error: 9.54750e-05
--------------------------------------------
Electrostatic Parameters:
    Functional Form = 
	E(elst)_ij = f_damp*qi*qj/rij - A*K2(rij)*(1 + a_yml*Y_ml)*exp(-bij*rij)
Fitted Atomtypes 
               A        
HT7(0)        0.305230
               A        
CO(0)        1.542017
               A             a_y10           a_y20           a_y22c     
O(0)         1.133586       -0.873385        0.246797       -1.000000
Constrained Atomtypes 
  None
------------
Electrostatics RMS Error: 3.18340e-04
Electrostatics Weighted RMS Error: 1.43962e-04
Electrostatics Weighted Absolute Error: 9.94768e-06
Electrostatics Weighted Least-Squares Error: 5.29251e-05
--------------------------------------------
Drude oscillator energy has been calculated using the following method: multipole-gradient
Induction Parameters:
    Functional Form = 
	E(ind)_ij = shell_charge - A*K2(rij)*(1 + a_yml*Y_ml)*exp(-bij*rij)
Fitted Atomtypes 
               A        
HT7(0)        0.119235
               A        
CO(0)        0.176391
               A             a_y10           a_y20           a_y22c     
O(0)         0.226877        1.000000       -1.000000        0.885560
Constrained Atomtypes 
  None
------------
Induction RMS Error: 7.34273e-05
Induction Weighted RMS Error: 2.28260e-05
Induction Weighted Absolute Error: 7.19857e-06
Induction Weighted Least-Squares Error: 2.37863e-06
--------------------------------------------
DHF Parameters:
    Functional Form = 
	E(dhf)_ij = - A*K2(rij)*(1 + a_yml*Y_ml)*exp(-bij*rij)
Fitted Atomtypes 
               A        
HT7(0)        0.213744
               A        
CO(0)        0.029283
               A             a_y10           a_y20           a_y22c     
O(0)         0.452464       -1.000000        0.065842       -0.744299
Constrained Atomtypes 
  None
------------
Dhf RMS Error: 5.45881e-05
Dhf Weighted RMS Error: 2.18070e-05
Dhf Weighted Absolute Error: 1.02452e-05
Dhf Weighted Least-Squares Error: 1.32684e-06
--------------------------------------------
Dispersion Parameters:
    Functional Form = 
	E(disp)_ij = sum_(n=6,8,10,12){A*fdamp_n*(Cij_n/r_ij^n)}
               C6              C8             C10             C12       
HT7          1.498389        6.488268       33.240608        0.000000
CO           4.847096       18.798288       63.256519      202.859856
O            3.497808       16.327053       81.333632      354.498305
Fitted Atomtypes 
               A        
HT7(0)        1.000000
               A        
CO(0)        1.000000
               A             a_y10           a_y20           a_y22c     
O(0)         1.000000       -0.006115        0.224577       -0.123595
Constrained Atomtypes 
  None
------------
Dispersion RMS Error: 1.45968e-04
Dispersion Weighted RMS Error: 6.19750e-05
Dispersion Weighted Absolute Error: -2.06790e-05
Dispersion Weighted Least-Squares Error: 1.10011e-05
--------------------------------------------
Total Energy:
------------
Total Energy RMS Error: 4.93052e-04
Total Energy Weighted RMS Error: 1.84693e-04
Total Energy Weighted Absolute Error: -6.53285e-06
Total Energy Weighted Least-Squares Error: 8.53874e-05
--------------------------------------------
#########################################################################


