########################## FF Fitting Summary ###########################
--------------------------------------------
Program Version: 1.1.0
Short-range Functional Form: born-mayer
Combination Rules: aij = geometric
                   bij = geometric_mean
Electrostatic Damping Type: None
Thole Param: 0.39
Fitting weight: eff_mu = 0.0 Ha
                eff_kt = 0.0017 Ha
Weighted RMSE cutoff: 0.0 Ha
Anisotropic Atomtypes: None
All parameters have been radially corrected to account for Slater overlap
This radial correction is approximate, and is only rigorous for the case where bi = bj.
------------
Exponents:
CT4(0)     1.983284
HT4(0)     2.284224
------------
Monomer 1 Multipole File:
methane_ISA-GRID_L2.mom
Monomer 2 Multipole File:
methane_ISA-GRID_L2.mom
--------------------------------------------
Exchange Parameters:
    Functional Form = 
	E(exch)_ij = A*K2(rij)*(1 + a_yml*Y_ml)*exp(-bij*rij)
    where the a coefficient for each spherical harmonic term Y_ml
    is listed in the parameters below and 
	K2(rij) = 1/3*(bij*rij)**2 + bij*rij + 1 
Fitted Atomtypes 
  None
Constrained Atomtypes 
               A        
CT4(0)        2.302355
               A        
HT4(0)        0.643486
------------
Exchange RMS Error: 4.55518e-04
Exchange Weighted RMS Error: 5.03914e-05
Exchange Weighted Absolute Error: -2.43832e-07
Exchange Weighted Least-Squares Error: 6.16028e-07
--------------------------------------------
Electrostatic Parameters:
    Functional Form = 
	E(elst)_ij = f_damp*qi*qj/rij - A*K2(rij)*(1 + a_yml*Y_ml)*exp(-bij*rij)
Fitted Atomtypes 
  None
Constrained Atomtypes 
               A        
CT4(0)        1.554263
               A        
HT4(0)        0.298062
------------
Electrostatics RMS Error: 1.63298e-04
Electrostatics Weighted RMS Error: 4.47810e-05
Electrostatics Weighted Absolute Error: 1.99447e-05
Electrostatics Weighted Least-Squares Error: 2.43360e-05
--------------------------------------------
Drude oscillator energy has been calculated using the following method: multipole-gradient
Induction Parameters:
    Functional Form = 
	E(ind)_ij = shell_charge - A*K2(rij)*(1 + a_yml*Y_ml)*exp(-bij*rij)
Fitted Atomtypes 
  None
Constrained Atomtypes 
               A        
CT4(0)        0.056826
               A        
HT4(0)        0.149836
------------
Induction RMS Error: 6.30441e-05
Induction Weighted RMS Error: 1.48227e-05
Induction Weighted Absolute Error: 8.30812e-06
Induction Weighted Least-Squares Error: 2.44991e-06
--------------------------------------------
DHF Parameters:
    Functional Form = 
	E(dhf)_ij = - A*K2(rij)*(1 + a_yml*Y_ml)*exp(-bij*rij)
Fitted Atomtypes 
  None
Constrained Atomtypes 
               A        
CT4(0)        0.102276
               A        
HT4(0)        0.226052
------------
Dhf RMS Error: 5.49849e-05
Dhf Weighted RMS Error: 5.11778e-06
Dhf Weighted Absolute Error: 2.44358e-06
Dhf Weighted Least-Squares Error: 2.11849e-06
--------------------------------------------
Dispersion Parameters:
    Functional Form = 
	E(disp)_ij = sum_(n=6,8,10,12){A*fdamp_n*(Cij_n/r_ij^n)}
               C6              C8             C10             C12       
CT4          4.847096       18.798288       63.256519      202.859856
HT4          1.498389        6.488268       33.240608        0.000000
Fitted Atomtypes 
  None
Constrained Atomtypes 
               A        
CT4(0)        1.000000
               A        
HT4(0)        1.000000
------------
Dispersion RMS Error: 1.55465e-04
Dispersion Weighted RMS Error: 1.37759e-05
Dispersion Weighted Absolute Error: -1.66127e-06
Dispersion Weighted Least-Squares Error: 2.36944e-05
--------------------------------------------
Total Energy:
------------
Total Energy RMS Error: 2.89896e-04
Total Energy Weighted RMS Error: 6.11968e-05
Total Energy Weighted Absolute Error: 2.87914e-05
Total Energy Weighted Least-Squares Error: 7.27857e-06
--------------------------------------------
#########################################################################


