########################## FF Fitting Summary ###########################
--------------------------------------------
Program Version: 1.1.0
Short-range Functional Form: born-mayer
Combination Rules: aij = geometric
                   bij = geometric_mean
Electrostatic Damping Type: None
Thole Param: 0.39
Fitting weight: eff_mu = 0.0 Ha
                eff_kt = 0.0042 Ha
Weighted RMSE cutoff: 0.0 Ha
Anisotropic Atomtypes: None
All parameters have been radially corrected to account for Slater overlap
This radial correction is approximate, and is only rigorous for the case where bi = bj.
------------
Exponents (Optimized):
CT4(0)     1.983284
HT4(0)     2.284224
------------
Monomer 1 Multipole File:
methane_ISA-GRID_L2.mom
Monomer 2 Multipole File:
methane_ISA-GRID_L2.mom
--------------------------------------------
Exchange Parameters:
    Functional Form = 
	E(exch)_ij = A*K2(rij)*(1 + a_yml*Y_ml)*exp(-bij*rij)
    where the a coefficient for each spherical harmonic term Y_ml
    is listed in the parameters below and 
	K2(rij) = 1/3*(bij*rij)**2 + bij*rij + 1 
Fitted Atomtypes 
               A        
CT4(0)        2.302355
               A        
HT4(0)        0.643486
Constrained Atomtypes 
  None
------------
Exchange RMS Error: 4.55525e-04
Exchange Weighted RMS Error: 4.55525e-04
Exchange Weighted Absolute Error: -2.42816e-07
Exchange Weighted Least-Squares Error: 3.34819e-06
--------------------------------------------
Electrostatic Parameters:
    Functional Form = 
	E(elst)_ij = f_damp*qi*qj/rij - A*K2(rij)*(1 + a_yml*Y_ml)*exp(-bij*rij)
Fitted Atomtypes 
               A        
CT4(0)        1.554263
               A        
HT4(0)        0.298062
Constrained Atomtypes 
  None
------------
Electrostatics RMS Error: 1.63297e-04
Electrostatics Weighted RMS Error: 1.63297e-04
Electrostatics Weighted Absolute Error: 1.99441e-05
Electrostatics Weighted Least-Squares Error: 2.11026e-05
--------------------------------------------
Drude oscillator energy has been calculated using the following method: multipole-gradient
Induction Parameters:
    Functional Form = 
	E(ind)_ij = shell_charge - A*K2(rij)*(1 + a_yml*Y_ml)*exp(-bij*rij)
Fitted Atomtypes 
               A        
CT4(0)        0.056826
               A        
HT4(0)        0.149836
Constrained Atomtypes 
  None
------------
Induction RMS Error: 6.30452e-05
Induction Weighted RMS Error: 6.30452e-05
Induction Weighted Absolute Error: 8.30815e-06
Induction Weighted Least-Squares Error: 2.17784e-06
--------------------------------------------
DHF Parameters:
    Functional Form = 
	E(dhf)_ij = - A*K2(rij)*(1 + a_yml*Y_ml)*exp(-bij*rij)
Fitted Atomtypes 
               A        
CT4(0)        0.102274
               A        
HT4(0)        0.226052
Constrained Atomtypes 
  None
------------
Dhf RMS Error: 5.49805e-05
Dhf Weighted RMS Error: 5.49805e-05
Dhf Weighted Absolute Error: 2.44371e-06
Dhf Weighted Least-Squares Error: 1.76627e-06
--------------------------------------------
Dispersion Parameters:
    Functional Form = 
	E(disp)_ij = sum_(n=6,8,10,12){A*fdamp_n*(Cij_n/r_ij^n)}
               C6              C8             C10             C12       
CT4          4.847096       18.798288       63.256519      202.859856
HT4          1.498389        6.488268       33.240608        0.000000
Fitted Atomtypes 
               A        
CT4(0)        1.017087
               A        
HT4(0)        1.016115
Constrained Atomtypes 
  None
------------
Dispersion RMS Error: 1.04196e-04
Dispersion Weighted RMS Error: 1.04196e-04
Dispersion Weighted Absolute Error: 2.55086e-05
Dispersion Weighted Least-Squares Error: 8.76043e-06
--------------------------------------------
Total Energy:
------------
Total Energy RMS Error: 3.77894e-04
Total Energy Weighted RMS Error: 3.77894e-04
Total Energy Weighted Absolute Error: 5.59617e-05
Total Energy Weighted Least-Squares Error: 2.66887e-05
--------------------------------------------
#########################################################################


