########################## FF Fitting Summary ###########################
--------------------------------------------
Program Version: 1.1.0
Short-range Functional Form: born-mayer
Combination Rules: aij = geometric
                   bij = geometric_mean
Electrostatic Damping Type: None
Thole Param: 0.39
Fitting weight: eff_mu = 0.0 Ha
                eff_kt = 0.0017 Ha
Weighted RMSE cutoff: 0.0 Ha
Anisotropic Atomtypes: None
All parameters have been radially corrected to account for Slater overlap
This radial correction is approximate, and is only rigorous for the case where bi = bj.
------------
Exponents:
CT4(0)     1.983284
HT4(0)     2.284224
------------
Monomer 1 Multipole File:
methane_ISA-GRID_L2.mom
Monomer 2 Multipole File:
methane_ISA-GRID_L2.mom
--------------------------------------------
Exchange Parameters:
    Functional Form = 
	E(exch)_ij = A*K2(rij)*(1 + a_yml*Y_ml)*exp(-bij*rij)
    where the a coefficient for each spherical harmonic term Y_ml
    is listed in the parameters below and 
	K2(rij) = 1/3*(bij*rij)**2 + bij*rij + 1 
Fitted Atomtypes 
  None
Constrained Atomtypes 
               A        
CT4(0)        2.302355
               A        
HT4(0)        0.643486
------------
Exchange RMS Error: 4.55518e-04
Exchange Weighted RMS Error: 4.55518e-04
Exchange Weighted Absolute Error: -2.43832e-07
Exchange Weighted Least-Squares Error: 6.16028e-07
--------------------------------------------
Electrostatic Parameters:
    Functional Form = 
	E(elst)_ij = f_damp*qi*qj/rij - A*K2(rij)*(1 + a_yml*Y_ml)*exp(-bij*rij)
Fitted Atomtypes 
  None
Constrained Atomtypes 
               A        
CT4(0)        1.554263
               A        
HT4(0)        0.298062
------------
Electrostatics RMS Error: 1.63298e-04
Electrostatics Weighted RMS Error: 1.63298e-04
Electrostatics Weighted Absolute Error: 1.99447e-05
Electrostatics Weighted Least-Squares Error: 2.43360e-05
--------------------------------------------
Drude oscillator energy has been calculated using the following method: multipole-gradient
Induction Parameters:
    Functional Form = 
	E(ind)_ij = shell_charge - A*K2(rij)*(1 + a_yml*Y_ml)*exp(-bij*rij)
Fitted Atomtypes 
  None
Constrained Atomtypes 
               A        
CT4(0)        0.056831
               A        
HT4(0)        0.149836
------------
Induction RMS Error: 6.30456e-05
Induction Weighted RMS Error: 6.30456e-05
Induction Weighted Absolute Error: 8.30830e-06
Induction Weighted Least-Squares Error: 2.45003e-06
--------------------------------------------
DHF Parameters:
    Functional Form = 
	E(dhf)_ij = - A*K2(rij)*(1 + a_yml*Y_ml)*exp(-bij*rij)
Fitted Atomtypes 
  None
Constrained Atomtypes 
               A        
CT4(0)        0.102273
               A        
HT4(0)        0.226053
------------
Dhf RMS Error: 5.49743e-05
Dhf Weighted RMS Error: 5.49743e-05
Dhf Weighted Absolute Error: 2.44412e-06
Dhf Weighted Least-Squares Error: 2.11764e-06
--------------------------------------------
Dispersion Parameters:
    Functional Form = 
	E(disp)_ij = sum_(n=6,8,10,12){A*fdamp_n*(Cij_n/r_ij^n)}
               C6              C8             C10             C12       
CT4          4.847096       18.798288       63.256519      202.859856
HT4          1.498389        6.488268       33.240608        0.000000
Fitted Atomtypes 
  None
Constrained Atomtypes 
               A        
CT4(0)        1.017087
               A        
HT4(0)        1.016115
------------
Dispersion RMS Error: 1.04196e-04
Dispersion Weighted RMS Error: 1.04196e-04
Dispersion Weighted Absolute Error: 2.55084e-05
Dispersion Weighted Least-Squares Error: 1.00772e-05
--------------------------------------------
Total Energy:
------------
Total Energy RMS Error: 3.77892e-04
Total Energy Weighted RMS Error: 3.77892e-04
Total Energy Weighted Absolute Error: 5.59618e-05
Total Energy Weighted Least-Squares Error: 1.38588e-05
--------------------------------------------
#########################################################################


