########################## FF Fitting Summary ###########################
--------------------------------------------
Program Version: 1.1.0
Short-range Functional Form: born-mayer
Combination Rules: aij = geometric
                   bij = geometric_mean
Electrostatic Damping Type: None
Thole Param: 0.39
Fitting weight: eff_mu = 0.0 Ha
                eff_kt = 0.0029 Ha
Weighted RMSE cutoff: 0.0 Ha
Anisotropic Atomtypes: OC   
All parameters have been radially corrected to account for Slater overlap
This radial correction is approximate, and is only rigorous for the case where bi = bj.
------------
Exponents:
C=O(0)     2.718321
Ar(0)      2.220941
OC(0)      2.200783
CT1(0)     1.819913
HT1(0)     2.333336
------------
Monomer 1 Multipole File:
acetone_ISA-GRID_L2.mom
Monomer 2 Multipole File:
ar_ISA-GRID_L2.mom
--------------------------------------------
Exchange Parameters:
    Functional Form = 
	E(exch)_ij = A*K2(rij)*(1 + a_yml*Y_ml)*exp(-bij*rij)
    where the a coefficient for each spherical harmonic term Y_ml
    is listed in the parameters below and 
	K2(rij) = 1/3*(bij*rij)**2 + bij*rij + 1 
Fitted Atomtypes 
  None
Constrained Atomtypes 
               A        
C=O(0)        4.914017
               A        
Ar(0)        6.842610
               A             a_y10           a_y20           a_y22c     
OC(0)        2.800441       -0.219521       -0.210109        0.120144
               A        
CT1(0)        1.756864
               A        
HT1(0)        0.633756
------------
Exchange RMS Error: 2.96938e-04
Exchange Weighted RMS Error: 8.25069e-05
Exchange Weighted Absolute Error: 3.13868e-06
Exchange Weighted Least-Squares Error: 2.08824e-06
--------------------------------------------
Electrostatic Parameters:
    Functional Form = 
	E(elst)_ij = f_damp*qi*qj/rij - A*K2(rij)*(1 + a_yml*Y_ml)*exp(-bij*rij)
Fitted Atomtypes 
  None
Constrained Atomtypes 
               A        
C=O(0)        2.345586
               A        
Ar(0)        3.951206
               A             a_y10           a_y20           a_y22c     
OC(0)        1.822973       -0.147986       -0.224111        0.165589
               A        
CT1(0)        1.128948
               A        
HT1(0)        0.286881
------------
Electrostatics RMS Error: 1.50401e-04
Electrostatics Weighted RMS Error: 5.64266e-05
Electrostatics Weighted Absolute Error: 1.11351e-07
Electrostatics Weighted Least-Squares Error: 1.90583e-05
--------------------------------------------
Drude oscillator energy has been calculated using the following method: multipole-gradient
Induction Parameters:
    Functional Form = 
	E(ind)_ij = shell_charge - A*K2(rij)*(1 + a_yml*Y_ml)*exp(-bij*rij)
Fitted Atomtypes 
  None
Constrained Atomtypes 
               A        
C=O(0)        2.573742
               A        
Ar(0)        0.890557
               A             a_y10           a_y20           a_y22c     
OC(0)        0.031023        0.043187        1.000000       -1.000000
               A        
CT1(0)        0.089053
               A        
HT1(0)        0.157247
------------
Induction RMS Error: 6.30756e-05
Induction Weighted RMS Error: 1.11109e-05
Induction Weighted Absolute Error: -3.85686e-06
Induction Weighted Least-Squares Error: 2.29861e-06
--------------------------------------------
DHF Parameters:
    Functional Form = 
	E(dhf)_ij = - A*K2(rij)*(1 + a_yml*Y_ml)*exp(-bij*rij)
Fitted Atomtypes 
  None
Constrained Atomtypes 
               A        
C=O(0)        0.882357
               A        
Ar(0)        1.374643
               A             a_y10           a_y20           a_y22c     
OC(0)        0.542050       -1.000000       -0.656513       -0.199399
               A        
CT1(0)        0.056525
               A        
HT1(0)        0.244538
------------
Dhf RMS Error: 3.98929e-05
Dhf Weighted RMS Error: 6.18916e-06
Dhf Weighted Absolute Error: 2.01686e-06
Dhf Weighted Least-Squares Error: 9.18522e-07
--------------------------------------------
Dispersion Parameters:
    Functional Form = 
	E(disp)_ij = sum_(n=6,8,10,12){A*fdamp_n*(Cij_n/r_ij^n)}
               C6              C8             C10             C12       
C=O          3.661371       12.062782       78.048354      284.357981
Ar           8.426582       39.451011      194.132705      842.434187
OC           4.783373       18.811595      100.656333      417.705964
CT1          4.847096       18.798288       63.256519      202.859856
HT1          1.498389        6.488268       33.240608        0.000000
Fitted Atomtypes 
  None
Constrained Atomtypes 
               A        
C=O(0)        1.000000
               A        
Ar(0)        1.000000
               A             a_y10           a_y20           a_y22c     
OC(0)        1.000000       -0.053237        0.106213        0.053638
               A        
CT1(0)        1.000000
               A        
HT1(0)        1.000000
------------
Dispersion RMS Error: 8.65043e-05
Dispersion Weighted RMS Error: 4.30924e-05
Dispersion Weighted Absolute Error: -1.49770e-05
Dispersion Weighted Least-Squares Error: 5.97338e-06
--------------------------------------------
Total Energy:
------------
Total Energy RMS Error: 2.27643e-04
Total Energy Weighted RMS Error: 7.08286e-05
Total Energy Weighted Absolute Error: -1.35670e-05
Total Energy Weighted Least-Squares Error: 9.22665e-06
--------------------------------------------
#########################################################################


