########################## FF Fitting Summary ###########################
--------------------------------------------
Program Version: 1.1.0
Short-range Functional Form: born-mayer
Combination Rules: aij = geometric
                   bij = geometric_mean
Electrostatic Damping Type: None
Thole Param: 0.39
Fitting weight: eff_mu = 0.0 Ha
                eff_kt = 0.0074 Ha
Weighted RMSE cutoff: 0.0 Ha
Anisotropic Atomtypes: OC   
All parameters have been radially corrected to account for Slater overlap
This radial correction is approximate, and is only rigorous for the case where bi = bj.
------------
Exponents (Optimized):
C=O(0)     2.635340
Ar(0)      2.146221
OC(0)      2.266971
CT1(0)     1.982586
HT1(0)     2.251195
------------
Monomer 1 Multipole File:
acetone_ISA-GRID_L2.mom
Monomer 2 Multipole File:
ar_ISA-GRID_L2.mom
--------------------------------------------
Exchange Parameters:
    Functional Form = 
	E(exch)_ij = A*K2(rij)*(1 + a_yml*Y_ml)*exp(-bij*rij)
    where the a coefficient for each spherical harmonic term Y_ml
    is listed in the parameters below and 
	K2(rij) = 1/3*(bij*rij)**2 + bij*rij + 1 
Fitted Atomtypes 
               A        
C=O(0)        4.713445
               A        
Ar(0)        5.982372
               A        
CT1(0)        2.249462
               A        
HT1(0)        0.555063
               A             a_y10           a_y20           a_y22c     
OC(0)        3.240230       -0.168955       -0.214645        0.176282
Constrained Atomtypes 
  None
------------
Exchange RMS Error: 2.73235e-04
Exchange Weighted RMS Error: 2.73235e-04
Exchange Weighted Absolute Error: 1.09971e-06
Exchange Weighted Least-Squares Error: 4.90131e-06
--------------------------------------------
Electrostatic Parameters:
    Functional Form = 
	E(elst)_ij = f_damp*qi*qj/rij - A*K2(rij)*(1 + a_yml*Y_ml)*exp(-bij*rij)
Fitted Atomtypes 
               A        
C=O(0)        2.259074
               A        
Ar(0)        2.845913
               A        
CT1(0)        1.667132
               A        
HT1(0)        0.339721
               A             a_y10           a_y20           a_y22c     
OC(0)        2.615695       -0.126832       -0.260609        0.194497
Constrained Atomtypes 
  None
------------
Electrostatics RMS Error: 1.15368e-04
Electrostatics Weighted RMS Error: 1.15368e-04
Electrostatics Weighted Absolute Error: 5.48649e-06
Electrostatics Weighted Least-Squares Error: 9.13800e-06
--------------------------------------------
Drude oscillator energy has been calculated using the following method: multipole-gradient
Induction Parameters:
    Functional Form = 
	E(ind)_ij = shell_charge - A*K2(rij)*(1 + a_yml*Y_ml)*exp(-bij*rij)
Fitted Atomtypes 
               A        
C=O(0)        2.786872
               A        
Ar(0)        0.433458
               A        
CT1(0)        0.270581
               A        
HT1(0)        0.288629
               A             a_y10           a_y20           a_y22c     
OC(0)        0.798164        0.868801        0.140835        0.477145
Constrained Atomtypes 
  None
------------
Induction RMS Error: 4.04541e-05
Induction Weighted RMS Error: 4.04541e-05
Induction Weighted Absolute Error: 1.22313e-06
Induction Weighted Least-Squares Error: 8.30675e-07
--------------------------------------------
DHF Parameters:
    Functional Form = 
	E(dhf)_ij = - A*K2(rij)*(1 + a_yml*Y_ml)*exp(-bij*rij)
Fitted Atomtypes 
               A        
C=O(0)        2.314969
               A        
Ar(0)        0.530609
               A        
CT1(0)        0.000000
               A        
HT1(0)        0.482869
               A             a_y10           a_y20           a_y22c     
OC(0)        1.251891       -1.000000       -0.483020       -0.247647
Constrained Atomtypes 
  None
------------
Dhf RMS Error: 2.99227e-05
Dhf Weighted RMS Error: 2.99227e-05
Dhf Weighted Absolute Error: 2.06699e-06
Dhf Weighted Least-Squares Error: 4.60449e-07
--------------------------------------------
Dispersion Parameters:
    Functional Form = 
	E(disp)_ij = sum_(n=6,8,10,12){A*fdamp_n*(Cij_n/r_ij^n)}
               C6              C8             C10             C12       
C=O          3.661371       12.062782       78.048354      284.357981
Ar           8.426582       39.451011      194.132705      842.434187
OC           4.783373       18.811595      100.656333      417.705964
CT1          4.847096       18.798288       63.256519      202.859856
HT1          1.498389        6.488268       33.240608        0.000000
Fitted Atomtypes 
               A        
C=O(0)        0.985112
               A        
Ar(0)        0.969341
               A        
CT1(0)        1.117775
               A        
HT1(0)        1.029471
               A             a_y10           a_y20           a_y22c     
OC(0)        0.897072       -0.426883       -0.181747        0.006608
Constrained Atomtypes 
  None
------------
Dispersion RMS Error: 2.75420e-05
Dispersion Weighted RMS Error: 2.75420e-05
Dispersion Weighted Absolute Error: -5.46648e-06
Dispersion Weighted Least-Squares Error: 4.70762e-07
--------------------------------------------
Total Energy:
------------
Total Energy RMS Error: 1.93727e-04
Total Energy Weighted RMS Error: 1.93727e-04
Total Energy Weighted Absolute Error: 4.40981e-06
Total Energy Weighted Least-Squares Error: 1.08235e-05
--------------------------------------------
#########################################################################


