########################## FF Fitting Summary ###########################
--------------------------------------------
Program Version: 1.1.0
Short-range Functional Form: born-mayer
Combination Rules: aij = geometric
                   bij = geometric_mean
Electrostatic Damping Type: None
Thole Param: 0.39
Fitting weight: eff_mu = 0.0 Ha
                eff_kt = 0.0029 Ha
Weighted RMSE cutoff: 0.0 Ha
Anisotropic Atomtypes: None
All parameters have been radially corrected to account for Slater overlap
This radial correction is approximate, and is only rigorous for the case where bi = bj.
------------
Exponents:
C=O(0)     2.594692
Ar(0)      2.220941
OC(0)      2.191569
CT1(0)     1.894503
HT1(0)     2.251128
------------
Monomer 1 Multipole File:
acetone_ISA-GRID_L0.mom
Monomer 2 Multipole File:
ar_ISA-GRID_L0.mom
--------------------------------------------
Exchange Parameters:
    Functional Form = 
	E(exch)_ij = A*K2(rij)*(1 + a_yml*Y_ml)*exp(-bij*rij)
    where the a coefficient for each spherical harmonic term Y_ml
    is listed in the parameters below and 
	K2(rij) = 1/3*(bij*rij)**2 + bij*rij + 1 
Fitted Atomtypes 
  None
Constrained Atomtypes 
               A        
C=O(0)        3.327676
               A        
Ar(0)        6.842610
               A        
OC(0)        3.009979
               A        
CT1(0)        1.974741
               A        
HT1(0)        0.583943
------------
Exchange RMS Error: 3.88553e-04
Exchange Weighted RMS Error: 3.88553e-04
Exchange Weighted Absolute Error: -5.94461e-06
Exchange Weighted Least-Squares Error: 3.75950e-06
--------------------------------------------
Electrostatic Parameters:
    Functional Form = 
	E(elst)_ij = f_damp*qi*qj/rij - A*K2(rij)*(1 + a_yml*Y_ml)*exp(-bij*rij)
Fitted Atomtypes 
  None
Constrained Atomtypes 
               A        
C=O(0)        1.609655
               A        
Ar(0)        3.951206
               A        
OC(0)        1.910316
               A        
CT1(0)        1.210243
               A        
HT1(0)        0.278990
------------
Electrostatics RMS Error: 2.10459e-04
Electrostatics Weighted RMS Error: 2.10459e-04
Electrostatics Weighted Absolute Error: 2.37039e-06
Electrostatics Weighted Least-Squares Error: 3.81048e-05
--------------------------------------------
Drude oscillator energy has been calculated using the following method: multipole-gradient
Induction Parameters:
    Functional Form = 
	E(ind)_ij = shell_charge - A*K2(rij)*(1 + a_yml*Y_ml)*exp(-bij*rij)
Fitted Atomtypes 
  None
Constrained Atomtypes 
               A        
C=O(0)        1.785542
               A        
Ar(0)        0.890557
               A        
OC(0)        0.000000
               A        
CT1(0)        0.058365
               A        
HT1(0)        0.149943
------------
Induction RMS Error: 6.43805e-05
Induction Weighted RMS Error: 6.43805e-05
Induction Weighted Absolute Error: -6.92901e-07
Induction Weighted Least-Squares Error: 2.40715e-06
--------------------------------------------
DHF Parameters:
    Functional Form = 
	E(dhf)_ij = - A*K2(rij)*(1 + a_yml*Y_ml)*exp(-bij*rij)
Fitted Atomtypes 
  None
Constrained Atomtypes 
               A        
C=O(0)        0.419491
               A        
Ar(0)        1.374643
               A        
OC(0)        0.808785
               A        
CT1(0)        0.044565
               A        
HT1(0)        0.217355
------------
Dhf RMS Error: 4.33760e-05
Dhf Weighted RMS Error: 4.33760e-05
Dhf Weighted Absolute Error: 3.08038e-06
Dhf Weighted Least-Squares Error: 1.08818e-06
--------------------------------------------
Dispersion Parameters:
    Functional Form = 
	E(disp)_ij = sum_(n=6,8,10,12){A*fdamp_n*(Cij_n/r_ij^n)}
               C6              C8             C10             C12       
C=O          3.661371       12.062782       78.048354      284.357981
Ar           8.426582       39.451011      194.132705      842.434187
OC           4.783373       18.811595      100.656333      417.705964
CT1          4.847096       18.798288       63.256519      202.859856
HT1          1.498389        6.488268       33.240608        0.000000
Fitted Atomtypes 
  None
Constrained Atomtypes 
               A        
C=O(0)        0.700000
               A        
Ar(0)        1.007688
               A        
OC(0)        1.115496
               A        
CT1(0)        0.881446
               A        
HT1(0)        1.095684
------------
Dispersion RMS Error: 7.14400e-05
Dispersion Weighted RMS Error: 7.14400e-05
Dispersion Weighted Absolute Error: -2.77861e-06
Dispersion Weighted Least-Squares Error: 4.07927e-06
--------------------------------------------
Total Energy:
------------
Total Energy RMS Error: 2.11989e-04
Total Energy Weighted RMS Error: 2.11989e-04
Total Energy Weighted Absolute Error: -3.96539e-06
Total Energy Weighted Least-Squares Error: 8.20443e-06
--------------------------------------------
#########################################################################


