########################## FF Fitting Summary ###########################
--------------------------------------------
Program Version: 1.1.0
Short-range Functional Form: born-mayer
Combination Rules: aij = geometric
                   bij = geometric_mean
Electrostatic Damping Type: None
Thole Param: 0.39
Fitting weight: eff_mu = 0.0 Ha
                eff_kt = 0.028 Ha
Weighted RMSE cutoff: 0.0 Ha
Anisotropic Atomtypes: HN1  N1   
All parameters have been radially corrected to account for Slater overlap
This radial correction is approximate, and is only rigorous for the case where bi = bj.
------------
Exponents (Optimized):
HN1(0)     2.279018
N1(0)      2.092997
CN(0)      2.168243
HT9(0)     2.196103
------------
Monomer 1 Multipole File:
methyl_amine_ISA-GRID_L2.mom
Monomer 2 Multipole File:
methyl_amine_ISA-GRID_L2.mom
--------------------------------------------
Exchange Parameters:
    Functional Form = 
	E(exch)_ij = A*K2(rij)*(1 + a_yml*Y_ml)*exp(-bij*rij)
    where the a coefficient for each spherical harmonic term Y_ml
    is listed in the parameters below and 
	K2(rij) = 1/3*(bij*rij)**2 + bij*rij + 1 
Fitted Atomtypes 
               A        
CN(0)        2.812735
               A        
HT9(0)        0.589525
               A             a_y10           a_y20      
HN1(0)        0.323853       -1.000000       -0.506715
               A             a_y10           a_y20           a_y22c     
N1(0)        2.639311       -0.189298        0.634922        0.069328
Constrained Atomtypes 
  None
------------
Exchange RMS Error: 7.71257e-04
Exchange Weighted RMS Error: 3.01479e-04
Exchange Weighted Absolute Error: 1.87783e-05
Exchange Weighted Least-Squares Error: 1.22488e-04
--------------------------------------------
Electrostatic Parameters:
    Functional Form = 
	E(elst)_ij = f_damp*qi*qj/rij - A*K2(rij)*(1 + a_yml*Y_ml)*exp(-bij*rij)
Fitted Atomtypes 
               A        
CN(0)        1.680541
               A        
HT9(0)        0.306243
               A             a_y10           a_y20      
HN1(0)        0.124026       -1.000000       -0.312179
               A             a_y10           a_y20           a_y22c     
N1(0)        1.989504       -0.013773        0.680912        0.087900
Constrained Atomtypes 
  None
------------
Electrostatics RMS Error: 3.74737e-04
Electrostatics Weighted RMS Error: 1.40527e-04
Electrostatics Weighted Absolute Error: -6.67934e-06
Electrostatics Weighted Least-Squares Error: 6.01765e-05
--------------------------------------------
Drude oscillator energy has been calculated using the following method: multipole-gradient
Induction Parameters:
    Functional Form = 
	E(ind)_ij = shell_charge - A*K2(rij)*(1 + a_yml*Y_ml)*exp(-bij*rij)
Fitted Atomtypes 
               A        
CN(0)        0.402591
               A        
HT9(0)        0.088922
               A             a_y10           a_y20      
HN1(0)        0.197588        0.579200        0.670305
               A             a_y10           a_y20           a_y22c     
N1(0)        0.258550        1.000000        0.603023       -0.231370
Constrained Atomtypes 
  None
------------
Induction RMS Error: 1.39090e-04
Induction Weighted RMS Error: 7.40964e-05
Induction Weighted Absolute Error: -7.45642e-06
Induction Weighted Least-Squares Error: 7.30262e-06
--------------------------------------------
DHF Parameters:
    Functional Form = 
	E(dhf)_ij = - A*K2(rij)*(1 + a_yml*Y_ml)*exp(-bij*rij)
Fitted Atomtypes 
               A        
CN(0)        0.000000
               A        
HT9(0)        0.218657
               A             a_y10           a_y20      
HN1(0)        0.089531       -1.000000        0.525169
               A             a_y10           a_y20           a_y22c     
N1(0)        0.583293       -0.487313        0.483184       -0.085832
Constrained Atomtypes 
  None
------------
Dhf RMS Error: 8.13254e-05
Dhf Weighted RMS Error: 3.57021e-05
Dhf Weighted Absolute Error: 5.81760e-06
Dhf Weighted Least-Squares Error: 2.50114e-06
--------------------------------------------
Dispersion Parameters:
    Functional Form = 
	E(disp)_ij = sum_(n=6,8,10,12){A*fdamp_n*(Cij_n/r_ij^n)}
               C6              C8             C10             C12       
HN1          1.306964        4.117935       31.050725        0.000000
N1           4.878202       25.576829      142.574149      704.112767
CN           4.966795       19.262513       64.818644      207.869495
HT9          1.535392        6.648497       34.061487        0.000000
Fitted Atomtypes 
               A        
CN(0)        1.000000
               A        
HT9(0)        1.000000
               A             a_y10           a_y20      
HN1(0)        1.000000        0.348248        0.337489
               A             a_y10           a_y20           a_y22c     
N1(0)        1.000000       -0.060458        0.137497        0.073848
Constrained Atomtypes 
  None
------------
Dispersion RMS Error: 1.68143e-04
Dispersion Weighted RMS Error: 9.23087e-05
Dispersion Weighted Absolute Error: 3.40121e-06
Dispersion Weighted Least-Squares Error: 1.17118e-05
--------------------------------------------
Total Energy:
------------
Total Energy RMS Error: 4.57476e-04
Total Energy Weighted RMS Error: 1.94416e-04
Total Energy Weighted Absolute Error: 1.38613e-05
Total Energy Weighted Least-Squares Error: 6.64710e-05
--------------------------------------------
#########################################################################


