########################## FF Fitting Summary ###########################
--------------------------------------------
Program Version: 1.1.0
Short-range Functional Form: born-mayer
Combination Rules: aij = geometric
                   bij = geometric_mean
Electrostatic Damping Type: None
Thole Param: 0.39
Fitting weight: eff_mu = 0.0 Ha
                eff_kt = 0.028 Ha
Weighted RMSE cutoff: 0.0 Ha
Anisotropic Atomtypes: None
All parameters have been radially corrected to account for Slater overlap
This radial correction is approximate, and is only rigorous for the case where bi = bj.
------------
Exponents (Optimized):
HN1(0)     2.654498
N1(0)      1.930449
CN(0)      2.450399
HT9(0)     2.048156
------------
Monomer 1 Multipole File:
methyl_amine_ISA-GRID_L0.mom
Monomer 2 Multipole File:
methyl_amine_ISA-GRID_L0.mom
--------------------------------------------
Exchange Parameters:
    Functional Form = 
	E(exch)_ij = A*K2(rij)*(1 + a_yml*Y_ml)*exp(-bij*rij)
    where the a coefficient for each spherical harmonic term Y_ml
    is listed in the parameters below and 
	K2(rij) = 1/3*(bij*rij)**2 + bij*rij + 1 
Fitted Atomtypes 
               A        
HN1(0)        0.515439
               A        
N1(0)        2.663061
               A        
CN(0)        5.135521
               A        
HT9(0)        0.435917
Constrained Atomtypes 
  None
------------
Exchange RMS Error: 1.37724e-03
Exchange Weighted RMS Error: 1.37724e-03
Exchange Weighted Absolute Error: 4.61058e-05
Exchange Weighted Least-Squares Error: 3.67416e-04
--------------------------------------------
Electrostatic Parameters:
    Functional Form = 
	E(elst)_ij = f_damp*qi*qj/rij - A*K2(rij)*(1 + a_yml*Y_ml)*exp(-bij*rij)
Fitted Atomtypes 
               A        
HN1(0)        0.184070
               A        
N1(0)        1.717506
               A        
CN(0)        3.500352
               A        
HT9(0)        0.216717
Constrained Atomtypes 
  None
------------
Electrostatics RMS Error: 8.09520e-04
Electrostatics Weighted RMS Error: 8.09520e-04
Electrostatics Weighted Absolute Error: -6.97127e-05
Electrostatics Weighted Least-Squares Error: 2.78370e-04
--------------------------------------------
Drude oscillator energy has been calculated using the following method: multipole-gradient
Induction Parameters:
    Functional Form = 
	E(ind)_ij = shell_charge - A*K2(rij)*(1 + a_yml*Y_ml)*exp(-bij*rij)
Fitted Atomtypes 
               A        
HN1(0)        0.241301
               A        
N1(0)        0.286814
               A        
CN(0)        0.718432
               A        
HT9(0)        0.068172
Constrained Atomtypes 
  None
------------
Induction RMS Error: 1.21207e-04
Induction Weighted RMS Error: 1.21207e-04
Induction Weighted Absolute Error: -2.06683e-05
Induction Weighted Least-Squares Error: 5.53954e-06
--------------------------------------------
DHF Parameters:
    Functional Form = 
	E(dhf)_ij = - A*K2(rij)*(1 + a_yml*Y_ml)*exp(-bij*rij)
Fitted Atomtypes 
               A        
HN1(0)        0.179718
               A        
N1(0)        0.562278
               A        
CN(0)        0.000000
               A        
HT9(0)        0.166255
Constrained Atomtypes 
  None
------------
Dhf RMS Error: 1.40730e-04
Dhf Weighted RMS Error: 1.40730e-04
Dhf Weighted Absolute Error: -3.80983e-06
Dhf Weighted Least-Squares Error: 7.52423e-06
--------------------------------------------
Dispersion Parameters:
    Functional Form = 
	E(disp)_ij = sum_(n=6,8,10,12){A*fdamp_n*(Cij_n/r_ij^n)}
               C6              C8             C10             C12       
HN1          1.306964        4.117935       31.050725        0.000000
N1           4.878202       25.576829      142.574149      704.112767
CN           4.966795       19.262513       64.818644      207.869495
HT9          1.535392        6.648497       34.061487        0.000000
Fitted Atomtypes 
               A        
HN1(0)        0.700000
               A        
N1(0)        1.188426
               A        
CN(0)        0.700000
               A        
HT9(0)        1.186782
Constrained Atomtypes 
  None
------------
Dispersion RMS Error: 2.67517e-04
Dispersion Weighted RMS Error: 2.67517e-04
Dispersion Weighted Absolute Error: -7.48054e-07
Dispersion Weighted Least-Squares Error: 2.99708e-05
--------------------------------------------
Total Energy:
------------
Total Energy RMS Error: 8.37642e-04
Total Energy Weighted RMS Error: 8.37642e-04
Total Energy Weighted Absolute Error: -4.88330e-05
Total Energy Weighted Least-Squares Error: 2.32476e-04
--------------------------------------------
#########################################################################


