########################## FF Fitting Summary ###########################
--------------------------------------------
Program Version: 1.1.0
Short-range Functional Form: born-mayer
Combination Rules: aij = geometric
                   bij = geometric_mean
Electrostatic Damping Type: None
Thole Param: 0.39
Fitting weight: eff_mu = 0.0 Ha
                eff_kt = 0.0104 Ha
Weighted RMSE cutoff: 0.0 Ha
Anisotropic Atomtypes: OC   Cl   
All parameters have been radially corrected to account for Slater overlap
This radial correction is approximate, and is only rigorous for the case where bi = bj.
------------
Exponents:
CT1(0)     1.819913
Cl(0)      2.037083
OC(0)      2.200783
C=O(0)     2.718321
CCl(0)     2.086398
HT1(0)     2.333336
HT6(0)     2.236551
------------
Monomer 1 Multipole File:
acetone_ISA-GRID_L2.mom
Monomer 2 Multipole File:
chloromethane_ISA-GRID_L2.mom
--------------------------------------------
Exchange Parameters:
    Functional Form = 
	E(exch)_ij = A*K2(rij)*(1 + a_yml*Y_ml)*exp(-bij*rij)
    where the a coefficient for each spherical harmonic term Y_ml
    is listed in the parameters below and 
	K2(rij) = 1/3*(bij*rij)**2 + bij*rij + 1 
Fitted Atomtypes 
  None
Constrained Atomtypes 
               A        
CT1(0)        1.756864
               A             a_y10           a_y20      
Cl(0)        4.641076       -0.547938       -0.613203
               A             a_y10           a_y20           a_y22c     
OC(0)        2.800441       -0.219521       -0.210109        0.120144
               A        
C=O(0)        4.914017
               A        
CCl(0)        3.036171
               A        
HT1(0)        0.633756
               A        
HT6(0)        0.541282
------------
Exchange RMS Error: 5.46809e-04
Exchange Weighted RMS Error: 1.77146e-04
Exchange Weighted Absolute Error: 1.41210e-05
Exchange Weighted Least-Squares Error: 2.04314e-05
--------------------------------------------
Electrostatic Parameters:
    Functional Form = 
	E(elst)_ij = f_damp*qi*qj/rij - A*K2(rij)*(1 + a_yml*Y_ml)*exp(-bij*rij)
Fitted Atomtypes 
  None
Constrained Atomtypes 
               A        
CT1(0)        1.128948
               A             a_y10           a_y20      
Cl(0)        3.217540       -0.376433       -0.547466
               A             a_y10           a_y20           a_y22c     
OC(0)        1.822973       -0.147986       -0.224111        0.165589
               A        
C=O(0)        2.345586
               A        
CCl(0)        1.874393
               A        
HT1(0)        0.286881
               A        
HT6(0)        0.232592
------------
Electrostatics RMS Error: 2.89788e-04
Electrostatics Weighted RMS Error: 1.18784e-04
Electrostatics Weighted Absolute Error: 2.28135e-05
Electrostatics Weighted Least-Squares Error: 5.99488e-05
--------------------------------------------
Drude oscillator energy has been calculated using the following method: multipole-gradient
Induction Parameters:
    Functional Form = 
	E(ind)_ij = shell_charge - A*K2(rij)*(1 + a_yml*Y_ml)*exp(-bij*rij)
Fitted Atomtypes 
  None
Constrained Atomtypes 
               A        
CT1(0)        0.089053
               A             a_y10           a_y20      
Cl(0)        1.452557        0.084779       -0.161700
               A             a_y10           a_y20           a_y22c     
OC(0)        0.031023        0.043187        1.000000       -1.000000
               A        
C=O(0)        2.573742
               A        
CCl(0)        0.102812
               A        
HT1(0)        0.157247
               A        
HT6(0)        0.097466
------------
Induction RMS Error: 1.66202e-04
Induction Weighted RMS Error: 5.04294e-05
Induction Weighted Absolute Error: 1.30041e-05
Induction Weighted Least-Squares Error: 1.47960e-05
--------------------------------------------
DHF Parameters:
    Functional Form = 
	E(dhf)_ij = - A*K2(rij)*(1 + a_yml*Y_ml)*exp(-bij*rij)
Fitted Atomtypes 
  None
Constrained Atomtypes 
               A        
CT1(0)        0.056525
               A             a_y10           a_y20      
Cl(0)        0.820684       -0.645995        0.159057
               A             a_y10           a_y20           a_y22c     
OC(0)        0.542050       -1.000000       -0.656513       -0.199399
               A        
C=O(0)        0.882357
               A        
CCl(0)        0.000000
               A        
HT1(0)        0.244538
               A        
HT6(0)        0.265953
------------
Dhf RMS Error: 2.64802e-04
Dhf Weighted RMS Error: 8.59547e-05
Dhf Weighted Absolute Error: -1.19941e-05
Dhf Weighted Least-Squares Error: 3.57586e-05
--------------------------------------------
Dispersion Parameters:
    Functional Form = 
	E(disp)_ij = sum_(n=6,8,10,12){A*fdamp_n*(Cij_n/r_ij^n)}
               C6              C8             C10             C12       
CT1          4.847096       18.798288       63.256519      202.859856
Cl           9.656104       40.197680      256.351184     1144.914599
OC           4.783373       18.811595      100.656333      417.705964
C=O          3.661371       12.062782       78.048354      284.357981
CCl          4.847096       18.798288       63.256519      202.859856
HT1          1.498389        6.488268       33.240608        0.000000
HT6          1.498389        6.488268       33.240608        0.000000
Fitted Atomtypes 
  None
Constrained Atomtypes 
               A        
CT1(0)        1.000000
               A             a_y10           a_y20      
Cl(0)        1.000000       -0.332991       -0.285552
               A             a_y10           a_y20           a_y22c     
OC(0)        1.000000       -0.053237        0.106213        0.053638
               A        
C=O(0)        1.000000
               A        
CCl(0)        1.000000
               A        
HT1(0)        1.000000
               A        
HT6(0)        1.000000
------------
Dispersion RMS Error: 1.55929e-04
Dispersion Weighted RMS Error: 6.58130e-05
Dispersion Weighted Absolute Error: -2.92876e-05
Dispersion Weighted Least-Squares Error: 1.69164e-05
--------------------------------------------
Total Energy:
------------
Total Energy RMS Error: 4.47262e-04
Total Energy Weighted RMS Error: 1.70215e-04
Total Energy Weighted Absolute Error: 8.65672e-06
Total Energy Weighted Least-Squares Error: 6.29430e-05
--------------------------------------------
#########################################################################


