########################## FF Fitting Summary ###########################
--------------------------------------------
Program Version: 1.1.0
Short-range Functional Form: born-mayer
Combination Rules: aij = geometric
                   bij = geometric_mean
Electrostatic Damping Type: None
Thole Param: 0.39
Fitting weight: eff_mu = 0.0 Ha
                eff_kt = 0.0261 Ha
Weighted RMSE cutoff: 0.0 Ha
Anisotropic Atomtypes: OC   Cl   
All parameters have been radially corrected to account for Slater overlap
This radial correction is approximate, and is only rigorous for the case where bi = bj.
------------
Exponents (Optimized):
CT1(0)     1.848759
Cl(0)      2.085642
OC(0)      2.116952
C=O(0)     2.668123
CCl(0)     2.161058
HT1(0)     2.145779
HT6(0)     2.439177
------------
Monomer 1 Multipole File:
acetone_ISA-GRID_L2.mom
Monomer 2 Multipole File:
chloromethane_ISA-GRID_L2.mom
--------------------------------------------
Exchange Parameters:
    Functional Form = 
	E(exch)_ij = A*K2(rij)*(1 + a_yml*Y_ml)*exp(-bij*rij)
    where the a coefficient for each spherical harmonic term Y_ml
    is listed in the parameters below and 
	K2(rij) = 1/3*(bij*rij)**2 + bij*rij + 1 
Fitted Atomtypes 
               A        
C=O(0)        4.796132
               A        
CCl(0)        3.131609
               A        
CT1(0)        1.919251
               A        
HT1(0)        0.503919
               A        
HT6(0)        0.709570
               A             a_y10           a_y20           a_y22c     
OC(0)        2.815327       -0.043204       -0.109346        0.107158
               A             a_y10           a_y20      
Cl(0)        4.949387       -0.478113       -0.591060
Constrained Atomtypes 
  None
------------
Exchange RMS Error: 4.64960e-04
Exchange Weighted RMS Error: 1.53024e-04
Exchange Weighted Absolute Error: 8.22261e-06
Exchange Weighted Least-Squares Error: 4.26883e-05
--------------------------------------------
Electrostatic Parameters:
    Functional Form = 
	E(elst)_ij = f_damp*qi*qj/rij - A*K2(rij)*(1 + a_yml*Y_ml)*exp(-bij*rij)
Fitted Atomtypes 
               A        
C=O(0)        2.640337
               A        
CCl(0)        1.813428
               A        
CT1(0)        1.352067
               A        
HT1(0)        0.247659
               A        
HT6(0)        0.273066
               A             a_y10           a_y20           a_y22c     
OC(0)        1.974878       -0.052829       -0.172447        0.131353
               A             a_y10           a_y20      
Cl(0)        3.054928       -0.341609       -0.544560
Constrained Atomtypes 
  None
------------
Electrostatics RMS Error: 2.35974e-04
Electrostatics Weighted RMS Error: 1.11428e-04
Electrostatics Weighted Absolute Error: 1.97484e-05
Electrostatics Weighted Least-Squares Error: 3.17840e-05
--------------------------------------------
Drude oscillator energy has been calculated using the following method: multipole-gradient
Induction Parameters:
    Functional Form = 
	E(ind)_ij = shell_charge - A*K2(rij)*(1 + a_yml*Y_ml)*exp(-bij*rij)
Fitted Atomtypes 
               A        
C=O(0)        2.070741
               A        
CCl(0)        0.599898
               A        
CT1(0)        0.208280
               A        
HT1(0)        0.085170
               A        
HT6(0)        0.094458
               A             a_y10           a_y20           a_y22c     
OC(0)        0.262287        1.000000        0.016369        0.462669
               A             a_y10           a_y20      
Cl(0)        1.526735        0.221423        0.103080
Constrained Atomtypes 
  None
------------
Induction RMS Error: 1.43751e-04
Induction Weighted RMS Error: 4.28949e-05
Induction Weighted Absolute Error: 1.10455e-05
Induction Weighted Least-Squares Error: 1.02376e-05
--------------------------------------------
DHF Parameters:
    Functional Form = 
	E(dhf)_ij = - A*K2(rij)*(1 + a_yml*Y_ml)*exp(-bij*rij)
Fitted Atomtypes 
               A        
C=O(0)        0.000000
               A        
CCl(0)        0.000000
               A        
CT1(0)        0.000000
               A        
HT1(0)        0.479229
               A        
HT6(0)        0.124937
               A             a_y10           a_y20           a_y22c     
OC(0)        1.168735       -1.000000       -0.318983       -0.191284
               A             a_y10           a_y20      
Cl(0)        0.471495       -0.618461       -0.389323
Constrained Atomtypes 
  None
------------
Dhf RMS Error: 1.78263e-04
Dhf Weighted RMS Error: 5.22790e-05
Dhf Weighted Absolute Error: -7.10438e-06
Dhf Weighted Least-Squares Error: 1.54667e-05
--------------------------------------------
Dispersion Parameters:
    Functional Form = 
	E(disp)_ij = sum_(n=6,8,10,12){A*fdamp_n*(Cij_n/r_ij^n)}
               C6              C8             C10             C12       
CT1          4.847096       18.798288       63.256519      202.859856
Cl           9.656104       40.197680      256.351184     1144.914599
OC           4.783373       18.811595      100.656333      417.705964
C=O          3.661371       12.062782       78.048354      284.357981
CCl          4.847096       18.798288       63.256519      202.859856
HT1          1.498389        6.488268       33.240608        0.000000
HT6          1.498389        6.488268       33.240608        0.000000
Fitted Atomtypes 
               A        
C=O(0)        1.000000
               A        
CCl(0)        1.000000
               A        
CT1(0)        1.000000
               A        
HT1(0)        1.000000
               A        
HT6(0)        1.000000
               A             a_y10           a_y20           a_y22c     
OC(0)        1.000000       -0.102178        0.024667        0.074962
               A             a_y10           a_y20      
Cl(0)        1.000000       -0.348103       -0.294162
Constrained Atomtypes 
  None
------------
Dispersion RMS Error: 1.50356e-04
Dispersion Weighted RMS Error: 5.15110e-05
Dispersion Weighted Absolute Error: -1.76252e-05
Dispersion Weighted Least-Squares Error: 1.31280e-05
--------------------------------------------
Total Energy:
------------
Total Energy RMS Error: 3.79727e-04
Total Energy Weighted RMS Error: 1.50268e-04
Total Energy Weighted Absolute Error: 1.42870e-05
Total Energy Weighted Least-Squares Error: 5.81616e-05
--------------------------------------------
#########################################################################


