########################## FF Fitting Summary ###########################
--------------------------------------------
Program Version: 1.1.0
Short-range Functional Form: born-mayer
Combination Rules: aij = geometric
                   bij = geometric_mean
Electrostatic Damping Type: None
Thole Param: 0.39
Fitting weight: eff_mu = 0.0 Ha
                eff_kt = 0.0261 Ha
Weighted RMSE cutoff: 0.0 Ha
Anisotropic Atomtypes: None
All parameters have been radially corrected to account for Slater overlap
This radial correction is approximate, and is only rigorous for the case where bi = bj.
------------
Exponents (Optimized):
CT1(0)     1.965882
Cl(0)      2.081828
OC(0)      2.207960
C=O(0)     2.565341
CCl(0)     1.436794
HT1(0)     2.121539
HT6(0)     2.817212
------------
Monomer 1 Multipole File:
acetone_ISA-GRID_L2.mom
Monomer 2 Multipole File:
chloromethane_ISA-GRID_L2.mom
--------------------------------------------
Exchange Parameters:
    Functional Form = 
	E(exch)_ij = A*K2(rij)*(1 + a_yml*Y_ml)*exp(-bij*rij)
    where the a coefficient for each spherical harmonic term Y_ml
    is listed in the parameters below and 
	K2(rij) = 1/3*(bij*rij)**2 + bij*rij + 1 
Fitted Atomtypes 
               A        
CT1(0)        2.421573
               A        
Cl(0)        5.797209
               A        
OC(0)        3.391474
               A        
C=O(0)        3.844807
               A        
CCl(0)        0.610517
               A        
HT1(0)        0.513711
               A        
HT6(0)        1.077302
Constrained Atomtypes 
  None
------------
Exchange RMS Error: 1.23548e-03
Exchange Weighted RMS Error: 3.41183e-04
Exchange Weighted Absolute Error: -3.00206e-05
Exchange Weighted Least-Squares Error: 3.54994e-04
--------------------------------------------
Electrostatic Parameters:
    Functional Form = 
	E(elst)_ij = f_damp*qi*qj/rij - A*K2(rij)*(1 + a_yml*Y_ml)*exp(-bij*rij)
Fitted Atomtypes 
               A        
CT1(0)        1.693402
               A        
Cl(0)        3.516983
               A        
OC(0)        2.341139
               A        
C=O(0)        2.108864
               A        
CCl(0)        0.382751
               A        
HT1(0)        0.251964
               A        
HT6(0)        0.381057
Constrained Atomtypes 
  None
------------
Electrostatics RMS Error: 5.96522e-04
Electrostatics Weighted RMS Error: 1.99726e-04
Electrostatics Weighted Absolute Error: 5.55183e-05
Electrostatics Weighted Least-Squares Error: 2.03101e-04
--------------------------------------------
Drude oscillator energy has been calculated using the following method: multipole-gradient
Induction Parameters:
    Functional Form = 
	E(ind)_ij = shell_charge - A*K2(rij)*(1 + a_yml*Y_ml)*exp(-bij*rij)
Fitted Atomtypes 
               A        
CT1(0)        0.281338
               A        
Cl(0)        1.461497
               A        
OC(0)        0.100929
               A        
C=O(0)        1.884864
               A        
CCl(0)        0.079749
               A        
HT1(0)        0.078311
               A        
HT6(0)        0.254678
Constrained Atomtypes 
  None
------------
Induction RMS Error: 1.54717e-04
Induction Weighted RMS Error: 4.51719e-05
Induction Weighted Absolute Error: 1.42424e-05
Induction Weighted Least-Squares Error: 1.19143e-05
--------------------------------------------
DHF Parameters:
    Functional Form = 
	E(dhf)_ij = - A*K2(rij)*(1 + a_yml*Y_ml)*exp(-bij*rij)
Fitted Atomtypes 
               A        
CT1(0)        0.000000
               A        
Cl(0)        0.584075
               A        
OC(0)        2.087314
               A        
C=O(0)        0.000000
               A        
CCl(0)        0.000000
               A        
HT1(0)        0.437909
               A        
HT6(0)        0.204246
Constrained Atomtypes 
  None
------------
Dhf RMS Error: 2.12324e-04
Dhf Weighted RMS Error: 5.27521e-05
Dhf Weighted Absolute Error: -1.99688e-05
Dhf Weighted Least-Squares Error: 2.19321e-05
--------------------------------------------
Dispersion Parameters:
    Functional Form = 
	E(disp)_ij = sum_(n=6,8,10,12){A*fdamp_n*(Cij_n/r_ij^n)}
               C6              C8             C10             C12       
CT1          4.847096       18.798288       63.256519      202.859856
Cl           9.656104       40.197680      256.351184     1144.914599
OC           4.783373       18.811595      100.656333      417.705964
C=O          3.661371       12.062782       78.048354      284.357981
CCl          4.847096       18.798288       63.256519      202.859856
HT1          1.498389        6.488268       33.240608        0.000000
HT6          1.498389        6.488268       33.240608        0.000000
Fitted Atomtypes 
               A        
CT1(0)        1.000000
               A        
Cl(0)        1.000000
               A        
OC(0)        1.000000
               A        
C=O(0)        1.000000
               A        
CCl(0)        1.000000
               A        
HT1(0)        1.000000
               A        
HT6(0)        1.000000
Constrained Atomtypes 
  None
------------
Dispersion RMS Error: 6.22001e-04
Dispersion Weighted RMS Error: 2.48615e-04
Dispersion Weighted Absolute Error: -1.02247e-04
Dispersion Weighted Least-Squares Error: 2.17046e-04
--------------------------------------------
Total Energy:
------------
Total Energy RMS Error: 7.93050e-04
Total Energy Weighted RMS Error: 2.77420e-04
Total Energy Weighted Absolute Error: -8.24757e-05
Total Energy Weighted Least-Squares Error: 2.62487e-04
--------------------------------------------
#########################################################################


