########################## FF Fitting Summary ###########################
--------------------------------------------
Program Version: 1.1.0
Short-range Functional Form: born-mayer
Combination Rules: aij = geometric
                   bij = geometric_mean
Electrostatic Damping Type: None
Thole Param: 0.39
Fitting weight: eff_mu = 0.0 Ha
                eff_kt = 0.0104 Ha
Weighted RMSE cutoff: 0.0 Ha
Anisotropic Atomtypes: OC   Cl   
All parameters have been radially corrected to account for Slater overlap
This radial correction is approximate, and is only rigorous for the case where bi = bj.
------------
Exponents:
CT1(0)     1.819913
Cl(0)      2.037083
OC(0)      2.200783
C=O(0)     2.718321
CCl(0)     2.086398
HT1(0)     2.333336
HT6(0)     2.236551
------------
Monomer 1 Multipole File:
acetone_ISA-GRID_L2.mom
Monomer 2 Multipole File:
chloromethane_ISA-GRID_L2.mom
--------------------------------------------
Exchange Parameters:
    Functional Form = 
	E(exch)_ij = A*K2(rij)*(1 + a_yml*Y_ml)*exp(-bij*rij)
    where the a coefficient for each spherical harmonic term Y_ml
    is listed in the parameters below and 
	K2(rij) = 1/3*(bij*rij)**2 + bij*rij + 1 
Fitted Atomtypes 
  None
Constrained Atomtypes 
               A        
CT1(0)        1.756864
               A             a_y10           a_y20      
Cl(0)        4.641076       -0.547938       -0.613203
               A             a_y10           a_y20           a_y22c     
OC(0)        2.800441       -0.219521       -0.210109        0.120144
               A        
C=O(0)        4.914017
               A        
CCl(0)        3.036171
               A        
HT1(0)        0.633756
               A        
HT6(0)        0.541282
------------
Exchange RMS Error: 5.46809e-04
Exchange Weighted RMS Error: 5.46809e-04
Exchange Weighted Absolute Error: 1.41210e-05
Exchange Weighted Least-Squares Error: 2.04314e-05
--------------------------------------------
Electrostatic Parameters:
    Functional Form = 
	E(elst)_ij = f_damp*qi*qj/rij - A*K2(rij)*(1 + a_yml*Y_ml)*exp(-bij*rij)
Fitted Atomtypes 
  None
Constrained Atomtypes 
               A        
CT1(0)        1.128948
               A             a_y10           a_y20      
Cl(0)        3.217540       -0.376433       -0.547466
               A             a_y10           a_y20           a_y22c     
OC(0)        1.822973       -0.147986       -0.224111        0.165589
               A        
C=O(0)        2.345586
               A        
CCl(0)        1.874393
               A        
HT1(0)        0.286881
               A        
HT6(0)        0.232592
------------
Electrostatics RMS Error: 2.89788e-04
Electrostatics Weighted RMS Error: 2.89788e-04
Electrostatics Weighted Absolute Error: 2.28135e-05
Electrostatics Weighted Least-Squares Error: 5.99488e-05
--------------------------------------------
Drude oscillator energy has been calculated using the following method: multipole-gradient
Induction Parameters:
    Functional Form = 
	E(ind)_ij = shell_charge - A*K2(rij)*(1 + a_yml*Y_ml)*exp(-bij*rij)
Fitted Atomtypes 
  None
Constrained Atomtypes 
               A        
CT1(0)        0.089053
               A             a_y10           a_y20      
Cl(0)        1.452555        0.084777       -0.161702
               A             a_y10           a_y20           a_y22c     
OC(0)        0.031022        0.043159        1.000000       -1.000000
               A        
C=O(0)        2.573738
               A        
CCl(0)        0.102817
               A        
HT1(0)        0.157247
               A        
HT6(0)        0.097465
------------
Induction RMS Error: 1.66202e-04
Induction Weighted RMS Error: 1.66202e-04
Induction Weighted Absolute Error: 1.30039e-05
Induction Weighted Least-Squares Error: 1.47960e-05
--------------------------------------------
DHF Parameters:
    Functional Form = 
	E(dhf)_ij = - A*K2(rij)*(1 + a_yml*Y_ml)*exp(-bij*rij)
Fitted Atomtypes 
  None
Constrained Atomtypes 
               A        
CT1(0)        0.056533
               A             a_y10           a_y20      
Cl(0)        0.820685       -0.645981        0.159071
               A             a_y10           a_y20           a_y22c     
OC(0)        0.542050       -1.000000       -0.656495       -0.199400
               A        
C=O(0)        0.882379
               A        
CCl(0)        0.000000
               A        
HT1(0)        0.244537
               A        
HT6(0)        0.265954
------------
Dhf RMS Error: 2.64800e-04
Dhf Weighted RMS Error: 2.64800e-04
Dhf Weighted Absolute Error: -1.19932e-05
Dhf Weighted Least-Squares Error: 3.57580e-05
--------------------------------------------
Dispersion Parameters:
    Functional Form = 
	E(disp)_ij = sum_(n=6,8,10,12){A*fdamp_n*(Cij_n/r_ij^n)}
               C6              C8             C10             C12       
CT1          4.847096       18.798288       63.256519      202.859856
Cl           9.656104       40.197680      256.351184     1144.914599
OC           4.783373       18.811595      100.656333      417.705964
C=O          3.661371       12.062782       78.048354      284.357981
CCl          4.847096       18.798288       63.256519      202.859856
HT1          1.498389        6.488268       33.240608        0.000000
HT6          1.498389        6.488268       33.240608        0.000000
Fitted Atomtypes 
  None
Constrained Atomtypes 
               A        
CT1(0)        1.167041
               A             a_y10           a_y20      
Cl(0)        1.029603       -0.239752       -0.191056
               A             a_y10           a_y20           a_y22c     
OC(0)        0.814443       -0.563660       -0.232466       -0.012215
               A        
C=O(0)        0.873823
               A        
CCl(0)        1.035074
               A        
HT1(0)        0.946465
               A        
HT6(0)        1.022919
------------
Dispersion RMS Error: 7.70716e-05
Dispersion Weighted RMS Error: 7.70716e-05
Dispersion Weighted Absolute Error: -4.94702e-06
Dispersion Weighted Least-Squares Error: 3.94679e-06
--------------------------------------------
Total Energy:
------------
Total Energy RMS Error: 4.10247e-04
Total Energy Weighted RMS Error: 4.10247e-04
Total Energy Weighted Absolute Error: 3.29982e-05
Total Energy Weighted Least-Squares Error: 5.13233e-05
--------------------------------------------
#########################################################################


