########################## FF Fitting Summary ###########################
--------------------------------------------
Program Version: 1.1.0
Short-range Functional Form: born-mayer
Combination Rules: aij = geometric
                   bij = geometric_mean
Electrostatic Damping Type: None
Thole Param: 0.39
Fitting weight: eff_mu = 0.0 Ha
                eff_kt = 0.0024 Ha
Weighted RMSE cutoff: 0.0 Ha
Anisotropic Atomtypes: None
All parameters have been radially corrected to account for Slater overlap
This radial correction is approximate, and is only rigorous for the case where bi = bj.
------------
Exponents:
CT4(0)     1.983284
HT4(0)     2.284224
CM(0)      1.752710
HM(0)      2.763795
------------
Monomer 1 Multipole File:
ethene_ISA-GRID_L0.mom
Monomer 2 Multipole File:
methane_ISA-GRID_L0.mom
--------------------------------------------
Exchange Parameters:
    Functional Form = 
	E(exch)_ij = A*K2(rij)*(1 + a_yml*Y_ml)*exp(-bij*rij)
    where the a coefficient for each spherical harmonic term Y_ml
    is listed in the parameters below and 
	K2(rij) = 1/3*(bij*rij)**2 + bij*rij + 1 
Fitted Atomtypes 
  None
Constrained Atomtypes 
               A        
CT4(0)        2.302355
               A        
HT4(0)        0.643486
               A        
CM(0)        1.840351
               A        
HM(0)        0.965378
------------
Exchange RMS Error: 6.14022e-04
Exchange Weighted RMS Error: 6.14022e-04
Exchange Weighted Absolute Error: 2.43990e-05
Exchange Weighted Least-Squares Error: 5.47689e-06
--------------------------------------------
Electrostatic Parameters:
    Functional Form = 
	E(elst)_ij = f_damp*qi*qj/rij - A*K2(rij)*(1 + a_yml*Y_ml)*exp(-bij*rij)
Fitted Atomtypes 
  None
Constrained Atomtypes 
               A        
CT4(0)        1.510176
               A        
HT4(0)        0.306267
               A        
CM(0)        1.238051
               A        
HM(0)        0.297726
------------
Electrostatics RMS Error: 2.32385e-04
Electrostatics Weighted RMS Error: 2.32385e-04
Electrostatics Weighted Absolute Error: 2.36330e-05
Electrostatics Weighted Least-Squares Error: 4.63477e-05
--------------------------------------------
Drude oscillator energy has been calculated using the following method: multipole-gradient
Induction Parameters:
    Functional Form = 
	E(ind)_ij = shell_charge - A*K2(rij)*(1 + a_yml*Y_ml)*exp(-bij*rij)
Fitted Atomtypes 
  None
Constrained Atomtypes 
               A        
CT4(0)        0.071158
               A        
HT4(0)        0.152282
               A        
CM(0)        0.302386
               A        
HM(0)        0.157297
------------
Induction RMS Error: 9.36404e-05
Induction Weighted RMS Error: 9.36404e-05
Induction Weighted Absolute Error: 7.59933e-06
Induction Weighted Least-Squares Error: 4.86409e-06
--------------------------------------------
DHF Parameters:
    Functional Form = 
	E(dhf)_ij = - A*K2(rij)*(1 + a_yml*Y_ml)*exp(-bij*rij)
Fitted Atomtypes 
  None
Constrained Atomtypes 
               A        
CT4(0)        0.102479
               A        
HT4(0)        0.226161
               A        
CM(0)        0.412724
               A        
HM(0)        0.353814
------------
Dhf RMS Error: 1.36976e-04
Dhf Weighted RMS Error: 1.36976e-04
Dhf Weighted Absolute Error: -7.72592e-06
Dhf Weighted Least-Squares Error: 1.21533e-05
--------------------------------------------
Dispersion Parameters:
    Functional Form = 
	E(disp)_ij = sum_(n=6,8,10,12){A*fdamp_n*(Cij_n/r_ij^n)}
               C6              C8             C10             C12       
CT4          4.847096       18.798288       63.256519      202.859856
HT4          1.498389        6.488268       33.240608        0.000000
CM           5.544423       23.289281      120.277772      510.393921
HM           1.512843        6.550977       33.561806      144.894964
Fitted Atomtypes 
  None
Constrained Atomtypes 
               A        
CT4(0)        1.000000
               A        
HT4(0)        1.000000
               A        
CM(0)        1.000000
               A        
HM(0)        1.000000
------------
Dispersion RMS Error: 5.01027e-04
Dispersion Weighted RMS Error: 5.01027e-04
Dispersion Weighted Absolute Error: 4.28408e-05
Dispersion Weighted Least-Squares Error: 2.26898e-04
--------------------------------------------
Total Energy:
------------
Total Energy RMS Error: 5.48862e-04
Total Energy Weighted RMS Error: 5.48862e-04
Total Energy Weighted Absolute Error: 9.07462e-05
Total Energy Weighted Least-Squares Error: 6.54272e-05
--------------------------------------------
#########################################################################


