########################## FF Fitting Summary ###########################
--------------------------------------------
Program Version: 1.1.0
Short-range Functional Form: born-mayer
Combination Rules: aij = geometric
                   bij = geometric_mean
Electrostatic Damping Type: None
Thole Param: 0.39
Fitting weight: eff_mu = 0.0 Ha
                eff_kt = 0.006 Ha
Weighted RMSE cutoff: 0.0 Ha
Anisotropic Atomtypes: None
All parameters have been radially corrected to account for Slater overlap
This radial correction is approximate, and is only rigorous for the case where bi = bj.
------------
Exponents (Optimized):
CT4(0)     1.984753
HT4(0)     2.378634
CM(0)      1.743458
HM(0)      2.574235
------------
Monomer 1 Multipole File:
ethene_ISA-GRID_L2.mom
Monomer 2 Multipole File:
methane_ISA-GRID_L2.mom
--------------------------------------------
Exchange Parameters:
    Functional Form = 
	E(exch)_ij = A*K2(rij)*(1 + a_yml*Y_ml)*exp(-bij*rij)
    where the a coefficient for each spherical harmonic term Y_ml
    is listed in the parameters below and 
	K2(rij) = 1/3*(bij*rij)**2 + bij*rij + 1 
Fitted Atomtypes 
               A        
CT4(0)        2.064697
               A        
HT4(0)        0.662655
               A        
CM(0)        2.066502
               A        
HM(0)        0.838007
Constrained Atomtypes 
  None
------------
Exchange RMS Error: 5.56754e-04
Exchange Weighted RMS Error: 5.56754e-04
Exchange Weighted Absolute Error: 8.27107e-06
Exchange Weighted Least-Squares Error: 2.05758e-05
--------------------------------------------
Electrostatic Parameters:
    Functional Form = 
	E(elst)_ij = f_damp*qi*qj/rij - A*K2(rij)*(1 + a_yml*Y_ml)*exp(-bij*rij)
Fitted Atomtypes 
               A        
CT4(0)        1.367616
               A        
HT4(0)        0.261957
               A        
CM(0)        1.472847
               A        
HM(0)        0.291837
Constrained Atomtypes 
  None
------------
Electrostatics RMS Error: 2.17525e-04
Electrostatics Weighted RMS Error: 2.17525e-04
Electrostatics Weighted Absolute Error: 2.33741e-05
Electrostatics Weighted Least-Squares Error: 3.46628e-05
--------------------------------------------
Drude oscillator energy has been calculated using the following method: multipole-gradient
Induction Parameters:
    Functional Form = 
	E(ind)_ij = shell_charge - A*K2(rij)*(1 + a_yml*Y_ml)*exp(-bij*rij)
Fitted Atomtypes 
               A        
CT4(0)        0.135237
               A        
HT4(0)        0.089766
               A        
CM(0)        0.252647
               A        
HM(0)        0.296613
Constrained Atomtypes 
  None
------------
Induction RMS Error: 7.53203e-05
Induction Weighted RMS Error: 7.53203e-05
Induction Weighted Absolute Error: 7.37179e-06
Induction Weighted Least-Squares Error: 3.04462e-06
--------------------------------------------
DHF Parameters:
    Functional Form = 
	E(dhf)_ij = - A*K2(rij)*(1 + a_yml*Y_ml)*exp(-bij*rij)
Fitted Atomtypes 
               A        
CT4(0)        0.000349
               A        
HT4(0)        0.264294
               A        
CM(0)        0.530761
               A        
HM(0)        0.229454
Constrained Atomtypes 
  None
------------
Dhf RMS Error: 1.18564e-04
Dhf Weighted RMS Error: 1.18564e-04
Dhf Weighted Absolute Error: -6.25200e-06
Dhf Weighted Least-Squares Error: 7.89769e-06
--------------------------------------------
Dispersion Parameters:
    Functional Form = 
	E(disp)_ij = sum_(n=6,8,10,12){A*fdamp_n*(Cij_n/r_ij^n)}
               C6              C8             C10             C12       
CT4          4.847096       18.798288       63.256519      202.859856
HT4          1.498389        6.488268       33.240608        0.000000
CM           5.544423       23.289281      120.277772      510.393921
HM           1.512843        6.550977       33.561806      144.894964
Fitted Atomtypes 
               A        
CT4(0)        1.057543
               A        
HT4(0)        0.952786
               A        
CM(0)        1.300000
               A        
HM(0)        0.700000
Constrained Atomtypes 
  None
------------
Dispersion RMS Error: 1.57475e-04
Dispersion Weighted RMS Error: 1.57475e-04
Dispersion Weighted Absolute Error: 1.53568e-05
Dispersion Weighted Least-Squares Error: 1.91987e-05
--------------------------------------------
Total Energy:
------------
Total Energy RMS Error: 3.22271e-04
Total Energy Weighted RMS Error: 3.22271e-04
Total Energy Weighted Absolute Error: 4.81218e-05
Total Energy Weighted Least-Squares Error: 3.01958e-05
--------------------------------------------
#########################################################################


########################## FF Fitting Summary ###########################
--------------------------------------------
Program Version: 1.1.0
Short-range Functional Form: born-mayer
Combination Rules: aij = geometric
                   bij = geometric_mean
Electrostatic Damping Type: None
Thole Param: 0.39
Fitting weight: eff_mu = 0.0 Ha
                eff_kt = 0.006 Ha
Weighted RMSE cutoff: 0.0 Ha
Anisotropic Atomtypes: None
All parameters have been radially corrected to account for Slater overlap
This radial correction is approximate, and is only rigorous for the case where bi = bj.
------------
Exponents (Optimized):
CT4(0)     1.984753
HT4(0)     2.378634
CM(0)      1.743458
HM(0)      2.574235
------------
Monomer 1 Multipole File:
ethene_ISA-GRID_L2.mom
Monomer 2 Multipole File:
methane_ISA-GRID_L2.mom
--------------------------------------------
Exchange Parameters:
    Functional Form = 
	E(exch)_ij = A*K2(rij)*(1 + a_yml*Y_ml)*exp(-bij*rij)
    where the a coefficient for each spherical harmonic term Y_ml
    is listed in the parameters below and 
	K2(rij) = 1/3*(bij*rij)**2 + bij*rij + 1 
Fitted Atomtypes 
               A        
CT4(0)        2.064697
               A        
HT4(0)        0.662655
               A        
CM(0)        2.066502
               A        
HM(0)        0.838007
Constrained Atomtypes 
  None
------------
Exchange RMS Error: 5.56754e-04
Exchange Weighted RMS Error: 5.56754e-04
Exchange Weighted Absolute Error: 8.27107e-06
Exchange Weighted Least-Squares Error: 2.05758e-05
--------------------------------------------
Electrostatic Parameters:
    Functional Form = 
	E(elst)_ij = f_damp*qi*qj/rij - A*K2(rij)*(1 + a_yml*Y_ml)*exp(-bij*rij)
Fitted Atomtypes 
               A        
CT4(0)        1.367616
               A        
HT4(0)        0.261957
               A        
CM(0)        1.472847
               A        
HM(0)        0.291837
Constrained Atomtypes 
  None
------------
Electrostatics RMS Error: 2.17525e-04
Electrostatics Weighted RMS Error: 2.17525e-04
Electrostatics Weighted Absolute Error: 2.33741e-05
Electrostatics Weighted Least-Squares Error: 3.46628e-05
--------------------------------------------
Drude oscillator energy has been calculated using the following method: multipole-gradient
Induction Parameters:
    Functional Form = 
	E(ind)_ij = shell_charge - A*K2(rij)*(1 + a_yml*Y_ml)*exp(-bij*rij)
Fitted Atomtypes 
               A        
CT4(0)        0.135241
               A        
HT4(0)        0.089765
               A        
CM(0)        0.252655
               A        
HM(0)        0.296609
Constrained Atomtypes 
  None
------------
Induction RMS Error: 7.53226e-05
Induction Weighted RMS Error: 7.53226e-05
Induction Weighted Absolute Error: 7.37179e-06
Induction Weighted Least-Squares Error: 3.04481e-06
--------------------------------------------
DHF Parameters:
    Functional Form = 
	E(dhf)_ij = - A*K2(rij)*(1 + a_yml*Y_ml)*exp(-bij*rij)
Fitted Atomtypes 
               A        
CT4(0)        0.000394
               A        
HT4(0)        0.264268
               A        
CM(0)        0.530805
               A        
HM(0)        0.229462
Constrained Atomtypes 
  None
------------
Dhf RMS Error: 1.18553e-04
Dhf Weighted RMS Error: 1.18553e-04
Dhf Weighted Absolute Error: -6.25212e-06
Dhf Weighted Least-Squares Error: 7.89617e-06
--------------------------------------------
Dispersion Parameters:
    Functional Form = 
	E(disp)_ij = sum_(n=6,8,10,12){A*fdamp_n*(Cij_n/r_ij^n)}
               C6              C8             C10             C12       
CT4          4.847096       18.798288       63.256519      202.859856
HT4          1.498389        6.488268       33.240608        0.000000
CM           5.544423       23.289281      120.277772      510.393921
HM           1.512843        6.550977       33.561806      144.894964
Fitted Atomtypes 
               A        
CT4(0)        1.057543
               A        
HT4(0)        0.952786
               A        
CM(0)        1.300000
               A        
HM(0)        0.700000
Constrained Atomtypes 
  None
------------
Dispersion RMS Error: 1.57475e-04
Dispersion Weighted RMS Error: 1.57475e-04
Dispersion Weighted Absolute Error: 1.53568e-05
Dispersion Weighted Least-Squares Error: 1.91987e-05
--------------------------------------------
Total Energy:
------------
Total Energy RMS Error: 3.22279e-04
Total Energy Weighted RMS Error: 3.22279e-04
Total Energy Weighted Absolute Error: 4.81216e-05
Total Energy Weighted Least-Squares Error: 3.01971e-05
--------------------------------------------
#########################################################################


