########################## FF Fitting Summary ###########################
--------------------------------------------
Program Version: 1.1.0
Short-range Functional Form: born-mayer
Combination Rules: aij = geometric
                   bij = geometric_mean
Electrostatic Damping Type: None
Thole Param: 0.39
Fitting weight: eff_mu = 0.0 Ha
                eff_kt = 0.006 Ha
Weighted RMSE cutoff: 0.0 Ha
Anisotropic Atomtypes: None
All parameters have been radially corrected to account for Slater overlap
This radial correction is approximate, and is only rigorous for the case where bi = bj.
------------
Exponents (Optimized):
CT4(0)     1.984753
HT4(0)     2.378634
CM(0)      1.743458
HM(0)      2.574235
------------
Monomer 1 Multipole File:
ethene_ISA-GRID_L0.mom
Monomer 2 Multipole File:
methane_ISA-GRID_L0.mom
--------------------------------------------
Exchange Parameters:
    Functional Form = 
	E(exch)_ij = A*K2(rij)*(1 + a_yml*Y_ml)*exp(-bij*rij)
    where the a coefficient for each spherical harmonic term Y_ml
    is listed in the parameters below and 
	K2(rij) = 1/3*(bij*rij)**2 + bij*rij + 1 
Fitted Atomtypes 
               A        
CT4(0)        2.064697
               A        
HT4(0)        0.662655
               A        
CM(0)        2.066502
               A        
HM(0)        0.838007
Constrained Atomtypes 
  None
------------
Exchange RMS Error: 5.56754e-04
Exchange Weighted RMS Error: 5.56754e-04
Exchange Weighted Absolute Error: 8.27107e-06
Exchange Weighted Least-Squares Error: 2.05758e-05
--------------------------------------------
Electrostatic Parameters:
    Functional Form = 
	E(elst)_ij = f_damp*qi*qj/rij - A*K2(rij)*(1 + a_yml*Y_ml)*exp(-bij*rij)
Fitted Atomtypes 
               A        
CT4(0)        1.312056
               A        
HT4(0)        0.282704
               A        
CM(0)        1.434263
               A        
HM(0)        0.306149
Constrained Atomtypes 
  None
------------
Electrostatics RMS Error: 2.22623e-04
Electrostatics Weighted RMS Error: 2.22623e-04
Electrostatics Weighted Absolute Error: 2.18413e-05
Electrostatics Weighted Least-Squares Error: 3.61723e-05
--------------------------------------------
Drude oscillator energy has been calculated using the following method: multipole-gradient
Induction Parameters:
    Functional Form = 
	E(ind)_ij = shell_charge - A*K2(rij)*(1 + a_yml*Y_ml)*exp(-bij*rij)
Fitted Atomtypes 
               A        
CT4(0)        0.139994
               A        
HT4(0)        0.099904
               A        
CM(0)        0.282394
               A        
HM(0)        0.284198
Constrained Atomtypes 
  None
------------
Induction RMS Error: 7.46574e-05
Induction Weighted RMS Error: 7.46574e-05
Induction Weighted Absolute Error: 5.43763e-06
Induction Weighted Least-Squares Error: 2.98975e-06
--------------------------------------------
DHF Parameters:
    Functional Form = 
	E(dhf)_ij = - A*K2(rij)*(1 + a_yml*Y_ml)*exp(-bij*rij)
Fitted Atomtypes 
               A        
CT4(0)        0.000000
               A        
HT4(0)        0.266105
               A        
CM(0)        0.528078
               A        
HM(0)        0.228173
Constrained Atomtypes 
  None
------------
Dhf RMS Error: 1.19576e-04
Dhf Weighted RMS Error: 1.19576e-04
Dhf Weighted Absolute Error: -6.24158e-06
Dhf Weighted Least-Squares Error: 8.03384e-06
--------------------------------------------
Dispersion Parameters:
    Functional Form = 
	E(disp)_ij = sum_(n=6,8,10,12){A*fdamp_n*(Cij_n/r_ij^n)}
               C6              C8             C10             C12       
CT4          4.847096       18.798288       63.256519      202.859856
HT4          1.498389        6.488268       33.240608        0.000000
CM           5.544423       23.289281      120.277772      510.393921
HM           1.512843        6.550977       33.561806      144.894964
Fitted Atomtypes 
               A        
CT4(0)        1.057543
               A        
HT4(0)        0.952786
               A        
CM(0)        1.300000
               A        
HM(0)        0.700000
Constrained Atomtypes 
  None
------------
Dispersion RMS Error: 1.57475e-04
Dispersion Weighted RMS Error: 1.57475e-04
Dispersion Weighted Absolute Error: 1.53568e-05
Dispersion Weighted Least-Squares Error: 1.91987e-05
--------------------------------------------
Total Energy:
------------
Total Energy RMS Error: 3.14210e-04
Total Energy Weighted RMS Error: 3.14210e-04
Total Energy Weighted Absolute Error: 4.46653e-05
Total Energy Weighted Least-Squares Error: 2.80329e-05
--------------------------------------------
#########################################################################


