########################## FF Fitting Summary ###########################
--------------------------------------------
Program Version: 1.1.0
Short-range Functional Form: born-mayer
Combination Rules: aij = geometric
                   bij = geometric_mean
Electrostatic Damping Type: None
Thole Param: 0.39
Fitting weight: eff_mu = 0.0 Ha
                eff_kt = 0.025 Ha
Weighted RMSE cutoff: 0.0 Ha
Anisotropic Atomtypes: OH   CCO2 OCO  HO   
All parameters have been radially corrected to account for Slater overlap
This radial correction is approximate, and is only rigorous for the case where bi = bj.
------------
Exponents (Optimized):
CO1(0)     2.404610
CCO2(0)    2.355336
OCO(0)     2.556830
OH(0)      2.086205
CT3(0)     2.235040
HT3(0)     1.931164
HO(0)      2.140213
------------
Monomer 1 Multipole File:
co2_ISA-GRID_L2.mom
Monomer 2 Multipole File:
ethanol_ISA-GRID_L2.mom
--------------------------------------------
Exchange Parameters:
    Functional Form = 
	E(exch)_ij = A*K2(rij)*(1 + a_yml*Y_ml)*exp(-bij*rij)
    where the a coefficient for each spherical harmonic term Y_ml
    is listed in the parameters below and 
	K2(rij) = 1/3*(bij*rij)**2 + bij*rij + 1 
Fitted Atomtypes 
               A        
CO1(0)        5.096073
               A        
HT3(0)        0.350212
               A        
CT3(0)        4.269513
               A             a_y10           a_y20           a_y22c     
OH(0)        1.367139       -0.986581        0.011449       -1.000000
               A             a_y10           a_y20      
HO(0)        0.587926        0.471163        0.009848
               A             a_y10           a_y20      
OCO(0)        5.030642        0.000173       -0.095218
               A             a_y20      
CCO2(0)        2.121420       -0.252545
Constrained Atomtypes 
  None
------------
Exchange RMS Error: 4.70138e-04
Exchange Weighted RMS Error: 4.70138e-04
Exchange Weighted Absolute Error: 4.22791e-06
Exchange Weighted Least-Squares Error: 5.86666e-05
--------------------------------------------
Electrostatic Parameters:
    Functional Form = 
	E(elst)_ij = f_damp*qi*qj/rij - A*K2(rij)*(1 + a_yml*Y_ml)*exp(-bij*rij)
Fitted Atomtypes 
               A        
CO1(0)        3.234132
               A        
HT3(0)        0.207619
               A        
CT3(0)        2.694696
               A             a_y10           a_y20           a_y22c     
OH(0)        1.062855       -0.717516        0.058059       -1.000000
               A             a_y10           a_y20      
HO(0)        0.334397        0.530481       -0.001804
               A             a_y10           a_y20      
OCO(0)        2.540642       -0.054772       -0.186585
               A             a_y20      
CCO2(0)        1.141386       -0.142961
Constrained Atomtypes 
  None
------------
Electrostatics RMS Error: 2.11985e-04
Electrostatics Weighted RMS Error: 2.11985e-04
Electrostatics Weighted Absolute Error: 1.29571e-05
Electrostatics Weighted Least-Squares Error: 2.49643e-05
--------------------------------------------
Drude oscillator energy has been calculated using the following method: multipole-gradient
Induction Parameters:
    Functional Form = 
	E(ind)_ij = shell_charge - A*K2(rij)*(1 + a_yml*Y_ml)*exp(-bij*rij)
Fitted Atomtypes 
               A        
CO1(0)        1.183983
               A        
HT3(0)        0.136689
               A        
CT3(0)        1.455504
               A             a_y10           a_y20           a_y22c     
OH(0)        1.654892        0.922067        0.198997        0.453379
               A             a_y10           a_y20      
HO(0)        0.163550       -1.000000        0.739653
               A             a_y10           a_y20      
OCO(0)        0.264797        1.000000        0.311148
               A             a_y20      
CCO2(0)        0.168449       -1.000000
Constrained Atomtypes 
  None
------------
Induction RMS Error: 6.30790e-05
Induction Weighted RMS Error: 6.30790e-05
Induction Weighted Absolute Error: -8.27991e-06
Induction Weighted Least-Squares Error: 1.93138e-06
--------------------------------------------
DHF Parameters:
    Functional Form = 
	E(dhf)_ij = - A*K2(rij)*(1 + a_yml*Y_ml)*exp(-bij*rij)
Fitted Atomtypes 
               A        
CO1(0)        0.000000
               A        
HT3(0)        0.711929
               A        
CT3(0)        0.460324
               A             a_y10           a_y20           a_y22c     
OH(0)        1.892461       -1.000000       -0.415269       -0.598136
               A             a_y10           a_y20      
HO(0)        0.975081        0.525587        0.458277
               A             a_y10           a_y20      
OCO(0)        0.133336       -1.000000       -0.511828
               A             a_y20      
CCO2(0)        0.043920       -1.000000
Constrained Atomtypes 
  None
------------
Dhf RMS Error: 6.80537e-05
Dhf Weighted RMS Error: 6.80537e-05
Dhf Weighted Absolute Error: 1.01927e-05
Dhf Weighted Least-Squares Error: 2.26502e-06
--------------------------------------------
Dispersion Parameters:
    Functional Form = 
	E(disp)_ij = sum_(n=6,8,10,12){A*fdamp_n*(Cij_n/r_ij^n)}
               C6              C8             C10             C12       
CO1          4.847096       18.798288       63.256519      202.859856
CCO2         4.678946       20.766690       84.950595      399.352721
OCO          4.067865       17.049989       83.654105      339.409882
OH           3.819955       17.890308       89.856938      392.757676
CT3          4.847096       18.798288       63.256519      202.859856
HT3          1.498389        6.488268       33.240608        0.000000
HO           1.275466        4.018693       30.302404        0.000000
Fitted Atomtypes 
               A        
CO1(0)        0.700000
               A        
HT3(0)        1.300000
               A        
CT3(0)        0.740114
               A             a_y10           a_y20           a_y22c     
OH(0)        0.739504       -0.636312        0.100674       -0.488351
               A             a_y10           a_y20      
HO(0)        1.248633       -0.194603       -0.239809
               A             a_y10           a_y20      
OCO(0)        0.887031       -0.202070       -0.085255
               A             a_y20      
CCO2(0)        0.831514        0.056697
Constrained Atomtypes 
  None
------------
Dispersion RMS Error: 5.59424e-05
Dispersion Weighted RMS Error: 5.59424e-05
Dispersion Weighted Absolute Error: -1.29631e-05
Dispersion Weighted Least-Squares Error: 1.64795e-06
--------------------------------------------
Total Energy:
------------
Total Energy RMS Error: 2.90139e-04
Total Energy Weighted RMS Error: 2.90139e-04
Total Energy Weighted Absolute Error: 6.13465e-06
Total Energy Weighted Least-Squares Error: 3.47183e-05
--------------------------------------------
#########################################################################


