########################## FF Fitting Summary ###########################
--------------------------------------------
Program Version: 1.1.0
Short-range Functional Form: born-mayer
Combination Rules: aij = geometric
                   bij = geometric_mean
Electrostatic Damping Type: None
Thole Param: 0.39
Fitting weight: eff_mu = 0.0 Ha
                eff_kt = 0.0085 Ha
Weighted RMSE cutoff: 0.0 Ha
Anisotropic Atomtypes: None
All parameters have been radially corrected to account for Slater overlap
This radial correction is approximate, and is only rigorous for the case where bi = bj.
------------
Exponents (Optimized):
CM(0)      1.775560
HT2(0)     2.096315
CT2(0)     2.311322
HM(0)      2.713246
------------
Monomer 1 Multipole File:
ethane_ISA-GRID_L0.mom
Monomer 2 Multipole File:
ethene_ISA-GRID_L0.mom
--------------------------------------------
Exchange Parameters:
    Functional Form = 
	E(exch)_ij = A*K2(rij)*(1 + a_yml*Y_ml)*exp(-bij*rij)
    where the a coefficient for each spherical harmonic term Y_ml
    is listed in the parameters below and 
	K2(rij) = 1/3*(bij*rij)**2 + bij*rij + 1 
Fitted Atomtypes 
               A        
CM(0)        2.659000
               A        
HT2(0)        0.369220
               A        
CT2(0)        2.853841
               A        
HM(0)        1.237705
Constrained Atomtypes 
  None
------------
Exchange RMS Error: 6.95659e-04
Exchange Weighted RMS Error: 6.95659e-04
Exchange Weighted Absolute Error: 5.58623e-06
Exchange Weighted Least-Squares Error: 4.46763e-05
--------------------------------------------
Electrostatic Parameters:
    Functional Form = 
	E(elst)_ij = f_damp*qi*qj/rij - A*K2(rij)*(1 + a_yml*Y_ml)*exp(-bij*rij)
Fitted Atomtypes 
               A        
CM(0)        1.785534
               A        
HT2(0)        0.184614
               A        
CT2(0)        1.682202
               A        
HM(0)        0.464355
Constrained Atomtypes 
  None
------------
Electrostatics RMS Error: 2.71087e-04
Electrostatics Weighted RMS Error: 2.71087e-04
Electrostatics Weighted Absolute Error: 2.23201e-05
Electrostatics Weighted Least-Squares Error: 4.80257e-05
--------------------------------------------
Drude oscillator energy has been calculated using the following method: multipole-gradient
Induction Parameters:
    Functional Form = 
	E(ind)_ij = shell_charge - A*K2(rij)*(1 + a_yml*Y_ml)*exp(-bij*rij)
Fitted Atomtypes 
               A        
CM(0)        0.291355
               A        
HT2(0)        0.046292
               A        
CT2(0)        0.279634
               A        
HM(0)        0.502352
Constrained Atomtypes 
  None
------------
Induction RMS Error: 6.45187e-05
Induction Weighted RMS Error: 6.45187e-05
Induction Weighted Absolute Error: 6.39687e-06
Induction Weighted Least-Squares Error: 2.13797e-06
--------------------------------------------
DHF Parameters:
    Functional Form = 
	E(dhf)_ij = - A*K2(rij)*(1 + a_yml*Y_ml)*exp(-bij*rij)
Fitted Atomtypes 
               A        
CM(0)        0.507725
               A        
HT2(0)        0.200244
               A        
CT2(0)        0.000000
               A        
HM(0)        0.200708
Constrained Atomtypes 
  None
------------
Dhf RMS Error: 9.94602e-05
Dhf Weighted RMS Error: 9.94602e-05
Dhf Weighted Absolute Error: 2.90049e-06
Dhf Weighted Least-Squares Error: 5.26422e-06
--------------------------------------------
Dispersion Parameters:
    Functional Form = 
	E(disp)_ij = sum_(n=6,8,10,12){A*fdamp_n*(Cij_n/r_ij^n)}
               C6              C8             C10             C12       
CM           5.544423       23.289281      120.277772      510.393921
HT2          1.498389        6.488268       33.240608        0.000000
CT2          4.847096       18.798288       63.256519      202.859856
HM           1.512843        6.550977       33.561806      144.894964
Fitted Atomtypes 
               A        
CM(0)        1.000000
               A        
HT2(0)        1.000000
               A        
CT2(0)        1.000000
               A        
HM(0)        1.000000
Constrained Atomtypes 
  None
------------
Dispersion RMS Error: 4.38092e-04
Dispersion Weighted RMS Error: 4.38092e-04
Dispersion Weighted Absolute Error: 2.96234e-05
Dispersion Weighted Least-Squares Error: 1.33443e-04
--------------------------------------------
Total Energy:
------------
Total Energy RMS Error: 4.97641e-04
Total Energy Weighted RMS Error: 4.97641e-04
Total Energy Weighted Absolute Error: 6.68271e-05
Total Energy Weighted Least-Squares Error: 8.96939e-05
--------------------------------------------
#########################################################################


