########################## FF Fitting Summary ###########################
--------------------------------------------
Program Version: 1.1.0
Short-range Functional Form: born-mayer
Combination Rules: aij = geometric
                   bij = geometric_mean
Electrostatic Damping Type: None
Thole Param: 0.39
Fitting weight: eff_mu = 0.0 Ha
                eff_kt = 0.0034 Ha
Weighted RMSE cutoff: 0.0 Ha
Anisotropic Atomtypes: None
All parameters have been radially corrected to account for Slater overlap
This radial correction is approximate, and is only rigorous for the case where bi = bj.
------------
Exponents:
CM(0)      1.752710
HT2(0)     2.169519
CT2(0)     2.261214
HM(0)      2.763795
------------
Monomer 1 Multipole File:
ethane_ISA-GRID_L0.mom
Monomer 2 Multipole File:
ethene_ISA-GRID_L0.mom
--------------------------------------------
Exchange Parameters:
    Functional Form = 
	E(exch)_ij = A*K2(rij)*(1 + a_yml*Y_ml)*exp(-bij*rij)
    where the a coefficient for each spherical harmonic term Y_ml
    is listed in the parameters below and 
	K2(rij) = 1/3*(bij*rij)**2 + bij*rij + 1 
Fitted Atomtypes 
  None
Constrained Atomtypes 
               A        
CM(0)        1.840351
               A        
HT2(0)        0.588406
               A        
CT2(0)        3.214042
               A        
HM(0)        0.965378
------------
Exchange RMS Error: 6.97094e-04
Exchange Weighted RMS Error: 6.97094e-04
Exchange Weighted Absolute Error: 3.55782e-05
Exchange Weighted Least-Squares Error: 1.13588e-05
--------------------------------------------
Electrostatic Parameters:
    Functional Form = 
	E(elst)_ij = f_damp*qi*qj/rij - A*K2(rij)*(1 + a_yml*Y_ml)*exp(-bij*rij)
Fitted Atomtypes 
  None
Constrained Atomtypes 
               A        
CM(0)        1.238051
               A        
HT2(0)        0.293685
               A        
CT2(0)        2.141939
               A        
HM(0)        0.297726
------------
Electrostatics RMS Error: 2.82531e-04
Electrostatics Weighted RMS Error: 2.82531e-04
Electrostatics Weighted Absolute Error: 1.54329e-05
Electrostatics Weighted Least-Squares Error: 6.29561e-05
--------------------------------------------
Drude oscillator energy has been calculated using the following method: multipole-gradient
Induction Parameters:
    Functional Form = 
	E(ind)_ij = shell_charge - A*K2(rij)*(1 + a_yml*Y_ml)*exp(-bij*rij)
Fitted Atomtypes 
  None
Constrained Atomtypes 
               A        
CM(0)        0.302386
               A        
HT2(0)        0.114894
               A        
CT2(0)        0.276524
               A        
HM(0)        0.157297
------------
Induction RMS Error: 9.20370e-05
Induction Weighted RMS Error: 9.20370e-05
Induction Weighted Absolute Error: 1.13151e-05
Induction Weighted Least-Squares Error: 4.47555e-06
--------------------------------------------
DHF Parameters:
    Functional Form = 
	E(dhf)_ij = - A*K2(rij)*(1 + a_yml*Y_ml)*exp(-bij*rij)
Fitted Atomtypes 
  None
Constrained Atomtypes 
               A        
CM(0)        0.412724
               A        
HT2(0)        0.200320
               A        
CT2(0)        0.092303
               A        
HM(0)        0.353814
------------
Dhf RMS Error: 1.29066e-04
Dhf Weighted RMS Error: 1.29066e-04
Dhf Weighted Absolute Error: -3.66122e-06
Dhf Weighted Least-Squares Error: 1.00094e-05
--------------------------------------------
Dispersion Parameters:
    Functional Form = 
	E(disp)_ij = sum_(n=6,8,10,12){A*fdamp_n*(Cij_n/r_ij^n)}
               C6              C8             C10             C12       
CT2          4.847096       18.798288       63.256519      202.859856
HT2          1.498389        6.488268       33.240608        0.000000
CM           5.544423       23.289281      120.277772      510.393921
HM           1.512843        6.550977       33.561806      144.894964
Fitted Atomtypes 
  None
Constrained Atomtypes 
               A        
CM(0)        1.219983
               A        
HT2(0)        1.212991
               A        
CT2(0)        0.700000
               A        
HM(0)        0.700000
------------
Dispersion RMS Error: 1.97072e-04
Dispersion Weighted RMS Error: 1.97072e-04
Dispersion Weighted Absolute Error: -1.65358e-06
Dispersion Weighted Least-Squares Error: 3.39185e-05
--------------------------------------------
Total Energy:
------------
Total Energy RMS Error: 4.37054e-04
Total Energy Weighted RMS Error: 4.37054e-04
Total Energy Weighted Absolute Error: 5.70115e-05
Total Energy Weighted Least-Squares Error: 4.23975e-05
--------------------------------------------
#########################################################################


