########################## FF Fitting Summary ###########################
--------------------------------------------
Program Version: 1.1.0
Short-range Functional Form: born-mayer
Combination Rules: aij = geometric
                   bij = geometric_mean
Electrostatic Damping Type: None
Thole Param: 0.39
Fitting weight: eff_mu = 0.0 Ha
                eff_kt = 0.0034 Ha
Weighted RMSE cutoff: 0.0 Ha
Anisotropic Atomtypes: CM   HM   
All parameters have been radially corrected to account for Slater overlap
This radial correction is approximate, and is only rigorous for the case where bi = bj.
------------
Exponents:
CM(0)      1.817015
HT2(0)     2.169519
CT2(0)     2.261214
HM(0)      2.464510
------------
Monomer 1 Multipole File:
ethane_ISA-GRID_L2.mom
Monomer 2 Multipole File:
ethene_ISA-GRID_L2.mom
--------------------------------------------
Exchange Parameters:
    Functional Form = 
	E(exch)_ij = A*K2(rij)*(1 + a_yml*Y_ml)*exp(-bij*rij)
    where the a coefficient for each spherical harmonic term Y_ml
    is listed in the parameters below and 
	K2(rij) = 1/3*(bij*rij)**2 + bij*rij + 1 
Fitted Atomtypes 
  None
Constrained Atomtypes 
               A             a_y22c     
CM(0)        1.904279       -0.256017
               A        
HT2(0)        0.588406
               A        
CT2(0)        3.214042
               A             a_y10           a_y20      
HM(0)        0.476418       -1.000000       -0.417119
------------
Exchange RMS Error: 6.13562e-04
Exchange Weighted RMS Error: 6.13562e-04
Exchange Weighted Absolute Error: 2.24207e-05
Exchange Weighted Least-Squares Error: 7.39845e-06
--------------------------------------------
Electrostatic Parameters:
    Functional Form = 
	E(elst)_ij = f_damp*qi*qj/rij - A*K2(rij)*(1 + a_yml*Y_ml)*exp(-bij*rij)
Fitted Atomtypes 
  None
Constrained Atomtypes 
               A             a_y22c     
CM(0)        1.382331       -0.108491
               A        
HT2(0)        0.290517
               A        
CT2(0)        2.165359
               A             a_y10           a_y20      
HM(0)        0.144313       -1.000000       -0.079034
------------
Electrostatics RMS Error: 2.15941e-04
Electrostatics Weighted RMS Error: 2.15941e-04
Electrostatics Weighted Absolute Error: 1.36620e-05
Electrostatics Weighted Least-Squares Error: 3.93652e-05
--------------------------------------------
Drude oscillator energy has been calculated using the following method: multipole-gradient
Induction Parameters:
    Functional Form = 
	E(ind)_ij = shell_charge - A*K2(rij)*(1 + a_yml*Y_ml)*exp(-bij*rij)
Fitted Atomtypes 
  None
Constrained Atomtypes 
               A             a_y22c     
CM(0)        0.288313       -0.132971
               A        
HT2(0)        0.110461
               A        
CT2(0)        0.292341
               A             a_y10           a_y20      
HM(0)        0.217522        1.000000        1.000000
------------
Induction RMS Error: 8.96179e-05
Induction Weighted RMS Error: 8.96179e-05
Induction Weighted Absolute Error: 1.44377e-05
Induction Weighted Least-Squares Error: 4.25378e-06
--------------------------------------------
DHF Parameters:
    Functional Form = 
	E(dhf)_ij = - A*K2(rij)*(1 + a_yml*Y_ml)*exp(-bij*rij)
Fitted Atomtypes 
  None
Constrained Atomtypes 
               A             a_y22c     
CM(0)        0.313912       -0.661845
               A        
HT2(0)        0.200338
               A        
CT2(0)        0.090473
               A             a_y10           a_y20      
HM(0)        0.300844       -0.014513       -0.028372
------------
Dhf RMS Error: 1.20266e-04
Dhf Weighted RMS Error: 1.20266e-04
Dhf Weighted Absolute Error: -1.44398e-06
Dhf Weighted Least-Squares Error: 8.58968e-06
--------------------------------------------
Dispersion Parameters:
    Functional Form = 
	E(disp)_ij = sum_(n=6,8,10,12){A*fdamp_n*(Cij_n/r_ij^n)}
               C6              C8             C10             C12       
CT2          4.847096       18.798288       63.256519      202.859856
HT2          1.498389        6.488268       33.240608        0.000000
CM           5.544423       23.289281      120.277772      510.393921
HM           1.512843        6.550977       33.561806      144.894964
Fitted Atomtypes 
  None
Constrained Atomtypes 
               A             a_y22c     
CM(0)        1.120846       -0.067490
               A        
HT2(0)        1.212991
               A        
CT2(0)        0.700000
               A             a_y10           a_y20      
HM(0)        0.939274        0.413006        0.260903
------------
Dispersion RMS Error: 1.05174e-04
Dispersion Weighted RMS Error: 1.05174e-04
Dispersion Weighted Absolute Error: -1.49014e-05
Dispersion Weighted Least-Squares Error: 9.59822e-06
--------------------------------------------
Total Energy:
------------
Total Energy RMS Error: 4.19832e-04
Total Energy Weighted RMS Error: 4.19832e-04
Total Energy Weighted Absolute Error: 3.41751e-05
Total Energy Weighted Least-Squares Error: 3.35636e-05
--------------------------------------------
#########################################################################


