########################## FF Fitting Summary ###########################
--------------------------------------------
Program Version: 1.1.0
Short-range Functional Form: born-mayer
Combination Rules: aij = geometric
                   bij = geometric_mean
Electrostatic Damping Type: None
Thole Param: 0.39
Fitting weight: eff_mu = 0.0 Ha
                eff_kt = 0.0085 Ha
Weighted RMSE cutoff: 0.0 Ha
Anisotropic Atomtypes: CM   HM   
All parameters have been radially corrected to account for Slater overlap
This radial correction is approximate, and is only rigorous for the case where bi = bj.
------------
Exponents (Optimized):
CM(0)      1.881081
HT2(0)     2.041680
CT2(0)     2.296316
HM(0)      2.598510
------------
Monomer 1 Multipole File:
ethane_ISA-GRID_L2.mom
Monomer 2 Multipole File:
ethene_ISA-GRID_L2.mom
--------------------------------------------
Exchange Parameters:
    Functional Form = 
	E(exch)_ij = A*K2(rij)*(1 + a_yml*Y_ml)*exp(-bij*rij)
    where the a coefficient for each spherical harmonic term Y_ml
    is listed in the parameters below and 
	K2(rij) = 1/3*(bij*rij)**2 + bij*rij + 1 
Fitted Atomtypes 
               A        
HT2(0)        0.386504
               A        
CT2(0)        3.029664
               A             a_y22c     
CM(0)        2.712128       -0.258366
               A             a_y10           a_y20      
HM(0)        0.698143       -1.000000       -0.460015
Constrained Atomtypes 
  None
------------
Exchange RMS Error: 5.41943e-04
Exchange Weighted RMS Error: 5.41943e-04
Exchange Weighted Absolute Error: -9.69591e-07
Exchange Weighted Least-Squares Error: 2.79756e-05
--------------------------------------------
Electrostatic Parameters:
    Functional Form = 
	E(elst)_ij = f_damp*qi*qj/rij - A*K2(rij)*(1 + a_yml*Y_ml)*exp(-bij*rij)
Fitted Atomtypes 
               A        
HT2(0)        0.169092
               A        
CT2(0)        1.732531
               A             a_y22c     
CM(0)        2.073468       -0.166621
               A             a_y10           a_y20      
HM(0)        0.305206       -1.000000       -0.374586
Constrained Atomtypes 
  None
------------
Electrostatics RMS Error: 1.94581e-04
Electrostatics Weighted RMS Error: 1.94581e-04
Electrostatics Weighted Absolute Error: 1.94799e-05
Electrostatics Weighted Least-Squares Error: 2.58890e-05
--------------------------------------------
Drude oscillator energy has been calculated using the following method: multipole-gradient
Induction Parameters:
    Functional Form = 
	E(ind)_ij = shell_charge - A*K2(rij)*(1 + a_yml*Y_ml)*exp(-bij*rij)
Fitted Atomtypes 
               A        
HT2(0)        0.163282
               A        
CT2(0)        1.257649
               A             a_y22c     
CM(0)        0.018924       -1.000000
               A             a_y10           a_y20      
HM(0)        0.238946        1.000000        0.576068
Constrained Atomtypes 
  None
------------
Induction RMS Error: 6.00757e-05
Induction Weighted RMS Error: 6.00757e-05
Induction Weighted Absolute Error: 7.26175e-06
Induction Weighted Least-Squares Error: 1.85393e-06
--------------------------------------------
DHF Parameters:
    Functional Form = 
	E(dhf)_ij = - A*K2(rij)*(1 + a_yml*Y_ml)*exp(-bij*rij)
Fitted Atomtypes 
               A        
HT2(0)        0.217281
               A        
CT2(0)        0.000000
               A             a_y22c     
CM(0)        0.471046       -0.403149
               A             a_y10           a_y20      
HM(0)        0.118635       -1.000000        0.133563
Constrained Atomtypes 
  None
------------
Dhf RMS Error: 6.47753e-05
Dhf Weighted RMS Error: 6.47753e-05
Dhf Weighted Absolute Error: 6.86164e-06
Dhf Weighted Least-Squares Error: 2.25357e-06
--------------------------------------------
Dispersion Parameters:
    Functional Form = 
	E(disp)_ij = sum_(n=6,8,10,12){A*fdamp_n*(Cij_n/r_ij^n)}
               C6              C8             C10             C12       
CM           5.544423       23.289281      120.277772      510.393921
HT2          1.498389        6.488268       33.240608        0.000000
CT2          4.847096       18.798288       63.256519      202.859856
HM           1.512843        6.550977       33.561806      144.894964
Fitted Atomtypes 
               A        
HT2(0)        1.300000
               A        
CT2(0)        0.700000
               A             a_y22c     
CM(0)        1.041695       -0.068789
               A             a_y10           a_y20      
HM(0)        0.984947        0.484840        0.296400
Constrained Atomtypes 
  None
------------
Dispersion RMS Error: 8.42631e-05
Dispersion Weighted RMS Error: 8.42631e-05
Dispersion Weighted Absolute Error: 3.19081e-06
Dispersion Weighted Least-Squares Error: 4.91131e-06
--------------------------------------------
Total Energy:
------------
Total Energy RMS Error: 3.67043e-04
Total Energy Weighted RMS Error: 3.67043e-04
Total Energy Weighted Absolute Error: 3.58245e-05
Total Energy Weighted Least-Squares Error: 4.16915e-05
--------------------------------------------
#########################################################################


