########################## FF Fitting Summary ###########################
--------------------------------------------
Program Version: 1.1.0
Short-range Functional Form: born-mayer
Combination Rules: aij = geometric
                   bij = geometric_mean
Electrostatic Damping Type: None
Thole Param: 0.39
Fitting weight: eff_mu = 0.0 Ha
                eff_kt = 0.0054 Ha
Weighted RMSE cutoff: 0.0 Ha
Anisotropic Atomtypes: HN1  N1   
All parameters have been radially corrected to account for Slater overlap
This radial correction is approximate, and is only rigorous for the case where bi = bj.
------------
Exponents (Optimized):
HN1(0)     2.321399
N1(0)      1.969250
Ar(0)      2.202491
CN(0)      2.078609
HT9(0)     2.208022
------------
Monomer 1 Multipole File:
ar_ISA-GRID_L2.mom
Monomer 2 Multipole File:
methyl_amine_ISA-GRID_L2.mom
--------------------------------------------
Exchange Parameters:
    Functional Form = 
	E(exch)_ij = A*K2(rij)*(1 + a_yml*Y_ml)*exp(-bij*rij)
    where the a coefficient for each spherical harmonic term Y_ml
    is listed in the parameters below and 
	K2(rij) = 1/3*(bij*rij)**2 + bij*rij + 1 
Fitted Atomtypes 
               A        
Ar(0)        4.217993
               A        
CN(0)        3.226453
               A        
HT9(0)        0.922570
               A             a_y10           a_y20      
HN1(0)        0.525151       -1.000000       -0.605110
               A             a_y10           a_y20           a_y22c     
N1(0)        3.177249       -0.138871        0.777996        0.117358
Constrained Atomtypes 
  None
------------
Exchange RMS Error: 5.95363e-04
Exchange Weighted RMS Error: 1.30453e-04
Exchange Weighted Absolute Error: 5.09149e-06
Exchange Weighted Least-Squares Error: 1.72943e-05
--------------------------------------------
Electrostatic Parameters:
    Functional Form = 
	E(elst)_ij = f_damp*qi*qj/rij - A*K2(rij)*(1 + a_yml*Y_ml)*exp(-bij*rij)
Fitted Atomtypes 
               A        
Ar(0)        2.197125
               A        
CN(0)        2.211527
               A        
HT9(0)        0.557183
               A             a_y10           a_y20      
HN1(0)        0.244021       -1.000000       -0.691484
               A             a_y10           a_y20           a_y22c     
N1(0)        2.664427       -0.077798        0.697272        0.017739
Constrained Atomtypes 
  None
------------
Electrostatics RMS Error: 2.61136e-04
Electrostatics Weighted RMS Error: 6.99283e-05
Electrostatics Weighted Absolute Error: 9.49102e-06
Electrostatics Weighted Least-Squares Error: 5.20596e-05
--------------------------------------------
Drude oscillator energy has been calculated using the following method: multipole-gradient
Induction Parameters:
    Functional Form = 
	E(ind)_ij = shell_charge - A*K2(rij)*(1 + a_yml*Y_ml)*exp(-bij*rij)
Fitted Atomtypes 
               A        
Ar(0)        0.237225
               A        
CN(0)        1.197914
               A        
HT9(0)        0.414363
               A             a_y10           a_y20      
HN1(0)        1.077317        1.000000        0.680643
               A             a_y10           a_y20           a_y22c     
N1(0)        0.914053        0.282923        0.209917       -0.459081
Constrained Atomtypes 
  None
------------
Induction RMS Error: 5.10137e-05
Induction Weighted RMS Error: 1.41244e-05
Induction Weighted Absolute Error: 4.68266e-06
Induction Weighted Least-Squares Error: 1.38698e-06
--------------------------------------------
DHF Parameters:
    Functional Form = 
	E(dhf)_ij = - A*K2(rij)*(1 + a_yml*Y_ml)*exp(-bij*rij)
Fitted Atomtypes 
               A        
Ar(0)        0.224236
               A        
CN(0)        0.000000
               A        
HT9(0)        1.214628
               A             a_y10           a_y20      
HN1(0)        0.651535       -1.000000       -0.139643
               A             a_y10           a_y20           a_y22c     
N1(0)        2.231885       -0.417828        0.273031        0.045065
Constrained Atomtypes 
  None
------------
Dhf RMS Error: 4.11057e-05
Dhf Weighted RMS Error: 1.01713e-05
Dhf Weighted Absolute Error: 7.78358e-07
Dhf Weighted Least-Squares Error: 9.06371e-07
--------------------------------------------
Dispersion Parameters:
    Functional Form = 
	E(disp)_ij = sum_(n=6,8,10,12){A*fdamp_n*(Cij_n/r_ij^n)}
               C6              C8             C10             C12       
HN1          1.306964        4.117935       31.050725        0.000000
N1           4.878202       25.576829      142.574149      704.112767
Ar           8.426582       39.451011      194.132705      842.434187
CN           4.966795       19.262513       64.818644      207.869495
HT9          1.535392        6.648497       34.061487        0.000000
Fitted Atomtypes 
               A        
Ar(0)        1.000000
               A        
CN(0)        1.000000
               A        
HT9(0)        1.000000
               A             a_y10           a_y20      
HN1(0)        1.000000        0.181928        0.156205
               A             a_y10           a_y20           a_y22c     
N1(0)        1.000000       -0.091158        0.207585        0.057270
Constrained Atomtypes 
  None
------------
Dispersion RMS Error: 6.70271e-05
Dispersion Weighted RMS Error: 3.22854e-05
Dispersion Weighted Absolute Error: -4.65328e-06
Dispersion Weighted Least-Squares Error: 3.22770e-06
--------------------------------------------
Total Energy:
------------
Total Energy RMS Error: 3.77451e-04
Total Energy Weighted RMS Error: 6.58972e-05
Total Energy Weighted Absolute Error: 1.53902e-05
Total Energy Weighted Least-Squares Error: 3.19549e-05
--------------------------------------------
#########################################################################


