########################## FF Fitting Summary ###########################
--------------------------------------------
Program Version: 1.1.0
Short-range Functional Form: born-mayer
Combination Rules: aij = geometric
                   bij = geometric_mean
Electrostatic Damping Type: None
Thole Param: 0.39
Fitting weight: eff_mu = 0.0 Ha
                eff_kt = 0.0054 Ha
Weighted RMSE cutoff: 0.0 Ha
Anisotropic Atomtypes: None
All parameters have been radially corrected to account for Slater overlap
This radial correction is approximate, and is only rigorous for the case where bi = bj.
------------
Exponents (Optimized):
HN1(0)     2.349029
N1(0)      1.947926
Ar(0)      2.189328
CN(0)      2.078026
HT9(0)     2.183062
------------
Monomer 1 Multipole File:
ar_ISA-GRID_L2.mom
Monomer 2 Multipole File:
methyl_amine_ISA-GRID_L2.mom
--------------------------------------------
Exchange Parameters:
    Functional Form = 
	E(exch)_ij = A*K2(rij)*(1 + a_yml*Y_ml)*exp(-bij*rij)
    where the a coefficient for each spherical harmonic term Y_ml
    is listed in the parameters below and 
	K2(rij) = 1/3*(bij*rij)**2 + bij*rij + 1 
Fitted Atomtypes 
               A        
HN1(0)        0.465368
               A        
N1(0)        3.834750
               A        
Ar(0)        4.530153
               A        
CN(0)        2.549560
               A        
HT9(0)        0.783546
Constrained Atomtypes 
  None
------------
Exchange RMS Error: 9.25591e-04
Exchange Weighted RMS Error: 2.02004e-04
Exchange Weighted Absolute Error: 7.22990e-06
Exchange Weighted Least-Squares Error: 4.46085e-05
--------------------------------------------
Electrostatic Parameters:
    Functional Form = 
	E(elst)_ij = f_damp*qi*qj/rij - A*K2(rij)*(1 + a_yml*Y_ml)*exp(-bij*rij)
Fitted Atomtypes 
               A        
HN1(0)        0.126913
               A        
N1(0)        3.399679
               A        
Ar(0)        2.167367
               A        
CN(0)        1.474329
               A        
HT9(0)        0.544297
Constrained Atomtypes 
  None
------------
Electrostatics RMS Error: 4.49139e-04
Electrostatics Weighted RMS Error: 9.56124e-05
Electrostatics Weighted Absolute Error: 6.83163e-06
Electrostatics Weighted Least-Squares Error: 1.61449e-04
--------------------------------------------
Drude oscillator energy has been calculated using the following method: multipole-gradient
Induction Parameters:
    Functional Form = 
	E(ind)_ij = shell_charge - A*K2(rij)*(1 + a_yml*Y_ml)*exp(-bij*rij)
Fitted Atomtypes 
               A        
HN1(0)        0.634348
               A        
N1(0)        1.171449
               A        
Ar(0)        0.195708
               A        
CN(0)        1.302364
               A        
HT9(0)        0.475806
Constrained Atomtypes 
  None
------------
Induction RMS Error: 5.37532e-05
Induction Weighted RMS Error: 1.56414e-05
Induction Weighted Absolute Error: 4.81815e-06
Induction Weighted Least-Squares Error: 1.54089e-06
--------------------------------------------
DHF Parameters:
    Functional Form = 
	E(dhf)_ij = - A*K2(rij)*(1 + a_yml*Y_ml)*exp(-bij*rij)
Fitted Atomtypes 
               A        
HN1(0)        0.716286
               A        
N1(0)        2.382798
               A        
Ar(0)        0.256657
               A        
CN(0)        0.000000
               A        
HT9(0)        0.949615
Constrained Atomtypes 
  None
------------
Dhf RMS Error: 5.12634e-05
Dhf Weighted RMS Error: 1.20144e-05
Dhf Weighted Absolute Error: -1.07122e-06
Dhf Weighted Least-Squares Error: 1.41700e-06
--------------------------------------------
Dispersion Parameters:
    Functional Form = 
	E(disp)_ij = sum_(n=6,8,10,12){A*fdamp_n*(Cij_n/r_ij^n)}
               C6              C8             C10             C12       
HN1          1.306964        4.117935       31.050725        0.000000
N1           4.878202       25.576829      142.574149      704.112767
Ar           8.426582       39.451011      194.132705      842.434187
CN           4.966795       19.262513       64.818644      207.869495
HT9          1.535392        6.648497       34.061487        0.000000
Fitted Atomtypes 
               A        
HN1(0)        1.000000
               A        
N1(0)        1.000000
               A        
Ar(0)        1.000000
               A        
CN(0)        1.000000
               A        
HT9(0)        1.000000
Constrained Atomtypes 
  None
------------
Dispersion RMS Error: 1.93152e-04
Dispersion Weighted RMS Error: 8.09830e-05
Dispersion Weighted Absolute Error: -4.56623e-06
Dispersion Weighted Least-Squares Error: 2.66385e-05
--------------------------------------------
Total Energy:
------------
Total Energy RMS Error: 4.03707e-04
Total Energy Weighted RMS Error: 1.02583e-04
Total Energy Weighted Absolute Error: 1.32422e-05
Total Energy Weighted Least-Squares Error: 4.17851e-05
--------------------------------------------
#########################################################################


