########################## FF Fitting Summary ###########################
--------------------------------------------
Program Version: 1.1.0
Short-range Functional Form: born-mayer
Combination Rules: aij = geometric
                   bij = geometric_mean
Electrostatic Damping Type: None
Thole Param: 0.39
Fitting weight: eff_mu = 0.0 Ha
                eff_kt = 0.0021 Ha
Weighted RMSE cutoff: 0.0 Ha
Anisotropic Atomtypes: None
All parameters have been radially corrected to account for Slater overlap
This radial correction is approximate, and is only rigorous for the case where bi = bj.
------------
Exponents:
HN1(0)     2.654498
N1(0)      1.930449
Ar(0)      2.220941
CN(0)      2.450399
HT9(0)     2.048156
------------
Monomer 1 Multipole File:
ar_ISA-GRID_L2.mom
Monomer 2 Multipole File:
methyl_amine_ISA-GRID_L2.mom
--------------------------------------------
Exchange Parameters:
    Functional Form = 
	E(exch)_ij = A*K2(rij)*(1 + a_yml*Y_ml)*exp(-bij*rij)
    where the a coefficient for each spherical harmonic term Y_ml
    is listed in the parameters below and 
	K2(rij) = 1/3*(bij*rij)**2 + bij*rij + 1 
Fitted Atomtypes 
  None
Constrained Atomtypes 
               A        
HN1(0)        0.515439
               A        
N1(0)        2.663061
               A        
Ar(0)        6.842610
               A        
CN(0)        5.135521
               A        
HT9(0)        0.435917
------------
Exchange RMS Error: 9.63832e-04
Exchange Weighted RMS Error: 2.15417e-04
Exchange Weighted Absolute Error: 1.37390e-05
Exchange Weighted Least-Squares Error: 1.05076e-05
--------------------------------------------
Electrostatic Parameters:
    Functional Form = 
	E(elst)_ij = f_damp*qi*qj/rij - A*K2(rij)*(1 + a_yml*Y_ml)*exp(-bij*rij)
Fitted Atomtypes 
  None
Constrained Atomtypes 
               A        
HN1(0)        0.112216
               A        
N1(0)        1.856790
               A        
Ar(0)        3.951206
               A        
CN(0)        3.482835
               A        
HT9(0)        0.209074
------------
Electrostatics RMS Error: 4.60929e-04
Electrostatics Weighted RMS Error: 9.49248e-05
Electrostatics Weighted Absolute Error: -5.27796e-06
Electrostatics Weighted Least-Squares Error: 1.98094e-04
--------------------------------------------
Drude oscillator energy has been calculated using the following method: multipole-gradient
Induction Parameters:
    Functional Form = 
	E(ind)_ij = shell_charge - A*K2(rij)*(1 + a_yml*Y_ml)*exp(-bij*rij)
Fitted Atomtypes 
  None
Constrained Atomtypes 
               A        
HN1(0)        0.271505
               A        
N1(0)        0.085372
               A        
Ar(0)        0.890557
               A        
CN(0)        1.036693
               A        
HT9(0)        0.059529
------------
Induction RMS Error: 7.13578e-05
Induction Weighted RMS Error: 1.10433e-05
Induction Weighted Absolute Error: -1.10365e-06
Induction Weighted Least-Squares Error: 3.27146e-06
--------------------------------------------
DHF Parameters:
    Functional Form = 
	E(dhf)_ij = - A*K2(rij)*(1 + a_yml*Y_ml)*exp(-bij*rij)
Fitted Atomtypes 
  None
Constrained Atomtypes 
               A        
HN1(0)        0.178350
               A        
N1(0)        0.562949
               A        
Ar(0)        1.374643
               A        
CN(0)        0.000000
               A        
HT9(0)        0.165903
------------
Dhf RMS Error: 7.08250e-05
Dhf Weighted RMS Error: 1.67405e-05
Dhf Weighted Absolute Error: 1.80658e-06
Dhf Weighted Least-Squares Error: 3.13613e-06
--------------------------------------------
Dispersion Parameters:
    Functional Form = 
	E(disp)_ij = sum_(n=6,8,10,12){A*fdamp_n*(Cij_n/r_ij^n)}
               C6              C8             C10             C12       
HN1          1.306964        4.117935       31.050725        0.000000
N1           4.878202       25.576829      142.574149      704.112767
Ar           8.426582       39.451011      194.132705      842.434187
CN           4.966795       19.262513       64.818644      207.869495
HT9          1.535392        6.648497       34.061487        0.000000
Fitted Atomtypes 
  None
Constrained Atomtypes 
               A        
HN1(0)        1.000000
               A        
N1(0)        1.000000
               A        
Ar(0)        1.000000
               A        
CN(0)        1.000000
               A        
HT9(0)        1.000000
------------
Dispersion RMS Error: 2.50426e-04
Dispersion Weighted RMS Error: 1.00432e-04
Dispersion Weighted Absolute Error: 7.40060e-06
Dispersion Weighted Least-Squares Error: 5.56596e-05
--------------------------------------------
Total Energy:
------------
Total Energy RMS Error: 4.82878e-04
Total Energy Weighted RMS Error: 1.41227e-04
Total Energy Weighted Absolute Error: 1.65646e-05
Total Energy Weighted Least-Squares Error: 3.47660e-05
--------------------------------------------
#########################################################################


