########################## FF Fitting Summary ###########################
--------------------------------------------
Program Version: 1.1.0
Short-range Functional Form: born-mayer
Combination Rules: aij = geometric
                   bij = geometric_mean
Electrostatic Damping Type: None
Thole Param: 0.39
Fitting weight: eff_mu = 0.0 Ha
                eff_kt = 0.0157 Ha
Weighted RMSE cutoff: 0.0 Ha
Anisotropic Atomtypes: OC   OH1  HO1  
All parameters have been radially corrected to account for Slater overlap
This radial correction is approximate, and is only rigorous for the case where bi = bj.
------------
Exponents:
CO2(0)     1.934374
CT1(0)     1.819913
OC(0)      2.200783
C=O(0)     2.718321
HT1(0)     2.333336
HO1(0)     2.357647
OH1(0)     2.288306
HT8(0)     2.366434
------------
Monomer 1 Multipole File:
acetone_ISA-GRID_L2.mom
Monomer 2 Multipole File:
methanol_ISA-GRID_L2.mom
--------------------------------------------
Exchange Parameters:
    Functional Form = 
	E(exch)_ij = A*K2(rij)*(1 + a_yml*Y_ml)*exp(-bij*rij)
    where the a coefficient for each spherical harmonic term Y_ml
    is listed in the parameters below and 
	K2(rij) = 1/3*(bij*rij)**2 + bij*rij + 1 
Fitted Atomtypes 
  None
Constrained Atomtypes 
               A        
CO2(0)        1.725992
               A        
CT1(0)        1.756864
               A             a_y10           a_y20           a_y22c     
OC(0)        2.800441       -0.219521       -0.210109        0.120144
               A        
C=O(0)        4.914017
               A        
HT1(0)        0.633756
               A             a_y10           a_y20      
HO1(0)        0.551732       -0.011876       -0.296572
               A             a_y10           a_y20           a_y22c     
OH1(0)        2.206147       -0.791455       -0.105146       -0.699677
               A        
HT8(0)        0.737563
------------
Exchange RMS Error: 5.48189e-04
Exchange Weighted RMS Error: 2.27472e-04
Exchange Weighted Absolute Error: -1.04535e-05
Exchange Weighted Least-Squares Error: 5.30077e-05
--------------------------------------------
Electrostatic Parameters:
    Functional Form = 
	E(elst)_ij = f_damp*qi*qj/rij - A*K2(rij)*(1 + a_yml*Y_ml)*exp(-bij*rij)
Fitted Atomtypes 
  None
Constrained Atomtypes 
               A        
CO2(0)        1.018840
               A        
CT1(0)        1.128948
               A             a_y10           a_y20           a_y22c     
OC(0)        1.822973       -0.147986       -0.224111        0.165589
               A        
C=O(0)        2.345586
               A        
HT1(0)        0.286881
               A             a_y10           a_y20      
HO1(0)        0.290235        0.328802       -0.172728
               A             a_y10           a_y20           a_y22c     
OH1(0)        1.521880       -0.626924       -0.099185       -0.682325
               A        
HT8(0)        0.379974
------------
Electrostatics RMS Error: 2.56973e-04
Electrostatics Weighted RMS Error: 1.24514e-04
Electrostatics Weighted Absolute Error: 8.29910e-06
Electrostatics Weighted Least-Squares Error: 3.83580e-05
--------------------------------------------
Drude oscillator energy has been calculated using the following method: multipole-gradient
Induction Parameters:
    Functional Form = 
	E(ind)_ij = shell_charge - A*K2(rij)*(1 + a_yml*Y_ml)*exp(-bij*rij)
Fitted Atomtypes 
  None
Constrained Atomtypes 
               A        
CO2(0)        0.213812
               A        
CT1(0)        0.089053
               A             a_y10           a_y20           a_y22c     
OC(0)        0.031023        0.043187        1.000000       -1.000000
               A        
C=O(0)        2.573742
               A        
HT1(0)        0.157247
               A             a_y10           a_y20      
HO1(0)        0.080170       -1.000000        1.000000
               A             a_y10           a_y20           a_y22c     
OH1(0)        0.377586        1.000000       -0.029897        0.768942
               A        
HT8(0)        0.120205
------------
Induction RMS Error: 1.33494e-04
Induction Weighted RMS Error: 6.63054e-05
Induction Weighted Absolute Error: -1.42692e-05
Induction Weighted Least-Squares Error: 8.76886e-06
--------------------------------------------
DHF Parameters:
    Functional Form = 
	E(dhf)_ij = - A*K2(rij)*(1 + a_yml*Y_ml)*exp(-bij*rij)
Fitted Atomtypes 
  None
Constrained Atomtypes 
               A        
CO2(0)        0.020859
               A        
CT1(0)        0.056525
               A             a_y10           a_y20           a_y22c     
OC(0)        0.542050       -1.000000       -0.656513       -0.199399
               A        
C=O(0)        0.882357
               A        
HT1(0)        0.244538
               A             a_y10           a_y20      
HO1(0)        0.105064       -0.500594        0.336370
               A             a_y10           a_y20           a_y22c     
OH1(0)        0.547807       -1.000000       -0.322905       -0.444504
               A        
HT8(0)        0.269480
------------
Dhf RMS Error: 7.14895e-05
Dhf Weighted RMS Error: 2.19581e-05
Dhf Weighted Absolute Error: 2.65883e-06
Dhf Weighted Least-Squares Error: 2.55394e-06
--------------------------------------------
Dispersion Parameters:
    Functional Form = 
	E(disp)_ij = sum_(n=6,8,10,12){A*fdamp_n*(Cij_n/r_ij^n)}
               C6              C8             C10             C12       
CO2          4.847096       18.798288       63.256519      202.859856
CT1          4.847096       18.798288       63.256519      202.859856
OC           4.783373       18.811595      100.656333      417.705964
C=O          3.661371       12.062782       78.048354      284.357981
HT1          1.498389        6.488268       33.240608        0.000000
HO1          1.275466        4.018693       30.302404        0.000000
OH1          3.819955       17.890308       89.856938      392.757676
HT8          1.498389        6.488268       33.240608        0.000000
Fitted Atomtypes 
  None
Constrained Atomtypes 
               A        
CO2(0)        1.000000
               A        
CT1(0)        1.000000
               A             a_y10           a_y20           a_y22c     
OC(0)        1.000000       -0.053237        0.106213        0.053638
               A        
C=O(0)        1.000000
               A        
HT1(0)        1.000000
               A             a_y10           a_y20      
HO1(0)        1.000000        0.484677        0.217595
               A             a_y10           a_y20           a_y22c     
OH1(0)        1.000000       -0.041451        0.078766       -0.004428
               A        
HT8(0)        1.000000
------------
Dispersion RMS Error: 1.93758e-04
Dispersion Weighted RMS Error: 1.07765e-04
Dispersion Weighted Absolute Error: -2.54732e-06
Dispersion Weighted Least-Squares Error: 2.19087e-05
--------------------------------------------
Total Energy:
------------
Total Energy RMS Error: 4.41909e-04
Total Energy Weighted RMS Error: 2.31902e-04
Total Energy Weighted Absolute Error: -1.63120e-05
Total Energy Weighted Least-Squares Error: 7.97853e-05
--------------------------------------------
#########################################################################


