########################## FF Fitting Summary ###########################
--------------------------------------------
Program Version: 1.1.0
Short-range Functional Form: born-mayer
Combination Rules: aij = geometric
                   bij = geometric_mean
Electrostatic Damping Type: None
Thole Param: 0.39
Fitting weight: eff_mu = 0.0 Ha
                eff_kt = 0.0157 Ha
Weighted RMSE cutoff: 0.0 Ha
Anisotropic Atomtypes: None
All parameters have been radially corrected to account for Slater overlap
This radial correction is approximate, and is only rigorous for the case where bi = bj.
------------
Exponents:
CO2(0)     2.055636
CT1(0)     1.894503
OC(0)      2.191569
C=O(0)     2.594692
HT1(0)     2.251128
HO1(0)     1.963706
OH1(0)     2.332931
HT8(0)     2.282453
------------
Monomer 1 Multipole File:
acetone_ISA-GRID_L0.mom
Monomer 2 Multipole File:
methanol_ISA-GRID_L0.mom
--------------------------------------------
Exchange Parameters:
    Functional Form = 
	E(exch)_ij = A*K2(rij)*(1 + a_yml*Y_ml)*exp(-bij*rij)
    where the a coefficient for each spherical harmonic term Y_ml
    is listed in the parameters below and 
	K2(rij) = 1/3*(bij*rij)**2 + bij*rij + 1 
Fitted Atomtypes 
  None
Constrained Atomtypes 
               A        
CO2(0)        1.875871
               A        
CT1(0)        1.974741
               A        
OC(0)        3.009979
               A        
C=O(0)        3.327676
               A        
HT1(0)        0.583943
               A        
HO1(0)        0.156397
               A        
OH1(0)        4.063486
               A        
HT8(0)        0.657359
------------
Exchange RMS Error: 9.33803e-04
Exchange Weighted RMS Error: 9.33803e-04
Exchange Weighted Absolute Error: -2.92004e-05
Exchange Weighted Least-Squares Error: 1.52945e-04
--------------------------------------------
Electrostatic Parameters:
    Functional Form = 
	E(elst)_ij = f_damp*qi*qj/rij - A*K2(rij)*(1 + a_yml*Y_ml)*exp(-bij*rij)
Fitted Atomtypes 
  None
Constrained Atomtypes 
               A        
CO2(0)        1.003465
               A        
CT1(0)        1.210243
               A        
OC(0)        1.910316
               A        
C=O(0)        1.609655
               A        
HT1(0)        0.278990
               A        
HO1(0)        0.051760
               A        
OH1(0)        2.587006
               A        
HT8(0)        0.357994
------------
Electrostatics RMS Error: 5.23339e-04
Electrostatics Weighted RMS Error: 5.23339e-04
Electrostatics Weighted Absolute Error: 8.92526e-06
Electrostatics Weighted Least-Squares Error: 1.51171e-04
--------------------------------------------
Drude oscillator energy has been calculated using the following method: multipole-gradient
Induction Parameters:
    Functional Form = 
	E(ind)_ij = shell_charge - A*K2(rij)*(1 + a_yml*Y_ml)*exp(-bij*rij)
Fitted Atomtypes 
  None
Constrained Atomtypes 
               A        
CO2(0)        0.352660
               A        
CT1(0)        0.058366
               A        
OC(0)        0.000000
               A        
C=O(0)        1.785540
               A        
HT1(0)        0.149943
               A        
HO1(0)        0.124678
               A        
OH1(0)        0.058639
               A        
HT8(0)        0.094641
------------
Induction RMS Error: 1.42664e-04
Induction Weighted RMS Error: 1.42664e-04
Induction Weighted Absolute Error: -8.90857e-06
Induction Weighted Least-Squares Error: 9.99152e-06
--------------------------------------------
DHF Parameters:
    Functional Form = 
	E(dhf)_ij = - A*K2(rij)*(1 + a_yml*Y_ml)*exp(-bij*rij)
Fitted Atomtypes 
  None
Constrained Atomtypes 
               A        
CO2(0)        0.000000
               A        
CT1(0)        0.044566
               A        
OC(0)        0.808786
               A        
C=O(0)        0.419490
               A        
HT1(0)        0.217354
               A        
HO1(0)        0.054417
               A        
OH1(0)        0.903905
               A        
HT8(0)        0.230270
------------
Dhf RMS Error: 9.52248e-05
Dhf Weighted RMS Error: 9.52248e-05
Dhf Weighted Absolute Error: 1.77846e-06
Dhf Weighted Least-Squares Error: 4.51172e-06
--------------------------------------------
Dispersion Parameters:
    Functional Form = 
	E(disp)_ij = sum_(n=6,8,10,12){A*fdamp_n*(Cij_n/r_ij^n)}
               C6              C8             C10             C12       
CO2          4.847096       18.798288       63.256519      202.859856
CT1          4.847096       18.798288       63.256519      202.859856
OC           4.783373       18.811595      100.656333      417.705964
C=O          3.661371       12.062782       78.048354      284.357981
HT1          1.498389        6.488268       33.240608        0.000000
HO1          1.275466        4.018693       30.302404        0.000000
OH1          3.819955       17.890308       89.856938      392.757676
HT8          1.498389        6.488268       33.240608        0.000000
Fitted Atomtypes 
  None
Constrained Atomtypes 
               A        
CO2(0)        1.000000
               A        
CT1(0)        1.000000
               A        
OC(0)        1.000000
               A        
C=O(0)        1.000000
               A        
HT1(0)        1.000000
               A        
HO1(0)        1.000000
               A        
OH1(0)        1.000000
               A        
HT8(0)        1.000000
------------
Dispersion RMS Error: 2.57366e-04
Dispersion Weighted RMS Error: 2.57366e-04
Dispersion Weighted Absolute Error: -1.46933e-05
Dispersion Weighted Least-Squares Error: 3.76262e-05
--------------------------------------------
Total Energy:
------------
Total Energy RMS Error: 7.98493e-04
Total Energy Weighted RMS Error: 7.98493e-04
Total Energy Weighted Absolute Error: -4.20987e-05
Total Energy Weighted Least-Squares Error: 2.53409e-04
--------------------------------------------
#########################################################################


