########################## FF Fitting Summary ###########################
--------------------------------------------
Program Version: 1.1.0
Short-range Functional Form: born-mayer
Combination Rules: aij = geometric
                   bij = geometric_mean
Electrostatic Damping Type: None
Thole Param: 0.39
Fitting weight: eff_mu = 0.0 Ha
                eff_kt = 0.0394 Ha
Weighted RMSE cutoff: 0.0 Ha
Anisotropic Atomtypes: None
All parameters have been radially corrected to account for Slater overlap
This radial correction is approximate, and is only rigorous for the case where bi = bj.
------------
Exponents (Optimized):
CO2(0)     1.850235
CT1(0)     2.056894
OC(0)      2.188356
C=O(0)     2.564442
HT1(0)     2.215714
HO1(0)     2.057032
OH1(0)     2.296611
HT8(0)     2.258577
------------
Monomer 1 Multipole File:
acetone_ISA-GRID_L0.mom
Monomer 2 Multipole File:
methanol_ISA-GRID_L0.mom
--------------------------------------------
Exchange Parameters:
    Functional Form = 
	E(exch)_ij = A*K2(rij)*(1 + a_yml*Y_ml)*exp(-bij*rij)
    where the a coefficient for each spherical harmonic term Y_ml
    is listed in the parameters below and 
	K2(rij) = 1/3*(bij*rij)**2 + bij*rij + 1 
Fitted Atomtypes 
               A        
CO2(0)        1.318014
               A        
CT1(0)        2.516279
               A        
OC(0)        2.662186
               A        
C=O(0)        2.760742
               A        
HT1(0)        0.474713
               A        
HO1(0)        0.229548
               A        
OH1(0)        4.171565
               A        
HT8(0)        0.727835
Constrained Atomtypes 
  None
------------
Exchange RMS Error: 8.75823e-04
Exchange Weighted RMS Error: 8.75823e-04
Exchange Weighted Absolute Error: -4.04760e-05
Exchange Weighted Least-Squares Error: 2.50581e-04
--------------------------------------------
Electrostatic Parameters:
    Functional Form = 
	E(elst)_ij = f_damp*qi*qj/rij - A*K2(rij)*(1 + a_yml*Y_ml)*exp(-bij*rij)
Fitted Atomtypes 
               A        
CO2(0)        0.993067
               A        
CT1(0)        1.520234
               A        
OC(0)        1.539079
               A        
C=O(0)        1.498431
               A        
HT1(0)        0.203155
               A        
HO1(0)        0.076188
               A        
OH1(0)        2.888148
               A        
HT8(0)        0.378048
Constrained Atomtypes 
  None
------------
Electrostatics RMS Error: 5.11407e-04
Electrostatics Weighted RMS Error: 5.11407e-04
Electrostatics Weighted Absolute Error: 1.21796e-05
Electrostatics Weighted Least-Squares Error: 1.32273e-04
--------------------------------------------
Drude oscillator energy has been calculated using the following method: multipole-gradient
Induction Parameters:
    Functional Form = 
	E(ind)_ij = shell_charge - A*K2(rij)*(1 + a_yml*Y_ml)*exp(-bij*rij)
Fitted Atomtypes 
               A        
CO2(0)        0.297390
               A        
CT1(0)        0.028632
               A        
OC(0)        0.000000
               A        
C=O(0)        0.362874
               A        
HT1(0)        0.028071
               A        
HO1(0)        0.629894
               A        
OH1(0)        0.325447
               A        
HT8(0)        0.626198
Constrained Atomtypes 
  None
------------
Induction RMS Error: 1.41629e-04
Induction Weighted RMS Error: 1.41629e-04
Induction Weighted Absolute Error: -1.03939e-05
Induction Weighted Least-Squares Error: 9.62678e-06
--------------------------------------------
DHF Parameters:
    Functional Form = 
	E(dhf)_ij = - A*K2(rij)*(1 + a_yml*Y_ml)*exp(-bij*rij)
Fitted Atomtypes 
               A        
CO2(0)        0.000000
               A        
CT1(0)        0.103551
               A        
OC(0)        0.630842
               A        
C=O(0)        0.421037
               A        
HT1(0)        0.155776
               A        
HO1(0)        0.079643
               A        
OH1(0)        1.080254
               A        
HT8(0)        0.282422
Constrained Atomtypes 
  None
------------
Dhf RMS Error: 9.36855e-05
Dhf Weighted RMS Error: 9.36855e-05
Dhf Weighted Absolute Error: 3.97052e-06
Dhf Weighted Least-Squares Error: 4.23688e-06
--------------------------------------------
Dispersion Parameters:
    Functional Form = 
	E(disp)_ij = sum_(n=6,8,10,12){A*fdamp_n*(Cij_n/r_ij^n)}
               C6              C8             C10             C12       
CO2          4.847096       18.798288       63.256519      202.859856
CT1          4.847096       18.798288       63.256519      202.859856
OC           4.783373       18.811595      100.656333      417.705964
C=O          3.661371       12.062782       78.048354      284.357981
HT1          1.498389        6.488268       33.240608        0.000000
HO1          1.275466        4.018693       30.302404        0.000000
OH1          3.819955       17.890308       89.856938      392.757676
HT8          1.498389        6.488268       33.240608        0.000000
Fitted Atomtypes 
               A        
CO2(0)        0.700000
               A        
CT1(0)        0.968210
               A        
OC(0)        1.225253
               A        
C=O(0)        0.700000
               A        
HT1(0)        1.179225
               A        
HO1(0)        0.749855
               A        
OH1(0)        1.065701
               A        
HT8(0)        1.007606
Constrained Atomtypes 
  None
------------
Dispersion RMS Error: 1.04090e-04
Dispersion Weighted RMS Error: 1.04090e-04
Dispersion Weighted Absolute Error: -2.17810e-06
Dispersion Weighted Least-Squares Error: 5.58275e-06
--------------------------------------------
Total Energy:
------------
Total Energy RMS Error: 7.25166e-04
Total Energy Weighted RMS Error: 7.25166e-04
Total Energy Weighted Absolute Error: -3.68980e-05
Total Energy Weighted Least-Squares Error: 2.30944e-04
--------------------------------------------
#########################################################################


