########################## FF Fitting Summary ###########################
--------------------------------------------
Program Version: 1.1.0
Short-range Functional Form: born-mayer
Combination Rules: aij = geometric
                   bij = geometric_mean
Electrostatic Damping Type: None
Thole Param: 0.39
Fitting weight: eff_mu = 0.0 Ha
                eff_kt = 0.0394 Ha
Weighted RMSE cutoff: 0.0 Ha
Anisotropic Atomtypes: OC   OH1  HO1  
All parameters have been radially corrected to account for Slater overlap
This radial correction is approximate, and is only rigorous for the case where bi = bj.
------------
Exponents (Optimized):
CO2(0)     1.907665
CT1(0)     2.047701
OC(0)      2.216637
C=O(0)     2.766381
HT1(0)     2.256501
HO1(0)     2.354232
OH1(0)     2.193440
HT8(0)     2.302129
------------
Monomer 1 Multipole File:
acetone_ISA-GRID_L2.mom
Monomer 2 Multipole File:
methanol_ISA-GRID_L2.mom
--------------------------------------------
Exchange Parameters:
    Functional Form = 
	E(exch)_ij = A*K2(rij)*(1 + a_yml*Y_ml)*exp(-bij*rij)
    where the a coefficient for each spherical harmonic term Y_ml
    is listed in the parameters below and 
	K2(rij) = 1/3*(bij*rij)**2 + bij*rij + 1 
Fitted Atomtypes 
               A        
C=O(0)        4.056484
               A        
CO2(0)        2.540516
               A        
CT1(0)        1.750317
               A        
HT1(0)        0.355008
               A        
HT8(0)        1.079132
               A             a_y10           a_y20           a_y22c     
OC(0)        1.603344       -0.501413       -0.411212        0.137044
               A             a_y10           a_y20           a_y22c     
OH1(0)        2.907606       -0.746003       -0.056451       -0.752098
               A             a_y10           a_y20      
HO1(0)        0.981450        0.163352       -0.098702
Constrained Atomtypes 
  None
------------
Exchange RMS Error: 4.83455e-04
Exchange Weighted RMS Error: 4.83455e-04
Exchange Weighted Absolute Error: -7.46802e-06
Exchange Weighted Least-Squares Error: 7.56530e-05
--------------------------------------------
Electrostatic Parameters:
    Functional Form = 
	E(elst)_ij = f_damp*qi*qj/rij - A*K2(rij)*(1 + a_yml*Y_ml)*exp(-bij*rij)
Fitted Atomtypes 
               A        
C=O(0)        2.026737
               A        
CO2(0)        1.388657
               A        
CT1(0)        1.305444
               A        
HT1(0)        0.176491
               A        
HT8(0)        0.477930
               A             a_y10           a_y20           a_y22c     
OC(0)        1.224532       -0.305402       -0.364980        0.143442
               A             a_y10           a_y20           a_y22c     
OH1(0)        2.021954       -0.369807       -0.029343       -0.558924
               A             a_y10           a_y20      
HO1(0)        0.470957        0.621738        0.162162
Constrained Atomtypes 
  None
------------
Electrostatics RMS Error: 2.38958e-04
Electrostatics Weighted RMS Error: 2.38958e-04
Electrostatics Weighted Absolute Error: 6.78824e-06
Electrostatics Weighted Least-Squares Error: 2.95572e-05
--------------------------------------------
Drude oscillator energy has been calculated using the following method: multipole-gradient
Induction Parameters:
    Functional Form = 
	E(ind)_ij = shell_charge - A*K2(rij)*(1 + a_yml*Y_ml)*exp(-bij*rij)
Fitted Atomtypes 
               A        
C=O(0)        0.084086
               A        
CO2(0)        1.662238
               A        
CT1(0)        0.009363
               A        
HT1(0)        0.005649
               A        
HT8(0)        3.133938
               A             a_y10           a_y20           a_y22c     
OC(0)        0.006671        1.000000       -0.174329       -1.000000
               A             a_y10           a_y20           a_y22c     
OH1(0)        5.691033        1.000000       -0.487696        0.707029
               A             a_y10           a_y20      
HO1(0)        1.827639       -1.000000        0.137589
Constrained Atomtypes 
  None
------------
Induction RMS Error: 1.28916e-04
Induction Weighted RMS Error: 1.28916e-04
Induction Weighted Absolute Error: -1.52924e-05
Induction Weighted Least-Squares Error: 7.98213e-06
--------------------------------------------
DHF Parameters:
    Functional Form = 
	E(dhf)_ij = - A*K2(rij)*(1 + a_yml*Y_ml)*exp(-bij*rij)
Fitted Atomtypes 
               A        
C=O(0)        0.380545
               A        
CO2(0)        0.000000
               A        
CT1(0)        0.039830
               A        
HT1(0)        0.071619
               A        
HT8(0)        0.737612
               A             a_y10           a_y20           a_y22c     
OC(0)        0.188902       -1.000000       -0.693408       -0.127028
               A             a_y10           a_y20           a_y22c     
OH1(0)        1.221216       -1.000000       -0.050985       -0.809339
               A             a_y10           a_y20      
HO1(0)        0.475888       -0.006848        0.236549
Constrained Atomtypes 
  None
------------
Dhf RMS Error: 6.35537e-05
Dhf Weighted RMS Error: 6.35537e-05
Dhf Weighted Absolute Error: 7.23736e-06
Dhf Weighted Least-Squares Error: 1.95177e-06
--------------------------------------------
Dispersion Parameters:
    Functional Form = 
	E(disp)_ij = sum_(n=6,8,10,12){A*fdamp_n*(Cij_n/r_ij^n)}
               C6              C8             C10             C12       
CO2          4.847096       18.798288       63.256519      202.859856
CT1          4.847096       18.798288       63.256519      202.859856
OC           4.783373       18.811595      100.656333      417.705964
C=O          3.661371       12.062782       78.048354      284.357981
HT1          1.498389        6.488268       33.240608        0.000000
HO1          1.275466        4.018693       30.302404        0.000000
OH1          3.819955       17.890308       89.856938      392.757676
HT8          1.498389        6.488268       33.240608        0.000000
Fitted Atomtypes 
               A        
C=O(0)        0.957349
               A        
CO2(0)        0.894142
               A        
CT1(0)        1.011609
               A        
HT1(0)        1.028902
               A        
HT8(0)        1.037666
               A             a_y10           a_y20           a_y22c     
OC(0)        0.746425       -0.793300       -0.356230       -0.002762
               A             a_y10           a_y20           a_y22c     
OH1(0)        0.966145       -0.286131        0.039552       -0.221252
               A             a_y10           a_y20      
HO1(0)        0.729945       -0.486606       -0.256110
Constrained Atomtypes 
  None
------------
Dispersion RMS Error: 5.98676e-05
Dispersion Weighted RMS Error: 5.98676e-05
Dispersion Weighted Absolute Error: -6.82860e-06
Dispersion Weighted Least-Squares Error: 1.83339e-06
--------------------------------------------
Total Energy:
------------
Total Energy RMS Error: 3.79839e-04
Total Energy Weighted RMS Error: 3.79839e-04
Total Energy Weighted Absolute Error: -1.55634e-05
Total Energy Weighted Least-Squares Error: 6.35684e-05
--------------------------------------------
#########################################################################


