########################## FF Fitting Summary ###########################
--------------------------------------------
Program Version: 1.1.0
Short-range Functional Form: born-mayer
Combination Rules: aij = geometric
                   bij = geometric_mean
Electrostatic Damping Type: None
Thole Param: 0.39
Fitting weight: eff_mu = 0.0 Ha
                eff_kt = 0.0014 Ha
Weighted RMSE cutoff: 0.0 Ha
Anisotropic Atomtypes: HN   N    
All parameters have been radially corrected to account for Slater overlap
This radial correction is approximate, and is only rigorous for the case where bi = bj.
------------
Exponents:
Ar(0)      2.220941
HN(0)      2.492792
N(0)       1.935779
------------
Monomer 1 Multipole File:
ar_ISA-GRID_L2.mom
Monomer 2 Multipole File:
nh3_ISA-GRID_L2.mom
--------------------------------------------
Exchange Parameters:
    Functional Form = 
	E(exch)_ij = A*K2(rij)*(1 + a_yml*Y_ml)*exp(-bij*rij)
    where the a coefficient for each spherical harmonic term Y_ml
    is listed in the parameters below and 
	K2(rij) = 1/3*(bij*rij)**2 + bij*rij + 1 
Fitted Atomtypes 
  None
Constrained Atomtypes 
               A        
Ar(0)        6.842610
               A             a_y10           a_y20      
HN(0)        0.608786        0.038133       -0.050896
               A             a_y10           a_y20      
N(0)         2.373201       -0.005339        0.434163
------------
Exchange RMS Error: 3.50574e-04
Exchange Weighted RMS Error: 1.09404e-04
Exchange Weighted Absolute Error: 7.05445e-06
Exchange Weighted Least-Squares Error: 2.73809e-06
--------------------------------------------
Electrostatic Parameters:
    Functional Form = 
	E(elst)_ij = f_damp*qi*qj/rij - A*K2(rij)*(1 + a_yml*Y_ml)*exp(-bij*rij)
Fitted Atomtypes 
  None
Constrained Atomtypes 
               A        
Ar(0)        3.951206
               A             a_y10           a_y20      
HN(0)        0.185500        0.624195        0.448310
               A             a_y10           a_y20      
N(0)         1.844774        0.120323        0.399345
------------
Electrostatics RMS Error: 2.30969e-04
Electrostatics Weighted RMS Error: 5.06270e-05
Electrostatics Weighted Absolute Error: 4.46500e-06
Electrostatics Weighted Least-Squares Error: 4.96798e-05
--------------------------------------------
Drude oscillator energy has been calculated using the following method: multipole-gradient
Induction Parameters:
    Functional Form = 
	E(ind)_ij = shell_charge - A*K2(rij)*(1 + a_yml*Y_ml)*exp(-bij*rij)
Fitted Atomtypes 
  None
Constrained Atomtypes 
               A        
Ar(0)        0.890557
               A             a_y10           a_y20      
HN(0)        0.338537        0.808333        0.445368
               A             a_y10           a_y20      
N(0)         0.000000        0.497121       -0.604139
------------
Induction RMS Error: 9.88509e-05
Induction Weighted RMS Error: 1.13702e-05
Induction Weighted Absolute Error: -5.87783e-06
Induction Weighted Least-Squares Error: 6.88692e-06
--------------------------------------------
DHF Parameters:
    Functional Form = 
	E(dhf)_ij = - A*K2(rij)*(1 + a_yml*Y_ml)*exp(-bij*rij)
Fitted Atomtypes 
  None
Constrained Atomtypes 
               A        
Ar(0)        1.374643
               A             a_y10           a_y20      
HN(0)        0.136424       -1.000000        0.004776
               A             a_y10           a_y20      
N(0)         0.434665       -0.308669        0.426519
------------
Dhf RMS Error: 7.45506e-05
Dhf Weighted RMS Error: 6.70024e-06
Dhf Weighted Absolute Error: 1.74058e-06
Dhf Weighted Least-Squares Error: 3.62355e-06
--------------------------------------------
Dispersion Parameters:
    Functional Form = 
	E(disp)_ij = sum_(n=6,8,10,12){A*fdamp_n*(Cij_n/r_ij^n)}
               C6              C8             C10             C12       
Ar           8.426582       39.451011      194.132705      842.434187
HN           1.306964        4.117935       31.050725        0.000000
N            4.878202       25.576829      142.574149      704.112767
Fitted Atomtypes 
  None
Constrained Atomtypes 
               A        
Ar(0)        1.000000
               A             a_y10           a_y20      
HN(0)        1.000000        0.291263        0.156676
               A             a_y10           a_y20      
N(0)         1.000000       -0.143468        0.247158
------------
Dispersion RMS Error: 6.94099e-05
Dispersion Weighted RMS Error: 4.19984e-05
Dispersion Weighted Absolute Error: -2.67877e-05
Dispersion Weighted Least-Squares Error: 4.08239e-06
--------------------------------------------
Total Energy:
------------
Total Energy RMS Error: 2.22888e-04
Total Energy Weighted RMS Error: 5.66896e-05
Total Energy Weighted Absolute Error: -1.94055e-05
Total Energy Weighted Least-Squares Error: 6.95286e-06
--------------------------------------------
#########################################################################


