########################## FF Fitting Summary ###########################
--------------------------------------------
Program Version: 1.1.0
Short-range Functional Form: born-mayer
Combination Rules: aij = geometric
                   bij = geometric_mean
Electrostatic Damping Type: None
Thole Param: 0.39
Fitting weight: eff_mu = 0.0 Ha
                eff_kt = 0.0035 Ha
Weighted RMSE cutoff: 0.0 Ha
Anisotropic Atomtypes: HN   N    
All parameters have been radially corrected to account for Slater overlap
This radial correction is approximate, and is only rigorous for the case where bi = bj.
------------
Exponents (Optimized):
Ar(0)      2.143368
HN(0)      2.477483
N(0)       1.890156
------------
Monomer 1 Multipole File:
ar_ISA-GRID_L2.mom
Monomer 2 Multipole File:
nh3_ISA-GRID_L2.mom
--------------------------------------------
Exchange Parameters:
    Functional Form = 
	E(exch)_ij = A*K2(rij)*(1 + a_yml*Y_ml)*exp(-bij*rij)
    where the a coefficient for each spherical harmonic term Y_ml
    is listed in the parameters below and 
	K2(rij) = 1/3*(bij*rij)**2 + bij*rij + 1 
Fitted Atomtypes 
               A        
Ar(0)        3.436803
               A             a_y10           a_y20      
HN(0)        2.011126        0.696287        0.216434
               A             a_y10           a_y20      
N(0)         2.684425       -0.054182        0.907932
Constrained Atomtypes 
  None
------------
Exchange RMS Error: 5.81646e-04
Exchange Weighted RMS Error: 5.81646e-04
Exchange Weighted Absolute Error: 6.53586e-07
Exchange Weighted Least-Squares Error: 2.22059e-06
--------------------------------------------
Electrostatic Parameters:
    Functional Form = 
	E(elst)_ij = f_damp*qi*qj/rij - A*K2(rij)*(1 + a_yml*Y_ml)*exp(-bij*rij)
Fitted Atomtypes 
               A        
Ar(0)        1.924937
               A             a_y10           a_y20      
HN(0)        1.396991        0.995781        0.351518
               A             a_y10           a_y20      
N(0)         1.726635       -0.172196        1.000000
Constrained Atomtypes 
  None
------------
Electrostatics RMS Error: 1.35500e-04
Electrostatics Weighted RMS Error: 1.35500e-04
Electrostatics Weighted Absolute Error: 7.96119e-06
Electrostatics Weighted Least-Squares Error: 1.49968e-05
--------------------------------------------
Drude oscillator energy has been calculated using the following method: multipole-gradient
Induction Parameters:
    Functional Form = 
	E(ind)_ij = shell_charge - A*K2(rij)*(1 + a_yml*Y_ml)*exp(-bij*rij)
Fitted Atomtypes 
               A        
Ar(0)        0.308198
               A             a_y10           a_y20      
HN(0)        1.268451        1.000000        0.584358
               A             a_y10           a_y20      
N(0)         0.186472       -0.395521        1.000000
Constrained Atomtypes 
  None
------------
Induction RMS Error: 5.51237e-05
Induction Weighted RMS Error: 5.51237e-05
Induction Weighted Absolute Error: 1.01664e-07
Induction Weighted Least-Squares Error: 1.68201e-06
--------------------------------------------
DHF Parameters:
    Functional Form = 
	E(dhf)_ij = - A*K2(rij)*(1 + a_yml*Y_ml)*exp(-bij*rij)
Fitted Atomtypes 
               A        
Ar(0)        0.403125
               A             a_y10           a_y20      
HN(0)        0.344740       -1.000000        0.177087
               A             a_y10           a_y20      
N(0)         1.155283       -0.079059        0.136251
Constrained Atomtypes 
  None
------------
Dhf RMS Error: 4.46941e-05
Dhf Weighted RMS Error: 4.46941e-05
Dhf Weighted Absolute Error: 2.18059e-06
Dhf Weighted Least-Squares Error: 1.09391e-06
--------------------------------------------
Dispersion Parameters:
    Functional Form = 
	E(disp)_ij = sum_(n=6,8,10,12){A*fdamp_n*(Cij_n/r_ij^n)}
               C6              C8             C10             C12       
Ar           8.426582       39.451011      194.132705      842.434187
HN           1.306964        4.117935       31.050725        0.000000
N            4.878202       25.576829      142.574149      704.112767
Fitted Atomtypes 
               A        
Ar(0)        1.027935
               A             a_y10           a_y20      
HN(0)        0.807038        0.077419        0.068262
               A             a_y10           a_y20      
N(0)         1.193927       -0.055630        0.189653
Constrained Atomtypes 
  None
------------
Dispersion RMS Error: 2.94321e-05
Dispersion Weighted RMS Error: 2.94321e-05
Dispersion Weighted Absolute Error: -2.16068e-06
Dispersion Weighted Least-Squares Error: 6.31420e-07
--------------------------------------------
Total Energy:
------------
Total Energy RMS Error: 5.25842e-04
Total Energy Weighted RMS Error: 5.25842e-04
Total Energy Weighted Absolute Error: 8.73637e-06
Total Energy Weighted Least-Squares Error: 2.03334e-05
--------------------------------------------
#########################################################################


