########################## FF Fitting Summary ###########################
--------------------------------------------
Program Version: 1.1.0
Short-range Functional Form: born-mayer
Combination Rules: aij = geometric
                   bij = geometric_mean
Electrostatic Damping Type: None
Thole Param: 0.39
Fitting weight: eff_mu = 0.0 Ha
                eff_kt = 0.0035 Ha
Weighted RMSE cutoff: 0.0 Ha
Anisotropic Atomtypes: None
All parameters have been radially corrected to account for Slater overlap
This radial correction is approximate, and is only rigorous for the case where bi = bj.
------------
Exponents (Optimized):
Ar(0)      2.139085
HN(0)      2.491266
N(0)       1.866242
------------
Monomer 1 Multipole File:
ar_ISA-GRID_L0.mom
Monomer 2 Multipole File:
nh3_ISA-GRID_L0.mom
--------------------------------------------
Exchange Parameters:
    Functional Form = 
	E(exch)_ij = A*K2(rij)*(1 + a_yml*Y_ml)*exp(-bij*rij)
    where the a coefficient for each spherical harmonic term Y_ml
    is listed in the parameters below and 
	K2(rij) = 1/3*(bij*rij)**2 + bij*rij + 1 
Fitted Atomtypes 
               A        
Ar(0)        3.477920
               A        
HN(0)        0.756621
               A        
N(0)         3.450179
Constrained Atomtypes 
  None
------------
Exchange RMS Error: 1.61417e-03
Exchange Weighted RMS Error: 1.61417e-03
Exchange Weighted Absolute Error: -1.60754e-05
Exchange Weighted Least-Squares Error: 4.81583e-05
--------------------------------------------
Electrostatic Parameters:
    Functional Form = 
	E(elst)_ij = f_damp*qi*qj/rij - A*K2(rij)*(1 + a_yml*Y_ml)*exp(-bij*rij)
Fitted Atomtypes 
               A        
Ar(0)        1.893165
               A        
HN(0)        0.232027
               A        
N(0)         2.939551
Constrained Atomtypes 
  None
------------
Electrostatics RMS Error: 7.21541e-04
Electrostatics Weighted RMS Error: 7.21541e-04
Electrostatics Weighted Absolute Error: 4.39704e-05
Electrostatics Weighted Least-Squares Error: 4.50640e-04
--------------------------------------------
Drude oscillator energy has been calculated using the following method: multipole-gradient
Induction Parameters:
    Functional Form = 
	E(ind)_ij = shell_charge - A*K2(rij)*(1 + a_yml*Y_ml)*exp(-bij*rij)
Fitted Atomtypes 
               A        
Ar(0)        0.198472
               A        
HN(0)        0.674844
               A        
N(0)         0.842011
Constrained Atomtypes 
  None
------------
Induction RMS Error: 7.48447e-05
Induction Weighted RMS Error: 7.48447e-05
Induction Weighted Absolute Error: 7.44355e-06
Induction Weighted Least-Squares Error: 3.09653e-06
--------------------------------------------
DHF Parameters:
    Functional Form = 
	E(dhf)_ij = - A*K2(rij)*(1 + a_yml*Y_ml)*exp(-bij*rij)
Fitted Atomtypes 
               A        
Ar(0)        0.391461
               A        
HN(0)        0.499072
               A        
N(0)         1.081366
Constrained Atomtypes 
  None
------------
Dhf RMS Error: 6.11510e-05
Dhf Weighted RMS Error: 6.11510e-05
Dhf Weighted Absolute Error: -1.93899e-09
Dhf Weighted Least-Squares Error: 2.05411e-06
--------------------------------------------
Dispersion Parameters:
    Functional Form = 
	E(disp)_ij = sum_(n=6,8,10,12){A*fdamp_n*(Cij_n/r_ij^n)}
               C6              C8             C10             C12       
Ar           8.426582       39.451011      194.132705      842.434187
HN           1.306964        4.117935       31.050725        0.000000
N            4.878202       25.576829      142.574149      704.112767
Fitted Atomtypes 
               A        
Ar(0)        1.044036
               A        
HN(0)        0.700000
               A        
N(0)         1.300000
Constrained Atomtypes 
  None
Warning! Optimizer did not terminate successfully, but rather quit with the following error message:
ABNORMAL_TERMINATION_IN_LNSRCH
------------
Dispersion RMS Error: 1.56532e-04
Dispersion Weighted RMS Error: 1.56532e-04
Dispersion Weighted Absolute Error: 1.00901e-05
Dispersion Weighted Least-Squares Error: 1.89912e-05
--------------------------------------------
Total Energy:
------------
Total Energy RMS Error: 9.82444e-04
Total Energy Weighted RMS Error: 9.82444e-04
Total Energy Weighted Absolute Error: 4.54268e-05
Total Energy Weighted Least-Squares Error: 1.21059e-04
--------------------------------------------
#########################################################################


