########################## FF Fitting Summary ###########################
--------------------------------------------
Program Version: 1.1.0
Short-range Functional Form: born-mayer
Combination Rules: aij = geometric
                   bij = geometric_mean
Electrostatic Damping Type: None
Thole Param: 0.39
Fitting weight: eff_mu = 0.0 Ha
                eff_kt = 0.0014 Ha
Weighted RMSE cutoff: 0.0 Ha
Anisotropic Atomtypes: None
All parameters have been radially corrected to account for Slater overlap
This radial correction is approximate, and is only rigorous for the case where bi = bj.
------------
Exponents:
Ar(0)      2.220941
HN(0)      2.213238
N(0)       2.042178
------------
Monomer 1 Multipole File:
ar_ISA-GRID_L2.mom
Monomer 2 Multipole File:
nh3_ISA-GRID_L2.mom
--------------------------------------------
Exchange Parameters:
    Functional Form = 
	E(exch)_ij = A*K2(rij)*(1 + a_yml*Y_ml)*exp(-bij*rij)
    where the a coefficient for each spherical harmonic term Y_ml
    is listed in the parameters below and 
	K2(rij) = 1/3*(bij*rij)**2 + bij*rij + 1 
Fitted Atomtypes 
  None
Constrained Atomtypes 
               A        
Ar(0)        6.842610
               A        
HN(0)        0.325609
               A        
N(0)         3.261484
------------
Exchange RMS Error: 1.41089e-03
Exchange Weighted RMS Error: 1.41089e-03
Exchange Weighted Absolute Error: -4.63269e-06
Exchange Weighted Least-Squares Error: 1.17598e-05
--------------------------------------------
Electrostatic Parameters:
    Functional Form = 
	E(elst)_ij = f_damp*qi*qj/rij - A*K2(rij)*(1 + a_yml*Y_ml)*exp(-bij*rij)
Fitted Atomtypes 
  None
Constrained Atomtypes 
               A        
Ar(0)        3.951206
               A        
HN(0)        0.105210
               A        
N(0)         2.294156
------------
Electrostatics RMS Error: 7.30830e-04
Electrostatics Weighted RMS Error: 7.30830e-04
Electrostatics Weighted Absolute Error: 4.93586e-06
Electrostatics Weighted Least-Squares Error: 5.11657e-04
--------------------------------------------
Drude oscillator energy has been calculated using the following method: multipole-gradient
Induction Parameters:
    Functional Form = 
	E(ind)_ij = shell_charge - A*K2(rij)*(1 + a_yml*Y_ml)*exp(-bij*rij)
Fitted Atomtypes 
  None
Constrained Atomtypes 
               A        
Ar(0)        0.890557
               A        
HN(0)        0.134932
               A        
N(0)         0.064204
------------
Induction RMS Error: 9.04031e-05
Induction Weighted RMS Error: 9.04031e-05
Induction Weighted Absolute Error: -2.28964e-06
Induction Weighted Least-Squares Error: 5.84810e-06
--------------------------------------------
DHF Parameters:
    Functional Form = 
	E(dhf)_ij = - A*K2(rij)*(1 + a_yml*Y_ml)*exp(-bij*rij)
Fitted Atomtypes 
  None
Constrained Atomtypes 
               A        
Ar(0)        1.374643
               A        
HN(0)        0.112741
               A        
N(0)         0.590966
------------
Dhf RMS Error: 7.35547e-05
Dhf Weighted RMS Error: 7.35547e-05
Dhf Weighted Absolute Error: 1.08156e-06
Dhf Weighted Least-Squares Error: 3.52910e-06
--------------------------------------------
Dispersion Parameters:
    Functional Form = 
	E(disp)_ij = sum_(n=6,8,10,12){A*fdamp_n*(Cij_n/r_ij^n)}
               C6              C8             C10             C12       
Ar           8.426582       39.451011      194.132705      842.434187
HN           1.306964        4.117935       31.050725        0.000000
N            4.878202       25.576829      142.574149      704.112767
Fitted Atomtypes 
  None
Constrained Atomtypes 
               A        
Ar(0)        1.007688
               A        
HN(0)        0.751615
               A        
N(0)         1.241149
------------
Dispersion RMS Error: 1.47686e-04
Dispersion Weighted RMS Error: 1.47686e-04
Dispersion Weighted Absolute Error: -3.27225e-06
Dispersion Weighted Least-Squares Error: 2.00521e-05
--------------------------------------------
Total Energy:
------------
Total Energy RMS Error: 5.39635e-04
Total Energy Weighted RMS Error: 5.39635e-04
Total Energy Weighted Absolute Error: -4.17716e-06
Total Energy Weighted Least-Squares Error: 2.09487e-05
--------------------------------------------
#########################################################################


