########################## FF Fitting Summary ###########################
--------------------------------------------
Program Version: 1.1.0
Short-range Functional Form: born-mayer
Combination Rules: aij = geometric
                   bij = geometric_mean
Electrostatic Damping Type: None
Thole Param: 0.39
Fitting weight: eff_mu = 0.0 Ha
                eff_kt = 0.0158 Ha
Weighted RMSE cutoff: 0.0 Ha
Anisotropic Atomtypes: None
All parameters have been radially corrected to account for Slater overlap
This radial correction is approximate, and is only rigorous for the case where bi = bj.
------------
Exponents (Optimized):
CT1(0)     2.051050
CM(0)      1.656707
OC(0)      2.242505
C=O(0)     2.588896
HT1(0)     2.353120
HM(0)      2.673393
------------
Monomer 1 Multipole File:
acetone_ISA-GRID_L2.mom
Monomer 2 Multipole File:
ethene_ISA-GRID_L2.mom
--------------------------------------------
Exchange Parameters:
    Functional Form = 
	E(exch)_ij = A*K2(rij)*(1 + a_yml*Y_ml)*exp(-bij*rij)
    where the a coefficient for each spherical harmonic term Y_ml
    is listed in the parameters below and 
	K2(rij) = 1/3*(bij*rij)**2 + bij*rij + 1 
Fitted Atomtypes 
               A        
CT1(0)        1.657943
               A        
CM(0)        2.454135
               A        
OC(0)        1.976859
               A        
C=O(0)        1.920536
               A        
HT1(0)        0.431536
               A        
HM(0)        1.360615
Constrained Atomtypes 
  None
------------
Exchange RMS Error: 7.47038e-04
Exchange Weighted RMS Error: 2.74600e-04
Exchange Weighted Absolute Error: 2.05454e-05
Exchange Weighted Least-Squares Error: 9.48298e-05
--------------------------------------------
Electrostatic Parameters:
    Functional Form = 
	E(elst)_ij = f_damp*qi*qj/rij - A*K2(rij)*(1 + a_yml*Y_ml)*exp(-bij*rij)
Fitted Atomtypes 
               A        
CT1(0)        1.165456
               A        
CM(0)        1.447636
               A        
OC(0)        1.449346
               A        
C=O(0)        1.283229
               A        
HT1(0)        0.217409
               A        
HM(0)        0.397077
Constrained Atomtypes 
  None
------------
Electrostatics RMS Error: 3.39729e-04
Electrostatics Weighted RMS Error: 1.30981e-04
Electrostatics Weighted Absolute Error: 3.81199e-05
Electrostatics Weighted Least-Squares Error: 7.06781e-05
--------------------------------------------
Drude oscillator energy has been calculated using the following method: multipole-gradient
Induction Parameters:
    Functional Form = 
	E(ind)_ij = shell_charge - A*K2(rij)*(1 + a_yml*Y_ml)*exp(-bij*rij)
Fitted Atomtypes 
               A        
CT1(0)        0.040494
               A        
CM(0)        0.199274
               A        
OC(0)        0.055712
               A        
C=O(0)        2.038298
               A        
HT1(0)        0.136078
               A        
HM(0)        0.241897
Constrained Atomtypes 
  None
------------
Induction RMS Error: 7.83593e-05
Induction Weighted RMS Error: 2.86529e-05
Induction Weighted Absolute Error: -4.64572e-06
Induction Weighted Least-Squares Error: 3.02504e-06
--------------------------------------------
DHF Parameters:
    Functional Form = 
	E(dhf)_ij = - A*K2(rij)*(1 + a_yml*Y_ml)*exp(-bij*rij)
Fitted Atomtypes 
               A        
CT1(0)        0.005478
               A        
CM(0)        0.197507
               A        
OC(0)        1.765201
               A        
C=O(0)        0.077827
               A        
HT1(0)        0.598888
               A        
HM(0)        0.107275
Constrained Atomtypes 
  None
------------
Dhf RMS Error: 1.88407e-04
Dhf Weighted RMS Error: 4.76729e-05
Dhf Weighted Absolute Error: -9.56627e-06
Dhf Weighted Least-Squares Error: 1.79111e-05
--------------------------------------------
Dispersion Parameters:
    Functional Form = 
	E(disp)_ij = sum_(n=6,8,10,12){A*fdamp_n*(Cij_n/r_ij^n)}
               C6              C8             C10             C12       
CT1          4.847096       18.798288       63.256519      202.859856
CM           5.544423       23.289281      120.277772      510.393921
OC           4.783373       18.811595      100.656333      417.705964
C=O          3.661371       12.062782       78.048354      284.357981
HT1          1.498389        6.488268       33.240608        0.000000
HM           1.512843        6.550977       33.561806      144.894964
Fitted Atomtypes 
               A        
CT1(0)        1.000000
               A        
CM(0)        1.000000
               A        
OC(0)        1.000000
               A        
C=O(0)        1.000000
               A        
HT1(0)        1.000000
               A        
HM(0)        1.000000
Constrained Atomtypes 
  None
------------
Dispersion RMS Error: 6.20601e-04
Dispersion Weighted RMS Error: 2.42745e-04
Dispersion Weighted Absolute Error: 7.07798e-05
Dispersion Weighted Least-Squares Error: 2.33334e-04
--------------------------------------------
Total Energy:
------------
Total Energy RMS Error: 6.51681e-04
Total Energy Weighted RMS Error: 2.90588e-04
Total Energy Weighted Absolute Error: 1.15233e-04
Total Energy Weighted Least-Squares Error: 1.69381e-04
--------------------------------------------
#########################################################################


