########################## FF Fitting Summary ###########################
--------------------------------------------
Program Version: 1.1.0
Short-range Functional Form: born-mayer
Combination Rules: aij = geometric
                   bij = geometric_mean
Electrostatic Damping Type: None
Thole Param: 0.39
Fitting weight: eff_mu = 0.0 Ha
                eff_kt = 0.0063 Ha
Weighted RMSE cutoff: 0.0 Ha
Anisotropic Atomtypes: OC   CM   HM   
All parameters have been radially corrected to account for Slater overlap
This radial correction is approximate, and is only rigorous for the case where bi = bj.
------------
Exponents:
CT1(0)     1.819913
CM(0)      1.817015
OC(0)      2.200783
C=O(0)     2.718321
HT1(0)     2.333336
HM(0)      2.464510
------------
Monomer 1 Multipole File:
acetone_ISA-GRID_L2.mom
Monomer 2 Multipole File:
ethene_ISA-GRID_L2.mom
--------------------------------------------
Exchange Parameters:
    Functional Form = 
	E(exch)_ij = A*K2(rij)*(1 + a_yml*Y_ml)*exp(-bij*rij)
    where the a coefficient for each spherical harmonic term Y_ml
    is listed in the parameters below and 
	K2(rij) = 1/3*(bij*rij)**2 + bij*rij + 1 
Fitted Atomtypes 
  None
Constrained Atomtypes 
               A        
CT1(0)        1.756864
               A             a_y22c     
CM(0)        1.904279       -0.256017
               A             a_y10           a_y20           a_y22c     
OC(0)        2.800441       -0.219521       -0.210109        0.120144
               A        
C=O(0)        4.914017
               A        
HT1(0)        0.633756
               A             a_y10           a_y20      
HM(0)        0.476418       -1.000000       -0.417119
------------
Exchange RMS Error: 5.33929e-04
Exchange Weighted RMS Error: 5.33929e-04
Exchange Weighted Absolute Error: 3.33096e-05
Exchange Weighted Least-Squares Error: 1.40367e-05
--------------------------------------------
Electrostatic Parameters:
    Functional Form = 
	E(elst)_ij = f_damp*qi*qj/rij - A*K2(rij)*(1 + a_yml*Y_ml)*exp(-bij*rij)
Fitted Atomtypes 
  None
Constrained Atomtypes 
               A        
CT1(0)        1.128948
               A             a_y22c     
CM(0)        1.382331       -0.108491
               A             a_y10           a_y20           a_y22c     
OC(0)        1.822973       -0.147986       -0.224111        0.165589
               A        
C=O(0)        2.345586
               A        
HT1(0)        0.286881
               A             a_y10           a_y20      
HM(0)        0.144313       -1.000000       -0.079034
------------
Electrostatics RMS Error: 2.55702e-04
Electrostatics Weighted RMS Error: 2.55702e-04
Electrostatics Weighted Absolute Error: 2.47456e-05
Electrostatics Weighted Least-Squares Error: 4.91220e-05
--------------------------------------------
Drude oscillator energy has been calculated using the following method: multipole-gradient
Induction Parameters:
    Functional Form = 
	E(ind)_ij = shell_charge - A*K2(rij)*(1 + a_yml*Y_ml)*exp(-bij*rij)
Fitted Atomtypes 
  None
Constrained Atomtypes 
               A        
CT1(0)        0.089053
               A             a_y22c     
CM(0)        0.288313       -0.132971
               A             a_y10           a_y20           a_y22c     
OC(0)        0.031022        0.043159        1.000000       -1.000000
               A        
C=O(0)        2.573738
               A        
HT1(0)        0.157247
               A             a_y10           a_y20      
HM(0)        0.217522        1.000000        1.000000
------------
Induction RMS Error: 8.68436e-05
Induction Weighted RMS Error: 8.68436e-05
Induction Weighted Absolute Error: -3.77714e-06
Induction Weighted Least-Squares Error: 3.91130e-06
--------------------------------------------
DHF Parameters:
    Functional Form = 
	E(dhf)_ij = - A*K2(rij)*(1 + a_yml*Y_ml)*exp(-bij*rij)
Fitted Atomtypes 
  None
Constrained Atomtypes 
               A        
CT1(0)        0.056533
               A             a_y22c     
CM(0)        0.313912       -0.661845
               A             a_y10           a_y20           a_y22c     
OC(0)        0.542050       -1.000000       -0.656495       -0.199400
               A        
C=O(0)        0.882379
               A        
HT1(0)        0.244537
               A             a_y10           a_y20      
HM(0)        0.300844       -0.014513       -0.028372
------------
Dhf RMS Error: 1.88902e-04
Dhf Weighted RMS Error: 1.88902e-04
Dhf Weighted Absolute Error: -1.38372e-05
Dhf Weighted Least-Squares Error: 1.94783e-05
--------------------------------------------
Dispersion Parameters:
    Functional Form = 
	E(disp)_ij = sum_(n=6,8,10,12){A*fdamp_n*(Cij_n/r_ij^n)}
               C6              C8             C10             C12       
CT1          4.847096       18.798288       63.256519      202.859856
CM           5.544423       23.289281      120.277772      510.393921
OC           4.783373       18.811595      100.656333      417.705964
C=O          3.661371       12.062782       78.048354      284.357981
HT1          1.498389        6.488268       33.240608        0.000000
HM           1.512843        6.550977       33.561806      144.894964
Fitted Atomtypes 
  None
Constrained Atomtypes 
               A        
CT1(0)        1.167041
               A             a_y22c     
CM(0)        1.120846       -0.067490
               A             a_y10           a_y20           a_y22c     
OC(0)        0.814443       -0.563660       -0.232466       -0.012215
               A        
C=O(0)        0.873823
               A        
HT1(0)        0.946465
               A             a_y10           a_y20      
HM(0)        0.939274        0.413006        0.260903
------------
Dispersion RMS Error: 8.16648e-05
Dispersion Weighted RMS Error: 8.16648e-05
Dispersion Weighted Absolute Error: -1.49185e-05
Dispersion Weighted Least-Squares Error: 4.86366e-06
--------------------------------------------
Total Energy:
------------
Total Energy RMS Error: 4.52169e-04
Total Energy Weighted RMS Error: 4.52169e-04
Total Energy Weighted Absolute Error: 2.55223e-05
Total Energy Weighted Least-Squares Error: 5.24364e-05
--------------------------------------------
#########################################################################


