########################## FF Fitting Summary ###########################
--------------------------------------------
Program Version: 1.1.0
Short-range Functional Form: born-mayer
Combination Rules: aij = geometric
                   bij = geometric_mean
Electrostatic Damping Type: None
Thole Param: 0.39
Fitting weight: eff_mu = 0.0 Ha
                eff_kt = 0.0097 Ha
Weighted RMSE cutoff: 0.0 Ha
Anisotropic Atomtypes: HO1  OH1  Cl   
All parameters have been radially corrected to account for Slater overlap
This radial correction is approximate, and is only rigorous for the case where bi = bj.
------------
Exponents:
CO2(0)     1.934374
CCl(0)     2.086398
Cl(0)      2.037083
HT6(0)     2.236551
HO1(0)     2.357647
OH1(0)     2.288306
HT8(0)     2.366434
------------
Monomer 1 Multipole File:
chloromethane_ISA-GRID_L2.mom
Monomer 2 Multipole File:
methanol_ISA-GRID_L2.mom
--------------------------------------------
Exchange Parameters:
    Functional Form = 
	E(exch)_ij = A*K2(rij)*(1 + a_yml*Y_ml)*exp(-bij*rij)
    where the a coefficient for each spherical harmonic term Y_ml
    is listed in the parameters below and 
	K2(rij) = 1/3*(bij*rij)**2 + bij*rij + 1 
Fitted Atomtypes 
  None
Constrained Atomtypes 
               A        
CO2(0)        1.725992
               A        
CCl(0)        3.036171
               A             a_y10           a_y20      
Cl(0)        4.641076       -0.547938       -0.613203
               A        
HT6(0)        0.541282
               A             a_y10           a_y20      
HO1(0)        0.551732       -0.011876       -0.296572
               A             a_y10           a_y20           a_y22c     
OH1(0)        2.206147       -0.791455       -0.105146       -0.699677
               A        
HT8(0)        0.737563
------------
Exchange RMS Error: 6.23943e-04
Exchange Weighted RMS Error: 6.23943e-04
Exchange Weighted Absolute Error: 4.23980e-05
Exchange Weighted Least-Squares Error: 3.65296e-05
--------------------------------------------
Electrostatic Parameters:
    Functional Form = 
	E(elst)_ij = f_damp*qi*qj/rij - A*K2(rij)*(1 + a_yml*Y_ml)*exp(-bij*rij)
Fitted Atomtypes 
  None
Constrained Atomtypes 
               A        
CO2(0)        1.018840
               A        
CCl(0)        1.874393
               A             a_y10           a_y20      
Cl(0)        3.217540       -0.376433       -0.547466
               A        
HT6(0)        0.232592
               A             a_y10           a_y20      
HO1(0)        0.290235        0.328802       -0.172728
               A             a_y10           a_y20           a_y22c     
OH1(0)        1.521880       -0.626924       -0.099185       -0.682325
               A        
HT8(0)        0.379974
------------
Electrostatics RMS Error: 2.88239e-04
Electrostatics Weighted RMS Error: 2.88239e-04
Electrostatics Weighted Absolute Error: 6.72088e-06
Electrostatics Weighted Least-Squares Error: 5.76603e-05
--------------------------------------------
Drude oscillator energy has been calculated using the following method: multipole-gradient
Induction Parameters:
    Functional Form = 
	E(ind)_ij = shell_charge - A*K2(rij)*(1 + a_yml*Y_ml)*exp(-bij*rij)
Fitted Atomtypes 
  None
Constrained Atomtypes 
               A        
CO2(0)        0.213812
               A        
CCl(0)        0.102817
               A             a_y10           a_y20      
Cl(0)        1.452555        0.084777       -0.161702
               A        
HT6(0)        0.097465
               A             a_y10           a_y20      
HO1(0)        0.080170       -1.000000        1.000000
               A             a_y10           a_y20           a_y22c     
OH1(0)        0.377586        1.000000       -0.029896        0.768942
               A        
HT8(0)        0.120205
------------
Induction RMS Error: 1.53024e-04
Induction Weighted RMS Error: 1.53024e-04
Induction Weighted Absolute Error: 1.05994e-05
Induction Weighted Least-Squares Error: 1.26778e-05
--------------------------------------------
DHF Parameters:
    Functional Form = 
	E(dhf)_ij = - A*K2(rij)*(1 + a_yml*Y_ml)*exp(-bij*rij)
Fitted Atomtypes 
  None
Constrained Atomtypes 
               A        
CO2(0)        0.020855
               A        
CCl(0)        0.000000
               A             a_y10           a_y20      
Cl(0)        0.820685       -0.645981        0.159071
               A        
HT6(0)        0.265954
               A             a_y10           a_y20      
HO1(0)        0.105048       -0.500952        0.336282
               A             a_y10           a_y20           a_y22c     
OH1(0)        0.547807       -1.000000       -0.322900       -0.444537
               A        
HT8(0)        0.269481
------------
Dhf RMS Error: 2.12389e-04
Dhf Weighted RMS Error: 2.12389e-04
Dhf Weighted Absolute Error: -1.59607e-05
Dhf Weighted Least-Squares Error: 2.39065e-05
--------------------------------------------
Dispersion Parameters:
    Functional Form = 
	E(disp)_ij = sum_(n=6,8,10,12){A*fdamp_n*(Cij_n/r_ij^n)}
               C6              C8             C10             C12       
CO2          4.847096       18.798288       63.256519      202.859856
CCl          4.847096       18.798288       63.256519      202.859856
Cl           9.656104       40.197680      256.351184     1144.914599
HT6          1.498389        6.488268       33.240608        0.000000
HO1          1.275466        4.018693       30.302404        0.000000
OH1          3.819955       17.890308       89.856938      392.757676
HT8          1.498389        6.488268       33.240608        0.000000
Fitted Atomtypes 
  None
Constrained Atomtypes 
               A        
CO2(0)        0.969190
               A        
CCl(0)        1.035074
               A             a_y10           a_y20      
Cl(0)        1.029603       -0.239752       -0.191056
               A        
HT6(0)        1.022919
               A             a_y10           a_y20      
HO1(0)        0.700572       -0.631677       -0.347816
               A             a_y10           a_y20           a_y22c     
OH1(0)        0.911116       -0.338030        0.024016       -0.244322
               A        
HT8(0)        0.985958
------------
Dispersion RMS Error: 8.32375e-05
Dispersion Weighted RMS Error: 8.32375e-05
Dispersion Weighted Absolute Error: -2.26102e-05
Dispersion Weighted Least-Squares Error: 4.45519e-06
--------------------------------------------
Total Energy:
------------
Total Energy RMS Error: 4.80204e-04
Total Energy Weighted RMS Error: 4.80204e-04
Total Energy Weighted Absolute Error: 2.11473e-05
Total Energy Weighted Least-Squares Error: 7.69970e-05
--------------------------------------------
#########################################################################


