########################## FF Fitting Summary ###########################
--------------------------------------------
Program Version: 1.1.0
Short-range Functional Form: born-mayer
Combination Rules: aij = geometric
                   bij = geometric_mean
Electrostatic Damping Type: None
Thole Param: 0.39
Fitting weight: eff_mu = 0.0 Ha
                eff_kt = 0.0242 Ha
Weighted RMSE cutoff: 0.0 Ha
Anisotropic Atomtypes: None
All parameters have been radially corrected to account for Slater overlap
This radial correction is approximate, and is only rigorous for the case where bi = bj.
------------
Exponents (Optimized):
CO2(0)     2.208943
CCl(0)     1.591609
Cl(0)      2.009581
HT6(0)     3.092437
HO1(0)     2.341705
OH1(0)     2.199169
HT8(0)     1.927143
------------
Monomer 1 Multipole File:
chloromethane_ISA-GRID_L0.mom
Monomer 2 Multipole File:
methanol_ISA-GRID_L0.mom
--------------------------------------------
Exchange Parameters:
    Functional Form = 
	E(exch)_ij = A*K2(rij)*(1 + a_yml*Y_ml)*exp(-bij*rij)
    where the a coefficient for each spherical harmonic term Y_ml
    is listed in the parameters below and 
	K2(rij) = 1/3*(bij*rij)**2 + bij*rij + 1 
Fitted Atomtypes 
               A        
CO2(0)        3.273583
               A        
CCl(0)        0.885575
               A        
Cl(0)        4.555935
               A        
HT6(0)        1.436758
               A        
HO1(0)        0.390162
               A        
OH1(0)        3.648207
               A        
HT8(0)        0.398291
Constrained Atomtypes 
  None
------------
Exchange RMS Error: 1.34284e-03
Exchange Weighted RMS Error: 1.34284e-03
Exchange Weighted Absolute Error: -3.94628e-05
Exchange Weighted Least-Squares Error: 4.36090e-04
--------------------------------------------
Electrostatic Parameters:
    Functional Form = 
	E(elst)_ij = f_damp*qi*qj/rij - A*K2(rij)*(1 + a_yml*Y_ml)*exp(-bij*rij)
Fitted Atomtypes 
               A        
CO2(0)        2.403053
               A        
CCl(0)        0.444874
               A        
Cl(0)        2.963547
               A        
HT6(0)        0.695460
               A        
HO1(0)        0.081947
               A        
OH1(0)        2.541606
               A        
HT8(0)        0.175451
Constrained Atomtypes 
  None
------------
Electrostatics RMS Error: 7.24275e-04
Electrostatics Weighted RMS Error: 7.24275e-04
Electrostatics Weighted Absolute Error: 2.67023e-05
Electrostatics Weighted Least-Squares Error: 2.93600e-04
--------------------------------------------
Drude oscillator energy has been calculated using the following method: multipole-gradient
Induction Parameters:
    Functional Form = 
	E(ind)_ij = shell_charge - A*K2(rij)*(1 + a_yml*Y_ml)*exp(-bij*rij)
Fitted Atomtypes 
               A        
CO2(0)        0.950000
               A        
CCl(0)        0.000000
               A        
Cl(0)        0.655679
               A        
HT6(0)        0.270822
               A        
HO1(0)        0.332550
               A        
OH1(0)        0.266182
               A        
HT8(0)        0.083634
Constrained Atomtypes 
  None
------------
Induction RMS Error: 1.30325e-04
Induction Weighted RMS Error: 1.30325e-04
Induction Weighted Absolute Error: 1.28546e-05
Induction Weighted Least-Squares Error: 8.65051e-06
--------------------------------------------
DHF Parameters:
    Functional Form = 
	E(dhf)_ij = - A*K2(rij)*(1 + a_yml*Y_ml)*exp(-bij*rij)
Fitted Atomtypes 
               A        
CO2(0)        0.000000
               A        
CCl(0)        0.001471
               A        
Cl(0)        0.643384
               A        
HT6(0)        0.373271
               A        
HO1(0)        0.205044
               A        
OH1(0)        1.493946
               A        
HT8(0)        0.245176
Constrained Atomtypes 
  None
------------
Dhf RMS Error: 1.23652e-04
Dhf Weighted RMS Error: 1.23652e-04
Dhf Weighted Absolute Error: -7.59866e-06
Dhf Weighted Least-Squares Error: 7.78692e-06
--------------------------------------------
Dispersion Parameters:
    Functional Form = 
	E(disp)_ij = sum_(n=6,8,10,12){A*fdamp_n*(Cij_n/r_ij^n)}
               C6              C8             C10             C12       
CO2          4.847096       18.798288       63.256519      202.859856
CCl          4.847096       18.798288       63.256519      202.859856
Cl           9.656104       40.197680      256.351184     1144.914599
HT6          1.498389        6.488268       33.240608        0.000000
HO1          1.275466        4.018693       30.302404        0.000000
OH1          3.819955       17.890308       89.856938      392.757676
HT8          1.498389        6.488268       33.240608        0.000000
Fitted Atomtypes 
               A        
CO2(0)        0.700000
               A        
CCl(0)        1.078494
               A        
Cl(0)        1.196531
               A        
HT6(0)        0.700000
               A        
HO1(0)        0.700000
               A        
OH1(0)        1.185703
               A        
HT8(0)        1.283627
Constrained Atomtypes 
  None
------------
Dispersion RMS Error: 1.52945e-04
Dispersion Weighted RMS Error: 1.52945e-04
Dispersion Weighted Absolute Error: 2.87410e-06
Dispersion Weighted Least-Squares Error: 1.33305e-05
--------------------------------------------
Total Energy:
------------
Total Energy RMS Error: 1.04010e-03
Total Energy Weighted RMS Error: 1.04010e-03
Total Energy Weighted Absolute Error: -4.63048e-06
Total Energy Weighted Least-Squares Error: 4.58190e-04
--------------------------------------------
#########################################################################


