########################## FF Fitting Summary ###########################
--------------------------------------------
Program Version: 1.1.0
Short-range Functional Form: born-mayer
Combination Rules: aij = geometric
                   bij = geometric_mean
Electrostatic Damping Type: None
Thole Param: 0.39
Fitting weight: eff_mu = 0.0 Ha
                eff_kt = 0.0097 Ha
Weighted RMSE cutoff: 0.0 Ha
Anisotropic Atomtypes: None
All parameters have been radially corrected to account for Slater overlap
This radial correction is approximate, and is only rigorous for the case where bi = bj.
------------
Exponents:
CO2(0)     2.055636
CCl(0)     1.699659
Cl(0)      2.030667
HT6(0)     2.509578
HO1(0)     1.963706
OH1(0)     2.332931
HT8(0)     2.282453
------------
Monomer 1 Multipole File:
chloromethane_ISA-GRID_L0.mom
Monomer 2 Multipole File:
methanol_ISA-GRID_L0.mom
--------------------------------------------
Exchange Parameters:
    Functional Form = 
	E(exch)_ij = A*K2(rij)*(1 + a_yml*Y_ml)*exp(-bij*rij)
    where the a coefficient for each spherical harmonic term Y_ml
    is listed in the parameters below and 
	K2(rij) = 1/3*(bij*rij)**2 + bij*rij + 1 
Fitted Atomtypes 
  None
Constrained Atomtypes 
               A        
CO2(0)        1.875871
               A        
CCl(0)        1.299334
               A        
Cl(0)        5.548311
               A        
HT6(0)        0.774793
               A        
HO1(0)        0.156397
               A        
OH1(0)        4.063486
               A        
HT8(0)        0.657359
------------
Exchange RMS Error: 1.45347e-03
Exchange Weighted RMS Error: 1.45347e-03
Exchange Weighted Absolute Error: 4.19633e-05
Exchange Weighted Least-Squares Error: 1.80983e-04
--------------------------------------------
Electrostatic Parameters:
    Functional Form = 
	E(elst)_ij = f_damp*qi*qj/rij - A*K2(rij)*(1 + a_yml*Y_ml)*exp(-bij*rij)
Fitted Atomtypes 
  None
Constrained Atomtypes 
               A        
CO2(0)        1.003465
               A        
CCl(0)        0.764428
               A        
Cl(0)        3.719409
               A        
HT6(0)        0.331763
               A        
HO1(0)        0.051760
               A        
OH1(0)        2.587006
               A        
HT8(0)        0.357994
------------
Electrostatics RMS Error: 7.77784e-04
Electrostatics Weighted RMS Error: 7.77784e-04
Electrostatics Weighted Absolute Error: 1.61015e-05
Electrostatics Weighted Least-Squares Error: 4.01369e-04
--------------------------------------------
Drude oscillator energy has been calculated using the following method: multipole-gradient
Induction Parameters:
    Functional Form = 
	E(ind)_ij = shell_charge - A*K2(rij)*(1 + a_yml*Y_ml)*exp(-bij*rij)
Fitted Atomtypes 
  None
Constrained Atomtypes 
               A        
CO2(0)        0.352660
               A        
CCl(0)        0.141282
               A        
Cl(0)        1.328538
               A        
HT6(0)        0.133618
               A        
HO1(0)        0.124678
               A        
OH1(0)        0.058639
               A        
HT8(0)        0.094641
------------
Induction RMS Error: 1.43960e-04
Induction Weighted RMS Error: 1.43960e-04
Induction Weighted Absolute Error: 2.31929e-05
Induction Weighted Least-Squares Error: 1.10124e-05
--------------------------------------------
DHF Parameters:
    Functional Form = 
	E(dhf)_ij = - A*K2(rij)*(1 + a_yml*Y_ml)*exp(-bij*rij)
Fitted Atomtypes 
  None
Constrained Atomtypes 
               A        
CO2(0)        0.000000
               A        
CCl(0)        0.000000
               A        
Cl(0)        1.030108
               A        
HT6(0)        0.374980
               A        
HO1(0)        0.054417
               A        
OH1(0)        0.903899
               A        
HT8(0)        0.230271
------------
Dhf RMS Error: 2.11863e-04
Dhf Weighted RMS Error: 2.11863e-04
Dhf Weighted Absolute Error: -2.07446e-05
Dhf Weighted Least-Squares Error: 2.38710e-05
--------------------------------------------
Dispersion Parameters:
    Functional Form = 
	E(disp)_ij = sum_(n=6,8,10,12){A*fdamp_n*(Cij_n/r_ij^n)}
               C6              C8             C10             C12       
CO2          4.847096       18.798288       63.256519      202.859856
CCl          4.847096       18.798288       63.256519      202.859856
Cl           9.656104       40.197680      256.351184     1144.914599
HT6          1.498389        6.488268       33.240608        0.000000
HO1          1.275466        4.018693       30.302404        0.000000
OH1          3.819955       17.890308       89.856938      392.757676
HT8          1.498389        6.488268       33.240608        0.000000
Fitted Atomtypes 
  None
Constrained Atomtypes 
               A        
CO2(0)        0.700000
               A        
CCl(0)        1.138026
               A        
Cl(0)        1.149241
               A        
HT6(0)        0.851721
               A        
HO1(0)        0.878621
               A        
OH1(0)        1.134794
               A        
HT8(0)        1.081173
------------
Dispersion RMS Error: 1.41551e-04
Dispersion Weighted RMS Error: 1.41551e-04
Dispersion Weighted Absolute Error: -1.80305e-05
Dispersion Weighted Least-Squares Error: 1.31167e-05
--------------------------------------------
Total Energy:
------------
Total Energy RMS Error: 1.10733e-03
Total Energy Weighted RMS Error: 1.10733e-03
Total Energy Weighted Absolute Error: 4.24826e-05
Total Energy Weighted Least-Squares Error: 4.40491e-04
--------------------------------------------
#########################################################################


