########################## FF Fitting Summary ###########################
--------------------------------------------
Program Version: 1.1.0
Short-range Functional Form: born-mayer
Combination Rules: aij = geometric
                   bij = geometric_mean
Electrostatic Damping Type: None
Thole Param: 0.39
Fitting weight: eff_mu = 0.0 Ha
                eff_kt = 0.0037 Ha
Weighted RMSE cutoff: 0.0 Ha
Anisotropic Atomtypes: None
All parameters have been radially corrected to account for Slater overlap
This radial correction is approximate, and is only rigorous for the case where bi = bj.
------------
Exponents:
HT2(0)     2.169519
CT2(0)     2.261214
------------
Monomer 1 Multipole File:
ethane_ISA-GRID_L2.mom
Monomer 2 Multipole File:
ethane_ISA-GRID_L2.mom
--------------------------------------------
Exchange Parameters:
    Functional Form = 
	E(exch)_ij = A*K2(rij)*(1 + a_yml*Y_ml)*exp(-bij*rij)
    where the a coefficient for each spherical harmonic term Y_ml
    is listed in the parameters below and 
	K2(rij) = 1/3*(bij*rij)**2 + bij*rij + 1 
Fitted Atomtypes 
  None
Constrained Atomtypes 
               A        
HT2(0)        0.588406
               A        
CT2(0)        3.214042
------------
Exchange RMS Error: 6.93778e-04
Exchange Weighted RMS Error: 1.57019e-04
Exchange Weighted Absolute Error: -2.92682e-06
Exchange Weighted Least-Squares Error: 8.93528e-06
--------------------------------------------
Electrostatic Parameters:
    Functional Form = 
	E(elst)_ij = f_damp*qi*qj/rij - A*K2(rij)*(1 + a_yml*Y_ml)*exp(-bij*rij)
Fitted Atomtypes 
  None
Constrained Atomtypes 
               A        
HT2(0)        0.290517
               A        
CT2(0)        2.165359
------------
Electrostatics RMS Error: 2.27154e-04
Electrostatics Weighted RMS Error: 5.05792e-05
Electrostatics Weighted Absolute Error: 8.09755e-06
Electrostatics Weighted Least-Squares Error: 4.38621e-05
--------------------------------------------
Drude oscillator energy has been calculated using the following method: multipole-gradient
Induction Parameters:
    Functional Form = 
	E(ind)_ij = shell_charge - A*K2(rij)*(1 + a_yml*Y_ml)*exp(-bij*rij)
Fitted Atomtypes 
  None
Constrained Atomtypes 
               A        
HT2(0)        0.110461
               A        
CT2(0)        0.292340
------------
Induction RMS Error: 5.97307e-05
Induction Weighted RMS Error: 2.21598e-05
Induction Weighted Absolute Error: 1.19086e-05
Induction Weighted Least-Squares Error: 1.91506e-06
--------------------------------------------
DHF Parameters:
    Functional Form = 
	E(dhf)_ij = - A*K2(rij)*(1 + a_yml*Y_ml)*exp(-bij*rij)
Fitted Atomtypes 
  None
Constrained Atomtypes 
               A        
HT2(0)        0.200338
               A        
CT2(0)        0.090477
------------
Dhf RMS Error: 4.56612e-05
Dhf Weighted RMS Error: 1.98206e-05
Dhf Weighted Absolute Error: 1.39618e-05
Dhf Weighted Least-Squares Error: 1.22986e-06
--------------------------------------------
Dispersion Parameters:
    Functional Form = 
	E(disp)_ij = sum_(n=6,8,10,12){A*fdamp_n*(Cij_n/r_ij^n)}
               C6              C8             C10             C12       
HT2          1.498389        6.488268       33.240608        0.000000
CT2          4.847096       18.798288       63.256519      202.859856
Fitted Atomtypes 
  None
Constrained Atomtypes 
               A        
HT2(0)        1.000000
               A        
CT2(0)        1.000000
------------
Dispersion RMS Error: 1.80048e-04
Dispersion Weighted RMS Error: 6.60217e-05
Dispersion Weighted Absolute Error: -2.76332e-05
Dispersion Weighted Least-Squares Error: 2.66610e-05
--------------------------------------------
Total Energy:
------------
Total Energy RMS Error: 4.33442e-04
Total Energy Weighted RMS Error: 9.34010e-05
Total Energy Weighted Absolute Error: 3.40786e-06
Total Energy Weighted Least-Squares Error: 4.00811e-05
--------------------------------------------
#########################################################################


