########################## FF Fitting Summary ###########################
--------------------------------------------
Program Version: 1.1.0
Short-range Functional Form: born-mayer
Combination Rules: aij = geometric
                   bij = geometric_mean
Electrostatic Damping Type: None
Thole Param: 0.39
Fitting weight: eff_mu = 0.0 Ha
                eff_kt = 0.0093 Ha
Weighted RMSE cutoff: 0.0 Ha
Anisotropic Atomtypes: None
All parameters have been radially corrected to account for Slater overlap
This radial correction is approximate, and is only rigorous for the case where bi = bj.
------------
Exponents (Optimized):
HT2(0)     2.169519
CT2(0)     2.261214
------------
Monomer 1 Multipole File:
ethane_ISA-GRID_L0.mom
Monomer 2 Multipole File:
ethane_ISA-GRID_L0.mom
--------------------------------------------
Exchange Parameters:
    Functional Form = 
	E(exch)_ij = A*K2(rij)*(1 + a_yml*Y_ml)*exp(-bij*rij)
    where the a coefficient for each spherical harmonic term Y_ml
    is listed in the parameters below and 
	K2(rij) = 1/3*(bij*rij)**2 + bij*rij + 1 
Fitted Atomtypes 
               A        
HT2(0)        0.588406
               A        
CT2(0)        3.214042
Constrained Atomtypes 
  None
------------
Exchange RMS Error: 6.93779e-04
Exchange Weighted RMS Error: 6.93779e-04
Exchange Weighted Absolute Error: -2.92556e-06
Exchange Weighted Least-Squares Error: 4.35081e-05
--------------------------------------------
Electrostatic Parameters:
    Functional Form = 
	E(elst)_ij = f_damp*qi*qj/rij - A*K2(rij)*(1 + a_yml*Y_ml)*exp(-bij*rij)
Fitted Atomtypes 
               A        
HT2(0)        0.293685
               A        
CT2(0)        2.141939
Constrained Atomtypes 
  None
------------
Electrostatics RMS Error: 2.40376e-04
Electrostatics Weighted RMS Error: 2.40376e-04
Electrostatics Weighted Absolute Error: 1.10025e-05
Electrostatics Weighted Least-Squares Error: 3.87623e-05
--------------------------------------------
Drude oscillator energy has been calculated using the following method: multipole-gradient
Induction Parameters:
    Functional Form = 
	E(ind)_ij = shell_charge - A*K2(rij)*(1 + a_yml*Y_ml)*exp(-bij*rij)
Fitted Atomtypes 
               A        
HT2(0)        0.114896
               A        
CT2(0)        0.276500
Constrained Atomtypes 
  None
------------
Induction RMS Error: 6.04574e-05
Induction Weighted RMS Error: 6.04574e-05
Induction Weighted Absolute Error: 1.23323e-05
Induction Weighted Least-Squares Error: 1.86079e-06
--------------------------------------------
DHF Parameters:
    Functional Form = 
	E(dhf)_ij = - A*K2(rij)*(1 + a_yml*Y_ml)*exp(-bij*rij)
Fitted Atomtypes 
               A        
HT2(0)        0.200317
               A        
CT2(0)        0.092332
Constrained Atomtypes 
  None
------------
Dhf RMS Error: 4.71083e-05
Dhf Weighted RMS Error: 4.71083e-05
Dhf Weighted Absolute Error: 1.40188e-05
Dhf Weighted Least-Squares Error: 1.17842e-06
--------------------------------------------
Dispersion Parameters:
    Functional Form = 
	E(disp)_ij = sum_(n=6,8,10,12){A*fdamp_n*(Cij_n/r_ij^n)}
               C6              C8             C10             C12       
HT2          1.498389        6.488268       33.240608        0.000000
CT2          4.847096       18.798288       63.256519      202.859856
Fitted Atomtypes 
               A        
HT2(0)        1.000000
               A        
CT2(0)        1.000000
Constrained Atomtypes 
  None
------------
Dispersion RMS Error: 1.80048e-04
Dispersion Weighted RMS Error: 1.80048e-04
Dispersion Weighted Absolute Error: -2.76331e-05
Dispersion Weighted Least-Squares Error: 2.14521e-05
--------------------------------------------
Total Energy:
------------
Total Energy RMS Error: 4.52400e-04
Total Energy Weighted RMS Error: 4.52400e-04
Total Energy Weighted Absolute Error: 6.79500e-06
Total Energy Weighted Least-Squares Error: 7.14910e-05
--------------------------------------------
#########################################################################


