########################## FF Fitting Summary ###########################
--------------------------------------------
Program Version: 1.1.0
Short-range Functional Form: born-mayer
Combination Rules: aij = geometric
                   bij = geometric_mean
Electrostatic Damping Type: None
Thole Param: 0.39
Fitting weight: eff_mu = 0.0 Ha
                eff_kt = 0.0263 Ha
Weighted RMSE cutoff: 0.0 Ha
Anisotropic Atomtypes: H2O  OH2  Cl   
All parameters have been radially corrected to account for Slater overlap
This radial correction is approximate, and is only rigorous for the case where bi = bj.
------------
Exponents (Optimized):
HT6(0)     2.485252
CCl(0)     2.226548
H2O(0)     2.189772
OH2(0)     2.055930
Cl(0)      2.133644
------------
Monomer 1 Multipole File:
chloromethane_ISA-GRID_L2.mom
Monomer 2 Multipole File:
h2o_ISA-GRID_L2.mom
--------------------------------------------
Exchange Parameters:
    Functional Form = 
	E(exch)_ij = A*K2(rij)*(1 + a_yml*Y_ml)*exp(-bij*rij)
    where the a coefficient for each spherical harmonic term Y_ml
    is listed in the parameters below and 
	K2(rij) = 1/3*(bij*rij)**2 + bij*rij + 1 
Fitted Atomtypes 
               A        
HT6(0)        0.455032
               A        
CCl(0)        2.311427
               A             a_y10           a_y20      
H2O(0)        0.584713        0.226066        0.001123
               A             a_y10           a_y20           a_y22c     
OH2(0)        4.031289        0.065634        0.051956       -0.284203
               A             a_y10           a_y20      
Cl(0)        3.347859       -0.491910       -0.605573
Constrained Atomtypes 
  None
------------
Exchange RMS Error: 3.24967e-04
Exchange Weighted RMS Error: 3.24967e-04
Exchange Weighted Absolute Error: -3.11785e-06
Exchange Weighted Least-Squares Error: 2.78114e-05
--------------------------------------------
Electrostatic Parameters:
    Functional Form = 
	E(elst)_ij = f_damp*qi*qj/rij - A*K2(rij)*(1 + a_yml*Y_ml)*exp(-bij*rij)
Fitted Atomtypes 
               A        
HT6(0)        0.203101
               A        
CCl(0)        1.385456
               A             a_y10           a_y20      
H2O(0)        0.603826        1.000000        0.184801
               A             a_y10           a_y20           a_y22c     
OH2(0)        1.936782       -0.165814        0.057285       -0.582058
               A             a_y10           a_y20      
Cl(0)        2.396113       -0.284611       -0.489205
Constrained Atomtypes 
  None
------------
Electrostatics RMS Error: 2.38053e-04
Electrostatics Weighted RMS Error: 2.38053e-04
Electrostatics Weighted Absolute Error: 9.59821e-06
Electrostatics Weighted Least-Squares Error: 3.13295e-05
--------------------------------------------
Drude oscillator energy has been calculated using the following method: multipole-gradient
Induction Parameters:
    Functional Form = 
	E(ind)_ij = shell_charge - A*K2(rij)*(1 + a_yml*Y_ml)*exp(-bij*rij)
Fitted Atomtypes 
               A        
HT6(0)        0.063071
               A        
CCl(0)        0.429543
               A             a_y10           a_y20      
H2O(0)        0.294428        0.906043        0.554453
               A             a_y10           a_y20           a_y22c     
OH2(0)        0.049852        0.148668        1.000000       -1.000000
               A             a_y10           a_y20      
Cl(0)        1.132057       -0.273049       -0.267102
Constrained Atomtypes 
  None
------------
Induction RMS Error: 9.49240e-05
Induction Weighted RMS Error: 9.49240e-05
Induction Weighted Absolute Error: -1.43037e-06
Induction Weighted Least-Squares Error: 4.55011e-06
--------------------------------------------
DHF Parameters:
    Functional Form = 
	E(dhf)_ij = - A*K2(rij)*(1 + a_yml*Y_ml)*exp(-bij*rij)
Fitted Atomtypes 
               A        
HT6(0)        0.269920
               A        
CCl(0)        0.269895
               A             a_y10           a_y20      
H2O(0)        0.074649       -1.000000        0.270436
               A             a_y10           a_y20           a_y22c     
OH2(0)        0.518890       -0.221702       -0.003341       -0.028395
               A             a_y10           a_y20      
Cl(0)        1.295329       -0.385447       -0.160479
Constrained Atomtypes 
  None
------------
Dhf RMS Error: 9.62237e-05
Dhf Weighted RMS Error: 9.62237e-05
Dhf Weighted Absolute Error: 1.54939e-06
Dhf Weighted Least-Squares Error: 4.64758e-06
--------------------------------------------
Dispersion Parameters:
    Functional Form = 
	E(disp)_ij = sum_(n=6,8,10,12){A*fdamp_n*(Cij_n/r_ij^n)}
               C6              C8             C10             C12       
HT6          1.498389        6.488268       33.240608        0.000000
CCl          4.847096       18.798288       63.256519      202.859856
H2O          0.880629        1.744112       16.442916        0.000000
OH2          5.035664       23.165974      110.758015      470.057253
Cl           9.656104       40.197680      256.351184     1144.914599
Fitted Atomtypes 
               A        
HT6(0)        0.922609
               A        
CCl(0)        1.117643
               A             a_y10           a_y20      
H2O(0)        1.155221       -0.122985       -0.031047
               A             a_y10           a_y20           a_y22c     
OH2(0)        0.921211       -0.032335        0.023301       -0.125313
               A             a_y10           a_y20      
Cl(0)        1.057678       -0.262013       -0.221343
Constrained Atomtypes 
  None
------------
Dispersion RMS Error: 3.74601e-05
Dispersion Weighted RMS Error: 3.74601e-05
Dispersion Weighted Absolute Error: -9.52190e-07
Dispersion Weighted Least-Squares Error: 7.63447e-07
--------------------------------------------
Total Energy:
------------
Total Energy RMS Error: 3.14037e-04
Total Energy Weighted RMS Error: 3.14037e-04
Total Energy Weighted Absolute Error: 5.64718e-06
Total Energy Weighted Least-Squares Error: 4.27796e-05
--------------------------------------------
#########################################################################


