########################## FF Fitting Summary ###########################
--------------------------------------------
Program Version: 1.1.0
Short-range Functional Form: born-mayer
Combination Rules: aij = geometric
                   bij = geometric_mean
Electrostatic Damping Type: None
Thole Param: 0.39
Fitting weight: eff_mu = 0.0 Ha
                eff_kt = 0.0263 Ha
Weighted RMSE cutoff: 0.0 Ha
Anisotropic Atomtypes: None
All parameters have been radially corrected to account for Slater overlap
This radial correction is approximate, and is only rigorous for the case where bi = bj.
------------
Exponents (Optimized):
HT6(0)     2.821933
CCl(0)     1.641935
H2O(0)     1.498549
OH2(0)     2.468562
Cl(0)      2.067237
------------
Monomer 1 Multipole File:
chloromethane_ISA-GRID_L0.mom
Monomer 2 Multipole File:
h2o_ISA-GRID_L0.mom
--------------------------------------------
Exchange Parameters:
    Functional Form = 
	E(exch)_ij = A*K2(rij)*(1 + a_yml*Y_ml)*exp(-bij*rij)
    where the a coefficient for each spherical harmonic term Y_ml
    is listed in the parameters below and 
	K2(rij) = 1/3*(bij*rij)**2 + bij*rij + 1 
Fitted Atomtypes 
               A        
HT6(0)        1.015582
               A        
H2O(0)        0.085386
               A        
CCl(0)        1.067955
               A        
OH2(0)        5.971151
               A        
Cl(0)        5.687185
Constrained Atomtypes 
  None
------------
Exchange RMS Error: 1.49151e-03
Exchange Weighted RMS Error: 1.49151e-03
Exchange Weighted Absolute Error: -9.06456e-05
Exchange Weighted Least-Squares Error: 5.90540e-04
--------------------------------------------
Electrostatic Parameters:
    Functional Form = 
	E(elst)_ij = f_damp*qi*qj/rij - A*K2(rij)*(1 + a_yml*Y_ml)*exp(-bij*rij)
Fitted Atomtypes 
               A        
HT6(0)        0.571064
               A        
H2O(0)        0.021371
               A        
CCl(0)        0.671095
               A        
OH2(0)        3.391429
               A        
Cl(0)        4.547461
Constrained Atomtypes 
  None
------------
Electrostatics RMS Error: 9.94811e-04
Electrostatics Weighted RMS Error: 9.94811e-04
Electrostatics Weighted Absolute Error: 1.00538e-04
Electrostatics Weighted Least-Squares Error: 5.36109e-04
--------------------------------------------
Drude oscillator energy has been calculated using the following method: multipole-gradient
Induction Parameters:
    Functional Form = 
	E(ind)_ij = shell_charge - A*K2(rij)*(1 + a_yml*Y_ml)*exp(-bij*rij)
Fitted Atomtypes 
               A        
HT6(0)        0.000000
               A        
H2O(0)        0.043443
               A        
CCl(0)        0.142191
               A        
OH2(0)        0.145410
               A        
Cl(0)        0.911479
Constrained Atomtypes 
  None
------------
Induction RMS Error: 1.73274e-04
Induction Weighted RMS Error: 1.73274e-04
Induction Weighted Absolute Error: 3.42930e-05
Induction Weighted Least-Squares Error: 1.51352e-05
--------------------------------------------
DHF Parameters:
    Functional Form = 
	E(dhf)_ij = - A*K2(rij)*(1 + a_yml*Y_ml)*exp(-bij*rij)
Fitted Atomtypes 
               A        
HT6(0)        0.526318
               A        
H2O(0)        0.024972
               A        
CCl(0)        0.013960
               A        
OH2(0)        1.008741
               A        
Cl(0)        1.476919
Constrained Atomtypes 
  None
------------
Dhf RMS Error: 1.41574e-04
Dhf Weighted RMS Error: 1.41574e-04
Dhf Weighted Absolute Error: -6.97686e-07
Dhf Weighted Least-Squares Error: 1.00772e-05
--------------------------------------------
Dispersion Parameters:
    Functional Form = 
	E(disp)_ij = sum_(n=6,8,10,12){A*fdamp_n*(Cij_n/r_ij^n)}
               C6              C8             C10             C12       
HT6          1.498389        6.488268       33.240608        0.000000
CCl          4.847096       18.798288       63.256519      202.859856
H2O          0.880629        1.744112       16.442916        0.000000
OH2          5.035664       23.165974      110.758015      470.057253
Cl           9.656104       40.197680      256.351184     1144.914599
Fitted Atomtypes 
               A        
HT6(0)        0.887156
               A        
H2O(0)        1.300000
               A        
CCl(0)        1.300000
               A        
OH2(0)        0.797127
               A        
Cl(0)        1.300000
Constrained Atomtypes 
  None
------------
Dispersion RMS Error: 2.64331e-04
Dispersion Weighted RMS Error: 2.64331e-04
Dispersion Weighted Absolute Error: -2.14745e-05
Dispersion Weighted Least-Squares Error: 3.86721e-05
--------------------------------------------
Total Energy:
------------
Total Energy RMS Error: 1.29705e-03
Total Energy Weighted RMS Error: 1.29705e-03
Total Energy Weighted Absolute Error: 2.20135e-05
Total Energy Weighted Least-Squares Error: 7.23544e-04
--------------------------------------------
#########################################################################


