########################## FF Fitting Summary ###########################
--------------------------------------------
Program Version: 1.1.0
Short-range Functional Form: born-mayer
Combination Rules: aij = geometric
                   bij = geometric_mean
Electrostatic Damping Type: None
Thole Param: 0.39
Fitting weight: eff_mu = 0.0 Ha
                eff_kt = 0.0263 Ha
Weighted RMSE cutoff: 0.0 Ha
Anisotropic Atomtypes: None
All parameters have been radially corrected to account for Slater overlap
This radial correction is approximate, and is only rigorous for the case where bi = bj.
------------
Exponents (Optimized):
HT6(0)     2.821933
CCl(0)     1.641935
H2O(0)     1.498549
OH2(0)     2.468562
Cl(0)      2.067237
------------
Monomer 1 Multipole File:
chloromethane_ISA-GRID_L2.mom
Monomer 2 Multipole File:
h2o_ISA-GRID_L2.mom
--------------------------------------------
Exchange Parameters:
    Functional Form = 
	E(exch)_ij = A*K2(rij)*(1 + a_yml*Y_ml)*exp(-bij*rij)
    where the a coefficient for each spherical harmonic term Y_ml
    is listed in the parameters below and 
	K2(rij) = 1/3*(bij*rij)**2 + bij*rij + 1 
Fitted Atomtypes 
               A        
HT6(0)        1.015582
               A        
H2O(0)        0.085386
               A        
CCl(0)        1.067955
               A        
OH2(0)        5.971151
               A        
Cl(0)        5.687185
Constrained Atomtypes 
  None
------------
Exchange RMS Error: 1.49151e-03
Exchange Weighted RMS Error: 1.49151e-03
Exchange Weighted Absolute Error: -9.06456e-05
Exchange Weighted Least-Squares Error: 5.90540e-04
--------------------------------------------
Electrostatic Parameters:
    Functional Form = 
	E(elst)_ij = f_damp*qi*qj/rij - A*K2(rij)*(1 + a_yml*Y_ml)*exp(-bij*rij)
Fitted Atomtypes 
               A        
HT6(0)        0.484881
               A        
H2O(0)        0.023578
               A        
CCl(0)        0.830012
               A        
OH2(0)        3.217095
               A        
Cl(0)        4.678176
Constrained Atomtypes 
  None
------------
Electrostatics RMS Error: 8.09793e-04
Electrostatics Weighted RMS Error: 8.09793e-04
Electrostatics Weighted Absolute Error: 4.77502e-05
Electrostatics Weighted Least-Squares Error: 3.82764e-04
--------------------------------------------
Drude oscillator energy has been calculated using the following method: multipole-gradient
Induction Parameters:
    Functional Form = 
	E(ind)_ij = shell_charge - A*K2(rij)*(1 + a_yml*Y_ml)*exp(-bij*rij)
Fitted Atomtypes 
               A        
HT6(0)        0.103401
               A        
H2O(0)        0.045103
               A        
CCl(0)        0.070519
               A        
OH2(0)        0.403924
               A        
Cl(0)        0.944891
Constrained Atomtypes 
  None
------------
Induction RMS Error: 1.12955e-04
Induction Weighted RMS Error: 1.12955e-04
Induction Weighted Absolute Error: 8.61121e-06
Induction Weighted Least-Squares Error: 6.45561e-06
--------------------------------------------
DHF Parameters:
    Functional Form = 
	E(dhf)_ij = - A*K2(rij)*(1 + a_yml*Y_ml)*exp(-bij*rij)
Fitted Atomtypes 
               A        
HT6(0)        0.554339
               A        
H2O(0)        0.023935
               A        
CCl(0)        0.021629
               A        
OH2(0)        0.949202
               A        
Cl(0)        1.567553
Constrained Atomtypes 
  None
------------
Dhf RMS Error: 1.31154e-04
Dhf Weighted RMS Error: 1.31154e-04
Dhf Weighted Absolute Error: -8.86241e-07
Dhf Weighted Least-Squares Error: 8.64544e-06
--------------------------------------------
Dispersion Parameters:
    Functional Form = 
	E(disp)_ij = sum_(n=6,8,10,12){A*fdamp_n*(Cij_n/r_ij^n)}
               C6              C8             C10             C12       
HT6          1.498389        6.488268       33.240608        0.000000
CCl          4.847096       18.798288       63.256519      202.859856
H2O          0.880629        1.744112       16.442916        0.000000
OH2          5.035664       23.165974      110.758015      470.057253
Cl           9.656104       40.197680      256.351184     1144.914599
Fitted Atomtypes 
               A        
HT6(0)        0.887156
               A        
H2O(0)        1.300000
               A        
CCl(0)        1.300000
               A        
OH2(0)        0.797127
               A        
Cl(0)        1.300000
Constrained Atomtypes 
  None
------------
Dispersion RMS Error: 2.64331e-04
Dispersion Weighted RMS Error: 2.64331e-04
Dispersion Weighted Absolute Error: -2.14745e-05
Dispersion Weighted Least-Squares Error: 3.86721e-05
--------------------------------------------
Total Energy:
------------
Total Energy RMS Error: 7.20356e-04
Total Energy Weighted RMS Error: 7.20356e-04
Total Energy Weighted Absolute Error: -5.66450e-05
Total Energy Weighted Least-Squares Error: 2.13887e-04
--------------------------------------------
#########################################################################


########################## FF Fitting Summary ###########################
--------------------------------------------
Program Version: 1.1.0
Short-range Functional Form: born-mayer
Combination Rules: aij = geometric
                   bij = geometric_mean
Electrostatic Damping Type: None
Thole Param: 0.39
Fitting weight: eff_mu = 0.0 Ha
                eff_kt = 0.0263 Ha
Weighted RMSE cutoff: 0.0 Ha
Anisotropic Atomtypes: None
All parameters have been radially corrected to account for Slater overlap
This radial correction is approximate, and is only rigorous for the case where bi = bj.
------------
Exponents (Optimized):
HT6(0)     2.821933
CCl(0)     1.641935
H2O(0)     1.498549
OH2(0)     2.468562
Cl(0)      2.067237
------------
Monomer 1 Multipole File:
chloromethane_ISA-GRID_L2.mom
Monomer 2 Multipole File:
h2o_ISA-GRID_L2.mom
--------------------------------------------
Exchange Parameters:
    Functional Form = 
	E(exch)_ij = A*K2(rij)*(1 + a_yml*Y_ml)*exp(-bij*rij)
    where the a coefficient for each spherical harmonic term Y_ml
    is listed in the parameters below and 
	K2(rij) = 1/3*(bij*rij)**2 + bij*rij + 1 
Fitted Atomtypes 
               A        
HT6(0)        1.015582
               A        
H2O(0)        0.085386
               A        
CCl(0)        1.067955
               A        
OH2(0)        5.971151
               A        
Cl(0)        5.687185
Constrained Atomtypes 
  None
------------
Exchange RMS Error: 1.49151e-03
Exchange Weighted RMS Error: 1.49151e-03
Exchange Weighted Absolute Error: -9.06456e-05
Exchange Weighted Least-Squares Error: 5.90540e-04
--------------------------------------------
Electrostatic Parameters:
    Functional Form = 
	E(elst)_ij = f_damp*qi*qj/rij - A*K2(rij)*(1 + a_yml*Y_ml)*exp(-bij*rij)
Fitted Atomtypes 
               A        
HT6(0)        0.484881
               A        
H2O(0)        0.023578
               A        
CCl(0)        0.830012
               A        
OH2(0)        3.217095
               A        
Cl(0)        4.678176
Constrained Atomtypes 
  None
------------
Electrostatics RMS Error: 8.09793e-04
Electrostatics Weighted RMS Error: 8.09793e-04
Electrostatics Weighted Absolute Error: 4.77502e-05
Electrostatics Weighted Least-Squares Error: 3.82764e-04
--------------------------------------------
Drude oscillator energy has been calculated using the following method: multipole-gradient
Induction Parameters:
    Functional Form = 
	E(ind)_ij = shell_charge - A*K2(rij)*(1 + a_yml*Y_ml)*exp(-bij*rij)
Fitted Atomtypes 
               A        
HT6(0)        0.103403
               A        
H2O(0)        0.045102
               A        
CCl(0)        0.070521
               A        
OH2(0)        0.403915
               A        
Cl(0)        0.944913
Constrained Atomtypes 
  None
------------
Induction RMS Error: 1.12955e-04
Induction Weighted RMS Error: 1.12955e-04
Induction Weighted Absolute Error: 8.61121e-06
Induction Weighted Least-Squares Error: 6.45561e-06
--------------------------------------------
DHF Parameters:
    Functional Form = 
	E(dhf)_ij = - A*K2(rij)*(1 + a_yml*Y_ml)*exp(-bij*rij)
Fitted Atomtypes 
               A        
HT6(0)        0.554333
               A        
H2O(0)        0.023935
               A        
CCl(0)        0.021620
               A        
OH2(0)        0.949213
               A        
Cl(0)        1.567527
Constrained Atomtypes 
  None
------------
Dhf RMS Error: 1.31155e-04
Dhf Weighted RMS Error: 1.31155e-04
Dhf Weighted Absolute Error: -8.86108e-07
Dhf Weighted Least-Squares Error: 8.64554e-06
--------------------------------------------
Dispersion Parameters:
    Functional Form = 
	E(disp)_ij = sum_(n=6,8,10,12){A*fdamp_n*(Cij_n/r_ij^n)}
               C6              C8             C10             C12       
HT6          1.498389        6.488268       33.240608        0.000000
CCl          4.847096       18.798288       63.256519      202.859856
H2O          0.880629        1.744112       16.442916        0.000000
OH2          5.035664       23.165974      110.758015      470.057253
Cl           9.656104       40.197680      256.351184     1144.914599
Fitted Atomtypes 
               A        
HT6(0)        0.887156
               A        
H2O(0)        1.300000
               A        
CCl(0)        1.300000
               A        
OH2(0)        0.797127
               A        
Cl(0)        1.300000
Constrained Atomtypes 
  None
------------
Dispersion RMS Error: 2.64331e-04
Dispersion Weighted RMS Error: 2.64331e-04
Dispersion Weighted Absolute Error: -2.14745e-05
Dispersion Weighted Least-Squares Error: 3.86721e-05
--------------------------------------------
Total Energy:
------------
Total Energy RMS Error: 7.20355e-04
Total Energy Weighted RMS Error: 7.20355e-04
Total Energy Weighted Absolute Error: -5.66449e-05
Total Energy Weighted Least-Squares Error: 2.13886e-04
--------------------------------------------
#########################################################################


