########################## FF Fitting Summary ###########################
--------------------------------------------
Program Version: 1.1.0
Short-range Functional Form: born-mayer
Combination Rules: aij = geometric
                   bij = geometric_mean
Electrostatic Damping Type: None
Thole Param: 0.39
Fitting weight: eff_mu = 0.0 Ha
                eff_kt = 0.0077 Ha
Weighted RMSE cutoff: 0.0 Ha
Anisotropic Atomtypes: None
All parameters have been radially corrected to account for Slater overlap
This radial correction is approximate, and is only rigorous for the case where bi = bj.
------------
Exponents (Optimized):
HT6(0)     2.533325
CCl(0)     2.009063
HT4(0)     2.115032
CT4(0)     1.910446
Cl(0)      2.141651
------------
Monomer 1 Multipole File:
chloromethane_ISA-GRID_L0.mom
Monomer 2 Multipole File:
methane_ISA-GRID_L0.mom
--------------------------------------------
Exchange Parameters:
    Functional Form = 
	E(exch)_ij = A*K2(rij)*(1 + a_yml*Y_ml)*exp(-bij*rij)
    where the a coefficient for each spherical harmonic term Y_ml
    is listed in the parameters below and 
	K2(rij) = 1/3*(bij*rij)**2 + bij*rij + 1 
Fitted Atomtypes 
               A        
CT4(0)        3.870198
               A        
HT6(0)        0.458838
               A        
HT4(0)        0.893466
               A        
CCl(0)        1.159292
               A        
Cl(0)        3.707649
Constrained Atomtypes 
  None
------------
Exchange RMS Error: 1.06261e-03
Exchange Weighted RMS Error: 1.06261e-03
Exchange Weighted Absolute Error: -3.18203e-06
Exchange Weighted Least-Squares Error: 7.28026e-05
--------------------------------------------
Electrostatic Parameters:
    Functional Form = 
	E(elst)_ij = f_damp*qi*qj/rij - A*K2(rij)*(1 + a_yml*Y_ml)*exp(-bij*rij)
Fitted Atomtypes 
               A        
CT4(0)        1.960692
               A        
HT6(0)        0.267513
               A        
HT4(0)        0.307963
               A        
CCl(0)        0.998959
               A        
Cl(0)        3.249215
Constrained Atomtypes 
  None
------------
Electrostatics RMS Error: 4.19889e-04
Electrostatics Weighted RMS Error: 4.19889e-04
Electrostatics Weighted Absolute Error: 2.24590e-05
Electrostatics Weighted Least-Squares Error: 1.33701e-04
--------------------------------------------
Drude oscillator energy has been calculated using the following method: multipole-gradient
Induction Parameters:
    Functional Form = 
	E(ind)_ij = shell_charge - A*K2(rij)*(1 + a_yml*Y_ml)*exp(-bij*rij)
Fitted Atomtypes 
               A        
CT4(0)        0.322249
               A        
HT6(0)        0.144933
               A        
HT4(0)        0.086472
               A        
CCl(0)        0.275994
               A        
Cl(0)        1.406997
Constrained Atomtypes 
  None
------------
Induction RMS Error: 1.75112e-04
Induction Weighted RMS Error: 1.75112e-04
Induction Weighted Absolute Error: 2.52692e-05
Induction Weighted Least-Squares Error: 1.69107e-05
--------------------------------------------
DHF Parameters:
    Functional Form = 
	E(dhf)_ij = - A*K2(rij)*(1 + a_yml*Y_ml)*exp(-bij*rij)
Fitted Atomtypes 
               A        
CT4(0)        0.000000
               A        
HT6(0)        0.406080
               A        
HT4(0)        0.154013
               A        
CCl(0)        0.000000
               A        
Cl(0)        1.765779
Constrained Atomtypes 
  None
------------
Dhf RMS Error: 1.65130e-04
Dhf Weighted RMS Error: 1.65130e-04
Dhf Weighted Absolute Error: -8.15843e-06
Dhf Weighted Least-Squares Error: 1.46538e-05
--------------------------------------------
Dispersion Parameters:
    Functional Form = 
	E(disp)_ij = sum_(n=6,8,10,12){A*fdamp_n*(Cij_n/r_ij^n)}
               C6              C8             C10             C12       
HT6          1.498389        6.488268       33.240608        0.000000
CCl          4.847096       18.798288       63.256519      202.859856
HT4          1.498389        6.488268       33.240608        0.000000
CT4          4.847096       18.798288       63.256519      202.859856
Cl           9.656104       40.197680      256.351184     1144.914599
Fitted Atomtypes 
               A        
CT4(0)        1.000000
               A        
HT6(0)        1.000000
               A        
HT4(0)        1.000000
               A        
CCl(0)        1.000000
               A        
Cl(0)        1.000000
Constrained Atomtypes 
  None
------------
Dispersion RMS Error: 6.30410e-04
Dispersion Weighted RMS Error: 6.30410e-04
Dispersion Weighted Absolute Error: -8.98026e-05
Dispersion Weighted Least-Squares Error: 2.98318e-04
--------------------------------------------
Total Energy:
------------
Total Energy RMS Error: 6.87113e-04
Total Energy Weighted RMS Error: 6.87113e-04
Total Energy Weighted Absolute Error: -5.34148e-05
Total Energy Weighted Least-Squares Error: 1.37586e-04
--------------------------------------------
#########################################################################


