########################## FF Fitting Summary ###########################
--------------------------------------------
Program Version: 1.1.0
Short-range Functional Form: born-mayer
Combination Rules: aij = geometric
                   bij = geometric_mean
Electrostatic Damping Type: None
Thole Param: 0.39
Fitting weight: eff_mu = 0.0 Ha
                eff_kt = 0.0031 Ha
Weighted RMSE cutoff: 0.0 Ha
Anisotropic Atomtypes: None
All parameters have been radially corrected to account for Slater overlap
This radial correction is approximate, and is only rigorous for the case where bi = bj.
------------
Exponents:
HT6(0)     2.509578
CCl(0)     1.699659
HT4(0)     2.284224
CT4(0)     1.983284
Cl(0)      2.030667
------------
Monomer 1 Multipole File:
chloromethane_ISA-GRID_L0.mom
Monomer 2 Multipole File:
methane_ISA-GRID_L0.mom
--------------------------------------------
Exchange Parameters:
    Functional Form = 
	E(exch)_ij = A*K2(rij)*(1 + a_yml*Y_ml)*exp(-bij*rij)
    where the a coefficient for each spherical harmonic term Y_ml
    is listed in the parameters below and 
	K2(rij) = 1/3*(bij*rij)**2 + bij*rij + 1 
Fitted Atomtypes 
  None
Constrained Atomtypes 
               A        
CT4(0)        2.302355
               A        
HT6(0)        0.774793
               A        
HT4(0)        0.643486
               A        
CCl(0)        1.299334
               A        
Cl(0)        5.548311
------------
Exchange RMS Error: 1.16454e-03
Exchange Weighted RMS Error: 1.16454e-03
Exchange Weighted Absolute Error: -1.06290e-06
Exchange Weighted Least-Squares Error: 1.72432e-05
--------------------------------------------
Electrostatic Parameters:
    Functional Form = 
	E(elst)_ij = f_damp*qi*qj/rij - A*K2(rij)*(1 + a_yml*Y_ml)*exp(-bij*rij)
Fitted Atomtypes 
  None
Constrained Atomtypes 
               A        
CT4(0)        1.510176
               A        
HT6(0)        0.331763
               A        
HT4(0)        0.306267
               A        
CCl(0)        0.764428
               A        
Cl(0)        3.719409
------------
Electrostatics RMS Error: 4.21527e-04
Electrostatics Weighted RMS Error: 4.21527e-04
Electrostatics Weighted Absolute Error: 2.59712e-05
Electrostatics Weighted Least-Squares Error: 1.57234e-04
--------------------------------------------
Drude oscillator energy has been calculated using the following method: multipole-gradient
Induction Parameters:
    Functional Form = 
	E(ind)_ij = shell_charge - A*K2(rij)*(1 + a_yml*Y_ml)*exp(-bij*rij)
Fitted Atomtypes 
  None
Constrained Atomtypes 
               A        
CT4(0)        0.071163
               A        
HT6(0)        0.133618
               A        
HT4(0)        0.152282
               A        
CCl(0)        0.141282
               A        
Cl(0)        1.328538
------------
Induction RMS Error: 1.81460e-04
Induction Weighted RMS Error: 1.81460e-04
Induction Weighted Absolute Error: 2.67099e-05
Induction Weighted Least-Squares Error: 2.06470e-05
--------------------------------------------
DHF Parameters:
    Functional Form = 
	E(dhf)_ij = - A*K2(rij)*(1 + a_yml*Y_ml)*exp(-bij*rij)
Fitted Atomtypes 
  None
Constrained Atomtypes 
               A        
CT4(0)        0.102420
               A        
HT6(0)        0.374980
               A        
HT4(0)        0.226166
               A        
CCl(0)        0.000000
               A        
Cl(0)        1.030108
------------
Dhf RMS Error: 1.94411e-04
Dhf Weighted RMS Error: 1.94411e-04
Dhf Weighted Absolute Error: -1.41550e-05
Dhf Weighted Least-Squares Error: 2.25945e-05
--------------------------------------------
Dispersion Parameters:
    Functional Form = 
	E(disp)_ij = sum_(n=6,8,10,12){A*fdamp_n*(Cij_n/r_ij^n)}
               C6              C8             C10             C12       
CT4          4.847096       18.798288       63.256519      202.859856
HT6          1.498389        6.488268       33.240608        0.000000
HT4          1.498389        6.488268       33.240608        0.000000
Cl           9.656104       40.197680      256.351184     1144.914599
CCl          4.847096       18.798288       63.256519      202.859856
Fitted Atomtypes 
  None
Constrained Atomtypes 
               A        
CT4(0)        1.017087
               A        
HT6(0)        0.851721
               A        
HT4(0)        1.016115
               A        
CCl(0)        1.138026
               A        
Cl(0)        1.149241
------------
Dispersion RMS Error: 1.71147e-04
Dispersion Weighted RMS Error: 1.71147e-04
Dispersion Weighted Absolute Error: 1.32516e-07
Dispersion Weighted Least-Squares Error: 2.66673e-05
--------------------------------------------
Total Energy:
------------
Total Energy RMS Error: 7.20780e-04
Total Energy Weighted RMS Error: 7.20780e-04
Total Energy Weighted Absolute Error: 3.75957e-05
Total Energy Weighted Least-Squares Error: 6.06659e-05
--------------------------------------------
#########################################################################


