########################## FF Fitting Summary ###########################
--------------------------------------------
Program Version: 1.1.0
Short-range Functional Form: born-mayer
Combination Rules: aij = geometric
                   bij = geometric_mean
Electrostatic Damping Type: None
Thole Param: 0.39
Fitting weight: eff_mu = 0.0 Ha
                eff_kt = 0.0077 Ha
Weighted RMSE cutoff: 0.0 Ha
Anisotropic Atomtypes: None
All parameters have been radially corrected to account for Slater overlap
This radial correction is approximate, and is only rigorous for the case where bi = bj.
------------
Exponents (Optimized):
HT6(0)     2.533325
CCl(0)     2.009063
HT4(0)     2.115032
CT4(0)     1.910446
Cl(0)      2.141651
------------
Monomer 1 Multipole File:
chloromethane_ISA-GRID_L2.mom
Monomer 2 Multipole File:
methane_ISA-GRID_L2.mom
--------------------------------------------
Exchange Parameters:
    Functional Form = 
	E(exch)_ij = A*K2(rij)*(1 + a_yml*Y_ml)*exp(-bij*rij)
    where the a coefficient for each spherical harmonic term Y_ml
    is listed in the parameters below and 
	K2(rij) = 1/3*(bij*rij)**2 + bij*rij + 1 
Fitted Atomtypes 
               A        
CT4(0)        3.870198
               A        
HT6(0)        0.458838
               A        
HT4(0)        0.893466
               A        
CCl(0)        1.159292
               A        
Cl(0)        3.707649
Constrained Atomtypes 
  None
------------
Exchange RMS Error: 1.06261e-03
Exchange Weighted RMS Error: 1.06261e-03
Exchange Weighted Absolute Error: -3.18203e-06
Exchange Weighted Least-Squares Error: 7.28026e-05
--------------------------------------------
Electrostatic Parameters:
    Functional Form = 
	E(elst)_ij = f_damp*qi*qj/rij - A*K2(rij)*(1 + a_yml*Y_ml)*exp(-bij*rij)
Fitted Atomtypes 
               A        
CT4(0)        2.240143
               A        
HT6(0)        0.224942
               A        
HT4(0)        0.321574
               A        
CCl(0)        0.986324
               A        
Cl(0)        2.981740
Constrained Atomtypes 
  None
------------
Electrostatics RMS Error: 4.28051e-04
Electrostatics Weighted RMS Error: 4.28051e-04
Electrostatics Weighted Absolute Error: 2.88405e-05
Electrostatics Weighted Least-Squares Error: 1.41897e-04
--------------------------------------------
Drude oscillator energy has been calculated using the following method: multipole-gradient
Induction Parameters:
    Functional Form = 
	E(ind)_ij = shell_charge - A*K2(rij)*(1 + a_yml*Y_ml)*exp(-bij*rij)
Fitted Atomtypes 
               A        
CT4(0)        0.340994
               A        
HT6(0)        0.152752
               A        
HT4(0)        0.081867
               A        
CCl(0)        0.222507
               A        
Cl(0)        1.419933
Constrained Atomtypes 
  None
------------
Induction RMS Error: 1.63664e-04
Induction Weighted RMS Error: 1.63664e-04
Induction Weighted Absolute Error: 1.92671e-05
Induction Weighted Least-Squares Error: 1.48091e-05
--------------------------------------------
DHF Parameters:
    Functional Form = 
	E(dhf)_ij = - A*K2(rij)*(1 + a_yml*Y_ml)*exp(-bij*rij)
Fitted Atomtypes 
               A        
CT4(0)        0.000000
               A        
HT6(0)        0.404012
               A        
HT4(0)        0.154667
               A        
CCl(0)        0.000000
               A        
Cl(0)        1.758777
Constrained Atomtypes 
  None
------------
Dhf RMS Error: 1.63932e-04
Dhf Weighted RMS Error: 1.63932e-04
Dhf Weighted Absolute Error: -8.14507e-06
Dhf Weighted Least-Squares Error: 1.44394e-05
--------------------------------------------
Dispersion Parameters:
    Functional Form = 
	E(disp)_ij = sum_(n=6,8,10,12){A*fdamp_n*(Cij_n/r_ij^n)}
               C6              C8             C10             C12       
HT6          1.498389        6.488268       33.240608        0.000000
CCl          4.847096       18.798288       63.256519      202.859856
HT4          1.498389        6.488268       33.240608        0.000000
CT4          4.847096       18.798288       63.256519      202.859856
Cl           9.656104       40.197680      256.351184     1144.914599
Fitted Atomtypes 
               A        
CT4(0)        1.034130
               A        
HT6(0)        0.963492
               A        
HT4(0)        1.002265
               A        
CCl(0)        0.842724
               A        
Cl(0)        1.226943
Constrained Atomtypes 
  None
------------
Dispersion RMS Error: 1.30541e-04
Dispersion Weighted RMS Error: 1.30541e-04
Dispersion Weighted Absolute Error: 1.51817e-05
Dispersion Weighted Least-Squares Error: 1.24018e-05
--------------------------------------------
Total Energy:
------------
Total Energy RMS Error: 6.85752e-04
Total Energy Weighted RMS Error: 6.85752e-04
Total Energy Weighted Absolute Error: 5.19622e-05
Total Energy Weighted Least-Squares Error: 1.14046e-04
--------------------------------------------
#########################################################################


########################## FF Fitting Summary ###########################
--------------------------------------------
Program Version: 1.1.0
Short-range Functional Form: born-mayer
Combination Rules: aij = geometric
                   bij = geometric_mean
Electrostatic Damping Type: None
Thole Param: 0.39
Fitting weight: eff_mu = 0.0 Ha
                eff_kt = 0.0077 Ha
Weighted RMSE cutoff: 0.0 Ha
Anisotropic Atomtypes: None
All parameters have been radially corrected to account for Slater overlap
This radial correction is approximate, and is only rigorous for the case where bi = bj.
------------
Exponents (Optimized):
HT6(0)     2.533325
CCl(0)     2.009063
HT4(0)     2.115032
CT4(0)     1.910446
Cl(0)      2.141651
------------
Monomer 1 Multipole File:
chloromethane_ISA-GRID_L2.mom
Monomer 2 Multipole File:
methane_ISA-GRID_L2.mom
--------------------------------------------
Exchange Parameters:
    Functional Form = 
	E(exch)_ij = A*K2(rij)*(1 + a_yml*Y_ml)*exp(-bij*rij)
    where the a coefficient for each spherical harmonic term Y_ml
    is listed in the parameters below and 
	K2(rij) = 1/3*(bij*rij)**2 + bij*rij + 1 
Fitted Atomtypes 
               A        
CT4(0)        3.870198
               A        
HT6(0)        0.458838
               A        
HT4(0)        0.893466
               A        
CCl(0)        1.159292
               A        
Cl(0)        3.707649
Constrained Atomtypes 
  None
------------
Exchange RMS Error: 1.06261e-03
Exchange Weighted RMS Error: 1.06261e-03
Exchange Weighted Absolute Error: -3.18203e-06
Exchange Weighted Least-Squares Error: 7.28026e-05
--------------------------------------------
Electrostatic Parameters:
    Functional Form = 
	E(elst)_ij = f_damp*qi*qj/rij - A*K2(rij)*(1 + a_yml*Y_ml)*exp(-bij*rij)
Fitted Atomtypes 
               A        
CT4(0)        2.240143
               A        
HT6(0)        0.224942
               A        
HT4(0)        0.321574
               A        
CCl(0)        0.986324
               A        
Cl(0)        2.981740
Constrained Atomtypes 
  None
------------
Electrostatics RMS Error: 4.28051e-04
Electrostatics Weighted RMS Error: 4.28051e-04
Electrostatics Weighted Absolute Error: 2.88405e-05
Electrostatics Weighted Least-Squares Error: 1.41897e-04
--------------------------------------------
Drude oscillator energy has been calculated using the following method: multipole-gradient
Induction Parameters:
    Functional Form = 
	E(ind)_ij = shell_charge - A*K2(rij)*(1 + a_yml*Y_ml)*exp(-bij*rij)
Fitted Atomtypes 
               A        
CT4(0)        0.340995
               A        
HT6(0)        0.152752
               A        
HT4(0)        0.081867
               A        
CCl(0)        0.222507
               A        
Cl(0)        1.419930
Constrained Atomtypes 
  None
------------
Induction RMS Error: 1.63664e-04
Induction Weighted RMS Error: 1.63664e-04
Induction Weighted Absolute Error: 1.92671e-05
Induction Weighted Least-Squares Error: 1.48091e-05
--------------------------------------------
DHF Parameters:
    Functional Form = 
	E(dhf)_ij = - A*K2(rij)*(1 + a_yml*Y_ml)*exp(-bij*rij)
Fitted Atomtypes 
               A        
CT4(0)        0.000000
               A        
HT6(0)        0.404010
               A        
HT4(0)        0.154667
               A        
CCl(0)        0.000000
               A        
Cl(0)        1.758777
Constrained Atomtypes 
  None
------------
Dhf RMS Error: 1.63930e-04
Dhf Weighted RMS Error: 1.63930e-04
Dhf Weighted Absolute Error: -8.14444e-06
Dhf Weighted Least-Squares Error: 1.44391e-05
--------------------------------------------
Dispersion Parameters:
    Functional Form = 
	E(disp)_ij = sum_(n=6,8,10,12){A*fdamp_n*(Cij_n/r_ij^n)}
               C6              C8             C10             C12       
HT6          1.498389        6.488268       33.240608        0.000000
CCl          4.847096       18.798288       63.256519      202.859856
HT4          1.498389        6.488268       33.240608        0.000000
CT4          4.847096       18.798288       63.256519      202.859856
Cl           9.656104       40.197680      256.351184     1144.914599
Fitted Atomtypes 
               A        
CT4(0)        1.034130
               A        
HT6(0)        0.963492
               A        
HT4(0)        1.002265
               A        
CCl(0)        0.842724
               A        
Cl(0)        1.226943
Constrained Atomtypes 
  None
------------
Dispersion RMS Error: 1.30541e-04
Dispersion Weighted RMS Error: 1.30541e-04
Dispersion Weighted Absolute Error: 1.51817e-05
Dispersion Weighted Least-Squares Error: 1.24018e-05
--------------------------------------------
Total Energy:
------------
Total Energy RMS Error: 6.85752e-04
Total Energy Weighted RMS Error: 6.85752e-04
Total Energy Weighted Absolute Error: 5.19628e-05
Total Energy Weighted Least-Squares Error: 1.14046e-04
--------------------------------------------
#########################################################################


