########################## FF Fitting Summary ###########################
--------------------------------------------
Program Version: 1.1.0
Short-range Functional Form: born-mayer
Combination Rules: aij = geometric
                   bij = geometric_mean
Electrostatic Damping Type: None
Thole Param: 0.39
Fitting weight: eff_mu = 0.0 Ha
                eff_kt = 0.0462 Ha
Weighted RMSE cutoff: 0.0 Ha
Anisotropic Atomtypes: HN1  N1   OH1  HO1  
All parameters have been radially corrected to account for Slater overlap
This radial correction is approximate, and is only rigorous for the case where bi = bj.
------------
Exponents (Optimized):
CO2(0)     1.926384
CN(0)      2.270639
HN1(0)     2.423416
HO1(0)     2.360080
N1(0)      1.951627
OH1(0)     2.303394
HT9(0)     2.151112
HT8(0)     2.290198
------------
Monomer 1 Multipole File:
methanol_ISA-GRID_L2.mom
Monomer 2 Multipole File:
methyl_amine_ISA-GRID_L2.mom
--------------------------------------------
Exchange Parameters:
    Functional Form = 
	E(exch)_ij = A*K2(rij)*(1 + a_yml*Y_ml)*exp(-bij*rij)
    where the a coefficient for each spherical harmonic term Y_ml
    is listed in the parameters below and 
	K2(rij) = 1/3*(bij*rij)**2 + bij*rij + 1 
Fitted Atomtypes 
               A        
CO2(0)        2.028332
               A        
CN(0)        3.008913
               A        
HT9(0)        0.452318
               A        
HT8(0)        0.764761
               A             a_y10           a_y20      
HN1(0)        0.310648       -0.980331       -0.587501
               A             a_y10           a_y20           a_y22c     
N1(0)        1.906494       -0.106145        0.487388        0.025799
               A             a_y10           a_y20           a_y22c     
OH1(0)        2.614115       -0.747646       -0.041363       -0.667457
               A             a_y10           a_y20      
HO1(0)        0.642940       -0.068782       -0.285736
Constrained Atomtypes 
  None
------------
Exchange RMS Error: 6.54055e-04
Exchange Weighted RMS Error: 2.40093e-04
Exchange Weighted Absolute Error: -1.07302e-05
Exchange Weighted Least-Squares Error: 1.51451e-04
--------------------------------------------
Electrostatic Parameters:
    Functional Form = 
	E(elst)_ij = f_damp*qi*qj/rij - A*K2(rij)*(1 + a_yml*Y_ml)*exp(-bij*rij)
Fitted Atomtypes 
               A        
CO2(0)        1.240502
               A        
CN(0)        2.078982
               A        
HT9(0)        0.224317
               A        
HT8(0)        0.351703
               A             a_y10           a_y20      
HN1(0)        0.117540       -1.000000       -0.485268
               A             a_y10           a_y20           a_y22c     
N1(0)        1.459708        0.023936        0.493628        0.008157
               A             a_y10           a_y20           a_y22c     
OH1(0)        1.970321       -0.331007        0.070315       -0.537907
               A             a_y10           a_y20      
HO1(0)        0.429701        0.842518        0.234037
Constrained Atomtypes 
  None
------------
Electrostatics RMS Error: 2.80739e-04
Electrostatics Weighted RMS Error: 1.30471e-04
Electrostatics Weighted Absolute Error: 1.64205e-06
Electrostatics Weighted Least-Squares Error: 4.05300e-05
--------------------------------------------
Drude oscillator energy has been calculated using the following method: multipole-gradient
Induction Parameters:
    Functional Form = 
	E(ind)_ij = shell_charge - A*K2(rij)*(1 + a_yml*Y_ml)*exp(-bij*rij)
Fitted Atomtypes 
               A        
CO2(0)        0.019271
               A        
CN(0)        0.156882
               A        
HT9(0)        0.022957
               A        
HT8(0)        0.352779
               A             a_y10           a_y20      
HN1(0)        0.063608       -1.000000       -0.761503
               A             a_y10           a_y20           a_y22c     
N1(0)        0.000000        0.874478       -0.444183        0.108492
               A             a_y10           a_y20           a_y22c     
OH1(0)        0.000000        0.912338       -0.145448        0.284793
               A             a_y10           a_y20      
HO1(0)        1.129635        0.996470        0.508735
Constrained Atomtypes 
  None
------------
Induction RMS Error: 1.66809e-04
Induction Weighted RMS Error: 7.43219e-05
Induction Weighted Absolute Error: -1.29048e-05
Induction Weighted Least-Squares Error: 1.35175e-05
--------------------------------------------
DHF Parameters:
    Functional Form = 
	E(dhf)_ij = - A*K2(rij)*(1 + a_yml*Y_ml)*exp(-bij*rij)
Fitted Atomtypes 
               A        
CO2(0)        0.000000
               A        
CN(0)        0.008711
               A        
HT9(0)        0.091768
               A        
HT8(0)        0.509903
               A             a_y10           a_y20      
HN1(0)        0.051496       -1.000000        0.056000
               A             a_y10           a_y20           a_y22c     
N1(0)        0.266615       -0.102214        0.504924       -0.027283
               A             a_y10           a_y20           a_y22c     
OH1(0)        1.272436       -0.776626       -0.223573       -0.216300
               A             a_y10           a_y20      
HO1(0)        0.181123       -1.000000        0.242709
Constrained Atomtypes 
  None
------------
Dhf RMS Error: 7.98241e-05
Dhf Weighted RMS Error: 2.86779e-05
Dhf Weighted Absolute Error: 5.95628e-06
Dhf Weighted Least-Squares Error: 3.10612e-06
--------------------------------------------
Dispersion Parameters:
    Functional Form = 
	E(disp)_ij = sum_(n=6,8,10,12){A*fdamp_n*(Cij_n/r_ij^n)}
               C6              C8             C10             C12       
CO2          4.847096       18.798288       63.256519      202.859856
CN           4.966795       19.262513       64.818644      207.869495
HN1          1.306964        4.117935       31.050725        0.000000
HO1          1.275466        4.018693       30.302404        0.000000
N1           4.878202       25.576829      142.574149      704.112767
OH1          3.819955       17.890308       89.856938      392.757676
HT9          1.535392        6.648497       34.061487        0.000000
HT8          1.498389        6.488268       33.240608        0.000000
Fitted Atomtypes 
               A        
CO2(0)        1.000000
               A        
CN(0)        1.000000
               A        
HT9(0)        1.000000
               A        
HT8(0)        1.000000
               A             a_y10           a_y20      
HN1(0)        1.000000        0.366323        0.261595
               A             a_y10           a_y20           a_y22c     
N1(0)        1.000000       -0.092247        0.188990        0.065232
               A             a_y10           a_y20           a_y22c     
OH1(0)        1.000000       -0.028286        0.110278       -0.091327
               A             a_y10           a_y20      
HO1(0)        1.000000        0.354917        0.155474
Constrained Atomtypes 
  None
------------
Dispersion RMS Error: 1.37821e-04
Dispersion Weighted RMS Error: 7.63723e-05
Dispersion Weighted Absolute Error: 6.99963e-07
Dispersion Weighted Least-Squares Error: 9.74594e-06
--------------------------------------------
Total Energy:
------------
Total Energy RMS Error: 4.60336e-04
Total Energy Weighted RMS Error: 2.01372e-04
Total Energy Weighted Absolute Error: -1.53366e-05
Total Energy Weighted Least-Squares Error: 9.35807e-05
--------------------------------------------
#########################################################################


