########################## FF Fitting Summary ###########################
--------------------------------------------
Program Version: 1.1.0
Short-range Functional Form: born-mayer
Combination Rules: aij = geometric
                   bij = geometric_mean
Electrostatic Damping Type: None
Thole Param: 0.39
Fitting weight: eff_mu = 0.0 Ha
                eff_kt = 0.0462 Ha
Weighted RMSE cutoff: 0.0 Ha
Anisotropic Atomtypes: None
All parameters have been radially corrected to account for Slater overlap
This radial correction is approximate, and is only rigorous for the case where bi = bj.
------------
Exponents (Optimized):
CO2(0)     1.869027
CN(0)      2.700542
HN1(0)     2.289138
HO1(0)     1.553537
N1(0)      1.818776
OH1(0)     2.695606
HT9(0)     1.866183
HT8(0)     2.565674
------------
Monomer 1 Multipole File:
methanol_ISA-GRID_L0.mom
Monomer 2 Multipole File:
methyl_amine_ISA-GRID_L0.mom
--------------------------------------------
Exchange Parameters:
    Functional Form = 
	E(exch)_ij = A*K2(rij)*(1 + a_yml*Y_ml)*exp(-bij*rij)
    where the a coefficient for each spherical harmonic term Y_ml
    is listed in the parameters below and 
	K2(rij) = 1/3*(bij*rij)**2 + bij*rij + 1 
Fitted Atomtypes 
               A        
CO2(0)        1.160669
               A        
CN(0)        9.005848
               A        
HN1(0)        0.347451
               A        
HO1(0)        0.071800
               A        
N1(0)        2.667308
               A        
OH1(0)        5.778690
               A        
HT9(0)        0.376563
               A        
HT8(0)        0.847179
Constrained Atomtypes 
  None
------------
Exchange RMS Error: 1.14607e-03
Exchange Weighted RMS Error: 1.14607e-03
Exchange Weighted Absolute Error: -2.60929e-05
Exchange Weighted Least-Squares Error: 4.74626e-04
--------------------------------------------
Electrostatic Parameters:
    Functional Form = 
	E(elst)_ij = f_damp*qi*qj/rij - A*K2(rij)*(1 + a_yml*Y_ml)*exp(-bij*rij)
Fitted Atomtypes 
               A        
CO2(0)        0.649887
               A        
CN(0)        5.059061
               A        
HN1(0)        0.135576
               A        
HO1(0)        0.023679
               A        
N1(0)        1.776242
               A        
OH1(0)        3.664020
               A        
HT9(0)        0.206166
               A        
HT8(0)        0.458241
Constrained Atomtypes 
  None
------------
Electrostatics RMS Error: 7.41727e-04
Electrostatics Weighted RMS Error: 7.41727e-04
Electrostatics Weighted Absolute Error: -5.91756e-05
Electrostatics Weighted Least-Squares Error: 2.83441e-04
--------------------------------------------
Drude oscillator energy has been calculated using the following method: multipole-gradient
Induction Parameters:
    Functional Form = 
	E(ind)_ij = shell_charge - A*K2(rij)*(1 + a_yml*Y_ml)*exp(-bij*rij)
Fitted Atomtypes 
               A        
CO2(0)        0.000000
               A        
CN(0)        0.000000
               A        
HN1(0)        0.154727
               A        
HO1(0)        0.073561
               A        
N1(0)        0.226657
               A        
OH1(0)        0.013172
               A        
HT9(0)        0.059850
               A        
HT8(0)        0.205259
Constrained Atomtypes 
  None
------------
Induction RMS Error: 1.27405e-04
Induction Weighted RMS Error: 1.27405e-04
Induction Weighted Absolute Error: -9.99940e-06
Induction Weighted Least-Squares Error: 7.88425e-06
--------------------------------------------
DHF Parameters:
    Functional Form = 
	E(dhf)_ij = - A*K2(rij)*(1 + a_yml*Y_ml)*exp(-bij*rij)
Fitted Atomtypes 
               A        
CO2(0)        0.000000
               A        
CN(0)        0.065280
               A        
HN1(0)        0.227639
               A        
HO1(0)        0.012545
               A        
N1(0)        1.183431
               A        
OH1(0)        0.707252
               A        
HT9(0)        0.246652
               A        
HT8(0)        0.164979
Constrained Atomtypes 
  None
------------
Dhf RMS Error: 1.06732e-04
Dhf Weighted RMS Error: 1.06732e-04
Dhf Weighted Absolute Error: 2.65301e-06
Dhf Weighted Least-Squares Error: 5.54296e-06
--------------------------------------------
Dispersion Parameters:
    Functional Form = 
	E(disp)_ij = sum_(n=6,8,10,12){A*fdamp_n*(Cij_n/r_ij^n)}
               C6              C8             C10             C12       
CO2          4.847096       18.798288       63.256519      202.859856
CN           4.966795       19.262513       64.818644      207.869495
HN1          1.306964        4.117935       31.050725        0.000000
HO1          1.275466        4.018693       30.302404        0.000000
N1           4.878202       25.576829      142.574149      704.112767
OH1          3.819955       17.890308       89.856938      392.757676
HT9          1.535392        6.648497       34.061487        0.000000
HT8          1.498389        6.488268       33.240608        0.000000
Fitted Atomtypes 
               A        
CO2(0)        1.000000
               A        
CN(0)        1.000000
               A        
HN1(0)        1.000000
               A        
HO1(0)        1.000000
               A        
N1(0)        1.000000
               A        
OH1(0)        1.000000
               A        
HT9(0)        1.000000
               A        
HT8(0)        1.000000
Constrained Atomtypes 
  None
------------
Dispersion RMS Error: 3.72900e-04
Dispersion Weighted RMS Error: 3.72900e-04
Dispersion Weighted Absolute Error: 9.23103e-06
Dispersion Weighted Least-Squares Error: 7.19145e-05
--------------------------------------------
Total Energy:
------------
Total Energy RMS Error: 1.05278e-03
Total Energy Weighted RMS Error: 1.05278e-03
Total Energy Weighted Absolute Error: -8.33839e-05
Total Energy Weighted Least-Squares Error: 4.97970e-04
--------------------------------------------
#########################################################################


