########################## FF Fitting Summary ###########################
--------------------------------------------
Program Version: 1.1.0
Short-range Functional Form: born-mayer
Combination Rules: aij = geometric
                   bij = geometric_mean
Electrostatic Damping Type: None
Thole Param: 0.39
Fitting weight: eff_mu = 0.0 Ha
                eff_kt = 0.0185 Ha
Weighted RMSE cutoff: 0.0 Ha
Anisotropic Atomtypes: None
All parameters have been radially corrected to account for Slater overlap
This radial correction is approximate, and is only rigorous for the case where bi = bj.
------------
Exponents:
CO2(0)     2.055636
CN(0)      2.450399
HN1(0)     2.654498
HO1(0)     1.963706
N1(0)      1.930449
OH1(0)     2.332931
HT9(0)     2.048156
HT8(0)     2.282453
------------
Monomer 1 Multipole File:
methanol_ISA-GRID_L2.mom
Monomer 2 Multipole File:
methyl_amine_ISA-GRID_L2.mom
--------------------------------------------
Exchange Parameters:
    Functional Form = 
	E(exch)_ij = A*K2(rij)*(1 + a_yml*Y_ml)*exp(-bij*rij)
    where the a coefficient for each spherical harmonic term Y_ml
    is listed in the parameters below and 
	K2(rij) = 1/3*(bij*rij)**2 + bij*rij + 1 
Fitted Atomtypes 
  None
Constrained Atomtypes 
               A        
CO2(0)        1.875871
               A        
CN(0)        5.135521
               A        
HN1(0)        0.515439
               A        
HO1(0)        0.156397
               A        
N1(0)        2.663061
               A        
OH1(0)        4.063486
               A        
HT9(0)        0.435917
               A        
HT8(0)        0.657359
------------
Exchange RMS Error: 1.24961e-03
Exchange Weighted RMS Error: 4.19338e-04
Exchange Weighted Absolute Error: 1.45395e-05
Exchange Weighted Least-Squares Error: 3.22769e-04
--------------------------------------------
Electrostatic Parameters:
    Functional Form = 
	E(elst)_ij = f_damp*qi*qj/rij - A*K2(rij)*(1 + a_yml*Y_ml)*exp(-bij*rij)
Fitted Atomtypes 
  None
Constrained Atomtypes 
               A        
CO2(0)        1.114800
               A        
CN(0)        3.482835
               A        
HN1(0)        0.112216
               A        
HO1(0)        0.042578
               A        
N1(0)        1.856790
               A        
OH1(0)        2.681533
               A        
HT9(0)        0.209074
               A        
HT8(0)        0.339779
------------
Electrostatics RMS Error: 5.61529e-04
Electrostatics Weighted RMS Error: 1.95456e-04
Electrostatics Weighted Absolute Error: -7.31672e-06
Electrostatics Weighted Least-Squares Error: 1.84264e-04
--------------------------------------------
Drude oscillator energy has been calculated using the following method: multipole-gradient
Induction Parameters:
    Functional Form = 
	E(ind)_ij = shell_charge - A*K2(rij)*(1 + a_yml*Y_ml)*exp(-bij*rij)
Fitted Atomtypes 
  None
Constrained Atomtypes 
               A        
CO2(0)        0.442563
               A        
CN(0)        1.036693
               A        
HN1(0)        0.271505
               A        
HO1(0)        0.089763
               A        
N1(0)        0.085372
               A        
OH1(0)        0.000000
               A        
HT9(0)        0.059529
               A        
HT8(0)        0.096637
------------
Induction RMS Error: 1.80061e-04
Induction Weighted RMS Error: 8.75292e-05
Induction Weighted Absolute Error: -1.30087e-05
Induction Weighted Least-Squares Error: 1.61081e-05
--------------------------------------------
DHF Parameters:
    Functional Form = 
	E(dhf)_ij = - A*K2(rij)*(1 + a_yml*Y_ml)*exp(-bij*rij)
Fitted Atomtypes 
  None
Constrained Atomtypes 
               A        
CO2(0)        0.000000
               A        
CN(0)        0.000000
               A        
HN1(0)        0.178350
               A        
HO1(0)        0.053691
               A        
N1(0)        0.562949
               A        
OH1(0)        0.909228
               A        
HT9(0)        0.165903
               A        
HT8(0)        0.230543
------------
Dhf RMS Error: 1.26422e-04
Dhf Weighted RMS Error: 4.73195e-05
Dhf Weighted Absolute Error: -9.86699e-07
Dhf Weighted Least-Squares Error: 7.96184e-06
--------------------------------------------
Dispersion Parameters:
    Functional Form = 
	E(disp)_ij = sum_(n=6,8,10,12){A*fdamp_n*(Cij_n/r_ij^n)}
               C6              C8             C10             C12       
CO2          4.847096       18.798288       63.256519      202.859856
CN           4.966795       19.262513       64.818644      207.869495
HN1          1.306964        4.117935       31.050725        0.000000
HO1          1.275466        4.018693       30.302404        0.000000
N1           4.878202       25.576829      142.574149      704.112767
OH1          3.819955       17.890308       89.856938      392.757676
HT9          1.535392        6.648497       34.061487        0.000000
HT8          1.498389        6.488268       33.240608        0.000000
Fitted Atomtypes 
  None
Constrained Atomtypes 
               A        
CO2(0)        1.000000
               A        
CN(0)        1.000000
               A        
HN1(0)        1.000000
               A        
HO1(0)        1.000000
               A        
N1(0)        1.000000
               A        
OH1(0)        1.000000
               A        
HT9(0)        1.000000
               A        
HT8(0)        1.000000
------------
Dispersion RMS Error: 4.26407e-04
Dispersion Weighted RMS Error: 2.08113e-04
Dispersion Weighted Absolute Error: 5.49024e-05
Dispersion Weighted Least-Squares Error: 1.03424e-04
--------------------------------------------
Total Energy:
------------
Total Energy RMS Error: 7.29059e-04
Total Energy Weighted RMS Error: 2.94059e-04
Total Energy Weighted Absolute Error: 4.81297e-05
Total Energy Weighted Least-Squares Error: 2.11479e-04
--------------------------------------------
#########################################################################


