########################## FF Fitting Summary ###########################
--------------------------------------------
Program Version: 1.1.0
Short-range Functional Form: born-mayer
Combination Rules: aij = geometric
                   bij = geometric_mean
Electrostatic Damping Type: None
Thole Param: 0.39
Fitting weight: eff_mu = 0.0 Ha
                eff_kt = 0.0228 Ha
Weighted RMSE cutoff: 0.0 Ha
Anisotropic Atomtypes: None
All parameters have been radially corrected to account for Slater overlap
This radial correction is approximate, and is only rigorous for the case where bi = bj.
------------
Exponents (Optimized):
CN(0)      2.201287
CCl(0)     1.644585
Cl(0)      2.242430
HN1(0)     2.613054
HT6(0)     2.947573
N1(0)      1.717136
HT9(0)     1.983943
------------
Monomer 1 Multipole File:
chloromethane_ISA-GRID_L0.mom
Monomer 2 Multipole File:
methyl_amine_ISA-GRID_L0.mom
--------------------------------------------
Exchange Parameters:
    Functional Form = 
	E(exch)_ij = A*K2(rij)*(1 + a_yml*Y_ml)*exp(-bij*rij)
    where the a coefficient for each spherical harmonic term Y_ml
    is listed in the parameters below and 
	K2(rij) = 1/3*(bij*rij)**2 + bij*rij + 1 
Fitted Atomtypes 
               A        
CN(0)        4.471288
               A        
CCl(0)        0.732567
               A        
Cl(0)        4.812786
               A        
HN1(0)        0.962212
               A        
HT6(0)        0.740362
               A        
N1(0)        2.887466
               A        
HT9(0)        0.707131
Constrained Atomtypes 
  None
------------
Exchange RMS Error: 1.69472e-03
Exchange Weighted RMS Error: 1.69472e-03
Exchange Weighted Absolute Error: -2.44070e-05
Exchange Weighted Least-Squares Error: 5.10647e-04
--------------------------------------------
Electrostatic Parameters:
    Functional Form = 
	E(elst)_ij = f_damp*qi*qj/rij - A*K2(rij)*(1 + a_yml*Y_ml)*exp(-bij*rij)
Fitted Atomtypes 
               A        
CN(0)        3.070236
               A        
CCl(0)        0.422003
               A        
Cl(0)        3.209324
               A        
HN1(0)        0.228526
               A        
HT6(0)        0.360919
               A        
N1(0)        2.008689
               A        
HT9(0)        0.343797
Constrained Atomtypes 
  None
------------
Electrostatics RMS Error: 8.66004e-04
Electrostatics Weighted RMS Error: 8.66004e-04
Electrostatics Weighted Absolute Error: 2.37557e-05
Electrostatics Weighted Least-Squares Error: 4.44180e-04
--------------------------------------------
Drude oscillator energy has been calculated using the following method: multipole-gradient
Induction Parameters:
    Functional Form = 
	E(ind)_ij = shell_charge - A*K2(rij)*(1 + a_yml*Y_ml)*exp(-bij*rij)
Fitted Atomtypes 
               A        
CN(0)        1.139386
               A        
CCl(0)        0.081504
               A        
Cl(0)        0.880905
               A        
HN1(0)        0.299376
               A        
HT6(0)        0.141169
               A        
N1(0)        0.543547
               A        
HT9(0)        0.098464
Constrained Atomtypes 
  None
------------
Induction RMS Error: 1.87179e-04
Induction Weighted RMS Error: 1.87179e-04
Induction Weighted Absolute Error: 1.66403e-05
Induction Weighted Least-Squares Error: 1.79212e-05
--------------------------------------------
DHF Parameters:
    Functional Form = 
	E(dhf)_ij = - A*K2(rij)*(1 + a_yml*Y_ml)*exp(-bij*rij)
Fitted Atomtypes 
               A        
CN(0)        0.000000
               A        
CCl(0)        0.000000
               A        
Cl(0)        0.518224
               A        
HN1(0)        0.900290
               A        
HT6(0)        0.165017
               A        
N1(0)        1.019788
               A        
HT9(0)        0.487347
Constrained Atomtypes 
  None
------------
Dhf RMS Error: 2.48289e-04
Dhf Weighted RMS Error: 2.48289e-04
Dhf Weighted Absolute Error: -2.71945e-05
Dhf Weighted Least-Squares Error: 3.06238e-05
--------------------------------------------
Dispersion Parameters:
    Functional Form = 
	E(disp)_ij = sum_(n=6,8,10,12){A*fdamp_n*(Cij_n/r_ij^n)}
               C6              C8             C10             C12       
CN           4.966795       19.262513       64.818644      207.869495
CCl          4.847096       18.798288       63.256519      202.859856
Cl           9.656104       40.197680      256.351184     1144.914599
HN1          1.306964        4.117935       31.050725        0.000000
HT6          1.498389        6.488268       33.240608        0.000000
N1           4.878202       25.576829      142.574149      704.112767
HT9          1.535392        6.648497       34.061487        0.000000
Fitted Atomtypes 
               A        
CN(0)        0.736844
               A        
CCl(0)        1.300000
               A        
Cl(0)        1.098230
               A        
HN1(0)        0.700000
               A        
HT6(0)        0.707175
               A        
N1(0)        1.300000
               A        
HT9(0)        1.137984
Constrained Atomtypes 
  None
------------
Dispersion RMS Error: 2.53503e-04
Dispersion Weighted RMS Error: 2.53503e-04
Dispersion Weighted Absolute Error: -6.91068e-06
Dispersion Weighted Least-Squares Error: 3.71823e-05
--------------------------------------------
Total Energy:
------------
Total Energy RMS Error: 1.09171e-03
Total Energy Weighted RMS Error: 1.09171e-03
Total Energy Weighted Absolute Error: -1.81162e-05
Total Energy Weighted Least-Squares Error: 4.55065e-04
--------------------------------------------
#########################################################################


