########################## FF Fitting Summary ###########################
--------------------------------------------
Program Version: 1.1.0
Short-range Functional Form: born-mayer
Combination Rules: aij = geometric
                   bij = geometric_mean
Electrostatic Damping Type: None
Thole Param: 0.39
Fitting weight: eff_mu = 0.0 Ha
                eff_kt = 0.0228 Ha
Weighted RMSE cutoff: 0.0 Ha
Anisotropic Atomtypes: HN1  N1   Cl   
All parameters have been radially corrected to account for Slater overlap
This radial correction is approximate, and is only rigorous for the case where bi = bj.
------------
Exponents (Optimized):
CN(0)      2.166821
CCl(0)     2.244420
Cl(0)      2.164874
HN1(0)     2.311736
HT6(0)     2.452091
N1(0)      1.853862
HT9(0)     2.004692
------------
Monomer 1 Multipole File:
chloromethane_ISA-GRID_L2.mom
Monomer 2 Multipole File:
methyl_amine_ISA-GRID_L2.mom
--------------------------------------------
Exchange Parameters:
    Functional Form = 
	E(exch)_ij = A*K2(rij)*(1 + a_yml*Y_ml)*exp(-bij*rij)
    where the a coefficient for each spherical harmonic term Y_ml
    is listed in the parameters below and 
	K2(rij) = 1/3*(bij*rij)**2 + bij*rij + 1 
Fitted Atomtypes 
               A        
HT6(0)        0.508125
               A        
CN(0)        4.105325
               A        
HT9(0)        0.641722
               A        
CCl(0)        2.710691
               A             a_y10           a_y20      
HN1(0)        0.499354       -1.000000       -0.602044
               A             a_y10           a_y20           a_y22c     
N1(0)        2.656319       -0.092657        0.533166        0.045323
               A             a_y10           a_y20      
Cl(0)        3.895153       -0.539689       -0.638293
Constrained Atomtypes 
  None
------------
Exchange RMS Error: 7.49019e-04
Exchange Weighted RMS Error: 7.49019e-04
Exchange Weighted Absolute Error: 1.39147e-05
Exchange Weighted Least-Squares Error: 1.09920e-04
--------------------------------------------
Electrostatic Parameters:
    Functional Form = 
	E(elst)_ij = f_damp*qi*qj/rij - A*K2(rij)*(1 + a_yml*Y_ml)*exp(-bij*rij)
Fitted Atomtypes 
               A        
HT6(0)        0.238464
               A        
CN(0)        2.567881
               A        
HT9(0)        0.302532
               A        
CCl(0)        1.673404
               A             a_y10           a_y20      
HN1(0)        0.167165       -1.000000       -0.439103
               A             a_y10           a_y20           a_y22c     
N1(0)        1.848404       -0.043890        0.516378        0.074284
               A             a_y10           a_y20      
Cl(0)        2.815808       -0.386709       -0.580333
Constrained Atomtypes 
  None
------------
Electrostatics RMS Error: 3.81658e-04
Electrostatics Weighted RMS Error: 3.81658e-04
Electrostatics Weighted Absolute Error: 1.18664e-05
Electrostatics Weighted Least-Squares Error: 8.82035e-05
--------------------------------------------
Drude oscillator energy has been calculated using the following method: multipole-gradient
Induction Parameters:
    Functional Form = 
	E(ind)_ij = shell_charge - A*K2(rij)*(1 + a_yml*Y_ml)*exp(-bij*rij)
Fitted Atomtypes 
               A        
HT6(0)        0.074833
               A        
CN(0)        1.287213
               A        
HT9(0)        0.072155
               A        
CCl(0)        0.188477
               A             a_y10           a_y20      
HN1(0)        0.495472        1.000000        0.548533
               A             a_y10           a_y20           a_y22c     
N1(0)        0.283282        0.444361        0.994554       -0.234369
               A             a_y10           a_y20      
Cl(0)        0.905858        0.039269       -0.073406
Constrained Atomtypes 
  None
------------
Induction RMS Error: 1.66070e-04
Induction Weighted RMS Error: 1.66070e-04
Induction Weighted Absolute Error: 1.20499e-05
Induction Weighted Least-Squares Error: 1.40352e-05
--------------------------------------------
DHF Parameters:
    Functional Form = 
	E(dhf)_ij = - A*K2(rij)*(1 + a_yml*Y_ml)*exp(-bij*rij)
Fitted Atomtypes 
               A        
HT6(0)        0.083833
               A        
CN(0)        0.000000
               A        
HT9(0)        0.612884
               A        
CCl(0)        0.000000
               A             a_y10           a_y20      
HN1(0)        0.481224       -1.000000        0.307686
               A             a_y10           a_y20           a_y22c     
N1(0)        0.937610       -1.000000       -0.163633        0.107331
               A             a_y10           a_y20      
Cl(0)        0.326927       -0.720525       -0.176951
Constrained Atomtypes 
  None
------------
Dhf RMS Error: 1.92325e-04
Dhf Weighted RMS Error: 1.92325e-04
Dhf Weighted Absolute Error: -5.89209e-06
Dhf Weighted Least-Squares Error: 1.83454e-05
--------------------------------------------
Dispersion Parameters:
    Functional Form = 
	E(disp)_ij = sum_(n=6,8,10,12){A*fdamp_n*(Cij_n/r_ij^n)}
               C6              C8             C10             C12       
CN           4.966795       19.262513       64.818644      207.869495
CCl          4.847096       18.798288       63.256519      202.859856
Cl           9.656104       40.197680      256.351184     1144.914599
HN1          1.306964        4.117935       31.050725        0.000000
HT6          1.498389        6.488268       33.240608        0.000000
N1           4.878202       25.576829      142.574149      704.112767
HT9          1.535392        6.648497       34.061487        0.000000
Fitted Atomtypes 
               A        
HT6(0)        0.868603
               A        
CN(0)        0.737984
               A        
HT9(0)        1.292964
               A        
CCl(0)        1.024724
               A             a_y10           a_y20      
HN1(0)        0.700904       -0.548713       -0.194747
               A             a_y10           a_y20           a_y22c     
N1(0)        1.202156       -0.117563        0.218378        0.050653
               A             a_y10           a_y20      
Cl(0)        0.941554       -0.262589       -0.213846
Constrained Atomtypes 
  None
------------
Dispersion RMS Error: 9.51557e-05
Dispersion Weighted RMS Error: 9.51557e-05
Dispersion Weighted Absolute Error: -1.12616e-05
Dispersion Weighted Least-Squares Error: 5.14143e-06
--------------------------------------------
Total Energy:
------------
Total Energy RMS Error: 5.00112e-04
Total Energy Weighted RMS Error: 5.00112e-04
Total Energy Weighted Absolute Error: 2.06774e-05
Total Energy Weighted Least-Squares Error: 9.66209e-05
--------------------------------------------
#########################################################################


