########################## FF Fitting Summary ###########################
--------------------------------------------
Program Version: 1.1.0
Short-range Functional Form: born-mayer
Combination Rules: aij = geometric
                   bij = geometric_mean
Electrostatic Damping Type: None
Thole Param: 0.39
Fitting weight: eff_mu = 0.0 Ha
                eff_kt = 0.0025 Ha
Weighted RMSE cutoff: 0.0 Ha
Anisotropic Atomtypes: None
All parameters have been radially corrected to account for Slater overlap
This radial correction is approximate, and is only rigorous for the case where bi = bj.
------------
Exponents:
HT7(0)     2.236386
Ar(0)      2.220941
CO(0)      1.933594
O(0)       2.319445
------------
Monomer 1 Multipole File:
ar_ISA-GRID_L2.mom
Monomer 2 Multipole File:
dimethyl_ether_ISA-GRID_L2.mom
--------------------------------------------
Exchange Parameters:
    Functional Form = 
	E(exch)_ij = A*K2(rij)*(1 + a_yml*Y_ml)*exp(-bij*rij)
    where the a coefficient for each spherical harmonic term Y_ml
    is listed in the parameters below and 
	K2(rij) = 1/3*(bij*rij)**2 + bij*rij + 1 
Fitted Atomtypes 
  None
Constrained Atomtypes 
               A        
HT7(0)        0.636992
               A        
Ar(0)        6.842610
               A        
CO(0)        1.553522
               A        
O(0)         3.388801
------------
Exchange RMS Error: 6.50757e-04
Exchange Weighted RMS Error: 1.39462e-04
Exchange Weighted Absolute Error: 7.48709e-06
Exchange Weighted Least-Squares Error: 7.35222e-06
--------------------------------------------
Electrostatic Parameters:
    Functional Form = 
	E(elst)_ij = f_damp*qi*qj/rij - A*K2(rij)*(1 + a_yml*Y_ml)*exp(-bij*rij)
Fitted Atomtypes 
  None
Constrained Atomtypes 
               A        
HT7(0)        0.316388
               A        
Ar(0)        3.951206
               A        
CO(0)        1.004880
               A        
O(0)         2.270286
------------
Electrostatics RMS Error: 2.78632e-04
Electrostatics Weighted RMS Error: 6.30885e-05
Electrostatics Weighted Absolute Error: -4.04857e-07
Electrostatics Weighted Least-Squares Error: 6.85535e-05
--------------------------------------------
Drude oscillator energy has been calculated using the following method: multipole-gradient
Induction Parameters:
    Functional Form = 
	E(ind)_ij = shell_charge - A*K2(rij)*(1 + a_yml*Y_ml)*exp(-bij*rij)
Fitted Atomtypes 
  None
Constrained Atomtypes 
               A        
HT7(0)        0.129679
               A        
Ar(0)        0.890557
               A        
CO(0)        0.128564
               A        
O(0)         0.000000
------------
Induction RMS Error: 5.35055e-05
Induction Weighted RMS Error: 1.14288e-05
Induction Weighted Absolute Error: 2.25276e-06
Induction Weighted Least-Squares Error: 1.64426e-06
--------------------------------------------
DHF Parameters:
    Functional Form = 
	E(dhf)_ij = - A*K2(rij)*(1 + a_yml*Y_ml)*exp(-bij*rij)
Fitted Atomtypes 
  None
Constrained Atomtypes 
               A        
HT7(0)        0.223485
               A        
Ar(0)        1.374643
               A        
CO(0)        0.000000
               A        
O(0)         0.893574
------------
Dhf RMS Error: 3.26739e-05
Dhf Weighted RMS Error: 5.01506e-06
Dhf Weighted Absolute Error: 1.73414e-06
Dhf Weighted Least-Squares Error: 6.45972e-07
--------------------------------------------
Dispersion Parameters:
    Functional Form = 
	E(disp)_ij = sum_(n=6,8,10,12){A*fdamp_n*(Cij_n/r_ij^n)}
               C6              C8             C10             C12       
HT7          1.498389        6.488268       33.240608        0.000000
Ar           8.426582       39.451011      194.132705      842.434187
CO           4.847096       18.798288       63.256519      202.859856
O            3.497808       16.327053       81.333632      354.498305
Fitted Atomtypes 
  None
Constrained Atomtypes 
               A        
HT7(0)        1.000000
               A        
Ar(0)        1.000000
               A        
CO(0)        1.000000
               A        
O(0)         1.000000
------------
Dispersion RMS Error: 1.02068e-04
Dispersion Weighted RMS Error: 5.18386e-05
Dispersion Weighted Absolute Error: -2.50633e-05
Dispersion Weighted Least-Squares Error: 8.70410e-06
--------------------------------------------
Total Energy:
------------
Total Energy RMS Error: 3.54899e-04
Total Energy Weighted RMS Error: 7.12300e-05
Total Energy Weighted Absolute Error: -1.39941e-05
Total Energy Weighted Least-Squares Error: 2.19595e-05
--------------------------------------------
#########################################################################


