########################## FF Fitting Summary ###########################
--------------------------------------------
Program Version: 1.1.0
Short-range Functional Form: born-mayer
Combination Rules: aij = geometric
                   bij = geometric_mean
Electrostatic Damping Type: None
Thole Param: 0.39
Fitting weight: eff_mu = 0.0 Ha
                eff_kt = 0.0025 Ha
Weighted RMSE cutoff: 0.0 Ha
Anisotropic Atomtypes: O    
All parameters have been radially corrected to account for Slater overlap
This radial correction is approximate, and is only rigorous for the case where bi = bj.
------------
Exponents:
HT7(0)     2.199197
Ar(0)      2.220941
CO(0)      2.102972
O(0)       2.290632
------------
Monomer 1 Multipole File:
ar_ISA-GRID_L2.mom
Monomer 2 Multipole File:
dimethyl_ether_ISA-GRID_L2.mom
--------------------------------------------
Exchange Parameters:
    Functional Form = 
	E(exch)_ij = A*K2(rij)*(1 + a_yml*Y_ml)*exp(-bij*rij)
    where the a coefficient for each spherical harmonic term Y_ml
    is listed in the parameters below and 
	K2(rij) = 1/3*(bij*rij)**2 + bij*rij + 1 
Fitted Atomtypes 
  None
Constrained Atomtypes 
               A        
HT7(0)        0.610126
               A        
Ar(0)        6.842610
               A        
CO(0)        2.394140
               A             a_y10           a_y20           a_y22c     
O(0)         1.716903       -0.748190        0.479788       -1.000000
------------
Exchange RMS Error: 4.53772e-04
Exchange Weighted RMS Error: 4.53772e-04
Exchange Weighted Absolute Error: 6.74925e-06
Exchange Weighted Least-Squares Error: 4.98525e-06
--------------------------------------------
Electrostatic Parameters:
    Functional Form = 
	E(elst)_ij = f_damp*qi*qj/rij - A*K2(rij)*(1 + a_yml*Y_ml)*exp(-bij*rij)
Fitted Atomtypes 
  None
Constrained Atomtypes 
               A        
HT7(0)        0.305230
               A        
Ar(0)        3.951206
               A        
CO(0)        1.542017
               A             a_y10           a_y20           a_y22c     
O(0)         1.133586       -0.873385        0.246797       -1.000000
------------
Electrostatics RMS Error: 2.05221e-04
Electrostatics Weighted RMS Error: 2.05221e-04
Electrostatics Weighted Absolute Error: -1.47617e-06
Electrostatics Weighted Least-Squares Error: 3.64653e-05
--------------------------------------------
Drude oscillator energy has been calculated using the following method: multipole-gradient
Induction Parameters:
    Functional Form = 
	E(ind)_ij = shell_charge - A*K2(rij)*(1 + a_yml*Y_ml)*exp(-bij*rij)
Fitted Atomtypes 
  None
Constrained Atomtypes 
               A        
HT7(0)        0.119235
               A        
Ar(0)        0.890557
               A        
CO(0)        0.176392
               A             a_y10           a_y20           a_y22c     
O(0)         0.226876        1.000000       -1.000000        0.885575
------------
Induction RMS Error: 5.43562e-05
Induction Weighted RMS Error: 5.43562e-05
Induction Weighted Absolute Error: 1.82954e-06
Induction Weighted Least-Squares Error: 1.68592e-06
--------------------------------------------
DHF Parameters:
    Functional Form = 
	E(dhf)_ij = - A*K2(rij)*(1 + a_yml*Y_ml)*exp(-bij*rij)
Fitted Atomtypes 
  None
Constrained Atomtypes 
               A        
HT7(0)        0.213744
               A        
Ar(0)        1.374643
               A        
CO(0)        0.029288
               A             a_y10           a_y20           a_y22c     
O(0)         0.452466       -1.000000        0.065837       -0.744245
------------
Dhf RMS Error: 3.08102e-05
Dhf Weighted RMS Error: 3.08102e-05
Dhf Weighted Absolute Error: 3.57457e-06
Dhf Weighted Least-Squares Error: 5.71226e-07
--------------------------------------------
Dispersion Parameters:
    Functional Form = 
	E(disp)_ij = sum_(n=6,8,10,12){A*fdamp_n*(Cij_n/r_ij^n)}
               C6              C8             C10             C12       
HT7          1.498389        6.488268       33.240608        0.000000
Ar           8.426582       39.451011      194.132705      842.434187
CO           4.847096       18.798288       63.256519      202.859856
O            3.497808       16.327053       81.333632      354.498305
Fitted Atomtypes 
  None
Constrained Atomtypes 
               A        
HT7(0)        1.132974
               A        
Ar(0)        1.007688
               A        
CO(0)        0.855412
               A             a_y10           a_y20           a_y22c     
O(0)         0.813524       -0.331208        0.213579       -0.287884
------------
Dispersion RMS Error: 5.63701e-05
Dispersion Weighted RMS Error: 5.63701e-05
Dispersion Weighted Absolute Error: -1.46993e-06
Dispersion Weighted Least-Squares Error: 2.68078e-06
--------------------------------------------
Total Energy:
------------
Total Energy RMS Error: 2.50503e-04
Total Energy Weighted RMS Error: 2.50503e-04
Total Energy Weighted Absolute Error: 9.20727e-06
Total Energy Weighted Least-Squares Error: 1.17103e-05
--------------------------------------------
#########################################################################


