########################## FF Fitting Summary ###########################
--------------------------------------------
Program Version: 1.1.0
Short-range Functional Form: born-mayer
Combination Rules: aij = geometric
                   bij = geometric_mean
Electrostatic Damping Type: None
Thole Param: 0.39
Fitting weight: eff_mu = 0.0 Ha
                eff_kt = 0.0063 Ha
Weighted RMSE cutoff: 0.0 Ha
Anisotropic Atomtypes: None
All parameters have been radially corrected to account for Slater overlap
This radial correction is approximate, and is only rigorous for the case where bi = bj.
------------
Exponents (Optimized):
HT7(0)     2.063555
Ar(0)      2.215871
CO(0)      2.042748
O(0)       2.524114
------------
Monomer 1 Multipole File:
ar_ISA-GRID_L2.mom
Monomer 2 Multipole File:
dimethyl_ether_ISA-GRID_L2.mom
--------------------------------------------
Exchange Parameters:
    Functional Form = 
	E(exch)_ij = A*K2(rij)*(1 + a_yml*Y_ml)*exp(-bij*rij)
    where the a coefficient for each spherical harmonic term Y_ml
    is listed in the parameters below and 
	K2(rij) = 1/3*(bij*rij)**2 + bij*rij + 1 
Fitted Atomtypes 
               A        
HT7(0)        0.520988
               A        
Ar(0)        6.043847
               A        
CO(0)        1.751884
               A        
O(0)         6.432376
Constrained Atomtypes 
  None
------------
Exchange RMS Error: 6.22313e-04
Exchange Weighted RMS Error: 6.22313e-04
Exchange Weighted Absolute Error: 8.38714e-06
Exchange Weighted Least-Squares Error: 2.46497e-05
--------------------------------------------
Electrostatic Parameters:
    Functional Form = 
	E(elst)_ij = f_damp*qi*qj/rij - A*K2(rij)*(1 + a_yml*Y_ml)*exp(-bij*rij)
Fitted Atomtypes 
               A        
HT7(0)        0.308712
               A        
Ar(0)        3.291714
               A        
CO(0)        1.082526
               A        
O(0)         4.380129
Constrained Atomtypes 
  None
------------
Electrostatics RMS Error: 2.55652e-04
Electrostatics Weighted RMS Error: 2.55652e-04
Electrostatics Weighted Absolute Error: 4.31373e-06
Electrostatics Weighted Least-Squares Error: 4.80672e-05
--------------------------------------------
Drude oscillator energy has been calculated using the following method: multipole-gradient
Induction Parameters:
    Functional Form = 
	E(ind)_ij = shell_charge - A*K2(rij)*(1 + a_yml*Y_ml)*exp(-bij*rij)
Fitted Atomtypes 
               A        
HT7(0)        0.255615
               A        
Ar(0)        0.283089
               A        
CO(0)        1.072305
               A        
O(0)         1.109833
Constrained Atomtypes 
  None
------------
Induction RMS Error: 3.92342e-05
Induction Weighted RMS Error: 3.92342e-05
Induction Weighted Absolute Error: 4.93728e-06
Induction Weighted Least-Squares Error: 7.88486e-07
--------------------------------------------
DHF Parameters:
    Functional Form = 
	E(dhf)_ij = - A*K2(rij)*(1 + a_yml*Y_ml)*exp(-bij*rij)
Fitted Atomtypes 
               A        
HT7(0)        0.266729
               A        
Ar(0)        0.777826
               A        
CO(0)        0.000000
               A        
O(0)         2.382745
Constrained Atomtypes 
  None
------------
Dhf RMS Error: 2.84835e-05
Dhf Weighted RMS Error: 2.84835e-05
Dhf Weighted Absolute Error: 2.63464e-06
Dhf Weighted Least-Squares Error: 4.32065e-07
--------------------------------------------
Dispersion Parameters:
    Functional Form = 
	E(disp)_ij = sum_(n=6,8,10,12){A*fdamp_n*(Cij_n/r_ij^n)}
               C6              C8             C10             C12       
HT7          1.498389        6.488268       33.240608        0.000000
Ar           8.426582       39.451011      194.132705      842.434187
CO           4.847096       18.798288       63.256519      202.859856
O            3.497808       16.327053       81.333632      354.498305
Fitted Atomtypes 
               A        
HT7(0)        1.239830
               A        
Ar(0)        0.996951
               A        
CO(0)        0.700001
               A        
O(0)         1.083890
Constrained Atomtypes 
  None
------------
Dispersion RMS Error: 6.96133e-05
Dispersion Weighted RMS Error: 6.96133e-05
Dispersion Weighted Absolute Error: -7.66160e-06
Dispersion Weighted Least-Squares Error: 3.31244e-06
--------------------------------------------
Total Energy:
------------
Total Energy RMS Error: 3.53559e-04
Total Energy Weighted RMS Error: 3.53559e-04
Total Energy Weighted Absolute Error: 1.26112e-05
Total Energy Weighted Least-Squares Error: 3.30725e-05
--------------------------------------------
#########################################################################


########################## FF Fitting Summary ###########################
--------------------------------------------
Program Version: 1.1.0
Short-range Functional Form: born-mayer
Combination Rules: aij = geometric
                   bij = geometric_mean
Electrostatic Damping Type: None
Thole Param: 0.39
Fitting weight: eff_mu = 0.0 Ha
                eff_kt = 0.0063 Ha
Weighted RMSE cutoff: 0.0 Ha
Anisotropic Atomtypes: None
All parameters have been radially corrected to account for Slater overlap
This radial correction is approximate, and is only rigorous for the case where bi = bj.
------------
Exponents (Optimized):
HT7(0)     2.063555
Ar(0)      2.215871
CO(0)      2.042748
O(0)       2.524114
------------
Monomer 1 Multipole File:
ar_ISA-GRID_L2.mom
Monomer 2 Multipole File:
dimethyl_ether_ISA-GRID_L2.mom
--------------------------------------------
Exchange Parameters:
    Functional Form = 
	E(exch)_ij = A*K2(rij)*(1 + a_yml*Y_ml)*exp(-bij*rij)
    where the a coefficient for each spherical harmonic term Y_ml
    is listed in the parameters below and 
	K2(rij) = 1/3*(bij*rij)**2 + bij*rij + 1 
Fitted Atomtypes 
               A        
HT7(0)        0.520988
               A        
Ar(0)        6.043847
               A        
CO(0)        1.751884
               A        
O(0)         6.432376
Constrained Atomtypes 
  None
------------
Exchange RMS Error: 6.22313e-04
Exchange Weighted RMS Error: 6.22313e-04
Exchange Weighted Absolute Error: 8.38714e-06
Exchange Weighted Least-Squares Error: 2.46497e-05
--------------------------------------------
Electrostatic Parameters:
    Functional Form = 
	E(elst)_ij = f_damp*qi*qj/rij - A*K2(rij)*(1 + a_yml*Y_ml)*exp(-bij*rij)
Fitted Atomtypes 
               A        
HT7(0)        0.308712
               A        
Ar(0)        3.291714
               A        
CO(0)        1.082526
               A        
O(0)         4.380129
Constrained Atomtypes 
  None
------------
Electrostatics RMS Error: 2.55652e-04
Electrostatics Weighted RMS Error: 2.55652e-04
Electrostatics Weighted Absolute Error: 4.31373e-06
Electrostatics Weighted Least-Squares Error: 4.80672e-05
--------------------------------------------
Drude oscillator energy has been calculated using the following method: multipole-gradient
Induction Parameters:
    Functional Form = 
	E(ind)_ij = shell_charge - A*K2(rij)*(1 + a_yml*Y_ml)*exp(-bij*rij)
Fitted Atomtypes 
               A        
HT7(0)        0.255615
               A        
Ar(0)        0.283089
               A        
CO(0)        1.072305
               A        
O(0)         1.109833
Constrained Atomtypes 
  None
------------
Induction RMS Error: 3.92342e-05
Induction Weighted RMS Error: 3.92342e-05
Induction Weighted Absolute Error: 4.93728e-06
Induction Weighted Least-Squares Error: 7.88486e-07
--------------------------------------------
DHF Parameters:
    Functional Form = 
	E(dhf)_ij = - A*K2(rij)*(1 + a_yml*Y_ml)*exp(-bij*rij)
Fitted Atomtypes 
               A        
HT7(0)        0.266715
               A        
Ar(0)        0.777869
               A        
CO(0)        0.000000
               A        
O(0)         2.382593
Constrained Atomtypes 
  None
------------
Dhf RMS Error: 2.84823e-05
Dhf Weighted RMS Error: 2.84823e-05
Dhf Weighted Absolute Error: 2.63465e-06
Dhf Weighted Least-Squares Error: 4.32030e-07
--------------------------------------------
Dispersion Parameters:
    Functional Form = 
	E(disp)_ij = sum_(n=6,8,10,12){A*fdamp_n*(Cij_n/r_ij^n)}
               C6              C8             C10             C12       
HT7          1.498389        6.488268       33.240608        0.000000
Ar           8.426582       39.451011      194.132705      842.434187
CO           4.847096       18.798288       63.256519      202.859856
O            3.497808       16.327053       81.333632      354.498305
Fitted Atomtypes 
               A        
HT7(0)        1.239830
               A        
Ar(0)        0.996951
               A        
CO(0)        0.700001
               A        
O(0)         1.083890
Constrained Atomtypes 
  None
------------
Dispersion RMS Error: 6.96133e-05
Dispersion Weighted RMS Error: 6.96133e-05
Dispersion Weighted Absolute Error: -7.66160e-06
Dispersion Weighted Least-Squares Error: 3.31244e-06
--------------------------------------------
Total Energy:
------------
Total Energy RMS Error: 3.53559e-04
Total Energy Weighted RMS Error: 3.53559e-04
Total Energy Weighted Absolute Error: 1.26112e-05
Total Energy Weighted Least-Squares Error: 3.30725e-05
--------------------------------------------
#########################################################################


