########################## FF Fitting Summary ###########################
--------------------------------------------
Program Version: 1.1.0
Short-range Functional Form: born-mayer
Combination Rules: aij = geometric
                   bij = geometric_mean
Electrostatic Damping Type: None
Thole Param: 0.39
Fitting weight: eff_mu = 0.0 Ha
                eff_kt = 0.0063 Ha
Weighted RMSE cutoff: 0.0 Ha
Anisotropic Atomtypes: O    
All parameters have been radially corrected to account for Slater overlap
This radial correction is approximate, and is only rigorous for the case where bi = bj.
------------
Exponents (Optimized):
HT7(0)     2.123049
Ar(0)      2.192425
CO(0)      2.088430
O(0)       2.416301
------------
Monomer 1 Multipole File:
ar_ISA-GRID_L2.mom
Monomer 2 Multipole File:
dimethyl_ether_ISA-GRID_L2.mom
--------------------------------------------
Exchange Parameters:
    Functional Form = 
	E(exch)_ij = A*K2(rij)*(1 + a_yml*Y_ml)*exp(-bij*rij)
    where the a coefficient for each spherical harmonic term Y_ml
    is listed in the parameters below and 
	K2(rij) = 1/3*(bij*rij)**2 + bij*rij + 1 
Fitted Atomtypes 
               A        
HT7(0)        0.776694
               A        
Ar(0)        4.316647
               A        
CO(0)        3.028728
               A             a_y10           a_y20           a_y22c     
O(0)         3.373710       -0.897717        0.339931       -1.000000
Constrained Atomtypes 
  None
------------
Exchange RMS Error: 4.34815e-04
Exchange Weighted RMS Error: 4.34815e-04
Exchange Weighted Absolute Error: 3.50532e-06
Exchange Weighted Least-Squares Error: 1.49154e-05
--------------------------------------------
Electrostatic Parameters:
    Functional Form = 
	E(elst)_ij = f_damp*qi*qj/rij - A*K2(rij)*(1 + a_yml*Y_ml)*exp(-bij*rij)
Fitted Atomtypes 
               A        
HT7(0)        0.504955
               A        
Ar(0)        2.129351
               A        
CO(0)        2.076470
               A             a_y10           a_y20           a_y22c     
O(0)         2.604672       -1.000000        0.216636       -1.000000
Constrained Atomtypes 
  None
------------
Electrostatics RMS Error: 1.88742e-04
Electrostatics Weighted RMS Error: 1.88742e-04
Electrostatics Weighted Absolute Error: 7.85444e-06
Electrostatics Weighted Least-Squares Error: 2.52896e-05
--------------------------------------------
Drude oscillator energy has been calculated using the following method: multipole-gradient
Induction Parameters:
    Functional Form = 
	E(ind)_ij = shell_charge - A*K2(rij)*(1 + a_yml*Y_ml)*exp(-bij*rij)
Fitted Atomtypes 
               A        
HT7(0)        0.095678
               A        
Ar(0)        0.830398
               A        
CO(0)        0.311533
               A             a_y10           a_y20           a_y22c     
O(0)         0.963089        0.888397        0.117849        0.486030
Constrained Atomtypes 
  None
------------
Induction RMS Error: 3.76335e-05
Induction Weighted RMS Error: 3.76335e-05
Induction Weighted Absolute Error: 4.44040e-06
Induction Weighted Least-Squares Error: 7.25570e-07
--------------------------------------------
DHF Parameters:
    Functional Form = 
	E(dhf)_ij = - A*K2(rij)*(1 + a_yml*Y_ml)*exp(-bij*rij)
Fitted Atomtypes 
               A        
HT7(0)        0.549281
               A        
Ar(0)        0.404892
               A        
CO(0)        0.154573
               A             a_y10           a_y20           a_y22c     
O(0)         1.917327       -1.000000        0.007719       -0.600754
Constrained Atomtypes 
  None
------------
Dhf RMS Error: 2.36898e-05
Dhf Weighted RMS Error: 2.36898e-05
Dhf Weighted Absolute Error: 2.95854e-06
Dhf Weighted Least-Squares Error: 2.98145e-07
--------------------------------------------
Dispersion Parameters:
    Functional Form = 
	E(disp)_ij = sum_(n=6,8,10,12){A*fdamp_n*(Cij_n/r_ij^n)}
               C6              C8             C10             C12       
HT7          1.498389        6.488268       33.240608        0.000000
Ar           8.426582       39.451011      194.132705      842.434187
CO           4.847096       18.798288       63.256519      202.859856
O            3.497808       16.327053       81.333632      354.498305
Fitted Atomtypes 
               A        
HT7(0)        1.208923
               A        
Ar(0)        0.949841
               A        
CO(0)        0.962411
               A             a_y10           a_y20           a_y22c     
O(0)         0.781464       -0.480176        0.117882       -0.294801
Constrained Atomtypes 
  None
------------
Dispersion RMS Error: 3.34714e-05
Dispersion Weighted RMS Error: 3.34714e-05
Dispersion Weighted Absolute Error: -1.49779e-06
Dispersion Weighted Least-Squares Error: 7.24646e-07
--------------------------------------------
Total Energy:
------------
Total Energy RMS Error: 2.62926e-04
Total Energy Weighted RMS Error: 2.62926e-04
Total Energy Weighted Absolute Error: 1.72609e-05
Total Energy Weighted Least-Squares Error: 1.95991e-05
--------------------------------------------
#########################################################################


