########################## FF Fitting Summary ###########################
--------------------------------------------
Program Version: 1.1.0
Short-range Functional Form: born-mayer
Combination Rules: aij = geometric
                   bij = geometric_mean
Electrostatic Damping Type: None
Thole Param: 0.39
Fitting weight: eff_mu = 0.0 Ha
                eff_kt = 0.0134 Ha
Weighted RMSE cutoff: 0.0 Ha
Anisotropic Atomtypes: HN1  N1   H2O  OH2  
All parameters have been radially corrected to account for Slater overlap
This radial correction is approximate, and is only rigorous for the case where bi = bj.
------------
Exponents:
CN(0)      2.168243
HN1(0)     2.279018
H2O(0)     2.333626
HT9(0)     2.196103
N1(0)      2.092997
OH2(0)     2.182379
------------
Monomer 1 Multipole File:
h2o_ISA-GRID_L2.mom
Monomer 2 Multipole File:
methyl_amine_ISA-GRID_L2.mom
--------------------------------------------
Exchange Parameters:
    Functional Form = 
	E(exch)_ij = A*K2(rij)*(1 + a_yml*Y_ml)*exp(-bij*rij)
    where the a coefficient for each spherical harmonic term Y_ml
    is listed in the parameters below and 
	K2(rij) = 1/3*(bij*rij)**2 + bij*rij + 1 
Fitted Atomtypes 
  None
Constrained Atomtypes 
               A        
CN(0)        2.812735
               A             a_y10           a_y20      
HN1(0)        0.323853       -1.000000       -0.506715
               A             a_y10           a_y20      
H2O(0)        0.491262        0.370677        0.035472
               A        
HT9(0)        0.589525
               A             a_y10           a_y20           a_y22c     
N1(0)        2.639311       -0.189298        0.634922        0.069328
               A             a_y10           a_y20           a_y22c     
OH2(0)        2.882381        0.033497        0.056739       -0.318193
------------
Exchange RMS Error: 7.58339e-04
Exchange Weighted RMS Error: 2.62931e-04
Exchange Weighted Absolute Error: -1.06129e-05
Exchange Weighted Least-Squares Error: 7.99853e-05
--------------------------------------------
Electrostatic Parameters:
    Functional Form = 
	E(elst)_ij = f_damp*qi*qj/rij - A*K2(rij)*(1 + a_yml*Y_ml)*exp(-bij*rij)
Fitted Atomtypes 
  None
Constrained Atomtypes 
               A        
CN(0)        1.680541
               A             a_y10           a_y20      
HN1(0)        0.124026       -1.000000       -0.312179
               A             a_y10           a_y20      
H2O(0)        0.135525        0.565190        0.216843
               A        
HT9(0)        0.306243
               A             a_y10           a_y20           a_y22c     
N1(0)        1.989504       -0.013773        0.680912        0.087900
               A             a_y10           a_y20           a_y22c     
OH2(0)        2.071946        0.176707        0.062821       -0.299709
------------
Electrostatics RMS Error: 3.46897e-04
Electrostatics Weighted RMS Error: 1.43175e-04
Electrostatics Weighted Absolute Error: -1.39847e-07
Electrostatics Weighted Least-Squares Error: 7.77588e-05
--------------------------------------------
Drude oscillator energy has been calculated using the following method: multipole-gradient
Induction Parameters:
    Functional Form = 
	E(ind)_ij = shell_charge - A*K2(rij)*(1 + a_yml*Y_ml)*exp(-bij*rij)
Fitted Atomtypes 
  None
Constrained Atomtypes 
               A        
CN(0)        0.402591
               A             a_y10           a_y20      
HN1(0)        0.197588        0.579200        0.670305
               A             a_y10           a_y20      
H2O(0)        0.165670       -0.068043       -0.314647
               A        
HT9(0)        0.088922
               A             a_y10           a_y20           a_y22c     
N1(0)        0.258550        1.000000        0.603023       -0.231370
               A             a_y10           a_y20           a_y22c     
OH2(0)        0.000000        0.179147        0.041294        0.161168
------------
Induction RMS Error: 1.55620e-04
Induction Weighted RMS Error: 6.47842e-05
Induction Weighted Absolute Error: -1.95760e-05
Induction Weighted Least-Squares Error: 1.23104e-05
--------------------------------------------
DHF Parameters:
    Functional Form = 
	E(dhf)_ij = - A*K2(rij)*(1 + a_yml*Y_ml)*exp(-bij*rij)
Fitted Atomtypes 
  None
Constrained Atomtypes 
               A        
CN(0)        0.000000
               A             a_y10           a_y20      
HN1(0)        0.089531       -1.000000        0.525169
               A             a_y10           a_y20      
H2O(0)        0.084218       -1.000000       -0.113042
               A        
HT9(0)        0.218657
               A             a_y10           a_y20           a_y22c     
N1(0)        0.583293       -0.487313        0.483184       -0.085832
               A             a_y10           a_y20           a_y22c     
OH2(0)        0.576821       -0.272884        0.004248       -0.351951
------------
Dhf RMS Error: 8.30114e-05
Dhf Weighted RMS Error: 2.76681e-05
Dhf Weighted Absolute Error: 7.09448e-06
Dhf Weighted Least-Squares Error: 3.51892e-06
--------------------------------------------
Dispersion Parameters:
    Functional Form = 
	E(disp)_ij = sum_(n=6,8,10,12){A*fdamp_n*(Cij_n/r_ij^n)}
               C6              C8             C10             C12       
CN           4.966795       19.262513       64.818644      207.869495
HN1          1.306964        4.117935       31.050725        0.000000
H2O          0.880629        1.744112       16.442916        0.000000
HT9          1.535392        6.648497       34.061487        0.000000
N1           4.878202       25.576829      142.574149      704.112767
OH2          5.035664       23.165974      110.758015      470.057253
Fitted Atomtypes 
  None
Constrained Atomtypes 
               A        
CN(0)        1.000000
               A             a_y10           a_y20      
HN1(0)        1.000000        0.348248        0.337489
               A             a_y10           a_y20      
H2O(0)        1.000000       -0.148365       -0.011921
               A        
HT9(0)        1.000000
               A             a_y10           a_y20           a_y22c     
N1(0)        1.000000       -0.060458        0.137497        0.073848
               A             a_y10           a_y20           a_y22c     
OH2(0)        1.000000        0.024298        0.026508       -0.104229
------------
Dispersion RMS Error: 1.11548e-04
Dispersion Weighted RMS Error: 6.44003e-05
Dispersion Weighted Absolute Error: 1.10432e-05
Dispersion Weighted Least-Squares Error: 7.28089e-06
--------------------------------------------
Total Energy:
------------
Total Energy RMS Error: 4.23916e-04
Total Energy Weighted RMS Error: 1.63911e-04
Total Energy Weighted Absolute Error: -1.21911e-05
Total Energy Weighted Least-Squares Error: 6.67973e-05
--------------------------------------------
#########################################################################


