########################## FF Fitting Summary ###########################
--------------------------------------------
Program Version: 1.1.0
Short-range Functional Form: born-mayer
Combination Rules: aij = geometric
                   bij = geometric_mean
Electrostatic Damping Type: None
Thole Param: 0.39
Fitting weight: eff_mu = 0.0 Ha
                eff_kt = 0.0134 Ha
Weighted RMSE cutoff: 0.0 Ha
Anisotropic Atomtypes: None
All parameters have been radially corrected to account for Slater overlap
This radial correction is approximate, and is only rigorous for the case where bi = bj.
------------
Exponents:
CN(0)      2.450399
HN1(0)     2.654498
H2O(0)     1.564809
HT9(0)     2.048156
N1(0)      1.930449
OH2(0)     2.488426
------------
Monomer 1 Multipole File:
h2o_ISA-GRID_L0.mom
Monomer 2 Multipole File:
methyl_amine_ISA-GRID_L0.mom
--------------------------------------------
Exchange Parameters:
    Functional Form = 
	E(exch)_ij = A*K2(rij)*(1 + a_yml*Y_ml)*exp(-bij*rij)
    where the a coefficient for each spherical harmonic term Y_ml
    is listed in the parameters below and 
	K2(rij) = 1/3*(bij*rij)**2 + bij*rij + 1 
Fitted Atomtypes 
  None
Constrained Atomtypes 
               A        
CN(0)        5.135521
               A        
HN1(0)        0.515439
               A        
H2O(0)        0.093056
               A        
HT9(0)        0.435917
               A        
N1(0)        2.663061
               A        
OH2(0)        5.570999
------------
Exchange RMS Error: 1.55132e-03
Exchange Weighted RMS Error: 1.55132e-03
Exchange Weighted Absolute Error: -8.54407e-05
Exchange Weighted Least-Squares Error: 3.96121e-04
--------------------------------------------
Electrostatic Parameters:
    Functional Form = 
	E(elst)_ij = f_damp*qi*qj/rij - A*K2(rij)*(1 + a_yml*Y_ml)*exp(-bij*rij)
Fitted Atomtypes 
  None
Constrained Atomtypes 
               A        
CN(0)        3.500352
               A        
HN1(0)        0.184070
               A        
H2O(0)        0.032756
               A        
HT9(0)        0.216717
               A        
N1(0)        1.717506
               A        
OH2(0)        3.741217
------------
Electrostatics RMS Error: 9.69853e-04
Electrostatics Weighted RMS Error: 9.69853e-04
Electrostatics Weighted Absolute Error: -2.35349e-05
Electrostatics Weighted Least-Squares Error: 5.56904e-04
--------------------------------------------
Drude oscillator energy has been calculated using the following method: multipole-gradient
Induction Parameters:
    Functional Form = 
	E(ind)_ij = shell_charge - A*K2(rij)*(1 + a_yml*Y_ml)*exp(-bij*rij)
Fitted Atomtypes 
  None
Constrained Atomtypes 
               A        
CN(0)        0.718432
               A        
HN1(0)        0.241301
               A        
H2O(0)        0.000000
               A        
HT9(0)        0.068172
               A        
N1(0)        0.286814
               A        
OH2(0)        0.000000
------------
Induction RMS Error: 2.18871e-04
Induction Weighted RMS Error: 2.18871e-04
Induction Weighted Absolute Error: -2.46578e-05
Induction Weighted Least-Squares Error: 2.43960e-05
--------------------------------------------
DHF Parameters:
    Functional Form = 
	E(dhf)_ij = - A*K2(rij)*(1 + a_yml*Y_ml)*exp(-bij*rij)
Fitted Atomtypes 
  None
Constrained Atomtypes 
               A        
CN(0)        0.000000
               A        
HN1(0)        0.179718
               A        
H2O(0)        0.023941
               A        
HT9(0)        0.166255
               A        
N1(0)        0.562278
               A        
OH2(0)        1.154057
------------
Dhf RMS Error: 1.24298e-04
Dhf Weighted RMS Error: 1.24298e-04
Dhf Weighted Absolute Error: 2.76101e-07
Dhf Weighted Least-Squares Error: 7.89755e-06
--------------------------------------------
Dispersion Parameters:
    Functional Form = 
	E(disp)_ij = sum_(n=6,8,10,12){A*fdamp_n*(Cij_n/r_ij^n)}
               C6              C8             C10             C12       
CN           4.966795       19.262513       64.818644      207.869495
HN1          1.306964        4.117935       31.050725        0.000000
H2O          0.880629        1.744112       16.442916        0.000000
HT9          1.535392        6.648497       34.061487        0.000000
N1           4.878202       25.576829      142.574149      704.112767
OH2          5.035664       23.165974      110.758015      470.057253
Fitted Atomtypes 
  None
Constrained Atomtypes 
               A        
CN(0)        0.700000
               A        
HN1(0)        0.700000
               A        
H2O(0)        1.300000
               A        
HT9(0)        1.186782
               A        
N1(0)        1.188426
               A        
OH2(0)        0.926842
------------
Dispersion RMS Error: 3.06799e-04
Dispersion Weighted RMS Error: 3.06799e-04
Dispersion Weighted Absolute Error: -1.35612e-05
Dispersion Weighted Least-Squares Error: 5.59489e-05
--------------------------------------------
Total Energy:
------------
Total Energy RMS Error: 1.11566e-03
Total Energy Weighted RMS Error: 1.11566e-03
Total Energy Weighted Absolute Error: -1.46919e-04
Total Energy Weighted Least-Squares Error: 5.02519e-04
--------------------------------------------
#########################################################################


