########################## FF Fitting Summary ###########################
--------------------------------------------
Program Version: 1.1.0
Short-range Functional Form: born-mayer
Combination Rules: aij = geometric
                   bij = geometric_mean
Electrostatic Damping Type: None
Thole Param: 0.39
Fitting weight: eff_mu = 0.0 Ha
                eff_kt = 0.0093 Ha
Weighted RMSE cutoff: 0.0 Ha
Anisotropic Atomtypes: CCO2 OCO  
All parameters have been radially corrected to account for Slater overlap
This radial correction is approximate, and is only rigorous for the case where bi = bj.
------------
Exponents (Optimized):
CCO2(0)    2.303225
OCO(0)     2.355902
------------
Monomer 1 Multipole File:
co2_ISA-GRID_L2.mom
Monomer 2 Multipole File:
co2_ISA-GRID_L2.mom
--------------------------------------------
Exchange Parameters:
    Functional Form = 
	E(exch)_ij = A*K2(rij)*(1 + a_yml*Y_ml)*exp(-bij*rij)
    where the a coefficient for each spherical harmonic term Y_ml
    is listed in the parameters below and 
	K2(rij) = 1/3*(bij*rij)**2 + bij*rij + 1 
Fitted Atomtypes 
               A             a_y20      
CCO2(0)        2.772775        0.403146
               A             a_y10           a_y20      
OCO(0)        3.649414        0.019628       -0.085793
Constrained Atomtypes 
  None
------------
Exchange RMS Error: 6.69633e-05
Exchange Weighted RMS Error: 2.49529e-05
Exchange Weighted Absolute Error: -4.82640e-07
Exchange Weighted Least-Squares Error: 8.38975e-07
--------------------------------------------
Electrostatic Parameters:
    Functional Form = 
	E(elst)_ij = f_damp*qi*qj/rij - A*K2(rij)*(1 + a_yml*Y_ml)*exp(-bij*rij)
Fitted Atomtypes 
               A             a_y20      
CCO2(0)        2.754596        0.976792
               A             a_y10           a_y20      
OCO(0)        1.710383       -0.209142       -0.228234
Constrained Atomtypes 
  None
------------
Electrostatics RMS Error: 5.86574e-05
Electrostatics Weighted RMS Error: 3.11979e-05
Electrostatics Weighted Absolute Error: 1.53805e-05
Electrostatics Weighted Least-Squares Error: 2.07297e-06
--------------------------------------------
Drude oscillator energy has been calculated using the following method: multipole-gradient
Induction Parameters:
    Functional Form = 
	E(ind)_ij = shell_charge - A*K2(rij)*(1 + a_yml*Y_ml)*exp(-bij*rij)
Fitted Atomtypes 
               A             a_y20      
CCO2(0)        0.349188       -1.000000
               A             a_y10           a_y20      
OCO(0)        0.711857        1.000000        0.457774
Constrained Atomtypes 
  None
------------
Induction RMS Error: 4.78136e-05
Induction Weighted RMS Error: 1.26766e-05
Induction Weighted Absolute Error: -5.56934e-06
Induction Weighted Least-Squares Error: 1.17920e-06
--------------------------------------------
DHF Parameters:
    Functional Form = 
	E(dhf)_ij = - A*K2(rij)*(1 + a_yml*Y_ml)*exp(-bij*rij)
Fitted Atomtypes 
               A             a_y20      
CCO2(0)        0.328429       -1.000000
               A             a_y10           a_y20      
OCO(0)        0.567209       -1.000000       -0.585346
Constrained Atomtypes 
  None
------------
Dhf RMS Error: 3.21506e-05
Dhf Weighted RMS Error: 8.89392e-06
Dhf Weighted Absolute Error: 5.05338e-06
Dhf Weighted Least-Squares Error: 5.35139e-07
--------------------------------------------
Dispersion Parameters:
    Functional Form = 
	E(disp)_ij = sum_(n=6,8,10,12){A*fdamp_n*(Cij_n/r_ij^n)}
               C6              C8             C10             C12       
CCO2         4.678946       20.766690       84.950595      399.352721
OCO          4.067865       17.049989       83.654105      339.409882
Fitted Atomtypes 
               A             a_y20      
CCO2(0)        1.000000        0.727901
               A             a_y10           a_y20      
OCO(0)        1.000000        0.155649        0.112193
Constrained Atomtypes 
  None
------------
Dispersion RMS Error: 7.36223e-05
Dispersion Weighted RMS Error: 4.20296e-05
Dispersion Weighted Absolute Error: -2.58548e-05
Dispersion Weighted Least-Squares Error: 3.36355e-06
--------------------------------------------
Total Energy:
------------
Total Energy RMS Error: 1.09955e-04
Total Energy Weighted RMS Error: 4.45403e-05
Total Energy Weighted Absolute Error: -1.14729e-05
Total Energy Weighted Least-Squares Error: 4.47463e-06
--------------------------------------------
#########################################################################


