########################## FF Fitting Summary ###########################
--------------------------------------------
Program Version: 1.1.0
Short-range Functional Form: born-mayer
Combination Rules: aij = geometric
                   bij = geometric_mean
Electrostatic Damping Type: None
Thole Param: 0.39
Fitting weight: eff_mu = 0.0 Ha
                eff_kt = 0.0093 Ha
Weighted RMSE cutoff: 0.0 Ha
Anisotropic Atomtypes: None
All parameters have been radially corrected to account for Slater overlap
This radial correction is approximate, and is only rigorous for the case where bi = bj.
------------
Exponents (Optimized):
CCO2(0)    2.033668
OCO(0)     2.440921
------------
Monomer 1 Multipole File:
co2_ISA-GRID_L0.mom
Monomer 2 Multipole File:
co2_ISA-GRID_L0.mom
--------------------------------------------
Exchange Parameters:
    Functional Form = 
	E(exch)_ij = A*K2(rij)*(1 + a_yml*Y_ml)*exp(-bij*rij)
    where the a coefficient for each spherical harmonic term Y_ml
    is listed in the parameters below and 
	K2(rij) = 1/3*(bij*rij)**2 + bij*rij + 1 
Fitted Atomtypes 
               A        
CCO2(0)        1.413701
               A        
OCO(0)        4.285230
Constrained Atomtypes 
  None
------------
Exchange RMS Error: 3.17843e-04
Exchange Weighted RMS Error: 3.17843e-04
Exchange Weighted Absolute Error: -6.62222e-06
Exchange Weighted Least-Squares Error: 1.76077e-05
--------------------------------------------
Electrostatic Parameters:
    Functional Form = 
	E(elst)_ij = f_damp*qi*qj/rij - A*K2(rij)*(1 + a_yml*Y_ml)*exp(-bij*rij)
Fitted Atomtypes 
               A        
CCO2(0)        0.812120
               A        
OCO(0)        2.409721
Constrained Atomtypes 
  None
------------
Electrostatics RMS Error: 5.30167e-04
Electrostatics Weighted RMS Error: 5.30167e-04
Electrostatics Weighted Absolute Error: 7.36966e-05
Electrostatics Weighted Least-Squares Error: 1.69161e-04
--------------------------------------------
Drude oscillator energy has been calculated using the following method: multipole-gradient
Induction Parameters:
    Functional Form = 
	E(ind)_ij = shell_charge - A*K2(rij)*(1 + a_yml*Y_ml)*exp(-bij*rij)
Fitted Atomtypes 
               A        
CCO2(0)        0.521208
               A        
OCO(0)        0.190615
Constrained Atomtypes 
  None
------------
Induction RMS Error: 6.33942e-05
Induction Weighted RMS Error: 6.33942e-05
Induction Weighted Absolute Error: 6.69791e-06
Induction Weighted Least-Squares Error: 2.07118e-06
--------------------------------------------
DHF Parameters:
    Functional Form = 
	E(dhf)_ij = - A*K2(rij)*(1 + a_yml*Y_ml)*exp(-bij*rij)
Fitted Atomtypes 
               A        
CCO2(0)        0.085000
               A        
OCO(0)        1.009738
Constrained Atomtypes 
  None
------------
Dhf RMS Error: 4.00557e-05
Dhf Weighted RMS Error: 4.00557e-05
Dhf Weighted Absolute Error: 2.27105e-06
Dhf Weighted Least-Squares Error: 8.35008e-07
--------------------------------------------
Dispersion Parameters:
    Functional Form = 
	E(disp)_ij = sum_(n=6,8,10,12){A*fdamp_n*(Cij_n/r_ij^n)}
               C6              C8             C10             C12       
CCO2         4.678946       20.766690       84.950595      399.352721
OCO          4.067865       17.049989       83.654105      339.409882
Fitted Atomtypes 
               A        
CCO2(0)        1.000000
               A        
OCO(0)        1.000000
Constrained Atomtypes 
  None
------------
Dispersion RMS Error: 5.49211e-04
Dispersion Weighted RMS Error: 5.49211e-04
Dispersion Weighted Absolute Error: 1.08546e-04
Dispersion Weighted Least-Squares Error: 1.99976e-04
--------------------------------------------
Total Energy:
------------
Total Energy RMS Error: 7.68575e-04
Total Energy Weighted RMS Error: 7.68575e-04
Total Energy Weighted Absolute Error: 1.84589e-04
Total Energy Weighted Least-Squares Error: 2.40720e-04
--------------------------------------------
#########################################################################


