########################## FF Fitting Summary ###########################
--------------------------------------------
Program Version: 1.1.0
Short-range Functional Form: born-mayer
Combination Rules: aij = geometric
                   bij = geometric_mean
Electrostatic Damping Type: None
Thole Param: 0.39
Fitting weight: eff_mu = 0.0 Ha
                eff_kt = 0.0052 Ha
Weighted RMSE cutoff: 0.0 Ha
Anisotropic Atomtypes: None
All parameters have been radially corrected to account for Slater overlap
This radial correction is approximate, and is only rigorous for the case where bi = bj.
------------
Exponents:
CM(0)      1.752710
CCO2(0)    2.033668
OCO(0)     2.440921
HM(0)      2.763795
------------
Monomer 1 Multipole File:
co2_ISA-GRID_L2.mom
Monomer 2 Multipole File:
ethene_ISA-GRID_L2.mom
--------------------------------------------
Exchange Parameters:
    Functional Form = 
	E(exch)_ij = A*K2(rij)*(1 + a_yml*Y_ml)*exp(-bij*rij)
    where the a coefficient for each spherical harmonic term Y_ml
    is listed in the parameters below and 
	K2(rij) = 1/3*(bij*rij)**2 + bij*rij + 1 
Fitted Atomtypes 
  None
Constrained Atomtypes 
               A        
CM(0)        1.840351
               A        
CCO2(0)        1.413701
               A        
OCO(0)        4.285230
               A        
HM(0)        0.965378
------------
Exchange RMS Error: 5.82406e-04
Exchange Weighted RMS Error: 5.82406e-04
Exchange Weighted Absolute Error: 4.13509e-05
Exchange Weighted Least-Squares Error: 1.98179e-05
--------------------------------------------
Electrostatic Parameters:
    Functional Form = 
	E(elst)_ij = f_damp*qi*qj/rij - A*K2(rij)*(1 + a_yml*Y_ml)*exp(-bij*rij)
Fitted Atomtypes 
  None
Constrained Atomtypes 
               A        
CM(0)        1.267575
               A        
CCO2(0)        0.772448
               A        
OCO(0)        2.434611
               A        
HM(0)        0.253946
------------
Electrostatics RMS Error: 3.56012e-04
Electrostatics Weighted RMS Error: 3.56012e-04
Electrostatics Weighted Absolute Error: -1.13340e-06
Electrostatics Weighted Least-Squares Error: 9.77057e-05
--------------------------------------------
Drude oscillator energy has been calculated using the following method: multipole-gradient
Induction Parameters:
    Functional Form = 
	E(ind)_ij = shell_charge - A*K2(rij)*(1 + a_yml*Y_ml)*exp(-bij*rij)
Fitted Atomtypes 
  None
Constrained Atomtypes 
               A        
CM(0)        0.282605
               A        
CCO2(0)        0.558185
               A        
OCO(0)        0.328410
               A        
HM(0)        0.148134
------------
Induction RMS Error: 1.00936e-04
Induction Weighted RMS Error: 1.00936e-04
Induction Weighted Absolute Error: 4.16674e-06
Induction Weighted Least-Squares Error: 5.81513e-06
--------------------------------------------
DHF Parameters:
    Functional Form = 
	E(dhf)_ij = - A*K2(rij)*(1 + a_yml*Y_ml)*exp(-bij*rij)
Fitted Atomtypes 
  None
Constrained Atomtypes 
               A        
CM(0)        0.413924
               A        
CCO2(0)        0.086496
               A        
OCO(0)        1.010704
               A        
HM(0)        0.352064
------------
Dhf RMS Error: 1.67651e-04
Dhf Weighted RMS Error: 1.67651e-04
Dhf Weighted Absolute Error: 3.12944e-07
Dhf Weighted Least-Squares Error: 1.55605e-05
--------------------------------------------
Dispersion Parameters:
    Functional Form = 
	E(disp)_ij = sum_(n=6,8,10,12){A*fdamp_n*(Cij_n/r_ij^n)}
               C6              C8             C10             C12       
OCO          4.067865       17.049989       83.654105      339.409882
CCO2         4.678946       20.766690       84.950595      399.352721
CM           5.544423       23.289281      120.277772      510.393921
HM           1.512843        6.550977       33.561806      144.894964
Fitted Atomtypes 
  None
Constrained Atomtypes 
               A        
CM(0)        1.219983
               A        
CCO2(0)        0.704870
               A        
OCO(0)        1.028010
               A        
HM(0)        0.700000
------------
Dispersion RMS Error: 2.37598e-04
Dispersion Weighted RMS Error: 2.37598e-04
Dispersion Weighted Absolute Error: -1.08318e-05
Dispersion Weighted Least-Squares Error: 4.42157e-05
--------------------------------------------
Total Energy:
------------
Total Energy RMS Error: 3.09692e-04
Total Energy Weighted RMS Error: 3.09692e-04
Total Energy Weighted Absolute Error: 3.38654e-05
Total Energy Weighted Least-Squares Error: 2.55223e-05
--------------------------------------------
#########################################################################


