########################## FF Fitting Summary ###########################
--------------------------------------------
Program Version: 1.1.0
Short-range Functional Form: born-mayer
Combination Rules: aij = geometric
                   bij = geometric_mean
Electrostatic Damping Type: None
Thole Param: 0.39
Fitting weight: eff_mu = 0.0 Ha
                eff_kt = 0.0131 Ha
Weighted RMSE cutoff: 0.0 Ha
Anisotropic Atomtypes: None
All parameters have been radially corrected to account for Slater overlap
This radial correction is approximate, and is only rigorous for the case where bi = bj.
------------
Exponents (Optimized):
CM(0)      1.565546
CCO2(0)    2.283300
OCO(0)     2.583998
HM(0)      2.717015
------------
Monomer 1 Multipole File:
co2_ISA-GRID_L0.mom
Monomer 2 Multipole File:
ethene_ISA-GRID_L0.mom
--------------------------------------------
Exchange Parameters:
    Functional Form = 
	E(exch)_ij = A*K2(rij)*(1 + a_yml*Y_ml)*exp(-bij*rij)
    where the a coefficient for each spherical harmonic term Y_ml
    is listed in the parameters below and 
	K2(rij) = 1/3*(bij*rij)**2 + bij*rij + 1 
Fitted Atomtypes 
               A        
CM(0)        2.271831
               A        
CCO2(0)        1.156850
               A        
OCO(0)        2.718793
               A        
HM(0)        1.836647
Constrained Atomtypes 
  None
------------
Exchange RMS Error: 5.76410e-04
Exchange Weighted RMS Error: 5.76410e-04
Exchange Weighted Absolute Error: 1.15158e-05
Exchange Weighted Least-Squares Error: 5.22270e-05
--------------------------------------------
Electrostatic Parameters:
    Functional Form = 
	E(elst)_ij = f_damp*qi*qj/rij - A*K2(rij)*(1 + a_yml*Y_ml)*exp(-bij*rij)
Fitted Atomtypes 
               A        
CM(0)        1.570247
               A        
CCO2(0)        0.654671
               A        
OCO(0)        1.542244
               A        
HM(0)        0.615182
Constrained Atomtypes 
  None
------------
Electrostatics RMS Error: 3.12904e-04
Electrostatics Weighted RMS Error: 3.12904e-04
Electrostatics Weighted Absolute Error: 2.86408e-05
Electrostatics Weighted Least-Squares Error: 6.15388e-05
--------------------------------------------
Drude oscillator energy has been calculated using the following method: multipole-gradient
Induction Parameters:
    Functional Form = 
	E(ind)_ij = shell_charge - A*K2(rij)*(1 + a_yml*Y_ml)*exp(-bij*rij)
Fitted Atomtypes 
               A        
CM(0)        0.441137
               A        
CCO2(0)        0.585591
               A        
OCO(0)        0.000000
               A        
HM(0)        0.055370
Constrained Atomtypes 
  None
------------
Induction RMS Error: 8.85517e-05
Induction Weighted RMS Error: 8.85517e-05
Induction Weighted Absolute Error: 1.07725e-05
Induction Weighted Least-Squares Error: 4.08737e-06
--------------------------------------------
DHF Parameters:
    Functional Form = 
	E(dhf)_ij = - A*K2(rij)*(1 + a_yml*Y_ml)*exp(-bij*rij)
Fitted Atomtypes 
               A        
CM(0)        0.397467
               A        
CCO2(0)        0.000000
               A        
OCO(0)        0.859469
               A        
HM(0)        0.418480
Constrained Atomtypes 
  None
------------
Dhf RMS Error: 1.48402e-04
Dhf Weighted RMS Error: 1.48402e-04
Dhf Weighted Absolute Error: -3.33353e-06
Dhf Weighted Least-Squares Error: 1.14673e-05
--------------------------------------------
Dispersion Parameters:
    Functional Form = 
	E(disp)_ij = sum_(n=6,8,10,12){A*fdamp_n*(Cij_n/r_ij^n)}
               C6              C8             C10             C12       
CM           5.544423       23.289281      120.277772      510.393921
CCO2         4.678946       20.766690       84.950595      399.352721
OCO          4.067865       17.049989       83.654105      339.409882
HM           1.512843        6.550977       33.561806      144.894964
Fitted Atomtypes 
               A        
CM(0)        1.300000
               A        
CCO2(0)        0.700000
               A        
OCO(0)        0.943257
               A        
HM(0)        0.700000
Constrained Atomtypes 
  None
Warning! Optimizer did not terminate successfully, but rather quit with the following error message:
ABNORMAL_TERMINATION_IN_LNSRCH
------------
Dispersion RMS Error: 2.42931e-04
Dispersion Weighted RMS Error: 2.42931e-04
Dispersion Weighted Absolute Error: -3.93497e-05
Dispersion Weighted Least-Squares Error: 3.74252e-05
--------------------------------------------
Total Energy:
------------
Total Energy RMS Error: 3.35395e-04
Total Energy Weighted RMS Error: 3.35395e-04
Total Energy Weighted Absolute Error: 8.24585e-06
Total Energy Weighted Least-Squares Error: 4.27069e-05
--------------------------------------------
#########################################################################


