########################## FF Fitting Summary ###########################
--------------------------------------------
Program Version: 1.1.0
Short-range Functional Form: born-mayer
Combination Rules: aij = geometric
                   bij = geometric_mean
Electrostatic Damping Type: None
Thole Param: 0.39
Fitting weight: eff_mu = 0.0 Ha
                eff_kt = 0.0131 Ha
Weighted RMSE cutoff: 0.0 Ha
Anisotropic Atomtypes: CM   CCO2 OCO  HM   
All parameters have been radially corrected to account for Slater overlap
This radial correction is approximate, and is only rigorous for the case where bi = bj.
------------
Exponents (Optimized):
CM(0)      1.695081
CCO2(0)    2.363579
OCO(0)     2.398258
HM(0)      2.556529
------------
Monomer 1 Multipole File:
co2_ISA-GRID_L2.mom
Monomer 2 Multipole File:
ethene_ISA-GRID_L2.mom
--------------------------------------------
Exchange Parameters:
    Functional Form = 
	E(exch)_ij = A*K2(rij)*(1 + a_yml*Y_ml)*exp(-bij*rij)
    where the a coefficient for each spherical harmonic term Y_ml
    is listed in the parameters below and 
	K2(rij) = 1/3*(bij*rij)**2 + bij*rij + 1 
Fitted Atomtypes 
               A             a_y22c     
CM(0)        2.661220       -0.202699
               A             a_y20      
CCO2(0)        1.468180        0.256939
               A             a_y10           a_y20      
OCO(0)        2.266382        0.048855       -0.036582
               A             a_y10           a_y20      
HM(0)        0.908823       -1.000000       -0.373222
Constrained Atomtypes 
  None
------------
Exchange RMS Error: 3.48780e-04
Exchange Weighted RMS Error: 3.48780e-04
Exchange Weighted Absolute Error: 8.09899e-06
Exchange Weighted Least-Squares Error: 2.12896e-05
--------------------------------------------
Electrostatic Parameters:
    Functional Form = 
	E(elst)_ij = f_damp*qi*qj/rij - A*K2(rij)*(1 + a_yml*Y_ml)*exp(-bij*rij)
Fitted Atomtypes 
               A             a_y22c     
CM(0)        1.883977       -0.164080
               A             a_y20      
CCO2(0)        1.923484        1.000000
               A             a_y10           a_y20      
OCO(0)        1.003651       -0.172368       -0.086640
               A             a_y10           a_y20      
HM(0)        0.341085       -1.000000        0.193472
Constrained Atomtypes 
  None
------------
Electrostatics RMS Error: 1.89704e-04
Electrostatics Weighted RMS Error: 1.89704e-04
Electrostatics Weighted Absolute Error: 2.32916e-05
Electrostatics Weighted Least-Squares Error: 2.28922e-05
--------------------------------------------
Drude oscillator energy has been calculated using the following method: multipole-gradient
Induction Parameters:
    Functional Form = 
	E(ind)_ij = shell_charge - A*K2(rij)*(1 + a_yml*Y_ml)*exp(-bij*rij)
Fitted Atomtypes 
               A             a_y22c     
CM(0)        0.295671       -0.237332
               A             a_y20      
CCO2(0)        0.688117       -1.000000
               A             a_y10           a_y20      
OCO(0)        0.320809        1.000000        0.469609
               A             a_y10           a_y20      
HM(0)        0.066100       -1.000000        1.000000
Constrained Atomtypes 
  None
------------
Induction RMS Error: 7.66399e-05
Induction Weighted RMS Error: 7.66399e-05
Induction Weighted Absolute Error: 3.06472e-06
Induction Weighted Least-Squares Error: 3.05785e-06
--------------------------------------------
DHF Parameters:
    Functional Form = 
	E(dhf)_ij = - A*K2(rij)*(1 + a_yml*Y_ml)*exp(-bij*rij)
Fitted Atomtypes 
               A             a_y22c     
CM(0)        0.396643       -0.365543
               A             a_y20      
CCO2(0)        0.059080       -1.000000
               A             a_y10           a_y20      
OCO(0)        0.610245       -1.000000       -0.409154
               A             a_y10           a_y20      
HM(0)        0.169922       -1.000000        0.125235
Constrained Atomtypes 
  None
------------
Dhf RMS Error: 1.13998e-04
Dhf Weighted RMS Error: 1.13998e-04
Dhf Weighted Absolute Error: 1.85826e-07
Dhf Weighted Least-Squares Error: 6.69944e-06
--------------------------------------------
Dispersion Parameters:
    Functional Form = 
	E(disp)_ij = sum_(n=6,8,10,12){A*fdamp_n*(Cij_n/r_ij^n)}
               C6              C8             C10             C12       
CM           5.544423       23.289281      120.277772      510.393921
CCO2         4.678946       20.766690       84.950595      399.352721
OCO          4.067865       17.049989       83.654105      339.409882
HM           1.512843        6.550977       33.561806      144.894964
Fitted Atomtypes 
               A             a_y22c     
CM(0)        1.300000       -0.106076
               A             a_y20      
CCO2(0)        0.795518       -0.042983
               A             a_y10           a_y20      
OCO(0)        0.890675       -0.274745       -0.121148
               A             a_y10           a_y20      
HM(0)        0.700000        0.113728        0.127857
Constrained Atomtypes 
  None
------------
Dispersion RMS Error: 4.31183e-05
Dispersion Weighted RMS Error: 4.31183e-05
Dispersion Weighted Absolute Error: -1.94030e-05
Dispersion Weighted Least-Squares Error: 1.06886e-06
--------------------------------------------
Total Energy:
------------
Total Energy RMS Error: 2.81470e-04
Total Energy Weighted RMS Error: 2.81470e-04
Total Energy Weighted Absolute Error: 1.52382e-05
Total Energy Weighted Least-Squares Error: 2.91162e-05
--------------------------------------------
#########################################################################


