########################## FF Fitting Summary ###########################
--------------------------------------------
Program Version: 1.1.0
Short-range Functional Form: born-mayer
Combination Rules: aij = geometric
                   bij = geometric_mean
Electrostatic Damping Type: None
Thole Param: 0.39
Fitting weight: eff_mu = 0.0 Ha
                eff_kt = 0.0052 Ha
Weighted RMSE cutoff: 0.0 Ha
Anisotropic Atomtypes: None
All parameters have been radially corrected to account for Slater overlap
This radial correction is approximate, and is only rigorous for the case where bi = bj.
------------
Exponents:
CM(0)      1.752710
CCO2(0)    2.033668
OCO(0)     2.440921
HM(0)      2.763795
------------
Monomer 1 Multipole File:
co2_ISA-GRID_L0.mom
Monomer 2 Multipole File:
ethene_ISA-GRID_L0.mom
--------------------------------------------
Exchange Parameters:
    Functional Form = 
	E(exch)_ij = A*K2(rij)*(1 + a_yml*Y_ml)*exp(-bij*rij)
    where the a coefficient for each spherical harmonic term Y_ml
    is listed in the parameters below and 
	K2(rij) = 1/3*(bij*rij)**2 + bij*rij + 1 
Fitted Atomtypes 
  None
Constrained Atomtypes 
               A        
CM(0)        1.840351
               A        
CCO2(0)        1.413701
               A        
OCO(0)        4.285230
               A        
HM(0)        0.965378
------------
Exchange RMS Error: 5.82406e-04
Exchange Weighted RMS Error: 5.82406e-04
Exchange Weighted Absolute Error: 4.13509e-05
Exchange Weighted Least-Squares Error: 1.98179e-05
--------------------------------------------
Electrostatic Parameters:
    Functional Form = 
	E(elst)_ij = f_damp*qi*qj/rij - A*K2(rij)*(1 + a_yml*Y_ml)*exp(-bij*rij)
Fitted Atomtypes 
  None
Constrained Atomtypes 
               A        
CM(0)        1.238051
               A        
CCO2(0)        0.812120
               A        
OCO(0)        2.409721
               A        
HM(0)        0.297726
------------
Electrostatics RMS Error: 3.40768e-04
Electrostatics Weighted RMS Error: 3.40768e-04
Electrostatics Weighted Absolute Error: 8.52140e-07
Electrostatics Weighted Least-Squares Error: 8.99259e-05
--------------------------------------------
Drude oscillator energy has been calculated using the following method: multipole-gradient
Induction Parameters:
    Functional Form = 
	E(ind)_ij = shell_charge - A*K2(rij)*(1 + a_yml*Y_ml)*exp(-bij*rij)
Fitted Atomtypes 
  None
Constrained Atomtypes 
               A        
CM(0)        0.302386
               A        
CCO2(0)        0.521208
               A        
OCO(0)        0.190615
               A        
HM(0)        0.157297
------------
Induction RMS Error: 1.03832e-04
Induction Weighted RMS Error: 1.03832e-04
Induction Weighted Absolute Error: 1.05749e-05
Induction Weighted Least-Squares Error: 6.14945e-06
--------------------------------------------
DHF Parameters:
    Functional Form = 
	E(dhf)_ij = - A*K2(rij)*(1 + a_yml*Y_ml)*exp(-bij*rij)
Fitted Atomtypes 
  None
Constrained Atomtypes 
               A        
CM(0)        0.412724
               A        
CCO2(0)        0.084998
               A        
OCO(0)        1.009739
               A        
HM(0)        0.353814
------------
Dhf RMS Error: 1.68432e-04
Dhf Weighted RMS Error: 1.68432e-04
Dhf Weighted Absolute Error: 2.64687e-07
Dhf Weighted Least-Squares Error: 1.57099e-05
--------------------------------------------
Dispersion Parameters:
    Functional Form = 
	E(disp)_ij = sum_(n=6,8,10,12){A*fdamp_n*(Cij_n/r_ij^n)}
               C6              C8             C10             C12       
OCO          4.067865       17.049989       83.654105      339.409882
CCO2         4.678946       20.766690       84.950595      399.352721
CM           5.544423       23.289281      120.277772      510.393921
HM           1.512843        6.550977       33.561806      144.894964
Fitted Atomtypes 
  None
Constrained Atomtypes 
               A        
CM(0)        1.219983
               A        
CCO2(0)        0.704870
               A        
OCO(0)        1.028010
               A        
HM(0)        0.700000
------------
Dispersion RMS Error: 2.37598e-04
Dispersion Weighted RMS Error: 2.37598e-04
Dispersion Weighted Absolute Error: -1.08318e-05
Dispersion Weighted Least-Squares Error: 4.42157e-05
--------------------------------------------
Total Energy:
------------
Total Energy RMS Error: 3.60505e-04
Total Energy Weighted RMS Error: 3.60505e-04
Total Energy Weighted Absolute Error: 4.22108e-05
Total Energy Weighted Least-Squares Error: 3.63093e-05
--------------------------------------------
#########################################################################


