########################## FF Fitting Summary ###########################
--------------------------------------------
Program Version: 1.1.0
Short-range Functional Form: born-mayer
Combination Rules: aij = geometric
                   bij = geometric_mean
Electrostatic Damping Type: None
Thole Param: 0.39
Fitting weight: eff_mu = 0.0 Ha
                eff_kt = 0.0211 Ha
Weighted RMSE cutoff: 0.0 Ha
Anisotropic Atomtypes: OC   CCO2 OCO  
All parameters have been radially corrected to account for Slater overlap
This radial correction is approximate, and is only rigorous for the case where bi = bj.
------------
Exponents (Optimized):
CT1(0)     1.873696
OCO(0)     2.411519
OC(0)      2.166330
C=O(0)     2.691575
HT1(0)     2.186750
CCO2(0)    2.195623
------------
Monomer 1 Multipole File:
acetone_ISA-GRID_L2.mom
Monomer 2 Multipole File:
co2_ISA-GRID_L2.mom
--------------------------------------------
Exchange Parameters:
    Functional Form = 
	E(exch)_ij = A*K2(rij)*(1 + a_yml*Y_ml)*exp(-bij*rij)
    where the a coefficient for each spherical harmonic term Y_ml
    is listed in the parameters below and 
	K2(rij) = 1/3*(bij*rij)**2 + bij*rij + 1 
Fitted Atomtypes 
               A        
C=O(0)        5.330722
               A        
CT1(0)        1.714346
               A        
HT1(0)        0.445198
               A             a_y10           a_y20           a_y22c     
OC(0)        2.362807       -0.241138       -0.243134        0.149549
               A             a_y20      
CCO2(0)        3.309560        0.696799
               A             a_y10           a_y20      
OCO(0)        4.174823       -0.028844       -0.028371
Constrained Atomtypes 
  None
------------
Exchange RMS Error: 2.93935e-04
Exchange Weighted RMS Error: 1.03582e-04
Exchange Weighted Absolute Error: 9.31206e-06
Exchange Weighted Least-Squares Error: 1.93953e-05
--------------------------------------------
Electrostatic Parameters:
    Functional Form = 
	E(elst)_ij = f_damp*qi*qj/rij - A*K2(rij)*(1 + a_yml*Y_ml)*exp(-bij*rij)
Fitted Atomtypes 
               A        
C=O(0)        2.873661
               A        
CT1(0)        1.080443
               A        
HT1(0)        0.238190
               A             a_y10           a_y20           a_y22c     
OC(0)        1.480538       -0.347394       -0.387338        0.196990
               A             a_y20      
CCO2(0)        3.165811        1.000000
               A             a_y10           a_y20      
OCO(0)        1.562959       -0.599766       -0.299941
Constrained Atomtypes 
  None
------------
Electrostatics RMS Error: 1.41480e-04
Electrostatics Weighted RMS Error: 8.12937e-05
Electrostatics Weighted Absolute Error: 1.82121e-05
Electrostatics Weighted Least-Squares Error: 1.08465e-05
--------------------------------------------
Drude oscillator energy has been calculated using the following method: multipole-gradient
Induction Parameters:
    Functional Form = 
	E(ind)_ij = shell_charge - A*K2(rij)*(1 + a_yml*Y_ml)*exp(-bij*rij)
Fitted Atomtypes 
               A        
C=O(0)        1.878412
               A        
CT1(0)        0.148660
               A        
HT1(0)        0.077123
               A             a_y10           a_y20           a_y22c     
OC(0)        0.139402       -1.000000       -1.000000        0.291402
               A             a_y20      
CCO2(0)        1.614179        0.470667
               A             a_y10           a_y20      
OCO(0)        0.104628       -0.287261        1.000000
Constrained Atomtypes 
  None
------------
Induction RMS Error: 6.33930e-05
Induction Weighted RMS Error: 2.37691e-05
Induction Weighted Absolute Error: -1.05133e-05
Induction Weighted Least-Squares Error: 1.89065e-06
--------------------------------------------
DHF Parameters:
    Functional Form = 
	E(dhf)_ij = - A*K2(rij)*(1 + a_yml*Y_ml)*exp(-bij*rij)
Fitted Atomtypes 
               A        
C=O(0)        1.362212
               A        
CT1(0)        0.302356
               A        
HT1(0)        0.343233
               A             a_y10           a_y20           a_y22c     
OC(0)        1.034710       -0.920836       -0.681670       -0.172983
               A             a_y20      
CCO2(0)        0.097029       -1.000000
               A             a_y10           a_y20      
OCO(0)        0.318456       -1.000000       -0.467723
Constrained Atomtypes 
  None
------------
Dhf RMS Error: 5.09418e-05
Dhf Weighted RMS Error: 1.34483e-05
Dhf Weighted Absolute Error: 6.57082e-06
Dhf Weighted Least-Squares Error: 1.22651e-06
--------------------------------------------
Dispersion Parameters:
    Functional Form = 
	E(disp)_ij = sum_(n=6,8,10,12){A*fdamp_n*(Cij_n/r_ij^n)}
               C6              C8             C10             C12       
CT1          4.847096       18.798288       63.256519      202.859856
OCO          4.067865       17.049989       83.654105      339.409882
OC           4.783373       18.811595      100.656333      417.705964
C=O          3.661371       12.062782       78.048354      284.357981
HT1          1.498389        6.488268       33.240608        0.000000
CCO2         4.678946       20.766690       84.950595      399.352721
Fitted Atomtypes 
               A        
C=O(0)        1.000000
               A        
CT1(0)        1.000000
               A        
HT1(0)        1.000000
               A             a_y10           a_y20           a_y22c     
OC(0)        1.000000       -0.108465        0.010826        0.059370
               A             a_y20      
CCO2(0)        1.000000        0.674029
               A             a_y10           a_y20      
OCO(0)        1.000000        0.151730        0.111682
Constrained Atomtypes 
  None
------------
Dispersion RMS Error: 7.98860e-05
Dispersion Weighted RMS Error: 4.31082e-05
Dispersion Weighted Absolute Error: -2.16419e-05
Dispersion Weighted Least-Squares Error: 3.42721e-06
--------------------------------------------
Total Energy:
------------
Total Energy RMS Error: 2.42317e-04
Total Energy Weighted RMS Error: 1.01808e-04
Total Energy Weighted Absolute Error: 1.93975e-06
Total Energy Weighted Least-Squares Error: 2.32192e-05
--------------------------------------------
#########################################################################


