########################## FF Fitting Summary ###########################
--------------------------------------------
Program Version: 1.1.0
Short-range Functional Form: born-mayer
Combination Rules: aij = geometric
                   bij = geometric_mean
Electrostatic Damping Type: None
Thole Param: 0.39
Fitting weight: eff_mu = 0.0 Ha
                eff_kt = 0.0211 Ha
Weighted RMSE cutoff: 0.0 Ha
Anisotropic Atomtypes: None
All parameters have been radially corrected to account for Slater overlap
This radial correction is approximate, and is only rigorous for the case where bi = bj.
------------
Exponents (Optimized):
CT1(0)     1.898407
OCO(0)     2.382911
OC(0)      2.215889
C=O(0)     2.605959
HT1(0)     2.191273
CCO2(0)    2.191033
------------
Monomer 1 Multipole File:
acetone_ISA-GRID_L0.mom
Monomer 2 Multipole File:
co2_ISA-GRID_L0.mom
--------------------------------------------
Exchange Parameters:
    Functional Form = 
	E(exch)_ij = A*K2(rij)*(1 + a_yml*Y_ml)*exp(-bij*rij)
    where the a coefficient for each spherical harmonic term Y_ml
    is listed in the parameters below and 
	K2(rij) = 1/3*(bij*rij)**2 + bij*rij + 1 
Fitted Atomtypes 
               A        
CT1(0)        1.863220
               A        
OCO(0)        4.118499
               A        
OC(0)        2.973637
               A        
C=O(0)        3.665653
               A        
HT1(0)        0.471626
               A        
CCO2(0)        2.060359
Constrained Atomtypes 
  None
------------
Exchange RMS Error: 4.19550e-04
Exchange Weighted RMS Error: 4.19550e-04
Exchange Weighted Absolute Error: -3.25357e-06
Exchange Weighted Least-Squares Error: 4.43332e-05
--------------------------------------------
Electrostatic Parameters:
    Functional Form = 
	E(elst)_ij = f_damp*qi*qj/rij - A*K2(rij)*(1 + a_yml*Y_ml)*exp(-bij*rij)
Fitted Atomtypes 
               A        
CT1(0)        1.286370
               A        
OCO(0)        2.090789
               A        
OC(0)        2.084677
               A        
C=O(0)        2.379465
               A        
HT1(0)        0.291695
               A        
CCO2(0)        0.774533
Constrained Atomtypes 
  None
------------
Electrostatics RMS Error: 4.46289e-04
Electrostatics Weighted RMS Error: 4.46289e-04
Electrostatics Weighted Absolute Error: 1.05213e-04
Electrostatics Weighted Least-Squares Error: 1.03296e-04
--------------------------------------------
Drude oscillator energy has been calculated using the following method: multipole-gradient
Induction Parameters:
    Functional Form = 
	E(ind)_ij = shell_charge - A*K2(rij)*(1 + a_yml*Y_ml)*exp(-bij*rij)
Fitted Atomtypes 
               A        
CT1(0)        0.274494
               A        
OCO(0)        0.025033
               A        
OC(0)        0.190957
               A        
C=O(0)        2.246608
               A        
HT1(0)        0.081487
               A        
CCO2(0)        0.781932
Constrained Atomtypes 
  None
------------
Induction RMS Error: 7.44832e-05
Induction Weighted RMS Error: 7.44832e-05
Induction Weighted Absolute Error: 1.49859e-06
Induction Weighted Least-Squares Error: 2.61304e-06
--------------------------------------------
DHF Parameters:
    Functional Form = 
	E(dhf)_ij = - A*K2(rij)*(1 + a_yml*Y_ml)*exp(-bij*rij)
Fitted Atomtypes 
               A        
CT1(0)        0.245323
               A        
OCO(0)        0.610610
               A        
OC(0)        1.241016
               A        
C=O(0)        0.631241
               A        
HT1(0)        0.256037
               A        
CCO2(0)        0.000000
Constrained Atomtypes 
  None
------------
Dhf RMS Error: 6.70059e-05
Dhf Weighted RMS Error: 6.70059e-05
Dhf Weighted Absolute Error: 5.97566e-06
Dhf Weighted Least-Squares Error: 2.12536e-06
--------------------------------------------
Dispersion Parameters:
    Functional Form = 
	E(disp)_ij = sum_(n=6,8,10,12){A*fdamp_n*(Cij_n/r_ij^n)}
               C6              C8             C10             C12       
CT1          4.847096       18.798288       63.256519      202.859856
OCO          4.067865       17.049989       83.654105      339.409882
OC           4.783373       18.811595      100.656333      417.705964
C=O          3.661371       12.062782       78.048354      284.357981
HT1          1.498389        6.488268       33.240608        0.000000
CCO2         4.678946       20.766690       84.950595      399.352721
Fitted Atomtypes 
               A        
CT1(0)        1.000000
               A        
OCO(0)        1.000000
               A        
OC(0)        1.000000
               A        
C=O(0)        1.000000
               A        
HT1(0)        1.000000
               A        
CCO2(0)        1.000000
Constrained Atomtypes 
  None
------------
Dispersion RMS Error: 3.78422e-04
Dispersion Weighted RMS Error: 3.78422e-04
Dispersion Weighted Absolute Error: 8.84745e-05
Dispersion Weighted Least-Squares Error: 7.97694e-05
--------------------------------------------
Total Energy:
------------
Total Energy RMS Error: 6.16285e-04
Total Energy Weighted RMS Error: 6.16285e-04
Total Energy Weighted Absolute Error: 1.97908e-04
Total Energy Weighted Least-Squares Error: 1.61327e-04
--------------------------------------------
#########################################################################


