########################## FF Fitting Summary ###########################
--------------------------------------------
Program Version: 1.1.0
Short-range Functional Form: born-mayer
Combination Rules: aij = geometric
                   bij = geometric_mean
Electrostatic Damping Type: None
Thole Param: 0.39
Fitting weight: eff_mu = 0.0 Ha
                eff_kt = 0.0084 Ha
Weighted RMSE cutoff: 0.0 Ha
Anisotropic Atomtypes: None
All parameters have been radially corrected to account for Slater overlap
This radial correction is approximate, and is only rigorous for the case where bi = bj.
------------
Exponents:
CT1(0)     1.894503
OCO(0)     2.440921
OC(0)      2.191569
C=O(0)     2.594692
HT1(0)     2.251128
CCO2(0)    2.033668
------------
Monomer 1 Multipole File:
acetone_ISA-GRID_L2.mom
Monomer 2 Multipole File:
co2_ISA-GRID_L2.mom
--------------------------------------------
Exchange Parameters:
    Functional Form = 
	E(exch)_ij = A*K2(rij)*(1 + a_yml*Y_ml)*exp(-bij*rij)
    where the a coefficient for each spherical harmonic term Y_ml
    is listed in the parameters below and 
	K2(rij) = 1/3*(bij*rij)**2 + bij*rij + 1 
Fitted Atomtypes 
  None
Constrained Atomtypes 
               A        
CT1(0)        1.974741
               A        
OCO(0)        4.285230
               A        
OC(0)        3.009979
               A        
C=O(0)        3.327676
               A        
HT1(0)        0.583943
               A        
CCO2(0)        1.413701
------------
Exchange RMS Error: 4.68347e-04
Exchange Weighted RMS Error: 1.94736e-04
Exchange Weighted Absolute Error: -1.14190e-05
Exchange Weighted Least-Squares Error: 2.42291e-05
--------------------------------------------
Electrostatic Parameters:
    Functional Form = 
	E(elst)_ij = f_damp*qi*qj/rij - A*K2(rij)*(1 + a_yml*Y_ml)*exp(-bij*rij)
Fitted Atomtypes 
  None
Constrained Atomtypes 
               A        
CT1(0)        1.256873
               A        
OCO(0)        2.434611
               A        
OC(0)        1.885016
               A        
C=O(0)        1.698481
               A        
HT1(0)        0.273429
               A        
CCO2(0)        0.772448
------------
Electrostatics RMS Error: 2.28974e-04
Electrostatics Weighted RMS Error: 1.28766e-04
Electrostatics Weighted Absolute Error: 1.78382e-05
Electrostatics Weighted Least-Squares Error: 3.41457e-05
--------------------------------------------
Drude oscillator energy has been calculated using the following method: multipole-gradient
Induction Parameters:
    Functional Form = 
	E(ind)_ij = shell_charge - A*K2(rij)*(1 + a_yml*Y_ml)*exp(-bij*rij)
Fitted Atomtypes 
  None
Constrained Atomtypes 
               A        
CT1(0)        0.100632
               A        
OCO(0)        0.328410
               A        
OC(0)        0.029254
               A        
C=O(0)        2.012282
               A        
HT1(0)        0.138196
               A        
CCO2(0)        0.558185
------------
Induction RMS Error: 9.20362e-05
Induction Weighted RMS Error: 5.30535e-05
Induction Weighted Absolute Error: -1.71006e-05
Induction Weighted Least-Squares Error: 4.20452e-06
--------------------------------------------
DHF Parameters:
    Functional Form = 
	E(dhf)_ij = - A*K2(rij)*(1 + a_yml*Y_ml)*exp(-bij*rij)
Fitted Atomtypes 
  None
Constrained Atomtypes 
               A        
CT1(0)        0.051222
               A        
OCO(0)        1.010707
               A        
OC(0)        0.809209
               A        
C=O(0)        0.413852
               A        
HT1(0)        0.216420
               A        
CCO2(0)        0.086491
------------
Dhf RMS Error: 8.22223e-05
Dhf Weighted RMS Error: 2.32717e-05
Dhf Weighted Absolute Error: 1.04274e-05
Dhf Weighted Least-Squares Error: 3.32957e-06
--------------------------------------------
Dispersion Parameters:
    Functional Form = 
	E(disp)_ij = sum_(n=6,8,10,12){A*fdamp_n*(Cij_n/r_ij^n)}
               C6              C8             C10             C12       
CT1          4.847096       18.798288       63.256519      202.859856
OCO          4.067865       17.049989       83.654105      339.409882
OC           4.783373       18.811595      100.656333      417.705964
C=O          3.661371       12.062782       78.048354      284.357981
HT1          1.498389        6.488268       33.240608        0.000000
CCO2         4.678946       20.766690       84.950595      399.352721
Fitted Atomtypes 
  None
Constrained Atomtypes 
               A        
CT1(0)        1.000000
               A        
OCO(0)        1.000000
               A        
OC(0)        1.000000
               A        
C=O(0)        1.000000
               A        
HT1(0)        1.000000
               A        
CCO2(0)        1.000000
------------
Dispersion RMS Error: 3.62665e-04
Dispersion Weighted RMS Error: 1.80348e-04
Dispersion Weighted Absolute Error: 8.56271e-05
Dispersion Weighted Least-Squares Error: 8.91249e-05
--------------------------------------------
Total Energy:
------------
Total Energy RMS Error: 4.77072e-04
Total Energy Weighted RMS Error: 1.99788e-04
Total Energy Weighted Absolute Error: 8.53731e-05
Total Energy Weighted Least-Squares Error: 7.43706e-05
--------------------------------------------
#########################################################################


