########################## FF Fitting Summary ###########################
--------------------------------------------
Program Version: 1.1.0
Short-range Functional Form: born-mayer
Combination Rules: aij = geometric
                   bij = geometric_mean
Electrostatic Damping Type: None
Thole Param: 0.39
Fitting weight: eff_mu = 0.0 Ha
                eff_kt = 0.0084 Ha
Weighted RMSE cutoff: 0.0 Ha
Anisotropic Atomtypes: None
All parameters have been radially corrected to account for Slater overlap
This radial correction is approximate, and is only rigorous for the case where bi = bj.
------------
Exponents:
CT1(0)     1.894503
OCO(0)     2.440921
OC(0)      2.191569
C=O(0)     2.594692
HT1(0)     2.251128
CCO2(0)    2.033668
------------
Monomer 1 Multipole File:
acetone_ISA-GRID_L0.mom
Monomer 2 Multipole File:
co2_ISA-GRID_L0.mom
--------------------------------------------
Exchange Parameters:
    Functional Form = 
	E(exch)_ij = A*K2(rij)*(1 + a_yml*Y_ml)*exp(-bij*rij)
    where the a coefficient for each spherical harmonic term Y_ml
    is listed in the parameters below and 
	K2(rij) = 1/3*(bij*rij)**2 + bij*rij + 1 
Fitted Atomtypes 
  None
Constrained Atomtypes 
               A        
CT1(0)        1.974741
               A        
OCO(0)        4.285230
               A        
OC(0)        3.009979
               A        
C=O(0)        3.327676
               A        
HT1(0)        0.583943
               A        
CCO2(0)        1.413701
------------
Exchange RMS Error: 4.68347e-04
Exchange Weighted RMS Error: 4.68347e-04
Exchange Weighted Absolute Error: -1.14190e-05
Exchange Weighted Least-Squares Error: 2.42291e-05
--------------------------------------------
Electrostatic Parameters:
    Functional Form = 
	E(elst)_ij = f_damp*qi*qj/rij - A*K2(rij)*(1 + a_yml*Y_ml)*exp(-bij*rij)
Fitted Atomtypes 
  None
Constrained Atomtypes 
               A        
CT1(0)        1.210243
               A        
OCO(0)        2.409721
               A        
OC(0)        1.910316
               A        
C=O(0)        1.609655
               A        
HT1(0)        0.278990
               A        
CCO2(0)        0.812120
------------
Electrostatics RMS Error: 4.85252e-04
Electrostatics Weighted RMS Error: 4.85252e-04
Electrostatics Weighted Absolute Error: 1.22522e-04
Electrostatics Weighted Least-Squares Error: 1.42847e-04
--------------------------------------------
Drude oscillator energy has been calculated using the following method: multipole-gradient
Induction Parameters:
    Functional Form = 
	E(ind)_ij = shell_charge - A*K2(rij)*(1 + a_yml*Y_ml)*exp(-bij*rij)
Fitted Atomtypes 
  None
Constrained Atomtypes 
               A        
CT1(0)        0.058365
               A        
OCO(0)        0.190615
               A        
OC(0)        0.000000
               A        
C=O(0)        1.785542
               A        
HT1(0)        0.149943
               A        
CCO2(0)        0.521208
------------
Induction RMS Error: 9.05704e-05
Induction Weighted RMS Error: 9.05704e-05
Induction Weighted Absolute Error: 1.41623e-07
Induction Weighted Least-Squares Error: 4.02221e-06
--------------------------------------------
DHF Parameters:
    Functional Form = 
	E(dhf)_ij = - A*K2(rij)*(1 + a_yml*Y_ml)*exp(-bij*rij)
Fitted Atomtypes 
  None
Constrained Atomtypes 
               A        
CT1(0)        0.044565
               A        
OCO(0)        1.009739
               A        
OC(0)        0.808785
               A        
C=O(0)        0.419491
               A        
HT1(0)        0.217355
               A        
CCO2(0)        0.084998
------------
Dhf RMS Error: 8.61362e-05
Dhf Weighted RMS Error: 8.61362e-05
Dhf Weighted Absolute Error: 1.18197e-05
Dhf Weighted Least-Squares Error: 3.65419e-06
--------------------------------------------
Dispersion Parameters:
    Functional Form = 
	E(disp)_ij = sum_(n=6,8,10,12){A*fdamp_n*(Cij_n/r_ij^n)}
               C6              C8             C10             C12       
CT1          4.847096       18.798288       63.256519      202.859856
OCO          4.067865       17.049989       83.654105      339.409882
OC           4.783373       18.811595      100.656333      417.705964
C=O          3.661371       12.062782       78.048354      284.357981
HT1          1.498389        6.488268       33.240608        0.000000
CCO2         4.678946       20.766690       84.950595      399.352721
Fitted Atomtypes 
  None
Constrained Atomtypes 
               A        
CT1(0)        0.881446
               A        
OCO(0)        1.028010
               A        
OC(0)        1.115496
               A        
C=O(0)        0.700000
               A        
HT1(0)        1.095684
               A        
CCO2(0)        0.704870
------------
Dispersion RMS Error: 7.10435e-05
Dispersion Weighted RMS Error: 7.10435e-05
Dispersion Weighted Absolute Error: -2.07300e-05
Dispersion Weighted Least-Squares Error: 3.00808e-06
--------------------------------------------
Total Energy:
------------
Total Energy RMS Error: 5.41230e-04
Total Energy Weighted RMS Error: 5.41230e-04
Total Energy Weighted Absolute Error: 1.02335e-04
Total Energy Weighted Least-Squares Error: 1.06528e-04
--------------------------------------------
#########################################################################


