########################## FF Fitting Summary ###########################
--------------------------------------------
Program Version: 1.1.0
Short-range Functional Form: born-mayer
Combination Rules: aij = geometric
                   bij = geometric_mean
Electrostatic Damping Type: None
Thole Param: 0.39
Fitting weight: eff_mu = 0.0 Ha
                eff_kt = 0.0084 Ha
Weighted RMSE cutoff: 0.0 Ha
Anisotropic Atomtypes: OC   CCO2 OCO  
All parameters have been radially corrected to account for Slater overlap
This radial correction is approximate, and is only rigorous for the case where bi = bj.
------------
Exponents:
CT1(0)     1.819913
OCO(0)     2.355902
OC(0)      2.200783
C=O(0)     2.718321
HT1(0)     2.333336
CCO2(0)    2.303225
------------
Monomer 1 Multipole File:
acetone_ISA-GRID_L2.mom
Monomer 2 Multipole File:
co2_ISA-GRID_L2.mom
--------------------------------------------
Exchange Parameters:
    Functional Form = 
	E(exch)_ij = A*K2(rij)*(1 + a_yml*Y_ml)*exp(-bij*rij)
    where the a coefficient for each spherical harmonic term Y_ml
    is listed in the parameters below and 
	K2(rij) = 1/3*(bij*rij)**2 + bij*rij + 1 
Fitted Atomtypes 
  None
Constrained Atomtypes 
               A        
CT1(0)        1.756864
               A             a_y10           a_y20      
OCO(0)        3.649414        0.019628       -0.085793
               A             a_y10           a_y20           a_y22c     
OC(0)        2.800441       -0.219521       -0.210109        0.120144
               A        
C=O(0)        4.914017
               A        
HT1(0)        0.633756
               A             a_y20      
CCO2(0)        2.772775        0.403146
------------
Exchange RMS Error: 3.50169e-04
Exchange Weighted RMS Error: 3.50169e-04
Exchange Weighted Absolute Error: 1.23347e-05
Exchange Weighted Least-Squares Error: 1.03086e-05
--------------------------------------------
Electrostatic Parameters:
    Functional Form = 
	E(elst)_ij = f_damp*qi*qj/rij - A*K2(rij)*(1 + a_yml*Y_ml)*exp(-bij*rij)
Fitted Atomtypes 
  None
Constrained Atomtypes 
               A        
CT1(0)        1.128948
               A             a_y10           a_y20      
OCO(0)        1.710383       -0.209142       -0.228234
               A             a_y10           a_y20           a_y22c     
OC(0)        1.822973       -0.147986       -0.224111        0.165589
               A        
C=O(0)        2.345586
               A        
HT1(0)        0.286881
               A             a_y20      
CCO2(0)        2.754596        0.976792
------------
Electrostatics RMS Error: 1.61405e-04
Electrostatics Weighted RMS Error: 1.61405e-04
Electrostatics Weighted Absolute Error: 3.93404e-06
Electrostatics Weighted Least-Squares Error: 1.70306e-05
--------------------------------------------
Drude oscillator energy has been calculated using the following method: multipole-gradient
Induction Parameters:
    Functional Form = 
	E(ind)_ij = shell_charge - A*K2(rij)*(1 + a_yml*Y_ml)*exp(-bij*rij)
Fitted Atomtypes 
  None
Constrained Atomtypes 
               A        
CT1(0)        0.089053
               A             a_y10           a_y20      
OCO(0)        0.711855        1.000000        0.457775
               A             a_y10           a_y20           a_y22c     
OC(0)        0.031022        0.043159        1.000000       -1.000000
               A        
C=O(0)        2.573738
               A        
HT1(0)        0.157247
               A             a_y20      
CCO2(0)        0.349191       -1.000000
------------
Induction RMS Error: 9.40202e-05
Induction Weighted RMS Error: 9.40202e-05
Induction Weighted Absolute Error: -1.90283e-05
Induction Weighted Least-Squares Error: 4.38696e-06
--------------------------------------------
DHF Parameters:
    Functional Form = 
	E(dhf)_ij = - A*K2(rij)*(1 + a_yml*Y_ml)*exp(-bij*rij)
Fitted Atomtypes 
  None
Constrained Atomtypes 
               A        
CT1(0)        0.056533
               A             a_y10           a_y20      
OCO(0)        0.567210       -1.000000       -0.585344
               A             a_y10           a_y20           a_y22c     
OC(0)        0.542050       -1.000000       -0.656495       -0.199400
               A        
C=O(0)        0.882379
               A        
HT1(0)        0.244537
               A             a_y20      
CCO2(0)        0.328421       -1.000000
------------
Dhf RMS Error: 6.61628e-05
Dhf Weighted RMS Error: 6.61628e-05
Dhf Weighted Absolute Error: 1.07303e-05
Dhf Weighted Least-Squares Error: 2.15252e-06
--------------------------------------------
Dispersion Parameters:
    Functional Form = 
	E(disp)_ij = sum_(n=6,8,10,12){A*fdamp_n*(Cij_n/r_ij^n)}
               C6              C8             C10             C12       
CT1          4.847096       18.798288       63.256519      202.859856
OCO          4.067865       17.049989       83.654105      339.409882
OC           4.783373       18.811595      100.656333      417.705964
C=O          3.661371       12.062782       78.048354      284.357981
HT1          1.498389        6.488268       33.240608        0.000000
CCO2         4.678946       20.766690       84.950595      399.352721
Fitted Atomtypes 
  None
Constrained Atomtypes 
               A        
CT1(0)        1.167041
               A             a_y10           a_y20      
OCO(0)        0.815511       -0.519612       -0.235247
               A             a_y10           a_y20           a_y22c     
OC(0)        0.814443       -0.563660       -0.232466       -0.012215
               A        
C=O(0)        0.873823
               A        
HT1(0)        0.946465
               A             a_y20      
CCO2(0)        0.936959       -0.170922
------------
Dispersion RMS Error: 6.04216e-05
Dispersion Weighted RMS Error: 6.04216e-05
Dispersion Weighted Absolute Error: -1.89155e-05
Dispersion Weighted Least-Squares Error: 2.23823e-06
--------------------------------------------
Total Energy:
------------
Total Energy RMS Error: 2.77576e-04
Total Energy Weighted RMS Error: 2.77576e-04
Total Energy Weighted Absolute Error: -1.09446e-05
Total Energy Weighted Least-Squares Error: 2.50912e-05
--------------------------------------------
#########################################################################


