########################## FF Fitting Summary ###########################
--------------------------------------------
Program Version: 1.1.0
Short-range Functional Form: born-mayer
Combination Rules: aij = geometric
                   bij = geometric_mean
Electrostatic Damping Type: None
Thole Param: 0.39
Fitting weight: eff_mu = 0.0 Ha
                eff_kt = 0.0121 Ha
Weighted RMSE cutoff: 0.0 Ha
Anisotropic Atomtypes: None
All parameters have been radially corrected to account for Slater overlap
This radial correction is approximate, and is only rigorous for the case where bi = bj.
------------
Exponents (Optimized):
HT6(0)     2.628841
CCl(0)     1.778680
HM(0)      2.393506
CM(0)      1.643848
Cl(0)      2.218826
------------
Monomer 1 Multipole File:
chloromethane_ISA-GRID_L0.mom
Monomer 2 Multipole File:
ethene_ISA-GRID_L0.mom
--------------------------------------------
Exchange Parameters:
    Functional Form = 
	E(exch)_ij = A*K2(rij)*(1 + a_yml*Y_ml)*exp(-bij*rij)
    where the a coefficient for each spherical harmonic term Y_ml
    is listed in the parameters below and 
	K2(rij) = 1/3*(bij*rij)**2 + bij*rij + 1 
Fitted Atomtypes 
               A        
HT6(0)        0.433640
               A        
Cl(0)        3.654205
               A        
CCl(0)        0.645785
               A        
CM(0)        3.077799
               A        
HM(0)        1.241866
Constrained Atomtypes 
  None
------------
Exchange RMS Error: 1.26443e-03
Exchange Weighted RMS Error: 1.26443e-03
Exchange Weighted Absolute Error: 2.53537e-06
Exchange Weighted Least-Squares Error: 1.77671e-04
--------------------------------------------
Electrostatic Parameters:
    Functional Form = 
	E(elst)_ij = f_damp*qi*qj/rij - A*K2(rij)*(1 + a_yml*Y_ml)*exp(-bij*rij)
Fitted Atomtypes 
               A        
HT6(0)        0.224637
               A        
Cl(0)        2.782184
               A        
CCl(0)        0.470705
               A        
CM(0)        1.830100
               A        
HM(0)        0.333591
Constrained Atomtypes 
  None
------------
Electrostatics RMS Error: 5.90734e-04
Electrostatics Weighted RMS Error: 5.90734e-04
Electrostatics Weighted Absolute Error: 3.77062e-05
Electrostatics Weighted Least-Squares Error: 2.35713e-04
--------------------------------------------
Drude oscillator energy has been calculated using the following method: multipole-gradient
Induction Parameters:
    Functional Form = 
	E(ind)_ij = shell_charge - A*K2(rij)*(1 + a_yml*Y_ml)*exp(-bij*rij)
Fitted Atomtypes 
               A        
HT6(0)        0.119596
               A        
Cl(0)        1.284642
               A        
CCl(0)        0.126396
               A        
CM(0)        0.399076
               A        
HM(0)        0.078412
Constrained Atomtypes 
  None
------------
Induction RMS Error: 2.18174e-04
Induction Weighted RMS Error: 2.18174e-04
Induction Weighted Absolute Error: 2.76720e-05
Induction Weighted Least-Squares Error: 2.59913e-05
--------------------------------------------
DHF Parameters:
    Functional Form = 
	E(dhf)_ij = - A*K2(rij)*(1 + a_yml*Y_ml)*exp(-bij*rij)
Fitted Atomtypes 
               A        
HT6(0)        0.325908
               A        
Cl(0)        1.348481
               A        
CCl(0)        0.000000
               A        
CM(0)        0.240985
               A        
HM(0)        0.351443
Constrained Atomtypes 
  None
------------
Dhf RMS Error: 3.34817e-04
Dhf Weighted RMS Error: 3.34817e-04
Dhf Weighted Absolute Error: -3.25488e-05
Dhf Weighted Least-Squares Error: 5.67789e-05
--------------------------------------------
Dispersion Parameters:
    Functional Form = 
	E(disp)_ij = sum_(n=6,8,10,12){A*fdamp_n*(Cij_n/r_ij^n)}
               C6              C8             C10             C12       
HT6          1.498389        6.488268       33.240608        0.000000
CCl          4.847096       18.798288       63.256519      202.859856
HM           1.512843        6.550977       33.561806      144.894964
CM           5.544423       23.289281      120.277772      510.393921
Cl           9.656104       40.197680      256.351184     1144.914599
Fitted Atomtypes 
               A        
HT6(0)        0.892295
               A        
Cl(0)        1.105255
               A        
CCl(0)        1.074814
               A        
CM(0)        1.300000
               A        
HM(0)        0.700000
Constrained Atomtypes 
  None
------------
Dispersion RMS Error: 1.89070e-04
Dispersion Weighted RMS Error: 1.89070e-04
Dispersion Weighted Absolute Error: 2.67776e-06
Dispersion Weighted Least-Squares Error: 2.46056e-05
--------------------------------------------
Total Energy:
------------
Total Energy RMS Error: 7.52026e-04
Total Energy Weighted RMS Error: 7.52026e-04
Total Energy Weighted Absolute Error: 3.80424e-05
Total Energy Weighted Least-Squares Error: 1.90012e-04
--------------------------------------------
#########################################################################


