########################## FF Fitting Summary ###########################
--------------------------------------------
Program Version: 1.1.0
Short-range Functional Form: born-mayer
Combination Rules: aij = geometric
                   bij = geometric_mean
Electrostatic Damping Type: None
Thole Param: 0.39
Fitting weight: eff_mu = 0.0 Ha
                eff_kt = 0.0049 Ha
Weighted RMSE cutoff: 0.0 Ha
Anisotropic Atomtypes: HM   CM   Cl   
All parameters have been radially corrected to account for Slater overlap
This radial correction is approximate, and is only rigorous for the case where bi = bj.
------------
Exponents:
HT6(0)     2.236551
CCl(0)     2.086398
HM(0)      2.464510
CM(0)      1.817015
Cl(0)      2.037083
------------
Monomer 1 Multipole File:
chloromethane_ISA-GRID_L2.mom
Monomer 2 Multipole File:
ethene_ISA-GRID_L2.mom
--------------------------------------------
Exchange Parameters:
    Functional Form = 
	E(exch)_ij = A*K2(rij)*(1 + a_yml*Y_ml)*exp(-bij*rij)
    where the a coefficient for each spherical harmonic term Y_ml
    is listed in the parameters below and 
	K2(rij) = 1/3*(bij*rij)**2 + bij*rij + 1 
Fitted Atomtypes 
  None
Constrained Atomtypes 
               A        
HT6(0)        0.541282
               A             a_y10           a_y20      
Cl(0)        4.641076       -0.547938       -0.613203
               A        
CCl(0)        3.036171
               A             a_y22c     
CM(0)        1.904279       -0.256017
               A             a_y10           a_y20      
HM(0)        0.476418       -1.000000       -0.417119
------------
Exchange RMS Error: 5.65691e-04
Exchange Weighted RMS Error: 5.65691e-04
Exchange Weighted Absolute Error: 8.11742e-06
Exchange Weighted Least-Squares Error: 9.23936e-06
--------------------------------------------
Electrostatic Parameters:
    Functional Form = 
	E(elst)_ij = f_damp*qi*qj/rij - A*K2(rij)*(1 + a_yml*Y_ml)*exp(-bij*rij)
Fitted Atomtypes 
  None
Constrained Atomtypes 
               A        
HT6(0)        0.232592
               A             a_y10           a_y20      
Cl(0)        3.217540       -0.376433       -0.547466
               A        
CCl(0)        1.874393
               A             a_y22c     
CM(0)        1.382331       -0.108491
               A             a_y10           a_y20      
HM(0)        0.144313       -1.000000       -0.079034
------------
Electrostatics RMS Error: 2.69267e-04
Electrostatics Weighted RMS Error: 2.69267e-04
Electrostatics Weighted Absolute Error: 2.63509e-05
Electrostatics Weighted Least-Squares Error: 6.06395e-05
--------------------------------------------
Drude oscillator energy has been calculated using the following method: multipole-gradient
Induction Parameters:
    Functional Form = 
	E(ind)_ij = shell_charge - A*K2(rij)*(1 + a_yml*Y_ml)*exp(-bij*rij)
Fitted Atomtypes 
  None
Constrained Atomtypes 
               A        
HT6(0)        0.097465
               A             a_y10           a_y20      
Cl(0)        1.452555        0.084777       -0.161702
               A        
CCl(0)        0.102817
               A             a_y22c     
CM(0)        0.288313       -0.132971
               A             a_y10           a_y20      
HM(0)        0.217522        1.000000        1.000000
------------
Induction RMS Error: 1.91981e-04
Induction Weighted RMS Error: 1.91981e-04
Induction Weighted Absolute Error: 2.09692e-05
Induction Weighted Least-Squares Error: 2.31392e-05
--------------------------------------------
DHF Parameters:
    Functional Form = 
	E(dhf)_ij = - A*K2(rij)*(1 + a_yml*Y_ml)*exp(-bij*rij)
Fitted Atomtypes 
  None
Constrained Atomtypes 
               A        
HT6(0)        0.265954
               A             a_y10           a_y20      
Cl(0)        0.820685       -0.645981        0.159071
               A        
CCl(0)        0.000000
               A             a_y22c     
CM(0)        0.313912       -0.661845
               A             a_y10           a_y20      
HM(0)        0.300844       -0.014513       -0.028372
------------
Dhf RMS Error: 3.34360e-04
Dhf Weighted RMS Error: 3.34360e-04
Dhf Weighted Absolute Error: -2.48222e-05
Dhf Weighted Least-Squares Error: 5.77088e-05
--------------------------------------------
Dispersion Parameters:
    Functional Form = 
	E(disp)_ij = sum_(n=6,8,10,12){A*fdamp_n*(Cij_n/r_ij^n)}
               C6              C8             C10             C12       
HT6          1.498389        6.488268       33.240608        0.000000
HM           1.512843        6.550977       33.561806      144.894964
Cl           9.656104       40.197680      256.351184     1144.914599
CM           5.544423       23.289281      120.277772      510.393921
CCl          4.847096       18.798288       63.256519      202.859856
Fitted Atomtypes 
  None
Constrained Atomtypes 
               A        
HT6(0)        1.022919
               A             a_y10           a_y20      
Cl(0)        1.029603       -0.239752       -0.191056
               A        
CCl(0)        1.035074
               A             a_y22c     
CM(0)        1.120846       -0.067490
               A             a_y10           a_y20      
HM(0)        0.939274        0.413006        0.260903
------------
Dispersion RMS Error: 7.56378e-05
Dispersion Weighted RMS Error: 7.56378e-05
Dispersion Weighted Absolute Error: -1.34097e-05
Dispersion Weighted Least-Squares Error: 4.68511e-06
--------------------------------------------
Total Energy:
------------
Total Energy RMS Error: 4.73282e-04
Total Energy Weighted RMS Error: 4.73282e-04
Total Energy Weighted Absolute Error: 1.72055e-05
Total Energy Weighted Least-Squares Error: 4.08894e-05
--------------------------------------------
#########################################################################


