########################## FF Fitting Summary ###########################
--------------------------------------------
Program Version: 1.1.0
Short-range Functional Form: born-mayer
Combination Rules: aij = geometric
                   bij = geometric_mean
Electrostatic Damping Type: None
Thole Param: 0.39
Fitting weight: eff_mu = 0.0 Ha
                eff_kt = 0.0096 Ha
Weighted RMSE cutoff: 0.0 Ha
Anisotropic Atomtypes: O    
All parameters have been radially corrected to account for Slater overlap
This radial correction is approximate, and is only rigorous for the case where bi = bj.
------------
Exponents (Optimized):
HT7(0)     2.086579
CT4(0)     1.966386
HT4(0)     2.377287
CO(0)      2.202560
O(0)       2.300375
------------
Monomer 1 Multipole File:
dimethyl_ether_ISA-GRID_L2.mom
Monomer 2 Multipole File:
methane_ISA-GRID_L2.mom
--------------------------------------------
Exchange Parameters:
    Functional Form = 
	E(exch)_ij = A*K2(rij)*(1 + a_yml*Y_ml)*exp(-bij*rij)
    where the a coefficient for each spherical harmonic term Y_ml
    is listed in the parameters below and 
	K2(rij) = 1/3*(bij*rij)**2 + bij*rij + 1 
Fitted Atomtypes 
               A        
HT7(0)        0.494745
               A        
CT4(0)        2.476887
               A        
HT4(0)        0.760472
               A        
CO(0)        2.551248
               A             a_y10           a_y20           a_y22c     
O(0)         1.590796       -1.000000        0.319072       -1.000000
Constrained Atomtypes 
  None
------------
Exchange RMS Error: 5.65147e-04
Exchange Weighted RMS Error: 1.44106e-04
Exchange Weighted Absolute Error: -1.18240e-06
Exchange Weighted Least-Squares Error: 3.38964e-05
--------------------------------------------
Electrostatic Parameters:
    Functional Form = 
	E(elst)_ij = f_damp*qi*qj/rij - A*K2(rij)*(1 + a_yml*Y_ml)*exp(-bij*rij)
Fitted Atomtypes 
               A        
HT7(0)        0.214693
               A        
CT4(0)        1.820632
               A        
HT4(0)        0.393479
               A        
CO(0)        1.611141
               A             a_y10           a_y20           a_y22c     
O(0)         0.950482       -1.000000        0.321629       -1.000000
Constrained Atomtypes 
  None
------------
Electrostatics RMS Error: 2.04607e-04
Electrostatics Weighted RMS Error: 7.35766e-05
Electrostatics Weighted Absolute Error: 2.25322e-05
Electrostatics Weighted Least-Squares Error: 2.69681e-05
--------------------------------------------
Drude oscillator energy has been calculated using the following method: multipole-gradient
Induction Parameters:
    Functional Form = 
	E(ind)_ij = shell_charge - A*K2(rij)*(1 + a_yml*Y_ml)*exp(-bij*rij)
Fitted Atomtypes 
               A        
HT7(0)        0.281738
               A        
CT4(0)        0.048776
               A        
HT4(0)        0.053981
               A        
CO(0)        0.816673
               A             a_y10           a_y20           a_y22c     
O(0)         1.003363        1.000000       -0.335695        1.000000
Constrained Atomtypes 
  None
------------
Induction RMS Error: 6.13775e-05
Induction Weighted RMS Error: 2.01054e-05
Induction Weighted Absolute Error: 1.06828e-05
Induction Weighted Least-Squares Error: 1.91698e-06
--------------------------------------------
DHF Parameters:
    Functional Form = 
	E(dhf)_ij = - A*K2(rij)*(1 + a_yml*Y_ml)*exp(-bij*rij)
Fitted Atomtypes 
               A        
HT7(0)        0.475609
               A        
CT4(0)        0.020242
               A        
HT4(0)        0.101226
               A        
CO(0)        0.020769
               A             a_y10           a_y20           a_y22c     
O(0)         1.294757       -1.000000       -0.098933       -0.643899
Constrained Atomtypes 
  None
------------
Dhf RMS Error: 4.57955e-05
Dhf Weighted RMS Error: 1.14879e-05
Dhf Weighted Absolute Error: 5.28065e-06
Dhf Weighted Least-Squares Error: 1.09968e-06
--------------------------------------------
Dispersion Parameters:
    Functional Form = 
	E(disp)_ij = sum_(n=6,8,10,12){A*fdamp_n*(Cij_n/r_ij^n)}
               C6              C8             C10             C12       
HT7          1.498389        6.488268       33.240608        0.000000
CT4          4.847096       18.798288       63.256519      202.859856
HT4          1.498389        6.488268       33.240608        0.000000
CO           4.847096       18.798288       63.256519      202.859856
O            3.497808       16.327053       81.333632      354.498305
Fitted Atomtypes 
               A        
HT7(0)        1.000000
               A        
CT4(0)        1.000000
               A        
HT4(0)        1.000000
               A        
CO(0)        1.000000
               A             a_y10           a_y20           a_y22c     
O(0)         1.000000        0.038061        0.276283       -0.044958
Constrained Atomtypes 
  None
------------
Dispersion RMS Error: 1.28912e-04
Dispersion Weighted RMS Error: 4.20123e-05
Dispersion Weighted Absolute Error: -1.09494e-05
Dispersion Weighted Least-Squares Error: 1.10238e-05
--------------------------------------------
Total Energy:
------------
Total Energy RMS Error: 3.88465e-04
Total Energy Weighted RMS Error: 9.04187e-05
Total Energy Weighted Absolute Error: 2.63638e-05
Total Energy Weighted Least-Squares Error: 4.84692e-05
--------------------------------------------
#########################################################################


