########################## FF Fitting Summary ###########################
--------------------------------------------
Program Version: 1.1.0
Short-range Functional Form: born-mayer
Combination Rules: aij = geometric
                   bij = geometric_mean
Electrostatic Damping Type: None
Thole Param: 0.39
Fitting weight: eff_mu = 0.0 Ha
                eff_kt = 0.0038 Ha
Weighted RMSE cutoff: 0.0 Ha
Anisotropic Atomtypes: None
All parameters have been radially corrected to account for Slater overlap
This radial correction is approximate, and is only rigorous for the case where bi = bj.
------------
Exponents:
HT7(0)     2.236386
CT4(0)     1.983284
HT4(0)     2.284224
CO(0)      1.933594
O(0)       2.319445
------------
Monomer 1 Multipole File:
dimethyl_ether_ISA-GRID_L0.mom
Monomer 2 Multipole File:
methane_ISA-GRID_L0.mom
--------------------------------------------
Exchange Parameters:
    Functional Form = 
	E(exch)_ij = A*K2(rij)*(1 + a_yml*Y_ml)*exp(-bij*rij)
    where the a coefficient for each spherical harmonic term Y_ml
    is listed in the parameters below and 
	K2(rij) = 1/3*(bij*rij)**2 + bij*rij + 1 
Fitted Atomtypes 
  None
Constrained Atomtypes 
               A        
HT7(0)        0.636992
               A        
CT4(0)        2.302355
               A        
HT4(0)        0.643486
               A        
CO(0)        1.553522
               A        
O(0)         3.388801
------------
Exchange RMS Error: 8.30901e-04
Exchange Weighted RMS Error: 8.30901e-04
Exchange Weighted Absolute Error: -4.99120e-06
Exchange Weighted Least-Squares Error: 1.65923e-05
--------------------------------------------
Electrostatic Parameters:
    Functional Form = 
	E(elst)_ij = f_damp*qi*qj/rij - A*K2(rij)*(1 + a_yml*Y_ml)*exp(-bij*rij)
Fitted Atomtypes 
  None
Constrained Atomtypes 
               A        
HT7(0)        0.334068
               A        
CT4(0)        1.510176
               A        
HT4(0)        0.306267
               A        
CO(0)        0.955147
               A        
O(0)         2.160338
------------
Electrostatics RMS Error: 3.07724e-04
Electrostatics Weighted RMS Error: 3.07724e-04
Electrostatics Weighted Absolute Error: 2.39819e-05
Electrostatics Weighted Least-Squares Error: 7.30457e-05
--------------------------------------------
Drude oscillator energy has been calculated using the following method: multipole-gradient
Induction Parameters:
    Functional Form = 
	E(ind)_ij = shell_charge - A*K2(rij)*(1 + a_yml*Y_ml)*exp(-bij*rij)
Fitted Atomtypes 
  None
Constrained Atomtypes 
               A        
HT7(0)        0.148413
               A        
CT4(0)        0.071158
               A        
HT4(0)        0.152282
               A        
CO(0)        0.010183
               A        
O(0)         0.360547
------------
Induction RMS Error: 6.37583e-05
Induction Weighted RMS Error: 6.37583e-05
Induction Weighted Absolute Error: 3.65861e-06
Induction Weighted Least-Squares Error: 2.26104e-06
--------------------------------------------
DHF Parameters:
    Functional Form = 
	E(dhf)_ij = - A*K2(rij)*(1 + a_yml*Y_ml)*exp(-bij*rij)
Fitted Atomtypes 
  None
Constrained Atomtypes 
               A        
HT7(0)        0.223783
               A        
CT4(0)        0.102479
               A        
HT4(0)        0.226161
               A        
CO(0)        0.000000
               A        
O(0)         0.894826
------------
Dhf RMS Error: 5.38635e-05
Dhf Weighted RMS Error: 5.38635e-05
Dhf Weighted Absolute Error: 2.86274e-06
Dhf Weighted Least-Squares Error: 1.70966e-06
--------------------------------------------
Dispersion Parameters:
    Functional Form = 
	E(disp)_ij = sum_(n=6,8,10,12){A*fdamp_n*(Cij_n/r_ij^n)}
               C6              C8             C10             C12       
HT7          1.498389        6.488268       33.240608        0.000000
CT4          4.847096       18.798288       63.256519      202.859856
HT4          1.498389        6.488268       33.240608        0.000000
CO           4.847096       18.798288       63.256519      202.859856
O            3.497808       16.327053       81.333632      354.498305
Fitted Atomtypes 
  None
Constrained Atomtypes 
               A        
HT7(0)        1.000000
               A        
CT4(0)        1.000000
               A        
HT4(0)        1.000000
               A        
CO(0)        1.000000
               A        
O(0)         1.000000
------------
Dispersion RMS Error: 1.97467e-04
Dispersion Weighted RMS Error: 1.97467e-04
Dispersion Weighted Absolute Error: -2.49081e-05
Dispersion Weighted Least-Squares Error: 3.32176e-05
--------------------------------------------
Total Energy:
------------
Total Energy RMS Error: 5.55560e-04
Total Energy Weighted RMS Error: 5.55560e-04
Total Energy Weighted Absolute Error: 6.03885e-07
Total Energy Weighted Least-Squares Error: 6.00330e-05
--------------------------------------------
#########################################################################


