########################## FF Fitting Summary ###########################
--------------------------------------------
Program Version: 1.1.0
Short-range Functional Form: born-mayer
Combination Rules: aij = geometric
                   bij = geometric_mean
Electrostatic Damping Type: None
Thole Param: 0.39
Fitting weight: eff_mu = 0.0 Ha
                eff_kt = 0.0096 Ha
Weighted RMSE cutoff: 0.0 Ha
Anisotropic Atomtypes: O    
All parameters have been radially corrected to account for Slater overlap
This radial correction is approximate, and is only rigorous for the case where bi = bj.
------------
Exponents (Optimized):
HT7(0)     2.086579
CT4(0)     1.966386
HT4(0)     2.377287
CO(0)      2.202560
O(0)       2.300375
------------
Monomer 1 Multipole File:
dimethyl_ether_ISA-GRID_L2.mom
Monomer 2 Multipole File:
methane_ISA-GRID_L2.mom
--------------------------------------------
Exchange Parameters:
    Functional Form = 
	E(exch)_ij = A*K2(rij)*(1 + a_yml*Y_ml)*exp(-bij*rij)
    where the a coefficient for each spherical harmonic term Y_ml
    is listed in the parameters below and 
	K2(rij) = 1/3*(bij*rij)**2 + bij*rij + 1 
Fitted Atomtypes 
               A        
HT7(0)        0.494745
               A        
CT4(0)        2.476887
               A        
HT4(0)        0.760472
               A        
CO(0)        2.551248
               A             a_y10           a_y20           a_y22c     
O(0)         1.590796       -1.000000        0.319072       -1.000000
Constrained Atomtypes 
  None
------------
Exchange RMS Error: 5.65147e-04
Exchange Weighted RMS Error: 5.65147e-04
Exchange Weighted Absolute Error: -1.18240e-06
Exchange Weighted Least-Squares Error: 3.38964e-05
--------------------------------------------
Electrostatic Parameters:
    Functional Form = 
	E(elst)_ij = f_damp*qi*qj/rij - A*K2(rij)*(1 + a_yml*Y_ml)*exp(-bij*rij)
Fitted Atomtypes 
               A        
HT7(0)        0.214693
               A        
CT4(0)        1.820632
               A        
HT4(0)        0.393479
               A        
CO(0)        1.611141
               A             a_y10           a_y20           a_y22c     
O(0)         0.950482       -1.000000        0.321629       -1.000000
Constrained Atomtypes 
  None
------------
Electrostatics RMS Error: 2.04607e-04
Electrostatics Weighted RMS Error: 2.04607e-04
Electrostatics Weighted Absolute Error: 2.25322e-05
Electrostatics Weighted Least-Squares Error: 2.69681e-05
--------------------------------------------
Drude oscillator energy has been calculated using the following method: multipole-gradient
Induction Parameters:
    Functional Form = 
	E(ind)_ij = shell_charge - A*K2(rij)*(1 + a_yml*Y_ml)*exp(-bij*rij)
Fitted Atomtypes 
               A        
HT7(0)        0.912791
               A        
CT4(0)        0.015055
               A        
HT4(0)        0.016662
               A        
CO(0)        2.645940
               A             a_y10           a_y20           a_y22c     
O(0)         3.250786        1.000000       -0.335689        1.000000
Constrained Atomtypes 
  None
------------
Induction RMS Error: 6.13776e-05
Induction Weighted RMS Error: 6.13776e-05
Induction Weighted Absolute Error: 1.06829e-05
Induction Weighted Least-Squares Error: 1.91699e-06
--------------------------------------------
DHF Parameters:
    Functional Form = 
	E(dhf)_ij = - A*K2(rij)*(1 + a_yml*Y_ml)*exp(-bij*rij)
Fitted Atomtypes 
               A        
HT7(0)        0.495931
               A        
CT4(0)        0.019410
               A        
HT4(0)        0.097078
               A        
CO(0)        0.021780
               A             a_y10           a_y20           a_y22c     
O(0)         1.350050       -1.000000       -0.098764       -0.643732
Constrained Atomtypes 
  None
------------
Dhf RMS Error: 4.57955e-05
Dhf Weighted RMS Error: 4.57955e-05
Dhf Weighted Absolute Error: 5.28117e-06
Dhf Weighted Least-Squares Error: 1.09968e-06
--------------------------------------------
Dispersion Parameters:
    Functional Form = 
	E(disp)_ij = sum_(n=6,8,10,12){A*fdamp_n*(Cij_n/r_ij^n)}
               C6              C8             C10             C12       
HT7          1.498389        6.488268       33.240608        0.000000
CT4          4.847096       18.798288       63.256519      202.859856
HT4          1.498389        6.488268       33.240608        0.000000
CO           4.847096       18.798288       63.256519      202.859856
O            3.497808       16.327053       81.333632      354.498305
Fitted Atomtypes 
               A        
HT7(0)        1.209706
               A        
CT4(0)        1.030236
               A        
HT4(0)        0.937124
               A        
CO(0)        0.865142
               A             a_y10           a_y20           a_y22c     
O(0)         0.885922       -0.236555        0.226221       -0.172390
Constrained Atomtypes 
  None
------------
Dispersion RMS Error: 9.13297e-05
Dispersion Weighted RMS Error: 9.13297e-05
Dispersion Weighted Absolute Error: 1.79086e-05
Dispersion Weighted Least-Squares Error: 5.45225e-06
--------------------------------------------
Total Energy:
------------
Total Energy RMS Error: 4.10594e-04
Total Energy Weighted RMS Error: 4.10594e-04
Total Energy Weighted Absolute Error: 5.52225e-05
Total Energy Weighted Least-Squares Error: 5.41356e-05
--------------------------------------------
#########################################################################


