########################## FF Fitting Summary ###########################
--------------------------------------------
Program Version: 1.1.0
Short-range Functional Form: born-mayer
Combination Rules: aij = geometric
                   bij = geometric_mean
Electrostatic Damping Type: None
Thole Param: 0.39
Fitting weight: eff_mu = 0.0 Ha
                eff_kt = 0.0038 Ha
Weighted RMSE cutoff: 0.0 Ha
Anisotropic Atomtypes: O    
All parameters have been radially corrected to account for Slater overlap
This radial correction is approximate, and is only rigorous for the case where bi = bj.
------------
Exponents:
HT7(0)     2.199197
CT4(0)     1.983284
HT4(0)     2.284224
CO(0)      2.102972
O(0)       2.290632
------------
Monomer 1 Multipole File:
dimethyl_ether_ISA-GRID_L2.mom
Monomer 2 Multipole File:
methane_ISA-GRID_L2.mom
--------------------------------------------
Exchange Parameters:
    Functional Form = 
	E(exch)_ij = A*K2(rij)*(1 + a_yml*Y_ml)*exp(-bij*rij)
    where the a coefficient for each spherical harmonic term Y_ml
    is listed in the parameters below and 
	K2(rij) = 1/3*(bij*rij)**2 + bij*rij + 1 
Fitted Atomtypes 
  None
Constrained Atomtypes 
               A        
HT7(0)        0.610126
               A        
CT4(0)        2.302355
               A        
HT4(0)        0.643486
               A        
CO(0)        2.394140
               A             a_y10           a_y20           a_y22c     
O(0)         1.716903       -0.748190        0.479788       -1.000000
------------
Exchange RMS Error: 5.77592e-04
Exchange Weighted RMS Error: 5.77592e-04
Exchange Weighted Absolute Error: -7.84160e-06
Exchange Weighted Least-Squares Error: 1.04093e-05
--------------------------------------------
Electrostatic Parameters:
    Functional Form = 
	E(elst)_ij = f_damp*qi*qj/rij - A*K2(rij)*(1 + a_yml*Y_ml)*exp(-bij*rij)
Fitted Atomtypes 
  None
Constrained Atomtypes 
               A        
HT7(0)        0.305230
               A        
CT4(0)        1.554263
               A        
HT4(0)        0.298062
               A        
CO(0)        1.542017
               A             a_y10           a_y20           a_y22c     
O(0)         1.133586       -0.873385        0.246797       -1.000000
------------
Electrostatics RMS Error: 2.18706e-04
Electrostatics Weighted RMS Error: 2.18706e-04
Electrostatics Weighted Absolute Error: 2.61326e-05
Electrostatics Weighted Least-Squares Error: 3.75554e-05
--------------------------------------------
Drude oscillator energy has been calculated using the following method: multipole-gradient
Induction Parameters:
    Functional Form = 
	E(ind)_ij = shell_charge - A*K2(rij)*(1 + a_yml*Y_ml)*exp(-bij*rij)
Fitted Atomtypes 
  None
Constrained Atomtypes 
               A        
HT7(0)        0.119235
               A        
CT4(0)        0.056826
               A        
HT4(0)        0.149836
               A        
CO(0)        0.176392
               A             a_y10           a_y20           a_y22c     
O(0)         0.226876        1.000000       -1.000000        0.885575
------------
Induction RMS Error: 6.35880e-05
Induction Weighted RMS Error: 6.35880e-05
Induction Weighted Absolute Error: 9.47135e-06
Induction Weighted Least-Squares Error: 2.26018e-06
--------------------------------------------
DHF Parameters:
    Functional Form = 
	E(dhf)_ij = - A*K2(rij)*(1 + a_yml*Y_ml)*exp(-bij*rij)
Fitted Atomtypes 
  None
Constrained Atomtypes 
               A        
HT7(0)        0.213744
               A        
CT4(0)        0.102274
               A        
HT4(0)        0.226052
               A        
CO(0)        0.029288
               A             a_y10           a_y20           a_y22c     
O(0)         0.452466       -1.000000        0.065837       -0.744245
------------
Dhf RMS Error: 4.64820e-05
Dhf Weighted RMS Error: 4.64820e-05
Dhf Weighted Absolute Error: 5.11949e-06
Dhf Weighted Least-Squares Error: 1.27402e-06
--------------------------------------------
Dispersion Parameters:
    Functional Form = 
	E(disp)_ij = sum_(n=6,8,10,12){A*fdamp_n*(Cij_n/r_ij^n)}
               C6              C8             C10             C12       
HT7          1.498389        6.488268       33.240608        0.000000
CT4          4.847096       18.798288       63.256519      202.859856
HT4          1.498389        6.488268       33.240608        0.000000
CO           4.847096       18.798288       63.256519      202.859856
O            3.497808       16.327053       81.333632      354.498305
Fitted Atomtypes 
  None
Constrained Atomtypes 
               A        
HT7(0)        1.132974
               A        
CT4(0)        1.017087
               A        
HT4(0)        1.016115
               A        
CO(0)        0.855412
               A             a_y10           a_y20           a_y22c     
O(0)         0.813524       -0.331208        0.213579       -0.287884
------------
Dispersion RMS Error: 9.58801e-05
Dispersion Weighted RMS Error: 9.58801e-05
Dispersion Weighted Absolute Error: 2.34690e-05
Dispersion Weighted Least-Squares Error: 7.40020e-06
--------------------------------------------
Total Energy:
------------
Total Energy RMS Error: 4.11455e-04
Total Energy Weighted RMS Error: 4.11455e-04
Total Energy Weighted Absolute Error: 5.63509e-05
Total Energy Weighted Least-Squares Error: 3.65428e-05
--------------------------------------------
#########################################################################


