########################## FF Fitting Summary ###########################
--------------------------------------------
Program Version: 1.1.0
Short-range Functional Form: born-mayer
Combination Rules: aij = geometric
                   bij = geometric_mean
Electrostatic Damping Type: None
Thole Param: 0.39
Fitting weight: eff_mu = 0.0 Ha
                eff_kt = 0.0064 Ha
Weighted RMSE cutoff: 0.0 Ha
Anisotropic Atomtypes: None
All parameters have been radially corrected to account for Slater overlap
This radial correction is approximate, and is only rigorous for the case where bi = bj.
------------
Exponents (Optimized):
CT4(0)     1.964915
HT4(0)     2.479258
HT2(0)     2.039392
CT2(0)     2.259499
------------
Monomer 1 Multipole File:
ethane_ISA-GRID_L2.mom
Monomer 2 Multipole File:
methane_ISA-GRID_L2.mom
--------------------------------------------
Exchange Parameters:
    Functional Form = 
	E(exch)_ij = A*K2(rij)*(1 + a_yml*Y_ml)*exp(-bij*rij)
    where the a coefficient for each spherical harmonic term Y_ml
    is listed in the parameters below and 
	K2(rij) = 1/3*(bij*rij)**2 + bij*rij + 1 
Fitted Atomtypes 
               A        
CT4(0)        2.550355
               A        
HT4(0)        0.906912
               A        
HT2(0)        0.424968
               A        
CT2(0)        3.138500
Constrained Atomtypes 
  None
------------
Exchange RMS Error: 5.27393e-04
Exchange Weighted RMS Error: 1.08329e-04
Exchange Weighted Absolute Error: -2.40692e-06
Exchange Weighted Least-Squares Error: 1.76829e-05
--------------------------------------------
Electrostatic Parameters:
    Functional Form = 
	E(elst)_ij = f_damp*qi*qj/rij - A*K2(rij)*(1 + a_yml*Y_ml)*exp(-bij*rij)
Fitted Atomtypes 
               A        
CT4(0)        1.833467
               A        
HT4(0)        0.481702
               A        
HT2(0)        0.187220
               A        
CT2(0)        1.809885
Constrained Atomtypes 
  None
------------
Electrostatics RMS Error: 1.83895e-04
Electrostatics Weighted RMS Error: 4.41240e-05
Electrostatics Weighted Absolute Error: 1.44386e-05
Electrostatics Weighted Least-Squares Error: 2.40505e-05
--------------------------------------------
Drude oscillator energy has been calculated using the following method: multipole-gradient
Induction Parameters:
    Functional Form = 
	E(ind)_ij = shell_charge - A*K2(rij)*(1 + a_yml*Y_ml)*exp(-bij*rij)
Fitted Atomtypes 
               A        
CT4(0)        0.000000
               A        
HT4(0)        0.339654
               A        
HT2(0)        0.054763
               A        
CT2(0)        0.188340
Constrained Atomtypes 
  None
------------
Induction RMS Error: 4.96517e-05
Induction Weighted RMS Error: 1.69020e-05
Induction Weighted Absolute Error: 8.88029e-06
Induction Weighted Least-Squares Error: 1.23114e-06
--------------------------------------------
DHF Parameters:
    Functional Form = 
	E(dhf)_ij = - A*K2(rij)*(1 + a_yml*Y_ml)*exp(-bij*rij)
Fitted Atomtypes 
               A        
CT4(0)        0.113091
               A        
HT4(0)        0.221309
               A        
HT2(0)        0.219819
               A        
CT2(0)        0.020759
Constrained Atomtypes 
  None
------------
Dhf RMS Error: 3.94674e-05
Dhf Weighted RMS Error: 1.15860e-05
Dhf Weighted Absolute Error: 7.90912e-06
Dhf Weighted Least-Squares Error: 8.34992e-07
--------------------------------------------
Dispersion Parameters:
    Functional Form = 
	E(disp)_ij = sum_(n=6,8,10,12){A*fdamp_n*(Cij_n/r_ij^n)}
               C6              C8             C10             C12       
CT4          4.847096       18.798288       63.256519      202.859856
HT4          1.498389        6.488268       33.240608        0.000000
HT2          1.498389        6.488268       33.240608        0.000000
CT2          4.847096       18.798288       63.256519      202.859856
Fitted Atomtypes 
               A        
CT4(0)        1.000000
               A        
HT4(0)        1.000000
               A        
HT2(0)        1.000000
               A        
CT2(0)        1.000000
Constrained Atomtypes 
  None
------------
Dispersion RMS Error: 1.44466e-04
Dispersion Weighted RMS Error: 4.84628e-05
Dispersion Weighted Absolute Error: -3.36287e-06
Dispersion Weighted Least-Squares Error: 1.47009e-05
--------------------------------------------
Total Energy:
------------
Total Energy RMS Error: 3.31078e-04
Total Energy Weighted RMS Error: 7.35696e-05
Total Energy Weighted Absolute Error: 2.54583e-05
Total Energy Weighted Least-Squares Error: 3.19130e-05
--------------------------------------------
#########################################################################


