########################## FF Fitting Summary ###########################
--------------------------------------------
Program Version: 1.1.0
Short-range Functional Form: born-mayer
Combination Rules: aij = geometric
                   bij = geometric_mean
Electrostatic Damping Type: None
Thole Param: 0.39
Fitting weight: eff_mu = 0.0 Ha
                eff_kt = 0.0026 Ha
Weighted RMSE cutoff: 0.0 Ha
Anisotropic Atomtypes: None
All parameters have been radially corrected to account for Slater overlap
This radial correction is approximate, and is only rigorous for the case where bi = bj.
------------
Exponents:
CT4(0)     1.983284
HT4(0)     2.284224
HT2(0)     2.169519
CT2(0)     2.261214
------------
Monomer 1 Multipole File:
ethane_ISA-GRID_L0.mom
Monomer 2 Multipole File:
methane_ISA-GRID_L0.mom
--------------------------------------------
Exchange Parameters:
    Functional Form = 
	E(exch)_ij = A*K2(rij)*(1 + a_yml*Y_ml)*exp(-bij*rij)
    where the a coefficient for each spherical harmonic term Y_ml
    is listed in the parameters below and 
	K2(rij) = 1/3*(bij*rij)**2 + bij*rij + 1 
Fitted Atomtypes 
  None
Constrained Atomtypes 
               A        
CT4(0)        2.302355
               A        
HT4(0)        0.643486
               A        
HT2(0)        0.588406
               A        
CT2(0)        3.214042
------------
Exchange RMS Error: 5.45622e-04
Exchange Weighted RMS Error: 5.45622e-04
Exchange Weighted Absolute Error: -5.45563e-06
Exchange Weighted Least-Squares Error: 3.45683e-06
--------------------------------------------
Electrostatic Parameters:
    Functional Form = 
	E(elst)_ij = f_damp*qi*qj/rij - A*K2(rij)*(1 + a_yml*Y_ml)*exp(-bij*rij)
Fitted Atomtypes 
  None
Constrained Atomtypes 
               A        
CT4(0)        1.510176
               A        
HT4(0)        0.306267
               A        
HT2(0)        0.293685
               A        
CT2(0)        2.141939
------------
Electrostatics RMS Error: 2.08927e-04
Electrostatics Weighted RMS Error: 2.08927e-04
Electrostatics Weighted Absolute Error: 1.73920e-05
Electrostatics Weighted Least-Squares Error: 3.55587e-05
--------------------------------------------
Drude oscillator energy has been calculated using the following method: multipole-gradient
Induction Parameters:
    Functional Form = 
	E(ind)_ij = shell_charge - A*K2(rij)*(1 + a_yml*Y_ml)*exp(-bij*rij)
Fitted Atomtypes 
  None
Constrained Atomtypes 
               A        
CT4(0)        0.071158
               A        
HT4(0)        0.152282
               A        
HT2(0)        0.114896
               A        
CT2(0)        0.276500
------------
Induction RMS Error: 5.37071e-05
Induction Weighted RMS Error: 5.37071e-05
Induction Weighted Absolute Error: 1.03430e-05
Induction Weighted Least-Squares Error: 1.50276e-06
--------------------------------------------
DHF Parameters:
    Functional Form = 
	E(dhf)_ij = - A*K2(rij)*(1 + a_yml*Y_ml)*exp(-bij*rij)
Fitted Atomtypes 
  None
Constrained Atomtypes 
               A        
CT4(0)        0.102479
               A        
HT4(0)        0.226161
               A        
HT2(0)        0.200317
               A        
CT2(0)        0.092332
------------
Dhf RMS Error: 4.32713e-05
Dhf Weighted RMS Error: 4.32713e-05
Dhf Weighted Absolute Error: 7.20764e-06
Dhf Weighted Least-Squares Error: 1.14447e-06
--------------------------------------------
Dispersion Parameters:
    Functional Form = 
	E(disp)_ij = sum_(n=6,8,10,12){A*fdamp_n*(Cij_n/r_ij^n)}
               C6              C8             C10             C12       
CT4          4.847096       18.798288       63.256519      202.859856
HT4          1.498389        6.488268       33.240608        0.000000
HT2          1.498389        6.488268       33.240608        0.000000
CT2          4.847096       18.798288       63.256519      202.859856
Fitted Atomtypes 
  None
Constrained Atomtypes 
               A        
CT4(0)        1.000000
               A        
HT4(0)        1.000000
               A        
HT2(0)        1.000000
               A        
CT2(0)        1.000000
------------
Dispersion RMS Error: 1.52446e-04
Dispersion Weighted RMS Error: 1.52446e-04
Dispersion Weighted Absolute Error: -8.77517e-06
Dispersion Weighted Least-Squares Error: 2.01657e-05
--------------------------------------------
Total Energy:
------------
Total Energy RMS Error: 3.75704e-04
Total Energy Weighted RMS Error: 3.75704e-04
Total Energy Weighted Absolute Error: 2.07119e-05
Total Energy Weighted Least-Squares Error: 2.20231e-05
--------------------------------------------
#########################################################################


