########################## FF Fitting Summary ###########################
--------------------------------------------
Program Version: 1.1.0
Short-range Functional Form: born-mayer
Combination Rules: aij = geometric
                   bij = geometric_mean
Electrostatic Damping Type: None
Thole Param: 0.39
Fitting weight: eff_mu = 0.0 Ha
                eff_kt = 0.0026 Ha
Weighted RMSE cutoff: 0.0 Ha
Anisotropic Atomtypes: None
All parameters have been radially corrected to account for Slater overlap
This radial correction is approximate, and is only rigorous for the case where bi = bj.
------------
Exponents:
CT4(0)     1.983284
HT4(0)     2.284224
HT2(0)     2.169519
CT2(0)     2.261214
------------
Monomer 1 Multipole File:
ethane_ISA-GRID_L2.mom
Monomer 2 Multipole File:
methane_ISA-GRID_L2.mom
--------------------------------------------
Exchange Parameters:
    Functional Form = 
	E(exch)_ij = A*K2(rij)*(1 + a_yml*Y_ml)*exp(-bij*rij)
    where the a coefficient for each spherical harmonic term Y_ml
    is listed in the parameters below and 
	K2(rij) = 1/3*(bij*rij)**2 + bij*rij + 1 
Fitted Atomtypes 
  None
Constrained Atomtypes 
               A        
CT4(0)        2.302355
               A        
HT4(0)        0.643486
               A        
HT2(0)        0.588406
               A        
CT2(0)        3.214042
------------
Exchange RMS Error: 5.45622e-04
Exchange Weighted RMS Error: 5.45622e-04
Exchange Weighted Absolute Error: -5.45563e-06
Exchange Weighted Least-Squares Error: 3.45683e-06
--------------------------------------------
Electrostatic Parameters:
    Functional Form = 
	E(elst)_ij = f_damp*qi*qj/rij - A*K2(rij)*(1 + a_yml*Y_ml)*exp(-bij*rij)
Fitted Atomtypes 
  None
Constrained Atomtypes 
               A        
CT4(0)        1.554263
               A        
HT4(0)        0.298062
               A        
HT2(0)        0.290517
               A        
CT2(0)        2.165359
------------
Electrostatics RMS Error: 1.96115e-04
Electrostatics Weighted RMS Error: 1.96115e-04
Electrostatics Weighted Absolute Error: 1.71153e-05
Electrostatics Weighted Least-Squares Error: 3.27184e-05
--------------------------------------------
Drude oscillator energy has been calculated using the following method: multipole-gradient
Induction Parameters:
    Functional Form = 
	E(ind)_ij = shell_charge - A*K2(rij)*(1 + a_yml*Y_ml)*exp(-bij*rij)
Fitted Atomtypes 
  None
Constrained Atomtypes 
               A        
CT4(0)        0.056831
               A        
HT4(0)        0.149836
               A        
HT2(0)        0.110461
               A        
CT2(0)        0.292338
------------
Induction RMS Error: 5.24465e-05
Induction Weighted RMS Error: 5.24465e-05
Induction Weighted Absolute Error: 1.01197e-05
Induction Weighted Least-Squares Error: 1.43429e-06
--------------------------------------------
DHF Parameters:
    Functional Form = 
	E(dhf)_ij = - A*K2(rij)*(1 + a_yml*Y_ml)*exp(-bij*rij)
Fitted Atomtypes 
  None
Constrained Atomtypes 
               A        
CT4(0)        0.102273
               A        
HT4(0)        0.226053
               A        
HT2(0)        0.200338
               A        
CT2(0)        0.090473
------------
Dhf RMS Error: 4.21089e-05
Dhf Weighted RMS Error: 4.21089e-05
Dhf Weighted Absolute Error: 7.14214e-06
Dhf Weighted Least-Squares Error: 1.08510e-06
--------------------------------------------
Dispersion Parameters:
    Functional Form = 
	E(disp)_ij = sum_(n=6,8,10,12){A*fdamp_n*(Cij_n/r_ij^n)}
               C6              C8             C10             C12       
CT4          4.847096       18.798288       63.256519      202.859856
HT4          1.498389        6.488268       33.240608        0.000000
HT2          1.498389        6.488268       33.240608        0.000000
CT2          4.847096       18.798288       63.256519      202.859856
Fitted Atomtypes 
  None
Constrained Atomtypes 
               A        
CT4(0)        1.017087
               A        
HT4(0)        1.016115
               A        
HT2(0)        1.212991
               A        
CT2(0)        0.700000
------------
Dispersion RMS Error: 1.08389e-04
Dispersion Weighted RMS Error: 1.08389e-04
Dispersion Weighted Absolute Error: 2.94122e-05
Dispersion Weighted Least-Squares Error: 9.91976e-06
--------------------------------------------
Total Energy:
------------
Total Energy RMS Error: 3.82743e-04
Total Energy Weighted RMS Error: 3.82743e-04
Total Energy Weighted Absolute Error: 5.83337e-05
Total Energy Weighted Least-Squares Error: 2.59034e-05
--------------------------------------------
#########################################################################


